[2024-04-21T14:36:09.313+0000] {processor.py:161} INFO - Started process (PID=2783) to work on /opt/airflow/dags/api_dag.py
[2024-04-21T14:36:09.315+0000] {processor.py:830} INFO - Processing file /opt/airflow/dags/api_dag.py for tasks to queue
[2024-04-21T14:36:09.320+0000] {logging_mixin.py:188} INFO - [2024-04-21T14:36:09.319+0000] {dagbag.py:540} INFO - Filling up the DagBag from /opt/airflow/dags/api_dag.py
[2024-04-21T14:36:09.443+0000] {processor.py:840} INFO - DAG(s) 'api_dag' retrieved from /opt/airflow/dags/api_dag.py
[2024-04-21T14:36:09.716+0000] {logging_mixin.py:188} INFO - [2024-04-21T14:36:09.715+0000] {override.py:1829} INFO - Created Permission View: can read on DAG:api_dag
[2024-04-21T14:36:09.721+0000] {logging_mixin.py:188} INFO - [2024-04-21T14:36:09.721+0000] {override.py:1829} INFO - Created Permission View: can delete on DAG:api_dag
[2024-04-21T14:36:09.727+0000] {logging_mixin.py:188} INFO - [2024-04-21T14:36:09.727+0000] {override.py:1829} INFO - Created Permission View: can edit on DAG:api_dag
[2024-04-21T14:36:09.727+0000] {logging_mixin.py:188} INFO - [2024-04-21T14:36:09.727+0000] {dag.py:3096} INFO - Sync 1 DAGs
[2024-04-21T14:36:09.739+0000] {logging_mixin.py:188} INFO - [2024-04-21T14:36:09.739+0000] {dag.py:3118} INFO - Creating ORM DAG for api_dag
[2024-04-21T14:36:09.751+0000] {logging_mixin.py:188} INFO - [2024-04-21T14:36:09.751+0000] {dag.py:3954} INFO - Setting next_dagrun for api_dag to 2024-04-21 00:00:00+00:00, run_after=2024-04-22 00:00:00+00:00
[2024-04-21T14:36:09.760+0000] {processor.py:183} INFO - Processing /opt/airflow/dags/api_dag.py took 0.455 seconds
[2024-04-21T14:36:39.937+0000] {processor.py:161} INFO - Started process (PID=3052) to work on /opt/airflow/dags/api_dag.py
[2024-04-21T14:36:39.939+0000] {processor.py:830} INFO - Processing file /opt/airflow/dags/api_dag.py for tasks to queue
[2024-04-21T14:36:39.941+0000] {logging_mixin.py:188} INFO - [2024-04-21T14:36:39.941+0000] {dagbag.py:540} INFO - Filling up the DagBag from /opt/airflow/dags/api_dag.py
[2024-04-21T14:36:39.950+0000] {processor.py:840} INFO - DAG(s) 'api_dag' retrieved from /opt/airflow/dags/api_dag.py
[2024-04-21T14:36:39.967+0000] {logging_mixin.py:188} INFO - [2024-04-21T14:36:39.967+0000] {dag.py:3096} INFO - Sync 1 DAGs
[2024-04-21T14:36:39.980+0000] {logging_mixin.py:188} INFO - [2024-04-21T14:36:39.980+0000] {dag.py:3954} INFO - Setting next_dagrun for api_dag to 2024-04-21 00:00:00+00:00, run_after=2024-04-22 00:00:00+00:00
[2024-04-21T14:36:39.989+0000] {processor.py:183} INFO - Processing /opt/airflow/dags/api_dag.py took 0.059 seconds
[2024-04-21T14:37:10.195+0000] {processor.py:161} INFO - Started process (PID=3319) to work on /opt/airflow/dags/api_dag.py
[2024-04-21T14:37:10.196+0000] {processor.py:830} INFO - Processing file /opt/airflow/dags/api_dag.py for tasks to queue
[2024-04-21T14:37:10.198+0000] {logging_mixin.py:188} INFO - [2024-04-21T14:37:10.197+0000] {dagbag.py:540} INFO - Filling up the DagBag from /opt/airflow/dags/api_dag.py
[2024-04-21T14:37:10.205+0000] {processor.py:840} INFO - DAG(s) 'api_dag' retrieved from /opt/airflow/dags/api_dag.py
[2024-04-21T14:37:10.220+0000] {logging_mixin.py:188} INFO - [2024-04-21T14:37:10.220+0000] {dag.py:3096} INFO - Sync 1 DAGs
[2024-04-21T14:37:10.231+0000] {logging_mixin.py:188} INFO - [2024-04-21T14:37:10.231+0000] {dag.py:3954} INFO - Setting next_dagrun for api_dag to 2024-04-21 00:00:00+00:00, run_after=2024-04-22 00:00:00+00:00
[2024-04-21T14:37:10.238+0000] {processor.py:183} INFO - Processing /opt/airflow/dags/api_dag.py took 0.050 seconds
[2024-04-21T14:37:40.310+0000] {processor.py:161} INFO - Started process (PID=3586) to work on /opt/airflow/dags/api_dag.py
[2024-04-21T14:37:40.311+0000] {processor.py:830} INFO - Processing file /opt/airflow/dags/api_dag.py for tasks to queue
[2024-04-21T14:37:40.314+0000] {logging_mixin.py:188} INFO - [2024-04-21T14:37:40.313+0000] {dagbag.py:540} INFO - Filling up the DagBag from /opt/airflow/dags/api_dag.py
[2024-04-21T14:37:40.324+0000] {processor.py:840} INFO - DAG(s) 'api_dag' retrieved from /opt/airflow/dags/api_dag.py
[2024-04-21T14:37:40.341+0000] {logging_mixin.py:188} INFO - [2024-04-21T14:37:40.341+0000] {dag.py:3096} INFO - Sync 1 DAGs
[2024-04-21T14:37:40.353+0000] {logging_mixin.py:188} INFO - [2024-04-21T14:37:40.353+0000] {dag.py:3954} INFO - Setting next_dagrun for api_dag to 2024-04-21 00:00:00+00:00, run_after=2024-04-22 00:00:00+00:00
[2024-04-21T14:37:40.361+0000] {processor.py:183} INFO - Processing /opt/airflow/dags/api_dag.py took 0.059 seconds
[2024-04-21T14:53:47.095+0000] {processor.py:161} INFO - Started process (PID=3855) to work on /opt/airflow/dags/api_dag.py
[2024-04-21T14:53:47.095+0000] {processor.py:830} INFO - Processing file /opt/airflow/dags/api_dag.py for tasks to queue
[2024-04-21T14:53:47.097+0000] {logging_mixin.py:188} INFO - [2024-04-21T14:53:47.096+0000] {dagbag.py:540} INFO - Filling up the DagBag from /opt/airflow/dags/api_dag.py
[2024-04-21T14:53:47.103+0000] {processor.py:840} INFO - DAG(s) 'api_dag' retrieved from /opt/airflow/dags/api_dag.py
[2024-04-21T14:53:47.116+0000] {logging_mixin.py:188} INFO - [2024-04-21T14:53:47.116+0000] {dag.py:3096} INFO - Sync 1 DAGs
[2024-04-21T14:53:47.126+0000] {logging_mixin.py:188} INFO - [2024-04-21T14:53:47.126+0000] {dag.py:3954} INFO - Setting next_dagrun for api_dag to 2024-04-21 00:00:00+00:00, run_after=2024-04-22 00:00:00+00:00
[2024-04-21T14:53:47.134+0000] {processor.py:183} INFO - Processing /opt/airflow/dags/api_dag.py took 0.043 seconds
[2024-04-21T14:54:17.828+0000] {processor.py:161} INFO - Started process (PID=4122) to work on /opt/airflow/dags/api_dag.py
[2024-04-21T14:54:17.829+0000] {processor.py:830} INFO - Processing file /opt/airflow/dags/api_dag.py for tasks to queue
[2024-04-21T14:54:17.831+0000] {logging_mixin.py:188} INFO - [2024-04-21T14:54:17.830+0000] {dagbag.py:540} INFO - Filling up the DagBag from /opt/airflow/dags/api_dag.py
[2024-04-21T14:54:17.840+0000] {processor.py:840} INFO - DAG(s) 'api_dag' retrieved from /opt/airflow/dags/api_dag.py
[2024-04-21T14:54:17.856+0000] {logging_mixin.py:188} INFO - [2024-04-21T14:54:17.856+0000] {dag.py:3096} INFO - Sync 1 DAGs
[2024-04-21T14:54:17.868+0000] {logging_mixin.py:188} INFO - [2024-04-21T14:54:17.868+0000] {dag.py:3954} INFO - Setting next_dagrun for api_dag to 2024-04-21 00:00:00+00:00, run_after=2024-04-22 00:00:00+00:00
[2024-04-21T14:54:17.875+0000] {processor.py:183} INFO - Processing /opt/airflow/dags/api_dag.py took 0.053 seconds
[2024-04-21T14:54:47.950+0000] {processor.py:161} INFO - Started process (PID=4389) to work on /opt/airflow/dags/api_dag.py
[2024-04-21T14:54:47.958+0000] {processor.py:830} INFO - Processing file /opt/airflow/dags/api_dag.py for tasks to queue
[2024-04-21T14:54:47.959+0000] {logging_mixin.py:188} INFO - [2024-04-21T14:54:47.959+0000] {dagbag.py:540} INFO - Filling up the DagBag from /opt/airflow/dags/api_dag.py
[2024-04-21T14:54:47.964+0000] {processor.py:840} INFO - DAG(s) 'api_dag' retrieved from /opt/airflow/dags/api_dag.py
[2024-04-21T14:54:47.978+0000] {logging_mixin.py:188} INFO - [2024-04-21T14:54:47.977+0000] {dag.py:3096} INFO - Sync 1 DAGs
[2024-04-21T14:54:47.987+0000] {logging_mixin.py:188} INFO - [2024-04-21T14:54:47.987+0000] {dag.py:3954} INFO - Setting next_dagrun for api_dag to 2024-04-21 00:00:00+00:00, run_after=2024-04-22 00:00:00+00:00
[2024-04-21T14:54:47.994+0000] {processor.py:183} INFO - Processing /opt/airflow/dags/api_dag.py took 0.048 seconds
[2024-04-21T14:55:18.959+0000] {processor.py:161} INFO - Started process (PID=4656) to work on /opt/airflow/dags/api_dag.py
[2024-04-21T14:55:18.961+0000] {processor.py:830} INFO - Processing file /opt/airflow/dags/api_dag.py for tasks to queue
[2024-04-21T14:55:18.963+0000] {logging_mixin.py:188} INFO - [2024-04-21T14:55:18.963+0000] {dagbag.py:540} INFO - Filling up the DagBag from /opt/airflow/dags/api_dag.py
[2024-04-21T14:55:18.972+0000] {processor.py:840} INFO - DAG(s) 'api_dag' retrieved from /opt/airflow/dags/api_dag.py
[2024-04-21T14:55:18.990+0000] {logging_mixin.py:188} INFO - [2024-04-21T14:55:18.989+0000] {dag.py:3096} INFO - Sync 1 DAGs
[2024-04-21T14:55:19.002+0000] {logging_mixin.py:188} INFO - [2024-04-21T14:55:19.002+0000] {dag.py:3954} INFO - Setting next_dagrun for api_dag to 2024-04-21 00:00:00+00:00, run_after=2024-04-22 00:00:00+00:00
[2024-04-21T14:55:19.010+0000] {processor.py:183} INFO - Processing /opt/airflow/dags/api_dag.py took 0.057 seconds
[2024-04-21T14:55:49.799+0000] {processor.py:161} INFO - Started process (PID=4923) to work on /opt/airflow/dags/api_dag.py
[2024-04-21T14:55:49.800+0000] {processor.py:830} INFO - Processing file /opt/airflow/dags/api_dag.py for tasks to queue
[2024-04-21T14:55:49.802+0000] {logging_mixin.py:188} INFO - [2024-04-21T14:55:49.802+0000] {dagbag.py:540} INFO - Filling up the DagBag from /opt/airflow/dags/api_dag.py
[2024-04-21T14:55:49.813+0000] {processor.py:840} INFO - DAG(s) 'api_dag' retrieved from /opt/airflow/dags/api_dag.py
[2024-04-21T14:55:49.830+0000] {logging_mixin.py:188} INFO - [2024-04-21T14:55:49.830+0000] {dag.py:3096} INFO - Sync 1 DAGs
[2024-04-21T14:55:49.842+0000] {logging_mixin.py:188} INFO - [2024-04-21T14:55:49.842+0000] {dag.py:3954} INFO - Setting next_dagrun for api_dag to 2024-04-21 00:00:00+00:00, run_after=2024-04-22 00:00:00+00:00
[2024-04-21T14:55:49.850+0000] {processor.py:183} INFO - Processing /opt/airflow/dags/api_dag.py took 0.059 seconds
[2024-04-21T14:56:20.607+0000] {processor.py:161} INFO - Started process (PID=5190) to work on /opt/airflow/dags/api_dag.py
[2024-04-21T14:56:20.608+0000] {processor.py:830} INFO - Processing file /opt/airflow/dags/api_dag.py for tasks to queue
[2024-04-21T14:56:20.610+0000] {logging_mixin.py:188} INFO - [2024-04-21T14:56:20.609+0000] {dagbag.py:540} INFO - Filling up the DagBag from /opt/airflow/dags/api_dag.py
[2024-04-21T14:56:20.618+0000] {processor.py:840} INFO - DAG(s) 'api_dag' retrieved from /opt/airflow/dags/api_dag.py
[2024-04-21T14:56:20.636+0000] {logging_mixin.py:188} INFO - [2024-04-21T14:56:20.636+0000] {dag.py:3096} INFO - Sync 1 DAGs
[2024-04-21T14:56:20.648+0000] {logging_mixin.py:188} INFO - [2024-04-21T14:56:20.648+0000] {dag.py:3954} INFO - Setting next_dagrun for api_dag to 2024-04-21 00:00:00+00:00, run_after=2024-04-22 00:00:00+00:00
[2024-04-21T14:56:20.657+0000] {processor.py:183} INFO - Processing /opt/airflow/dags/api_dag.py took 0.057 seconds
[2024-04-21T14:56:51.430+0000] {processor.py:161} INFO - Started process (PID=5457) to work on /opt/airflow/dags/api_dag.py
[2024-04-21T14:56:51.431+0000] {processor.py:830} INFO - Processing file /opt/airflow/dags/api_dag.py for tasks to queue
[2024-04-21T14:56:51.433+0000] {logging_mixin.py:188} INFO - [2024-04-21T14:56:51.432+0000] {dagbag.py:540} INFO - Filling up the DagBag from /opt/airflow/dags/api_dag.py
[2024-04-21T14:56:51.443+0000] {processor.py:840} INFO - DAG(s) 'api_dag' retrieved from /opt/airflow/dags/api_dag.py
[2024-04-21T14:56:51.468+0000] {logging_mixin.py:188} INFO - [2024-04-21T14:56:51.467+0000] {dag.py:3096} INFO - Sync 1 DAGs
[2024-04-21T14:56:51.481+0000] {logging_mixin.py:188} INFO - [2024-04-21T14:56:51.481+0000] {dag.py:3954} INFO - Setting next_dagrun for api_dag to 2024-04-21 00:00:00+00:00, run_after=2024-04-22 00:00:00+00:00
[2024-04-21T14:56:51.491+0000] {processor.py:183} INFO - Processing /opt/airflow/dags/api_dag.py took 0.070 seconds
[2024-04-21T14:57:21.547+0000] {processor.py:161} INFO - Started process (PID=5724) to work on /opt/airflow/dags/api_dag.py
[2024-04-21T14:57:21.548+0000] {processor.py:830} INFO - Processing file /opt/airflow/dags/api_dag.py for tasks to queue
[2024-04-21T14:57:21.550+0000] {logging_mixin.py:188} INFO - [2024-04-21T14:57:21.550+0000] {dagbag.py:540} INFO - Filling up the DagBag from /opt/airflow/dags/api_dag.py
[2024-04-21T14:57:21.561+0000] {processor.py:840} INFO - DAG(s) 'api_dag' retrieved from /opt/airflow/dags/api_dag.py
[2024-04-21T14:57:21.580+0000] {logging_mixin.py:188} INFO - [2024-04-21T14:57:21.580+0000] {dag.py:3096} INFO - Sync 1 DAGs
[2024-04-21T14:57:21.592+0000] {logging_mixin.py:188} INFO - [2024-04-21T14:57:21.592+0000] {dag.py:3954} INFO - Setting next_dagrun for api_dag to 2024-04-21 00:00:00+00:00, run_after=2024-04-22 00:00:00+00:00
[2024-04-21T14:57:21.600+0000] {processor.py:183} INFO - Processing /opt/airflow/dags/api_dag.py took 0.061 seconds
[2024-04-21T14:57:51.743+0000] {processor.py:161} INFO - Started process (PID=6000) to work on /opt/airflow/dags/api_dag.py
[2024-04-21T14:57:51.744+0000] {processor.py:830} INFO - Processing file /opt/airflow/dags/api_dag.py for tasks to queue
[2024-04-21T14:57:51.748+0000] {logging_mixin.py:188} INFO - [2024-04-21T14:57:51.747+0000] {dagbag.py:540} INFO - Filling up the DagBag from /opt/airflow/dags/api_dag.py
[2024-04-21T14:57:51.760+0000] {processor.py:840} INFO - DAG(s) 'api_dag' retrieved from /opt/airflow/dags/api_dag.py
[2024-04-21T14:57:51.780+0000] {logging_mixin.py:188} INFO - [2024-04-21T14:57:51.780+0000] {dag.py:3096} INFO - Sync 1 DAGs
[2024-04-21T14:57:51.795+0000] {logging_mixin.py:188} INFO - [2024-04-21T14:57:51.795+0000] {dag.py:3954} INFO - Setting next_dagrun for api_dag to 2024-04-21 00:00:00+00:00, run_after=2024-04-22 00:00:00+00:00
[2024-04-21T14:57:51.804+0000] {processor.py:183} INFO - Processing /opt/airflow/dags/api_dag.py took 0.070 seconds
[2024-04-21T14:58:22.619+0000] {processor.py:161} INFO - Started process (PID=6266) to work on /opt/airflow/dags/api_dag.py
[2024-04-21T14:58:22.620+0000] {processor.py:830} INFO - Processing file /opt/airflow/dags/api_dag.py for tasks to queue
[2024-04-21T14:58:22.621+0000] {logging_mixin.py:188} INFO - [2024-04-21T14:58:22.621+0000] {dagbag.py:540} INFO - Filling up the DagBag from /opt/airflow/dags/api_dag.py
[2024-04-21T14:58:22.628+0000] {processor.py:840} INFO - DAG(s) 'api_dag' retrieved from /opt/airflow/dags/api_dag.py
[2024-04-21T14:58:22.645+0000] {logging_mixin.py:188} INFO - [2024-04-21T14:58:22.644+0000] {dag.py:3096} INFO - Sync 1 DAGs
[2024-04-21T14:58:22.763+0000] {logging_mixin.py:188} INFO - [2024-04-21T14:58:22.763+0000] {dag.py:3954} INFO - Setting next_dagrun for api_dag to 2024-04-21 00:00:00+00:00, run_after=2024-04-22 00:00:00+00:00
[2024-04-21T14:58:22.780+0000] {processor.py:183} INFO - Processing /opt/airflow/dags/api_dag.py took 0.165 seconds
[2024-04-21T14:58:36.941+0000] {processor.py:161} INFO - Started process (PID=6527) to work on /opt/airflow/dags/api_dag.py
[2024-04-21T14:58:36.942+0000] {processor.py:830} INFO - Processing file /opt/airflow/dags/api_dag.py for tasks to queue
[2024-04-21T14:58:36.945+0000] {logging_mixin.py:188} INFO - [2024-04-21T14:58:36.944+0000] {dagbag.py:540} INFO - Filling up the DagBag from /opt/airflow/dags/api_dag.py
[2024-04-21T14:58:36.955+0000] {processor.py:840} INFO - DAG(s) 'api_dag' retrieved from /opt/airflow/dags/api_dag.py
[2024-04-21T14:58:36.974+0000] {logging_mixin.py:188} INFO - [2024-04-21T14:58:36.974+0000] {dag.py:3096} INFO - Sync 1 DAGs
[2024-04-21T14:58:37.076+0000] {logging_mixin.py:188} INFO - [2024-04-21T14:58:37.076+0000] {dag.py:3954} INFO - Setting next_dagrun for api_dag to 2024-04-21 00:00:00+00:00, run_after=2024-04-22 00:00:00+00:00
[2024-04-21T14:58:37.084+0000] {processor.py:183} INFO - Processing /opt/airflow/dags/api_dag.py took 0.151 seconds
[2024-04-21T14:58:38.976+0000] {processor.py:161} INFO - Started process (PID=6532) to work on /opt/airflow/dags/api_dag.py
[2024-04-21T14:58:38.977+0000] {processor.py:830} INFO - Processing file /opt/airflow/dags/api_dag.py for tasks to queue
[2024-04-21T14:58:38.981+0000] {logging_mixin.py:188} INFO - [2024-04-21T14:58:38.980+0000] {dagbag.py:540} INFO - Filling up the DagBag from /opt/airflow/dags/api_dag.py
[2024-04-21T14:58:38.994+0000] {processor.py:840} INFO - DAG(s) 'api_dag' retrieved from /opt/airflow/dags/api_dag.py
[2024-04-21T14:58:39.020+0000] {logging_mixin.py:188} INFO - [2024-04-21T14:58:39.020+0000] {dag.py:3096} INFO - Sync 1 DAGs
[2024-04-21T14:58:39.110+0000] {logging_mixin.py:188} INFO - [2024-04-21T14:58:39.110+0000] {dag.py:3954} INFO - Setting next_dagrun for api_dag to 2024-04-21 00:00:00+00:00, run_after=2024-04-22 00:00:00+00:00
[2024-04-21T14:58:39.118+0000] {processor.py:183} INFO - Processing /opt/airflow/dags/api_dag.py took 0.150 seconds
[2024-04-21T14:59:09.416+0000] {processor.py:161} INFO - Started process (PID=6802) to work on /opt/airflow/dags/api_dag.py
[2024-04-21T14:59:09.417+0000] {processor.py:830} INFO - Processing file /opt/airflow/dags/api_dag.py for tasks to queue
[2024-04-21T14:59:09.419+0000] {logging_mixin.py:188} INFO - [2024-04-21T14:59:09.419+0000] {dagbag.py:540} INFO - Filling up the DagBag from /opt/airflow/dags/api_dag.py
[2024-04-21T14:59:09.429+0000] {processor.py:840} INFO - DAG(s) 'api_dag' retrieved from /opt/airflow/dags/api_dag.py
[2024-04-21T14:59:09.449+0000] {logging_mixin.py:188} INFO - [2024-04-21T14:59:09.448+0000] {dag.py:3096} INFO - Sync 1 DAGs
[2024-04-21T14:59:09.543+0000] {logging_mixin.py:188} INFO - [2024-04-21T14:59:09.543+0000] {dag.py:3954} INFO - Setting next_dagrun for api_dag to 2024-04-21 00:00:00+00:00, run_after=2024-04-22 00:00:00+00:00
[2024-04-21T14:59:09.550+0000] {processor.py:183} INFO - Processing /opt/airflow/dags/api_dag.py took 0.141 seconds
[2024-04-21T14:59:39.686+0000] {processor.py:161} INFO - Started process (PID=7071) to work on /opt/airflow/dags/api_dag.py
[2024-04-21T14:59:39.687+0000] {processor.py:830} INFO - Processing file /opt/airflow/dags/api_dag.py for tasks to queue
[2024-04-21T14:59:39.689+0000] {logging_mixin.py:188} INFO - [2024-04-21T14:59:39.689+0000] {dagbag.py:540} INFO - Filling up the DagBag from /opt/airflow/dags/api_dag.py
[2024-04-21T14:59:39.698+0000] {processor.py:840} INFO - DAG(s) 'api_dag' retrieved from /opt/airflow/dags/api_dag.py
[2024-04-21T14:59:39.718+0000] {logging_mixin.py:188} INFO - [2024-04-21T14:59:39.718+0000] {dag.py:3096} INFO - Sync 1 DAGs
[2024-04-21T14:59:39.728+0000] {logging_mixin.py:188} INFO - [2024-04-21T14:59:39.728+0000] {dag.py:3954} INFO - Setting next_dagrun for api_dag to 2024-04-21 00:00:00+00:00, run_after=2024-04-22 00:00:00+00:00
[2024-04-21T14:59:39.736+0000] {processor.py:183} INFO - Processing /opt/airflow/dags/api_dag.py took 0.057 seconds
[2024-04-21T15:00:10.542+0000] {processor.py:161} INFO - Started process (PID=7347) to work on /opt/airflow/dags/api_dag.py
[2024-04-21T15:00:10.543+0000] {processor.py:830} INFO - Processing file /opt/airflow/dags/api_dag.py for tasks to queue
[2024-04-21T15:00:10.545+0000] {logging_mixin.py:188} INFO - [2024-04-21T15:00:10.545+0000] {dagbag.py:540} INFO - Filling up the DagBag from /opt/airflow/dags/api_dag.py
[2024-04-21T15:00:10.554+0000] {processor.py:840} INFO - DAG(s) 'api_dag' retrieved from /opt/airflow/dags/api_dag.py
[2024-04-21T15:00:10.570+0000] {logging_mixin.py:188} INFO - [2024-04-21T15:00:10.570+0000] {dag.py:3096} INFO - Sync 1 DAGs
[2024-04-21T15:00:10.582+0000] {logging_mixin.py:188} INFO - [2024-04-21T15:00:10.582+0000] {dag.py:3954} INFO - Setting next_dagrun for api_dag to 2024-04-21 00:00:00+00:00, run_after=2024-04-22 00:00:00+00:00
[2024-04-21T15:00:10.589+0000] {processor.py:183} INFO - Processing /opt/airflow/dags/api_dag.py took 0.056 seconds
[2024-04-21T15:00:19.638+0000] {processor.py:161} INFO - Started process (PID=7359) to work on /opt/airflow/dags/api_dag.py
[2024-04-21T15:00:19.639+0000] {processor.py:830} INFO - Processing file /opt/airflow/dags/api_dag.py for tasks to queue
[2024-04-21T15:00:19.641+0000] {logging_mixin.py:188} INFO - [2024-04-21T15:00:19.640+0000] {dagbag.py:540} INFO - Filling up the DagBag from /opt/airflow/dags/api_dag.py
[2024-04-21T15:00:19.654+0000] {processor.py:840} INFO - DAG(s) 'api_dag' retrieved from /opt/airflow/dags/api_dag.py
[2024-04-21T15:00:19.672+0000] {logging_mixin.py:188} INFO - [2024-04-21T15:00:19.672+0000] {dag.py:3096} INFO - Sync 1 DAGs
[2024-04-21T15:00:19.683+0000] {logging_mixin.py:188} INFO - [2024-04-21T15:00:19.683+0000] {dag.py:3954} INFO - Setting next_dagrun for api_dag to 2024-04-21 00:00:00+00:00, run_after=2024-04-22 00:00:00+00:00
[2024-04-21T15:00:19.690+0000] {processor.py:183} INFO - Processing /opt/airflow/dags/api_dag.py took 0.061 seconds
[2024-04-21T15:00:20.676+0000] {processor.py:161} INFO - Started process (PID=7364) to work on /opt/airflow/dags/api_dag.py
[2024-04-21T15:00:20.676+0000] {processor.py:830} INFO - Processing file /opt/airflow/dags/api_dag.py for tasks to queue
[2024-04-21T15:00:20.678+0000] {logging_mixin.py:188} INFO - [2024-04-21T15:00:20.678+0000] {dagbag.py:540} INFO - Filling up the DagBag from /opt/airflow/dags/api_dag.py
[2024-04-21T15:00:20.684+0000] {processor.py:840} INFO - DAG(s) 'api_dag' retrieved from /opt/airflow/dags/api_dag.py
[2024-04-21T15:00:20.696+0000] {logging_mixin.py:188} INFO - [2024-04-21T15:00:20.696+0000] {dag.py:3096} INFO - Sync 1 DAGs
[2024-04-21T15:00:20.706+0000] {logging_mixin.py:188} INFO - [2024-04-21T15:00:20.706+0000] {dag.py:3954} INFO - Setting next_dagrun for api_dag to 2024-04-21 00:00:00+00:00, run_after=2024-04-22 00:00:00+00:00
[2024-04-21T15:00:20.713+0000] {processor.py:183} INFO - Processing /opt/airflow/dags/api_dag.py took 0.041 seconds
[2024-04-21T15:00:25.972+0000] {processor.py:161} INFO - Started process (PID=7399) to work on /opt/airflow/dags/api_dag.py
[2024-04-21T15:00:25.973+0000] {processor.py:830} INFO - Processing file /opt/airflow/dags/api_dag.py for tasks to queue
[2024-04-21T15:00:25.976+0000] {logging_mixin.py:188} INFO - [2024-04-21T15:00:25.976+0000] {dagbag.py:540} INFO - Filling up the DagBag from /opt/airflow/dags/api_dag.py
[2024-04-21T15:00:25.988+0000] {processor.py:840} INFO - DAG(s) 'api_dag' retrieved from /opt/airflow/dags/api_dag.py
[2024-04-21T15:00:26.004+0000] {logging_mixin.py:188} INFO - [2024-04-21T15:00:26.004+0000] {dag.py:3096} INFO - Sync 1 DAGs
[2024-04-21T15:00:26.016+0000] {logging_mixin.py:188} INFO - [2024-04-21T15:00:26.016+0000] {dag.py:3954} INFO - Setting next_dagrun for api_dag to 2024-04-21 00:00:00+00:00, run_after=2024-04-22 00:00:00+00:00
[2024-04-21T15:00:26.024+0000] {processor.py:183} INFO - Processing /opt/airflow/dags/api_dag.py took 0.060 seconds
[2024-04-21T15:00:30.328+0000] {processor.py:161} INFO - Started process (PID=7624) to work on /opt/airflow/dags/api_dag.py
[2024-04-21T15:00:30.329+0000] {processor.py:830} INFO - Processing file /opt/airflow/dags/api_dag.py for tasks to queue
[2024-04-21T15:00:30.332+0000] {logging_mixin.py:188} INFO - [2024-04-21T15:00:30.331+0000] {dagbag.py:540} INFO - Filling up the DagBag from /opt/airflow/dags/api_dag.py
[2024-04-21T15:00:30.344+0000] {processor.py:840} INFO - DAG(s) 'api_dag' retrieved from /opt/airflow/dags/api_dag.py
[2024-04-21T15:00:30.364+0000] {logging_mixin.py:188} INFO - [2024-04-21T15:00:30.364+0000] {dag.py:3096} INFO - Sync 1 DAGs
[2024-04-21T15:00:30.376+0000] {logging_mixin.py:188} INFO - [2024-04-21T15:00:30.376+0000] {dag.py:3954} INFO - Setting next_dagrun for api_dag to 2024-04-21 00:00:00+00:00, run_after=2024-04-22 00:00:00+00:00
[2024-04-21T15:00:30.384+0000] {processor.py:183} INFO - Processing /opt/airflow/dags/api_dag.py took 0.065 seconds
[2024-04-21T15:01:01.388+0000] {processor.py:161} INFO - Started process (PID=7891) to work on /opt/airflow/dags/api_dag.py
[2024-04-21T15:01:01.390+0000] {processor.py:830} INFO - Processing file /opt/airflow/dags/api_dag.py for tasks to queue
[2024-04-21T15:01:01.393+0000] {logging_mixin.py:188} INFO - [2024-04-21T15:01:01.392+0000] {dagbag.py:540} INFO - Filling up the DagBag from /opt/airflow/dags/api_dag.py
[2024-04-21T15:01:01.403+0000] {processor.py:840} INFO - DAG(s) 'api_dag' retrieved from /opt/airflow/dags/api_dag.py
[2024-04-21T15:01:01.425+0000] {logging_mixin.py:188} INFO - [2024-04-21T15:01:01.424+0000] {dag.py:3096} INFO - Sync 1 DAGs
[2024-04-21T15:01:01.438+0000] {logging_mixin.py:188} INFO - [2024-04-21T15:01:01.438+0000] {dag.py:3954} INFO - Setting next_dagrun for api_dag to 2024-04-21 00:00:00+00:00, run_after=2024-04-22 00:00:00+00:00
[2024-04-21T15:01:01.449+0000] {processor.py:183} INFO - Processing /opt/airflow/dags/api_dag.py took 0.070 seconds
[2024-04-21T15:01:31.621+0000] {processor.py:161} INFO - Started process (PID=8158) to work on /opt/airflow/dags/api_dag.py
[2024-04-21T15:01:31.622+0000] {processor.py:830} INFO - Processing file /opt/airflow/dags/api_dag.py for tasks to queue
[2024-04-21T15:01:31.624+0000] {logging_mixin.py:188} INFO - [2024-04-21T15:01:31.624+0000] {dagbag.py:540} INFO - Filling up the DagBag from /opt/airflow/dags/api_dag.py
[2024-04-21T15:01:31.633+0000] {processor.py:840} INFO - DAG(s) 'api_dag' retrieved from /opt/airflow/dags/api_dag.py
[2024-04-21T15:01:31.650+0000] {logging_mixin.py:188} INFO - [2024-04-21T15:01:31.650+0000] {dag.py:3096} INFO - Sync 1 DAGs
[2024-04-21T15:01:31.662+0000] {logging_mixin.py:188} INFO - [2024-04-21T15:01:31.662+0000] {dag.py:3954} INFO - Setting next_dagrun for api_dag to 2024-04-21 00:00:00+00:00, run_after=2024-04-22 00:00:00+00:00
[2024-04-21T15:01:31.669+0000] {processor.py:183} INFO - Processing /opt/airflow/dags/api_dag.py took 0.055 seconds
[2024-04-21T15:01:33.706+0000] {processor.py:161} INFO - Started process (PID=8169) to work on /opt/airflow/dags/api_dag.py
[2024-04-21T15:01:33.707+0000] {processor.py:830} INFO - Processing file /opt/airflow/dags/api_dag.py for tasks to queue
[2024-04-21T15:01:33.708+0000] {logging_mixin.py:188} INFO - [2024-04-21T15:01:33.708+0000] {dagbag.py:540} INFO - Filling up the DagBag from /opt/airflow/dags/api_dag.py
[2024-04-21T15:01:33.717+0000] {processor.py:840} INFO - DAG(s) 'api_dag' retrieved from /opt/airflow/dags/api_dag.py
[2024-04-21T15:01:33.768+0000] {logging_mixin.py:188} INFO - [2024-04-21T15:01:33.768+0000] {dag.py:3096} INFO - Sync 1 DAGs
[2024-04-21T15:01:33.777+0000] {logging_mixin.py:188} INFO - [2024-04-21T15:01:33.777+0000] {dag.py:3954} INFO - Setting next_dagrun for api_dag to 2024-04-21 00:00:00+00:00, run_after=2024-04-22 00:00:00+00:00
[2024-04-21T15:01:33.787+0000] {processor.py:183} INFO - Processing /opt/airflow/dags/api_dag.py took 0.086 seconds
[2024-04-21T15:01:51.909+0000] {processor.py:161} INFO - Started process (PID=8180) to work on /opt/airflow/dags/api_dag.py
[2024-04-21T15:01:51.910+0000] {processor.py:830} INFO - Processing file /opt/airflow/dags/api_dag.py for tasks to queue
[2024-04-21T15:01:51.913+0000] {logging_mixin.py:188} INFO - [2024-04-21T15:01:51.912+0000] {dagbag.py:540} INFO - Filling up the DagBag from /opt/airflow/dags/api_dag.py
[2024-04-21T15:01:51.927+0000] {processor.py:840} INFO - DAG(s) 'api_dag' retrieved from /opt/airflow/dags/api_dag.py
[2024-04-21T15:01:51.941+0000] {logging_mixin.py:188} INFO - [2024-04-21T15:01:51.941+0000] {dag.py:3096} INFO - Sync 1 DAGs
[2024-04-21T15:01:51.954+0000] {logging_mixin.py:188} INFO - [2024-04-21T15:01:51.954+0000] {dag.py:3954} INFO - Setting next_dagrun for api_dag to 2024-04-21 00:00:00+00:00, run_after=2024-04-22 00:00:00+00:00
[2024-04-21T15:01:51.963+0000] {processor.py:183} INFO - Processing /opt/airflow/dags/api_dag.py took 0.061 seconds
[2024-04-21T15:01:55.993+0000] {processor.py:161} INFO - Started process (PID=8185) to work on /opt/airflow/dags/api_dag.py
[2024-04-21T15:01:55.995+0000] {processor.py:830} INFO - Processing file /opt/airflow/dags/api_dag.py for tasks to queue
[2024-04-21T15:01:55.997+0000] {logging_mixin.py:188} INFO - [2024-04-21T15:01:55.997+0000] {dagbag.py:540} INFO - Filling up the DagBag from /opt/airflow/dags/api_dag.py
[2024-04-21T15:01:56.008+0000] {processor.py:840} INFO - DAG(s) 'api_dag' retrieved from /opt/airflow/dags/api_dag.py
[2024-04-21T15:01:56.023+0000] {logging_mixin.py:188} INFO - [2024-04-21T15:01:56.023+0000] {dag.py:3096} INFO - Sync 1 DAGs
[2024-04-21T15:01:56.038+0000] {logging_mixin.py:188} INFO - [2024-04-21T15:01:56.038+0000] {dag.py:3954} INFO - Setting next_dagrun for api_dag to 2024-04-21 00:00:00+00:00, run_after=2024-04-22 00:00:00+00:00
[2024-04-21T15:01:56.048+0000] {processor.py:183} INFO - Processing /opt/airflow/dags/api_dag.py took 0.063 seconds
[2024-04-21T15:02:26.915+0000] {processor.py:161} INFO - Started process (PID=8459) to work on /opt/airflow/dags/api_dag.py
[2024-04-21T15:02:26.917+0000] {processor.py:830} INFO - Processing file /opt/airflow/dags/api_dag.py for tasks to queue
[2024-04-21T15:02:26.920+0000] {logging_mixin.py:188} INFO - [2024-04-21T15:02:26.919+0000] {dagbag.py:540} INFO - Filling up the DagBag from /opt/airflow/dags/api_dag.py
[2024-04-21T15:02:26.928+0000] {processor.py:840} INFO - DAG(s) 'api_dag' retrieved from /opt/airflow/dags/api_dag.py
[2024-04-21T15:02:26.983+0000] {logging_mixin.py:188} INFO - [2024-04-21T15:02:26.983+0000] {dag.py:3096} INFO - Sync 1 DAGs
[2024-04-21T15:02:26.993+0000] {logging_mixin.py:188} INFO - [2024-04-21T15:02:26.993+0000] {dag.py:3954} INFO - Setting next_dagrun for api_dag to 2024-04-21 00:00:00+00:00, run_after=2024-04-22 00:00:00+00:00
[2024-04-21T15:02:27.000+0000] {processor.py:183} INFO - Processing /opt/airflow/dags/api_dag.py took 0.093 seconds
[2024-04-21T15:02:57.749+0000] {processor.py:161} INFO - Started process (PID=8735) to work on /opt/airflow/dags/api_dag.py
[2024-04-21T15:02:57.752+0000] {processor.py:830} INFO - Processing file /opt/airflow/dags/api_dag.py for tasks to queue
[2024-04-21T15:02:57.754+0000] {logging_mixin.py:188} INFO - [2024-04-21T15:02:57.754+0000] {dagbag.py:540} INFO - Filling up the DagBag from /opt/airflow/dags/api_dag.py
[2024-04-21T15:02:57.763+0000] {processor.py:840} INFO - DAG(s) 'api_dag' retrieved from /opt/airflow/dags/api_dag.py
[2024-04-21T15:02:57.779+0000] {logging_mixin.py:188} INFO - [2024-04-21T15:02:57.779+0000] {dag.py:3096} INFO - Sync 1 DAGs
[2024-04-21T15:02:57.791+0000] {logging_mixin.py:188} INFO - [2024-04-21T15:02:57.791+0000] {dag.py:3954} INFO - Setting next_dagrun for api_dag to 2024-04-21 00:00:00+00:00, run_after=2024-04-22 00:00:00+00:00
[2024-04-21T15:02:57.799+0000] {processor.py:183} INFO - Processing /opt/airflow/dags/api_dag.py took 0.058 seconds
[2024-04-21T15:03:28.638+0000] {processor.py:161} INFO - Started process (PID=9002) to work on /opt/airflow/dags/api_dag.py
[2024-04-21T15:03:28.640+0000] {processor.py:830} INFO - Processing file /opt/airflow/dags/api_dag.py for tasks to queue
[2024-04-21T15:03:28.643+0000] {logging_mixin.py:188} INFO - [2024-04-21T15:03:28.642+0000] {dagbag.py:540} INFO - Filling up the DagBag from /opt/airflow/dags/api_dag.py
[2024-04-21T15:03:28.653+0000] {processor.py:840} INFO - DAG(s) 'api_dag' retrieved from /opt/airflow/dags/api_dag.py
[2024-04-21T15:03:28.670+0000] {logging_mixin.py:188} INFO - [2024-04-21T15:03:28.670+0000] {dag.py:3096} INFO - Sync 1 DAGs
[2024-04-21T15:03:28.682+0000] {logging_mixin.py:188} INFO - [2024-04-21T15:03:28.682+0000] {dag.py:3954} INFO - Setting next_dagrun for api_dag to 2024-04-21 00:00:00+00:00, run_after=2024-04-22 00:00:00+00:00
[2024-04-21T15:03:28.690+0000] {processor.py:183} INFO - Processing /opt/airflow/dags/api_dag.py took 0.060 seconds
[2024-04-21T15:03:59.646+0000] {processor.py:161} INFO - Started process (PID=9269) to work on /opt/airflow/dags/api_dag.py
[2024-04-21T15:03:59.647+0000] {processor.py:830} INFO - Processing file /opt/airflow/dags/api_dag.py for tasks to queue
[2024-04-21T15:03:59.649+0000] {logging_mixin.py:188} INFO - [2024-04-21T15:03:59.649+0000] {dagbag.py:540} INFO - Filling up the DagBag from /opt/airflow/dags/api_dag.py
[2024-04-21T15:03:59.658+0000] {processor.py:840} INFO - DAG(s) 'api_dag' retrieved from /opt/airflow/dags/api_dag.py
[2024-04-21T15:03:59.674+0000] {logging_mixin.py:188} INFO - [2024-04-21T15:03:59.674+0000] {dag.py:3096} INFO - Sync 1 DAGs
[2024-04-21T15:03:59.687+0000] {logging_mixin.py:188} INFO - [2024-04-21T15:03:59.686+0000] {dag.py:3954} INFO - Setting next_dagrun for api_dag to 2024-04-21 00:00:00+00:00, run_after=2024-04-22 00:00:00+00:00
[2024-04-21T15:03:59.694+0000] {processor.py:183} INFO - Processing /opt/airflow/dags/api_dag.py took 0.056 seconds
[2024-04-21T15:04:30.476+0000] {processor.py:161} INFO - Started process (PID=9536) to work on /opt/airflow/dags/api_dag.py
[2024-04-21T15:04:30.477+0000] {processor.py:830} INFO - Processing file /opt/airflow/dags/api_dag.py for tasks to queue
[2024-04-21T15:04:30.480+0000] {logging_mixin.py:188} INFO - [2024-04-21T15:04:30.480+0000] {dagbag.py:540} INFO - Filling up the DagBag from /opt/airflow/dags/api_dag.py
[2024-04-21T15:04:30.488+0000] {processor.py:840} INFO - DAG(s) 'api_dag' retrieved from /opt/airflow/dags/api_dag.py
[2024-04-21T15:04:30.505+0000] {logging_mixin.py:188} INFO - [2024-04-21T15:04:30.505+0000] {dag.py:3096} INFO - Sync 1 DAGs
[2024-04-21T15:04:30.517+0000] {logging_mixin.py:188} INFO - [2024-04-21T15:04:30.517+0000] {dag.py:3954} INFO - Setting next_dagrun for api_dag to 2024-04-21 00:00:00+00:00, run_after=2024-04-22 00:00:00+00:00
[2024-04-21T15:04:30.525+0000] {processor.py:183} INFO - Processing /opt/airflow/dags/api_dag.py took 0.057 seconds
[2024-04-21T15:05:01.311+0000] {processor.py:161} INFO - Started process (PID=9802) to work on /opt/airflow/dags/api_dag.py
[2024-04-21T15:05:01.312+0000] {processor.py:830} INFO - Processing file /opt/airflow/dags/api_dag.py for tasks to queue
[2024-04-21T15:05:01.316+0000] {logging_mixin.py:188} INFO - [2024-04-21T15:05:01.315+0000] {dagbag.py:540} INFO - Filling up the DagBag from /opt/airflow/dags/api_dag.py
[2024-04-21T15:05:01.324+0000] {processor.py:840} INFO - DAG(s) 'api_dag' retrieved from /opt/airflow/dags/api_dag.py
[2024-04-21T15:05:01.340+0000] {logging_mixin.py:188} INFO - [2024-04-21T15:05:01.340+0000] {dag.py:3096} INFO - Sync 1 DAGs
[2024-04-21T15:05:01.352+0000] {logging_mixin.py:188} INFO - [2024-04-21T15:05:01.352+0000] {dag.py:3954} INFO - Setting next_dagrun for api_dag to 2024-04-21 00:00:00+00:00, run_after=2024-04-22 00:00:00+00:00
[2024-04-21T15:05:01.361+0000] {processor.py:183} INFO - Processing /opt/airflow/dags/api_dag.py took 0.056 seconds
[2024-04-21T15:05:32.206+0000] {processor.py:161} INFO - Started process (PID=10069) to work on /opt/airflow/dags/api_dag.py
[2024-04-21T15:05:32.207+0000] {processor.py:830} INFO - Processing file /opt/airflow/dags/api_dag.py for tasks to queue
[2024-04-21T15:05:32.209+0000] {logging_mixin.py:188} INFO - [2024-04-21T15:05:32.209+0000] {dagbag.py:540} INFO - Filling up the DagBag from /opt/airflow/dags/api_dag.py
[2024-04-21T15:05:32.217+0000] {processor.py:840} INFO - DAG(s) 'api_dag' retrieved from /opt/airflow/dags/api_dag.py
[2024-04-21T15:05:32.233+0000] {logging_mixin.py:188} INFO - [2024-04-21T15:05:32.233+0000] {dag.py:3096} INFO - Sync 1 DAGs
[2024-04-21T15:05:32.244+0000] {logging_mixin.py:188} INFO - [2024-04-21T15:05:32.244+0000] {dag.py:3954} INFO - Setting next_dagrun for api_dag to 2024-04-21 00:00:00+00:00, run_after=2024-04-22 00:00:00+00:00
[2024-04-21T15:05:32.253+0000] {processor.py:183} INFO - Processing /opt/airflow/dags/api_dag.py took 0.054 seconds
[2024-04-21T15:06:03.071+0000] {processor.py:161} INFO - Started process (PID=10336) to work on /opt/airflow/dags/api_dag.py
[2024-04-21T15:06:03.072+0000] {processor.py:830} INFO - Processing file /opt/airflow/dags/api_dag.py for tasks to queue
[2024-04-21T15:06:03.076+0000] {logging_mixin.py:188} INFO - [2024-04-21T15:06:03.075+0000] {dagbag.py:540} INFO - Filling up the DagBag from /opt/airflow/dags/api_dag.py
[2024-04-21T15:06:03.087+0000] {processor.py:840} INFO - DAG(s) 'api_dag' retrieved from /opt/airflow/dags/api_dag.py
[2024-04-21T15:06:03.106+0000] {logging_mixin.py:188} INFO - [2024-04-21T15:06:03.106+0000] {dag.py:3096} INFO - Sync 1 DAGs
[2024-04-21T15:06:03.117+0000] {logging_mixin.py:188} INFO - [2024-04-21T15:06:03.117+0000] {dag.py:3954} INFO - Setting next_dagrun for api_dag to 2024-04-21 00:00:00+00:00, run_after=2024-04-22 00:00:00+00:00
[2024-04-21T15:06:03.126+0000] {processor.py:183} INFO - Processing /opt/airflow/dags/api_dag.py took 0.063 seconds
[2024-04-21T15:06:33.950+0000] {processor.py:161} INFO - Started process (PID=10603) to work on /opt/airflow/dags/api_dag.py
[2024-04-21T15:06:33.951+0000] {processor.py:830} INFO - Processing file /opt/airflow/dags/api_dag.py for tasks to queue
[2024-04-21T15:06:33.953+0000] {logging_mixin.py:188} INFO - [2024-04-21T15:06:33.953+0000] {dagbag.py:540} INFO - Filling up the DagBag from /opt/airflow/dags/api_dag.py
[2024-04-21T15:06:33.962+0000] {processor.py:840} INFO - DAG(s) 'api_dag' retrieved from /opt/airflow/dags/api_dag.py
[2024-04-21T15:06:33.981+0000] {logging_mixin.py:188} INFO - [2024-04-21T15:06:33.980+0000] {dag.py:3096} INFO - Sync 1 DAGs
[2024-04-21T15:06:33.993+0000] {logging_mixin.py:188} INFO - [2024-04-21T15:06:33.993+0000] {dag.py:3954} INFO - Setting next_dagrun for api_dag to 2024-04-21 00:00:00+00:00, run_after=2024-04-22 00:00:00+00:00
[2024-04-21T15:06:34.001+0000] {processor.py:183} INFO - Processing /opt/airflow/dags/api_dag.py took 0.058 seconds
[2024-04-21T15:07:04.035+0000] {processor.py:161} INFO - Started process (PID=10870) to work on /opt/airflow/dags/api_dag.py
[2024-04-21T15:07:04.036+0000] {processor.py:830} INFO - Processing file /opt/airflow/dags/api_dag.py for tasks to queue
[2024-04-21T15:07:04.038+0000] {logging_mixin.py:188} INFO - [2024-04-21T15:07:04.037+0000] {dagbag.py:540} INFO - Filling up the DagBag from /opt/airflow/dags/api_dag.py
[2024-04-21T15:07:04.043+0000] {processor.py:840} INFO - DAG(s) 'api_dag' retrieved from /opt/airflow/dags/api_dag.py
[2024-04-21T15:07:04.058+0000] {logging_mixin.py:188} INFO - [2024-04-21T15:07:04.058+0000] {dag.py:3096} INFO - Sync 1 DAGs
[2024-04-21T15:07:04.069+0000] {logging_mixin.py:188} INFO - [2024-04-21T15:07:04.069+0000] {dag.py:3954} INFO - Setting next_dagrun for api_dag to 2024-04-21 00:00:00+00:00, run_after=2024-04-22 00:00:00+00:00
[2024-04-21T15:07:04.077+0000] {processor.py:183} INFO - Processing /opt/airflow/dags/api_dag.py took 0.047 seconds
[2024-04-21T15:07:10.752+0000] {processor.py:161} INFO - Started process (PID=11125) to work on /opt/airflow/dags/api_dag.py
[2024-04-21T15:07:10.753+0000] {processor.py:830} INFO - Processing file /opt/airflow/dags/api_dag.py for tasks to queue
[2024-04-21T15:07:10.755+0000] {logging_mixin.py:188} INFO - [2024-04-21T15:07:10.755+0000] {dagbag.py:540} INFO - Filling up the DagBag from /opt/airflow/dags/api_dag.py
[2024-04-21T15:07:10.767+0000] {processor.py:840} INFO - DAG(s) 'api_dag' retrieved from /opt/airflow/dags/api_dag.py
[2024-04-21T15:07:10.785+0000] {logging_mixin.py:188} INFO - [2024-04-21T15:07:10.785+0000] {dag.py:3096} INFO - Sync 1 DAGs
[2024-04-21T15:07:10.795+0000] {logging_mixin.py:188} INFO - [2024-04-21T15:07:10.795+0000] {dag.py:3954} INFO - Setting next_dagrun for api_dag to 2024-04-21 00:00:00+00:00, run_after=2024-04-22 00:00:00+00:00
[2024-04-21T15:07:10.803+0000] {processor.py:183} INFO - Processing /opt/airflow/dags/api_dag.py took 0.059 seconds
[2024-04-21T15:07:23.125+0000] {processor.py:161} INFO - Started process (PID=11142) to work on /opt/airflow/dags/api_dag.py
[2024-04-21T15:07:23.126+0000] {processor.py:830} INFO - Processing file /opt/airflow/dags/api_dag.py for tasks to queue
[2024-04-21T15:07:23.128+0000] {logging_mixin.py:188} INFO - [2024-04-21T15:07:23.128+0000] {dagbag.py:540} INFO - Filling up the DagBag from /opt/airflow/dags/api_dag.py
[2024-04-21T15:07:23.140+0000] {processor.py:840} INFO - DAG(s) 'api_dag' retrieved from /opt/airflow/dags/api_dag.py
[2024-04-21T15:07:23.161+0000] {logging_mixin.py:188} INFO - [2024-04-21T15:07:23.161+0000] {dag.py:3096} INFO - Sync 1 DAGs
[2024-04-21T15:07:23.172+0000] {logging_mixin.py:188} INFO - [2024-04-21T15:07:23.172+0000] {dag.py:3954} INFO - Setting next_dagrun for api_dag to 2024-04-21 00:00:00+00:00, run_after=2024-04-22 00:00:00+00:00
[2024-04-21T15:07:23.180+0000] {processor.py:183} INFO - Processing /opt/airflow/dags/api_dag.py took 0.063 seconds
[2024-04-21T15:07:24.156+0000] {processor.py:161} INFO - Started process (PID=11147) to work on /opt/airflow/dags/api_dag.py
[2024-04-21T15:07:24.157+0000] {processor.py:830} INFO - Processing file /opt/airflow/dags/api_dag.py for tasks to queue
[2024-04-21T15:07:24.159+0000] {logging_mixin.py:188} INFO - [2024-04-21T15:07:24.159+0000] {dagbag.py:540} INFO - Filling up the DagBag from /opt/airflow/dags/api_dag.py
[2024-04-21T15:07:24.171+0000] {processor.py:840} INFO - DAG(s) 'api_dag' retrieved from /opt/airflow/dags/api_dag.py
[2024-04-21T15:07:24.190+0000] {logging_mixin.py:188} INFO - [2024-04-21T15:07:24.190+0000] {dag.py:3096} INFO - Sync 1 DAGs
[2024-04-21T15:07:24.201+0000] {logging_mixin.py:188} INFO - [2024-04-21T15:07:24.201+0000] {dag.py:3954} INFO - Setting next_dagrun for api_dag to 2024-04-21 00:00:00+00:00, run_after=2024-04-22 00:00:00+00:00
[2024-04-21T15:07:24.209+0000] {processor.py:183} INFO - Processing /opt/airflow/dags/api_dag.py took 0.061 seconds
[2024-04-21T15:07:48.270+0000] {processor.py:161} INFO - Started process (PID=11426) to work on /opt/airflow/dags/api_dag.py
[2024-04-21T15:07:48.271+0000] {processor.py:830} INFO - Processing file /opt/airflow/dags/api_dag.py for tasks to queue
[2024-04-21T15:07:48.273+0000] {logging_mixin.py:188} INFO - [2024-04-21T15:07:48.273+0000] {dagbag.py:540} INFO - Filling up the DagBag from /opt/airflow/dags/api_dag.py
[2024-04-21T15:07:48.285+0000] {processor.py:840} INFO - DAG(s) 'api_dag' retrieved from /opt/airflow/dags/api_dag.py
[2024-04-21T15:07:48.305+0000] {logging_mixin.py:188} INFO - [2024-04-21T15:07:48.305+0000] {dag.py:3096} INFO - Sync 1 DAGs
[2024-04-21T15:07:48.316+0000] {logging_mixin.py:188} INFO - [2024-04-21T15:07:48.316+0000] {dag.py:3954} INFO - Setting next_dagrun for api_dag to 2024-04-21 00:00:00+00:00, run_after=2024-04-22 00:00:00+00:00
[2024-04-21T15:07:48.325+0000] {processor.py:183} INFO - Processing /opt/airflow/dags/api_dag.py took 0.062 seconds
[2024-04-21T15:08:05.681+0000] {processor.py:161} INFO - Started process (PID=11467) to work on /opt/airflow/dags/api_dag.py
[2024-04-21T15:08:05.683+0000] {processor.py:830} INFO - Processing file /opt/airflow/dags/api_dag.py for tasks to queue
[2024-04-21T15:08:05.685+0000] {logging_mixin.py:188} INFO - [2024-04-21T15:08:05.685+0000] {dagbag.py:540} INFO - Filling up the DagBag from /opt/airflow/dags/api_dag.py
[2024-04-21T15:08:05.695+0000] {processor.py:840} INFO - DAG(s) 'api_dag' retrieved from /opt/airflow/dags/api_dag.py
[2024-04-21T15:08:05.710+0000] {logging_mixin.py:188} INFO - [2024-04-21T15:08:05.710+0000] {dag.py:3096} INFO - Sync 1 DAGs
[2024-04-21T15:08:05.722+0000] {logging_mixin.py:188} INFO - [2024-04-21T15:08:05.722+0000] {dag.py:3954} INFO - Setting next_dagrun for api_dag to 2024-04-21 00:00:00+00:00, run_after=2024-04-22 00:00:00+00:00
[2024-04-21T15:08:05.730+0000] {processor.py:183} INFO - Processing /opt/airflow/dags/api_dag.py took 0.056 seconds
[2024-04-21T15:08:13.182+0000] {processor.py:161} INFO - Started process (PID=11692) to work on /opt/airflow/dags/api_dag.py
[2024-04-21T15:08:13.183+0000] {processor.py:830} INFO - Processing file /opt/airflow/dags/api_dag.py for tasks to queue
[2024-04-21T15:08:13.186+0000] {logging_mixin.py:188} INFO - [2024-04-21T15:08:13.185+0000] {dagbag.py:540} INFO - Filling up the DagBag from /opt/airflow/dags/api_dag.py
[2024-04-21T15:08:13.197+0000] {processor.py:840} INFO - DAG(s) 'api_dag' retrieved from /opt/airflow/dags/api_dag.py
[2024-04-21T15:08:13.214+0000] {logging_mixin.py:188} INFO - [2024-04-21T15:08:13.214+0000] {dag.py:3096} INFO - Sync 1 DAGs
[2024-04-21T15:08:13.226+0000] {logging_mixin.py:188} INFO - [2024-04-21T15:08:13.226+0000] {dag.py:3954} INFO - Setting next_dagrun for api_dag to 2024-04-21 00:00:00+00:00, run_after=2024-04-22 00:00:00+00:00
[2024-04-21T15:08:13.234+0000] {processor.py:183} INFO - Processing /opt/airflow/dags/api_dag.py took 0.060 seconds
[2024-04-21T15:08:14.256+0000] {processor.py:161} INFO - Started process (PID=11703) to work on /opt/airflow/dags/api_dag.py
[2024-04-21T15:08:14.256+0000] {processor.py:830} INFO - Processing file /opt/airflow/dags/api_dag.py for tasks to queue
[2024-04-21T15:08:14.258+0000] {logging_mixin.py:188} INFO - [2024-04-21T15:08:14.257+0000] {dagbag.py:540} INFO - Filling up the DagBag from /opt/airflow/dags/api_dag.py
[2024-04-21T15:08:14.266+0000] {processor.py:840} INFO - DAG(s) 'api_dag' retrieved from /opt/airflow/dags/api_dag.py
[2024-04-21T15:08:14.279+0000] {logging_mixin.py:188} INFO - [2024-04-21T15:08:14.279+0000] {dag.py:3096} INFO - Sync 1 DAGs
[2024-04-21T15:08:14.289+0000] {logging_mixin.py:188} INFO - [2024-04-21T15:08:14.289+0000] {dag.py:3954} INFO - Setting next_dagrun for api_dag to 2024-04-21 00:00:00+00:00, run_after=2024-04-22 00:00:00+00:00
[2024-04-21T15:08:14.297+0000] {processor.py:183} INFO - Processing /opt/airflow/dags/api_dag.py took 0.045 seconds
[2024-04-21T15:08:45.121+0000] {processor.py:161} INFO - Started process (PID=11979) to work on /opt/airflow/dags/api_dag.py
[2024-04-21T15:08:45.122+0000] {processor.py:830} INFO - Processing file /opt/airflow/dags/api_dag.py for tasks to queue
[2024-04-21T15:08:45.124+0000] {logging_mixin.py:188} INFO - [2024-04-21T15:08:45.124+0000] {dagbag.py:540} INFO - Filling up the DagBag from /opt/airflow/dags/api_dag.py
[2024-04-21T15:08:45.134+0000] {processor.py:840} INFO - DAG(s) 'api_dag' retrieved from /opt/airflow/dags/api_dag.py
[2024-04-21T15:08:45.153+0000] {logging_mixin.py:188} INFO - [2024-04-21T15:08:45.153+0000] {dag.py:3096} INFO - Sync 1 DAGs
[2024-04-21T15:08:45.164+0000] {logging_mixin.py:188} INFO - [2024-04-21T15:08:45.164+0000] {dag.py:3954} INFO - Setting next_dagrun for api_dag to 2024-04-21 00:00:00+00:00, run_after=2024-04-22 00:00:00+00:00
[2024-04-21T15:08:45.172+0000] {processor.py:183} INFO - Processing /opt/airflow/dags/api_dag.py took 0.058 seconds
[2024-04-21T15:09:16.035+0000] {processor.py:161} INFO - Started process (PID=12247) to work on /opt/airflow/dags/api_dag.py
[2024-04-21T15:09:16.037+0000] {processor.py:830} INFO - Processing file /opt/airflow/dags/api_dag.py for tasks to queue
[2024-04-21T15:09:16.039+0000] {logging_mixin.py:188} INFO - [2024-04-21T15:09:16.039+0000] {dagbag.py:540} INFO - Filling up the DagBag from /opt/airflow/dags/api_dag.py
[2024-04-21T15:09:16.048+0000] {processor.py:840} INFO - DAG(s) 'api_dag' retrieved from /opt/airflow/dags/api_dag.py
[2024-04-21T15:09:16.068+0000] {logging_mixin.py:188} INFO - [2024-04-21T15:09:16.068+0000] {dag.py:3096} INFO - Sync 1 DAGs
[2024-04-21T15:09:16.079+0000] {logging_mixin.py:188} INFO - [2024-04-21T15:09:16.078+0000] {dag.py:3954} INFO - Setting next_dagrun for api_dag to 2024-04-21 00:00:00+00:00, run_after=2024-04-22 00:00:00+00:00
[2024-04-21T15:09:16.086+0000] {processor.py:183} INFO - Processing /opt/airflow/dags/api_dag.py took 0.058 seconds
[2024-04-21T15:09:46.907+0000] {processor.py:161} INFO - Started process (PID=12514) to work on /opt/airflow/dags/api_dag.py
[2024-04-21T15:09:46.908+0000] {processor.py:830} INFO - Processing file /opt/airflow/dags/api_dag.py for tasks to queue
[2024-04-21T15:09:46.910+0000] {logging_mixin.py:188} INFO - [2024-04-21T15:09:46.910+0000] {dagbag.py:540} INFO - Filling up the DagBag from /opt/airflow/dags/api_dag.py
[2024-04-21T15:09:46.920+0000] {processor.py:840} INFO - DAG(s) 'api_dag' retrieved from /opt/airflow/dags/api_dag.py
[2024-04-21T15:09:46.940+0000] {logging_mixin.py:188} INFO - [2024-04-21T15:09:46.939+0000] {dag.py:3096} INFO - Sync 1 DAGs
[2024-04-21T15:09:46.950+0000] {logging_mixin.py:188} INFO - [2024-04-21T15:09:46.950+0000] {dag.py:3954} INFO - Setting next_dagrun for api_dag to 2024-04-21 00:00:00+00:00, run_after=2024-04-22 00:00:00+00:00
[2024-04-21T15:09:46.959+0000] {processor.py:183} INFO - Processing /opt/airflow/dags/api_dag.py took 0.060 seconds
[2024-04-21T15:10:17.129+0000] {processor.py:161} INFO - Started process (PID=12781) to work on /opt/airflow/dags/api_dag.py
[2024-04-21T15:10:17.129+0000] {processor.py:830} INFO - Processing file /opt/airflow/dags/api_dag.py for tasks to queue
[2024-04-21T15:10:17.130+0000] {logging_mixin.py:188} INFO - [2024-04-21T15:10:17.130+0000] {dagbag.py:540} INFO - Filling up the DagBag from /opt/airflow/dags/api_dag.py
[2024-04-21T15:10:17.136+0000] {processor.py:840} INFO - DAG(s) 'api_dag' retrieved from /opt/airflow/dags/api_dag.py
[2024-04-21T15:10:17.148+0000] {logging_mixin.py:188} INFO - [2024-04-21T15:10:17.147+0000] {dag.py:3096} INFO - Sync 1 DAGs
[2024-04-21T15:10:17.157+0000] {logging_mixin.py:188} INFO - [2024-04-21T15:10:17.156+0000] {dag.py:3954} INFO - Setting next_dagrun for api_dag to 2024-04-21 00:00:00+00:00, run_after=2024-04-22 00:00:00+00:00
[2024-04-21T15:10:17.163+0000] {processor.py:183} INFO - Processing /opt/airflow/dags/api_dag.py took 0.037 seconds
[2024-04-21T15:10:33.323+0000] {processor.py:161} INFO - Started process (PID=12792) to work on /opt/airflow/dags/api_dag.py
[2024-04-21T15:10:33.325+0000] {processor.py:830} INFO - Processing file /opt/airflow/dags/api_dag.py for tasks to queue
[2024-04-21T15:10:33.327+0000] {logging_mixin.py:188} INFO - [2024-04-21T15:10:33.327+0000] {dagbag.py:540} INFO - Filling up the DagBag from /opt/airflow/dags/api_dag.py
[2024-04-21T15:10:33.340+0000] {processor.py:840} INFO - DAG(s) 'api_dag' retrieved from /opt/airflow/dags/api_dag.py
[2024-04-21T15:10:33.359+0000] {logging_mixin.py:188} INFO - [2024-04-21T15:10:33.359+0000] {dag.py:3096} INFO - Sync 1 DAGs
[2024-04-21T15:10:33.370+0000] {logging_mixin.py:188} INFO - [2024-04-21T15:10:33.370+0000] {dag.py:3954} INFO - Setting next_dagrun for api_dag to 2024-04-21 00:00:00+00:00, run_after=2024-04-22 00:00:00+00:00
[2024-04-21T15:10:33.378+0000] {processor.py:183} INFO - Processing /opt/airflow/dags/api_dag.py took 0.064 seconds
[2024-04-21T15:11:03.506+0000] {processor.py:161} INFO - Started process (PID=13065) to work on /opt/airflow/dags/api_dag.py
[2024-04-21T15:11:03.507+0000] {processor.py:830} INFO - Processing file /opt/airflow/dags/api_dag.py for tasks to queue
[2024-04-21T15:11:03.510+0000] {logging_mixin.py:188} INFO - [2024-04-21T15:11:03.509+0000] {dagbag.py:540} INFO - Filling up the DagBag from /opt/airflow/dags/api_dag.py
[2024-04-21T15:11:03.520+0000] {processor.py:840} INFO - DAG(s) 'api_dag' retrieved from /opt/airflow/dags/api_dag.py
[2024-04-21T15:11:03.541+0000] {logging_mixin.py:188} INFO - [2024-04-21T15:11:03.541+0000] {dag.py:3096} INFO - Sync 1 DAGs
[2024-04-21T15:11:03.554+0000] {logging_mixin.py:188} INFO - [2024-04-21T15:11:03.554+0000] {dag.py:3954} INFO - Setting next_dagrun for api_dag to 2024-04-21 00:00:00+00:00, run_after=2024-04-22 00:00:00+00:00
[2024-04-21T15:11:03.562+0000] {processor.py:183} INFO - Processing /opt/airflow/dags/api_dag.py took 0.064 seconds
[2024-04-21T15:11:34.426+0000] {processor.py:161} INFO - Started process (PID=13345) to work on /opt/airflow/dags/api_dag.py
[2024-04-21T15:11:34.427+0000] {processor.py:830} INFO - Processing file /opt/airflow/dags/api_dag.py for tasks to queue
[2024-04-21T15:11:34.429+0000] {logging_mixin.py:188} INFO - [2024-04-21T15:11:34.429+0000] {dagbag.py:540} INFO - Filling up the DagBag from /opt/airflow/dags/api_dag.py
[2024-04-21T15:11:34.439+0000] {processor.py:840} INFO - DAG(s) 'api_dag' retrieved from /opt/airflow/dags/api_dag.py
[2024-04-21T15:11:34.458+0000] {logging_mixin.py:188} INFO - [2024-04-21T15:11:34.458+0000] {dag.py:3096} INFO - Sync 1 DAGs
[2024-04-21T15:11:34.469+0000] {logging_mixin.py:188} INFO - [2024-04-21T15:11:34.468+0000] {dag.py:3954} INFO - Setting next_dagrun for api_dag to 2024-04-21 00:00:00+00:00, run_after=2024-04-22 00:00:00+00:00
[2024-04-21T15:11:34.476+0000] {processor.py:183} INFO - Processing /opt/airflow/dags/api_dag.py took 0.056 seconds
[2024-04-21T15:12:05.329+0000] {processor.py:161} INFO - Started process (PID=13612) to work on /opt/airflow/dags/api_dag.py
[2024-04-21T15:12:05.331+0000] {processor.py:830} INFO - Processing file /opt/airflow/dags/api_dag.py for tasks to queue
[2024-04-21T15:12:05.333+0000] {logging_mixin.py:188} INFO - [2024-04-21T15:12:05.332+0000] {dagbag.py:540} INFO - Filling up the DagBag from /opt/airflow/dags/api_dag.py
[2024-04-21T15:12:05.345+0000] {processor.py:840} INFO - DAG(s) 'api_dag' retrieved from /opt/airflow/dags/api_dag.py
[2024-04-21T15:12:05.367+0000] {logging_mixin.py:188} INFO - [2024-04-21T15:12:05.367+0000] {dag.py:3096} INFO - Sync 1 DAGs
[2024-04-21T15:12:05.379+0000] {logging_mixin.py:188} INFO - [2024-04-21T15:12:05.379+0000] {dag.py:3954} INFO - Setting next_dagrun for api_dag to 2024-04-21 00:00:00+00:00, run_after=2024-04-22 00:00:00+00:00
[2024-04-21T15:12:05.388+0000] {processor.py:183} INFO - Processing /opt/airflow/dags/api_dag.py took 0.067 seconds
[2024-04-21T15:12:06.360+0000] {processor.py:161} INFO - Started process (PID=13617) to work on /opt/airflow/dags/api_dag.py
[2024-04-21T15:12:06.361+0000] {processor.py:830} INFO - Processing file /opt/airflow/dags/api_dag.py for tasks to queue
[2024-04-21T15:12:06.364+0000] {logging_mixin.py:188} INFO - [2024-04-21T15:12:06.363+0000] {dagbag.py:540} INFO - Filling up the DagBag from /opt/airflow/dags/api_dag.py
[2024-04-21T15:12:06.377+0000] {processor.py:840} INFO - DAG(s) 'api_dag' retrieved from /opt/airflow/dags/api_dag.py
[2024-04-21T15:12:06.397+0000] {logging_mixin.py:188} INFO - [2024-04-21T15:12:06.397+0000] {dag.py:3096} INFO - Sync 1 DAGs
[2024-04-21T15:12:06.409+0000] {logging_mixin.py:188} INFO - [2024-04-21T15:12:06.409+0000] {dag.py:3954} INFO - Setting next_dagrun for api_dag to 2024-04-21 00:00:00+00:00, run_after=2024-04-22 00:00:00+00:00
[2024-04-21T15:12:06.417+0000] {processor.py:183} INFO - Processing /opt/airflow/dags/api_dag.py took 0.065 seconds
[2024-04-21T15:12:07.440+0000] {processor.py:161} INFO - Started process (PID=13622) to work on /opt/airflow/dags/api_dag.py
[2024-04-21T15:12:07.441+0000] {processor.py:830} INFO - Processing file /opt/airflow/dags/api_dag.py for tasks to queue
[2024-04-21T15:12:07.444+0000] {logging_mixin.py:188} INFO - [2024-04-21T15:12:07.443+0000] {dagbag.py:540} INFO - Filling up the DagBag from /opt/airflow/dags/api_dag.py
[2024-04-21T15:12:07.456+0000] {processor.py:840} INFO - DAG(s) 'api_dag' retrieved from /opt/airflow/dags/api_dag.py
[2024-04-21T15:12:07.475+0000] {logging_mixin.py:188} INFO - [2024-04-21T15:12:07.475+0000] {dag.py:3096} INFO - Sync 1 DAGs
[2024-04-21T15:12:07.487+0000] {logging_mixin.py:188} INFO - [2024-04-21T15:12:07.486+0000] {dag.py:3954} INFO - Setting next_dagrun for api_dag to 2024-04-21 00:00:00+00:00, run_after=2024-04-22 00:00:00+00:00
[2024-04-21T15:12:07.494+0000] {processor.py:183} INFO - Processing /opt/airflow/dags/api_dag.py took 0.062 seconds
[2024-04-21T15:12:08.476+0000] {processor.py:161} INFO - Started process (PID=13627) to work on /opt/airflow/dags/api_dag.py
[2024-04-21T15:12:08.478+0000] {processor.py:830} INFO - Processing file /opt/airflow/dags/api_dag.py for tasks to queue
[2024-04-21T15:12:08.480+0000] {logging_mixin.py:188} INFO - [2024-04-21T15:12:08.479+0000] {dagbag.py:540} INFO - Filling up the DagBag from /opt/airflow/dags/api_dag.py
[2024-04-21T15:12:08.492+0000] {processor.py:840} INFO - DAG(s) 'api_dag' retrieved from /opt/airflow/dags/api_dag.py
[2024-04-21T15:12:08.511+0000] {logging_mixin.py:188} INFO - [2024-04-21T15:12:08.511+0000] {dag.py:3096} INFO - Sync 1 DAGs
[2024-04-21T15:12:08.522+0000] {logging_mixin.py:188} INFO - [2024-04-21T15:12:08.522+0000] {dag.py:3954} INFO - Setting next_dagrun for api_dag to 2024-04-21 00:00:00+00:00, run_after=2024-04-22 00:00:00+00:00
[2024-04-21T15:12:08.530+0000] {processor.py:183} INFO - Processing /opt/airflow/dags/api_dag.py took 0.061 seconds
[2024-04-21T15:12:39.402+0000] {processor.py:161} INFO - Started process (PID=13903) to work on /opt/airflow/dags/api_dag.py
[2024-04-21T15:12:39.404+0000] {processor.py:830} INFO - Processing file /opt/airflow/dags/api_dag.py for tasks to queue
[2024-04-21T15:12:39.407+0000] {logging_mixin.py:188} INFO - [2024-04-21T15:12:39.406+0000] {dagbag.py:540} INFO - Filling up the DagBag from /opt/airflow/dags/api_dag.py
[2024-04-21T15:12:39.417+0000] {processor.py:840} INFO - DAG(s) 'api_dag' retrieved from /opt/airflow/dags/api_dag.py
[2024-04-21T15:12:39.437+0000] {logging_mixin.py:188} INFO - [2024-04-21T15:12:39.437+0000] {dag.py:3096} INFO - Sync 1 DAGs
[2024-04-21T15:12:39.448+0000] {logging_mixin.py:188} INFO - [2024-04-21T15:12:39.448+0000] {dag.py:3954} INFO - Setting next_dagrun for api_dag to 2024-04-21 00:00:00+00:00, run_after=2024-04-22 00:00:00+00:00
[2024-04-21T15:12:39.455+0000] {processor.py:183} INFO - Processing /opt/airflow/dags/api_dag.py took 0.061 seconds
[2024-04-21T15:12:48.931+0000] {processor.py:161} INFO - Started process (PID=14158) to work on /opt/airflow/dags/api_dag.py
[2024-04-21T15:12:48.933+0000] {processor.py:830} INFO - Processing file /opt/airflow/dags/api_dag.py for tasks to queue
[2024-04-21T15:12:48.934+0000] {logging_mixin.py:188} INFO - [2024-04-21T15:12:48.934+0000] {dagbag.py:540} INFO - Filling up the DagBag from /opt/airflow/dags/api_dag.py
[2024-04-21T15:12:48.942+0000] {processor.py:840} INFO - DAG(s) 'api_dag' retrieved from /opt/airflow/dags/api_dag.py
[2024-04-21T15:12:48.957+0000] {logging_mixin.py:188} INFO - [2024-04-21T15:12:48.957+0000] {dag.py:3096} INFO - Sync 1 DAGs
[2024-04-21T15:12:48.968+0000] {logging_mixin.py:188} INFO - [2024-04-21T15:12:48.968+0000] {dag.py:3954} INFO - Setting next_dagrun for api_dag to 2024-04-21 00:00:00+00:00, run_after=2024-04-22 00:00:00+00:00
[2024-04-21T15:12:48.976+0000] {processor.py:183} INFO - Processing /opt/airflow/dags/api_dag.py took 0.051 seconds
[2024-04-21T15:12:49.967+0000] {processor.py:161} INFO - Started process (PID=14169) to work on /opt/airflow/dags/api_dag.py
[2024-04-21T15:12:49.969+0000] {processor.py:830} INFO - Processing file /opt/airflow/dags/api_dag.py for tasks to queue
[2024-04-21T15:12:49.971+0000] {logging_mixin.py:188} INFO - [2024-04-21T15:12:49.970+0000] {dagbag.py:540} INFO - Filling up the DagBag from /opt/airflow/dags/api_dag.py
[2024-04-21T15:12:49.982+0000] {processor.py:840} INFO - DAG(s) 'api_dag' retrieved from /opt/airflow/dags/api_dag.py
[2024-04-21T15:12:50.001+0000] {logging_mixin.py:188} INFO - [2024-04-21T15:12:50.001+0000] {dag.py:3096} INFO - Sync 1 DAGs
[2024-04-21T15:12:50.011+0000] {logging_mixin.py:188} INFO - [2024-04-21T15:12:50.011+0000] {dag.py:3954} INFO - Setting next_dagrun for api_dag to 2024-04-21 00:00:00+00:00, run_after=2024-04-22 00:00:00+00:00
[2024-04-21T15:12:50.019+0000] {processor.py:183} INFO - Processing /opt/airflow/dags/api_dag.py took 0.059 seconds
[2024-04-21T15:12:51.031+0000] {processor.py:161} INFO - Started process (PID=14174) to work on /opt/airflow/dags/api_dag.py
[2024-04-21T15:12:51.033+0000] {processor.py:830} INFO - Processing file /opt/airflow/dags/api_dag.py for tasks to queue
[2024-04-21T15:12:51.035+0000] {logging_mixin.py:188} INFO - [2024-04-21T15:12:51.035+0000] {dagbag.py:540} INFO - Filling up the DagBag from /opt/airflow/dags/api_dag.py
[2024-04-21T15:12:51.047+0000] {processor.py:840} INFO - DAG(s) 'api_dag' retrieved from /opt/airflow/dags/api_dag.py
[2024-04-21T15:12:51.067+0000] {logging_mixin.py:188} INFO - [2024-04-21T15:12:51.066+0000] {dag.py:3096} INFO - Sync 1 DAGs
[2024-04-21T15:12:51.079+0000] {logging_mixin.py:188} INFO - [2024-04-21T15:12:51.079+0000] {dag.py:3954} INFO - Setting next_dagrun for api_dag to 2024-04-21 00:00:00+00:00, run_after=2024-04-22 00:00:00+00:00
[2024-04-21T15:12:51.088+0000] {processor.py:183} INFO - Processing /opt/airflow/dags/api_dag.py took 0.066 seconds
[2024-04-21T15:13:21.988+0000] {processor.py:161} INFO - Started process (PID=14449) to work on /opt/airflow/dags/api_dag.py
[2024-04-21T15:13:21.989+0000] {processor.py:830} INFO - Processing file /opt/airflow/dags/api_dag.py for tasks to queue
[2024-04-21T15:13:21.991+0000] {logging_mixin.py:188} INFO - [2024-04-21T15:13:21.990+0000] {dagbag.py:540} INFO - Filling up the DagBag from /opt/airflow/dags/api_dag.py
[2024-04-21T15:13:21.999+0000] {processor.py:840} INFO - DAG(s) 'api_dag' retrieved from /opt/airflow/dags/api_dag.py
[2024-04-21T15:13:22.017+0000] {logging_mixin.py:188} INFO - [2024-04-21T15:13:22.016+0000] {dag.py:3096} INFO - Sync 1 DAGs
[2024-04-21T15:13:22.028+0000] {logging_mixin.py:188} INFO - [2024-04-21T15:13:22.028+0000] {dag.py:3954} INFO - Setting next_dagrun for api_dag to 2024-04-21 00:00:00+00:00, run_after=2024-04-22 00:00:00+00:00
[2024-04-21T15:13:22.036+0000] {processor.py:183} INFO - Processing /opt/airflow/dags/api_dag.py took 0.056 seconds
[2024-04-21T15:13:52.099+0000] {processor.py:161} INFO - Started process (PID=14716) to work on /opt/airflow/dags/api_dag.py
[2024-04-21T15:13:52.100+0000] {processor.py:830} INFO - Processing file /opt/airflow/dags/api_dag.py for tasks to queue
[2024-04-21T15:13:52.102+0000] {logging_mixin.py:188} INFO - [2024-04-21T15:13:52.102+0000] {dagbag.py:540} INFO - Filling up the DagBag from /opt/airflow/dags/api_dag.py
[2024-04-21T15:13:52.112+0000] {processor.py:840} INFO - DAG(s) 'api_dag' retrieved from /opt/airflow/dags/api_dag.py
[2024-04-21T15:13:52.131+0000] {logging_mixin.py:188} INFO - [2024-04-21T15:13:52.131+0000] {dag.py:3096} INFO - Sync 1 DAGs
[2024-04-21T15:13:52.142+0000] {logging_mixin.py:188} INFO - [2024-04-21T15:13:52.142+0000] {dag.py:3954} INFO - Setting next_dagrun for api_dag to 2024-04-21 00:00:00+00:00, run_after=2024-04-22 00:00:00+00:00
[2024-04-21T15:13:52.149+0000] {processor.py:183} INFO - Processing /opt/airflow/dags/api_dag.py took 0.057 seconds
[2024-04-21T15:14:23.183+0000] {processor.py:161} INFO - Started process (PID=14982) to work on /opt/airflow/dags/api_dag.py
[2024-04-21T15:14:23.184+0000] {processor.py:830} INFO - Processing file /opt/airflow/dags/api_dag.py for tasks to queue
[2024-04-21T15:14:23.186+0000] {logging_mixin.py:188} INFO - [2024-04-21T15:14:23.186+0000] {dagbag.py:540} INFO - Filling up the DagBag from /opt/airflow/dags/api_dag.py
[2024-04-21T15:14:23.197+0000] {processor.py:840} INFO - DAG(s) 'api_dag' retrieved from /opt/airflow/dags/api_dag.py
[2024-04-21T15:14:23.216+0000] {logging_mixin.py:188} INFO - [2024-04-21T15:14:23.216+0000] {dag.py:3096} INFO - Sync 1 DAGs
[2024-04-21T15:14:23.227+0000] {logging_mixin.py:188} INFO - [2024-04-21T15:14:23.227+0000] {dag.py:3954} INFO - Setting next_dagrun for api_dag to 2024-04-21 00:00:00+00:00, run_after=2024-04-22 00:00:00+00:00
[2024-04-21T15:14:23.235+0000] {processor.py:183} INFO - Processing /opt/airflow/dags/api_dag.py took 0.059 seconds
[2024-04-21T15:14:53.287+0000] {processor.py:161} INFO - Started process (PID=15249) to work on /opt/airflow/dags/api_dag.py
[2024-04-21T15:14:53.288+0000] {processor.py:830} INFO - Processing file /opt/airflow/dags/api_dag.py for tasks to queue
[2024-04-21T15:14:53.291+0000] {logging_mixin.py:188} INFO - [2024-04-21T15:14:53.290+0000] {dagbag.py:540} INFO - Filling up the DagBag from /opt/airflow/dags/api_dag.py
[2024-04-21T15:14:53.302+0000] {processor.py:840} INFO - DAG(s) 'api_dag' retrieved from /opt/airflow/dags/api_dag.py
[2024-04-21T15:14:53.325+0000] {logging_mixin.py:188} INFO - [2024-04-21T15:14:53.325+0000] {dag.py:3096} INFO - Sync 1 DAGs
[2024-04-21T15:14:53.337+0000] {logging_mixin.py:188} INFO - [2024-04-21T15:14:53.337+0000] {dag.py:3954} INFO - Setting next_dagrun for api_dag to 2024-04-21 00:00:00+00:00, run_after=2024-04-22 00:00:00+00:00
[2024-04-21T15:14:53.345+0000] {processor.py:183} INFO - Processing /opt/airflow/dags/api_dag.py took 0.066 seconds
[2024-04-21T15:15:23.428+0000] {processor.py:161} INFO - Started process (PID=15516) to work on /opt/airflow/dags/api_dag.py
[2024-04-21T15:15:23.429+0000] {processor.py:830} INFO - Processing file /opt/airflow/dags/api_dag.py for tasks to queue
[2024-04-21T15:15:23.431+0000] {logging_mixin.py:188} INFO - [2024-04-21T15:15:23.431+0000] {dagbag.py:540} INFO - Filling up the DagBag from /opt/airflow/dags/api_dag.py
[2024-04-21T15:15:23.441+0000] {processor.py:840} INFO - DAG(s) 'api_dag' retrieved from /opt/airflow/dags/api_dag.py
[2024-04-21T15:15:23.459+0000] {logging_mixin.py:188} INFO - [2024-04-21T15:15:23.459+0000] {dag.py:3096} INFO - Sync 1 DAGs
[2024-04-21T15:15:23.471+0000] {logging_mixin.py:188} INFO - [2024-04-21T15:15:23.470+0000] {dag.py:3954} INFO - Setting next_dagrun for api_dag to 2024-04-21 00:00:00+00:00, run_after=2024-04-22 00:00:00+00:00
[2024-04-21T15:15:23.478+0000] {processor.py:183} INFO - Processing /opt/airflow/dags/api_dag.py took 0.057 seconds
[2024-04-21T15:15:49.599+0000] {processor.py:161} INFO - Started process (PID=15777) to work on /opt/airflow/dags/api_dag.py
[2024-04-21T15:15:49.600+0000] {processor.py:830} INFO - Processing file /opt/airflow/dags/api_dag.py for tasks to queue
[2024-04-21T15:15:49.602+0000] {logging_mixin.py:188} INFO - [2024-04-21T15:15:49.601+0000] {dagbag.py:540} INFO - Filling up the DagBag from /opt/airflow/dags/api_dag.py
[2024-04-21T15:15:49.614+0000] {processor.py:840} INFO - DAG(s) 'api_dag' retrieved from /opt/airflow/dags/api_dag.py
[2024-04-21T15:15:49.632+0000] {logging_mixin.py:188} INFO - [2024-04-21T15:15:49.632+0000] {dag.py:3096} INFO - Sync 1 DAGs
[2024-04-21T15:15:49.643+0000] {logging_mixin.py:188} INFO - [2024-04-21T15:15:49.643+0000] {dag.py:3954} INFO - Setting next_dagrun for api_dag to 2024-04-21 00:00:00+00:00, run_after=2024-04-22 00:00:00+00:00
[2024-04-21T15:15:49.651+0000] {processor.py:183} INFO - Processing /opt/airflow/dags/api_dag.py took 0.060 seconds
[2024-04-21T15:16:19.828+0000] {processor.py:161} INFO - Started process (PID=16044) to work on /opt/airflow/dags/api_dag.py
[2024-04-21T15:16:19.830+0000] {processor.py:830} INFO - Processing file /opt/airflow/dags/api_dag.py for tasks to queue
[2024-04-21T15:16:19.833+0000] {logging_mixin.py:188} INFO - [2024-04-21T15:16:19.833+0000] {dagbag.py:540} INFO - Filling up the DagBag from /opt/airflow/dags/api_dag.py
[2024-04-21T15:16:19.842+0000] {processor.py:840} INFO - DAG(s) 'api_dag' retrieved from /opt/airflow/dags/api_dag.py
[2024-04-21T15:16:19.859+0000] {logging_mixin.py:188} INFO - [2024-04-21T15:16:19.858+0000] {dag.py:3096} INFO - Sync 1 DAGs
[2024-04-21T15:16:19.872+0000] {logging_mixin.py:188} INFO - [2024-04-21T15:16:19.872+0000] {dag.py:3954} INFO - Setting next_dagrun for api_dag to 2024-04-21 00:00:00+00:00, run_after=2024-04-22 00:00:00+00:00
[2024-04-21T15:16:19.880+0000] {processor.py:183} INFO - Processing /opt/airflow/dags/api_dag.py took 0.059 seconds
[2024-04-21T15:16:50.194+0000] {processor.py:161} INFO - Started process (PID=16318) to work on /opt/airflow/dags/api_dag.py
[2024-04-21T15:16:50.195+0000] {processor.py:830} INFO - Processing file /opt/airflow/dags/api_dag.py for tasks to queue
[2024-04-21T15:16:50.197+0000] {logging_mixin.py:188} INFO - [2024-04-21T15:16:50.196+0000] {dagbag.py:540} INFO - Filling up the DagBag from /opt/airflow/dags/api_dag.py
[2024-04-21T15:16:50.207+0000] {processor.py:840} INFO - DAG(s) 'api_dag' retrieved from /opt/airflow/dags/api_dag.py
[2024-04-21T15:16:50.226+0000] {logging_mixin.py:188} INFO - [2024-04-21T15:16:50.226+0000] {dag.py:3096} INFO - Sync 1 DAGs
[2024-04-21T15:16:50.237+0000] {logging_mixin.py:188} INFO - [2024-04-21T15:16:50.236+0000] {dag.py:3954} INFO - Setting next_dagrun for api_dag to 2024-04-21 00:00:00+00:00, run_after=2024-04-22 00:00:00+00:00
[2024-04-21T15:16:50.243+0000] {processor.py:183} INFO - Processing /opt/airflow/dags/api_dag.py took 0.057 seconds
[2024-04-21T15:17:20.276+0000] {processor.py:161} INFO - Started process (PID=16585) to work on /opt/airflow/dags/api_dag.py
[2024-04-21T15:17:20.277+0000] {processor.py:830} INFO - Processing file /opt/airflow/dags/api_dag.py for tasks to queue
[2024-04-21T15:17:20.279+0000] {logging_mixin.py:188} INFO - [2024-04-21T15:17:20.278+0000] {dagbag.py:540} INFO - Filling up the DagBag from /opt/airflow/dags/api_dag.py
[2024-04-21T15:17:20.288+0000] {processor.py:840} INFO - DAG(s) 'api_dag' retrieved from /opt/airflow/dags/api_dag.py
[2024-04-21T15:17:20.306+0000] {logging_mixin.py:188} INFO - [2024-04-21T15:17:20.306+0000] {dag.py:3096} INFO - Sync 1 DAGs
[2024-04-21T15:17:20.316+0000] {logging_mixin.py:188} INFO - [2024-04-21T15:17:20.315+0000] {dag.py:3954} INFO - Setting next_dagrun for api_dag to 2024-04-21 00:00:00+00:00, run_after=2024-04-22 00:00:00+00:00
[2024-04-21T15:17:20.322+0000] {processor.py:183} INFO - Processing /opt/airflow/dags/api_dag.py took 0.053 seconds
[2024-04-21T15:17:50.367+0000] {processor.py:161} INFO - Started process (PID=16852) to work on /opt/airflow/dags/api_dag.py
[2024-04-21T15:17:50.368+0000] {processor.py:830} INFO - Processing file /opt/airflow/dags/api_dag.py for tasks to queue
[2024-04-21T15:17:50.369+0000] {logging_mixin.py:188} INFO - [2024-04-21T15:17:50.368+0000] {dagbag.py:540} INFO - Filling up the DagBag from /opt/airflow/dags/api_dag.py
[2024-04-21T15:17:50.374+0000] {processor.py:840} INFO - DAG(s) 'api_dag' retrieved from /opt/airflow/dags/api_dag.py
[2024-04-21T15:17:50.386+0000] {logging_mixin.py:188} INFO - [2024-04-21T15:17:50.386+0000] {dag.py:3096} INFO - Sync 1 DAGs
[2024-04-21T15:17:50.395+0000] {logging_mixin.py:188} INFO - [2024-04-21T15:17:50.395+0000] {dag.py:3954} INFO - Setting next_dagrun for api_dag to 2024-04-21 00:00:00+00:00, run_after=2024-04-22 00:00:00+00:00
[2024-04-21T15:17:50.401+0000] {processor.py:183} INFO - Processing /opt/airflow/dags/api_dag.py took 0.037 seconds
[2024-04-21T15:18:20.578+0000] {processor.py:161} INFO - Started process (PID=17118) to work on /opt/airflow/dags/api_dag.py
[2024-04-21T15:18:20.578+0000] {processor.py:830} INFO - Processing file /opt/airflow/dags/api_dag.py for tasks to queue
[2024-04-21T15:18:20.579+0000] {logging_mixin.py:188} INFO - [2024-04-21T15:18:20.579+0000] {dagbag.py:540} INFO - Filling up the DagBag from /opt/airflow/dags/api_dag.py
[2024-04-21T15:18:20.584+0000] {processor.py:840} INFO - DAG(s) 'api_dag' retrieved from /opt/airflow/dags/api_dag.py
[2024-04-21T15:18:20.596+0000] {logging_mixin.py:188} INFO - [2024-04-21T15:18:20.596+0000] {dag.py:3096} INFO - Sync 1 DAGs
[2024-04-21T15:18:20.605+0000] {logging_mixin.py:188} INFO - [2024-04-21T15:18:20.605+0000] {dag.py:3954} INFO - Setting next_dagrun for api_dag to 2024-04-21 00:00:00+00:00, run_after=2024-04-22 00:00:00+00:00
[2024-04-21T15:18:20.612+0000] {processor.py:183} INFO - Processing /opt/airflow/dags/api_dag.py took 0.037 seconds
[2024-04-21T15:18:51.025+0000] {processor.py:161} INFO - Started process (PID=17305) to work on /opt/airflow/dags/api_dag.py
[2024-04-21T15:18:51.026+0000] {processor.py:830} INFO - Processing file /opt/airflow/dags/api_dag.py for tasks to queue
[2024-04-21T15:18:51.028+0000] {logging_mixin.py:188} INFO - [2024-04-21T15:18:51.028+0000] {dagbag.py:540} INFO - Filling up the DagBag from /opt/airflow/dags/api_dag.py
[2024-04-21T15:18:51.038+0000] {processor.py:840} INFO - DAG(s) 'api_dag' retrieved from /opt/airflow/dags/api_dag.py
[2024-04-21T15:18:51.055+0000] {logging_mixin.py:188} INFO - [2024-04-21T15:18:51.054+0000] {dag.py:3096} INFO - Sync 1 DAGs
[2024-04-21T15:18:51.066+0000] {logging_mixin.py:188} INFO - [2024-04-21T15:18:51.066+0000] {dag.py:3954} INFO - Setting next_dagrun for api_dag to 2024-04-21 00:00:00+00:00, run_after=2024-04-22 00:00:00+00:00
[2024-04-21T15:18:51.074+0000] {processor.py:183} INFO - Processing /opt/airflow/dags/api_dag.py took 0.056 seconds
[2024-04-21T15:19:21.965+0000] {processor.py:161} INFO - Started process (PID=17572) to work on /opt/airflow/dags/api_dag.py
[2024-04-21T15:19:21.967+0000] {processor.py:830} INFO - Processing file /opt/airflow/dags/api_dag.py for tasks to queue
[2024-04-21T15:19:21.970+0000] {logging_mixin.py:188} INFO - [2024-04-21T15:19:21.969+0000] {dagbag.py:540} INFO - Filling up the DagBag from /opt/airflow/dags/api_dag.py
[2024-04-21T15:19:21.981+0000] {processor.py:840} INFO - DAG(s) 'api_dag' retrieved from /opt/airflow/dags/api_dag.py
[2024-04-21T15:19:22.004+0000] {logging_mixin.py:188} INFO - [2024-04-21T15:19:22.004+0000] {dag.py:3096} INFO - Sync 1 DAGs
[2024-04-21T15:19:22.018+0000] {logging_mixin.py:188} INFO - [2024-04-21T15:19:22.018+0000] {dag.py:3954} INFO - Setting next_dagrun for api_dag to 2024-04-21 00:00:00+00:00, run_after=2024-04-22 00:00:00+00:00
[2024-04-21T15:19:22.029+0000] {processor.py:183} INFO - Processing /opt/airflow/dags/api_dag.py took 0.072 seconds
[2024-04-21T15:19:52.167+0000] {processor.py:161} INFO - Started process (PID=17839) to work on /opt/airflow/dags/api_dag.py
[2024-04-21T15:19:52.168+0000] {processor.py:830} INFO - Processing file /opt/airflow/dags/api_dag.py for tasks to queue
[2024-04-21T15:19:52.169+0000] {logging_mixin.py:188} INFO - [2024-04-21T15:19:52.169+0000] {dagbag.py:540} INFO - Filling up the DagBag from /opt/airflow/dags/api_dag.py
[2024-04-21T15:19:52.175+0000] {processor.py:840} INFO - DAG(s) 'api_dag' retrieved from /opt/airflow/dags/api_dag.py
[2024-04-21T15:19:52.191+0000] {logging_mixin.py:188} INFO - [2024-04-21T15:19:52.191+0000] {dag.py:3096} INFO - Sync 1 DAGs
[2024-04-21T15:19:52.208+0000] {logging_mixin.py:188} INFO - [2024-04-21T15:19:52.208+0000] {dag.py:3954} INFO - Setting next_dagrun for api_dag to 2024-04-21 00:00:00+00:00, run_after=2024-04-22 00:00:00+00:00
[2024-04-21T15:19:52.221+0000] {processor.py:183} INFO - Processing /opt/airflow/dags/api_dag.py took 0.059 seconds
[2024-04-21T15:20:22.318+0000] {processor.py:161} INFO - Started process (PID=18107) to work on /opt/airflow/dags/api_dag.py
[2024-04-21T15:20:22.319+0000] {processor.py:830} INFO - Processing file /opt/airflow/dags/api_dag.py for tasks to queue
[2024-04-21T15:20:22.322+0000] {logging_mixin.py:188} INFO - [2024-04-21T15:20:22.321+0000] {dagbag.py:540} INFO - Filling up the DagBag from /opt/airflow/dags/api_dag.py
[2024-04-21T15:20:22.333+0000] {processor.py:840} INFO - DAG(s) 'api_dag' retrieved from /opt/airflow/dags/api_dag.py
[2024-04-21T15:20:22.352+0000] {logging_mixin.py:188} INFO - [2024-04-21T15:20:22.352+0000] {dag.py:3096} INFO - Sync 1 DAGs
[2024-04-21T15:20:22.365+0000] {logging_mixin.py:188} INFO - [2024-04-21T15:20:22.365+0000] {dag.py:3954} INFO - Setting next_dagrun for api_dag to 2024-04-21 00:00:00+00:00, run_after=2024-04-22 00:00:00+00:00
[2024-04-21T15:20:22.373+0000] {processor.py:183} INFO - Processing /opt/airflow/dags/api_dag.py took 0.064 seconds
