[2024-04-21T15:08:30.767+0000] {local_task_job_runner.py:120} INFO - ::group::Pre task execution logs
[2024-04-21T15:08:30.774+0000] {taskinstance.py:2073} INFO - Dependencies all met for dep_context=non-requeueable deps ti=<TaskInstance: api_dag.is_api_active manual__2024-04-21T15:08:30.060218+00:00 [queued]>
[2024-04-21T15:08:30.777+0000] {taskinstance.py:2073} INFO - Dependencies all met for dep_context=requeueable deps ti=<TaskInstance: api_dag.is_api_active manual__2024-04-21T15:08:30.060218+00:00 [queued]>
[2024-04-21T15:08:30.777+0000] {taskinstance.py:2303} INFO - Starting attempt 1 of 1
[2024-04-21T15:08:30.782+0000] {taskinstance.py:2327} INFO - Executing <Task(HttpSensor): is_api_active> on 2024-04-21 15:08:30.060218+00:00
[2024-04-21T15:08:30.787+0000] {logging_mixin.py:188} WARNING - /home/***/.local/lib/python3.12/site-packages/***/task/task_runner/standard_task_runner.py:61 DeprecationWarning: This process (pid=11714) is multi-threaded, use of fork() may lead to deadlocks in the child.
[2024-04-21T15:08:30.788+0000] {standard_task_runner.py:63} INFO - Started process 11716 to run task
[2024-04-21T15:08:30.787+0000] {standard_task_runner.py:90} INFO - Running: ['***', 'tasks', 'run', 'api_dag', 'is_api_active', 'manual__2024-04-21T15:08:30.060218+00:00', '--job-id', '21', '--raw', '--subdir', 'DAGS_FOLDER/api_dag.py', '--cfg-path', '/tmp/tmp3w7vplg5']
[2024-04-21T15:08:30.788+0000] {standard_task_runner.py:91} INFO - Job 21: Subtask is_api_active
[2024-04-21T15:08:30.813+0000] {task_command.py:426} INFO - Running <TaskInstance: api_dag.is_api_active manual__2024-04-21T15:08:30.060218+00:00 [running]> on host ab82a25ab903
[2024-04-21T15:08:30.853+0000] {taskinstance.py:2644} INFO - Exporting env vars: AIRFLOW_CTX_DAG_OWNER='***' AIRFLOW_CTX_DAG_ID='api_dag' AIRFLOW_CTX_TASK_ID='is_api_active' AIRFLOW_CTX_EXECUTION_DATE='2024-04-21T15:08:30.060218+00:00' AIRFLOW_CTX_TRY_NUMBER='1' AIRFLOW_CTX_DAG_RUN_ID='manual__2024-04-21T15:08:30.060218+00:00'
[2024-04-21T15:08:30.854+0000] {taskinstance.py:430} INFO - ::endgroup::
[2024-04-21T15:08:30.854+0000] {baseoperator.py:399} WARNING - HttpSensor.execute cannot be called outside TaskInstance!
[2024-04-21T15:08:30.854+0000] {http.py:137} INFO - Poking: posts/
[2024-04-21T15:08:30.859+0000] {base.py:84} INFO - Using connection ID 'api_posts' for task execution.
[2024-04-21T15:08:31.505+0000] {base.py:294} INFO - Success criteria met. Exiting.
[2024-04-21T15:08:31.508+0000] {taskinstance.py:441} INFO - ::group::Post task execution logs
[2024-04-21T15:08:31.529+0000] {taskinstance.py:1205} INFO - Marking task as SUCCESS. dag_id=api_dag, task_id=is_api_active, execution_date=20240421T150830, start_date=20240421T150830, end_date=20240421T150831
[2024-04-21T15:08:31.588+0000] {local_task_job_runner.py:240} INFO - Task exited with return code 0
[2024-04-21T15:08:31.602+0000] {logging_mixin.py:188} WARNING - /home/***/.local/lib/python3.12/site-packages/***/models/baseoperator.py:1296 AirflowProviderDeprecationWarning: Call to deprecated class SimpleHttpOperator. (Class `SimpleHttpOperator` is deprecated and will be removed in a future release. Please use `HttpOperator` instead.)
[2024-04-21T15:08:31.615+0000] {taskinstance.py:3482} INFO - 1 downstream tasks scheduled from follow-on schedule check
[2024-04-21T15:08:31.616+0000] {local_task_job_runner.py:222} INFO - ::endgroup::
