[2024-04-21T15:07:38.446+0000] {local_task_job_runner.py:120} INFO - ::group::Pre task execution logs
[2024-04-21T15:07:38.454+0000] {taskinstance.py:2073} INFO - Dependencies all met for dep_context=non-requeueable deps ti=<TaskInstance: api_dag.save_posts manual__2024-04-21T15:07:35.013678+00:00 [queued]>
[2024-04-21T15:07:38.457+0000] {taskinstance.py:2073} INFO - Dependencies all met for dep_context=requeueable deps ti=<TaskInstance: api_dag.save_posts manual__2024-04-21T15:07:35.013678+00:00 [queued]>
[2024-04-21T15:07:38.458+0000] {taskinstance.py:2303} INFO - Starting attempt 1 of 1
[2024-04-21T15:07:38.463+0000] {taskinstance.py:2327} INFO - Executing <Task(PythonOperator): save_posts> on 2024-04-21 15:07:35.013678+00:00
[2024-04-21T15:07:38.469+0000] {logging_mixin.py:188} WARNING - /home/***/.local/lib/python3.12/site-packages/***/task/task_runner/standard_task_runner.py:61 DeprecationWarning: This process (pid=11367) is multi-threaded, use of fork() may lead to deadlocks in the child.
[2024-04-21T15:07:38.469+0000] {standard_task_runner.py:63} INFO - Started process 11369 to run task
[2024-04-21T15:07:38.468+0000] {standard_task_runner.py:90} INFO - Running: ['***', 'tasks', 'run', 'api_dag', 'save_posts', 'manual__2024-04-21T15:07:35.013678+00:00', '--job-id', '20', '--raw', '--subdir', 'DAGS_FOLDER/api_dag.py', '--cfg-path', '/tmp/tmpm_rqj9g5']
[2024-04-21T15:07:38.470+0000] {standard_task_runner.py:91} INFO - Job 20: Subtask save_posts
[2024-04-21T15:07:38.494+0000] {task_command.py:426} INFO - Running <TaskInstance: api_dag.save_posts manual__2024-04-21T15:07:35.013678+00:00 [running]> on host ab82a25ab903
[2024-04-21T15:07:38.532+0000] {taskinstance.py:2644} INFO - Exporting env vars: AIRFLOW_CTX_DAG_OWNER='***' AIRFLOW_CTX_DAG_ID='api_dag' AIRFLOW_CTX_TASK_ID='save_posts' AIRFLOW_CTX_EXECUTION_DATE='2024-04-21T15:07:35.013678+00:00' AIRFLOW_CTX_TRY_NUMBER='1' AIRFLOW_CTX_DAG_RUN_ID='manual__2024-04-21T15:07:35.013678+00:00'
[2024-04-21T15:07:38.533+0000] {taskinstance.py:430} INFO - ::endgroup::
[2024-04-21T15:07:38.539+0000] {logging_mixin.py:188} INFO - {'id': 119208, 'user_id': 6861179, 'title': 'Sulum usque statim coniuratio tubineus.', 'body': 'Ut est clam. Apto eligendi vilitas. Cum viduata ipsa. Venustas est conspergo. Totidem avaritia aiunt. Similique decor colo. Repudiandae curvus averto. Demitto ambulo speculum. Rerum terga accusator. Ustilo uberrime tantillus. Ventosus comis sopor.'}
[2024-04-21T15:07:38.539+0000] {logging_mixin.py:188} INFO - hello its rayan
[2024-04-21T15:07:38.539+0000] {python.py:237} INFO - Done. Returned value was: None
[2024-04-21T15:07:38.540+0000] {taskinstance.py:441} INFO - ::group::Post task execution logs
[2024-04-21T15:07:38.544+0000] {taskinstance.py:1205} INFO - Marking task as SUCCESS. dag_id=api_dag, task_id=save_posts, execution_date=20240421T150735, start_date=20240421T150738, end_date=20240421T150738
[2024-04-21T15:07:38.563+0000] {local_task_job_runner.py:240} INFO - Task exited with return code 0
[2024-04-21T15:07:38.571+0000] {taskinstance.py:3482} INFO - 0 downstream tasks scheduled from follow-on schedule check
[2024-04-21T15:07:38.572+0000] {local_task_job_runner.py:222} INFO - ::endgroup::
