[2024-04-21T15:07:36.382+0000] {local_task_job_runner.py:120} INFO - ::group::Pre task execution logs
[2024-04-21T15:07:36.390+0000] {taskinstance.py:2073} INFO - Dependencies all met for dep_context=non-requeueable deps ti=<TaskInstance: api_dag.is_api_active manual__2024-04-21T15:07:35.013678+00:00 [queued]>
[2024-04-21T15:07:36.393+0000] {taskinstance.py:2073} INFO - Dependencies all met for dep_context=requeueable deps ti=<TaskInstance: api_dag.is_api_active manual__2024-04-21T15:07:35.013678+00:00 [queued]>
[2024-04-21T15:07:36.393+0000] {taskinstance.py:2303} INFO - Starting attempt 1 of 1
[2024-04-21T15:07:36.398+0000] {taskinstance.py:2327} INFO - Executing <Task(HttpSensor): is_api_active> on 2024-04-21 15:07:35.013678+00:00
[2024-04-21T15:07:36.404+0000] {logging_mixin.py:188} WARNING - /home/***/.local/lib/python3.12/site-packages/***/task/task_runner/standard_task_runner.py:61 DeprecationWarning: This process (pid=11249) is multi-threaded, use of fork() may lead to deadlocks in the child.
[2024-04-21T15:07:36.405+0000] {standard_task_runner.py:63} INFO - Started process 11314 to run task
[2024-04-21T15:07:36.404+0000] {standard_task_runner.py:90} INFO - Running: ['***', 'tasks', 'run', 'api_dag', 'is_api_active', 'manual__2024-04-21T15:07:35.013678+00:00', '--job-id', '18', '--raw', '--subdir', 'DAGS_FOLDER/api_dag.py', '--cfg-path', '/tmp/tmp5h8x_24s']
[2024-04-21T15:07:36.406+0000] {standard_task_runner.py:91} INFO - Job 18: Subtask is_api_active
[2024-04-21T15:07:36.433+0000] {task_command.py:426} INFO - Running <TaskInstance: api_dag.is_api_active manual__2024-04-21T15:07:35.013678+00:00 [running]> on host ab82a25ab903
[2024-04-21T15:07:36.477+0000] {taskinstance.py:2644} INFO - Exporting env vars: AIRFLOW_CTX_DAG_OWNER='***' AIRFLOW_CTX_DAG_ID='api_dag' AIRFLOW_CTX_TASK_ID='is_api_active' AIRFLOW_CTX_EXECUTION_DATE='2024-04-21T15:07:35.013678+00:00' AIRFLOW_CTX_TRY_NUMBER='1' AIRFLOW_CTX_DAG_RUN_ID='manual__2024-04-21T15:07:35.013678+00:00'
[2024-04-21T15:07:36.478+0000] {taskinstance.py:430} INFO - ::endgroup::
[2024-04-21T15:07:36.478+0000] {baseoperator.py:399} WARNING - HttpSensor.execute cannot be called outside TaskInstance!
[2024-04-21T15:07:36.478+0000] {http.py:137} INFO - Poking: posts/
[2024-04-21T15:07:36.484+0000] {base.py:84} INFO - Using connection ID 'api_posts' for task execution.
[2024-04-21T15:07:36.742+0000] {base.py:294} INFO - Success criteria met. Exiting.
[2024-04-21T15:07:36.742+0000] {taskinstance.py:441} INFO - ::group::Post task execution logs
[2024-04-21T15:07:36.749+0000] {taskinstance.py:1205} INFO - Marking task as SUCCESS. dag_id=api_dag, task_id=is_api_active, execution_date=20240421T150735, start_date=20240421T150736, end_date=20240421T150736
[2024-04-21T15:07:36.781+0000] {local_task_job_runner.py:240} INFO - Task exited with return code 0
[2024-04-21T15:07:36.788+0000] {logging_mixin.py:188} WARNING - /home/***/.local/lib/python3.12/site-packages/***/models/baseoperator.py:1296 AirflowProviderDeprecationWarning: Call to deprecated class SimpleHttpOperator. (Class `SimpleHttpOperator` is deprecated and will be removed in a future release. Please use `HttpOperator` instead.)
[2024-04-21T15:07:36.796+0000] {taskinstance.py:3482} INFO - 1 downstream tasks scheduled from follow-on schedule check
[2024-04-21T15:07:36.796+0000] {local_task_job_runner.py:222} INFO - ::endgroup::
