[2024-04-21T14:30:03.197+0000] {processor.py:161} INFO - Started process (PID=351) to work on /home/airflow/.local/lib/python3.12/site-packages/airflow/example_dags/example_nested_branch_dag.py
[2024-04-21T14:30:03.198+0000] {processor.py:830} INFO - Processing file /home/airflow/.local/lib/python3.12/site-packages/airflow/example_dags/example_nested_branch_dag.py for tasks to queue
[2024-04-21T14:30:03.200+0000] {logging_mixin.py:188} INFO - [2024-04-21T14:30:03.199+0000] {dagbag.py:540} INFO - Filling up the DagBag from /home/airflow/.local/lib/python3.12/site-packages/airflow/example_dags/example_nested_branch_dag.py
[2024-04-21T14:30:03.207+0000] {processor.py:840} INFO - DAG(s) 'example_nested_branch_dag' retrieved from /home/airflow/.local/lib/python3.12/site-packages/airflow/example_dags/example_nested_branch_dag.py
[2024-04-21T14:30:03.219+0000] {logging_mixin.py:188} INFO - [2024-04-21T14:30:03.218+0000] {dag.py:3096} INFO - Sync 1 DAGs
[2024-04-21T14:30:03.235+0000] {logging_mixin.py:188} INFO - [2024-04-21T14:30:03.234+0000] {dag.py:3954} INFO - Setting next_dagrun for example_nested_branch_dag to 2024-04-20 00:00:00+00:00, run_after=2024-04-21 00:00:00+00:00
[2024-04-21T14:30:03.246+0000] {processor.py:183} INFO - Processing /home/airflow/.local/lib/python3.12/site-packages/airflow/example_dags/example_nested_branch_dag.py took 0.053 seconds
[2024-04-21T14:30:34.224+0000] {processor.py:161} INFO - Started process (PID=613) to work on /home/airflow/.local/lib/python3.12/site-packages/airflow/example_dags/example_nested_branch_dag.py
[2024-04-21T14:30:34.225+0000] {processor.py:830} INFO - Processing file /home/airflow/.local/lib/python3.12/site-packages/airflow/example_dags/example_nested_branch_dag.py for tasks to queue
[2024-04-21T14:30:34.226+0000] {logging_mixin.py:188} INFO - [2024-04-21T14:30:34.226+0000] {dagbag.py:540} INFO - Filling up the DagBag from /home/airflow/.local/lib/python3.12/site-packages/airflow/example_dags/example_nested_branch_dag.py
[2024-04-21T14:30:34.233+0000] {processor.py:840} INFO - DAG(s) 'example_nested_branch_dag' retrieved from /home/airflow/.local/lib/python3.12/site-packages/airflow/example_dags/example_nested_branch_dag.py
[2024-04-21T14:30:34.297+0000] {logging_mixin.py:188} INFO - [2024-04-21T14:30:34.297+0000] {dag.py:3096} INFO - Sync 1 DAGs
[2024-04-21T14:30:34.309+0000] {logging_mixin.py:188} INFO - [2024-04-21T14:30:34.309+0000] {dag.py:3954} INFO - Setting next_dagrun for example_nested_branch_dag to 2024-04-20 00:00:00+00:00, run_after=2024-04-21 00:00:00+00:00
[2024-04-21T14:30:34.320+0000] {processor.py:183} INFO - Processing /home/airflow/.local/lib/python3.12/site-packages/airflow/example_dags/example_nested_branch_dag.py took 0.099 seconds
[2024-04-21T14:31:05.063+0000] {processor.py:161} INFO - Started process (PID=875) to work on /home/airflow/.local/lib/python3.12/site-packages/airflow/example_dags/example_nested_branch_dag.py
[2024-04-21T14:31:05.064+0000] {processor.py:830} INFO - Processing file /home/airflow/.local/lib/python3.12/site-packages/airflow/example_dags/example_nested_branch_dag.py for tasks to queue
[2024-04-21T14:31:05.065+0000] {logging_mixin.py:188} INFO - [2024-04-21T14:31:05.065+0000] {dagbag.py:540} INFO - Filling up the DagBag from /home/airflow/.local/lib/python3.12/site-packages/airflow/example_dags/example_nested_branch_dag.py
[2024-04-21T14:31:05.071+0000] {processor.py:840} INFO - DAG(s) 'example_nested_branch_dag' retrieved from /home/airflow/.local/lib/python3.12/site-packages/airflow/example_dags/example_nested_branch_dag.py
[2024-04-21T14:31:05.087+0000] {logging_mixin.py:188} INFO - [2024-04-21T14:31:05.087+0000] {dag.py:3096} INFO - Sync 1 DAGs
[2024-04-21T14:31:05.100+0000] {logging_mixin.py:188} INFO - [2024-04-21T14:31:05.100+0000] {dag.py:3954} INFO - Setting next_dagrun for example_nested_branch_dag to 2024-04-20 00:00:00+00:00, run_after=2024-04-21 00:00:00+00:00
[2024-04-21T14:31:05.110+0000] {processor.py:183} INFO - Processing /home/airflow/.local/lib/python3.12/site-packages/airflow/example_dags/example_nested_branch_dag.py took 0.052 seconds
[2024-04-21T14:31:35.622+0000] {processor.py:161} INFO - Started process (PID=1139) to work on /home/airflow/.local/lib/python3.12/site-packages/airflow/example_dags/example_nested_branch_dag.py
[2024-04-21T14:31:35.623+0000] {processor.py:830} INFO - Processing file /home/airflow/.local/lib/python3.12/site-packages/airflow/example_dags/example_nested_branch_dag.py for tasks to queue
[2024-04-21T14:31:35.624+0000] {logging_mixin.py:188} INFO - [2024-04-21T14:31:35.624+0000] {dagbag.py:540} INFO - Filling up the DagBag from /home/airflow/.local/lib/python3.12/site-packages/airflow/example_dags/example_nested_branch_dag.py
[2024-04-21T14:31:35.631+0000] {processor.py:840} INFO - DAG(s) 'example_nested_branch_dag' retrieved from /home/airflow/.local/lib/python3.12/site-packages/airflow/example_dags/example_nested_branch_dag.py
[2024-04-21T14:31:35.650+0000] {logging_mixin.py:188} INFO - [2024-04-21T14:31:35.650+0000] {dag.py:3096} INFO - Sync 1 DAGs
[2024-04-21T14:31:35.663+0000] {logging_mixin.py:188} INFO - [2024-04-21T14:31:35.663+0000] {dag.py:3954} INFO - Setting next_dagrun for example_nested_branch_dag to 2024-04-20 00:00:00+00:00, run_after=2024-04-21 00:00:00+00:00
[2024-04-21T14:31:35.674+0000] {processor.py:183} INFO - Processing /home/airflow/.local/lib/python3.12/site-packages/airflow/example_dags/example_nested_branch_dag.py took 0.056 seconds
[2024-04-21T14:32:06.230+0000] {processor.py:161} INFO - Started process (PID=1398) to work on /home/airflow/.local/lib/python3.12/site-packages/airflow/example_dags/example_nested_branch_dag.py
[2024-04-21T14:32:06.231+0000] {processor.py:830} INFO - Processing file /home/airflow/.local/lib/python3.12/site-packages/airflow/example_dags/example_nested_branch_dag.py for tasks to queue
[2024-04-21T14:32:06.232+0000] {logging_mixin.py:188} INFO - [2024-04-21T14:32:06.232+0000] {dagbag.py:540} INFO - Filling up the DagBag from /home/airflow/.local/lib/python3.12/site-packages/airflow/example_dags/example_nested_branch_dag.py
[2024-04-21T14:32:06.239+0000] {processor.py:840} INFO - DAG(s) 'example_nested_branch_dag' retrieved from /home/airflow/.local/lib/python3.12/site-packages/airflow/example_dags/example_nested_branch_dag.py
[2024-04-21T14:32:06.254+0000] {logging_mixin.py:188} INFO - [2024-04-21T14:32:06.254+0000] {dag.py:3096} INFO - Sync 1 DAGs
[2024-04-21T14:32:06.268+0000] {logging_mixin.py:188} INFO - [2024-04-21T14:32:06.268+0000] {dag.py:3954} INFO - Setting next_dagrun for example_nested_branch_dag to 2024-04-20 00:00:00+00:00, run_after=2024-04-21 00:00:00+00:00
[2024-04-21T14:32:06.278+0000] {processor.py:183} INFO - Processing /home/airflow/.local/lib/python3.12/site-packages/airflow/example_dags/example_nested_branch_dag.py took 0.052 seconds
[2024-04-21T14:32:36.651+0000] {processor.py:161} INFO - Started process (PID=1662) to work on /home/airflow/.local/lib/python3.12/site-packages/airflow/example_dags/example_nested_branch_dag.py
[2024-04-21T14:32:36.651+0000] {processor.py:830} INFO - Processing file /home/airflow/.local/lib/python3.12/site-packages/airflow/example_dags/example_nested_branch_dag.py for tasks to queue
[2024-04-21T14:32:36.653+0000] {logging_mixin.py:188} INFO - [2024-04-21T14:32:36.652+0000] {dagbag.py:540} INFO - Filling up the DagBag from /home/airflow/.local/lib/python3.12/site-packages/airflow/example_dags/example_nested_branch_dag.py
[2024-04-21T14:32:36.659+0000] {processor.py:840} INFO - DAG(s) 'example_nested_branch_dag' retrieved from /home/airflow/.local/lib/python3.12/site-packages/airflow/example_dags/example_nested_branch_dag.py
[2024-04-21T14:32:36.676+0000] {logging_mixin.py:188} INFO - [2024-04-21T14:32:36.676+0000] {dag.py:3096} INFO - Sync 1 DAGs
[2024-04-21T14:32:36.690+0000] {logging_mixin.py:188} INFO - [2024-04-21T14:32:36.689+0000] {dag.py:3954} INFO - Setting next_dagrun for example_nested_branch_dag to 2024-04-20 00:00:00+00:00, run_after=2024-04-21 00:00:00+00:00
[2024-04-21T14:32:36.699+0000] {processor.py:183} INFO - Processing /home/airflow/.local/lib/python3.12/site-packages/airflow/example_dags/example_nested_branch_dag.py took 0.052 seconds
[2024-04-21T14:33:07.189+0000] {processor.py:161} INFO - Started process (PID=1924) to work on /home/airflow/.local/lib/python3.12/site-packages/airflow/example_dags/example_nested_branch_dag.py
[2024-04-21T14:33:07.189+0000] {processor.py:830} INFO - Processing file /home/airflow/.local/lib/python3.12/site-packages/airflow/example_dags/example_nested_branch_dag.py for tasks to queue
[2024-04-21T14:33:07.191+0000] {logging_mixin.py:188} INFO - [2024-04-21T14:33:07.190+0000] {dagbag.py:540} INFO - Filling up the DagBag from /home/airflow/.local/lib/python3.12/site-packages/airflow/example_dags/example_nested_branch_dag.py
[2024-04-21T14:33:07.197+0000] {processor.py:840} INFO - DAG(s) 'example_nested_branch_dag' retrieved from /home/airflow/.local/lib/python3.12/site-packages/airflow/example_dags/example_nested_branch_dag.py
[2024-04-21T14:33:07.214+0000] {logging_mixin.py:188} INFO - [2024-04-21T14:33:07.214+0000] {dag.py:3096} INFO - Sync 1 DAGs
[2024-04-21T14:33:07.233+0000] {logging_mixin.py:188} INFO - [2024-04-21T14:33:07.233+0000] {dag.py:3954} INFO - Setting next_dagrun for example_nested_branch_dag to 2024-04-20 00:00:00+00:00, run_after=2024-04-21 00:00:00+00:00
[2024-04-21T14:33:07.245+0000] {processor.py:183} INFO - Processing /home/airflow/.local/lib/python3.12/site-packages/airflow/example_dags/example_nested_branch_dag.py took 0.060 seconds
[2024-04-21T14:33:37.778+0000] {processor.py:161} INFO - Started process (PID=2187) to work on /home/airflow/.local/lib/python3.12/site-packages/airflow/example_dags/example_nested_branch_dag.py
[2024-04-21T14:33:37.779+0000] {processor.py:830} INFO - Processing file /home/airflow/.local/lib/python3.12/site-packages/airflow/example_dags/example_nested_branch_dag.py for tasks to queue
[2024-04-21T14:33:37.780+0000] {logging_mixin.py:188} INFO - [2024-04-21T14:33:37.780+0000] {dagbag.py:540} INFO - Filling up the DagBag from /home/airflow/.local/lib/python3.12/site-packages/airflow/example_dags/example_nested_branch_dag.py
[2024-04-21T14:33:37.787+0000] {processor.py:840} INFO - DAG(s) 'example_nested_branch_dag' retrieved from /home/airflow/.local/lib/python3.12/site-packages/airflow/example_dags/example_nested_branch_dag.py
[2024-04-21T14:33:37.807+0000] {logging_mixin.py:188} INFO - [2024-04-21T14:33:37.807+0000] {dag.py:3096} INFO - Sync 1 DAGs
[2024-04-21T14:33:37.821+0000] {logging_mixin.py:188} INFO - [2024-04-21T14:33:37.820+0000] {dag.py:3954} INFO - Setting next_dagrun for example_nested_branch_dag to 2024-04-20 00:00:00+00:00, run_after=2024-04-21 00:00:00+00:00
[2024-04-21T14:33:37.831+0000] {processor.py:183} INFO - Processing /home/airflow/.local/lib/python3.12/site-packages/airflow/example_dags/example_nested_branch_dag.py took 0.057 seconds
[2024-04-21T14:34:08.507+0000] {processor.py:161} INFO - Started process (PID=2449) to work on /home/airflow/.local/lib/python3.12/site-packages/airflow/example_dags/example_nested_branch_dag.py
[2024-04-21T14:34:08.508+0000] {processor.py:830} INFO - Processing file /home/airflow/.local/lib/python3.12/site-packages/airflow/example_dags/example_nested_branch_dag.py for tasks to queue
[2024-04-21T14:34:08.509+0000] {logging_mixin.py:188} INFO - [2024-04-21T14:34:08.509+0000] {dagbag.py:540} INFO - Filling up the DagBag from /home/airflow/.local/lib/python3.12/site-packages/airflow/example_dags/example_nested_branch_dag.py
[2024-04-21T14:34:08.516+0000] {processor.py:840} INFO - DAG(s) 'example_nested_branch_dag' retrieved from /home/airflow/.local/lib/python3.12/site-packages/airflow/example_dags/example_nested_branch_dag.py
[2024-04-21T14:34:08.535+0000] {logging_mixin.py:188} INFO - [2024-04-21T14:34:08.534+0000] {dag.py:3096} INFO - Sync 1 DAGs
[2024-04-21T14:34:08.549+0000] {logging_mixin.py:188} INFO - [2024-04-21T14:34:08.549+0000] {dag.py:3954} INFO - Setting next_dagrun for example_nested_branch_dag to 2024-04-20 00:00:00+00:00, run_after=2024-04-21 00:00:00+00:00
[2024-04-21T14:34:08.561+0000] {processor.py:183} INFO - Processing /home/airflow/.local/lib/python3.12/site-packages/airflow/example_dags/example_nested_branch_dag.py took 0.058 seconds
[2024-04-21T14:34:38.645+0000] {processor.py:161} INFO - Started process (PID=2709) to work on /home/airflow/.local/lib/python3.12/site-packages/airflow/example_dags/example_nested_branch_dag.py
[2024-04-21T14:34:38.646+0000] {processor.py:830} INFO - Processing file /home/airflow/.local/lib/python3.12/site-packages/airflow/example_dags/example_nested_branch_dag.py for tasks to queue
[2024-04-21T14:34:38.647+0000] {logging_mixin.py:188} INFO - [2024-04-21T14:34:38.647+0000] {dagbag.py:540} INFO - Filling up the DagBag from /home/airflow/.local/lib/python3.12/site-packages/airflow/example_dags/example_nested_branch_dag.py
[2024-04-21T14:34:38.654+0000] {processor.py:840} INFO - DAG(s) 'example_nested_branch_dag' retrieved from /home/airflow/.local/lib/python3.12/site-packages/airflow/example_dags/example_nested_branch_dag.py
[2024-04-21T14:34:38.671+0000] {logging_mixin.py:188} INFO - [2024-04-21T14:34:38.670+0000] {dag.py:3096} INFO - Sync 1 DAGs
[2024-04-21T14:34:38.684+0000] {logging_mixin.py:188} INFO - [2024-04-21T14:34:38.683+0000] {dag.py:3954} INFO - Setting next_dagrun for example_nested_branch_dag to 2024-04-20 00:00:00+00:00, run_after=2024-04-21 00:00:00+00:00
[2024-04-21T14:34:38.694+0000] {processor.py:183} INFO - Processing /home/airflow/.local/lib/python3.12/site-packages/airflow/example_dags/example_nested_branch_dag.py took 0.053 seconds
[2024-04-21T14:36:11.172+0000] {processor.py:161} INFO - Started process (PID=2980) to work on /home/airflow/.local/lib/python3.12/site-packages/airflow/example_dags/example_nested_branch_dag.py
[2024-04-21T14:36:11.173+0000] {processor.py:830} INFO - Processing file /home/airflow/.local/lib/python3.12/site-packages/airflow/example_dags/example_nested_branch_dag.py for tasks to queue
[2024-04-21T14:36:11.174+0000] {logging_mixin.py:188} INFO - [2024-04-21T14:36:11.173+0000] {dagbag.py:540} INFO - Filling up the DagBag from /home/airflow/.local/lib/python3.12/site-packages/airflow/example_dags/example_nested_branch_dag.py
[2024-04-21T14:36:11.179+0000] {processor.py:840} INFO - DAG(s) 'example_nested_branch_dag' retrieved from /home/airflow/.local/lib/python3.12/site-packages/airflow/example_dags/example_nested_branch_dag.py
[2024-04-21T14:36:11.191+0000] {logging_mixin.py:188} INFO - [2024-04-21T14:36:11.191+0000] {dag.py:3096} INFO - Sync 1 DAGs
[2024-04-21T14:36:11.201+0000] {logging_mixin.py:188} INFO - [2024-04-21T14:36:11.201+0000] {dag.py:3954} INFO - Setting next_dagrun for example_nested_branch_dag to 2024-04-20 00:00:00+00:00, run_after=2024-04-21 00:00:00+00:00
[2024-04-21T14:36:11.209+0000] {processor.py:183} INFO - Processing /home/airflow/.local/lib/python3.12/site-packages/airflow/example_dags/example_nested_branch_dag.py took 0.040 seconds
[2024-04-21T14:36:42.149+0000] {processor.py:161} INFO - Started process (PID=3247) to work on /home/airflow/.local/lib/python3.12/site-packages/airflow/example_dags/example_nested_branch_dag.py
[2024-04-21T14:36:42.149+0000] {processor.py:830} INFO - Processing file /home/airflow/.local/lib/python3.12/site-packages/airflow/example_dags/example_nested_branch_dag.py for tasks to queue
[2024-04-21T14:36:42.150+0000] {logging_mixin.py:188} INFO - [2024-04-21T14:36:42.150+0000] {dagbag.py:540} INFO - Filling up the DagBag from /home/airflow/.local/lib/python3.12/site-packages/airflow/example_dags/example_nested_branch_dag.py
[2024-04-21T14:36:42.155+0000] {processor.py:840} INFO - DAG(s) 'example_nested_branch_dag' retrieved from /home/airflow/.local/lib/python3.12/site-packages/airflow/example_dags/example_nested_branch_dag.py
[2024-04-21T14:36:42.168+0000] {logging_mixin.py:188} INFO - [2024-04-21T14:36:42.167+0000] {dag.py:3096} INFO - Sync 1 DAGs
[2024-04-21T14:36:42.177+0000] {logging_mixin.py:188} INFO - [2024-04-21T14:36:42.177+0000] {dag.py:3954} INFO - Setting next_dagrun for example_nested_branch_dag to 2024-04-20 00:00:00+00:00, run_after=2024-04-21 00:00:00+00:00
[2024-04-21T14:36:42.184+0000] {processor.py:183} INFO - Processing /home/airflow/.local/lib/python3.12/site-packages/airflow/example_dags/example_nested_branch_dag.py took 0.038 seconds
[2024-04-21T14:37:12.407+0000] {processor.py:161} INFO - Started process (PID=3514) to work on /home/airflow/.local/lib/python3.12/site-packages/airflow/example_dags/example_nested_branch_dag.py
[2024-04-21T14:37:12.407+0000] {processor.py:830} INFO - Processing file /home/airflow/.local/lib/python3.12/site-packages/airflow/example_dags/example_nested_branch_dag.py for tasks to queue
[2024-04-21T14:37:12.408+0000] {logging_mixin.py:188} INFO - [2024-04-21T14:37:12.408+0000] {dagbag.py:540} INFO - Filling up the DagBag from /home/airflow/.local/lib/python3.12/site-packages/airflow/example_dags/example_nested_branch_dag.py
[2024-04-21T14:37:12.414+0000] {processor.py:840} INFO - DAG(s) 'example_nested_branch_dag' retrieved from /home/airflow/.local/lib/python3.12/site-packages/airflow/example_dags/example_nested_branch_dag.py
[2024-04-21T14:37:12.430+0000] {logging_mixin.py:188} INFO - [2024-04-21T14:37:12.429+0000] {dag.py:3096} INFO - Sync 1 DAGs
[2024-04-21T14:37:12.441+0000] {logging_mixin.py:188} INFO - [2024-04-21T14:37:12.440+0000] {dag.py:3954} INFO - Setting next_dagrun for example_nested_branch_dag to 2024-04-20 00:00:00+00:00, run_after=2024-04-21 00:00:00+00:00
[2024-04-21T14:37:12.449+0000] {processor.py:183} INFO - Processing /home/airflow/.local/lib/python3.12/site-packages/airflow/example_dags/example_nested_branch_dag.py took 0.046 seconds
[2024-04-21T14:37:42.465+0000] {processor.py:161} INFO - Started process (PID=3779) to work on /home/airflow/.local/lib/python3.12/site-packages/airflow/example_dags/example_nested_branch_dag.py
[2024-04-21T14:37:42.465+0000] {processor.py:830} INFO - Processing file /home/airflow/.local/lib/python3.12/site-packages/airflow/example_dags/example_nested_branch_dag.py for tasks to queue
[2024-04-21T14:37:42.467+0000] {logging_mixin.py:188} INFO - [2024-04-21T14:37:42.466+0000] {dagbag.py:540} INFO - Filling up the DagBag from /home/airflow/.local/lib/python3.12/site-packages/airflow/example_dags/example_nested_branch_dag.py
[2024-04-21T14:37:42.471+0000] {processor.py:840} INFO - DAG(s) 'example_nested_branch_dag' retrieved from /home/airflow/.local/lib/python3.12/site-packages/airflow/example_dags/example_nested_branch_dag.py
[2024-04-21T14:37:42.483+0000] {logging_mixin.py:188} INFO - [2024-04-21T14:37:42.483+0000] {dag.py:3096} INFO - Sync 1 DAGs
[2024-04-21T14:37:42.492+0000] {logging_mixin.py:188} INFO - [2024-04-21T14:37:42.492+0000] {dag.py:3954} INFO - Setting next_dagrun for example_nested_branch_dag to 2024-04-20 00:00:00+00:00, run_after=2024-04-21 00:00:00+00:00
[2024-04-21T14:37:42.499+0000] {processor.py:183} INFO - Processing /home/airflow/.local/lib/python3.12/site-packages/airflow/example_dags/example_nested_branch_dag.py took 0.037 seconds
[2024-04-21T14:53:48.113+0000] {processor.py:161} INFO - Started process (PID=4048) to work on /home/airflow/.local/lib/python3.12/site-packages/airflow/example_dags/example_nested_branch_dag.py
[2024-04-21T14:53:48.113+0000] {processor.py:830} INFO - Processing file /home/airflow/.local/lib/python3.12/site-packages/airflow/example_dags/example_nested_branch_dag.py for tasks to queue
[2024-04-21T14:53:48.114+0000] {logging_mixin.py:188} INFO - [2024-04-21T14:53:48.114+0000] {dagbag.py:540} INFO - Filling up the DagBag from /home/airflow/.local/lib/python3.12/site-packages/airflow/example_dags/example_nested_branch_dag.py
[2024-04-21T14:53:48.119+0000] {processor.py:840} INFO - DAG(s) 'example_nested_branch_dag' retrieved from /home/airflow/.local/lib/python3.12/site-packages/airflow/example_dags/example_nested_branch_dag.py
[2024-04-21T14:53:48.132+0000] {logging_mixin.py:188} INFO - [2024-04-21T14:53:48.131+0000] {dag.py:3096} INFO - Sync 1 DAGs
[2024-04-21T14:53:48.141+0000] {logging_mixin.py:188} INFO - [2024-04-21T14:53:48.141+0000] {dag.py:3954} INFO - Setting next_dagrun for example_nested_branch_dag to 2024-04-20 00:00:00+00:00, run_after=2024-04-21 00:00:00+00:00
[2024-04-21T14:53:48.149+0000] {processor.py:183} INFO - Processing /home/airflow/.local/lib/python3.12/site-packages/airflow/example_dags/example_nested_branch_dag.py took 0.039 seconds
[2024-04-21T14:54:19.011+0000] {processor.py:161} INFO - Started process (PID=4317) to work on /home/airflow/.local/lib/python3.12/site-packages/airflow/example_dags/example_nested_branch_dag.py
[2024-04-21T14:54:19.011+0000] {processor.py:830} INFO - Processing file /home/airflow/.local/lib/python3.12/site-packages/airflow/example_dags/example_nested_branch_dag.py for tasks to queue
[2024-04-21T14:54:19.013+0000] {logging_mixin.py:188} INFO - [2024-04-21T14:54:19.013+0000] {dagbag.py:540} INFO - Filling up the DagBag from /home/airflow/.local/lib/python3.12/site-packages/airflow/example_dags/example_nested_branch_dag.py
[2024-04-21T14:54:19.020+0000] {processor.py:840} INFO - DAG(s) 'example_nested_branch_dag' retrieved from /home/airflow/.local/lib/python3.12/site-packages/airflow/example_dags/example_nested_branch_dag.py
[2024-04-21T14:54:19.037+0000] {logging_mixin.py:188} INFO - [2024-04-21T14:54:19.037+0000] {dag.py:3096} INFO - Sync 1 DAGs
[2024-04-21T14:54:19.048+0000] {logging_mixin.py:188} INFO - [2024-04-21T14:54:19.048+0000] {dag.py:3954} INFO - Setting next_dagrun for example_nested_branch_dag to 2024-04-20 00:00:00+00:00, run_after=2024-04-21 00:00:00+00:00
[2024-04-21T14:54:19.056+0000] {processor.py:183} INFO - Processing /home/airflow/.local/lib/python3.12/site-packages/airflow/example_dags/example_nested_branch_dag.py took 0.049 seconds
[2024-04-21T14:54:49.091+0000] {processor.py:161} INFO - Started process (PID=4584) to work on /home/airflow/.local/lib/python3.12/site-packages/airflow/example_dags/example_nested_branch_dag.py
[2024-04-21T14:54:49.091+0000] {processor.py:830} INFO - Processing file /home/airflow/.local/lib/python3.12/site-packages/airflow/example_dags/example_nested_branch_dag.py for tasks to queue
[2024-04-21T14:54:49.092+0000] {logging_mixin.py:188} INFO - [2024-04-21T14:54:49.092+0000] {dagbag.py:540} INFO - Filling up the DagBag from /home/airflow/.local/lib/python3.12/site-packages/airflow/example_dags/example_nested_branch_dag.py
[2024-04-21T14:54:49.097+0000] {processor.py:840} INFO - DAG(s) 'example_nested_branch_dag' retrieved from /home/airflow/.local/lib/python3.12/site-packages/airflow/example_dags/example_nested_branch_dag.py
[2024-04-21T14:54:49.110+0000] {logging_mixin.py:188} INFO - [2024-04-21T14:54:49.110+0000] {dag.py:3096} INFO - Sync 1 DAGs
[2024-04-21T14:54:49.119+0000] {logging_mixin.py:188} INFO - [2024-04-21T14:54:49.119+0000] {dag.py:3954} INFO - Setting next_dagrun for example_nested_branch_dag to 2024-04-20 00:00:00+00:00, run_after=2024-04-21 00:00:00+00:00
[2024-04-21T14:54:49.127+0000] {processor.py:183} INFO - Processing /home/airflow/.local/lib/python3.12/site-packages/airflow/example_dags/example_nested_branch_dag.py took 0.039 seconds
[2024-04-21T14:55:19.974+0000] {processor.py:161} INFO - Started process (PID=4849) to work on /home/airflow/.local/lib/python3.12/site-packages/airflow/example_dags/example_nested_branch_dag.py
[2024-04-21T14:55:19.976+0000] {processor.py:830} INFO - Processing file /home/airflow/.local/lib/python3.12/site-packages/airflow/example_dags/example_nested_branch_dag.py for tasks to queue
[2024-04-21T14:55:19.977+0000] {logging_mixin.py:188} INFO - [2024-04-21T14:55:19.977+0000] {dagbag.py:540} INFO - Filling up the DagBag from /home/airflow/.local/lib/python3.12/site-packages/airflow/example_dags/example_nested_branch_dag.py
[2024-04-21T14:55:19.982+0000] {processor.py:840} INFO - DAG(s) 'example_nested_branch_dag' retrieved from /home/airflow/.local/lib/python3.12/site-packages/airflow/example_dags/example_nested_branch_dag.py
[2024-04-21T14:55:19.994+0000] {logging_mixin.py:188} INFO - [2024-04-21T14:55:19.994+0000] {dag.py:3096} INFO - Sync 1 DAGs
[2024-04-21T14:55:20.004+0000] {logging_mixin.py:188} INFO - [2024-04-21T14:55:20.004+0000] {dag.py:3954} INFO - Setting next_dagrun for example_nested_branch_dag to 2024-04-20 00:00:00+00:00, run_after=2024-04-21 00:00:00+00:00
[2024-04-21T14:55:20.011+0000] {processor.py:183} INFO - Processing /home/airflow/.local/lib/python3.12/site-packages/airflow/example_dags/example_nested_branch_dag.py took 0.040 seconds
[2024-04-21T14:55:50.827+0000] {processor.py:161} INFO - Started process (PID=5116) to work on /home/airflow/.local/lib/python3.12/site-packages/airflow/example_dags/example_nested_branch_dag.py
[2024-04-21T14:55:50.828+0000] {processor.py:830} INFO - Processing file /home/airflow/.local/lib/python3.12/site-packages/airflow/example_dags/example_nested_branch_dag.py for tasks to queue
[2024-04-21T14:55:50.829+0000] {logging_mixin.py:188} INFO - [2024-04-21T14:55:50.829+0000] {dagbag.py:540} INFO - Filling up the DagBag from /home/airflow/.local/lib/python3.12/site-packages/airflow/example_dags/example_nested_branch_dag.py
[2024-04-21T14:55:50.834+0000] {processor.py:840} INFO - DAG(s) 'example_nested_branch_dag' retrieved from /home/airflow/.local/lib/python3.12/site-packages/airflow/example_dags/example_nested_branch_dag.py
[2024-04-21T14:55:50.847+0000] {logging_mixin.py:188} INFO - [2024-04-21T14:55:50.847+0000] {dag.py:3096} INFO - Sync 1 DAGs
[2024-04-21T14:55:50.857+0000] {logging_mixin.py:188} INFO - [2024-04-21T14:55:50.857+0000] {dag.py:3954} INFO - Setting next_dagrun for example_nested_branch_dag to 2024-04-20 00:00:00+00:00, run_after=2024-04-21 00:00:00+00:00
[2024-04-21T14:55:50.864+0000] {processor.py:183} INFO - Processing /home/airflow/.local/lib/python3.12/site-packages/airflow/example_dags/example_nested_branch_dag.py took 0.040 seconds
[2024-04-21T14:56:21.644+0000] {processor.py:161} INFO - Started process (PID=5384) to work on /home/airflow/.local/lib/python3.12/site-packages/airflow/example_dags/example_nested_branch_dag.py
[2024-04-21T14:56:21.645+0000] {processor.py:830} INFO - Processing file /home/airflow/.local/lib/python3.12/site-packages/airflow/example_dags/example_nested_branch_dag.py for tasks to queue
[2024-04-21T14:56:21.646+0000] {logging_mixin.py:188} INFO - [2024-04-21T14:56:21.646+0000] {dagbag.py:540} INFO - Filling up the DagBag from /home/airflow/.local/lib/python3.12/site-packages/airflow/example_dags/example_nested_branch_dag.py
[2024-04-21T14:56:21.651+0000] {processor.py:840} INFO - DAG(s) 'example_nested_branch_dag' retrieved from /home/airflow/.local/lib/python3.12/site-packages/airflow/example_dags/example_nested_branch_dag.py
[2024-04-21T14:56:21.663+0000] {logging_mixin.py:188} INFO - [2024-04-21T14:56:21.663+0000] {dag.py:3096} INFO - Sync 1 DAGs
[2024-04-21T14:56:21.673+0000] {logging_mixin.py:188} INFO - [2024-04-21T14:56:21.673+0000] {dag.py:3954} INFO - Setting next_dagrun for example_nested_branch_dag to 2024-04-20 00:00:00+00:00, run_after=2024-04-21 00:00:00+00:00
[2024-04-21T14:56:21.680+0000] {processor.py:183} INFO - Processing /home/airflow/.local/lib/python3.12/site-packages/airflow/example_dags/example_nested_branch_dag.py took 0.039 seconds
[2024-04-21T14:56:52.658+0000] {processor.py:161} INFO - Started process (PID=5650) to work on /home/airflow/.local/lib/python3.12/site-packages/airflow/example_dags/example_nested_branch_dag.py
[2024-04-21T14:56:52.658+0000] {processor.py:830} INFO - Processing file /home/airflow/.local/lib/python3.12/site-packages/airflow/example_dags/example_nested_branch_dag.py for tasks to queue
[2024-04-21T14:56:52.659+0000] {logging_mixin.py:188} INFO - [2024-04-21T14:56:52.659+0000] {dagbag.py:540} INFO - Filling up the DagBag from /home/airflow/.local/lib/python3.12/site-packages/airflow/example_dags/example_nested_branch_dag.py
[2024-04-21T14:56:52.664+0000] {processor.py:840} INFO - DAG(s) 'example_nested_branch_dag' retrieved from /home/airflow/.local/lib/python3.12/site-packages/airflow/example_dags/example_nested_branch_dag.py
[2024-04-21T14:56:52.677+0000] {logging_mixin.py:188} INFO - [2024-04-21T14:56:52.677+0000] {dag.py:3096} INFO - Sync 1 DAGs
[2024-04-21T14:56:52.688+0000] {logging_mixin.py:188} INFO - [2024-04-21T14:56:52.688+0000] {dag.py:3954} INFO - Setting next_dagrun for example_nested_branch_dag to 2024-04-20 00:00:00+00:00, run_after=2024-04-21 00:00:00+00:00
[2024-04-21T14:56:52.696+0000] {processor.py:183} INFO - Processing /home/airflow/.local/lib/python3.12/site-packages/airflow/example_dags/example_nested_branch_dag.py took 0.041 seconds
[2024-04-21T14:57:22.772+0000] {processor.py:161} INFO - Started process (PID=5919) to work on /home/airflow/.local/lib/python3.12/site-packages/airflow/example_dags/example_nested_branch_dag.py
[2024-04-21T14:57:22.772+0000] {processor.py:830} INFO - Processing file /home/airflow/.local/lib/python3.12/site-packages/airflow/example_dags/example_nested_branch_dag.py for tasks to queue
[2024-04-21T14:57:22.774+0000] {logging_mixin.py:188} INFO - [2024-04-21T14:57:22.773+0000] {dagbag.py:540} INFO - Filling up the DagBag from /home/airflow/.local/lib/python3.12/site-packages/airflow/example_dags/example_nested_branch_dag.py
[2024-04-21T14:57:22.779+0000] {processor.py:840} INFO - DAG(s) 'example_nested_branch_dag' retrieved from /home/airflow/.local/lib/python3.12/site-packages/airflow/example_dags/example_nested_branch_dag.py
[2024-04-21T14:57:22.791+0000] {logging_mixin.py:188} INFO - [2024-04-21T14:57:22.791+0000] {dag.py:3096} INFO - Sync 1 DAGs
[2024-04-21T14:57:22.800+0000] {logging_mixin.py:188} INFO - [2024-04-21T14:57:22.800+0000] {dag.py:3954} INFO - Setting next_dagrun for example_nested_branch_dag to 2024-04-20 00:00:00+00:00, run_after=2024-04-21 00:00:00+00:00
[2024-04-21T14:57:22.807+0000] {processor.py:183} INFO - Processing /home/airflow/.local/lib/python3.12/site-packages/airflow/example_dags/example_nested_branch_dag.py took 0.038 seconds
[2024-04-21T14:57:52.903+0000] {processor.py:161} INFO - Started process (PID=6193) to work on /home/airflow/.local/lib/python3.12/site-packages/airflow/example_dags/example_nested_branch_dag.py
[2024-04-21T14:57:52.903+0000] {processor.py:830} INFO - Processing file /home/airflow/.local/lib/python3.12/site-packages/airflow/example_dags/example_nested_branch_dag.py for tasks to queue
[2024-04-21T14:57:52.905+0000] {logging_mixin.py:188} INFO - [2024-04-21T14:57:52.904+0000] {dagbag.py:540} INFO - Filling up the DagBag from /home/airflow/.local/lib/python3.12/site-packages/airflow/example_dags/example_nested_branch_dag.py
[2024-04-21T14:57:52.910+0000] {processor.py:840} INFO - DAG(s) 'example_nested_branch_dag' retrieved from /home/airflow/.local/lib/python3.12/site-packages/airflow/example_dags/example_nested_branch_dag.py
[2024-04-21T14:57:52.922+0000] {logging_mixin.py:188} INFO - [2024-04-21T14:57:52.922+0000] {dag.py:3096} INFO - Sync 1 DAGs
[2024-04-21T14:57:52.932+0000] {logging_mixin.py:188} INFO - [2024-04-21T14:57:52.931+0000] {dag.py:3954} INFO - Setting next_dagrun for example_nested_branch_dag to 2024-04-20 00:00:00+00:00, run_after=2024-04-21 00:00:00+00:00
[2024-04-21T14:57:52.938+0000] {processor.py:183} INFO - Processing /home/airflow/.local/lib/python3.12/site-packages/airflow/example_dags/example_nested_branch_dag.py took 0.039 seconds
[2024-04-21T14:58:23.946+0000] {processor.py:161} INFO - Started process (PID=6459) to work on /home/airflow/.local/lib/python3.12/site-packages/airflow/example_dags/example_nested_branch_dag.py
[2024-04-21T14:58:23.947+0000] {processor.py:830} INFO - Processing file /home/airflow/.local/lib/python3.12/site-packages/airflow/example_dags/example_nested_branch_dag.py for tasks to queue
[2024-04-21T14:58:23.948+0000] {logging_mixin.py:188} INFO - [2024-04-21T14:58:23.947+0000] {dagbag.py:540} INFO - Filling up the DagBag from /home/airflow/.local/lib/python3.12/site-packages/airflow/example_dags/example_nested_branch_dag.py
[2024-04-21T14:58:23.953+0000] {processor.py:840} INFO - DAG(s) 'example_nested_branch_dag' retrieved from /home/airflow/.local/lib/python3.12/site-packages/airflow/example_dags/example_nested_branch_dag.py
[2024-04-21T14:58:23.967+0000] {logging_mixin.py:188} INFO - [2024-04-21T14:58:23.967+0000] {dag.py:3096} INFO - Sync 1 DAGs
[2024-04-21T14:58:23.977+0000] {logging_mixin.py:188} INFO - [2024-04-21T14:58:23.977+0000] {dag.py:3954} INFO - Setting next_dagrun for example_nested_branch_dag to 2024-04-20 00:00:00+00:00, run_after=2024-04-21 00:00:00+00:00
[2024-04-21T14:58:23.987+0000] {processor.py:183} INFO - Processing /home/airflow/.local/lib/python3.12/site-packages/airflow/example_dags/example_nested_branch_dag.py took 0.044 seconds
[2024-04-21T14:58:54.499+0000] {processor.py:161} INFO - Started process (PID=6734) to work on /home/airflow/.local/lib/python3.12/site-packages/airflow/example_dags/example_nested_branch_dag.py
[2024-04-21T14:58:54.500+0000] {processor.py:830} INFO - Processing file /home/airflow/.local/lib/python3.12/site-packages/airflow/example_dags/example_nested_branch_dag.py for tasks to queue
[2024-04-21T14:58:54.501+0000] {logging_mixin.py:188} INFO - [2024-04-21T14:58:54.500+0000] {dagbag.py:540} INFO - Filling up the DagBag from /home/airflow/.local/lib/python3.12/site-packages/airflow/example_dags/example_nested_branch_dag.py
[2024-04-21T14:58:54.506+0000] {processor.py:840} INFO - DAG(s) 'example_nested_branch_dag' retrieved from /home/airflow/.local/lib/python3.12/site-packages/airflow/example_dags/example_nested_branch_dag.py
[2024-04-21T14:58:54.518+0000] {logging_mixin.py:188} INFO - [2024-04-21T14:58:54.518+0000] {dag.py:3096} INFO - Sync 1 DAGs
[2024-04-21T14:58:54.528+0000] {logging_mixin.py:188} INFO - [2024-04-21T14:58:54.528+0000] {dag.py:3954} INFO - Setting next_dagrun for example_nested_branch_dag to 2024-04-20 00:00:00+00:00, run_after=2024-04-21 00:00:00+00:00
[2024-04-21T14:58:54.536+0000] {processor.py:183} INFO - Processing /home/airflow/.local/lib/python3.12/site-packages/airflow/example_dags/example_nested_branch_dag.py took 0.039 seconds
[2024-04-21T14:59:25.288+0000] {processor.py:161} INFO - Started process (PID=7005) to work on /home/airflow/.local/lib/python3.12/site-packages/airflow/example_dags/example_nested_branch_dag.py
[2024-04-21T14:59:25.288+0000] {processor.py:830} INFO - Processing file /home/airflow/.local/lib/python3.12/site-packages/airflow/example_dags/example_nested_branch_dag.py for tasks to queue
[2024-04-21T14:59:25.289+0000] {logging_mixin.py:188} INFO - [2024-04-21T14:59:25.289+0000] {dagbag.py:540} INFO - Filling up the DagBag from /home/airflow/.local/lib/python3.12/site-packages/airflow/example_dags/example_nested_branch_dag.py
[2024-04-21T14:59:25.294+0000] {processor.py:840} INFO - DAG(s) 'example_nested_branch_dag' retrieved from /home/airflow/.local/lib/python3.12/site-packages/airflow/example_dags/example_nested_branch_dag.py
[2024-04-21T14:59:25.307+0000] {logging_mixin.py:188} INFO - [2024-04-21T14:59:25.307+0000] {dag.py:3096} INFO - Sync 1 DAGs
[2024-04-21T14:59:25.317+0000] {logging_mixin.py:188} INFO - [2024-04-21T14:59:25.317+0000] {dag.py:3954} INFO - Setting next_dagrun for example_nested_branch_dag to 2024-04-20 00:00:00+00:00, run_after=2024-04-21 00:00:00+00:00
[2024-04-21T14:59:25.324+0000] {processor.py:183} INFO - Processing /home/airflow/.local/lib/python3.12/site-packages/airflow/example_dags/example_nested_branch_dag.py took 0.039 seconds
[2024-04-21T14:59:56.042+0000] {processor.py:161} INFO - Started process (PID=7270) to work on /home/airflow/.local/lib/python3.12/site-packages/airflow/example_dags/example_nested_branch_dag.py
[2024-04-21T14:59:56.042+0000] {processor.py:830} INFO - Processing file /home/airflow/.local/lib/python3.12/site-packages/airflow/example_dags/example_nested_branch_dag.py for tasks to queue
[2024-04-21T14:59:56.043+0000] {logging_mixin.py:188} INFO - [2024-04-21T14:59:56.043+0000] {dagbag.py:540} INFO - Filling up the DagBag from /home/airflow/.local/lib/python3.12/site-packages/airflow/example_dags/example_nested_branch_dag.py
[2024-04-21T14:59:56.048+0000] {processor.py:840} INFO - DAG(s) 'example_nested_branch_dag' retrieved from /home/airflow/.local/lib/python3.12/site-packages/airflow/example_dags/example_nested_branch_dag.py
[2024-04-21T14:59:56.060+0000] {logging_mixin.py:188} INFO - [2024-04-21T14:59:56.060+0000] {dag.py:3096} INFO - Sync 1 DAGs
[2024-04-21T14:59:56.070+0000] {logging_mixin.py:188} INFO - [2024-04-21T14:59:56.070+0000] {dag.py:3954} INFO - Setting next_dagrun for example_nested_branch_dag to 2024-04-20 00:00:00+00:00, run_after=2024-04-21 00:00:00+00:00
[2024-04-21T14:59:56.077+0000] {processor.py:183} INFO - Processing /home/airflow/.local/lib/python3.12/site-packages/airflow/example_dags/example_nested_branch_dag.py took 0.039 seconds
[2024-04-21T15:00:26.937+0000] {processor.py:161} INFO - Started process (PID=7564) to work on /home/airflow/.local/lib/python3.12/site-packages/airflow/example_dags/example_nested_branch_dag.py
[2024-04-21T15:00:26.937+0000] {processor.py:830} INFO - Processing file /home/airflow/.local/lib/python3.12/site-packages/airflow/example_dags/example_nested_branch_dag.py for tasks to queue
[2024-04-21T15:00:26.938+0000] {logging_mixin.py:188} INFO - [2024-04-21T15:00:26.938+0000] {dagbag.py:540} INFO - Filling up the DagBag from /home/airflow/.local/lib/python3.12/site-packages/airflow/example_dags/example_nested_branch_dag.py
[2024-04-21T15:00:26.943+0000] {processor.py:840} INFO - DAG(s) 'example_nested_branch_dag' retrieved from /home/airflow/.local/lib/python3.12/site-packages/airflow/example_dags/example_nested_branch_dag.py
[2024-04-21T15:00:26.955+0000] {logging_mixin.py:188} INFO - [2024-04-21T15:00:26.955+0000] {dag.py:3096} INFO - Sync 1 DAGs
[2024-04-21T15:00:26.965+0000] {logging_mixin.py:188} INFO - [2024-04-21T15:00:26.965+0000] {dag.py:3954} INFO - Setting next_dagrun for example_nested_branch_dag to 2024-04-20 00:00:00+00:00, run_after=2024-04-21 00:00:00+00:00
[2024-04-21T15:00:26.972+0000] {processor.py:183} INFO - Processing /home/airflow/.local/lib/python3.12/site-packages/airflow/example_dags/example_nested_branch_dag.py took 0.038 seconds
[2024-04-21T15:00:57.953+0000] {processor.py:161} INFO - Started process (PID=7829) to work on /home/airflow/.local/lib/python3.12/site-packages/airflow/example_dags/example_nested_branch_dag.py
[2024-04-21T15:00:57.954+0000] {processor.py:830} INFO - Processing file /home/airflow/.local/lib/python3.12/site-packages/airflow/example_dags/example_nested_branch_dag.py for tasks to queue
[2024-04-21T15:00:57.955+0000] {logging_mixin.py:188} INFO - [2024-04-21T15:00:57.955+0000] {dagbag.py:540} INFO - Filling up the DagBag from /home/airflow/.local/lib/python3.12/site-packages/airflow/example_dags/example_nested_branch_dag.py
[2024-04-21T15:00:57.960+0000] {processor.py:840} INFO - DAG(s) 'example_nested_branch_dag' retrieved from /home/airflow/.local/lib/python3.12/site-packages/airflow/example_dags/example_nested_branch_dag.py
[2024-04-21T15:00:57.974+0000] {logging_mixin.py:188} INFO - [2024-04-21T15:00:57.974+0000] {dag.py:3096} INFO - Sync 1 DAGs
[2024-04-21T15:00:57.985+0000] {logging_mixin.py:188} INFO - [2024-04-21T15:00:57.984+0000] {dag.py:3954} INFO - Setting next_dagrun for example_nested_branch_dag to 2024-04-20 00:00:00+00:00, run_after=2024-04-21 00:00:00+00:00
[2024-04-21T15:00:57.993+0000] {processor.py:183} INFO - Processing /home/airflow/.local/lib/python3.12/site-packages/airflow/example_dags/example_nested_branch_dag.py took 0.043 seconds
[2024-04-21T15:01:28.215+0000] {processor.py:161} INFO - Started process (PID=8098) to work on /home/airflow/.local/lib/python3.12/site-packages/airflow/example_dags/example_nested_branch_dag.py
[2024-04-21T15:01:28.215+0000] {processor.py:830} INFO - Processing file /home/airflow/.local/lib/python3.12/site-packages/airflow/example_dags/example_nested_branch_dag.py for tasks to queue
[2024-04-21T15:01:28.217+0000] {logging_mixin.py:188} INFO - [2024-04-21T15:01:28.216+0000] {dagbag.py:540} INFO - Filling up the DagBag from /home/airflow/.local/lib/python3.12/site-packages/airflow/example_dags/example_nested_branch_dag.py
[2024-04-21T15:01:28.222+0000] {processor.py:840} INFO - DAG(s) 'example_nested_branch_dag' retrieved from /home/airflow/.local/lib/python3.12/site-packages/airflow/example_dags/example_nested_branch_dag.py
[2024-04-21T15:01:28.235+0000] {logging_mixin.py:188} INFO - [2024-04-21T15:01:28.235+0000] {dag.py:3096} INFO - Sync 1 DAGs
[2024-04-21T15:01:28.246+0000] {logging_mixin.py:188} INFO - [2024-04-21T15:01:28.245+0000] {dag.py:3954} INFO - Setting next_dagrun for example_nested_branch_dag to 2024-04-20 00:00:00+00:00, run_after=2024-04-21 00:00:00+00:00
[2024-04-21T15:01:28.254+0000] {processor.py:183} INFO - Processing /home/airflow/.local/lib/python3.12/site-packages/airflow/example_dags/example_nested_branch_dag.py took 0.042 seconds
[2024-04-21T15:01:58.280+0000] {processor.py:161} INFO - Started process (PID=8380) to work on /home/airflow/.local/lib/python3.12/site-packages/airflow/example_dags/example_nested_branch_dag.py
[2024-04-21T15:01:58.280+0000] {processor.py:830} INFO - Processing file /home/airflow/.local/lib/python3.12/site-packages/airflow/example_dags/example_nested_branch_dag.py for tasks to queue
[2024-04-21T15:01:58.281+0000] {logging_mixin.py:188} INFO - [2024-04-21T15:01:58.281+0000] {dagbag.py:540} INFO - Filling up the DagBag from /home/airflow/.local/lib/python3.12/site-packages/airflow/example_dags/example_nested_branch_dag.py
[2024-04-21T15:01:58.286+0000] {processor.py:840} INFO - DAG(s) 'example_nested_branch_dag' retrieved from /home/airflow/.local/lib/python3.12/site-packages/airflow/example_dags/example_nested_branch_dag.py
[2024-04-21T15:01:58.299+0000] {logging_mixin.py:188} INFO - [2024-04-21T15:01:58.299+0000] {dag.py:3096} INFO - Sync 1 DAGs
[2024-04-21T15:01:58.308+0000] {logging_mixin.py:188} INFO - [2024-04-21T15:01:58.308+0000] {dag.py:3954} INFO - Setting next_dagrun for example_nested_branch_dag to 2024-04-20 00:00:00+00:00, run_after=2024-04-21 00:00:00+00:00
[2024-04-21T15:01:58.316+0000] {processor.py:183} INFO - Processing /home/airflow/.local/lib/python3.12/site-packages/airflow/example_dags/example_nested_branch_dag.py took 0.039 seconds
[2024-04-21T15:02:29.112+0000] {processor.py:161} INFO - Started process (PID=8652) to work on /home/airflow/.local/lib/python3.12/site-packages/airflow/example_dags/example_nested_branch_dag.py
[2024-04-21T15:02:29.112+0000] {processor.py:830} INFO - Processing file /home/airflow/.local/lib/python3.12/site-packages/airflow/example_dags/example_nested_branch_dag.py for tasks to queue
[2024-04-21T15:02:29.113+0000] {logging_mixin.py:188} INFO - [2024-04-21T15:02:29.113+0000] {dagbag.py:540} INFO - Filling up the DagBag from /home/airflow/.local/lib/python3.12/site-packages/airflow/example_dags/example_nested_branch_dag.py
[2024-04-21T15:02:29.118+0000] {processor.py:840} INFO - DAG(s) 'example_nested_branch_dag' retrieved from /home/airflow/.local/lib/python3.12/site-packages/airflow/example_dags/example_nested_branch_dag.py
[2024-04-21T15:02:29.130+0000] {logging_mixin.py:188} INFO - [2024-04-21T15:02:29.130+0000] {dag.py:3096} INFO - Sync 1 DAGs
[2024-04-21T15:02:29.139+0000] {logging_mixin.py:188} INFO - [2024-04-21T15:02:29.139+0000] {dag.py:3954} INFO - Setting next_dagrun for example_nested_branch_dag to 2024-04-20 00:00:00+00:00, run_after=2024-04-21 00:00:00+00:00
[2024-04-21T15:02:29.146+0000] {processor.py:183} INFO - Processing /home/airflow/.local/lib/python3.12/site-packages/airflow/example_dags/example_nested_branch_dag.py took 0.038 seconds
[2024-04-21T15:02:59.997+0000] {processor.py:161} INFO - Started process (PID=8930) to work on /home/airflow/.local/lib/python3.12/site-packages/airflow/example_dags/example_nested_branch_dag.py
[2024-04-21T15:02:59.997+0000] {processor.py:830} INFO - Processing file /home/airflow/.local/lib/python3.12/site-packages/airflow/example_dags/example_nested_branch_dag.py for tasks to queue
[2024-04-21T15:02:59.998+0000] {logging_mixin.py:188} INFO - [2024-04-21T15:02:59.998+0000] {dagbag.py:540} INFO - Filling up the DagBag from /home/airflow/.local/lib/python3.12/site-packages/airflow/example_dags/example_nested_branch_dag.py
[2024-04-21T15:03:00.003+0000] {processor.py:840} INFO - DAG(s) 'example_nested_branch_dag' retrieved from /home/airflow/.local/lib/python3.12/site-packages/airflow/example_dags/example_nested_branch_dag.py
[2024-04-21T15:03:00.018+0000] {logging_mixin.py:188} INFO - [2024-04-21T15:03:00.018+0000] {dag.py:3096} INFO - Sync 1 DAGs
[2024-04-21T15:03:00.028+0000] {logging_mixin.py:188} INFO - [2024-04-21T15:03:00.028+0000] {dag.py:3954} INFO - Setting next_dagrun for example_nested_branch_dag to 2024-04-20 00:00:00+00:00, run_after=2024-04-21 00:00:00+00:00
[2024-04-21T15:03:00.035+0000] {processor.py:183} INFO - Processing /home/airflow/.local/lib/python3.12/site-packages/airflow/example_dags/example_nested_branch_dag.py took 0.041 seconds
[2024-04-21T15:03:30.883+0000] {processor.py:161} INFO - Started process (PID=9195) to work on /home/airflow/.local/lib/python3.12/site-packages/airflow/example_dags/example_nested_branch_dag.py
[2024-04-21T15:03:30.883+0000] {processor.py:830} INFO - Processing file /home/airflow/.local/lib/python3.12/site-packages/airflow/example_dags/example_nested_branch_dag.py for tasks to queue
[2024-04-21T15:03:30.884+0000] {logging_mixin.py:188} INFO - [2024-04-21T15:03:30.884+0000] {dagbag.py:540} INFO - Filling up the DagBag from /home/airflow/.local/lib/python3.12/site-packages/airflow/example_dags/example_nested_branch_dag.py
[2024-04-21T15:03:30.889+0000] {processor.py:840} INFO - DAG(s) 'example_nested_branch_dag' retrieved from /home/airflow/.local/lib/python3.12/site-packages/airflow/example_dags/example_nested_branch_dag.py
[2024-04-21T15:03:30.901+0000] {logging_mixin.py:188} INFO - [2024-04-21T15:03:30.901+0000] {dag.py:3096} INFO - Sync 1 DAGs
[2024-04-21T15:03:30.910+0000] {logging_mixin.py:188} INFO - [2024-04-21T15:03:30.910+0000] {dag.py:3954} INFO - Setting next_dagrun for example_nested_branch_dag to 2024-04-20 00:00:00+00:00, run_after=2024-04-21 00:00:00+00:00
[2024-04-21T15:03:30.917+0000] {processor.py:183} INFO - Processing /home/airflow/.local/lib/python3.12/site-packages/airflow/example_dags/example_nested_branch_dag.py took 0.037 seconds
[2024-04-21T15:04:01.824+0000] {processor.py:161} INFO - Started process (PID=9464) to work on /home/airflow/.local/lib/python3.12/site-packages/airflow/example_dags/example_nested_branch_dag.py
[2024-04-21T15:04:01.824+0000] {processor.py:830} INFO - Processing file /home/airflow/.local/lib/python3.12/site-packages/airflow/example_dags/example_nested_branch_dag.py for tasks to queue
[2024-04-21T15:04:01.825+0000] {logging_mixin.py:188} INFO - [2024-04-21T15:04:01.825+0000] {dagbag.py:540} INFO - Filling up the DagBag from /home/airflow/.local/lib/python3.12/site-packages/airflow/example_dags/example_nested_branch_dag.py
[2024-04-21T15:04:01.830+0000] {processor.py:840} INFO - DAG(s) 'example_nested_branch_dag' retrieved from /home/airflow/.local/lib/python3.12/site-packages/airflow/example_dags/example_nested_branch_dag.py
[2024-04-21T15:04:01.842+0000] {logging_mixin.py:188} INFO - [2024-04-21T15:04:01.842+0000] {dag.py:3096} INFO - Sync 1 DAGs
[2024-04-21T15:04:01.852+0000] {logging_mixin.py:188} INFO - [2024-04-21T15:04:01.852+0000] {dag.py:3954} INFO - Setting next_dagrun for example_nested_branch_dag to 2024-04-20 00:00:00+00:00, run_after=2024-04-21 00:00:00+00:00
[2024-04-21T15:04:01.859+0000] {processor.py:183} INFO - Processing /home/airflow/.local/lib/python3.12/site-packages/airflow/example_dags/example_nested_branch_dag.py took 0.038 seconds
[2024-04-21T15:04:32.664+0000] {processor.py:161} INFO - Started process (PID=9729) to work on /home/airflow/.local/lib/python3.12/site-packages/airflow/example_dags/example_nested_branch_dag.py
[2024-04-21T15:04:32.664+0000] {processor.py:830} INFO - Processing file /home/airflow/.local/lib/python3.12/site-packages/airflow/example_dags/example_nested_branch_dag.py for tasks to queue
[2024-04-21T15:04:32.665+0000] {logging_mixin.py:188} INFO - [2024-04-21T15:04:32.665+0000] {dagbag.py:540} INFO - Filling up the DagBag from /home/airflow/.local/lib/python3.12/site-packages/airflow/example_dags/example_nested_branch_dag.py
[2024-04-21T15:04:32.670+0000] {processor.py:840} INFO - DAG(s) 'example_nested_branch_dag' retrieved from /home/airflow/.local/lib/python3.12/site-packages/airflow/example_dags/example_nested_branch_dag.py
[2024-04-21T15:04:32.681+0000] {logging_mixin.py:188} INFO - [2024-04-21T15:04:32.681+0000] {dag.py:3096} INFO - Sync 1 DAGs
[2024-04-21T15:04:32.691+0000] {logging_mixin.py:188} INFO - [2024-04-21T15:04:32.691+0000] {dag.py:3954} INFO - Setting next_dagrun for example_nested_branch_dag to 2024-04-20 00:00:00+00:00, run_after=2024-04-21 00:00:00+00:00
[2024-04-21T15:04:32.698+0000] {processor.py:183} INFO - Processing /home/airflow/.local/lib/python3.12/site-packages/airflow/example_dags/example_nested_branch_dag.py took 0.037 seconds
[2024-04-21T15:05:03.543+0000] {processor.py:161} INFO - Started process (PID=9997) to work on /home/airflow/.local/lib/python3.12/site-packages/airflow/example_dags/example_nested_branch_dag.py
[2024-04-21T15:05:03.544+0000] {processor.py:830} INFO - Processing file /home/airflow/.local/lib/python3.12/site-packages/airflow/example_dags/example_nested_branch_dag.py for tasks to queue
[2024-04-21T15:05:03.545+0000] {logging_mixin.py:188} INFO - [2024-04-21T15:05:03.545+0000] {dagbag.py:540} INFO - Filling up the DagBag from /home/airflow/.local/lib/python3.12/site-packages/airflow/example_dags/example_nested_branch_dag.py
[2024-04-21T15:05:03.550+0000] {processor.py:840} INFO - DAG(s) 'example_nested_branch_dag' retrieved from /home/airflow/.local/lib/python3.12/site-packages/airflow/example_dags/example_nested_branch_dag.py
[2024-04-21T15:05:03.564+0000] {logging_mixin.py:188} INFO - [2024-04-21T15:05:03.564+0000] {dag.py:3096} INFO - Sync 1 DAGs
[2024-04-21T15:05:03.574+0000] {logging_mixin.py:188} INFO - [2024-04-21T15:05:03.574+0000] {dag.py:3954} INFO - Setting next_dagrun for example_nested_branch_dag to 2024-04-20 00:00:00+00:00, run_after=2024-04-21 00:00:00+00:00
[2024-04-21T15:05:03.582+0000] {processor.py:183} INFO - Processing /home/airflow/.local/lib/python3.12/site-packages/airflow/example_dags/example_nested_branch_dag.py took 0.042 seconds
[2024-04-21T15:05:34.379+0000] {processor.py:161} INFO - Started process (PID=10264) to work on /home/airflow/.local/lib/python3.12/site-packages/airflow/example_dags/example_nested_branch_dag.py
[2024-04-21T15:05:34.380+0000] {processor.py:830} INFO - Processing file /home/airflow/.local/lib/python3.12/site-packages/airflow/example_dags/example_nested_branch_dag.py for tasks to queue
[2024-04-21T15:05:34.381+0000] {logging_mixin.py:188} INFO - [2024-04-21T15:05:34.380+0000] {dagbag.py:540} INFO - Filling up the DagBag from /home/airflow/.local/lib/python3.12/site-packages/airflow/example_dags/example_nested_branch_dag.py
[2024-04-21T15:05:34.386+0000] {processor.py:840} INFO - DAG(s) 'example_nested_branch_dag' retrieved from /home/airflow/.local/lib/python3.12/site-packages/airflow/example_dags/example_nested_branch_dag.py
[2024-04-21T15:05:34.398+0000] {logging_mixin.py:188} INFO - [2024-04-21T15:05:34.398+0000] {dag.py:3096} INFO - Sync 1 DAGs
[2024-04-21T15:05:34.407+0000] {logging_mixin.py:188} INFO - [2024-04-21T15:05:34.407+0000] {dag.py:3954} INFO - Setting next_dagrun for example_nested_branch_dag to 2024-04-20 00:00:00+00:00, run_after=2024-04-21 00:00:00+00:00
[2024-04-21T15:05:34.414+0000] {processor.py:183} INFO - Processing /home/airflow/.local/lib/python3.12/site-packages/airflow/example_dags/example_nested_branch_dag.py took 0.037 seconds
[2024-04-21T15:06:05.308+0000] {processor.py:161} INFO - Started process (PID=10531) to work on /home/airflow/.local/lib/python3.12/site-packages/airflow/example_dags/example_nested_branch_dag.py
[2024-04-21T15:06:05.309+0000] {processor.py:830} INFO - Processing file /home/airflow/.local/lib/python3.12/site-packages/airflow/example_dags/example_nested_branch_dag.py for tasks to queue
[2024-04-21T15:06:05.310+0000] {logging_mixin.py:188} INFO - [2024-04-21T15:06:05.310+0000] {dagbag.py:540} INFO - Filling up the DagBag from /home/airflow/.local/lib/python3.12/site-packages/airflow/example_dags/example_nested_branch_dag.py
[2024-04-21T15:06:05.315+0000] {processor.py:840} INFO - DAG(s) 'example_nested_branch_dag' retrieved from /home/airflow/.local/lib/python3.12/site-packages/airflow/example_dags/example_nested_branch_dag.py
[2024-04-21T15:06:05.329+0000] {logging_mixin.py:188} INFO - [2024-04-21T15:06:05.329+0000] {dag.py:3096} INFO - Sync 1 DAGs
[2024-04-21T15:06:05.339+0000] {logging_mixin.py:188} INFO - [2024-04-21T15:06:05.339+0000] {dag.py:3954} INFO - Setting next_dagrun for example_nested_branch_dag to 2024-04-20 00:00:00+00:00, run_after=2024-04-21 00:00:00+00:00
[2024-04-21T15:06:05.346+0000] {processor.py:183} INFO - Processing /home/airflow/.local/lib/python3.12/site-packages/airflow/example_dags/example_nested_branch_dag.py took 0.041 seconds
[2024-04-21T15:06:36.208+0000] {processor.py:161} INFO - Started process (PID=10798) to work on /home/airflow/.local/lib/python3.12/site-packages/airflow/example_dags/example_nested_branch_dag.py
[2024-04-21T15:06:36.209+0000] {processor.py:830} INFO - Processing file /home/airflow/.local/lib/python3.12/site-packages/airflow/example_dags/example_nested_branch_dag.py for tasks to queue
[2024-04-21T15:06:36.210+0000] {logging_mixin.py:188} INFO - [2024-04-21T15:06:36.210+0000] {dagbag.py:540} INFO - Filling up the DagBag from /home/airflow/.local/lib/python3.12/site-packages/airflow/example_dags/example_nested_branch_dag.py
[2024-04-21T15:06:36.215+0000] {processor.py:840} INFO - DAG(s) 'example_nested_branch_dag' retrieved from /home/airflow/.local/lib/python3.12/site-packages/airflow/example_dags/example_nested_branch_dag.py
[2024-04-21T15:06:36.228+0000] {logging_mixin.py:188} INFO - [2024-04-21T15:06:36.228+0000] {dag.py:3096} INFO - Sync 1 DAGs
[2024-04-21T15:06:36.238+0000] {logging_mixin.py:188} INFO - [2024-04-21T15:06:36.238+0000] {dag.py:3954} INFO - Setting next_dagrun for example_nested_branch_dag to 2024-04-20 00:00:00+00:00, run_after=2024-04-21 00:00:00+00:00
[2024-04-21T15:06:36.245+0000] {processor.py:183} INFO - Processing /home/airflow/.local/lib/python3.12/site-packages/airflow/example_dags/example_nested_branch_dag.py took 0.040 seconds
[2024-04-21T15:07:06.347+0000] {processor.py:161} INFO - Started process (PID=11063) to work on /home/airflow/.local/lib/python3.12/site-packages/airflow/example_dags/example_nested_branch_dag.py
[2024-04-21T15:07:06.347+0000] {processor.py:830} INFO - Processing file /home/airflow/.local/lib/python3.12/site-packages/airflow/example_dags/example_nested_branch_dag.py for tasks to queue
[2024-04-21T15:07:06.348+0000] {logging_mixin.py:188} INFO - [2024-04-21T15:07:06.348+0000] {dagbag.py:540} INFO - Filling up the DagBag from /home/airflow/.local/lib/python3.12/site-packages/airflow/example_dags/example_nested_branch_dag.py
[2024-04-21T15:07:06.353+0000] {processor.py:840} INFO - DAG(s) 'example_nested_branch_dag' retrieved from /home/airflow/.local/lib/python3.12/site-packages/airflow/example_dags/example_nested_branch_dag.py
[2024-04-21T15:07:06.365+0000] {logging_mixin.py:188} INFO - [2024-04-21T15:07:06.365+0000] {dag.py:3096} INFO - Sync 1 DAGs
[2024-04-21T15:07:06.374+0000] {logging_mixin.py:188} INFO - [2024-04-21T15:07:06.374+0000] {dag.py:3954} INFO - Setting next_dagrun for example_nested_branch_dag to 2024-04-20 00:00:00+00:00, run_after=2024-04-21 00:00:00+00:00
[2024-04-21T15:07:06.381+0000] {processor.py:183} INFO - Processing /home/airflow/.local/lib/python3.12/site-packages/airflow/example_dags/example_nested_branch_dag.py took 0.037 seconds
[2024-04-21T15:07:36.673+0000] {processor.py:161} INFO - Started process (PID=11354) to work on /home/airflow/.local/lib/python3.12/site-packages/airflow/example_dags/example_nested_branch_dag.py
[2024-04-21T15:07:36.673+0000] {processor.py:830} INFO - Processing file /home/airflow/.local/lib/python3.12/site-packages/airflow/example_dags/example_nested_branch_dag.py for tasks to queue
[2024-04-21T15:07:36.674+0000] {logging_mixin.py:188} INFO - [2024-04-21T15:07:36.674+0000] {dagbag.py:540} INFO - Filling up the DagBag from /home/airflow/.local/lib/python3.12/site-packages/airflow/example_dags/example_nested_branch_dag.py
[2024-04-21T15:07:36.679+0000] {processor.py:840} INFO - DAG(s) 'example_nested_branch_dag' retrieved from /home/airflow/.local/lib/python3.12/site-packages/airflow/example_dags/example_nested_branch_dag.py
[2024-04-21T15:07:36.692+0000] {logging_mixin.py:188} INFO - [2024-04-21T15:07:36.692+0000] {dag.py:3096} INFO - Sync 1 DAGs
[2024-04-21T15:07:36.702+0000] {logging_mixin.py:188} INFO - [2024-04-21T15:07:36.701+0000] {dag.py:3954} INFO - Setting next_dagrun for example_nested_branch_dag to 2024-04-20 00:00:00+00:00, run_after=2024-04-21 00:00:00+00:00
[2024-04-21T15:07:36.709+0000] {processor.py:183} INFO - Processing /home/airflow/.local/lib/python3.12/site-packages/airflow/example_dags/example_nested_branch_dag.py took 0.039 seconds
[2024-04-21T15:08:06.762+0000] {processor.py:161} INFO - Started process (PID=11632) to work on /home/airflow/.local/lib/python3.12/site-packages/airflow/example_dags/example_nested_branch_dag.py
[2024-04-21T15:08:06.763+0000] {processor.py:830} INFO - Processing file /home/airflow/.local/lib/python3.12/site-packages/airflow/example_dags/example_nested_branch_dag.py for tasks to queue
[2024-04-21T15:08:06.764+0000] {logging_mixin.py:188} INFO - [2024-04-21T15:08:06.764+0000] {dagbag.py:540} INFO - Filling up the DagBag from /home/airflow/.local/lib/python3.12/site-packages/airflow/example_dags/example_nested_branch_dag.py
[2024-04-21T15:08:06.769+0000] {processor.py:840} INFO - DAG(s) 'example_nested_branch_dag' retrieved from /home/airflow/.local/lib/python3.12/site-packages/airflow/example_dags/example_nested_branch_dag.py
[2024-04-21T15:08:06.782+0000] {logging_mixin.py:188} INFO - [2024-04-21T15:08:06.782+0000] {dag.py:3096} INFO - Sync 1 DAGs
[2024-04-21T15:08:06.792+0000] {logging_mixin.py:188} INFO - [2024-04-21T15:08:06.792+0000] {dag.py:3954} INFO - Setting next_dagrun for example_nested_branch_dag to 2024-04-20 00:00:00+00:00, run_after=2024-04-21 00:00:00+00:00
[2024-04-21T15:08:06.799+0000] {processor.py:183} INFO - Processing /home/airflow/.local/lib/python3.12/site-packages/airflow/example_dags/example_nested_branch_dag.py took 0.040 seconds
[2024-04-21T15:08:37.669+0000] {processor.py:161} INFO - Started process (PID=11911) to work on /home/airflow/.local/lib/python3.12/site-packages/airflow/example_dags/example_nested_branch_dag.py
[2024-04-21T15:08:37.670+0000] {processor.py:830} INFO - Processing file /home/airflow/.local/lib/python3.12/site-packages/airflow/example_dags/example_nested_branch_dag.py for tasks to queue
[2024-04-21T15:08:37.671+0000] {logging_mixin.py:188} INFO - [2024-04-21T15:08:37.670+0000] {dagbag.py:540} INFO - Filling up the DagBag from /home/airflow/.local/lib/python3.12/site-packages/airflow/example_dags/example_nested_branch_dag.py
[2024-04-21T15:08:37.675+0000] {processor.py:840} INFO - DAG(s) 'example_nested_branch_dag' retrieved from /home/airflow/.local/lib/python3.12/site-packages/airflow/example_dags/example_nested_branch_dag.py
[2024-04-21T15:08:37.687+0000] {logging_mixin.py:188} INFO - [2024-04-21T15:08:37.687+0000] {dag.py:3096} INFO - Sync 1 DAGs
[2024-04-21T15:08:37.696+0000] {logging_mixin.py:188} INFO - [2024-04-21T15:08:37.696+0000] {dag.py:3954} INFO - Setting next_dagrun for example_nested_branch_dag to 2024-04-20 00:00:00+00:00, run_after=2024-04-21 00:00:00+00:00
[2024-04-21T15:08:37.703+0000] {processor.py:183} INFO - Processing /home/airflow/.local/lib/python3.12/site-packages/airflow/example_dags/example_nested_branch_dag.py took 0.037 seconds
[2024-04-21T15:09:08.621+0000] {processor.py:161} INFO - Started process (PID=12181) to work on /home/airflow/.local/lib/python3.12/site-packages/airflow/example_dags/example_nested_branch_dag.py
[2024-04-21T15:09:08.621+0000] {processor.py:830} INFO - Processing file /home/airflow/.local/lib/python3.12/site-packages/airflow/example_dags/example_nested_branch_dag.py for tasks to queue
[2024-04-21T15:09:08.622+0000] {logging_mixin.py:188} INFO - [2024-04-21T15:09:08.622+0000] {dagbag.py:540} INFO - Filling up the DagBag from /home/airflow/.local/lib/python3.12/site-packages/airflow/example_dags/example_nested_branch_dag.py
[2024-04-21T15:09:08.628+0000] {processor.py:840} INFO - DAG(s) 'example_nested_branch_dag' retrieved from /home/airflow/.local/lib/python3.12/site-packages/airflow/example_dags/example_nested_branch_dag.py
[2024-04-21T15:09:08.640+0000] {logging_mixin.py:188} INFO - [2024-04-21T15:09:08.640+0000] {dag.py:3096} INFO - Sync 1 DAGs
[2024-04-21T15:09:08.650+0000] {logging_mixin.py:188} INFO - [2024-04-21T15:09:08.650+0000] {dag.py:3954} INFO - Setting next_dagrun for example_nested_branch_dag to 2024-04-20 00:00:00+00:00, run_after=2024-04-21 00:00:00+00:00
[2024-04-21T15:09:08.657+0000] {processor.py:183} INFO - Processing /home/airflow/.local/lib/python3.12/site-packages/airflow/example_dags/example_nested_branch_dag.py took 0.039 seconds
[2024-04-21T15:09:39.402+0000] {processor.py:161} INFO - Started process (PID=12448) to work on /home/airflow/.local/lib/python3.12/site-packages/airflow/example_dags/example_nested_branch_dag.py
[2024-04-21T15:09:39.403+0000] {processor.py:830} INFO - Processing file /home/airflow/.local/lib/python3.12/site-packages/airflow/example_dags/example_nested_branch_dag.py for tasks to queue
[2024-04-21T15:09:39.404+0000] {logging_mixin.py:188} INFO - [2024-04-21T15:09:39.404+0000] {dagbag.py:540} INFO - Filling up the DagBag from /home/airflow/.local/lib/python3.12/site-packages/airflow/example_dags/example_nested_branch_dag.py
[2024-04-21T15:09:39.409+0000] {processor.py:840} INFO - DAG(s) 'example_nested_branch_dag' retrieved from /home/airflow/.local/lib/python3.12/site-packages/airflow/example_dags/example_nested_branch_dag.py
[2024-04-21T15:09:39.423+0000] {logging_mixin.py:188} INFO - [2024-04-21T15:09:39.423+0000] {dag.py:3096} INFO - Sync 1 DAGs
[2024-04-21T15:09:39.433+0000] {logging_mixin.py:188} INFO - [2024-04-21T15:09:39.433+0000] {dag.py:3954} INFO - Setting next_dagrun for example_nested_branch_dag to 2024-04-20 00:00:00+00:00, run_after=2024-04-21 00:00:00+00:00
[2024-04-21T15:09:39.441+0000] {processor.py:183} INFO - Processing /home/airflow/.local/lib/python3.12/site-packages/airflow/example_dags/example_nested_branch_dag.py took 0.042 seconds
[2024-04-21T15:10:10.484+0000] {processor.py:161} INFO - Started process (PID=12715) to work on /home/airflow/.local/lib/python3.12/site-packages/airflow/example_dags/example_nested_branch_dag.py
[2024-04-21T15:10:10.484+0000] {processor.py:830} INFO - Processing file /home/airflow/.local/lib/python3.12/site-packages/airflow/example_dags/example_nested_branch_dag.py for tasks to queue
[2024-04-21T15:10:10.485+0000] {logging_mixin.py:188} INFO - [2024-04-21T15:10:10.485+0000] {dagbag.py:540} INFO - Filling up the DagBag from /home/airflow/.local/lib/python3.12/site-packages/airflow/example_dags/example_nested_branch_dag.py
[2024-04-21T15:10:10.490+0000] {processor.py:840} INFO - DAG(s) 'example_nested_branch_dag' retrieved from /home/airflow/.local/lib/python3.12/site-packages/airflow/example_dags/example_nested_branch_dag.py
[2024-04-21T15:10:10.503+0000] {logging_mixin.py:188} INFO - [2024-04-21T15:10:10.503+0000] {dag.py:3096} INFO - Sync 1 DAGs
[2024-04-21T15:10:10.513+0000] {logging_mixin.py:188} INFO - [2024-04-21T15:10:10.513+0000] {dag.py:3954} INFO - Setting next_dagrun for example_nested_branch_dag to 2024-04-20 00:00:00+00:00, run_after=2024-04-21 00:00:00+00:00
[2024-04-21T15:10:10.520+0000] {processor.py:183} INFO - Processing /home/airflow/.local/lib/python3.12/site-packages/airflow/example_dags/example_nested_branch_dag.py took 0.039 seconds
[2024-04-21T15:10:40.891+0000] {processor.py:161} INFO - Started process (PID=12987) to work on /home/airflow/.local/lib/python3.12/site-packages/airflow/example_dags/example_nested_branch_dag.py
[2024-04-21T15:10:40.891+0000] {processor.py:830} INFO - Processing file /home/airflow/.local/lib/python3.12/site-packages/airflow/example_dags/example_nested_branch_dag.py for tasks to queue
[2024-04-21T15:10:40.893+0000] {logging_mixin.py:188} INFO - [2024-04-21T15:10:40.892+0000] {dagbag.py:540} INFO - Filling up the DagBag from /home/airflow/.local/lib/python3.12/site-packages/airflow/example_dags/example_nested_branch_dag.py
[2024-04-21T15:10:40.899+0000] {processor.py:840} INFO - DAG(s) 'example_nested_branch_dag' retrieved from /home/airflow/.local/lib/python3.12/site-packages/airflow/example_dags/example_nested_branch_dag.py
[2024-04-21T15:10:40.913+0000] {logging_mixin.py:188} INFO - [2024-04-21T15:10:40.913+0000] {dag.py:3096} INFO - Sync 1 DAGs
[2024-04-21T15:10:40.926+0000] {logging_mixin.py:188} INFO - [2024-04-21T15:10:40.926+0000] {dag.py:3954} INFO - Setting next_dagrun for example_nested_branch_dag to 2024-04-20 00:00:00+00:00, run_after=2024-04-21 00:00:00+00:00
[2024-04-21T15:10:40.935+0000] {processor.py:183} INFO - Processing /home/airflow/.local/lib/python3.12/site-packages/airflow/example_dags/example_nested_branch_dag.py took 0.048 seconds
[2024-04-21T15:11:11.808+0000] {processor.py:161} INFO - Started process (PID=13268) to work on /home/airflow/.local/lib/python3.12/site-packages/airflow/example_dags/example_nested_branch_dag.py
[2024-04-21T15:11:11.809+0000] {processor.py:830} INFO - Processing file /home/airflow/.local/lib/python3.12/site-packages/airflow/example_dags/example_nested_branch_dag.py for tasks to queue
[2024-04-21T15:11:11.810+0000] {logging_mixin.py:188} INFO - [2024-04-21T15:11:11.810+0000] {dagbag.py:540} INFO - Filling up the DagBag from /home/airflow/.local/lib/python3.12/site-packages/airflow/example_dags/example_nested_branch_dag.py
[2024-04-21T15:11:11.815+0000] {processor.py:840} INFO - DAG(s) 'example_nested_branch_dag' retrieved from /home/airflow/.local/lib/python3.12/site-packages/airflow/example_dags/example_nested_branch_dag.py
[2024-04-21T15:11:11.831+0000] {logging_mixin.py:188} INFO - [2024-04-21T15:11:11.830+0000] {dag.py:3096} INFO - Sync 1 DAGs
[2024-04-21T15:11:11.843+0000] {logging_mixin.py:188} INFO - [2024-04-21T15:11:11.843+0000] {dag.py:3954} INFO - Setting next_dagrun for example_nested_branch_dag to 2024-04-20 00:00:00+00:00, run_after=2024-04-21 00:00:00+00:00
[2024-04-21T15:11:11.856+0000] {processor.py:183} INFO - Processing /home/airflow/.local/lib/python3.12/site-packages/airflow/example_dags/example_nested_branch_dag.py took 0.051 seconds
[2024-04-21T15:11:42.741+0000] {processor.py:161} INFO - Started process (PID=13538) to work on /home/airflow/.local/lib/python3.12/site-packages/airflow/example_dags/example_nested_branch_dag.py
[2024-04-21T15:11:42.742+0000] {processor.py:830} INFO - Processing file /home/airflow/.local/lib/python3.12/site-packages/airflow/example_dags/example_nested_branch_dag.py for tasks to queue
[2024-04-21T15:11:42.743+0000] {logging_mixin.py:188} INFO - [2024-04-21T15:11:42.743+0000] {dagbag.py:540} INFO - Filling up the DagBag from /home/airflow/.local/lib/python3.12/site-packages/airflow/example_dags/example_nested_branch_dag.py
[2024-04-21T15:11:42.748+0000] {processor.py:840} INFO - DAG(s) 'example_nested_branch_dag' retrieved from /home/airflow/.local/lib/python3.12/site-packages/airflow/example_dags/example_nested_branch_dag.py
[2024-04-21T15:11:42.760+0000] {logging_mixin.py:188} INFO - [2024-04-21T15:11:42.760+0000] {dag.py:3096} INFO - Sync 1 DAGs
[2024-04-21T15:11:42.769+0000] {logging_mixin.py:188} INFO - [2024-04-21T15:11:42.769+0000] {dag.py:3954} INFO - Setting next_dagrun for example_nested_branch_dag to 2024-04-20 00:00:00+00:00, run_after=2024-04-21 00:00:00+00:00
[2024-04-21T15:11:42.776+0000] {processor.py:183} INFO - Processing /home/airflow/.local/lib/python3.12/site-packages/airflow/example_dags/example_nested_branch_dag.py took 0.037 seconds
[2024-04-21T15:12:13.831+0000] {processor.py:161} INFO - Started process (PID=13822) to work on /home/airflow/.local/lib/python3.12/site-packages/airflow/example_dags/example_nested_branch_dag.py
[2024-04-21T15:12:13.831+0000] {processor.py:830} INFO - Processing file /home/airflow/.local/lib/python3.12/site-packages/airflow/example_dags/example_nested_branch_dag.py for tasks to queue
[2024-04-21T15:12:13.832+0000] {logging_mixin.py:188} INFO - [2024-04-21T15:12:13.832+0000] {dagbag.py:540} INFO - Filling up the DagBag from /home/airflow/.local/lib/python3.12/site-packages/airflow/example_dags/example_nested_branch_dag.py
[2024-04-21T15:12:13.838+0000] {processor.py:840} INFO - DAG(s) 'example_nested_branch_dag' retrieved from /home/airflow/.local/lib/python3.12/site-packages/airflow/example_dags/example_nested_branch_dag.py
[2024-04-21T15:12:13.852+0000] {logging_mixin.py:188} INFO - [2024-04-21T15:12:13.852+0000] {dag.py:3096} INFO - Sync 1 DAGs
[2024-04-21T15:12:13.862+0000] {logging_mixin.py:188} INFO - [2024-04-21T15:12:13.862+0000] {dag.py:3954} INFO - Setting next_dagrun for example_nested_branch_dag to 2024-04-20 00:00:00+00:00, run_after=2024-04-21 00:00:00+00:00
[2024-04-21T15:12:13.870+0000] {processor.py:183} INFO - Processing /home/airflow/.local/lib/python3.12/site-packages/airflow/example_dags/example_nested_branch_dag.py took 0.043 seconds
[2024-04-21T15:12:44.585+0000] {processor.py:161} INFO - Started process (PID=14098) to work on /home/airflow/.local/lib/python3.12/site-packages/airflow/example_dags/example_nested_branch_dag.py
[2024-04-21T15:12:44.585+0000] {processor.py:830} INFO - Processing file /home/airflow/.local/lib/python3.12/site-packages/airflow/example_dags/example_nested_branch_dag.py for tasks to queue
[2024-04-21T15:12:44.586+0000] {logging_mixin.py:188} INFO - [2024-04-21T15:12:44.586+0000] {dagbag.py:540} INFO - Filling up the DagBag from /home/airflow/.local/lib/python3.12/site-packages/airflow/example_dags/example_nested_branch_dag.py
[2024-04-21T15:12:44.592+0000] {processor.py:840} INFO - DAG(s) 'example_nested_branch_dag' retrieved from /home/airflow/.local/lib/python3.12/site-packages/airflow/example_dags/example_nested_branch_dag.py
[2024-04-21T15:12:44.604+0000] {logging_mixin.py:188} INFO - [2024-04-21T15:12:44.604+0000] {dag.py:3096} INFO - Sync 1 DAGs
[2024-04-21T15:12:44.614+0000] {logging_mixin.py:188} INFO - [2024-04-21T15:12:44.614+0000] {dag.py:3954} INFO - Setting next_dagrun for example_nested_branch_dag to 2024-04-20 00:00:00+00:00, run_after=2024-04-21 00:00:00+00:00
[2024-04-21T15:12:44.622+0000] {processor.py:183} INFO - Processing /home/airflow/.local/lib/python3.12/site-packages/airflow/example_dags/example_nested_branch_dag.py took 0.040 seconds
[2024-04-21T15:13:15.579+0000] {processor.py:161} INFO - Started process (PID=14382) to work on /home/airflow/.local/lib/python3.12/site-packages/airflow/example_dags/example_nested_branch_dag.py
[2024-04-21T15:13:15.579+0000] {processor.py:830} INFO - Processing file /home/airflow/.local/lib/python3.12/site-packages/airflow/example_dags/example_nested_branch_dag.py for tasks to queue
[2024-04-21T15:13:15.580+0000] {logging_mixin.py:188} INFO - [2024-04-21T15:13:15.580+0000] {dagbag.py:540} INFO - Filling up the DagBag from /home/airflow/.local/lib/python3.12/site-packages/airflow/example_dags/example_nested_branch_dag.py
[2024-04-21T15:13:15.585+0000] {processor.py:840} INFO - DAG(s) 'example_nested_branch_dag' retrieved from /home/airflow/.local/lib/python3.12/site-packages/airflow/example_dags/example_nested_branch_dag.py
[2024-04-21T15:13:15.597+0000] {logging_mixin.py:188} INFO - [2024-04-21T15:13:15.596+0000] {dag.py:3096} INFO - Sync 1 DAGs
[2024-04-21T15:13:15.606+0000] {logging_mixin.py:188} INFO - [2024-04-21T15:13:15.606+0000] {dag.py:3954} INFO - Setting next_dagrun for example_nested_branch_dag to 2024-04-20 00:00:00+00:00, run_after=2024-04-21 00:00:00+00:00
[2024-04-21T15:13:15.612+0000] {processor.py:183} INFO - Processing /home/airflow/.local/lib/python3.12/site-packages/airflow/example_dags/example_nested_branch_dag.py took 0.037 seconds
[2024-04-21T15:13:46.637+0000] {processor.py:161} INFO - Started process (PID=14650) to work on /home/airflow/.local/lib/python3.12/site-packages/airflow/example_dags/example_nested_branch_dag.py
[2024-04-21T15:13:46.637+0000] {processor.py:830} INFO - Processing file /home/airflow/.local/lib/python3.12/site-packages/airflow/example_dags/example_nested_branch_dag.py for tasks to queue
[2024-04-21T15:13:46.638+0000] {logging_mixin.py:188} INFO - [2024-04-21T15:13:46.638+0000] {dagbag.py:540} INFO - Filling up the DagBag from /home/airflow/.local/lib/python3.12/site-packages/airflow/example_dags/example_nested_branch_dag.py
[2024-04-21T15:13:46.643+0000] {processor.py:840} INFO - DAG(s) 'example_nested_branch_dag' retrieved from /home/airflow/.local/lib/python3.12/site-packages/airflow/example_dags/example_nested_branch_dag.py
[2024-04-21T15:13:46.656+0000] {logging_mixin.py:188} INFO - [2024-04-21T15:13:46.656+0000] {dag.py:3096} INFO - Sync 1 DAGs
[2024-04-21T15:13:46.666+0000] {logging_mixin.py:188} INFO - [2024-04-21T15:13:46.666+0000] {dag.py:3954} INFO - Setting next_dagrun for example_nested_branch_dag to 2024-04-20 00:00:00+00:00, run_after=2024-04-21 00:00:00+00:00
[2024-04-21T15:13:46.674+0000] {processor.py:183} INFO - Processing /home/airflow/.local/lib/python3.12/site-packages/airflow/example_dags/example_nested_branch_dag.py took 0.040 seconds
[2024-04-21T15:14:17.740+0000] {processor.py:161} INFO - Started process (PID=14917) to work on /home/airflow/.local/lib/python3.12/site-packages/airflow/example_dags/example_nested_branch_dag.py
[2024-04-21T15:14:17.741+0000] {processor.py:830} INFO - Processing file /home/airflow/.local/lib/python3.12/site-packages/airflow/example_dags/example_nested_branch_dag.py for tasks to queue
[2024-04-21T15:14:17.742+0000] {logging_mixin.py:188} INFO - [2024-04-21T15:14:17.742+0000] {dagbag.py:540} INFO - Filling up the DagBag from /home/airflow/.local/lib/python3.12/site-packages/airflow/example_dags/example_nested_branch_dag.py
[2024-04-21T15:14:17.747+0000] {processor.py:840} INFO - DAG(s) 'example_nested_branch_dag' retrieved from /home/airflow/.local/lib/python3.12/site-packages/airflow/example_dags/example_nested_branch_dag.py
[2024-04-21T15:14:17.760+0000] {logging_mixin.py:188} INFO - [2024-04-21T15:14:17.760+0000] {dag.py:3096} INFO - Sync 1 DAGs
[2024-04-21T15:14:17.769+0000] {logging_mixin.py:188} INFO - [2024-04-21T15:14:17.769+0000] {dag.py:3954} INFO - Setting next_dagrun for example_nested_branch_dag to 2024-04-20 00:00:00+00:00, run_after=2024-04-21 00:00:00+00:00
[2024-04-21T15:14:17.776+0000] {processor.py:183} INFO - Processing /home/airflow/.local/lib/python3.12/site-packages/airflow/example_dags/example_nested_branch_dag.py took 0.039 seconds
[2024-04-21T15:14:47.871+0000] {processor.py:161} INFO - Started process (PID=15183) to work on /home/airflow/.local/lib/python3.12/site-packages/airflow/example_dags/example_nested_branch_dag.py
[2024-04-21T15:14:47.872+0000] {processor.py:830} INFO - Processing file /home/airflow/.local/lib/python3.12/site-packages/airflow/example_dags/example_nested_branch_dag.py for tasks to queue
[2024-04-21T15:14:47.873+0000] {logging_mixin.py:188} INFO - [2024-04-21T15:14:47.872+0000] {dagbag.py:540} INFO - Filling up the DagBag from /home/airflow/.local/lib/python3.12/site-packages/airflow/example_dags/example_nested_branch_dag.py
[2024-04-21T15:14:47.877+0000] {processor.py:840} INFO - DAG(s) 'example_nested_branch_dag' retrieved from /home/airflow/.local/lib/python3.12/site-packages/airflow/example_dags/example_nested_branch_dag.py
[2024-04-21T15:14:47.890+0000] {logging_mixin.py:188} INFO - [2024-04-21T15:14:47.890+0000] {dag.py:3096} INFO - Sync 1 DAGs
[2024-04-21T15:14:47.899+0000] {logging_mixin.py:188} INFO - [2024-04-21T15:14:47.899+0000] {dag.py:3954} INFO - Setting next_dagrun for example_nested_branch_dag to 2024-04-20 00:00:00+00:00, run_after=2024-04-21 00:00:00+00:00
[2024-04-21T15:14:47.906+0000] {processor.py:183} INFO - Processing /home/airflow/.local/lib/python3.12/site-packages/airflow/example_dags/example_nested_branch_dag.py took 0.038 seconds
[2024-04-21T15:15:17.955+0000] {processor.py:161} INFO - Started process (PID=15450) to work on /home/airflow/.local/lib/python3.12/site-packages/airflow/example_dags/example_nested_branch_dag.py
[2024-04-21T15:15:17.956+0000] {processor.py:830} INFO - Processing file /home/airflow/.local/lib/python3.12/site-packages/airflow/example_dags/example_nested_branch_dag.py for tasks to queue
[2024-04-21T15:15:17.957+0000] {logging_mixin.py:188} INFO - [2024-04-21T15:15:17.956+0000] {dagbag.py:540} INFO - Filling up the DagBag from /home/airflow/.local/lib/python3.12/site-packages/airflow/example_dags/example_nested_branch_dag.py
[2024-04-21T15:15:17.962+0000] {processor.py:840} INFO - DAG(s) 'example_nested_branch_dag' retrieved from /home/airflow/.local/lib/python3.12/site-packages/airflow/example_dags/example_nested_branch_dag.py
[2024-04-21T15:15:17.974+0000] {logging_mixin.py:188} INFO - [2024-04-21T15:15:17.974+0000] {dag.py:3096} INFO - Sync 1 DAGs
[2024-04-21T15:15:17.983+0000] {logging_mixin.py:188} INFO - [2024-04-21T15:15:17.983+0000] {dag.py:3954} INFO - Setting next_dagrun for example_nested_branch_dag to 2024-04-20 00:00:00+00:00, run_after=2024-04-21 00:00:00+00:00
[2024-04-21T15:15:17.990+0000] {processor.py:183} INFO - Processing /home/airflow/.local/lib/python3.12/site-packages/airflow/example_dags/example_nested_branch_dag.py took 0.038 seconds
[2024-04-21T15:15:48.199+0000] {processor.py:161} INFO - Started process (PID=15717) to work on /home/airflow/.local/lib/python3.12/site-packages/airflow/example_dags/example_nested_branch_dag.py
[2024-04-21T15:15:48.199+0000] {processor.py:830} INFO - Processing file /home/airflow/.local/lib/python3.12/site-packages/airflow/example_dags/example_nested_branch_dag.py for tasks to queue
[2024-04-21T15:15:48.201+0000] {logging_mixin.py:188} INFO - [2024-04-21T15:15:48.200+0000] {dagbag.py:540} INFO - Filling up the DagBag from /home/airflow/.local/lib/python3.12/site-packages/airflow/example_dags/example_nested_branch_dag.py
[2024-04-21T15:15:48.206+0000] {processor.py:840} INFO - DAG(s) 'example_nested_branch_dag' retrieved from /home/airflow/.local/lib/python3.12/site-packages/airflow/example_dags/example_nested_branch_dag.py
[2024-04-21T15:15:48.219+0000] {logging_mixin.py:188} INFO - [2024-04-21T15:15:48.219+0000] {dag.py:3096} INFO - Sync 1 DAGs
[2024-04-21T15:15:48.228+0000] {logging_mixin.py:188} INFO - [2024-04-21T15:15:48.228+0000] {dag.py:3954} INFO - Setting next_dagrun for example_nested_branch_dag to 2024-04-20 00:00:00+00:00, run_after=2024-04-21 00:00:00+00:00
[2024-04-21T15:15:48.235+0000] {processor.py:183} INFO - Processing /home/airflow/.local/lib/python3.12/site-packages/airflow/example_dags/example_nested_branch_dag.py took 0.039 seconds
[2024-04-21T15:16:18.448+0000] {processor.py:161} INFO - Started process (PID=15984) to work on /home/airflow/.local/lib/python3.12/site-packages/airflow/example_dags/example_nested_branch_dag.py
[2024-04-21T15:16:18.448+0000] {processor.py:830} INFO - Processing file /home/airflow/.local/lib/python3.12/site-packages/airflow/example_dags/example_nested_branch_dag.py for tasks to queue
[2024-04-21T15:16:18.449+0000] {logging_mixin.py:188} INFO - [2024-04-21T15:16:18.449+0000] {dagbag.py:540} INFO - Filling up the DagBag from /home/airflow/.local/lib/python3.12/site-packages/airflow/example_dags/example_nested_branch_dag.py
[2024-04-21T15:16:18.454+0000] {processor.py:840} INFO - DAG(s) 'example_nested_branch_dag' retrieved from /home/airflow/.local/lib/python3.12/site-packages/airflow/example_dags/example_nested_branch_dag.py
[2024-04-21T15:16:18.467+0000] {logging_mixin.py:188} INFO - [2024-04-21T15:16:18.466+0000] {dag.py:3096} INFO - Sync 1 DAGs
[2024-04-21T15:16:18.476+0000] {logging_mixin.py:188} INFO - [2024-04-21T15:16:18.476+0000] {dag.py:3954} INFO - Setting next_dagrun for example_nested_branch_dag to 2024-04-20 00:00:00+00:00, run_after=2024-04-21 00:00:00+00:00
[2024-04-21T15:16:18.483+0000] {processor.py:183} INFO - Processing /home/airflow/.local/lib/python3.12/site-packages/airflow/example_dags/example_nested_branch_dag.py took 0.039 seconds
[2024-04-21T15:16:48.761+0000] {processor.py:161} INFO - Started process (PID=16252) to work on /home/airflow/.local/lib/python3.12/site-packages/airflow/example_dags/example_nested_branch_dag.py
[2024-04-21T15:16:48.762+0000] {processor.py:830} INFO - Processing file /home/airflow/.local/lib/python3.12/site-packages/airflow/example_dags/example_nested_branch_dag.py for tasks to queue
[2024-04-21T15:16:48.763+0000] {logging_mixin.py:188} INFO - [2024-04-21T15:16:48.763+0000] {dagbag.py:540} INFO - Filling up the DagBag from /home/airflow/.local/lib/python3.12/site-packages/airflow/example_dags/example_nested_branch_dag.py
[2024-04-21T15:16:48.768+0000] {processor.py:840} INFO - DAG(s) 'example_nested_branch_dag' retrieved from /home/airflow/.local/lib/python3.12/site-packages/airflow/example_dags/example_nested_branch_dag.py
[2024-04-21T15:16:48.781+0000] {logging_mixin.py:188} INFO - [2024-04-21T15:16:48.781+0000] {dag.py:3096} INFO - Sync 1 DAGs
[2024-04-21T15:16:48.791+0000] {logging_mixin.py:188} INFO - [2024-04-21T15:16:48.790+0000] {dag.py:3954} INFO - Setting next_dagrun for example_nested_branch_dag to 2024-04-20 00:00:00+00:00, run_after=2024-04-21 00:00:00+00:00
[2024-04-21T15:16:48.798+0000] {processor.py:183} INFO - Processing /home/airflow/.local/lib/python3.12/site-packages/airflow/example_dags/example_nested_branch_dag.py took 0.039 seconds
[2024-04-21T15:17:18.944+0000] {processor.py:161} INFO - Started process (PID=16517) to work on /home/airflow/.local/lib/python3.12/site-packages/airflow/example_dags/example_nested_branch_dag.py
[2024-04-21T15:17:18.945+0000] {processor.py:830} INFO - Processing file /home/airflow/.local/lib/python3.12/site-packages/airflow/example_dags/example_nested_branch_dag.py for tasks to queue
[2024-04-21T15:17:18.946+0000] {logging_mixin.py:188} INFO - [2024-04-21T15:17:18.945+0000] {dagbag.py:540} INFO - Filling up the DagBag from /home/airflow/.local/lib/python3.12/site-packages/airflow/example_dags/example_nested_branch_dag.py
[2024-04-21T15:17:18.951+0000] {processor.py:840} INFO - DAG(s) 'example_nested_branch_dag' retrieved from /home/airflow/.local/lib/python3.12/site-packages/airflow/example_dags/example_nested_branch_dag.py
[2024-04-21T15:17:18.963+0000] {logging_mixin.py:188} INFO - [2024-04-21T15:17:18.963+0000] {dag.py:3096} INFO - Sync 1 DAGs
[2024-04-21T15:17:18.973+0000] {logging_mixin.py:188} INFO - [2024-04-21T15:17:18.973+0000] {dag.py:3954} INFO - Setting next_dagrun for example_nested_branch_dag to 2024-04-20 00:00:00+00:00, run_after=2024-04-21 00:00:00+00:00
[2024-04-21T15:17:18.980+0000] {processor.py:183} INFO - Processing /home/airflow/.local/lib/python3.12/site-packages/airflow/example_dags/example_nested_branch_dag.py took 0.039 seconds
[2024-04-21T15:17:49.948+0000] {processor.py:161} INFO - Started process (PID=16786) to work on /home/airflow/.local/lib/python3.12/site-packages/airflow/example_dags/example_nested_branch_dag.py
[2024-04-21T15:17:49.949+0000] {processor.py:830} INFO - Processing file /home/airflow/.local/lib/python3.12/site-packages/airflow/example_dags/example_nested_branch_dag.py for tasks to queue
[2024-04-21T15:17:49.950+0000] {logging_mixin.py:188} INFO - [2024-04-21T15:17:49.949+0000] {dagbag.py:540} INFO - Filling up the DagBag from /home/airflow/.local/lib/python3.12/site-packages/airflow/example_dags/example_nested_branch_dag.py
[2024-04-21T15:17:49.954+0000] {processor.py:840} INFO - DAG(s) 'example_nested_branch_dag' retrieved from /home/airflow/.local/lib/python3.12/site-packages/airflow/example_dags/example_nested_branch_dag.py
[2024-04-21T15:17:49.967+0000] {logging_mixin.py:188} INFO - [2024-04-21T15:17:49.967+0000] {dag.py:3096} INFO - Sync 1 DAGs
[2024-04-21T15:17:49.976+0000] {logging_mixin.py:188} INFO - [2024-04-21T15:17:49.976+0000] {dag.py:3954} INFO - Setting next_dagrun for example_nested_branch_dag to 2024-04-20 00:00:00+00:00, run_after=2024-04-21 00:00:00+00:00
[2024-04-21T15:17:49.983+0000] {processor.py:183} INFO - Processing /home/airflow/.local/lib/python3.12/site-packages/airflow/example_dags/example_nested_branch_dag.py took 0.038 seconds
[2024-04-21T15:18:20.175+0000] {processor.py:161} INFO - Started process (PID=17058) to work on /home/airflow/.local/lib/python3.12/site-packages/airflow/example_dags/example_nested_branch_dag.py
[2024-04-21T15:18:20.175+0000] {processor.py:830} INFO - Processing file /home/airflow/.local/lib/python3.12/site-packages/airflow/example_dags/example_nested_branch_dag.py for tasks to queue
[2024-04-21T15:18:20.176+0000] {logging_mixin.py:188} INFO - [2024-04-21T15:18:20.176+0000] {dagbag.py:540} INFO - Filling up the DagBag from /home/airflow/.local/lib/python3.12/site-packages/airflow/example_dags/example_nested_branch_dag.py
[2024-04-21T15:18:20.181+0000] {processor.py:840} INFO - DAG(s) 'example_nested_branch_dag' retrieved from /home/airflow/.local/lib/python3.12/site-packages/airflow/example_dags/example_nested_branch_dag.py
[2024-04-21T15:18:20.194+0000] {logging_mixin.py:188} INFO - [2024-04-21T15:18:20.194+0000] {dag.py:3096} INFO - Sync 1 DAGs
[2024-04-21T15:18:20.204+0000] {logging_mixin.py:188} INFO - [2024-04-21T15:18:20.204+0000] {dag.py:3954} INFO - Setting next_dagrun for example_nested_branch_dag to 2024-04-20 00:00:00+00:00, run_after=2024-04-21 00:00:00+00:00
[2024-04-21T15:18:20.211+0000] {processor.py:183} INFO - Processing /home/airflow/.local/lib/python3.12/site-packages/airflow/example_dags/example_nested_branch_dag.py took 0.039 seconds
[2024-04-21T15:18:51.147+0000] {processor.py:161} INFO - Started process (PID=17328) to work on /home/airflow/.local/lib/python3.12/site-packages/airflow/example_dags/example_nested_branch_dag.py
[2024-04-21T15:18:51.148+0000] {processor.py:830} INFO - Processing file /home/airflow/.local/lib/python3.12/site-packages/airflow/example_dags/example_nested_branch_dag.py for tasks to queue
[2024-04-21T15:18:51.149+0000] {logging_mixin.py:188} INFO - [2024-04-21T15:18:51.149+0000] {dagbag.py:540} INFO - Filling up the DagBag from /home/airflow/.local/lib/python3.12/site-packages/airflow/example_dags/example_nested_branch_dag.py
[2024-04-21T15:18:51.154+0000] {processor.py:840} INFO - DAG(s) 'example_nested_branch_dag' retrieved from /home/airflow/.local/lib/python3.12/site-packages/airflow/example_dags/example_nested_branch_dag.py
[2024-04-21T15:18:51.166+0000] {logging_mixin.py:188} INFO - [2024-04-21T15:18:51.166+0000] {dag.py:3096} INFO - Sync 1 DAGs
[2024-04-21T15:18:51.175+0000] {logging_mixin.py:188} INFO - [2024-04-21T15:18:51.175+0000] {dag.py:3954} INFO - Setting next_dagrun for example_nested_branch_dag to 2024-04-20 00:00:00+00:00, run_after=2024-04-21 00:00:00+00:00
[2024-04-21T15:18:51.182+0000] {processor.py:183} INFO - Processing /home/airflow/.local/lib/python3.12/site-packages/airflow/example_dags/example_nested_branch_dag.py took 0.038 seconds
[2024-04-21T15:19:22.114+0000] {processor.py:161} INFO - Started process (PID=17595) to work on /home/airflow/.local/lib/python3.12/site-packages/airflow/example_dags/example_nested_branch_dag.py
[2024-04-21T15:19:22.115+0000] {processor.py:830} INFO - Processing file /home/airflow/.local/lib/python3.12/site-packages/airflow/example_dags/example_nested_branch_dag.py for tasks to queue
[2024-04-21T15:19:22.116+0000] {logging_mixin.py:188} INFO - [2024-04-21T15:19:22.115+0000] {dagbag.py:540} INFO - Filling up the DagBag from /home/airflow/.local/lib/python3.12/site-packages/airflow/example_dags/example_nested_branch_dag.py
[2024-04-21T15:19:22.121+0000] {processor.py:840} INFO - DAG(s) 'example_nested_branch_dag' retrieved from /home/airflow/.local/lib/python3.12/site-packages/airflow/example_dags/example_nested_branch_dag.py
[2024-04-21T15:19:22.133+0000] {logging_mixin.py:188} INFO - [2024-04-21T15:19:22.133+0000] {dag.py:3096} INFO - Sync 1 DAGs
[2024-04-21T15:19:22.143+0000] {logging_mixin.py:188} INFO - [2024-04-21T15:19:22.143+0000] {dag.py:3954} INFO - Setting next_dagrun for example_nested_branch_dag to 2024-04-20 00:00:00+00:00, run_after=2024-04-21 00:00:00+00:00
[2024-04-21T15:19:22.151+0000] {processor.py:183} INFO - Processing /home/airflow/.local/lib/python3.12/site-packages/airflow/example_dags/example_nested_branch_dag.py took 0.040 seconds
[2024-04-21T15:19:52.301+0000] {processor.py:161} INFO - Started process (PID=17862) to work on /home/airflow/.local/lib/python3.12/site-packages/airflow/example_dags/example_nested_branch_dag.py
[2024-04-21T15:19:52.301+0000] {processor.py:830} INFO - Processing file /home/airflow/.local/lib/python3.12/site-packages/airflow/example_dags/example_nested_branch_dag.py for tasks to queue
[2024-04-21T15:19:52.302+0000] {logging_mixin.py:188} INFO - [2024-04-21T15:19:52.302+0000] {dagbag.py:540} INFO - Filling up the DagBag from /home/airflow/.local/lib/python3.12/site-packages/airflow/example_dags/example_nested_branch_dag.py
[2024-04-21T15:19:52.307+0000] {processor.py:840} INFO - DAG(s) 'example_nested_branch_dag' retrieved from /home/airflow/.local/lib/python3.12/site-packages/airflow/example_dags/example_nested_branch_dag.py
[2024-04-21T15:19:52.320+0000] {logging_mixin.py:188} INFO - [2024-04-21T15:19:52.320+0000] {dag.py:3096} INFO - Sync 1 DAGs
[2024-04-21T15:19:52.330+0000] {logging_mixin.py:188} INFO - [2024-04-21T15:19:52.330+0000] {dag.py:3954} INFO - Setting next_dagrun for example_nested_branch_dag to 2024-04-20 00:00:00+00:00, run_after=2024-04-21 00:00:00+00:00
[2024-04-21T15:19:52.337+0000] {processor.py:183} INFO - Processing /home/airflow/.local/lib/python3.12/site-packages/airflow/example_dags/example_nested_branch_dag.py took 0.040 seconds
[2024-04-21T15:20:22.448+0000] {processor.py:161} INFO - Started process (PID=18130) to work on /home/airflow/.local/lib/python3.12/site-packages/airflow/example_dags/example_nested_branch_dag.py
[2024-04-21T15:20:22.448+0000] {processor.py:830} INFO - Processing file /home/airflow/.local/lib/python3.12/site-packages/airflow/example_dags/example_nested_branch_dag.py for tasks to queue
[2024-04-21T15:20:22.449+0000] {logging_mixin.py:188} INFO - [2024-04-21T15:20:22.449+0000] {dagbag.py:540} INFO - Filling up the DagBag from /home/airflow/.local/lib/python3.12/site-packages/airflow/example_dags/example_nested_branch_dag.py
[2024-04-21T15:20:22.454+0000] {processor.py:840} INFO - DAG(s) 'example_nested_branch_dag' retrieved from /home/airflow/.local/lib/python3.12/site-packages/airflow/example_dags/example_nested_branch_dag.py
[2024-04-21T15:20:22.467+0000] {logging_mixin.py:188} INFO - [2024-04-21T15:20:22.467+0000] {dag.py:3096} INFO - Sync 1 DAGs
[2024-04-21T15:20:22.477+0000] {logging_mixin.py:188} INFO - [2024-04-21T15:20:22.477+0000] {dag.py:3954} INFO - Setting next_dagrun for example_nested_branch_dag to 2024-04-20 00:00:00+00:00, run_after=2024-04-21 00:00:00+00:00
[2024-04-21T15:20:22.484+0000] {processor.py:183} INFO - Processing /home/airflow/.local/lib/python3.12/site-packages/airflow/example_dags/example_nested_branch_dag.py took 0.040 seconds
