[2024-04-21T14:30:01.839+0000] {processor.py:161} INFO - Started process (PID=193) to work on /home/airflow/.local/lib/python3.12/site-packages/airflow/example_dags/example_display_name.py
[2024-04-21T14:30:01.839+0000] {processor.py:830} INFO - Processing file /home/airflow/.local/lib/python3.12/site-packages/airflow/example_dags/example_display_name.py for tasks to queue
[2024-04-21T14:30:01.840+0000] {logging_mixin.py:188} INFO - [2024-04-21T14:30:01.840+0000] {dagbag.py:540} INFO - Filling up the DagBag from /home/airflow/.local/lib/python3.12/site-packages/airflow/example_dags/example_display_name.py
[2024-04-21T14:30:01.846+0000] {processor.py:840} INFO - DAG(s) 'example_display_name' retrieved from /home/airflow/.local/lib/python3.12/site-packages/airflow/example_dags/example_display_name.py
[2024-04-21T14:30:01.858+0000] {logging_mixin.py:188} INFO - [2024-04-21T14:30:01.858+0000] {dag.py:3096} INFO - Sync 1 DAGs
[2024-04-21T14:30:01.867+0000] {logging_mixin.py:188} INFO - [2024-04-21T14:30:01.867+0000] {dag.py:3954} INFO - Setting next_dagrun for example_display_name to None, run_after=None
[2024-04-21T14:30:01.877+0000] {processor.py:183} INFO - Processing /home/airflow/.local/lib/python3.12/site-packages/airflow/example_dags/example_display_name.py took 0.043 seconds
[2024-04-21T14:30:32.263+0000] {processor.py:161} INFO - Started process (PID=453) to work on /home/airflow/.local/lib/python3.12/site-packages/airflow/example_dags/example_display_name.py
[2024-04-21T14:30:32.265+0000] {processor.py:830} INFO - Processing file /home/airflow/.local/lib/python3.12/site-packages/airflow/example_dags/example_display_name.py for tasks to queue
[2024-04-21T14:30:32.267+0000] {logging_mixin.py:188} INFO - [2024-04-21T14:30:32.267+0000] {dagbag.py:540} INFO - Filling up the DagBag from /home/airflow/.local/lib/python3.12/site-packages/airflow/example_dags/example_display_name.py
[2024-04-21T14:30:32.273+0000] {processor.py:840} INFO - DAG(s) 'example_display_name' retrieved from /home/airflow/.local/lib/python3.12/site-packages/airflow/example_dags/example_display_name.py
[2024-04-21T14:30:32.343+0000] {logging_mixin.py:188} INFO - [2024-04-21T14:30:32.343+0000] {dag.py:3096} INFO - Sync 1 DAGs
[2024-04-21T14:30:32.350+0000] {logging_mixin.py:188} INFO - [2024-04-21T14:30:32.350+0000] {dag.py:3954} INFO - Setting next_dagrun for example_display_name to None, run_after=None
[2024-04-21T14:30:32.361+0000] {processor.py:183} INFO - Processing /home/airflow/.local/lib/python3.12/site-packages/airflow/example_dags/example_display_name.py took 0.106 seconds
[2024-04-21T14:31:02.401+0000] {processor.py:161} INFO - Started process (PID=715) to work on /home/airflow/.local/lib/python3.12/site-packages/airflow/example_dags/example_display_name.py
[2024-04-21T14:31:02.402+0000] {processor.py:830} INFO - Processing file /home/airflow/.local/lib/python3.12/site-packages/airflow/example_dags/example_display_name.py for tasks to queue
[2024-04-21T14:31:02.403+0000] {logging_mixin.py:188} INFO - [2024-04-21T14:31:02.403+0000] {dagbag.py:540} INFO - Filling up the DagBag from /home/airflow/.local/lib/python3.12/site-packages/airflow/example_dags/example_display_name.py
[2024-04-21T14:31:02.408+0000] {processor.py:840} INFO - DAG(s) 'example_display_name' retrieved from /home/airflow/.local/lib/python3.12/site-packages/airflow/example_dags/example_display_name.py
[2024-04-21T14:31:02.423+0000] {logging_mixin.py:188} INFO - [2024-04-21T14:31:02.423+0000] {dag.py:3096} INFO - Sync 1 DAGs
[2024-04-21T14:31:02.430+0000] {logging_mixin.py:188} INFO - [2024-04-21T14:31:02.430+0000] {dag.py:3954} INFO - Setting next_dagrun for example_display_name to None, run_after=None
[2024-04-21T14:31:02.439+0000] {processor.py:183} INFO - Processing /home/airflow/.local/lib/python3.12/site-packages/airflow/example_dags/example_display_name.py took 0.042 seconds
[2024-04-21T14:31:33.112+0000] {processor.py:161} INFO - Started process (PID=979) to work on /home/airflow/.local/lib/python3.12/site-packages/airflow/example_dags/example_display_name.py
[2024-04-21T14:31:33.113+0000] {processor.py:830} INFO - Processing file /home/airflow/.local/lib/python3.12/site-packages/airflow/example_dags/example_display_name.py for tasks to queue
[2024-04-21T14:31:33.114+0000] {logging_mixin.py:188} INFO - [2024-04-21T14:31:33.114+0000] {dagbag.py:540} INFO - Filling up the DagBag from /home/airflow/.local/lib/python3.12/site-packages/airflow/example_dags/example_display_name.py
[2024-04-21T14:31:33.119+0000] {processor.py:840} INFO - DAG(s) 'example_display_name' retrieved from /home/airflow/.local/lib/python3.12/site-packages/airflow/example_dags/example_display_name.py
[2024-04-21T14:31:33.137+0000] {logging_mixin.py:188} INFO - [2024-04-21T14:31:33.136+0000] {dag.py:3096} INFO - Sync 1 DAGs
[2024-04-21T14:31:33.144+0000] {logging_mixin.py:188} INFO - [2024-04-21T14:31:33.144+0000] {dag.py:3954} INFO - Setting next_dagrun for example_display_name to None, run_after=None
[2024-04-21T14:31:33.156+0000] {processor.py:183} INFO - Processing /home/airflow/.local/lib/python3.12/site-packages/airflow/example_dags/example_display_name.py took 0.048 seconds
[2024-04-21T14:32:03.846+0000] {processor.py:161} INFO - Started process (PID=1240) to work on /home/airflow/.local/lib/python3.12/site-packages/airflow/example_dags/example_display_name.py
[2024-04-21T14:32:03.847+0000] {processor.py:830} INFO - Processing file /home/airflow/.local/lib/python3.12/site-packages/airflow/example_dags/example_display_name.py for tasks to queue
[2024-04-21T14:32:03.848+0000] {logging_mixin.py:188} INFO - [2024-04-21T14:32:03.848+0000] {dagbag.py:540} INFO - Filling up the DagBag from /home/airflow/.local/lib/python3.12/site-packages/airflow/example_dags/example_display_name.py
[2024-04-21T14:32:03.853+0000] {processor.py:840} INFO - DAG(s) 'example_display_name' retrieved from /home/airflow/.local/lib/python3.12/site-packages/airflow/example_dags/example_display_name.py
[2024-04-21T14:32:03.871+0000] {logging_mixin.py:188} INFO - [2024-04-21T14:32:03.871+0000] {dag.py:3096} INFO - Sync 1 DAGs
[2024-04-21T14:32:03.879+0000] {logging_mixin.py:188} INFO - [2024-04-21T14:32:03.879+0000] {dag.py:3954} INFO - Setting next_dagrun for example_display_name to None, run_after=None
[2024-04-21T14:32:03.890+0000] {processor.py:183} INFO - Processing /home/airflow/.local/lib/python3.12/site-packages/airflow/example_dags/example_display_name.py took 0.049 seconds
[2024-04-21T14:32:34.205+0000] {processor.py:161} INFO - Started process (PID=1502) to work on /home/airflow/.local/lib/python3.12/site-packages/airflow/example_dags/example_display_name.py
[2024-04-21T14:32:34.205+0000] {processor.py:830} INFO - Processing file /home/airflow/.local/lib/python3.12/site-packages/airflow/example_dags/example_display_name.py for tasks to queue
[2024-04-21T14:32:34.207+0000] {logging_mixin.py:188} INFO - [2024-04-21T14:32:34.206+0000] {dagbag.py:540} INFO - Filling up the DagBag from /home/airflow/.local/lib/python3.12/site-packages/airflow/example_dags/example_display_name.py
[2024-04-21T14:32:34.211+0000] {processor.py:840} INFO - DAG(s) 'example_display_name' retrieved from /home/airflow/.local/lib/python3.12/site-packages/airflow/example_dags/example_display_name.py
[2024-04-21T14:32:34.229+0000] {logging_mixin.py:188} INFO - [2024-04-21T14:32:34.228+0000] {dag.py:3096} INFO - Sync 1 DAGs
[2024-04-21T14:32:34.236+0000] {logging_mixin.py:188} INFO - [2024-04-21T14:32:34.236+0000] {dag.py:3954} INFO - Setting next_dagrun for example_display_name to None, run_after=None
[2024-04-21T14:32:34.247+0000] {processor.py:183} INFO - Processing /home/airflow/.local/lib/python3.12/site-packages/airflow/example_dags/example_display_name.py took 0.046 seconds
[2024-04-21T14:33:04.718+0000] {processor.py:161} INFO - Started process (PID=1764) to work on /home/airflow/.local/lib/python3.12/site-packages/airflow/example_dags/example_display_name.py
[2024-04-21T14:33:04.719+0000] {processor.py:830} INFO - Processing file /home/airflow/.local/lib/python3.12/site-packages/airflow/example_dags/example_display_name.py for tasks to queue
[2024-04-21T14:33:04.721+0000] {logging_mixin.py:188} INFO - [2024-04-21T14:33:04.720+0000] {dagbag.py:540} INFO - Filling up the DagBag from /home/airflow/.local/lib/python3.12/site-packages/airflow/example_dags/example_display_name.py
[2024-04-21T14:33:04.726+0000] {processor.py:840} INFO - DAG(s) 'example_display_name' retrieved from /home/airflow/.local/lib/python3.12/site-packages/airflow/example_dags/example_display_name.py
[2024-04-21T14:33:04.744+0000] {logging_mixin.py:188} INFO - [2024-04-21T14:33:04.744+0000] {dag.py:3096} INFO - Sync 1 DAGs
[2024-04-21T14:33:04.752+0000] {logging_mixin.py:188} INFO - [2024-04-21T14:33:04.752+0000] {dag.py:3954} INFO - Setting next_dagrun for example_display_name to None, run_after=None
[2024-04-21T14:33:04.763+0000] {processor.py:183} INFO - Processing /home/airflow/.local/lib/python3.12/site-packages/airflow/example_dags/example_display_name.py took 0.049 seconds
[2024-04-21T14:33:35.273+0000] {processor.py:161} INFO - Started process (PID=2027) to work on /home/airflow/.local/lib/python3.12/site-packages/airflow/example_dags/example_display_name.py
[2024-04-21T14:33:35.273+0000] {processor.py:830} INFO - Processing file /home/airflow/.local/lib/python3.12/site-packages/airflow/example_dags/example_display_name.py for tasks to queue
[2024-04-21T14:33:35.275+0000] {logging_mixin.py:188} INFO - [2024-04-21T14:33:35.274+0000] {dagbag.py:540} INFO - Filling up the DagBag from /home/airflow/.local/lib/python3.12/site-packages/airflow/example_dags/example_display_name.py
[2024-04-21T14:33:35.279+0000] {processor.py:840} INFO - DAG(s) 'example_display_name' retrieved from /home/airflow/.local/lib/python3.12/site-packages/airflow/example_dags/example_display_name.py
[2024-04-21T14:33:35.295+0000] {logging_mixin.py:188} INFO - [2024-04-21T14:33:35.295+0000] {dag.py:3096} INFO - Sync 1 DAGs
[2024-04-21T14:33:35.303+0000] {logging_mixin.py:188} INFO - [2024-04-21T14:33:35.303+0000] {dag.py:3954} INFO - Setting next_dagrun for example_display_name to None, run_after=None
[2024-04-21T14:33:35.314+0000] {processor.py:183} INFO - Processing /home/airflow/.local/lib/python3.12/site-packages/airflow/example_dags/example_display_name.py took 0.045 seconds
[2024-04-21T14:34:05.857+0000] {processor.py:161} INFO - Started process (PID=2289) to work on /home/airflow/.local/lib/python3.12/site-packages/airflow/example_dags/example_display_name.py
[2024-04-21T14:34:05.858+0000] {processor.py:830} INFO - Processing file /home/airflow/.local/lib/python3.12/site-packages/airflow/example_dags/example_display_name.py for tasks to queue
[2024-04-21T14:34:05.859+0000] {logging_mixin.py:188} INFO - [2024-04-21T14:34:05.859+0000] {dagbag.py:540} INFO - Filling up the DagBag from /home/airflow/.local/lib/python3.12/site-packages/airflow/example_dags/example_display_name.py
[2024-04-21T14:34:05.864+0000] {processor.py:840} INFO - DAG(s) 'example_display_name' retrieved from /home/airflow/.local/lib/python3.12/site-packages/airflow/example_dags/example_display_name.py
[2024-04-21T14:34:05.882+0000] {logging_mixin.py:188} INFO - [2024-04-21T14:34:05.882+0000] {dag.py:3096} INFO - Sync 1 DAGs
[2024-04-21T14:34:05.891+0000] {logging_mixin.py:188} INFO - [2024-04-21T14:34:05.890+0000] {dag.py:3954} INFO - Setting next_dagrun for example_display_name to None, run_after=None
[2024-04-21T14:34:05.902+0000] {processor.py:183} INFO - Processing /home/airflow/.local/lib/python3.12/site-packages/airflow/example_dags/example_display_name.py took 0.050 seconds
[2024-04-21T14:34:36.294+0000] {processor.py:161} INFO - Started process (PID=2556) to work on /home/airflow/.local/lib/python3.12/site-packages/airflow/example_dags/example_display_name.py
[2024-04-21T14:34:36.295+0000] {processor.py:830} INFO - Processing file /home/airflow/.local/lib/python3.12/site-packages/airflow/example_dags/example_display_name.py for tasks to queue
[2024-04-21T14:34:36.296+0000] {logging_mixin.py:188} INFO - [2024-04-21T14:34:36.296+0000] {dagbag.py:540} INFO - Filling up the DagBag from /home/airflow/.local/lib/python3.12/site-packages/airflow/example_dags/example_display_name.py
[2024-04-21T14:34:36.301+0000] {processor.py:840} INFO - DAG(s) 'example_display_name' retrieved from /home/airflow/.local/lib/python3.12/site-packages/airflow/example_dags/example_display_name.py
[2024-04-21T14:34:36.318+0000] {logging_mixin.py:188} INFO - [2024-04-21T14:34:36.318+0000] {dag.py:3096} INFO - Sync 1 DAGs
[2024-04-21T14:34:36.326+0000] {logging_mixin.py:188} INFO - [2024-04-21T14:34:36.326+0000] {dag.py:3954} INFO - Setting next_dagrun for example_display_name to None, run_after=None
[2024-04-21T14:34:36.337+0000] {processor.py:183} INFO - Processing /home/airflow/.local/lib/python3.12/site-packages/airflow/example_dags/example_display_name.py took 0.047 seconds
[2024-04-21T14:36:10.031+0000] {processor.py:161} INFO - Started process (PID=2820) to work on /home/airflow/.local/lib/python3.12/site-packages/airflow/example_dags/example_display_name.py
[2024-04-21T14:36:10.032+0000] {processor.py:830} INFO - Processing file /home/airflow/.local/lib/python3.12/site-packages/airflow/example_dags/example_display_name.py for tasks to queue
[2024-04-21T14:36:10.033+0000] {logging_mixin.py:188} INFO - [2024-04-21T14:36:10.033+0000] {dagbag.py:540} INFO - Filling up the DagBag from /home/airflow/.local/lib/python3.12/site-packages/airflow/example_dags/example_display_name.py
[2024-04-21T14:36:10.037+0000] {processor.py:840} INFO - DAG(s) 'example_display_name' retrieved from /home/airflow/.local/lib/python3.12/site-packages/airflow/example_dags/example_display_name.py
[2024-04-21T14:36:10.049+0000] {logging_mixin.py:188} INFO - [2024-04-21T14:36:10.049+0000] {dag.py:3096} INFO - Sync 1 DAGs
[2024-04-21T14:36:10.055+0000] {logging_mixin.py:188} INFO - [2024-04-21T14:36:10.055+0000] {dag.py:3954} INFO - Setting next_dagrun for example_display_name to None, run_after=None
[2024-04-21T14:36:10.063+0000] {processor.py:183} INFO - Processing /home/airflow/.local/lib/python3.12/site-packages/airflow/example_dags/example_display_name.py took 0.035 seconds
[2024-04-21T14:36:40.174+0000] {processor.py:161} INFO - Started process (PID=3085) to work on /home/airflow/.local/lib/python3.12/site-packages/airflow/example_dags/example_display_name.py
[2024-04-21T14:36:40.175+0000] {processor.py:830} INFO - Processing file /home/airflow/.local/lib/python3.12/site-packages/airflow/example_dags/example_display_name.py for tasks to queue
[2024-04-21T14:36:40.175+0000] {logging_mixin.py:188} INFO - [2024-04-21T14:36:40.175+0000] {dagbag.py:540} INFO - Filling up the DagBag from /home/airflow/.local/lib/python3.12/site-packages/airflow/example_dags/example_display_name.py
[2024-04-21T14:36:40.178+0000] {processor.py:840} INFO - DAG(s) 'example_display_name' retrieved from /home/airflow/.local/lib/python3.12/site-packages/airflow/example_dags/example_display_name.py
[2024-04-21T14:36:40.189+0000] {logging_mixin.py:188} INFO - [2024-04-21T14:36:40.189+0000] {dag.py:3096} INFO - Sync 1 DAGs
[2024-04-21T14:36:40.194+0000] {logging_mixin.py:188} INFO - [2024-04-21T14:36:40.194+0000] {dag.py:3954} INFO - Setting next_dagrun for example_display_name to None, run_after=None
[2024-04-21T14:36:40.201+0000] {processor.py:183} INFO - Processing /home/airflow/.local/lib/python3.12/site-packages/airflow/example_dags/example_display_name.py took 0.030 seconds
[2024-04-21T14:37:10.405+0000] {processor.py:161} INFO - Started process (PID=3352) to work on /home/airflow/.local/lib/python3.12/site-packages/airflow/example_dags/example_display_name.py
[2024-04-21T14:37:10.406+0000] {processor.py:830} INFO - Processing file /home/airflow/.local/lib/python3.12/site-packages/airflow/example_dags/example_display_name.py for tasks to queue
[2024-04-21T14:37:10.407+0000] {logging_mixin.py:188} INFO - [2024-04-21T14:37:10.407+0000] {dagbag.py:540} INFO - Filling up the DagBag from /home/airflow/.local/lib/python3.12/site-packages/airflow/example_dags/example_display_name.py
[2024-04-21T14:37:10.410+0000] {processor.py:840} INFO - DAG(s) 'example_display_name' retrieved from /home/airflow/.local/lib/python3.12/site-packages/airflow/example_dags/example_display_name.py
[2024-04-21T14:37:10.422+0000] {logging_mixin.py:188} INFO - [2024-04-21T14:37:10.422+0000] {dag.py:3096} INFO - Sync 1 DAGs
[2024-04-21T14:37:10.427+0000] {logging_mixin.py:188} INFO - [2024-04-21T14:37:10.427+0000] {dag.py:3954} INFO - Setting next_dagrun for example_display_name to None, run_after=None
[2024-04-21T14:37:10.436+0000] {processor.py:183} INFO - Processing /home/airflow/.local/lib/python3.12/site-packages/airflow/example_dags/example_display_name.py took 0.034 seconds
[2024-04-21T14:37:40.521+0000] {processor.py:161} INFO - Started process (PID=3619) to work on /home/airflow/.local/lib/python3.12/site-packages/airflow/example_dags/example_display_name.py
[2024-04-21T14:37:40.522+0000] {processor.py:830} INFO - Processing file /home/airflow/.local/lib/python3.12/site-packages/airflow/example_dags/example_display_name.py for tasks to queue
[2024-04-21T14:37:40.523+0000] {logging_mixin.py:188} INFO - [2024-04-21T14:37:40.523+0000] {dagbag.py:540} INFO - Filling up the DagBag from /home/airflow/.local/lib/python3.12/site-packages/airflow/example_dags/example_display_name.py
[2024-04-21T14:37:40.526+0000] {processor.py:840} INFO - DAG(s) 'example_display_name' retrieved from /home/airflow/.local/lib/python3.12/site-packages/airflow/example_dags/example_display_name.py
[2024-04-21T14:37:40.537+0000] {logging_mixin.py:188} INFO - [2024-04-21T14:37:40.537+0000] {dag.py:3096} INFO - Sync 1 DAGs
[2024-04-21T14:37:40.543+0000] {logging_mixin.py:188} INFO - [2024-04-21T14:37:40.543+0000] {dag.py:3954} INFO - Setting next_dagrun for example_display_name to None, run_after=None
[2024-04-21T14:37:40.550+0000] {processor.py:183} INFO - Processing /home/airflow/.local/lib/python3.12/site-packages/airflow/example_dags/example_display_name.py took 0.032 seconds
[2024-04-21T14:53:47.300+0000] {processor.py:161} INFO - Started process (PID=3888) to work on /home/airflow/.local/lib/python3.12/site-packages/airflow/example_dags/example_display_name.py
[2024-04-21T14:53:47.301+0000] {processor.py:830} INFO - Processing file /home/airflow/.local/lib/python3.12/site-packages/airflow/example_dags/example_display_name.py for tasks to queue
[2024-04-21T14:53:47.302+0000] {logging_mixin.py:188} INFO - [2024-04-21T14:53:47.302+0000] {dagbag.py:540} INFO - Filling up the DagBag from /home/airflow/.local/lib/python3.12/site-packages/airflow/example_dags/example_display_name.py
[2024-04-21T14:53:47.305+0000] {processor.py:840} INFO - DAG(s) 'example_display_name' retrieved from /home/airflow/.local/lib/python3.12/site-packages/airflow/example_dags/example_display_name.py
[2024-04-21T14:53:47.317+0000] {logging_mixin.py:188} INFO - [2024-04-21T14:53:47.317+0000] {dag.py:3096} INFO - Sync 1 DAGs
[2024-04-21T14:53:47.322+0000] {logging_mixin.py:188} INFO - [2024-04-21T14:53:47.322+0000] {dag.py:3954} INFO - Setting next_dagrun for example_display_name to None, run_after=None
[2024-04-21T14:53:47.329+0000] {processor.py:183} INFO - Processing /home/airflow/.local/lib/python3.12/site-packages/airflow/example_dags/example_display_name.py took 0.032 seconds
[2024-04-21T14:54:18.037+0000] {processor.py:161} INFO - Started process (PID=4155) to work on /home/airflow/.local/lib/python3.12/site-packages/airflow/example_dags/example_display_name.py
[2024-04-21T14:54:18.037+0000] {processor.py:830} INFO - Processing file /home/airflow/.local/lib/python3.12/site-packages/airflow/example_dags/example_display_name.py for tasks to queue
[2024-04-21T14:54:18.038+0000] {logging_mixin.py:188} INFO - [2024-04-21T14:54:18.038+0000] {dagbag.py:540} INFO - Filling up the DagBag from /home/airflow/.local/lib/python3.12/site-packages/airflow/example_dags/example_display_name.py
[2024-04-21T14:54:18.041+0000] {processor.py:840} INFO - DAG(s) 'example_display_name' retrieved from /home/airflow/.local/lib/python3.12/site-packages/airflow/example_dags/example_display_name.py
[2024-04-21T14:54:18.053+0000] {logging_mixin.py:188} INFO - [2024-04-21T14:54:18.053+0000] {dag.py:3096} INFO - Sync 1 DAGs
[2024-04-21T14:54:18.058+0000] {logging_mixin.py:188} INFO - [2024-04-21T14:54:18.058+0000] {dag.py:3954} INFO - Setting next_dagrun for example_display_name to None, run_after=None
[2024-04-21T14:54:18.067+0000] {processor.py:183} INFO - Processing /home/airflow/.local/lib/python3.12/site-packages/airflow/example_dags/example_display_name.py took 0.033 seconds
[2024-04-21T14:54:48.165+0000] {processor.py:161} INFO - Started process (PID=4422) to work on /home/airflow/.local/lib/python3.12/site-packages/airflow/example_dags/example_display_name.py
[2024-04-21T14:54:48.166+0000] {processor.py:830} INFO - Processing file /home/airflow/.local/lib/python3.12/site-packages/airflow/example_dags/example_display_name.py for tasks to queue
[2024-04-21T14:54:48.167+0000] {logging_mixin.py:188} INFO - [2024-04-21T14:54:48.166+0000] {dagbag.py:540} INFO - Filling up the DagBag from /home/airflow/.local/lib/python3.12/site-packages/airflow/example_dags/example_display_name.py
[2024-04-21T14:54:48.170+0000] {processor.py:840} INFO - DAG(s) 'example_display_name' retrieved from /home/airflow/.local/lib/python3.12/site-packages/airflow/example_dags/example_display_name.py
[2024-04-21T14:54:48.182+0000] {logging_mixin.py:188} INFO - [2024-04-21T14:54:48.181+0000] {dag.py:3096} INFO - Sync 1 DAGs
[2024-04-21T14:54:48.187+0000] {logging_mixin.py:188} INFO - [2024-04-21T14:54:48.187+0000] {dag.py:3954} INFO - Setting next_dagrun for example_display_name to None, run_after=None
[2024-04-21T14:54:48.196+0000] {processor.py:183} INFO - Processing /home/airflow/.local/lib/python3.12/site-packages/airflow/example_dags/example_display_name.py took 0.034 seconds
[2024-04-21T14:55:19.169+0000] {processor.py:161} INFO - Started process (PID=4689) to work on /home/airflow/.local/lib/python3.12/site-packages/airflow/example_dags/example_display_name.py
[2024-04-21T14:55:19.170+0000] {processor.py:830} INFO - Processing file /home/airflow/.local/lib/python3.12/site-packages/airflow/example_dags/example_display_name.py for tasks to queue
[2024-04-21T14:55:19.171+0000] {logging_mixin.py:188} INFO - [2024-04-21T14:55:19.171+0000] {dagbag.py:540} INFO - Filling up the DagBag from /home/airflow/.local/lib/python3.12/site-packages/airflow/example_dags/example_display_name.py
[2024-04-21T14:55:19.174+0000] {processor.py:840} INFO - DAG(s) 'example_display_name' retrieved from /home/airflow/.local/lib/python3.12/site-packages/airflow/example_dags/example_display_name.py
[2024-04-21T14:55:19.186+0000] {logging_mixin.py:188} INFO - [2024-04-21T14:55:19.186+0000] {dag.py:3096} INFO - Sync 1 DAGs
[2024-04-21T14:55:19.192+0000] {logging_mixin.py:188} INFO - [2024-04-21T14:55:19.191+0000] {dag.py:3954} INFO - Setting next_dagrun for example_display_name to None, run_after=None
[2024-04-21T14:55:19.199+0000] {processor.py:183} INFO - Processing /home/airflow/.local/lib/python3.12/site-packages/airflow/example_dags/example_display_name.py took 0.033 seconds
[2024-04-21T14:55:50.014+0000] {processor.py:161} INFO - Started process (PID=4956) to work on /home/airflow/.local/lib/python3.12/site-packages/airflow/example_dags/example_display_name.py
[2024-04-21T14:55:50.015+0000] {processor.py:830} INFO - Processing file /home/airflow/.local/lib/python3.12/site-packages/airflow/example_dags/example_display_name.py for tasks to queue
[2024-04-21T14:55:50.016+0000] {logging_mixin.py:188} INFO - [2024-04-21T14:55:50.016+0000] {dagbag.py:540} INFO - Filling up the DagBag from /home/airflow/.local/lib/python3.12/site-packages/airflow/example_dags/example_display_name.py
[2024-04-21T14:55:50.019+0000] {processor.py:840} INFO - DAG(s) 'example_display_name' retrieved from /home/airflow/.local/lib/python3.12/site-packages/airflow/example_dags/example_display_name.py
[2024-04-21T14:55:50.031+0000] {logging_mixin.py:188} INFO - [2024-04-21T14:55:50.031+0000] {dag.py:3096} INFO - Sync 1 DAGs
[2024-04-21T14:55:50.037+0000] {logging_mixin.py:188} INFO - [2024-04-21T14:55:50.036+0000] {dag.py:3954} INFO - Setting next_dagrun for example_display_name to None, run_after=None
[2024-04-21T14:55:50.044+0000] {processor.py:183} INFO - Processing /home/airflow/.local/lib/python3.12/site-packages/airflow/example_dags/example_display_name.py took 0.033 seconds
[2024-04-21T14:56:20.828+0000] {processor.py:161} INFO - Started process (PID=5223) to work on /home/airflow/.local/lib/python3.12/site-packages/airflow/example_dags/example_display_name.py
[2024-04-21T14:56:20.828+0000] {processor.py:830} INFO - Processing file /home/airflow/.local/lib/python3.12/site-packages/airflow/example_dags/example_display_name.py for tasks to queue
[2024-04-21T14:56:20.830+0000] {logging_mixin.py:188} INFO - [2024-04-21T14:56:20.829+0000] {dagbag.py:540} INFO - Filling up the DagBag from /home/airflow/.local/lib/python3.12/site-packages/airflow/example_dags/example_display_name.py
[2024-04-21T14:56:20.833+0000] {processor.py:840} INFO - DAG(s) 'example_display_name' retrieved from /home/airflow/.local/lib/python3.12/site-packages/airflow/example_dags/example_display_name.py
[2024-04-21T14:56:20.844+0000] {logging_mixin.py:188} INFO - [2024-04-21T14:56:20.844+0000] {dag.py:3096} INFO - Sync 1 DAGs
[2024-04-21T14:56:20.850+0000] {logging_mixin.py:188} INFO - [2024-04-21T14:56:20.850+0000] {dag.py:3954} INFO - Setting next_dagrun for example_display_name to None, run_after=None
[2024-04-21T14:56:20.858+0000] {processor.py:183} INFO - Processing /home/airflow/.local/lib/python3.12/site-packages/airflow/example_dags/example_display_name.py took 0.033 seconds
[2024-04-21T14:56:51.683+0000] {processor.py:161} INFO - Started process (PID=5490) to work on /home/airflow/.local/lib/python3.12/site-packages/airflow/example_dags/example_display_name.py
[2024-04-21T14:56:51.683+0000] {processor.py:830} INFO - Processing file /home/airflow/.local/lib/python3.12/site-packages/airflow/example_dags/example_display_name.py for tasks to queue
[2024-04-21T14:56:51.684+0000] {logging_mixin.py:188} INFO - [2024-04-21T14:56:51.684+0000] {dagbag.py:540} INFO - Filling up the DagBag from /home/airflow/.local/lib/python3.12/site-packages/airflow/example_dags/example_display_name.py
[2024-04-21T14:56:51.688+0000] {processor.py:840} INFO - DAG(s) 'example_display_name' retrieved from /home/airflow/.local/lib/python3.12/site-packages/airflow/example_dags/example_display_name.py
[2024-04-21T14:56:51.701+0000] {logging_mixin.py:188} INFO - [2024-04-21T14:56:51.701+0000] {dag.py:3096} INFO - Sync 1 DAGs
[2024-04-21T14:56:51.707+0000] {logging_mixin.py:188} INFO - [2024-04-21T14:56:51.707+0000] {dag.py:3954} INFO - Setting next_dagrun for example_display_name to None, run_after=None
[2024-04-21T14:56:51.717+0000] {processor.py:183} INFO - Processing /home/airflow/.local/lib/python3.12/site-packages/airflow/example_dags/example_display_name.py took 0.038 seconds
[2024-04-21T14:57:21.768+0000] {processor.py:161} INFO - Started process (PID=5757) to work on /home/airflow/.local/lib/python3.12/site-packages/airflow/example_dags/example_display_name.py
[2024-04-21T14:57:21.769+0000] {processor.py:830} INFO - Processing file /home/airflow/.local/lib/python3.12/site-packages/airflow/example_dags/example_display_name.py for tasks to queue
[2024-04-21T14:57:21.770+0000] {logging_mixin.py:188} INFO - [2024-04-21T14:57:21.769+0000] {dagbag.py:540} INFO - Filling up the DagBag from /home/airflow/.local/lib/python3.12/site-packages/airflow/example_dags/example_display_name.py
[2024-04-21T14:57:21.773+0000] {processor.py:840} INFO - DAG(s) 'example_display_name' retrieved from /home/airflow/.local/lib/python3.12/site-packages/airflow/example_dags/example_display_name.py
[2024-04-21T14:57:21.784+0000] {logging_mixin.py:188} INFO - [2024-04-21T14:57:21.784+0000] {dag.py:3096} INFO - Sync 1 DAGs
[2024-04-21T14:57:21.790+0000] {logging_mixin.py:188} INFO - [2024-04-21T14:57:21.790+0000] {dag.py:3954} INFO - Setting next_dagrun for example_display_name to None, run_after=None
[2024-04-21T14:57:21.797+0000] {processor.py:183} INFO - Processing /home/airflow/.local/lib/python3.12/site-packages/airflow/example_dags/example_display_name.py took 0.032 seconds
[2024-04-21T14:57:52.008+0000] {processor.py:161} INFO - Started process (PID=6033) to work on /home/airflow/.local/lib/python3.12/site-packages/airflow/example_dags/example_display_name.py
[2024-04-21T14:57:52.008+0000] {processor.py:830} INFO - Processing file /home/airflow/.local/lib/python3.12/site-packages/airflow/example_dags/example_display_name.py for tasks to queue
[2024-04-21T14:57:52.009+0000] {logging_mixin.py:188} INFO - [2024-04-21T14:57:52.009+0000] {dagbag.py:540} INFO - Filling up the DagBag from /home/airflow/.local/lib/python3.12/site-packages/airflow/example_dags/example_display_name.py
[2024-04-21T14:57:52.013+0000] {processor.py:840} INFO - DAG(s) 'example_display_name' retrieved from /home/airflow/.local/lib/python3.12/site-packages/airflow/example_dags/example_display_name.py
[2024-04-21T14:57:52.027+0000] {logging_mixin.py:188} INFO - [2024-04-21T14:57:52.027+0000] {dag.py:3096} INFO - Sync 1 DAGs
[2024-04-21T14:57:52.034+0000] {logging_mixin.py:188} INFO - [2024-04-21T14:57:52.033+0000] {dag.py:3954} INFO - Setting next_dagrun for example_display_name to None, run_after=None
[2024-04-21T14:57:52.043+0000] {processor.py:183} INFO - Processing /home/airflow/.local/lib/python3.12/site-packages/airflow/example_dags/example_display_name.py took 0.039 seconds
[2024-04-21T14:58:23.070+0000] {processor.py:161} INFO - Started process (PID=6299) to work on /home/airflow/.local/lib/python3.12/site-packages/airflow/example_dags/example_display_name.py
[2024-04-21T14:58:23.071+0000] {processor.py:830} INFO - Processing file /home/airflow/.local/lib/python3.12/site-packages/airflow/example_dags/example_display_name.py for tasks to queue
[2024-04-21T14:58:23.073+0000] {logging_mixin.py:188} INFO - [2024-04-21T14:58:23.073+0000] {dagbag.py:540} INFO - Filling up the DagBag from /home/airflow/.local/lib/python3.12/site-packages/airflow/example_dags/example_display_name.py
[2024-04-21T14:58:23.077+0000] {processor.py:840} INFO - DAG(s) 'example_display_name' retrieved from /home/airflow/.local/lib/python3.12/site-packages/airflow/example_dags/example_display_name.py
[2024-04-21T14:58:23.090+0000] {logging_mixin.py:188} INFO - [2024-04-21T14:58:23.090+0000] {dag.py:3096} INFO - Sync 1 DAGs
[2024-04-21T14:58:23.097+0000] {logging_mixin.py:188} INFO - [2024-04-21T14:58:23.097+0000] {dag.py:3954} INFO - Setting next_dagrun for example_display_name to None, run_after=None
[2024-04-21T14:58:23.105+0000] {processor.py:183} INFO - Processing /home/airflow/.local/lib/python3.12/site-packages/airflow/example_dags/example_display_name.py took 0.040 seconds
[2024-04-21T14:58:53.684+0000] {processor.py:161} INFO - Started process (PID=6572) to work on /home/airflow/.local/lib/python3.12/site-packages/airflow/example_dags/example_display_name.py
[2024-04-21T14:58:53.685+0000] {processor.py:830} INFO - Processing file /home/airflow/.local/lib/python3.12/site-packages/airflow/example_dags/example_display_name.py for tasks to queue
[2024-04-21T14:58:53.686+0000] {logging_mixin.py:188} INFO - [2024-04-21T14:58:53.686+0000] {dagbag.py:540} INFO - Filling up the DagBag from /home/airflow/.local/lib/python3.12/site-packages/airflow/example_dags/example_display_name.py
[2024-04-21T14:58:53.690+0000] {processor.py:840} INFO - DAG(s) 'example_display_name' retrieved from /home/airflow/.local/lib/python3.12/site-packages/airflow/example_dags/example_display_name.py
[2024-04-21T14:58:53.702+0000] {logging_mixin.py:188} INFO - [2024-04-21T14:58:53.701+0000] {dag.py:3096} INFO - Sync 1 DAGs
[2024-04-21T14:58:53.707+0000] {logging_mixin.py:188} INFO - [2024-04-21T14:58:53.707+0000] {dag.py:3954} INFO - Setting next_dagrun for example_display_name to None, run_after=None
[2024-04-21T14:58:53.715+0000] {processor.py:183} INFO - Processing /home/airflow/.local/lib/python3.12/site-packages/airflow/example_dags/example_display_name.py took 0.034 seconds
[2024-04-21T14:59:24.021+0000] {processor.py:161} INFO - Started process (PID=6843) to work on /home/airflow/.local/lib/python3.12/site-packages/airflow/example_dags/example_display_name.py
[2024-04-21T14:59:24.022+0000] {processor.py:830} INFO - Processing file /home/airflow/.local/lib/python3.12/site-packages/airflow/example_dags/example_display_name.py for tasks to queue
[2024-04-21T14:59:24.023+0000] {logging_mixin.py:188} INFO - [2024-04-21T14:59:24.023+0000] {dagbag.py:540} INFO - Filling up the DagBag from /home/airflow/.local/lib/python3.12/site-packages/airflow/example_dags/example_display_name.py
[2024-04-21T14:59:24.026+0000] {processor.py:840} INFO - DAG(s) 'example_display_name' retrieved from /home/airflow/.local/lib/python3.12/site-packages/airflow/example_dags/example_display_name.py
[2024-04-21T14:59:24.123+0000] {logging_mixin.py:188} INFO - [2024-04-21T14:59:24.123+0000] {dag.py:3096} INFO - Sync 1 DAGs
[2024-04-21T14:59:24.128+0000] {logging_mixin.py:188} INFO - [2024-04-21T14:59:24.128+0000] {dag.py:3954} INFO - Setting next_dagrun for example_display_name to None, run_after=None
[2024-04-21T14:59:24.135+0000] {processor.py:183} INFO - Processing /home/airflow/.local/lib/python3.12/site-packages/airflow/example_dags/example_display_name.py took 0.117 seconds
[2024-04-21T14:59:55.083+0000] {processor.py:161} INFO - Started process (PID=7112) to work on /home/airflow/.local/lib/python3.12/site-packages/airflow/example_dags/example_display_name.py
[2024-04-21T14:59:55.084+0000] {processor.py:830} INFO - Processing file /home/airflow/.local/lib/python3.12/site-packages/airflow/example_dags/example_display_name.py for tasks to queue
[2024-04-21T14:59:55.086+0000] {logging_mixin.py:188} INFO - [2024-04-21T14:59:55.086+0000] {dagbag.py:540} INFO - Filling up the DagBag from /home/airflow/.local/lib/python3.12/site-packages/airflow/example_dags/example_display_name.py
[2024-04-21T14:59:55.092+0000] {processor.py:840} INFO - DAG(s) 'example_display_name' retrieved from /home/airflow/.local/lib/python3.12/site-packages/airflow/example_dags/example_display_name.py
[2024-04-21T14:59:55.109+0000] {logging_mixin.py:188} INFO - [2024-04-21T14:59:55.109+0000] {dag.py:3096} INFO - Sync 1 DAGs
[2024-04-21T14:59:55.116+0000] {logging_mixin.py:188} INFO - [2024-04-21T14:59:55.116+0000] {dag.py:3954} INFO - Setting next_dagrun for example_display_name to None, run_after=None
[2024-04-21T14:59:55.126+0000] {processor.py:183} INFO - Processing /home/airflow/.local/lib/python3.12/site-packages/airflow/example_dags/example_display_name.py took 0.051 seconds
[2024-04-21T15:00:25.978+0000] {processor.py:161} INFO - Started process (PID=7402) to work on /home/airflow/.local/lib/python3.12/site-packages/airflow/example_dags/example_display_name.py
[2024-04-21T15:00:25.979+0000] {processor.py:830} INFO - Processing file /home/airflow/.local/lib/python3.12/site-packages/airflow/example_dags/example_display_name.py for tasks to queue
[2024-04-21T15:00:25.981+0000] {logging_mixin.py:188} INFO - [2024-04-21T15:00:25.981+0000] {dagbag.py:540} INFO - Filling up the DagBag from /home/airflow/.local/lib/python3.12/site-packages/airflow/example_dags/example_display_name.py
[2024-04-21T15:00:25.987+0000] {processor.py:840} INFO - DAG(s) 'example_display_name' retrieved from /home/airflow/.local/lib/python3.12/site-packages/airflow/example_dags/example_display_name.py
[2024-04-21T15:00:26.004+0000] {logging_mixin.py:188} INFO - [2024-04-21T15:00:26.004+0000] {dag.py:3096} INFO - Sync 1 DAGs
[2024-04-21T15:00:26.011+0000] {logging_mixin.py:188} INFO - [2024-04-21T15:00:26.011+0000] {dag.py:3954} INFO - Setting next_dagrun for example_display_name to None, run_after=None
[2024-04-21T15:00:26.019+0000] {processor.py:183} INFO - Processing /home/airflow/.local/lib/python3.12/site-packages/airflow/example_dags/example_display_name.py took 0.048 seconds
[2024-04-21T15:00:56.918+0000] {processor.py:161} INFO - Started process (PID=7671) to work on /home/airflow/.local/lib/python3.12/site-packages/airflow/example_dags/example_display_name.py
[2024-04-21T15:00:56.919+0000] {processor.py:830} INFO - Processing file /home/airflow/.local/lib/python3.12/site-packages/airflow/example_dags/example_display_name.py for tasks to queue
[2024-04-21T15:00:56.922+0000] {logging_mixin.py:188} INFO - [2024-04-21T15:00:56.922+0000] {dagbag.py:540} INFO - Filling up the DagBag from /home/airflow/.local/lib/python3.12/site-packages/airflow/example_dags/example_display_name.py
[2024-04-21T15:00:56.931+0000] {processor.py:840} INFO - DAG(s) 'example_display_name' retrieved from /home/airflow/.local/lib/python3.12/site-packages/airflow/example_dags/example_display_name.py
[2024-04-21T15:00:56.955+0000] {logging_mixin.py:188} INFO - [2024-04-21T15:00:56.954+0000] {dag.py:3096} INFO - Sync 1 DAGs
[2024-04-21T15:00:56.964+0000] {logging_mixin.py:188} INFO - [2024-04-21T15:00:56.964+0000] {dag.py:3954} INFO - Setting next_dagrun for example_display_name to None, run_after=None
[2024-04-21T15:00:56.976+0000] {processor.py:183} INFO - Processing /home/airflow/.local/lib/python3.12/site-packages/airflow/example_dags/example_display_name.py took 0.067 seconds
[2024-04-21T15:01:27.066+0000] {processor.py:161} INFO - Started process (PID=7938) to work on /home/airflow/.local/lib/python3.12/site-packages/airflow/example_dags/example_display_name.py
[2024-04-21T15:01:27.067+0000] {processor.py:830} INFO - Processing file /home/airflow/.local/lib/python3.12/site-packages/airflow/example_dags/example_display_name.py for tasks to queue
[2024-04-21T15:01:27.070+0000] {logging_mixin.py:188} INFO - [2024-04-21T15:01:27.069+0000] {dagbag.py:540} INFO - Filling up the DagBag from /home/airflow/.local/lib/python3.12/site-packages/airflow/example_dags/example_display_name.py
[2024-04-21T15:01:27.077+0000] {processor.py:840} INFO - DAG(s) 'example_display_name' retrieved from /home/airflow/.local/lib/python3.12/site-packages/airflow/example_dags/example_display_name.py
[2024-04-21T15:01:27.101+0000] {logging_mixin.py:188} INFO - [2024-04-21T15:01:27.101+0000] {dag.py:3096} INFO - Sync 1 DAGs
[2024-04-21T15:01:27.108+0000] {logging_mixin.py:188} INFO - [2024-04-21T15:01:27.108+0000] {dag.py:3954} INFO - Setting next_dagrun for example_display_name to None, run_after=None
[2024-04-21T15:01:27.117+0000] {processor.py:183} INFO - Processing /home/airflow/.local/lib/python3.12/site-packages/airflow/example_dags/example_display_name.py took 0.060 seconds
[2024-04-21T15:01:57.282+0000] {processor.py:161} INFO - Started process (PID=8220) to work on /home/airflow/.local/lib/python3.12/site-packages/airflow/example_dags/example_display_name.py
[2024-04-21T15:01:57.283+0000] {processor.py:830} INFO - Processing file /home/airflow/.local/lib/python3.12/site-packages/airflow/example_dags/example_display_name.py for tasks to queue
[2024-04-21T15:01:57.286+0000] {logging_mixin.py:188} INFO - [2024-04-21T15:01:57.285+0000] {dagbag.py:540} INFO - Filling up the DagBag from /home/airflow/.local/lib/python3.12/site-packages/airflow/example_dags/example_display_name.py
[2024-04-21T15:01:57.292+0000] {processor.py:840} INFO - DAG(s) 'example_display_name' retrieved from /home/airflow/.local/lib/python3.12/site-packages/airflow/example_dags/example_display_name.py
[2024-04-21T15:01:57.310+0000] {logging_mixin.py:188} INFO - [2024-04-21T15:01:57.310+0000] {dag.py:3096} INFO - Sync 1 DAGs
[2024-04-21T15:01:57.317+0000] {logging_mixin.py:188} INFO - [2024-04-21T15:01:57.317+0000] {dag.py:3954} INFO - Setting next_dagrun for example_display_name to None, run_after=None
[2024-04-21T15:01:57.326+0000] {processor.py:183} INFO - Processing /home/airflow/.local/lib/python3.12/site-packages/airflow/example_dags/example_display_name.py took 0.052 seconds
[2024-04-21T15:02:28.167+0000] {processor.py:161} INFO - Started process (PID=8494) to work on /home/airflow/.local/lib/python3.12/site-packages/airflow/example_dags/example_display_name.py
[2024-04-21T15:02:28.168+0000] {processor.py:830} INFO - Processing file /home/airflow/.local/lib/python3.12/site-packages/airflow/example_dags/example_display_name.py for tasks to queue
[2024-04-21T15:02:28.171+0000] {logging_mixin.py:188} INFO - [2024-04-21T15:02:28.170+0000] {dagbag.py:540} INFO - Filling up the DagBag from /home/airflow/.local/lib/python3.12/site-packages/airflow/example_dags/example_display_name.py
[2024-04-21T15:02:28.178+0000] {processor.py:840} INFO - DAG(s) 'example_display_name' retrieved from /home/airflow/.local/lib/python3.12/site-packages/airflow/example_dags/example_display_name.py
[2024-04-21T15:02:28.197+0000] {logging_mixin.py:188} INFO - [2024-04-21T15:02:28.197+0000] {dag.py:3096} INFO - Sync 1 DAGs
[2024-04-21T15:02:28.204+0000] {logging_mixin.py:188} INFO - [2024-04-21T15:02:28.204+0000] {dag.py:3954} INFO - Setting next_dagrun for example_display_name to None, run_after=None
[2024-04-21T15:02:28.213+0000] {processor.py:183} INFO - Processing /home/airflow/.local/lib/python3.12/site-packages/airflow/example_dags/example_display_name.py took 0.054 seconds
[2024-04-21T15:02:59.006+0000] {processor.py:161} INFO - Started process (PID=8770) to work on /home/airflow/.local/lib/python3.12/site-packages/airflow/example_dags/example_display_name.py
[2024-04-21T15:02:59.008+0000] {processor.py:830} INFO - Processing file /home/airflow/.local/lib/python3.12/site-packages/airflow/example_dags/example_display_name.py for tasks to queue
[2024-04-21T15:02:59.010+0000] {logging_mixin.py:188} INFO - [2024-04-21T15:02:59.009+0000] {dagbag.py:540} INFO - Filling up the DagBag from /home/airflow/.local/lib/python3.12/site-packages/airflow/example_dags/example_display_name.py
[2024-04-21T15:02:59.016+0000] {processor.py:840} INFO - DAG(s) 'example_display_name' retrieved from /home/airflow/.local/lib/python3.12/site-packages/airflow/example_dags/example_display_name.py
[2024-04-21T15:02:59.033+0000] {logging_mixin.py:188} INFO - [2024-04-21T15:02:59.033+0000] {dag.py:3096} INFO - Sync 1 DAGs
[2024-04-21T15:02:59.040+0000] {logging_mixin.py:188} INFO - [2024-04-21T15:02:59.040+0000] {dag.py:3954} INFO - Setting next_dagrun for example_display_name to None, run_after=None
[2024-04-21T15:02:59.049+0000] {processor.py:183} INFO - Processing /home/airflow/.local/lib/python3.12/site-packages/airflow/example_dags/example_display_name.py took 0.050 seconds
[2024-04-21T15:03:29.894+0000] {processor.py:161} INFO - Started process (PID=9037) to work on /home/airflow/.local/lib/python3.12/site-packages/airflow/example_dags/example_display_name.py
[2024-04-21T15:03:29.895+0000] {processor.py:830} INFO - Processing file /home/airflow/.local/lib/python3.12/site-packages/airflow/example_dags/example_display_name.py for tasks to queue
[2024-04-21T15:03:29.898+0000] {logging_mixin.py:188} INFO - [2024-04-21T15:03:29.897+0000] {dagbag.py:540} INFO - Filling up the DagBag from /home/airflow/.local/lib/python3.12/site-packages/airflow/example_dags/example_display_name.py
[2024-04-21T15:03:29.905+0000] {processor.py:840} INFO - DAG(s) 'example_display_name' retrieved from /home/airflow/.local/lib/python3.12/site-packages/airflow/example_dags/example_display_name.py
[2024-04-21T15:03:29.923+0000] {logging_mixin.py:188} INFO - [2024-04-21T15:03:29.922+0000] {dag.py:3096} INFO - Sync 1 DAGs
[2024-04-21T15:03:29.930+0000] {logging_mixin.py:188} INFO - [2024-04-21T15:03:29.930+0000] {dag.py:3954} INFO - Setting next_dagrun for example_display_name to None, run_after=None
[2024-04-21T15:03:29.939+0000] {processor.py:183} INFO - Processing /home/airflow/.local/lib/python3.12/site-packages/airflow/example_dags/example_display_name.py took 0.053 seconds
[2024-04-21T15:04:00.897+0000] {processor.py:161} INFO - Started process (PID=9304) to work on /home/airflow/.local/lib/python3.12/site-packages/airflow/example_dags/example_display_name.py
[2024-04-21T15:04:00.898+0000] {processor.py:830} INFO - Processing file /home/airflow/.local/lib/python3.12/site-packages/airflow/example_dags/example_display_name.py for tasks to queue
[2024-04-21T15:04:00.900+0000] {logging_mixin.py:188} INFO - [2024-04-21T15:04:00.900+0000] {dagbag.py:540} INFO - Filling up the DagBag from /home/airflow/.local/lib/python3.12/site-packages/airflow/example_dags/example_display_name.py
[2024-04-21T15:04:00.907+0000] {processor.py:840} INFO - DAG(s) 'example_display_name' retrieved from /home/airflow/.local/lib/python3.12/site-packages/airflow/example_dags/example_display_name.py
[2024-04-21T15:04:00.924+0000] {logging_mixin.py:188} INFO - [2024-04-21T15:04:00.924+0000] {dag.py:3096} INFO - Sync 1 DAGs
[2024-04-21T15:04:00.932+0000] {logging_mixin.py:188} INFO - [2024-04-21T15:04:00.932+0000] {dag.py:3954} INFO - Setting next_dagrun for example_display_name to None, run_after=None
[2024-04-21T15:04:00.940+0000] {processor.py:183} INFO - Processing /home/airflow/.local/lib/python3.12/site-packages/airflow/example_dags/example_display_name.py took 0.051 seconds
[2024-04-21T15:04:31.731+0000] {processor.py:161} INFO - Started process (PID=9571) to work on /home/airflow/.local/lib/python3.12/site-packages/airflow/example_dags/example_display_name.py
[2024-04-21T15:04:31.732+0000] {processor.py:830} INFO - Processing file /home/airflow/.local/lib/python3.12/site-packages/airflow/example_dags/example_display_name.py for tasks to queue
[2024-04-21T15:04:31.734+0000] {logging_mixin.py:188} INFO - [2024-04-21T15:04:31.734+0000] {dagbag.py:540} INFO - Filling up the DagBag from /home/airflow/.local/lib/python3.12/site-packages/airflow/example_dags/example_display_name.py
[2024-04-21T15:04:31.740+0000] {processor.py:840} INFO - DAG(s) 'example_display_name' retrieved from /home/airflow/.local/lib/python3.12/site-packages/airflow/example_dags/example_display_name.py
[2024-04-21T15:04:31.758+0000] {logging_mixin.py:188} INFO - [2024-04-21T15:04:31.757+0000] {dag.py:3096} INFO - Sync 1 DAGs
[2024-04-21T15:04:31.765+0000] {logging_mixin.py:188} INFO - [2024-04-21T15:04:31.765+0000] {dag.py:3954} INFO - Setting next_dagrun for example_display_name to None, run_after=None
[2024-04-21T15:04:31.775+0000] {processor.py:183} INFO - Processing /home/airflow/.local/lib/python3.12/site-packages/airflow/example_dags/example_display_name.py took 0.052 seconds
[2024-04-21T15:05:02.548+0000] {processor.py:161} INFO - Started process (PID=9837) to work on /home/airflow/.local/lib/python3.12/site-packages/airflow/example_dags/example_display_name.py
[2024-04-21T15:05:02.549+0000] {processor.py:830} INFO - Processing file /home/airflow/.local/lib/python3.12/site-packages/airflow/example_dags/example_display_name.py for tasks to queue
[2024-04-21T15:05:02.550+0000] {logging_mixin.py:188} INFO - [2024-04-21T15:05:02.550+0000] {dagbag.py:540} INFO - Filling up the DagBag from /home/airflow/.local/lib/python3.12/site-packages/airflow/example_dags/example_display_name.py
[2024-04-21T15:05:02.554+0000] {processor.py:840} INFO - DAG(s) 'example_display_name' retrieved from /home/airflow/.local/lib/python3.12/site-packages/airflow/example_dags/example_display_name.py
[2024-04-21T15:05:02.567+0000] {logging_mixin.py:188} INFO - [2024-04-21T15:05:02.567+0000] {dag.py:3096} INFO - Sync 1 DAGs
[2024-04-21T15:05:02.573+0000] {logging_mixin.py:188} INFO - [2024-04-21T15:05:02.573+0000] {dag.py:3954} INFO - Setting next_dagrun for example_display_name to None, run_after=None
[2024-04-21T15:05:02.582+0000] {processor.py:183} INFO - Processing /home/airflow/.local/lib/python3.12/site-packages/airflow/example_dags/example_display_name.py took 0.037 seconds
[2024-04-21T15:05:33.462+0000] {processor.py:161} INFO - Started process (PID=10104) to work on /home/airflow/.local/lib/python3.12/site-packages/airflow/example_dags/example_display_name.py
[2024-04-21T15:05:33.463+0000] {processor.py:830} INFO - Processing file /home/airflow/.local/lib/python3.12/site-packages/airflow/example_dags/example_display_name.py for tasks to queue
[2024-04-21T15:05:33.465+0000] {logging_mixin.py:188} INFO - [2024-04-21T15:05:33.465+0000] {dagbag.py:540} INFO - Filling up the DagBag from /home/airflow/.local/lib/python3.12/site-packages/airflow/example_dags/example_display_name.py
[2024-04-21T15:05:33.471+0000] {processor.py:840} INFO - DAG(s) 'example_display_name' retrieved from /home/airflow/.local/lib/python3.12/site-packages/airflow/example_dags/example_display_name.py
[2024-04-21T15:05:33.488+0000] {logging_mixin.py:188} INFO - [2024-04-21T15:05:33.488+0000] {dag.py:3096} INFO - Sync 1 DAGs
[2024-04-21T15:05:33.496+0000] {logging_mixin.py:188} INFO - [2024-04-21T15:05:33.495+0000] {dag.py:3954} INFO - Setting next_dagrun for example_display_name to None, run_after=None
[2024-04-21T15:05:33.504+0000] {processor.py:183} INFO - Processing /home/airflow/.local/lib/python3.12/site-packages/airflow/example_dags/example_display_name.py took 0.050 seconds
[2024-04-21T15:06:04.335+0000] {processor.py:161} INFO - Started process (PID=10371) to work on /home/airflow/.local/lib/python3.12/site-packages/airflow/example_dags/example_display_name.py
[2024-04-21T15:06:04.336+0000] {processor.py:830} INFO - Processing file /home/airflow/.local/lib/python3.12/site-packages/airflow/example_dags/example_display_name.py for tasks to queue
[2024-04-21T15:06:04.339+0000] {logging_mixin.py:188} INFO - [2024-04-21T15:06:04.338+0000] {dagbag.py:540} INFO - Filling up the DagBag from /home/airflow/.local/lib/python3.12/site-packages/airflow/example_dags/example_display_name.py
[2024-04-21T15:06:04.346+0000] {processor.py:840} INFO - DAG(s) 'example_display_name' retrieved from /home/airflow/.local/lib/python3.12/site-packages/airflow/example_dags/example_display_name.py
[2024-04-21T15:06:04.364+0000] {logging_mixin.py:188} INFO - [2024-04-21T15:06:04.364+0000] {dag.py:3096} INFO - Sync 1 DAGs
[2024-04-21T15:06:04.372+0000] {logging_mixin.py:188} INFO - [2024-04-21T15:06:04.372+0000] {dag.py:3954} INFO - Setting next_dagrun for example_display_name to None, run_after=None
[2024-04-21T15:06:04.381+0000] {processor.py:183} INFO - Processing /home/airflow/.local/lib/python3.12/site-packages/airflow/example_dags/example_display_name.py took 0.054 seconds
[2024-04-21T15:06:35.188+0000] {processor.py:161} INFO - Started process (PID=10638) to work on /home/airflow/.local/lib/python3.12/site-packages/airflow/example_dags/example_display_name.py
[2024-04-21T15:06:35.189+0000] {processor.py:830} INFO - Processing file /home/airflow/.local/lib/python3.12/site-packages/airflow/example_dags/example_display_name.py for tasks to queue
[2024-04-21T15:06:35.192+0000] {logging_mixin.py:188} INFO - [2024-04-21T15:06:35.191+0000] {dagbag.py:540} INFO - Filling up the DagBag from /home/airflow/.local/lib/python3.12/site-packages/airflow/example_dags/example_display_name.py
[2024-04-21T15:06:35.197+0000] {processor.py:840} INFO - DAG(s) 'example_display_name' retrieved from /home/airflow/.local/lib/python3.12/site-packages/airflow/example_dags/example_display_name.py
[2024-04-21T15:06:35.215+0000] {logging_mixin.py:188} INFO - [2024-04-21T15:06:35.215+0000] {dag.py:3096} INFO - Sync 1 DAGs
[2024-04-21T15:06:35.222+0000] {logging_mixin.py:188} INFO - [2024-04-21T15:06:35.222+0000] {dag.py:3954} INFO - Setting next_dagrun for example_display_name to None, run_after=None
[2024-04-21T15:06:35.231+0000] {processor.py:183} INFO - Processing /home/airflow/.local/lib/python3.12/site-packages/airflow/example_dags/example_display_name.py took 0.050 seconds
[2024-04-21T15:07:05.290+0000] {processor.py:161} INFO - Started process (PID=10905) to work on /home/airflow/.local/lib/python3.12/site-packages/airflow/example_dags/example_display_name.py
[2024-04-21T15:07:05.291+0000] {processor.py:830} INFO - Processing file /home/airflow/.local/lib/python3.12/site-packages/airflow/example_dags/example_display_name.py for tasks to queue
[2024-04-21T15:07:05.294+0000] {logging_mixin.py:188} INFO - [2024-04-21T15:07:05.293+0000] {dagbag.py:540} INFO - Filling up the DagBag from /home/airflow/.local/lib/python3.12/site-packages/airflow/example_dags/example_display_name.py
[2024-04-21T15:07:05.301+0000] {processor.py:840} INFO - DAG(s) 'example_display_name' retrieved from /home/airflow/.local/lib/python3.12/site-packages/airflow/example_dags/example_display_name.py
[2024-04-21T15:07:05.318+0000] {logging_mixin.py:188} INFO - [2024-04-21T15:07:05.317+0000] {dag.py:3096} INFO - Sync 1 DAGs
[2024-04-21T15:07:05.325+0000] {logging_mixin.py:188} INFO - [2024-04-21T15:07:05.324+0000] {dag.py:3954} INFO - Setting next_dagrun for example_display_name to None, run_after=None
[2024-04-21T15:07:05.333+0000] {processor.py:183} INFO - Processing /home/airflow/.local/lib/python3.12/site-packages/airflow/example_dags/example_display_name.py took 0.051 seconds
[2024-04-21T15:07:35.527+0000] {processor.py:161} INFO - Started process (PID=11191) to work on /home/airflow/.local/lib/python3.12/site-packages/airflow/example_dags/example_display_name.py
[2024-04-21T15:07:35.528+0000] {processor.py:830} INFO - Processing file /home/airflow/.local/lib/python3.12/site-packages/airflow/example_dags/example_display_name.py for tasks to queue
[2024-04-21T15:07:35.529+0000] {logging_mixin.py:188} INFO - [2024-04-21T15:07:35.529+0000] {dagbag.py:540} INFO - Filling up the DagBag from /home/airflow/.local/lib/python3.12/site-packages/airflow/example_dags/example_display_name.py
[2024-04-21T15:07:35.536+0000] {processor.py:840} INFO - DAG(s) 'example_display_name' retrieved from /home/airflow/.local/lib/python3.12/site-packages/airflow/example_dags/example_display_name.py
[2024-04-21T15:07:35.559+0000] {logging_mixin.py:188} INFO - [2024-04-21T15:07:35.559+0000] {dag.py:3096} INFO - Sync 1 DAGs
[2024-04-21T15:07:35.569+0000] {logging_mixin.py:188} INFO - [2024-04-21T15:07:35.568+0000] {dag.py:3954} INFO - Setting next_dagrun for example_display_name to None, run_after=None
[2024-04-21T15:07:35.581+0000] {processor.py:183} INFO - Processing /home/airflow/.local/lib/python3.12/site-packages/airflow/example_dags/example_display_name.py took 0.060 seconds
[2024-04-21T15:08:05.684+0000] {processor.py:161} INFO - Started process (PID=11470) to work on /home/airflow/.local/lib/python3.12/site-packages/airflow/example_dags/example_display_name.py
[2024-04-21T15:08:05.685+0000] {processor.py:830} INFO - Processing file /home/airflow/.local/lib/python3.12/site-packages/airflow/example_dags/example_display_name.py for tasks to queue
[2024-04-21T15:08:05.687+0000] {logging_mixin.py:188} INFO - [2024-04-21T15:08:05.687+0000] {dagbag.py:540} INFO - Filling up the DagBag from /home/airflow/.local/lib/python3.12/site-packages/airflow/example_dags/example_display_name.py
[2024-04-21T15:08:05.692+0000] {processor.py:840} INFO - DAG(s) 'example_display_name' retrieved from /home/airflow/.local/lib/python3.12/site-packages/airflow/example_dags/example_display_name.py
[2024-04-21T15:08:05.709+0000] {logging_mixin.py:188} INFO - [2024-04-21T15:08:05.709+0000] {dag.py:3096} INFO - Sync 1 DAGs
[2024-04-21T15:08:05.716+0000] {logging_mixin.py:188} INFO - [2024-04-21T15:08:05.716+0000] {dag.py:3954} INFO - Setting next_dagrun for example_display_name to None, run_after=None
[2024-04-21T15:08:05.725+0000] {processor.py:183} INFO - Processing /home/airflow/.local/lib/python3.12/site-packages/airflow/example_dags/example_display_name.py took 0.047 seconds
[2024-04-21T15:08:36.673+0000] {processor.py:161} INFO - Started process (PID=11753) to work on /home/airflow/.local/lib/python3.12/site-packages/airflow/example_dags/example_display_name.py
[2024-04-21T15:08:36.674+0000] {processor.py:830} INFO - Processing file /home/airflow/.local/lib/python3.12/site-packages/airflow/example_dags/example_display_name.py for tasks to queue
[2024-04-21T15:08:36.676+0000] {logging_mixin.py:188} INFO - [2024-04-21T15:08:36.676+0000] {dagbag.py:540} INFO - Filling up the DagBag from /home/airflow/.local/lib/python3.12/site-packages/airflow/example_dags/example_display_name.py
[2024-04-21T15:08:36.682+0000] {processor.py:840} INFO - DAG(s) 'example_display_name' retrieved from /home/airflow/.local/lib/python3.12/site-packages/airflow/example_dags/example_display_name.py
[2024-04-21T15:08:36.699+0000] {logging_mixin.py:188} INFO - [2024-04-21T15:08:36.699+0000] {dag.py:3096} INFO - Sync 1 DAGs
[2024-04-21T15:08:36.706+0000] {logging_mixin.py:188} INFO - [2024-04-21T15:08:36.706+0000] {dag.py:3954} INFO - Setting next_dagrun for example_display_name to None, run_after=None
[2024-04-21T15:08:36.715+0000] {processor.py:183} INFO - Processing /home/airflow/.local/lib/python3.12/site-packages/airflow/example_dags/example_display_name.py took 0.050 seconds
[2024-04-21T15:09:07.581+0000] {processor.py:161} INFO - Started process (PID=12021) to work on /home/airflow/.local/lib/python3.12/site-packages/airflow/example_dags/example_display_name.py
[2024-04-21T15:09:07.582+0000] {processor.py:830} INFO - Processing file /home/airflow/.local/lib/python3.12/site-packages/airflow/example_dags/example_display_name.py for tasks to queue
[2024-04-21T15:09:07.584+0000] {logging_mixin.py:188} INFO - [2024-04-21T15:09:07.583+0000] {dagbag.py:540} INFO - Filling up the DagBag from /home/airflow/.local/lib/python3.12/site-packages/airflow/example_dags/example_display_name.py
[2024-04-21T15:09:07.589+0000] {processor.py:840} INFO - DAG(s) 'example_display_name' retrieved from /home/airflow/.local/lib/python3.12/site-packages/airflow/example_dags/example_display_name.py
[2024-04-21T15:09:07.605+0000] {logging_mixin.py:188} INFO - [2024-04-21T15:09:07.605+0000] {dag.py:3096} INFO - Sync 1 DAGs
[2024-04-21T15:09:07.612+0000] {logging_mixin.py:188} INFO - [2024-04-21T15:09:07.612+0000] {dag.py:3954} INFO - Setting next_dagrun for example_display_name to None, run_after=None
[2024-04-21T15:09:07.620+0000] {processor.py:183} INFO - Processing /home/airflow/.local/lib/python3.12/site-packages/airflow/example_dags/example_display_name.py took 0.045 seconds
[2024-04-21T15:09:38.460+0000] {processor.py:161} INFO - Started process (PID=12288) to work on /home/airflow/.local/lib/python3.12/site-packages/airflow/example_dags/example_display_name.py
[2024-04-21T15:09:38.460+0000] {processor.py:830} INFO - Processing file /home/airflow/.local/lib/python3.12/site-packages/airflow/example_dags/example_display_name.py for tasks to queue
[2024-04-21T15:09:38.461+0000] {logging_mixin.py:188} INFO - [2024-04-21T15:09:38.461+0000] {dagbag.py:540} INFO - Filling up the DagBag from /home/airflow/.local/lib/python3.12/site-packages/airflow/example_dags/example_display_name.py
[2024-04-21T15:09:38.465+0000] {processor.py:840} INFO - DAG(s) 'example_display_name' retrieved from /home/airflow/.local/lib/python3.12/site-packages/airflow/example_dags/example_display_name.py
[2024-04-21T15:09:38.477+0000] {logging_mixin.py:188} INFO - [2024-04-21T15:09:38.477+0000] {dag.py:3096} INFO - Sync 1 DAGs
[2024-04-21T15:09:38.483+0000] {logging_mixin.py:188} INFO - [2024-04-21T15:09:38.483+0000] {dag.py:3954} INFO - Setting next_dagrun for example_display_name to None, run_after=None
[2024-04-21T15:09:38.493+0000] {processor.py:183} INFO - Processing /home/airflow/.local/lib/python3.12/site-packages/airflow/example_dags/example_display_name.py took 0.036 seconds
[2024-04-21T15:10:09.358+0000] {processor.py:161} INFO - Started process (PID=12555) to work on /home/airflow/.local/lib/python3.12/site-packages/airflow/example_dags/example_display_name.py
[2024-04-21T15:10:09.358+0000] {processor.py:830} INFO - Processing file /home/airflow/.local/lib/python3.12/site-packages/airflow/example_dags/example_display_name.py for tasks to queue
[2024-04-21T15:10:09.359+0000] {logging_mixin.py:188} INFO - [2024-04-21T15:10:09.359+0000] {dagbag.py:540} INFO - Filling up the DagBag from /home/airflow/.local/lib/python3.12/site-packages/airflow/example_dags/example_display_name.py
[2024-04-21T15:10:09.363+0000] {processor.py:840} INFO - DAG(s) 'example_display_name' retrieved from /home/airflow/.local/lib/python3.12/site-packages/airflow/example_dags/example_display_name.py
[2024-04-21T15:10:09.375+0000] {logging_mixin.py:188} INFO - [2024-04-21T15:10:09.375+0000] {dag.py:3096} INFO - Sync 1 DAGs
[2024-04-21T15:10:09.381+0000] {logging_mixin.py:188} INFO - [2024-04-21T15:10:09.381+0000] {dag.py:3954} INFO - Setting next_dagrun for example_display_name to None, run_after=None
[2024-04-21T15:10:09.391+0000] {processor.py:183} INFO - Processing /home/airflow/.local/lib/python3.12/site-packages/airflow/example_dags/example_display_name.py took 0.037 seconds
[2024-04-21T15:10:39.650+0000] {processor.py:161} INFO - Started process (PID=12827) to work on /home/airflow/.local/lib/python3.12/site-packages/airflow/example_dags/example_display_name.py
[2024-04-21T15:10:39.652+0000] {processor.py:830} INFO - Processing file /home/airflow/.local/lib/python3.12/site-packages/airflow/example_dags/example_display_name.py for tasks to queue
[2024-04-21T15:10:39.655+0000] {logging_mixin.py:188} INFO - [2024-04-21T15:10:39.655+0000] {dagbag.py:540} INFO - Filling up the DagBag from /home/airflow/.local/lib/python3.12/site-packages/airflow/example_dags/example_display_name.py
[2024-04-21T15:10:39.665+0000] {processor.py:840} INFO - DAG(s) 'example_display_name' retrieved from /home/airflow/.local/lib/python3.12/site-packages/airflow/example_dags/example_display_name.py
[2024-04-21T15:10:39.690+0000] {logging_mixin.py:188} INFO - [2024-04-21T15:10:39.690+0000] {dag.py:3096} INFO - Sync 1 DAGs
[2024-04-21T15:10:39.698+0000] {logging_mixin.py:188} INFO - [2024-04-21T15:10:39.698+0000] {dag.py:3954} INFO - Setting next_dagrun for example_display_name to None, run_after=None
[2024-04-21T15:10:39.709+0000] {processor.py:183} INFO - Processing /home/airflow/.local/lib/python3.12/site-packages/airflow/example_dags/example_display_name.py took 0.069 seconds
[2024-04-21T15:11:09.780+0000] {processor.py:161} INFO - Started process (PID=13104) to work on /home/airflow/.local/lib/python3.12/site-packages/airflow/example_dags/example_display_name.py
[2024-04-21T15:11:09.780+0000] {processor.py:830} INFO - Processing file /home/airflow/.local/lib/python3.12/site-packages/airflow/example_dags/example_display_name.py for tasks to queue
[2024-04-21T15:11:09.781+0000] {logging_mixin.py:188} INFO - [2024-04-21T15:11:09.781+0000] {dagbag.py:540} INFO - Filling up the DagBag from /home/airflow/.local/lib/python3.12/site-packages/airflow/example_dags/example_display_name.py
[2024-04-21T15:11:09.785+0000] {processor.py:840} INFO - DAG(s) 'example_display_name' retrieved from /home/airflow/.local/lib/python3.12/site-packages/airflow/example_dags/example_display_name.py
[2024-04-21T15:11:09.799+0000] {logging_mixin.py:188} INFO - [2024-04-21T15:11:09.799+0000] {dag.py:3096} INFO - Sync 1 DAGs
[2024-04-21T15:11:09.805+0000] {logging_mixin.py:188} INFO - [2024-04-21T15:11:09.805+0000] {dag.py:3954} INFO - Setting next_dagrun for example_display_name to None, run_after=None
[2024-04-21T15:11:09.813+0000] {processor.py:183} INFO - Processing /home/airflow/.local/lib/python3.12/site-packages/airflow/example_dags/example_display_name.py took 0.037 seconds
[2024-04-21T15:11:40.744+0000] {processor.py:161} INFO - Started process (PID=13380) to work on /home/airflow/.local/lib/python3.12/site-packages/airflow/example_dags/example_display_name.py
[2024-04-21T15:11:40.746+0000] {processor.py:830} INFO - Processing file /home/airflow/.local/lib/python3.12/site-packages/airflow/example_dags/example_display_name.py for tasks to queue
[2024-04-21T15:11:40.748+0000] {logging_mixin.py:188} INFO - [2024-04-21T15:11:40.747+0000] {dagbag.py:540} INFO - Filling up the DagBag from /home/airflow/.local/lib/python3.12/site-packages/airflow/example_dags/example_display_name.py
[2024-04-21T15:11:40.753+0000] {processor.py:840} INFO - DAG(s) 'example_display_name' retrieved from /home/airflow/.local/lib/python3.12/site-packages/airflow/example_dags/example_display_name.py
[2024-04-21T15:11:40.771+0000] {logging_mixin.py:188} INFO - [2024-04-21T15:11:40.770+0000] {dag.py:3096} INFO - Sync 1 DAGs
[2024-04-21T15:11:40.778+0000] {logging_mixin.py:188} INFO - [2024-04-21T15:11:40.778+0000] {dag.py:3954} INFO - Setting next_dagrun for example_display_name to None, run_after=None
[2024-04-21T15:11:40.787+0000] {processor.py:183} INFO - Processing /home/airflow/.local/lib/python3.12/site-packages/airflow/example_dags/example_display_name.py took 0.050 seconds
[2024-04-21T15:12:10.819+0000] {processor.py:161} INFO - Started process (PID=13662) to work on /home/airflow/.local/lib/python3.12/site-packages/airflow/example_dags/example_display_name.py
[2024-04-21T15:12:10.820+0000] {processor.py:830} INFO - Processing file /home/airflow/.local/lib/python3.12/site-packages/airflow/example_dags/example_display_name.py for tasks to queue
[2024-04-21T15:12:10.821+0000] {logging_mixin.py:188} INFO - [2024-04-21T15:12:10.821+0000] {dagbag.py:540} INFO - Filling up the DagBag from /home/airflow/.local/lib/python3.12/site-packages/airflow/example_dags/example_display_name.py
[2024-04-21T15:12:10.824+0000] {processor.py:840} INFO - DAG(s) 'example_display_name' retrieved from /home/airflow/.local/lib/python3.12/site-packages/airflow/example_dags/example_display_name.py
[2024-04-21T15:12:10.836+0000] {logging_mixin.py:188} INFO - [2024-04-21T15:12:10.836+0000] {dag.py:3096} INFO - Sync 1 DAGs
[2024-04-21T15:12:10.842+0000] {logging_mixin.py:188} INFO - [2024-04-21T15:12:10.842+0000] {dag.py:3954} INFO - Setting next_dagrun for example_display_name to None, run_after=None
[2024-04-21T15:12:10.850+0000] {processor.py:183} INFO - Processing /home/airflow/.local/lib/python3.12/site-packages/airflow/example_dags/example_display_name.py took 0.034 seconds
[2024-04-21T15:12:41.596+0000] {processor.py:161} INFO - Started process (PID=13936) to work on /home/airflow/.local/lib/python3.12/site-packages/airflow/example_dags/example_display_name.py
[2024-04-21T15:12:41.596+0000] {processor.py:830} INFO - Processing file /home/airflow/.local/lib/python3.12/site-packages/airflow/example_dags/example_display_name.py for tasks to queue
[2024-04-21T15:12:41.597+0000] {logging_mixin.py:188} INFO - [2024-04-21T15:12:41.597+0000] {dagbag.py:540} INFO - Filling up the DagBag from /home/airflow/.local/lib/python3.12/site-packages/airflow/example_dags/example_display_name.py
[2024-04-21T15:12:41.600+0000] {processor.py:840} INFO - DAG(s) 'example_display_name' retrieved from /home/airflow/.local/lib/python3.12/site-packages/airflow/example_dags/example_display_name.py
[2024-04-21T15:12:41.611+0000] {logging_mixin.py:188} INFO - [2024-04-21T15:12:41.611+0000] {dag.py:3096} INFO - Sync 1 DAGs
[2024-04-21T15:12:41.617+0000] {logging_mixin.py:188} INFO - [2024-04-21T15:12:41.617+0000] {dag.py:3954} INFO - Setting next_dagrun for example_display_name to None, run_after=None
[2024-04-21T15:12:41.625+0000] {processor.py:183} INFO - Processing /home/airflow/.local/lib/python3.12/site-packages/airflow/example_dags/example_display_name.py took 0.033 seconds
[2024-04-21T15:13:12.611+0000] {processor.py:161} INFO - Started process (PID=14224) to work on /home/airflow/.local/lib/python3.12/site-packages/airflow/example_dags/example_display_name.py
[2024-04-21T15:13:12.612+0000] {processor.py:830} INFO - Processing file /home/airflow/.local/lib/python3.12/site-packages/airflow/example_dags/example_display_name.py for tasks to queue
[2024-04-21T15:13:12.612+0000] {logging_mixin.py:188} INFO - [2024-04-21T15:13:12.612+0000] {dagbag.py:540} INFO - Filling up the DagBag from /home/airflow/.local/lib/python3.12/site-packages/airflow/example_dags/example_display_name.py
[2024-04-21T15:13:12.616+0000] {processor.py:840} INFO - DAG(s) 'example_display_name' retrieved from /home/airflow/.local/lib/python3.12/site-packages/airflow/example_dags/example_display_name.py
[2024-04-21T15:13:12.628+0000] {logging_mixin.py:188} INFO - [2024-04-21T15:13:12.628+0000] {dag.py:3096} INFO - Sync 1 DAGs
[2024-04-21T15:13:12.633+0000] {logging_mixin.py:188} INFO - [2024-04-21T15:13:12.633+0000] {dag.py:3954} INFO - Setting next_dagrun for example_display_name to None, run_after=None
[2024-04-21T15:13:12.641+0000] {processor.py:183} INFO - Processing /home/airflow/.local/lib/python3.12/site-packages/airflow/example_dags/example_display_name.py took 0.033 seconds
[2024-04-21T15:13:43.499+0000] {processor.py:161} INFO - Started process (PID=14488) to work on /home/airflow/.local/lib/python3.12/site-packages/airflow/example_dags/example_display_name.py
[2024-04-21T15:13:43.499+0000] {processor.py:830} INFO - Processing file /home/airflow/.local/lib/python3.12/site-packages/airflow/example_dags/example_display_name.py for tasks to queue
[2024-04-21T15:13:43.500+0000] {logging_mixin.py:188} INFO - [2024-04-21T15:13:43.500+0000] {dagbag.py:540} INFO - Filling up the DagBag from /home/airflow/.local/lib/python3.12/site-packages/airflow/example_dags/example_display_name.py
[2024-04-21T15:13:43.503+0000] {processor.py:840} INFO - DAG(s) 'example_display_name' retrieved from /home/airflow/.local/lib/python3.12/site-packages/airflow/example_dags/example_display_name.py
[2024-04-21T15:13:43.514+0000] {logging_mixin.py:188} INFO - [2024-04-21T15:13:43.514+0000] {dag.py:3096} INFO - Sync 1 DAGs
[2024-04-21T15:13:43.520+0000] {logging_mixin.py:188} INFO - [2024-04-21T15:13:43.520+0000] {dag.py:3954} INFO - Setting next_dagrun for example_display_name to None, run_after=None
[2024-04-21T15:13:43.527+0000] {processor.py:183} INFO - Processing /home/airflow/.local/lib/python3.12/site-packages/airflow/example_dags/example_display_name.py took 0.032 seconds
[2024-04-21T15:14:13.659+0000] {processor.py:161} INFO - Started process (PID=14757) to work on /home/airflow/.local/lib/python3.12/site-packages/airflow/example_dags/example_display_name.py
[2024-04-21T15:14:13.659+0000] {processor.py:830} INFO - Processing file /home/airflow/.local/lib/python3.12/site-packages/airflow/example_dags/example_display_name.py for tasks to queue
[2024-04-21T15:14:13.660+0000] {logging_mixin.py:188} INFO - [2024-04-21T15:14:13.660+0000] {dagbag.py:540} INFO - Filling up the DagBag from /home/airflow/.local/lib/python3.12/site-packages/airflow/example_dags/example_display_name.py
[2024-04-21T15:14:13.664+0000] {processor.py:840} INFO - DAG(s) 'example_display_name' retrieved from /home/airflow/.local/lib/python3.12/site-packages/airflow/example_dags/example_display_name.py
[2024-04-21T15:14:13.675+0000] {logging_mixin.py:188} INFO - [2024-04-21T15:14:13.675+0000] {dag.py:3096} INFO - Sync 1 DAGs
[2024-04-21T15:14:13.680+0000] {logging_mixin.py:188} INFO - [2024-04-21T15:14:13.680+0000] {dag.py:3954} INFO - Setting next_dagrun for example_display_name to None, run_after=None
[2024-04-21T15:14:13.687+0000] {processor.py:183} INFO - Processing /home/airflow/.local/lib/python3.12/site-packages/airflow/example_dags/example_display_name.py took 0.031 seconds
[2024-04-21T15:14:43.746+0000] {processor.py:161} INFO - Started process (PID=15021) to work on /home/airflow/.local/lib/python3.12/site-packages/airflow/example_dags/example_display_name.py
[2024-04-21T15:14:43.746+0000] {processor.py:830} INFO - Processing file /home/airflow/.local/lib/python3.12/site-packages/airflow/example_dags/example_display_name.py for tasks to queue
[2024-04-21T15:14:43.747+0000] {logging_mixin.py:188} INFO - [2024-04-21T15:14:43.747+0000] {dagbag.py:540} INFO - Filling up the DagBag from /home/airflow/.local/lib/python3.12/site-packages/airflow/example_dags/example_display_name.py
[2024-04-21T15:14:43.750+0000] {processor.py:840} INFO - DAG(s) 'example_display_name' retrieved from /home/airflow/.local/lib/python3.12/site-packages/airflow/example_dags/example_display_name.py
[2024-04-21T15:14:43.761+0000] {logging_mixin.py:188} INFO - [2024-04-21T15:14:43.761+0000] {dag.py:3096} INFO - Sync 1 DAGs
[2024-04-21T15:14:43.766+0000] {logging_mixin.py:188} INFO - [2024-04-21T15:14:43.766+0000] {dag.py:3954} INFO - Setting next_dagrun for example_display_name to None, run_after=None
[2024-04-21T15:14:43.773+0000] {processor.py:183} INFO - Processing /home/airflow/.local/lib/python3.12/site-packages/airflow/example_dags/example_display_name.py took 0.031 seconds
[2024-04-21T15:15:13.918+0000] {processor.py:161} INFO - Started process (PID=15290) to work on /home/airflow/.local/lib/python3.12/site-packages/airflow/example_dags/example_display_name.py
[2024-04-21T15:15:13.919+0000] {processor.py:830} INFO - Processing file /home/airflow/.local/lib/python3.12/site-packages/airflow/example_dags/example_display_name.py for tasks to queue
[2024-04-21T15:15:13.920+0000] {logging_mixin.py:188} INFO - [2024-04-21T15:15:13.920+0000] {dagbag.py:540} INFO - Filling up the DagBag from /home/airflow/.local/lib/python3.12/site-packages/airflow/example_dags/example_display_name.py
[2024-04-21T15:15:13.923+0000] {processor.py:840} INFO - DAG(s) 'example_display_name' retrieved from /home/airflow/.local/lib/python3.12/site-packages/airflow/example_dags/example_display_name.py
[2024-04-21T15:15:13.935+0000] {logging_mixin.py:188} INFO - [2024-04-21T15:15:13.935+0000] {dag.py:3096} INFO - Sync 1 DAGs
[2024-04-21T15:15:13.940+0000] {logging_mixin.py:188} INFO - [2024-04-21T15:15:13.940+0000] {dag.py:3954} INFO - Setting next_dagrun for example_display_name to None, run_after=None
[2024-04-21T15:15:13.947+0000] {processor.py:183} INFO - Processing /home/airflow/.local/lib/python3.12/site-packages/airflow/example_dags/example_display_name.py took 0.032 seconds
[2024-04-21T15:15:44.094+0000] {processor.py:161} INFO - Started process (PID=15557) to work on /home/airflow/.local/lib/python3.12/site-packages/airflow/example_dags/example_display_name.py
[2024-04-21T15:15:44.094+0000] {processor.py:830} INFO - Processing file /home/airflow/.local/lib/python3.12/site-packages/airflow/example_dags/example_display_name.py for tasks to queue
[2024-04-21T15:15:44.096+0000] {logging_mixin.py:188} INFO - [2024-04-21T15:15:44.095+0000] {dagbag.py:540} INFO - Filling up the DagBag from /home/airflow/.local/lib/python3.12/site-packages/airflow/example_dags/example_display_name.py
[2024-04-21T15:15:44.099+0000] {processor.py:840} INFO - DAG(s) 'example_display_name' retrieved from /home/airflow/.local/lib/python3.12/site-packages/airflow/example_dags/example_display_name.py
[2024-04-21T15:15:44.111+0000] {logging_mixin.py:188} INFO - [2024-04-21T15:15:44.111+0000] {dag.py:3096} INFO - Sync 1 DAGs
[2024-04-21T15:15:44.117+0000] {logging_mixin.py:188} INFO - [2024-04-21T15:15:44.117+0000] {dag.py:3954} INFO - Setting next_dagrun for example_display_name to None, run_after=None
[2024-04-21T15:15:44.124+0000] {processor.py:183} INFO - Processing /home/airflow/.local/lib/python3.12/site-packages/airflow/example_dags/example_display_name.py took 0.033 seconds
[2024-04-21T15:16:14.361+0000] {processor.py:161} INFO - Started process (PID=15824) to work on /home/airflow/.local/lib/python3.12/site-packages/airflow/example_dags/example_display_name.py
[2024-04-21T15:16:14.362+0000] {processor.py:830} INFO - Processing file /home/airflow/.local/lib/python3.12/site-packages/airflow/example_dags/example_display_name.py for tasks to queue
[2024-04-21T15:16:14.363+0000] {logging_mixin.py:188} INFO - [2024-04-21T15:16:14.363+0000] {dagbag.py:540} INFO - Filling up the DagBag from /home/airflow/.local/lib/python3.12/site-packages/airflow/example_dags/example_display_name.py
[2024-04-21T15:16:14.367+0000] {processor.py:840} INFO - DAG(s) 'example_display_name' retrieved from /home/airflow/.local/lib/python3.12/site-packages/airflow/example_dags/example_display_name.py
[2024-04-21T15:16:14.380+0000] {logging_mixin.py:188} INFO - [2024-04-21T15:16:14.380+0000] {dag.py:3096} INFO - Sync 1 DAGs
[2024-04-21T15:16:14.387+0000] {logging_mixin.py:188} INFO - [2024-04-21T15:16:14.387+0000] {dag.py:3954} INFO - Setting next_dagrun for example_display_name to None, run_after=None
[2024-04-21T15:16:14.395+0000] {processor.py:183} INFO - Processing /home/airflow/.local/lib/python3.12/site-packages/airflow/example_dags/example_display_name.py took 0.038 seconds
[2024-04-21T15:16:44.593+0000] {processor.py:161} INFO - Started process (PID=16092) to work on /home/airflow/.local/lib/python3.12/site-packages/airflow/example_dags/example_display_name.py
[2024-04-21T15:16:44.593+0000] {processor.py:830} INFO - Processing file /home/airflow/.local/lib/python3.12/site-packages/airflow/example_dags/example_display_name.py for tasks to queue
[2024-04-21T15:16:44.594+0000] {logging_mixin.py:188} INFO - [2024-04-21T15:16:44.594+0000] {dagbag.py:540} INFO - Filling up the DagBag from /home/airflow/.local/lib/python3.12/site-packages/airflow/example_dags/example_display_name.py
[2024-04-21T15:16:44.598+0000] {processor.py:840} INFO - DAG(s) 'example_display_name' retrieved from /home/airflow/.local/lib/python3.12/site-packages/airflow/example_dags/example_display_name.py
[2024-04-21T15:16:44.611+0000] {logging_mixin.py:188} INFO - [2024-04-21T15:16:44.611+0000] {dag.py:3096} INFO - Sync 1 DAGs
[2024-04-21T15:16:44.617+0000] {logging_mixin.py:188} INFO - [2024-04-21T15:16:44.617+0000] {dag.py:3954} INFO - Setting next_dagrun for example_display_name to None, run_after=None
[2024-04-21T15:16:44.626+0000] {processor.py:183} INFO - Processing /home/airflow/.local/lib/python3.12/site-packages/airflow/example_dags/example_display_name.py took 0.037 seconds
[2024-04-21T15:17:14.762+0000] {processor.py:161} INFO - Started process (PID=16359) to work on /home/airflow/.local/lib/python3.12/site-packages/airflow/example_dags/example_display_name.py
[2024-04-21T15:17:14.762+0000] {processor.py:830} INFO - Processing file /home/airflow/.local/lib/python3.12/site-packages/airflow/example_dags/example_display_name.py for tasks to queue
[2024-04-21T15:17:14.763+0000] {logging_mixin.py:188} INFO - [2024-04-21T15:17:14.763+0000] {dagbag.py:540} INFO - Filling up the DagBag from /home/airflow/.local/lib/python3.12/site-packages/airflow/example_dags/example_display_name.py
[2024-04-21T15:17:14.767+0000] {processor.py:840} INFO - DAG(s) 'example_display_name' retrieved from /home/airflow/.local/lib/python3.12/site-packages/airflow/example_dags/example_display_name.py
[2024-04-21T15:17:14.779+0000] {logging_mixin.py:188} INFO - [2024-04-21T15:17:14.779+0000] {dag.py:3096} INFO - Sync 1 DAGs
[2024-04-21T15:17:14.784+0000] {logging_mixin.py:188} INFO - [2024-04-21T15:17:14.784+0000] {dag.py:3954} INFO - Setting next_dagrun for example_display_name to None, run_after=None
[2024-04-21T15:17:14.791+0000] {processor.py:183} INFO - Processing /home/airflow/.local/lib/python3.12/site-packages/airflow/example_dags/example_display_name.py took 0.033 seconds
[2024-04-21T15:17:44.897+0000] {processor.py:161} INFO - Started process (PID=16626) to work on /home/airflow/.local/lib/python3.12/site-packages/airflow/example_dags/example_display_name.py
[2024-04-21T15:17:44.898+0000] {processor.py:830} INFO - Processing file /home/airflow/.local/lib/python3.12/site-packages/airflow/example_dags/example_display_name.py for tasks to queue
[2024-04-21T15:17:44.899+0000] {logging_mixin.py:188} INFO - [2024-04-21T15:17:44.899+0000] {dagbag.py:540} INFO - Filling up the DagBag from /home/airflow/.local/lib/python3.12/site-packages/airflow/example_dags/example_display_name.py
[2024-04-21T15:17:44.903+0000] {processor.py:840} INFO - DAG(s) 'example_display_name' retrieved from /home/airflow/.local/lib/python3.12/site-packages/airflow/example_dags/example_display_name.py
[2024-04-21T15:17:44.915+0000] {logging_mixin.py:188} INFO - [2024-04-21T15:17:44.915+0000] {dag.py:3096} INFO - Sync 1 DAGs
[2024-04-21T15:17:44.920+0000] {logging_mixin.py:188} INFO - [2024-04-21T15:17:44.920+0000] {dag.py:3954} INFO - Setting next_dagrun for example_display_name to None, run_after=None
[2024-04-21T15:17:44.928+0000] {processor.py:183} INFO - Processing /home/airflow/.local/lib/python3.12/site-packages/airflow/example_dags/example_display_name.py took 0.033 seconds
[2024-04-21T15:18:15.011+0000] {processor.py:161} INFO - Started process (PID=16893) to work on /home/airflow/.local/lib/python3.12/site-packages/airflow/example_dags/example_display_name.py
[2024-04-21T15:18:15.012+0000] {processor.py:830} INFO - Processing file /home/airflow/.local/lib/python3.12/site-packages/airflow/example_dags/example_display_name.py for tasks to queue
[2024-04-21T15:18:15.013+0000] {logging_mixin.py:188} INFO - [2024-04-21T15:18:15.013+0000] {dagbag.py:540} INFO - Filling up the DagBag from /home/airflow/.local/lib/python3.12/site-packages/airflow/example_dags/example_display_name.py
[2024-04-21T15:18:15.016+0000] {processor.py:840} INFO - DAG(s) 'example_display_name' retrieved from /home/airflow/.local/lib/python3.12/site-packages/airflow/example_dags/example_display_name.py
[2024-04-21T15:18:15.029+0000] {logging_mixin.py:188} INFO - [2024-04-21T15:18:15.029+0000] {dag.py:3096} INFO - Sync 1 DAGs
[2024-04-21T15:18:15.035+0000] {logging_mixin.py:188} INFO - [2024-04-21T15:18:15.035+0000] {dag.py:3954} INFO - Setting next_dagrun for example_display_name to None, run_after=None
[2024-04-21T15:18:15.042+0000] {processor.py:183} INFO - Processing /home/airflow/.local/lib/python3.12/site-packages/airflow/example_dags/example_display_name.py took 0.034 seconds
[2024-04-21T15:18:45.106+0000] {processor.py:161} INFO - Started process (PID=17159) to work on /home/airflow/.local/lib/python3.12/site-packages/airflow/example_dags/example_display_name.py
[2024-04-21T15:18:45.107+0000] {processor.py:830} INFO - Processing file /home/airflow/.local/lib/python3.12/site-packages/airflow/example_dags/example_display_name.py for tasks to queue
[2024-04-21T15:18:45.108+0000] {logging_mixin.py:188} INFO - [2024-04-21T15:18:45.108+0000] {dagbag.py:540} INFO - Filling up the DagBag from /home/airflow/.local/lib/python3.12/site-packages/airflow/example_dags/example_display_name.py
[2024-04-21T15:18:45.111+0000] {processor.py:840} INFO - DAG(s) 'example_display_name' retrieved from /home/airflow/.local/lib/python3.12/site-packages/airflow/example_dags/example_display_name.py
[2024-04-21T15:18:45.123+0000] {logging_mixin.py:188} INFO - [2024-04-21T15:18:45.123+0000] {dag.py:3096} INFO - Sync 1 DAGs
[2024-04-21T15:18:45.128+0000] {logging_mixin.py:188} INFO - [2024-04-21T15:18:45.128+0000] {dag.py:3954} INFO - Setting next_dagrun for example_display_name to None, run_after=None
[2024-04-21T15:18:45.135+0000] {processor.py:183} INFO - Processing /home/airflow/.local/lib/python3.12/site-packages/airflow/example_dags/example_display_name.py took 0.031 seconds
[2024-04-21T15:19:15.991+0000] {processor.py:161} INFO - Started process (PID=17426) to work on /home/airflow/.local/lib/python3.12/site-packages/airflow/example_dags/example_display_name.py
[2024-04-21T15:19:15.992+0000] {processor.py:830} INFO - Processing file /home/airflow/.local/lib/python3.12/site-packages/airflow/example_dags/example_display_name.py for tasks to queue
[2024-04-21T15:19:15.993+0000] {logging_mixin.py:188} INFO - [2024-04-21T15:19:15.993+0000] {dagbag.py:540} INFO - Filling up the DagBag from /home/airflow/.local/lib/python3.12/site-packages/airflow/example_dags/example_display_name.py
[2024-04-21T15:19:15.997+0000] {processor.py:840} INFO - DAG(s) 'example_display_name' retrieved from /home/airflow/.local/lib/python3.12/site-packages/airflow/example_dags/example_display_name.py
[2024-04-21T15:19:16.010+0000] {logging_mixin.py:188} INFO - [2024-04-21T15:19:16.010+0000] {dag.py:3096} INFO - Sync 1 DAGs
[2024-04-21T15:19:16.016+0000] {logging_mixin.py:188} INFO - [2024-04-21T15:19:16.016+0000] {dag.py:3954} INFO - Setting next_dagrun for example_display_name to None, run_after=None
[2024-04-21T15:19:16.024+0000] {processor.py:183} INFO - Processing /home/airflow/.local/lib/python3.12/site-packages/airflow/example_dags/example_display_name.py took 0.036 seconds
[2024-04-21T15:19:46.159+0000] {processor.py:161} INFO - Started process (PID=17693) to work on /home/airflow/.local/lib/python3.12/site-packages/airflow/example_dags/example_display_name.py
[2024-04-21T15:19:46.160+0000] {processor.py:830} INFO - Processing file /home/airflow/.local/lib/python3.12/site-packages/airflow/example_dags/example_display_name.py for tasks to queue
[2024-04-21T15:19:46.161+0000] {logging_mixin.py:188} INFO - [2024-04-21T15:19:46.160+0000] {dagbag.py:540} INFO - Filling up the DagBag from /home/airflow/.local/lib/python3.12/site-packages/airflow/example_dags/example_display_name.py
[2024-04-21T15:19:46.164+0000] {processor.py:840} INFO - DAG(s) 'example_display_name' retrieved from /home/airflow/.local/lib/python3.12/site-packages/airflow/example_dags/example_display_name.py
[2024-04-21T15:19:46.177+0000] {logging_mixin.py:188} INFO - [2024-04-21T15:19:46.177+0000] {dag.py:3096} INFO - Sync 1 DAGs
[2024-04-21T15:19:46.182+0000] {logging_mixin.py:188} INFO - [2024-04-21T15:19:46.182+0000] {dag.py:3954} INFO - Setting next_dagrun for example_display_name to None, run_after=None
[2024-04-21T15:19:46.190+0000] {processor.py:183} INFO - Processing /home/airflow/.local/lib/python3.12/site-packages/airflow/example_dags/example_display_name.py took 0.034 seconds
[2024-04-21T15:20:16.343+0000] {processor.py:161} INFO - Started process (PID=17960) to work on /home/airflow/.local/lib/python3.12/site-packages/airflow/example_dags/example_display_name.py
[2024-04-21T15:20:16.344+0000] {processor.py:830} INFO - Processing file /home/airflow/.local/lib/python3.12/site-packages/airflow/example_dags/example_display_name.py for tasks to queue
[2024-04-21T15:20:16.345+0000] {logging_mixin.py:188} INFO - [2024-04-21T15:20:16.345+0000] {dagbag.py:540} INFO - Filling up the DagBag from /home/airflow/.local/lib/python3.12/site-packages/airflow/example_dags/example_display_name.py
[2024-04-21T15:20:16.348+0000] {processor.py:840} INFO - DAG(s) 'example_display_name' retrieved from /home/airflow/.local/lib/python3.12/site-packages/airflow/example_dags/example_display_name.py
[2024-04-21T15:20:16.361+0000] {logging_mixin.py:188} INFO - [2024-04-21T15:20:16.360+0000] {dag.py:3096} INFO - Sync 1 DAGs
[2024-04-21T15:20:16.366+0000] {logging_mixin.py:188} INFO - [2024-04-21T15:20:16.366+0000] {dag.py:3954} INFO - Setting next_dagrun for example_display_name to None, run_after=None
[2024-04-21T15:20:16.373+0000] {processor.py:183} INFO - Processing /home/airflow/.local/lib/python3.12/site-packages/airflow/example_dags/example_display_name.py took 0.033 seconds
