[2024-04-21T14:30:02.795+0000] {processor.py:161} INFO - Started process (PID=301) to work on /home/airflow/.local/lib/python3.12/site-packages/airflow/example_dags/example_task_group_decorator.py
[2024-04-21T14:30:02.796+0000] {processor.py:830} INFO - Processing file /home/airflow/.local/lib/python3.12/site-packages/airflow/example_dags/example_task_group_decorator.py for tasks to queue
[2024-04-21T14:30:02.797+0000] {logging_mixin.py:188} INFO - [2024-04-21T14:30:02.797+0000] {dagbag.py:540} INFO - Filling up the DagBag from /home/airflow/.local/lib/python3.12/site-packages/airflow/example_dags/example_task_group_decorator.py
[2024-04-21T14:30:02.806+0000] {processor.py:840} INFO - DAG(s) 'example_task_group_decorator' retrieved from /home/airflow/.local/lib/python3.12/site-packages/airflow/example_dags/example_task_group_decorator.py
[2024-04-21T14:30:02.817+0000] {logging_mixin.py:188} INFO - [2024-04-21T14:30:02.817+0000] {dag.py:3096} INFO - Sync 1 DAGs
[2024-04-21T14:30:02.831+0000] {logging_mixin.py:188} INFO - [2024-04-21T14:30:02.831+0000] {dag.py:3954} INFO - Setting next_dagrun for example_task_group_decorator to 2024-04-20 00:00:00+00:00, run_after=2024-04-21 00:00:00+00:00
[2024-04-21T14:30:02.841+0000] {processor.py:183} INFO - Processing /home/airflow/.local/lib/python3.12/site-packages/airflow/example_dags/example_task_group_decorator.py took 0.050 seconds
[2024-04-21T14:30:33.625+0000] {processor.py:161} INFO - Started process (PID=563) to work on /home/airflow/.local/lib/python3.12/site-packages/airflow/example_dags/example_task_group_decorator.py
[2024-04-21T14:30:33.625+0000] {processor.py:830} INFO - Processing file /home/airflow/.local/lib/python3.12/site-packages/airflow/example_dags/example_task_group_decorator.py for tasks to queue
[2024-04-21T14:30:33.627+0000] {logging_mixin.py:188} INFO - [2024-04-21T14:30:33.627+0000] {dagbag.py:540} INFO - Filling up the DagBag from /home/airflow/.local/lib/python3.12/site-packages/airflow/example_dags/example_task_group_decorator.py
[2024-04-21T14:30:33.636+0000] {processor.py:840} INFO - DAG(s) 'example_task_group_decorator' retrieved from /home/airflow/.local/lib/python3.12/site-packages/airflow/example_dags/example_task_group_decorator.py
[2024-04-21T14:30:33.705+0000] {logging_mixin.py:188} INFO - [2024-04-21T14:30:33.704+0000] {dag.py:3096} INFO - Sync 1 DAGs
[2024-04-21T14:30:33.716+0000] {logging_mixin.py:188} INFO - [2024-04-21T14:30:33.716+0000] {dag.py:3954} INFO - Setting next_dagrun for example_task_group_decorator to 2024-04-20 00:00:00+00:00, run_after=2024-04-21 00:00:00+00:00
[2024-04-21T14:30:33.728+0000] {processor.py:183} INFO - Processing /home/airflow/.local/lib/python3.12/site-packages/airflow/example_dags/example_task_group_decorator.py took 0.107 seconds
[2024-04-21T14:31:04.629+0000] {processor.py:161} INFO - Started process (PID=825) to work on /home/airflow/.local/lib/python3.12/site-packages/airflow/example_dags/example_task_group_decorator.py
[2024-04-21T14:31:04.630+0000] {processor.py:830} INFO - Processing file /home/airflow/.local/lib/python3.12/site-packages/airflow/example_dags/example_task_group_decorator.py for tasks to queue
[2024-04-21T14:31:04.632+0000] {logging_mixin.py:188} INFO - [2024-04-21T14:31:04.631+0000] {dagbag.py:540} INFO - Filling up the DagBag from /home/airflow/.local/lib/python3.12/site-packages/airflow/example_dags/example_task_group_decorator.py
[2024-04-21T14:31:04.640+0000] {processor.py:840} INFO - DAG(s) 'example_task_group_decorator' retrieved from /home/airflow/.local/lib/python3.12/site-packages/airflow/example_dags/example_task_group_decorator.py
[2024-04-21T14:31:04.658+0000] {logging_mixin.py:188} INFO - [2024-04-21T14:31:04.657+0000] {dag.py:3096} INFO - Sync 1 DAGs
[2024-04-21T14:31:04.670+0000] {logging_mixin.py:188} INFO - [2024-04-21T14:31:04.670+0000] {dag.py:3954} INFO - Setting next_dagrun for example_task_group_decorator to 2024-04-20 00:00:00+00:00, run_after=2024-04-21 00:00:00+00:00
[2024-04-21T14:31:04.679+0000] {processor.py:183} INFO - Processing /home/airflow/.local/lib/python3.12/site-packages/airflow/example_dags/example_task_group_decorator.py took 0.054 seconds
[2024-04-21T14:31:35.127+0000] {processor.py:161} INFO - Started process (PID=1087) to work on /home/airflow/.local/lib/python3.12/site-packages/airflow/example_dags/example_task_group_decorator.py
[2024-04-21T14:31:35.127+0000] {processor.py:830} INFO - Processing file /home/airflow/.local/lib/python3.12/site-packages/airflow/example_dags/example_task_group_decorator.py for tasks to queue
[2024-04-21T14:31:35.129+0000] {logging_mixin.py:188} INFO - [2024-04-21T14:31:35.128+0000] {dagbag.py:540} INFO - Filling up the DagBag from /home/airflow/.local/lib/python3.12/site-packages/airflow/example_dags/example_task_group_decorator.py
[2024-04-21T14:31:35.138+0000] {processor.py:840} INFO - DAG(s) 'example_task_group_decorator' retrieved from /home/airflow/.local/lib/python3.12/site-packages/airflow/example_dags/example_task_group_decorator.py
[2024-04-21T14:31:35.156+0000] {logging_mixin.py:188} INFO - [2024-04-21T14:31:35.156+0000] {dag.py:3096} INFO - Sync 1 DAGs
[2024-04-21T14:31:35.168+0000] {logging_mixin.py:188} INFO - [2024-04-21T14:31:35.168+0000] {dag.py:3954} INFO - Setting next_dagrun for example_task_group_decorator to 2024-04-20 00:00:00+00:00, run_after=2024-04-21 00:00:00+00:00
[2024-04-21T14:31:35.177+0000] {processor.py:183} INFO - Processing /home/airflow/.local/lib/python3.12/site-packages/airflow/example_dags/example_task_group_decorator.py took 0.055 seconds
[2024-04-21T14:32:05.869+0000] {processor.py:161} INFO - Started process (PID=1348) to work on /home/airflow/.local/lib/python3.12/site-packages/airflow/example_dags/example_task_group_decorator.py
[2024-04-21T14:32:05.870+0000] {processor.py:830} INFO - Processing file /home/airflow/.local/lib/python3.12/site-packages/airflow/example_dags/example_task_group_decorator.py for tasks to queue
[2024-04-21T14:32:05.871+0000] {logging_mixin.py:188} INFO - [2024-04-21T14:32:05.871+0000] {dagbag.py:540} INFO - Filling up the DagBag from /home/airflow/.local/lib/python3.12/site-packages/airflow/example_dags/example_task_group_decorator.py
[2024-04-21T14:32:05.880+0000] {processor.py:840} INFO - DAG(s) 'example_task_group_decorator' retrieved from /home/airflow/.local/lib/python3.12/site-packages/airflow/example_dags/example_task_group_decorator.py
[2024-04-21T14:32:05.899+0000] {logging_mixin.py:188} INFO - [2024-04-21T14:32:05.899+0000] {dag.py:3096} INFO - Sync 1 DAGs
[2024-04-21T14:32:05.912+0000] {logging_mixin.py:188} INFO - [2024-04-21T14:32:05.912+0000] {dag.py:3954} INFO - Setting next_dagrun for example_task_group_decorator to 2024-04-20 00:00:00+00:00, run_after=2024-04-21 00:00:00+00:00
[2024-04-21T14:32:05.922+0000] {processor.py:183} INFO - Processing /home/airflow/.local/lib/python3.12/site-packages/airflow/example_dags/example_task_group_decorator.py took 0.057 seconds
[2024-04-21T14:32:36.223+0000] {processor.py:161} INFO - Started process (PID=1612) to work on /home/airflow/.local/lib/python3.12/site-packages/airflow/example_dags/example_task_group_decorator.py
[2024-04-21T14:32:36.224+0000] {processor.py:830} INFO - Processing file /home/airflow/.local/lib/python3.12/site-packages/airflow/example_dags/example_task_group_decorator.py for tasks to queue
[2024-04-21T14:32:36.226+0000] {logging_mixin.py:188} INFO - [2024-04-21T14:32:36.225+0000] {dagbag.py:540} INFO - Filling up the DagBag from /home/airflow/.local/lib/python3.12/site-packages/airflow/example_dags/example_task_group_decorator.py
[2024-04-21T14:32:36.235+0000] {processor.py:840} INFO - DAG(s) 'example_task_group_decorator' retrieved from /home/airflow/.local/lib/python3.12/site-packages/airflow/example_dags/example_task_group_decorator.py
[2024-04-21T14:32:36.255+0000] {logging_mixin.py:188} INFO - [2024-04-21T14:32:36.255+0000] {dag.py:3096} INFO - Sync 1 DAGs
[2024-04-21T14:32:36.270+0000] {logging_mixin.py:188} INFO - [2024-04-21T14:32:36.269+0000] {dag.py:3954} INFO - Setting next_dagrun for example_task_group_decorator to 2024-04-20 00:00:00+00:00, run_after=2024-04-21 00:00:00+00:00
[2024-04-21T14:32:36.280+0000] {processor.py:183} INFO - Processing /home/airflow/.local/lib/python3.12/site-packages/airflow/example_dags/example_task_group_decorator.py took 0.061 seconds
[2024-04-21T14:33:06.692+0000] {processor.py:161} INFO - Started process (PID=1872) to work on /home/airflow/.local/lib/python3.12/site-packages/airflow/example_dags/example_task_group_decorator.py
[2024-04-21T14:33:06.693+0000] {processor.py:830} INFO - Processing file /home/airflow/.local/lib/python3.12/site-packages/airflow/example_dags/example_task_group_decorator.py for tasks to queue
[2024-04-21T14:33:06.694+0000] {logging_mixin.py:188} INFO - [2024-04-21T14:33:06.694+0000] {dagbag.py:540} INFO - Filling up the DagBag from /home/airflow/.local/lib/python3.12/site-packages/airflow/example_dags/example_task_group_decorator.py
[2024-04-21T14:33:06.704+0000] {processor.py:840} INFO - DAG(s) 'example_task_group_decorator' retrieved from /home/airflow/.local/lib/python3.12/site-packages/airflow/example_dags/example_task_group_decorator.py
[2024-04-21T14:33:06.722+0000] {logging_mixin.py:188} INFO - [2024-04-21T14:33:06.722+0000] {dag.py:3096} INFO - Sync 1 DAGs
[2024-04-21T14:33:06.735+0000] {logging_mixin.py:188} INFO - [2024-04-21T14:33:06.735+0000] {dag.py:3954} INFO - Setting next_dagrun for example_task_group_decorator to 2024-04-20 00:00:00+00:00, run_after=2024-04-21 00:00:00+00:00
[2024-04-21T14:33:06.745+0000] {processor.py:183} INFO - Processing /home/airflow/.local/lib/python3.12/site-packages/airflow/example_dags/example_task_group_decorator.py took 0.057 seconds
[2024-04-21T14:33:37.423+0000] {processor.py:161} INFO - Started process (PID=2137) to work on /home/airflow/.local/lib/python3.12/site-packages/airflow/example_dags/example_task_group_decorator.py
[2024-04-21T14:33:37.423+0000] {processor.py:830} INFO - Processing file /home/airflow/.local/lib/python3.12/site-packages/airflow/example_dags/example_task_group_decorator.py for tasks to queue
[2024-04-21T14:33:37.425+0000] {logging_mixin.py:188} INFO - [2024-04-21T14:33:37.425+0000] {dagbag.py:540} INFO - Filling up the DagBag from /home/airflow/.local/lib/python3.12/site-packages/airflow/example_dags/example_task_group_decorator.py
[2024-04-21T14:33:37.434+0000] {processor.py:840} INFO - DAG(s) 'example_task_group_decorator' retrieved from /home/airflow/.local/lib/python3.12/site-packages/airflow/example_dags/example_task_group_decorator.py
[2024-04-21T14:33:37.454+0000] {logging_mixin.py:188} INFO - [2024-04-21T14:33:37.454+0000] {dag.py:3096} INFO - Sync 1 DAGs
[2024-04-21T14:33:37.468+0000] {logging_mixin.py:188} INFO - [2024-04-21T14:33:37.468+0000] {dag.py:3954} INFO - Setting next_dagrun for example_task_group_decorator to 2024-04-20 00:00:00+00:00, run_after=2024-04-21 00:00:00+00:00
[2024-04-21T14:33:37.479+0000] {processor.py:183} INFO - Processing /home/airflow/.local/lib/python3.12/site-packages/airflow/example_dags/example_task_group_decorator.py took 0.060 seconds
[2024-04-21T14:34:08.045+0000] {processor.py:161} INFO - Started process (PID=2397) to work on /home/airflow/.local/lib/python3.12/site-packages/airflow/example_dags/example_task_group_decorator.py
[2024-04-21T14:34:08.046+0000] {processor.py:830} INFO - Processing file /home/airflow/.local/lib/python3.12/site-packages/airflow/example_dags/example_task_group_decorator.py for tasks to queue
[2024-04-21T14:34:08.047+0000] {logging_mixin.py:188} INFO - [2024-04-21T14:34:08.047+0000] {dagbag.py:540} INFO - Filling up the DagBag from /home/airflow/.local/lib/python3.12/site-packages/airflow/example_dags/example_task_group_decorator.py
[2024-04-21T14:34:08.057+0000] {processor.py:840} INFO - DAG(s) 'example_task_group_decorator' retrieved from /home/airflow/.local/lib/python3.12/site-packages/airflow/example_dags/example_task_group_decorator.py
[2024-04-21T14:34:08.080+0000] {logging_mixin.py:188} INFO - [2024-04-21T14:34:08.079+0000] {dag.py:3096} INFO - Sync 1 DAGs
[2024-04-21T14:34:08.095+0000] {logging_mixin.py:188} INFO - [2024-04-21T14:34:08.095+0000] {dag.py:3954} INFO - Setting next_dagrun for example_task_group_decorator to 2024-04-20 00:00:00+00:00, run_after=2024-04-21 00:00:00+00:00
[2024-04-21T14:34:08.106+0000] {processor.py:183} INFO - Processing /home/airflow/.local/lib/python3.12/site-packages/airflow/example_dags/example_task_group_decorator.py took 0.066 seconds
[2024-04-21T14:34:38.179+0000] {processor.py:161} INFO - Started process (PID=2661) to work on /home/airflow/.local/lib/python3.12/site-packages/airflow/example_dags/example_task_group_decorator.py
[2024-04-21T14:34:38.180+0000] {processor.py:830} INFO - Processing file /home/airflow/.local/lib/python3.12/site-packages/airflow/example_dags/example_task_group_decorator.py for tasks to queue
[2024-04-21T14:34:38.181+0000] {logging_mixin.py:188} INFO - [2024-04-21T14:34:38.181+0000] {dagbag.py:540} INFO - Filling up the DagBag from /home/airflow/.local/lib/python3.12/site-packages/airflow/example_dags/example_task_group_decorator.py
[2024-04-21T14:34:38.191+0000] {processor.py:840} INFO - DAG(s) 'example_task_group_decorator' retrieved from /home/airflow/.local/lib/python3.12/site-packages/airflow/example_dags/example_task_group_decorator.py
[2024-04-21T14:34:38.210+0000] {logging_mixin.py:188} INFO - [2024-04-21T14:34:38.210+0000] {dag.py:3096} INFO - Sync 1 DAGs
[2024-04-21T14:34:38.224+0000] {logging_mixin.py:188} INFO - [2024-04-21T14:34:38.223+0000] {dag.py:3954} INFO - Setting next_dagrun for example_task_group_decorator to 2024-04-20 00:00:00+00:00, run_after=2024-04-21 00:00:00+00:00
[2024-04-21T14:34:38.234+0000] {processor.py:183} INFO - Processing /home/airflow/.local/lib/python3.12/site-packages/airflow/example_dags/example_task_group_decorator.py took 0.059 seconds
[2024-04-21T14:36:10.788+0000] {processor.py:161} INFO - Started process (PID=2928) to work on /home/airflow/.local/lib/python3.12/site-packages/airflow/example_dags/example_task_group_decorator.py
[2024-04-21T14:36:10.788+0000] {processor.py:830} INFO - Processing file /home/airflow/.local/lib/python3.12/site-packages/airflow/example_dags/example_task_group_decorator.py for tasks to queue
[2024-04-21T14:36:10.789+0000] {logging_mixin.py:188} INFO - [2024-04-21T14:36:10.789+0000] {dagbag.py:540} INFO - Filling up the DagBag from /home/airflow/.local/lib/python3.12/site-packages/airflow/example_dags/example_task_group_decorator.py
[2024-04-21T14:36:10.796+0000] {processor.py:840} INFO - DAG(s) 'example_task_group_decorator' retrieved from /home/airflow/.local/lib/python3.12/site-packages/airflow/example_dags/example_task_group_decorator.py
[2024-04-21T14:36:10.810+0000] {logging_mixin.py:188} INFO - [2024-04-21T14:36:10.810+0000] {dag.py:3096} INFO - Sync 1 DAGs
[2024-04-21T14:36:10.820+0000] {logging_mixin.py:188} INFO - [2024-04-21T14:36:10.820+0000] {dag.py:3954} INFO - Setting next_dagrun for example_task_group_decorator to 2024-04-20 00:00:00+00:00, run_after=2024-04-21 00:00:00+00:00
[2024-04-21T14:36:10.828+0000] {processor.py:183} INFO - Processing /home/airflow/.local/lib/python3.12/site-packages/airflow/example_dags/example_task_group_decorator.py took 0.043 seconds
[2024-04-21T14:36:41.809+0000] {processor.py:161} INFO - Started process (PID=3195) to work on /home/airflow/.local/lib/python3.12/site-packages/airflow/example_dags/example_task_group_decorator.py
[2024-04-21T14:36:41.809+0000] {processor.py:830} INFO - Processing file /home/airflow/.local/lib/python3.12/site-packages/airflow/example_dags/example_task_group_decorator.py for tasks to queue
[2024-04-21T14:36:41.810+0000] {logging_mixin.py:188} INFO - [2024-04-21T14:36:41.810+0000] {dagbag.py:540} INFO - Filling up the DagBag from /home/airflow/.local/lib/python3.12/site-packages/airflow/example_dags/example_task_group_decorator.py
[2024-04-21T14:36:41.816+0000] {processor.py:840} INFO - DAG(s) 'example_task_group_decorator' retrieved from /home/airflow/.local/lib/python3.12/site-packages/airflow/example_dags/example_task_group_decorator.py
[2024-04-21T14:36:41.829+0000] {logging_mixin.py:188} INFO - [2024-04-21T14:36:41.829+0000] {dag.py:3096} INFO - Sync 1 DAGs
[2024-04-21T14:36:41.838+0000] {logging_mixin.py:188} INFO - [2024-04-21T14:36:41.838+0000] {dag.py:3954} INFO - Setting next_dagrun for example_task_group_decorator to 2024-04-20 00:00:00+00:00, run_after=2024-04-21 00:00:00+00:00
[2024-04-21T14:36:41.846+0000] {processor.py:183} INFO - Processing /home/airflow/.local/lib/python3.12/site-packages/airflow/example_dags/example_task_group_decorator.py took 0.040 seconds
[2024-04-21T14:37:12.082+0000] {processor.py:161} INFO - Started process (PID=3464) to work on /home/airflow/.local/lib/python3.12/site-packages/airflow/example_dags/example_task_group_decorator.py
[2024-04-21T14:37:12.083+0000] {processor.py:830} INFO - Processing file /home/airflow/.local/lib/python3.12/site-packages/airflow/example_dags/example_task_group_decorator.py for tasks to queue
[2024-04-21T14:37:12.084+0000] {logging_mixin.py:188} INFO - [2024-04-21T14:37:12.084+0000] {dagbag.py:540} INFO - Filling up the DagBag from /home/airflow/.local/lib/python3.12/site-packages/airflow/example_dags/example_task_group_decorator.py
[2024-04-21T14:37:12.091+0000] {processor.py:840} INFO - DAG(s) 'example_task_group_decorator' retrieved from /home/airflow/.local/lib/python3.12/site-packages/airflow/example_dags/example_task_group_decorator.py
[2024-04-21T14:37:12.106+0000] {logging_mixin.py:188} INFO - [2024-04-21T14:37:12.106+0000] {dag.py:3096} INFO - Sync 1 DAGs
[2024-04-21T14:37:12.116+0000] {logging_mixin.py:188} INFO - [2024-04-21T14:37:12.116+0000] {dag.py:3954} INFO - Setting next_dagrun for example_task_group_decorator to 2024-04-20 00:00:00+00:00, run_after=2024-04-21 00:00:00+00:00
[2024-04-21T14:37:12.124+0000] {processor.py:183} INFO - Processing /home/airflow/.local/lib/python3.12/site-packages/airflow/example_dags/example_task_group_decorator.py took 0.044 seconds
[2024-04-21T14:37:42.164+0000] {processor.py:161} INFO - Started process (PID=3729) to work on /home/airflow/.local/lib/python3.12/site-packages/airflow/example_dags/example_task_group_decorator.py
[2024-04-21T14:37:42.165+0000] {processor.py:830} INFO - Processing file /home/airflow/.local/lib/python3.12/site-packages/airflow/example_dags/example_task_group_decorator.py for tasks to queue
[2024-04-21T14:37:42.166+0000] {logging_mixin.py:188} INFO - [2024-04-21T14:37:42.166+0000] {dagbag.py:540} INFO - Filling up the DagBag from /home/airflow/.local/lib/python3.12/site-packages/airflow/example_dags/example_task_group_decorator.py
[2024-04-21T14:37:42.172+0000] {processor.py:840} INFO - DAG(s) 'example_task_group_decorator' retrieved from /home/airflow/.local/lib/python3.12/site-packages/airflow/example_dags/example_task_group_decorator.py
[2024-04-21T14:37:42.185+0000] {logging_mixin.py:188} INFO - [2024-04-21T14:37:42.185+0000] {dag.py:3096} INFO - Sync 1 DAGs
[2024-04-21T14:37:42.193+0000] {logging_mixin.py:188} INFO - [2024-04-21T14:37:42.193+0000] {dag.py:3954} INFO - Setting next_dagrun for example_task_group_decorator to 2024-04-20 00:00:00+00:00, run_after=2024-04-21 00:00:00+00:00
[2024-04-21T14:37:42.200+0000] {processor.py:183} INFO - Processing /home/airflow/.local/lib/python3.12/site-packages/airflow/example_dags/example_task_group_decorator.py took 0.039 seconds
[2024-04-21T14:53:47.854+0000] {processor.py:161} INFO - Started process (PID=3998) to work on /home/airflow/.local/lib/python3.12/site-packages/airflow/example_dags/example_task_group_decorator.py
[2024-04-21T14:53:47.855+0000] {processor.py:830} INFO - Processing file /home/airflow/.local/lib/python3.12/site-packages/airflow/example_dags/example_task_group_decorator.py for tasks to queue
[2024-04-21T14:53:47.856+0000] {logging_mixin.py:188} INFO - [2024-04-21T14:53:47.856+0000] {dagbag.py:540} INFO - Filling up the DagBag from /home/airflow/.local/lib/python3.12/site-packages/airflow/example_dags/example_task_group_decorator.py
[2024-04-21T14:53:47.862+0000] {processor.py:840} INFO - DAG(s) 'example_task_group_decorator' retrieved from /home/airflow/.local/lib/python3.12/site-packages/airflow/example_dags/example_task_group_decorator.py
[2024-04-21T14:53:47.875+0000] {logging_mixin.py:188} INFO - [2024-04-21T14:53:47.875+0000] {dag.py:3096} INFO - Sync 1 DAGs
[2024-04-21T14:53:47.885+0000] {logging_mixin.py:188} INFO - [2024-04-21T14:53:47.885+0000] {dag.py:3954} INFO - Setting next_dagrun for example_task_group_decorator to 2024-04-20 00:00:00+00:00, run_after=2024-04-21 00:00:00+00:00
[2024-04-21T14:53:47.893+0000] {processor.py:183} INFO - Processing /home/airflow/.local/lib/python3.12/site-packages/airflow/example_dags/example_task_group_decorator.py took 0.041 seconds
[2024-04-21T14:54:18.675+0000] {processor.py:161} INFO - Started process (PID=4265) to work on /home/airflow/.local/lib/python3.12/site-packages/airflow/example_dags/example_task_group_decorator.py
[2024-04-21T14:54:18.675+0000] {processor.py:830} INFO - Processing file /home/airflow/.local/lib/python3.12/site-packages/airflow/example_dags/example_task_group_decorator.py for tasks to queue
[2024-04-21T14:54:18.676+0000] {logging_mixin.py:188} INFO - [2024-04-21T14:54:18.676+0000] {dagbag.py:540} INFO - Filling up the DagBag from /home/airflow/.local/lib/python3.12/site-packages/airflow/example_dags/example_task_group_decorator.py
[2024-04-21T14:54:18.682+0000] {processor.py:840} INFO - DAG(s) 'example_task_group_decorator' retrieved from /home/airflow/.local/lib/python3.12/site-packages/airflow/example_dags/example_task_group_decorator.py
[2024-04-21T14:54:18.695+0000] {logging_mixin.py:188} INFO - [2024-04-21T14:54:18.695+0000] {dag.py:3096} INFO - Sync 1 DAGs
[2024-04-21T14:54:18.704+0000] {logging_mixin.py:188} INFO - [2024-04-21T14:54:18.704+0000] {dag.py:3954} INFO - Setting next_dagrun for example_task_group_decorator to 2024-04-20 00:00:00+00:00, run_after=2024-04-21 00:00:00+00:00
[2024-04-21T14:54:18.711+0000] {processor.py:183} INFO - Processing /home/airflow/.local/lib/python3.12/site-packages/airflow/example_dags/example_task_group_decorator.py took 0.039 seconds
[2024-04-21T14:54:48.739+0000] {processor.py:161} INFO - Started process (PID=4532) to work on /home/airflow/.local/lib/python3.12/site-packages/airflow/example_dags/example_task_group_decorator.py
[2024-04-21T14:54:48.740+0000] {processor.py:830} INFO - Processing file /home/airflow/.local/lib/python3.12/site-packages/airflow/example_dags/example_task_group_decorator.py for tasks to queue
[2024-04-21T14:54:48.741+0000] {logging_mixin.py:188} INFO - [2024-04-21T14:54:48.741+0000] {dagbag.py:540} INFO - Filling up the DagBag from /home/airflow/.local/lib/python3.12/site-packages/airflow/example_dags/example_task_group_decorator.py
[2024-04-21T14:54:48.747+0000] {processor.py:840} INFO - DAG(s) 'example_task_group_decorator' retrieved from /home/airflow/.local/lib/python3.12/site-packages/airflow/example_dags/example_task_group_decorator.py
[2024-04-21T14:54:48.760+0000] {logging_mixin.py:188} INFO - [2024-04-21T14:54:48.760+0000] {dag.py:3096} INFO - Sync 1 DAGs
[2024-04-21T14:54:48.769+0000] {logging_mixin.py:188} INFO - [2024-04-21T14:54:48.769+0000] {dag.py:3954} INFO - Setting next_dagrun for example_task_group_decorator to 2024-04-20 00:00:00+00:00, run_after=2024-04-21 00:00:00+00:00
[2024-04-21T14:54:48.777+0000] {processor.py:183} INFO - Processing /home/airflow/.local/lib/python3.12/site-packages/airflow/example_dags/example_task_group_decorator.py took 0.041 seconds
[2024-04-21T14:55:19.719+0000] {processor.py:161} INFO - Started process (PID=4799) to work on /home/airflow/.local/lib/python3.12/site-packages/airflow/example_dags/example_task_group_decorator.py
[2024-04-21T14:55:19.720+0000] {processor.py:830} INFO - Processing file /home/airflow/.local/lib/python3.12/site-packages/airflow/example_dags/example_task_group_decorator.py for tasks to queue
[2024-04-21T14:55:19.721+0000] {logging_mixin.py:188} INFO - [2024-04-21T14:55:19.721+0000] {dagbag.py:540} INFO - Filling up the DagBag from /home/airflow/.local/lib/python3.12/site-packages/airflow/example_dags/example_task_group_decorator.py
[2024-04-21T14:55:19.727+0000] {processor.py:840} INFO - DAG(s) 'example_task_group_decorator' retrieved from /home/airflow/.local/lib/python3.12/site-packages/airflow/example_dags/example_task_group_decorator.py
[2024-04-21T14:55:19.739+0000] {logging_mixin.py:188} INFO - [2024-04-21T14:55:19.739+0000] {dag.py:3096} INFO - Sync 1 DAGs
[2024-04-21T14:55:19.749+0000] {logging_mixin.py:188} INFO - [2024-04-21T14:55:19.749+0000] {dag.py:3954} INFO - Setting next_dagrun for example_task_group_decorator to 2024-04-20 00:00:00+00:00, run_after=2024-04-21 00:00:00+00:00
[2024-04-21T14:55:19.757+0000] {processor.py:183} INFO - Processing /home/airflow/.local/lib/python3.12/site-packages/airflow/example_dags/example_task_group_decorator.py took 0.040 seconds
[2024-04-21T14:55:50.564+0000] {processor.py:161} INFO - Started process (PID=5066) to work on /home/airflow/.local/lib/python3.12/site-packages/airflow/example_dags/example_task_group_decorator.py
[2024-04-21T14:55:50.564+0000] {processor.py:830} INFO - Processing file /home/airflow/.local/lib/python3.12/site-packages/airflow/example_dags/example_task_group_decorator.py for tasks to queue
[2024-04-21T14:55:50.565+0000] {logging_mixin.py:188} INFO - [2024-04-21T14:55:50.565+0000] {dagbag.py:540} INFO - Filling up the DagBag from /home/airflow/.local/lib/python3.12/site-packages/airflow/example_dags/example_task_group_decorator.py
[2024-04-21T14:55:50.571+0000] {processor.py:840} INFO - DAG(s) 'example_task_group_decorator' retrieved from /home/airflow/.local/lib/python3.12/site-packages/airflow/example_dags/example_task_group_decorator.py
[2024-04-21T14:55:50.584+0000] {logging_mixin.py:188} INFO - [2024-04-21T14:55:50.584+0000] {dag.py:3096} INFO - Sync 1 DAGs
[2024-04-21T14:55:50.594+0000] {logging_mixin.py:188} INFO - [2024-04-21T14:55:50.594+0000] {dag.py:3954} INFO - Setting next_dagrun for example_task_group_decorator to 2024-04-20 00:00:00+00:00, run_after=2024-04-21 00:00:00+00:00
[2024-04-21T14:55:50.601+0000] {processor.py:183} INFO - Processing /home/airflow/.local/lib/python3.12/site-packages/airflow/example_dags/example_task_group_decorator.py took 0.041 seconds
[2024-04-21T14:56:21.384+0000] {processor.py:161} INFO - Started process (PID=5333) to work on /home/airflow/.local/lib/python3.12/site-packages/airflow/example_dags/example_task_group_decorator.py
[2024-04-21T14:56:21.385+0000] {processor.py:830} INFO - Processing file /home/airflow/.local/lib/python3.12/site-packages/airflow/example_dags/example_task_group_decorator.py for tasks to queue
[2024-04-21T14:56:21.386+0000] {logging_mixin.py:188} INFO - [2024-04-21T14:56:21.386+0000] {dagbag.py:540} INFO - Filling up the DagBag from /home/airflow/.local/lib/python3.12/site-packages/airflow/example_dags/example_task_group_decorator.py
[2024-04-21T14:56:21.392+0000] {processor.py:840} INFO - DAG(s) 'example_task_group_decorator' retrieved from /home/airflow/.local/lib/python3.12/site-packages/airflow/example_dags/example_task_group_decorator.py
[2024-04-21T14:56:21.405+0000] {logging_mixin.py:188} INFO - [2024-04-21T14:56:21.405+0000] {dag.py:3096} INFO - Sync 1 DAGs
[2024-04-21T14:56:21.414+0000] {logging_mixin.py:188} INFO - [2024-04-21T14:56:21.414+0000] {dag.py:3954} INFO - Setting next_dagrun for example_task_group_decorator to 2024-04-20 00:00:00+00:00, run_after=2024-04-21 00:00:00+00:00
[2024-04-21T14:56:21.421+0000] {processor.py:183} INFO - Processing /home/airflow/.local/lib/python3.12/site-packages/airflow/example_dags/example_task_group_decorator.py took 0.040 seconds
[2024-04-21T14:56:52.372+0000] {processor.py:161} INFO - Started process (PID=5600) to work on /home/airflow/.local/lib/python3.12/site-packages/airflow/example_dags/example_task_group_decorator.py
[2024-04-21T14:56:52.372+0000] {processor.py:830} INFO - Processing file /home/airflow/.local/lib/python3.12/site-packages/airflow/example_dags/example_task_group_decorator.py for tasks to queue
[2024-04-21T14:56:52.374+0000] {logging_mixin.py:188} INFO - [2024-04-21T14:56:52.374+0000] {dagbag.py:540} INFO - Filling up the DagBag from /home/airflow/.local/lib/python3.12/site-packages/airflow/example_dags/example_task_group_decorator.py
[2024-04-21T14:56:52.380+0000] {processor.py:840} INFO - DAG(s) 'example_task_group_decorator' retrieved from /home/airflow/.local/lib/python3.12/site-packages/airflow/example_dags/example_task_group_decorator.py
[2024-04-21T14:56:52.395+0000] {logging_mixin.py:188} INFO - [2024-04-21T14:56:52.395+0000] {dag.py:3096} INFO - Sync 1 DAGs
[2024-04-21T14:56:52.405+0000] {logging_mixin.py:188} INFO - [2024-04-21T14:56:52.405+0000] {dag.py:3954} INFO - Setting next_dagrun for example_task_group_decorator to 2024-04-20 00:00:00+00:00, run_after=2024-04-21 00:00:00+00:00
[2024-04-21T14:56:52.415+0000] {processor.py:183} INFO - Processing /home/airflow/.local/lib/python3.12/site-packages/airflow/example_dags/example_task_group_decorator.py took 0.046 seconds
[2024-04-21T14:57:22.471+0000] {processor.py:161} INFO - Started process (PID=5867) to work on /home/airflow/.local/lib/python3.12/site-packages/airflow/example_dags/example_task_group_decorator.py
[2024-04-21T14:57:22.472+0000] {processor.py:830} INFO - Processing file /home/airflow/.local/lib/python3.12/site-packages/airflow/example_dags/example_task_group_decorator.py for tasks to queue
[2024-04-21T14:57:22.473+0000] {logging_mixin.py:188} INFO - [2024-04-21T14:57:22.473+0000] {dagbag.py:540} INFO - Filling up the DagBag from /home/airflow/.local/lib/python3.12/site-packages/airflow/example_dags/example_task_group_decorator.py
[2024-04-21T14:57:22.479+0000] {processor.py:840} INFO - DAG(s) 'example_task_group_decorator' retrieved from /home/airflow/.local/lib/python3.12/site-packages/airflow/example_dags/example_task_group_decorator.py
[2024-04-21T14:57:22.493+0000] {logging_mixin.py:188} INFO - [2024-04-21T14:57:22.493+0000] {dag.py:3096} INFO - Sync 1 DAGs
[2024-04-21T14:57:22.502+0000] {logging_mixin.py:188} INFO - [2024-04-21T14:57:22.502+0000] {dag.py:3954} INFO - Setting next_dagrun for example_task_group_decorator to 2024-04-20 00:00:00+00:00, run_after=2024-04-21 00:00:00+00:00
[2024-04-21T14:57:22.509+0000] {processor.py:183} INFO - Processing /home/airflow/.local/lib/python3.12/site-packages/airflow/example_dags/example_task_group_decorator.py took 0.041 seconds
[2024-04-21T14:57:52.624+0000] {processor.py:161} INFO - Started process (PID=6143) to work on /home/airflow/.local/lib/python3.12/site-packages/airflow/example_dags/example_task_group_decorator.py
[2024-04-21T14:57:52.624+0000] {processor.py:830} INFO - Processing file /home/airflow/.local/lib/python3.12/site-packages/airflow/example_dags/example_task_group_decorator.py for tasks to queue
[2024-04-21T14:57:52.626+0000] {logging_mixin.py:188} INFO - [2024-04-21T14:57:52.625+0000] {dagbag.py:540} INFO - Filling up the DagBag from /home/airflow/.local/lib/python3.12/site-packages/airflow/example_dags/example_task_group_decorator.py
[2024-04-21T14:57:52.632+0000] {processor.py:840} INFO - DAG(s) 'example_task_group_decorator' retrieved from /home/airflow/.local/lib/python3.12/site-packages/airflow/example_dags/example_task_group_decorator.py
[2024-04-21T14:57:52.647+0000] {logging_mixin.py:188} INFO - [2024-04-21T14:57:52.647+0000] {dag.py:3096} INFO - Sync 1 DAGs
[2024-04-21T14:57:52.658+0000] {logging_mixin.py:188} INFO - [2024-04-21T14:57:52.658+0000] {dag.py:3954} INFO - Setting next_dagrun for example_task_group_decorator to 2024-04-20 00:00:00+00:00, run_after=2024-04-21 00:00:00+00:00
[2024-04-21T14:57:52.666+0000] {processor.py:183} INFO - Processing /home/airflow/.local/lib/python3.12/site-packages/airflow/example_dags/example_task_group_decorator.py took 0.046 seconds
[2024-04-21T14:58:23.655+0000] {processor.py:161} INFO - Started process (PID=6409) to work on /home/airflow/.local/lib/python3.12/site-packages/airflow/example_dags/example_task_group_decorator.py
[2024-04-21T14:58:23.655+0000] {processor.py:830} INFO - Processing file /home/airflow/.local/lib/python3.12/site-packages/airflow/example_dags/example_task_group_decorator.py for tasks to queue
[2024-04-21T14:58:23.656+0000] {logging_mixin.py:188} INFO - [2024-04-21T14:58:23.656+0000] {dagbag.py:540} INFO - Filling up the DagBag from /home/airflow/.local/lib/python3.12/site-packages/airflow/example_dags/example_task_group_decorator.py
[2024-04-21T14:58:23.662+0000] {processor.py:840} INFO - DAG(s) 'example_task_group_decorator' retrieved from /home/airflow/.local/lib/python3.12/site-packages/airflow/example_dags/example_task_group_decorator.py
[2024-04-21T14:58:23.676+0000] {logging_mixin.py:188} INFO - [2024-04-21T14:58:23.676+0000] {dag.py:3096} INFO - Sync 1 DAGs
[2024-04-21T14:58:23.686+0000] {logging_mixin.py:188} INFO - [2024-04-21T14:58:23.686+0000] {dag.py:3954} INFO - Setting next_dagrun for example_task_group_decorator to 2024-04-20 00:00:00+00:00, run_after=2024-04-21 00:00:00+00:00
[2024-04-21T14:58:23.695+0000] {processor.py:183} INFO - Processing /home/airflow/.local/lib/python3.12/site-packages/airflow/example_dags/example_task_group_decorator.py took 0.043 seconds
[2024-04-21T14:58:54.242+0000] {processor.py:161} INFO - Started process (PID=6682) to work on /home/airflow/.local/lib/python3.12/site-packages/airflow/example_dags/example_task_group_decorator.py
[2024-04-21T14:58:54.243+0000] {processor.py:830} INFO - Processing file /home/airflow/.local/lib/python3.12/site-packages/airflow/example_dags/example_task_group_decorator.py for tasks to queue
[2024-04-21T14:58:54.244+0000] {logging_mixin.py:188} INFO - [2024-04-21T14:58:54.244+0000] {dagbag.py:540} INFO - Filling up the DagBag from /home/airflow/.local/lib/python3.12/site-packages/airflow/example_dags/example_task_group_decorator.py
[2024-04-21T14:58:54.250+0000] {processor.py:840} INFO - DAG(s) 'example_task_group_decorator' retrieved from /home/airflow/.local/lib/python3.12/site-packages/airflow/example_dags/example_task_group_decorator.py
[2024-04-21T14:58:54.263+0000] {logging_mixin.py:188} INFO - [2024-04-21T14:58:54.263+0000] {dag.py:3096} INFO - Sync 1 DAGs
[2024-04-21T14:58:54.273+0000] {logging_mixin.py:188} INFO - [2024-04-21T14:58:54.273+0000] {dag.py:3954} INFO - Setting next_dagrun for example_task_group_decorator to 2024-04-20 00:00:00+00:00, run_after=2024-04-21 00:00:00+00:00
[2024-04-21T14:58:54.280+0000] {processor.py:183} INFO - Processing /home/airflow/.local/lib/python3.12/site-packages/airflow/example_dags/example_task_group_decorator.py took 0.040 seconds
[2024-04-21T14:59:24.931+0000] {processor.py:161} INFO - Started process (PID=6953) to work on /home/airflow/.local/lib/python3.12/site-packages/airflow/example_dags/example_task_group_decorator.py
[2024-04-21T14:59:24.931+0000] {processor.py:830} INFO - Processing file /home/airflow/.local/lib/python3.12/site-packages/airflow/example_dags/example_task_group_decorator.py for tasks to queue
[2024-04-21T14:59:24.932+0000] {logging_mixin.py:188} INFO - [2024-04-21T14:59:24.932+0000] {dagbag.py:540} INFO - Filling up the DagBag from /home/airflow/.local/lib/python3.12/site-packages/airflow/example_dags/example_task_group_decorator.py
[2024-04-21T14:59:24.938+0000] {processor.py:840} INFO - DAG(s) 'example_task_group_decorator' retrieved from /home/airflow/.local/lib/python3.12/site-packages/airflow/example_dags/example_task_group_decorator.py
[2024-04-21T14:59:24.951+0000] {logging_mixin.py:188} INFO - [2024-04-21T14:59:24.951+0000] {dag.py:3096} INFO - Sync 1 DAGs
[2024-04-21T14:59:24.960+0000] {logging_mixin.py:188} INFO - [2024-04-21T14:59:24.960+0000] {dag.py:3954} INFO - Setting next_dagrun for example_task_group_decorator to 2024-04-20 00:00:00+00:00, run_after=2024-04-21 00:00:00+00:00
[2024-04-21T14:59:24.967+0000] {processor.py:183} INFO - Processing /home/airflow/.local/lib/python3.12/site-packages/airflow/example_dags/example_task_group_decorator.py took 0.040 seconds
[2024-04-21T14:59:55.727+0000] {processor.py:161} INFO - Started process (PID=7220) to work on /home/airflow/.local/lib/python3.12/site-packages/airflow/example_dags/example_task_group_decorator.py
[2024-04-21T14:59:55.728+0000] {processor.py:830} INFO - Processing file /home/airflow/.local/lib/python3.12/site-packages/airflow/example_dags/example_task_group_decorator.py for tasks to queue
[2024-04-21T14:59:55.729+0000] {logging_mixin.py:188} INFO - [2024-04-21T14:59:55.729+0000] {dagbag.py:540} INFO - Filling up the DagBag from /home/airflow/.local/lib/python3.12/site-packages/airflow/example_dags/example_task_group_decorator.py
[2024-04-21T14:59:55.735+0000] {processor.py:840} INFO - DAG(s) 'example_task_group_decorator' retrieved from /home/airflow/.local/lib/python3.12/site-packages/airflow/example_dags/example_task_group_decorator.py
[2024-04-21T14:59:55.748+0000] {logging_mixin.py:188} INFO - [2024-04-21T14:59:55.748+0000] {dag.py:3096} INFO - Sync 1 DAGs
[2024-04-21T14:59:55.757+0000] {logging_mixin.py:188} INFO - [2024-04-21T14:59:55.757+0000] {dag.py:3954} INFO - Setting next_dagrun for example_task_group_decorator to 2024-04-20 00:00:00+00:00, run_after=2024-04-21 00:00:00+00:00
[2024-04-21T14:59:55.765+0000] {processor.py:183} INFO - Processing /home/airflow/.local/lib/python3.12/site-packages/airflow/example_dags/example_task_group_decorator.py took 0.040 seconds
[2024-04-21T15:00:26.627+0000] {processor.py:161} INFO - Started process (PID=7514) to work on /home/airflow/.local/lib/python3.12/site-packages/airflow/example_dags/example_task_group_decorator.py
[2024-04-21T15:00:26.628+0000] {processor.py:830} INFO - Processing file /home/airflow/.local/lib/python3.12/site-packages/airflow/example_dags/example_task_group_decorator.py for tasks to queue
[2024-04-21T15:00:26.629+0000] {logging_mixin.py:188} INFO - [2024-04-21T15:00:26.629+0000] {dagbag.py:540} INFO - Filling up the DagBag from /home/airflow/.local/lib/python3.12/site-packages/airflow/example_dags/example_task_group_decorator.py
[2024-04-21T15:00:26.635+0000] {processor.py:840} INFO - DAG(s) 'example_task_group_decorator' retrieved from /home/airflow/.local/lib/python3.12/site-packages/airflow/example_dags/example_task_group_decorator.py
[2024-04-21T15:00:26.650+0000] {logging_mixin.py:188} INFO - [2024-04-21T15:00:26.650+0000] {dag.py:3096} INFO - Sync 1 DAGs
[2024-04-21T15:00:26.660+0000] {logging_mixin.py:188} INFO - [2024-04-21T15:00:26.660+0000] {dag.py:3954} INFO - Setting next_dagrun for example_task_group_decorator to 2024-04-20 00:00:00+00:00, run_after=2024-04-21 00:00:00+00:00
[2024-04-21T15:00:26.668+0000] {processor.py:183} INFO - Processing /home/airflow/.local/lib/python3.12/site-packages/airflow/example_dags/example_task_group_decorator.py took 0.044 seconds
[2024-04-21T15:00:57.688+0000] {processor.py:161} INFO - Started process (PID=7779) to work on /home/airflow/.local/lib/python3.12/site-packages/airflow/example_dags/example_task_group_decorator.py
[2024-04-21T15:00:57.689+0000] {processor.py:830} INFO - Processing file /home/airflow/.local/lib/python3.12/site-packages/airflow/example_dags/example_task_group_decorator.py for tasks to queue
[2024-04-21T15:00:57.690+0000] {logging_mixin.py:188} INFO - [2024-04-21T15:00:57.689+0000] {dagbag.py:540} INFO - Filling up the DagBag from /home/airflow/.local/lib/python3.12/site-packages/airflow/example_dags/example_task_group_decorator.py
[2024-04-21T15:00:57.696+0000] {processor.py:840} INFO - DAG(s) 'example_task_group_decorator' retrieved from /home/airflow/.local/lib/python3.12/site-packages/airflow/example_dags/example_task_group_decorator.py
[2024-04-21T15:00:57.710+0000] {logging_mixin.py:188} INFO - [2024-04-21T15:00:57.710+0000] {dag.py:3096} INFO - Sync 1 DAGs
[2024-04-21T15:00:57.720+0000] {logging_mixin.py:188} INFO - [2024-04-21T15:00:57.720+0000] {dag.py:3954} INFO - Setting next_dagrun for example_task_group_decorator to 2024-04-20 00:00:00+00:00, run_after=2024-04-21 00:00:00+00:00
[2024-04-21T15:00:57.727+0000] {processor.py:183} INFO - Processing /home/airflow/.local/lib/python3.12/site-packages/airflow/example_dags/example_task_group_decorator.py took 0.042 seconds
[2024-04-21T15:01:27.846+0000] {processor.py:161} INFO - Started process (PID=8046) to work on /home/airflow/.local/lib/python3.12/site-packages/airflow/example_dags/example_task_group_decorator.py
[2024-04-21T15:01:27.847+0000] {processor.py:830} INFO - Processing file /home/airflow/.local/lib/python3.12/site-packages/airflow/example_dags/example_task_group_decorator.py for tasks to queue
[2024-04-21T15:01:27.848+0000] {logging_mixin.py:188} INFO - [2024-04-21T15:01:27.848+0000] {dagbag.py:540} INFO - Filling up the DagBag from /home/airflow/.local/lib/python3.12/site-packages/airflow/example_dags/example_task_group_decorator.py
[2024-04-21T15:01:27.854+0000] {processor.py:840} INFO - DAG(s) 'example_task_group_decorator' retrieved from /home/airflow/.local/lib/python3.12/site-packages/airflow/example_dags/example_task_group_decorator.py
[2024-04-21T15:01:27.868+0000] {logging_mixin.py:188} INFO - [2024-04-21T15:01:27.868+0000] {dag.py:3096} INFO - Sync 1 DAGs
[2024-04-21T15:01:27.877+0000] {logging_mixin.py:188} INFO - [2024-04-21T15:01:27.877+0000] {dag.py:3954} INFO - Setting next_dagrun for example_task_group_decorator to 2024-04-20 00:00:00+00:00, run_after=2024-04-21 00:00:00+00:00
[2024-04-21T15:01:27.883+0000] {processor.py:183} INFO - Processing /home/airflow/.local/lib/python3.12/site-packages/airflow/example_dags/example_task_group_decorator.py took 0.040 seconds
[2024-04-21T15:01:57.997+0000] {processor.py:161} INFO - Started process (PID=8328) to work on /home/airflow/.local/lib/python3.12/site-packages/airflow/example_dags/example_task_group_decorator.py
[2024-04-21T15:01:57.998+0000] {processor.py:830} INFO - Processing file /home/airflow/.local/lib/python3.12/site-packages/airflow/example_dags/example_task_group_decorator.py for tasks to queue
[2024-04-21T15:01:57.999+0000] {logging_mixin.py:188} INFO - [2024-04-21T15:01:57.999+0000] {dagbag.py:540} INFO - Filling up the DagBag from /home/airflow/.local/lib/python3.12/site-packages/airflow/example_dags/example_task_group_decorator.py
[2024-04-21T15:01:58.005+0000] {processor.py:840} INFO - DAG(s) 'example_task_group_decorator' retrieved from /home/airflow/.local/lib/python3.12/site-packages/airflow/example_dags/example_task_group_decorator.py
[2024-04-21T15:01:58.018+0000] {logging_mixin.py:188} INFO - [2024-04-21T15:01:58.018+0000] {dag.py:3096} INFO - Sync 1 DAGs
[2024-04-21T15:01:58.028+0000] {logging_mixin.py:188} INFO - [2024-04-21T15:01:58.028+0000] {dag.py:3954} INFO - Setting next_dagrun for example_task_group_decorator to 2024-04-20 00:00:00+00:00, run_after=2024-04-21 00:00:00+00:00
[2024-04-21T15:01:58.036+0000] {processor.py:183} INFO - Processing /home/airflow/.local/lib/python3.12/site-packages/airflow/example_dags/example_task_group_decorator.py took 0.041 seconds
[2024-04-21T15:02:28.850+0000] {processor.py:161} INFO - Started process (PID=8602) to work on /home/airflow/.local/lib/python3.12/site-packages/airflow/example_dags/example_task_group_decorator.py
[2024-04-21T15:02:28.850+0000] {processor.py:830} INFO - Processing file /home/airflow/.local/lib/python3.12/site-packages/airflow/example_dags/example_task_group_decorator.py for tasks to queue
[2024-04-21T15:02:28.851+0000] {logging_mixin.py:188} INFO - [2024-04-21T15:02:28.851+0000] {dagbag.py:540} INFO - Filling up the DagBag from /home/airflow/.local/lib/python3.12/site-packages/airflow/example_dags/example_task_group_decorator.py
[2024-04-21T15:02:28.858+0000] {processor.py:840} INFO - DAG(s) 'example_task_group_decorator' retrieved from /home/airflow/.local/lib/python3.12/site-packages/airflow/example_dags/example_task_group_decorator.py
[2024-04-21T15:02:28.871+0000] {logging_mixin.py:188} INFO - [2024-04-21T15:02:28.871+0000] {dag.py:3096} INFO - Sync 1 DAGs
[2024-04-21T15:02:28.880+0000] {logging_mixin.py:188} INFO - [2024-04-21T15:02:28.880+0000] {dag.py:3954} INFO - Setting next_dagrun for example_task_group_decorator to 2024-04-20 00:00:00+00:00, run_after=2024-04-21 00:00:00+00:00
[2024-04-21T15:02:28.888+0000] {processor.py:183} INFO - Processing /home/airflow/.local/lib/python3.12/site-packages/airflow/example_dags/example_task_group_decorator.py took 0.041 seconds
[2024-04-21T15:02:59.724+0000] {processor.py:161} INFO - Started process (PID=8878) to work on /home/airflow/.local/lib/python3.12/site-packages/airflow/example_dags/example_task_group_decorator.py
[2024-04-21T15:02:59.725+0000] {processor.py:830} INFO - Processing file /home/airflow/.local/lib/python3.12/site-packages/airflow/example_dags/example_task_group_decorator.py for tasks to queue
[2024-04-21T15:02:59.726+0000] {logging_mixin.py:188} INFO - [2024-04-21T15:02:59.726+0000] {dagbag.py:540} INFO - Filling up the DagBag from /home/airflow/.local/lib/python3.12/site-packages/airflow/example_dags/example_task_group_decorator.py
[2024-04-21T15:02:59.733+0000] {processor.py:840} INFO - DAG(s) 'example_task_group_decorator' retrieved from /home/airflow/.local/lib/python3.12/site-packages/airflow/example_dags/example_task_group_decorator.py
[2024-04-21T15:02:59.746+0000] {logging_mixin.py:188} INFO - [2024-04-21T15:02:59.746+0000] {dag.py:3096} INFO - Sync 1 DAGs
[2024-04-21T15:02:59.756+0000] {logging_mixin.py:188} INFO - [2024-04-21T15:02:59.756+0000] {dag.py:3954} INFO - Setting next_dagrun for example_task_group_decorator to 2024-04-20 00:00:00+00:00, run_after=2024-04-21 00:00:00+00:00
[2024-04-21T15:02:59.763+0000] {processor.py:183} INFO - Processing /home/airflow/.local/lib/python3.12/site-packages/airflow/example_dags/example_task_group_decorator.py took 0.042 seconds
[2024-04-21T15:03:30.622+0000] {processor.py:161} INFO - Started process (PID=9145) to work on /home/airflow/.local/lib/python3.12/site-packages/airflow/example_dags/example_task_group_decorator.py
[2024-04-21T15:03:30.623+0000] {processor.py:830} INFO - Processing file /home/airflow/.local/lib/python3.12/site-packages/airflow/example_dags/example_task_group_decorator.py for tasks to queue
[2024-04-21T15:03:30.624+0000] {logging_mixin.py:188} INFO - [2024-04-21T15:03:30.624+0000] {dagbag.py:540} INFO - Filling up the DagBag from /home/airflow/.local/lib/python3.12/site-packages/airflow/example_dags/example_task_group_decorator.py
[2024-04-21T15:03:30.630+0000] {processor.py:840} INFO - DAG(s) 'example_task_group_decorator' retrieved from /home/airflow/.local/lib/python3.12/site-packages/airflow/example_dags/example_task_group_decorator.py
[2024-04-21T15:03:30.643+0000] {logging_mixin.py:188} INFO - [2024-04-21T15:03:30.643+0000] {dag.py:3096} INFO - Sync 1 DAGs
[2024-04-21T15:03:30.653+0000] {logging_mixin.py:188} INFO - [2024-04-21T15:03:30.653+0000] {dag.py:3954} INFO - Setting next_dagrun for example_task_group_decorator to 2024-04-20 00:00:00+00:00, run_after=2024-04-21 00:00:00+00:00
[2024-04-21T15:03:30.660+0000] {processor.py:183} INFO - Processing /home/airflow/.local/lib/python3.12/site-packages/airflow/example_dags/example_task_group_decorator.py took 0.042 seconds
[2024-04-21T15:04:01.558+0000] {processor.py:161} INFO - Started process (PID=9412) to work on /home/airflow/.local/lib/python3.12/site-packages/airflow/example_dags/example_task_group_decorator.py
[2024-04-21T15:04:01.559+0000] {processor.py:830} INFO - Processing file /home/airflow/.local/lib/python3.12/site-packages/airflow/example_dags/example_task_group_decorator.py for tasks to queue
[2024-04-21T15:04:01.559+0000] {logging_mixin.py:188} INFO - [2024-04-21T15:04:01.559+0000] {dagbag.py:540} INFO - Filling up the DagBag from /home/airflow/.local/lib/python3.12/site-packages/airflow/example_dags/example_task_group_decorator.py
[2024-04-21T15:04:01.566+0000] {processor.py:840} INFO - DAG(s) 'example_task_group_decorator' retrieved from /home/airflow/.local/lib/python3.12/site-packages/airflow/example_dags/example_task_group_decorator.py
[2024-04-21T15:04:01.580+0000] {logging_mixin.py:188} INFO - [2024-04-21T15:04:01.579+0000] {dag.py:3096} INFO - Sync 1 DAGs
[2024-04-21T15:04:01.589+0000] {logging_mixin.py:188} INFO - [2024-04-21T15:04:01.589+0000] {dag.py:3954} INFO - Setting next_dagrun for example_task_group_decorator to 2024-04-20 00:00:00+00:00, run_after=2024-04-21 00:00:00+00:00
[2024-04-21T15:04:01.597+0000] {processor.py:183} INFO - Processing /home/airflow/.local/lib/python3.12/site-packages/airflow/example_dags/example_task_group_decorator.py took 0.042 seconds
[2024-04-21T15:04:32.392+0000] {processor.py:161} INFO - Started process (PID=9679) to work on /home/airflow/.local/lib/python3.12/site-packages/airflow/example_dags/example_task_group_decorator.py
[2024-04-21T15:04:32.393+0000] {processor.py:830} INFO - Processing file /home/airflow/.local/lib/python3.12/site-packages/airflow/example_dags/example_task_group_decorator.py for tasks to queue
[2024-04-21T15:04:32.394+0000] {logging_mixin.py:188} INFO - [2024-04-21T15:04:32.394+0000] {dagbag.py:540} INFO - Filling up the DagBag from /home/airflow/.local/lib/python3.12/site-packages/airflow/example_dags/example_task_group_decorator.py
[2024-04-21T15:04:32.400+0000] {processor.py:840} INFO - DAG(s) 'example_task_group_decorator' retrieved from /home/airflow/.local/lib/python3.12/site-packages/airflow/example_dags/example_task_group_decorator.py
[2024-04-21T15:04:32.414+0000] {logging_mixin.py:188} INFO - [2024-04-21T15:04:32.414+0000] {dag.py:3096} INFO - Sync 1 DAGs
[2024-04-21T15:04:32.423+0000] {logging_mixin.py:188} INFO - [2024-04-21T15:04:32.423+0000] {dag.py:3954} INFO - Setting next_dagrun for example_task_group_decorator to 2024-04-20 00:00:00+00:00, run_after=2024-04-21 00:00:00+00:00
[2024-04-21T15:04:32.430+0000] {processor.py:183} INFO - Processing /home/airflow/.local/lib/python3.12/site-packages/airflow/example_dags/example_task_group_decorator.py took 0.041 seconds
[2024-04-21T15:05:03.246+0000] {processor.py:161} INFO - Started process (PID=9945) to work on /home/airflow/.local/lib/python3.12/site-packages/airflow/example_dags/example_task_group_decorator.py
[2024-04-21T15:05:03.247+0000] {processor.py:830} INFO - Processing file /home/airflow/.local/lib/python3.12/site-packages/airflow/example_dags/example_task_group_decorator.py for tasks to queue
[2024-04-21T15:05:03.248+0000] {logging_mixin.py:188} INFO - [2024-04-21T15:05:03.247+0000] {dagbag.py:540} INFO - Filling up the DagBag from /home/airflow/.local/lib/python3.12/site-packages/airflow/example_dags/example_task_group_decorator.py
[2024-04-21T15:05:03.254+0000] {processor.py:840} INFO - DAG(s) 'example_task_group_decorator' retrieved from /home/airflow/.local/lib/python3.12/site-packages/airflow/example_dags/example_task_group_decorator.py
[2024-04-21T15:05:03.269+0000] {logging_mixin.py:188} INFO - [2024-04-21T15:05:03.269+0000] {dag.py:3096} INFO - Sync 1 DAGs
[2024-04-21T15:05:03.280+0000] {logging_mixin.py:188} INFO - [2024-04-21T15:05:03.279+0000] {dag.py:3954} INFO - Setting next_dagrun for example_task_group_decorator to 2024-04-20 00:00:00+00:00, run_after=2024-04-21 00:00:00+00:00
[2024-04-21T15:05:03.287+0000] {processor.py:183} INFO - Processing /home/airflow/.local/lib/python3.12/site-packages/airflow/example_dags/example_task_group_decorator.py took 0.044 seconds
[2024-04-21T15:05:34.118+0000] {processor.py:161} INFO - Started process (PID=10212) to work on /home/airflow/.local/lib/python3.12/site-packages/airflow/example_dags/example_task_group_decorator.py
[2024-04-21T15:05:34.118+0000] {processor.py:830} INFO - Processing file /home/airflow/.local/lib/python3.12/site-packages/airflow/example_dags/example_task_group_decorator.py for tasks to queue
[2024-04-21T15:05:34.120+0000] {logging_mixin.py:188} INFO - [2024-04-21T15:05:34.119+0000] {dagbag.py:540} INFO - Filling up the DagBag from /home/airflow/.local/lib/python3.12/site-packages/airflow/example_dags/example_task_group_decorator.py
[2024-04-21T15:05:34.126+0000] {processor.py:840} INFO - DAG(s) 'example_task_group_decorator' retrieved from /home/airflow/.local/lib/python3.12/site-packages/airflow/example_dags/example_task_group_decorator.py
[2024-04-21T15:05:34.139+0000] {logging_mixin.py:188} INFO - [2024-04-21T15:05:34.139+0000] {dag.py:3096} INFO - Sync 1 DAGs
[2024-04-21T15:05:34.149+0000] {logging_mixin.py:188} INFO - [2024-04-21T15:05:34.149+0000] {dag.py:3954} INFO - Setting next_dagrun for example_task_group_decorator to 2024-04-20 00:00:00+00:00, run_after=2024-04-21 00:00:00+00:00
[2024-04-21T15:05:34.156+0000] {processor.py:183} INFO - Processing /home/airflow/.local/lib/python3.12/site-packages/airflow/example_dags/example_task_group_decorator.py took 0.042 seconds
[2024-04-21T15:06:04.960+0000] {processor.py:161} INFO - Started process (PID=10479) to work on /home/airflow/.local/lib/python3.12/site-packages/airflow/example_dags/example_task_group_decorator.py
[2024-04-21T15:06:04.960+0000] {processor.py:830} INFO - Processing file /home/airflow/.local/lib/python3.12/site-packages/airflow/example_dags/example_task_group_decorator.py for tasks to queue
[2024-04-21T15:06:04.961+0000] {logging_mixin.py:188} INFO - [2024-04-21T15:06:04.961+0000] {dagbag.py:540} INFO - Filling up the DagBag from /home/airflow/.local/lib/python3.12/site-packages/airflow/example_dags/example_task_group_decorator.py
[2024-04-21T15:06:04.967+0000] {processor.py:840} INFO - DAG(s) 'example_task_group_decorator' retrieved from /home/airflow/.local/lib/python3.12/site-packages/airflow/example_dags/example_task_group_decorator.py
[2024-04-21T15:06:04.980+0000] {logging_mixin.py:188} INFO - [2024-04-21T15:06:04.980+0000] {dag.py:3096} INFO - Sync 1 DAGs
[2024-04-21T15:06:04.989+0000] {logging_mixin.py:188} INFO - [2024-04-21T15:06:04.989+0000] {dag.py:3954} INFO - Setting next_dagrun for example_task_group_decorator to 2024-04-20 00:00:00+00:00, run_after=2024-04-21 00:00:00+00:00
[2024-04-21T15:06:04.996+0000] {processor.py:183} INFO - Processing /home/airflow/.local/lib/python3.12/site-packages/airflow/example_dags/example_task_group_decorator.py took 0.040 seconds
[2024-04-21T15:06:35.856+0000] {processor.py:161} INFO - Started process (PID=10748) to work on /home/airflow/.local/lib/python3.12/site-packages/airflow/example_dags/example_task_group_decorator.py
[2024-04-21T15:06:35.856+0000] {processor.py:830} INFO - Processing file /home/airflow/.local/lib/python3.12/site-packages/airflow/example_dags/example_task_group_decorator.py for tasks to queue
[2024-04-21T15:06:35.857+0000] {logging_mixin.py:188} INFO - [2024-04-21T15:06:35.857+0000] {dagbag.py:540} INFO - Filling up the DagBag from /home/airflow/.local/lib/python3.12/site-packages/airflow/example_dags/example_task_group_decorator.py
[2024-04-21T15:06:35.863+0000] {processor.py:840} INFO - DAG(s) 'example_task_group_decorator' retrieved from /home/airflow/.local/lib/python3.12/site-packages/airflow/example_dags/example_task_group_decorator.py
[2024-04-21T15:06:35.877+0000] {logging_mixin.py:188} INFO - [2024-04-21T15:06:35.877+0000] {dag.py:3096} INFO - Sync 1 DAGs
[2024-04-21T15:06:35.886+0000] {logging_mixin.py:188} INFO - [2024-04-21T15:06:35.886+0000] {dag.py:3954} INFO - Setting next_dagrun for example_task_group_decorator to 2024-04-20 00:00:00+00:00, run_after=2024-04-21 00:00:00+00:00
[2024-04-21T15:06:35.893+0000] {processor.py:183} INFO - Processing /home/airflow/.local/lib/python3.12/site-packages/airflow/example_dags/example_task_group_decorator.py took 0.041 seconds
[2024-04-21T15:07:06.029+0000] {processor.py:161} INFO - Started process (PID=11015) to work on /home/airflow/.local/lib/python3.12/site-packages/airflow/example_dags/example_task_group_decorator.py
[2024-04-21T15:07:06.030+0000] {processor.py:830} INFO - Processing file /home/airflow/.local/lib/python3.12/site-packages/airflow/example_dags/example_task_group_decorator.py for tasks to queue
[2024-04-21T15:07:06.031+0000] {logging_mixin.py:188} INFO - [2024-04-21T15:07:06.031+0000] {dagbag.py:540} INFO - Filling up the DagBag from /home/airflow/.local/lib/python3.12/site-packages/airflow/example_dags/example_task_group_decorator.py
[2024-04-21T15:07:06.037+0000] {processor.py:840} INFO - DAG(s) 'example_task_group_decorator' retrieved from /home/airflow/.local/lib/python3.12/site-packages/airflow/example_dags/example_task_group_decorator.py
[2024-04-21T15:07:06.051+0000] {logging_mixin.py:188} INFO - [2024-04-21T15:07:06.051+0000] {dag.py:3096} INFO - Sync 1 DAGs
[2024-04-21T15:07:06.060+0000] {logging_mixin.py:188} INFO - [2024-04-21T15:07:06.060+0000] {dag.py:3954} INFO - Setting next_dagrun for example_task_group_decorator to 2024-04-20 00:00:00+00:00, run_after=2024-04-21 00:00:00+00:00
[2024-04-21T15:07:06.066+0000] {processor.py:183} INFO - Processing /home/airflow/.local/lib/python3.12/site-packages/airflow/example_dags/example_task_group_decorator.py took 0.040 seconds
[2024-04-21T15:07:36.305+0000] {processor.py:161} INFO - Started process (PID=11303) to work on /home/airflow/.local/lib/python3.12/site-packages/airflow/example_dags/example_task_group_decorator.py
[2024-04-21T15:07:36.306+0000] {processor.py:830} INFO - Processing file /home/airflow/.local/lib/python3.12/site-packages/airflow/example_dags/example_task_group_decorator.py for tasks to queue
[2024-04-21T15:07:36.306+0000] {logging_mixin.py:188} INFO - [2024-04-21T15:07:36.306+0000] {dagbag.py:540} INFO - Filling up the DagBag from /home/airflow/.local/lib/python3.12/site-packages/airflow/example_dags/example_task_group_decorator.py
[2024-04-21T15:07:36.313+0000] {processor.py:840} INFO - DAG(s) 'example_task_group_decorator' retrieved from /home/airflow/.local/lib/python3.12/site-packages/airflow/example_dags/example_task_group_decorator.py
[2024-04-21T15:07:36.327+0000] {logging_mixin.py:188} INFO - [2024-04-21T15:07:36.327+0000] {dag.py:3096} INFO - Sync 1 DAGs
[2024-04-21T15:07:36.336+0000] {logging_mixin.py:188} INFO - [2024-04-21T15:07:36.336+0000] {dag.py:3954} INFO - Setting next_dagrun for example_task_group_decorator to 2024-04-20 00:00:00+00:00, run_after=2024-04-21 00:00:00+00:00
[2024-04-21T15:07:36.343+0000] {processor.py:183} INFO - Processing /home/airflow/.local/lib/python3.12/site-packages/airflow/example_dags/example_task_group_decorator.py took 0.042 seconds
[2024-04-21T15:08:06.402+0000] {processor.py:161} INFO - Started process (PID=11582) to work on /home/airflow/.local/lib/python3.12/site-packages/airflow/example_dags/example_task_group_decorator.py
[2024-04-21T15:08:06.403+0000] {processor.py:830} INFO - Processing file /home/airflow/.local/lib/python3.12/site-packages/airflow/example_dags/example_task_group_decorator.py for tasks to queue
[2024-04-21T15:08:06.404+0000] {logging_mixin.py:188} INFO - [2024-04-21T15:08:06.404+0000] {dagbag.py:540} INFO - Filling up the DagBag from /home/airflow/.local/lib/python3.12/site-packages/airflow/example_dags/example_task_group_decorator.py
[2024-04-21T15:08:06.410+0000] {processor.py:840} INFO - DAG(s) 'example_task_group_decorator' retrieved from /home/airflow/.local/lib/python3.12/site-packages/airflow/example_dags/example_task_group_decorator.py
[2024-04-21T15:08:06.424+0000] {logging_mixin.py:188} INFO - [2024-04-21T15:08:06.424+0000] {dag.py:3096} INFO - Sync 1 DAGs
[2024-04-21T15:08:06.433+0000] {logging_mixin.py:188} INFO - [2024-04-21T15:08:06.433+0000] {dag.py:3954} INFO - Setting next_dagrun for example_task_group_decorator to 2024-04-20 00:00:00+00:00, run_after=2024-04-21 00:00:00+00:00
[2024-04-21T15:08:06.440+0000] {processor.py:183} INFO - Processing /home/airflow/.local/lib/python3.12/site-packages/airflow/example_dags/example_task_group_decorator.py took 0.041 seconds
[2024-04-21T15:08:37.403+0000] {processor.py:161} INFO - Started process (PID=11861) to work on /home/airflow/.local/lib/python3.12/site-packages/airflow/example_dags/example_task_group_decorator.py
[2024-04-21T15:08:37.404+0000] {processor.py:830} INFO - Processing file /home/airflow/.local/lib/python3.12/site-packages/airflow/example_dags/example_task_group_decorator.py for tasks to queue
[2024-04-21T15:08:37.405+0000] {logging_mixin.py:188} INFO - [2024-04-21T15:08:37.405+0000] {dagbag.py:540} INFO - Filling up the DagBag from /home/airflow/.local/lib/python3.12/site-packages/airflow/example_dags/example_task_group_decorator.py
[2024-04-21T15:08:37.412+0000] {processor.py:840} INFO - DAG(s) 'example_task_group_decorator' retrieved from /home/airflow/.local/lib/python3.12/site-packages/airflow/example_dags/example_task_group_decorator.py
[2024-04-21T15:08:37.426+0000] {logging_mixin.py:188} INFO - [2024-04-21T15:08:37.426+0000] {dag.py:3096} INFO - Sync 1 DAGs
[2024-04-21T15:08:37.435+0000] {logging_mixin.py:188} INFO - [2024-04-21T15:08:37.435+0000] {dag.py:3954} INFO - Setting next_dagrun for example_task_group_decorator to 2024-04-20 00:00:00+00:00, run_after=2024-04-21 00:00:00+00:00
[2024-04-21T15:08:37.443+0000] {processor.py:183} INFO - Processing /home/airflow/.local/lib/python3.12/site-packages/airflow/example_dags/example_task_group_decorator.py took 0.043 seconds
[2024-04-21T15:09:08.349+0000] {processor.py:161} INFO - Started process (PID=12129) to work on /home/airflow/.local/lib/python3.12/site-packages/airflow/example_dags/example_task_group_decorator.py
[2024-04-21T15:09:08.350+0000] {processor.py:830} INFO - Processing file /home/airflow/.local/lib/python3.12/site-packages/airflow/example_dags/example_task_group_decorator.py for tasks to queue
[2024-04-21T15:09:08.351+0000] {logging_mixin.py:188} INFO - [2024-04-21T15:09:08.351+0000] {dagbag.py:540} INFO - Filling up the DagBag from /home/airflow/.local/lib/python3.12/site-packages/airflow/example_dags/example_task_group_decorator.py
[2024-04-21T15:09:08.358+0000] {processor.py:840} INFO - DAG(s) 'example_task_group_decorator' retrieved from /home/airflow/.local/lib/python3.12/site-packages/airflow/example_dags/example_task_group_decorator.py
[2024-04-21T15:09:08.372+0000] {logging_mixin.py:188} INFO - [2024-04-21T15:09:08.372+0000] {dag.py:3096} INFO - Sync 1 DAGs
[2024-04-21T15:09:08.382+0000] {logging_mixin.py:188} INFO - [2024-04-21T15:09:08.382+0000] {dag.py:3954} INFO - Setting next_dagrun for example_task_group_decorator to 2024-04-20 00:00:00+00:00, run_after=2024-04-21 00:00:00+00:00
[2024-04-21T15:09:08.390+0000] {processor.py:183} INFO - Processing /home/airflow/.local/lib/python3.12/site-packages/airflow/example_dags/example_task_group_decorator.py took 0.043 seconds
[2024-04-21T15:09:39.108+0000] {processor.py:161} INFO - Started process (PID=12396) to work on /home/airflow/.local/lib/python3.12/site-packages/airflow/example_dags/example_task_group_decorator.py
[2024-04-21T15:09:39.108+0000] {processor.py:830} INFO - Processing file /home/airflow/.local/lib/python3.12/site-packages/airflow/example_dags/example_task_group_decorator.py for tasks to queue
[2024-04-21T15:09:39.109+0000] {logging_mixin.py:188} INFO - [2024-04-21T15:09:39.109+0000] {dagbag.py:540} INFO - Filling up the DagBag from /home/airflow/.local/lib/python3.12/site-packages/airflow/example_dags/example_task_group_decorator.py
[2024-04-21T15:09:39.116+0000] {processor.py:840} INFO - DAG(s) 'example_task_group_decorator' retrieved from /home/airflow/.local/lib/python3.12/site-packages/airflow/example_dags/example_task_group_decorator.py
[2024-04-21T15:09:39.131+0000] {logging_mixin.py:188} INFO - [2024-04-21T15:09:39.131+0000] {dag.py:3096} INFO - Sync 1 DAGs
[2024-04-21T15:09:39.142+0000] {logging_mixin.py:188} INFO - [2024-04-21T15:09:39.142+0000] {dag.py:3954} INFO - Setting next_dagrun for example_task_group_decorator to 2024-04-20 00:00:00+00:00, run_after=2024-04-21 00:00:00+00:00
[2024-04-21T15:09:39.150+0000] {processor.py:183} INFO - Processing /home/airflow/.local/lib/python3.12/site-packages/airflow/example_dags/example_task_group_decorator.py took 0.046 seconds
[2024-04-21T15:10:10.129+0000] {processor.py:161} INFO - Started process (PID=12665) to work on /home/airflow/.local/lib/python3.12/site-packages/airflow/example_dags/example_task_group_decorator.py
[2024-04-21T15:10:10.130+0000] {processor.py:830} INFO - Processing file /home/airflow/.local/lib/python3.12/site-packages/airflow/example_dags/example_task_group_decorator.py for tasks to queue
[2024-04-21T15:10:10.131+0000] {logging_mixin.py:188} INFO - [2024-04-21T15:10:10.131+0000] {dagbag.py:540} INFO - Filling up the DagBag from /home/airflow/.local/lib/python3.12/site-packages/airflow/example_dags/example_task_group_decorator.py
[2024-04-21T15:10:10.137+0000] {processor.py:840} INFO - DAG(s) 'example_task_group_decorator' retrieved from /home/airflow/.local/lib/python3.12/site-packages/airflow/example_dags/example_task_group_decorator.py
[2024-04-21T15:10:10.151+0000] {logging_mixin.py:188} INFO - [2024-04-21T15:10:10.151+0000] {dag.py:3096} INFO - Sync 1 DAGs
[2024-04-21T15:10:10.160+0000] {logging_mixin.py:188} INFO - [2024-04-21T15:10:10.160+0000] {dag.py:3954} INFO - Setting next_dagrun for example_task_group_decorator to 2024-04-20 00:00:00+00:00, run_after=2024-04-21 00:00:00+00:00
[2024-04-21T15:10:10.167+0000] {processor.py:183} INFO - Processing /home/airflow/.local/lib/python3.12/site-packages/airflow/example_dags/example_task_group_decorator.py took 0.041 seconds
[2024-04-21T15:10:40.445+0000] {processor.py:161} INFO - Started process (PID=12937) to work on /home/airflow/.local/lib/python3.12/site-packages/airflow/example_dags/example_task_group_decorator.py
[2024-04-21T15:10:40.445+0000] {processor.py:830} INFO - Processing file /home/airflow/.local/lib/python3.12/site-packages/airflow/example_dags/example_task_group_decorator.py for tasks to queue
[2024-04-21T15:10:40.447+0000] {logging_mixin.py:188} INFO - [2024-04-21T15:10:40.446+0000] {dagbag.py:540} INFO - Filling up the DagBag from /home/airflow/.local/lib/python3.12/site-packages/airflow/example_dags/example_task_group_decorator.py
[2024-04-21T15:10:40.453+0000] {processor.py:840} INFO - DAG(s) 'example_task_group_decorator' retrieved from /home/airflow/.local/lib/python3.12/site-packages/airflow/example_dags/example_task_group_decorator.py
[2024-04-21T15:10:40.469+0000] {logging_mixin.py:188} INFO - [2024-04-21T15:10:40.469+0000] {dag.py:3096} INFO - Sync 1 DAGs
[2024-04-21T15:10:40.481+0000] {logging_mixin.py:188} INFO - [2024-04-21T15:10:40.481+0000] {dag.py:3954} INFO - Setting next_dagrun for example_task_group_decorator to 2024-04-20 00:00:00+00:00, run_after=2024-04-21 00:00:00+00:00
[2024-04-21T15:10:40.493+0000] {processor.py:183} INFO - Processing /home/airflow/.local/lib/python3.12/site-packages/airflow/example_dags/example_task_group_decorator.py took 0.051 seconds
[2024-04-21T15:11:11.461+0000] {processor.py:161} INFO - Started process (PID=13214) to work on /home/airflow/.local/lib/python3.12/site-packages/airflow/example_dags/example_task_group_decorator.py
[2024-04-21T15:11:11.461+0000] {processor.py:830} INFO - Processing file /home/airflow/.local/lib/python3.12/site-packages/airflow/example_dags/example_task_group_decorator.py for tasks to queue
[2024-04-21T15:11:11.462+0000] {logging_mixin.py:188} INFO - [2024-04-21T15:11:11.462+0000] {dagbag.py:540} INFO - Filling up the DagBag from /home/airflow/.local/lib/python3.12/site-packages/airflow/example_dags/example_task_group_decorator.py
[2024-04-21T15:11:11.469+0000] {processor.py:840} INFO - DAG(s) 'example_task_group_decorator' retrieved from /home/airflow/.local/lib/python3.12/site-packages/airflow/example_dags/example_task_group_decorator.py
[2024-04-21T15:11:11.482+0000] {logging_mixin.py:188} INFO - [2024-04-21T15:11:11.482+0000] {dag.py:3096} INFO - Sync 1 DAGs
[2024-04-21T15:11:11.491+0000] {logging_mixin.py:188} INFO - [2024-04-21T15:11:11.491+0000] {dag.py:3954} INFO - Setting next_dagrun for example_task_group_decorator to 2024-04-20 00:00:00+00:00, run_after=2024-04-21 00:00:00+00:00
[2024-04-21T15:11:11.501+0000] {processor.py:183} INFO - Processing /home/airflow/.local/lib/python3.12/site-packages/airflow/example_dags/example_task_group_decorator.py took 0.044 seconds
[2024-04-21T15:11:42.475+0000] {processor.py:161} INFO - Started process (PID=13488) to work on /home/airflow/.local/lib/python3.12/site-packages/airflow/example_dags/example_task_group_decorator.py
[2024-04-21T15:11:42.475+0000] {processor.py:830} INFO - Processing file /home/airflow/.local/lib/python3.12/site-packages/airflow/example_dags/example_task_group_decorator.py for tasks to queue
[2024-04-21T15:11:42.476+0000] {logging_mixin.py:188} INFO - [2024-04-21T15:11:42.476+0000] {dagbag.py:540} INFO - Filling up the DagBag from /home/airflow/.local/lib/python3.12/site-packages/airflow/example_dags/example_task_group_decorator.py
[2024-04-21T15:11:42.482+0000] {processor.py:840} INFO - DAG(s) 'example_task_group_decorator' retrieved from /home/airflow/.local/lib/python3.12/site-packages/airflow/example_dags/example_task_group_decorator.py
[2024-04-21T15:11:42.496+0000] {logging_mixin.py:188} INFO - [2024-04-21T15:11:42.496+0000] {dag.py:3096} INFO - Sync 1 DAGs
[2024-04-21T15:11:42.506+0000] {logging_mixin.py:188} INFO - [2024-04-21T15:11:42.506+0000] {dag.py:3954} INFO - Setting next_dagrun for example_task_group_decorator to 2024-04-20 00:00:00+00:00, run_after=2024-04-21 00:00:00+00:00
[2024-04-21T15:11:42.514+0000] {processor.py:183} INFO - Processing /home/airflow/.local/lib/python3.12/site-packages/airflow/example_dags/example_task_group_decorator.py took 0.042 seconds
[2024-04-21T15:12:13.550+0000] {processor.py:161} INFO - Started process (PID=13770) to work on /home/airflow/.local/lib/python3.12/site-packages/airflow/example_dags/example_task_group_decorator.py
[2024-04-21T15:12:13.551+0000] {processor.py:830} INFO - Processing file /home/airflow/.local/lib/python3.12/site-packages/airflow/example_dags/example_task_group_decorator.py for tasks to queue
[2024-04-21T15:12:13.552+0000] {logging_mixin.py:188} INFO - [2024-04-21T15:12:13.551+0000] {dagbag.py:540} INFO - Filling up the DagBag from /home/airflow/.local/lib/python3.12/site-packages/airflow/example_dags/example_task_group_decorator.py
[2024-04-21T15:12:13.558+0000] {processor.py:840} INFO - DAG(s) 'example_task_group_decorator' retrieved from /home/airflow/.local/lib/python3.12/site-packages/airflow/example_dags/example_task_group_decorator.py
[2024-04-21T15:12:13.572+0000] {logging_mixin.py:188} INFO - [2024-04-21T15:12:13.572+0000] {dag.py:3096} INFO - Sync 1 DAGs
[2024-04-21T15:12:13.581+0000] {logging_mixin.py:188} INFO - [2024-04-21T15:12:13.581+0000] {dag.py:3954} INFO - Setting next_dagrun for example_task_group_decorator to 2024-04-20 00:00:00+00:00, run_after=2024-04-21 00:00:00+00:00
[2024-04-21T15:12:13.589+0000] {processor.py:183} INFO - Processing /home/airflow/.local/lib/python3.12/site-packages/airflow/example_dags/example_task_group_decorator.py took 0.042 seconds
[2024-04-21T15:12:44.274+0000] {processor.py:161} INFO - Started process (PID=14046) to work on /home/airflow/.local/lib/python3.12/site-packages/airflow/example_dags/example_task_group_decorator.py
[2024-04-21T15:12:44.275+0000] {processor.py:830} INFO - Processing file /home/airflow/.local/lib/python3.12/site-packages/airflow/example_dags/example_task_group_decorator.py for tasks to queue
[2024-04-21T15:12:44.276+0000] {logging_mixin.py:188} INFO - [2024-04-21T15:12:44.275+0000] {dagbag.py:540} INFO - Filling up the DagBag from /home/airflow/.local/lib/python3.12/site-packages/airflow/example_dags/example_task_group_decorator.py
[2024-04-21T15:12:44.282+0000] {processor.py:840} INFO - DAG(s) 'example_task_group_decorator' retrieved from /home/airflow/.local/lib/python3.12/site-packages/airflow/example_dags/example_task_group_decorator.py
[2024-04-21T15:12:44.296+0000] {logging_mixin.py:188} INFO - [2024-04-21T15:12:44.296+0000] {dag.py:3096} INFO - Sync 1 DAGs
[2024-04-21T15:12:44.305+0000] {logging_mixin.py:188} INFO - [2024-04-21T15:12:44.305+0000] {dag.py:3954} INFO - Setting next_dagrun for example_task_group_decorator to 2024-04-20 00:00:00+00:00, run_after=2024-04-21 00:00:00+00:00
[2024-04-21T15:12:44.313+0000] {processor.py:183} INFO - Processing /home/airflow/.local/lib/python3.12/site-packages/airflow/example_dags/example_task_group_decorator.py took 0.042 seconds
[2024-04-21T15:13:15.316+0000] {processor.py:161} INFO - Started process (PID=14332) to work on /home/airflow/.local/lib/python3.12/site-packages/airflow/example_dags/example_task_group_decorator.py
[2024-04-21T15:13:15.317+0000] {processor.py:830} INFO - Processing file /home/airflow/.local/lib/python3.12/site-packages/airflow/example_dags/example_task_group_decorator.py for tasks to queue
[2024-04-21T15:13:15.318+0000] {logging_mixin.py:188} INFO - [2024-04-21T15:13:15.317+0000] {dagbag.py:540} INFO - Filling up the DagBag from /home/airflow/.local/lib/python3.12/site-packages/airflow/example_dags/example_task_group_decorator.py
[2024-04-21T15:13:15.324+0000] {processor.py:840} INFO - DAG(s) 'example_task_group_decorator' retrieved from /home/airflow/.local/lib/python3.12/site-packages/airflow/example_dags/example_task_group_decorator.py
[2024-04-21T15:13:15.338+0000] {logging_mixin.py:188} INFO - [2024-04-21T15:13:15.338+0000] {dag.py:3096} INFO - Sync 1 DAGs
[2024-04-21T15:13:15.348+0000] {logging_mixin.py:188} INFO - [2024-04-21T15:13:15.347+0000] {dag.py:3954} INFO - Setting next_dagrun for example_task_group_decorator to 2024-04-20 00:00:00+00:00, run_after=2024-04-21 00:00:00+00:00
[2024-04-21T15:13:15.355+0000] {processor.py:183} INFO - Processing /home/airflow/.local/lib/python3.12/site-packages/airflow/example_dags/example_task_group_decorator.py took 0.042 seconds
[2024-04-21T15:13:46.315+0000] {processor.py:161} INFO - Started process (PID=14600) to work on /home/airflow/.local/lib/python3.12/site-packages/airflow/example_dags/example_task_group_decorator.py
[2024-04-21T15:13:46.315+0000] {processor.py:830} INFO - Processing file /home/airflow/.local/lib/python3.12/site-packages/airflow/example_dags/example_task_group_decorator.py for tasks to queue
[2024-04-21T15:13:46.316+0000] {logging_mixin.py:188} INFO - [2024-04-21T15:13:46.316+0000] {dagbag.py:540} INFO - Filling up the DagBag from /home/airflow/.local/lib/python3.12/site-packages/airflow/example_dags/example_task_group_decorator.py
[2024-04-21T15:13:46.322+0000] {processor.py:840} INFO - DAG(s) 'example_task_group_decorator' retrieved from /home/airflow/.local/lib/python3.12/site-packages/airflow/example_dags/example_task_group_decorator.py
[2024-04-21T15:13:46.337+0000] {logging_mixin.py:188} INFO - [2024-04-21T15:13:46.337+0000] {dag.py:3096} INFO - Sync 1 DAGs
[2024-04-21T15:13:46.348+0000] {logging_mixin.py:188} INFO - [2024-04-21T15:13:46.348+0000] {dag.py:3954} INFO - Setting next_dagrun for example_task_group_decorator to 2024-04-20 00:00:00+00:00, run_after=2024-04-21 00:00:00+00:00
[2024-04-21T15:13:46.356+0000] {processor.py:183} INFO - Processing /home/airflow/.local/lib/python3.12/site-packages/airflow/example_dags/example_task_group_decorator.py took 0.044 seconds
[2024-04-21T15:14:16.375+0000] {processor.py:161} INFO - Started process (PID=14865) to work on /home/airflow/.local/lib/python3.12/site-packages/airflow/example_dags/example_task_group_decorator.py
[2024-04-21T15:14:16.375+0000] {processor.py:830} INFO - Processing file /home/airflow/.local/lib/python3.12/site-packages/airflow/example_dags/example_task_group_decorator.py for tasks to queue
[2024-04-21T15:14:16.376+0000] {logging_mixin.py:188} INFO - [2024-04-21T15:14:16.376+0000] {dagbag.py:540} INFO - Filling up the DagBag from /home/airflow/.local/lib/python3.12/site-packages/airflow/example_dags/example_task_group_decorator.py
[2024-04-21T15:14:16.382+0000] {processor.py:840} INFO - DAG(s) 'example_task_group_decorator' retrieved from /home/airflow/.local/lib/python3.12/site-packages/airflow/example_dags/example_task_group_decorator.py
[2024-04-21T15:14:16.395+0000] {logging_mixin.py:188} INFO - [2024-04-21T15:14:16.395+0000] {dag.py:3096} INFO - Sync 1 DAGs
[2024-04-21T15:14:16.405+0000] {logging_mixin.py:188} INFO - [2024-04-21T15:14:16.405+0000] {dag.py:3954} INFO - Setting next_dagrun for example_task_group_decorator to 2024-04-20 00:00:00+00:00, run_after=2024-04-21 00:00:00+00:00
[2024-04-21T15:14:16.411+0000] {processor.py:183} INFO - Processing /home/airflow/.local/lib/python3.12/site-packages/airflow/example_dags/example_task_group_decorator.py took 0.039 seconds
[2024-04-21T15:14:46.552+0000] {processor.py:161} INFO - Started process (PID=15131) to work on /home/airflow/.local/lib/python3.12/site-packages/airflow/example_dags/example_task_group_decorator.py
[2024-04-21T15:14:46.553+0000] {processor.py:830} INFO - Processing file /home/airflow/.local/lib/python3.12/site-packages/airflow/example_dags/example_task_group_decorator.py for tasks to queue
[2024-04-21T15:14:46.554+0000] {logging_mixin.py:188} INFO - [2024-04-21T15:14:46.554+0000] {dagbag.py:540} INFO - Filling up the DagBag from /home/airflow/.local/lib/python3.12/site-packages/airflow/example_dags/example_task_group_decorator.py
[2024-04-21T15:14:46.560+0000] {processor.py:840} INFO - DAG(s) 'example_task_group_decorator' retrieved from /home/airflow/.local/lib/python3.12/site-packages/airflow/example_dags/example_task_group_decorator.py
[2024-04-21T15:14:46.573+0000] {logging_mixin.py:188} INFO - [2024-04-21T15:14:46.573+0000] {dag.py:3096} INFO - Sync 1 DAGs
[2024-04-21T15:14:46.582+0000] {logging_mixin.py:188} INFO - [2024-04-21T15:14:46.582+0000] {dag.py:3954} INFO - Setting next_dagrun for example_task_group_decorator to 2024-04-20 00:00:00+00:00, run_after=2024-04-21 00:00:00+00:00
[2024-04-21T15:14:46.590+0000] {processor.py:183} INFO - Processing /home/airflow/.local/lib/python3.12/site-packages/airflow/example_dags/example_task_group_decorator.py took 0.041 seconds
[2024-04-21T15:15:16.689+0000] {processor.py:161} INFO - Started process (PID=15400) to work on /home/airflow/.local/lib/python3.12/site-packages/airflow/example_dags/example_task_group_decorator.py
[2024-04-21T15:15:16.690+0000] {processor.py:830} INFO - Processing file /home/airflow/.local/lib/python3.12/site-packages/airflow/example_dags/example_task_group_decorator.py for tasks to queue
[2024-04-21T15:15:16.691+0000] {logging_mixin.py:188} INFO - [2024-04-21T15:15:16.690+0000] {dagbag.py:540} INFO - Filling up the DagBag from /home/airflow/.local/lib/python3.12/site-packages/airflow/example_dags/example_task_group_decorator.py
[2024-04-21T15:15:16.697+0000] {processor.py:840} INFO - DAG(s) 'example_task_group_decorator' retrieved from /home/airflow/.local/lib/python3.12/site-packages/airflow/example_dags/example_task_group_decorator.py
[2024-04-21T15:15:16.710+0000] {logging_mixin.py:188} INFO - [2024-04-21T15:15:16.710+0000] {dag.py:3096} INFO - Sync 1 DAGs
[2024-04-21T15:15:16.719+0000] {logging_mixin.py:188} INFO - [2024-04-21T15:15:16.719+0000] {dag.py:3954} INFO - Setting next_dagrun for example_task_group_decorator to 2024-04-20 00:00:00+00:00, run_after=2024-04-21 00:00:00+00:00
[2024-04-21T15:15:16.726+0000] {processor.py:183} INFO - Processing /home/airflow/.local/lib/python3.12/site-packages/airflow/example_dags/example_task_group_decorator.py took 0.041 seconds
[2024-04-21T15:15:46.863+0000] {processor.py:161} INFO - Started process (PID=15665) to work on /home/airflow/.local/lib/python3.12/site-packages/airflow/example_dags/example_task_group_decorator.py
[2024-04-21T15:15:46.864+0000] {processor.py:830} INFO - Processing file /home/airflow/.local/lib/python3.12/site-packages/airflow/example_dags/example_task_group_decorator.py for tasks to queue
[2024-04-21T15:15:46.865+0000] {logging_mixin.py:188} INFO - [2024-04-21T15:15:46.865+0000] {dagbag.py:540} INFO - Filling up the DagBag from /home/airflow/.local/lib/python3.12/site-packages/airflow/example_dags/example_task_group_decorator.py
[2024-04-21T15:15:46.871+0000] {processor.py:840} INFO - DAG(s) 'example_task_group_decorator' retrieved from /home/airflow/.local/lib/python3.12/site-packages/airflow/example_dags/example_task_group_decorator.py
[2024-04-21T15:15:46.884+0000] {logging_mixin.py:188} INFO - [2024-04-21T15:15:46.884+0000] {dag.py:3096} INFO - Sync 1 DAGs
[2024-04-21T15:15:46.893+0000] {logging_mixin.py:188} INFO - [2024-04-21T15:15:46.893+0000] {dag.py:3954} INFO - Setting next_dagrun for example_task_group_decorator to 2024-04-20 00:00:00+00:00, run_after=2024-04-21 00:00:00+00:00
[2024-04-21T15:15:46.900+0000] {processor.py:183} INFO - Processing /home/airflow/.local/lib/python3.12/site-packages/airflow/example_dags/example_task_group_decorator.py took 0.040 seconds
[2024-04-21T15:16:17.135+0000] {processor.py:161} INFO - Started process (PID=15934) to work on /home/airflow/.local/lib/python3.12/site-packages/airflow/example_dags/example_task_group_decorator.py
[2024-04-21T15:16:17.136+0000] {processor.py:830} INFO - Processing file /home/airflow/.local/lib/python3.12/site-packages/airflow/example_dags/example_task_group_decorator.py for tasks to queue
[2024-04-21T15:16:17.137+0000] {logging_mixin.py:188} INFO - [2024-04-21T15:16:17.137+0000] {dagbag.py:540} INFO - Filling up the DagBag from /home/airflow/.local/lib/python3.12/site-packages/airflow/example_dags/example_task_group_decorator.py
[2024-04-21T15:16:17.143+0000] {processor.py:840} INFO - DAG(s) 'example_task_group_decorator' retrieved from /home/airflow/.local/lib/python3.12/site-packages/airflow/example_dags/example_task_group_decorator.py
[2024-04-21T15:16:17.158+0000] {logging_mixin.py:188} INFO - [2024-04-21T15:16:17.158+0000] {dag.py:3096} INFO - Sync 1 DAGs
[2024-04-21T15:16:17.168+0000] {logging_mixin.py:188} INFO - [2024-04-21T15:16:17.168+0000] {dag.py:3954} INFO - Setting next_dagrun for example_task_group_decorator to 2024-04-20 00:00:00+00:00, run_after=2024-04-21 00:00:00+00:00
[2024-04-21T15:16:17.176+0000] {processor.py:183} INFO - Processing /home/airflow/.local/lib/python3.12/site-packages/airflow/example_dags/example_task_group_decorator.py took 0.044 seconds
[2024-04-21T15:16:47.402+0000] {processor.py:161} INFO - Started process (PID=16200) to work on /home/airflow/.local/lib/python3.12/site-packages/airflow/example_dags/example_task_group_decorator.py
[2024-04-21T15:16:47.403+0000] {processor.py:830} INFO - Processing file /home/airflow/.local/lib/python3.12/site-packages/airflow/example_dags/example_task_group_decorator.py for tasks to queue
[2024-04-21T15:16:47.404+0000] {logging_mixin.py:188} INFO - [2024-04-21T15:16:47.404+0000] {dagbag.py:540} INFO - Filling up the DagBag from /home/airflow/.local/lib/python3.12/site-packages/airflow/example_dags/example_task_group_decorator.py
[2024-04-21T15:16:47.412+0000] {processor.py:840} INFO - DAG(s) 'example_task_group_decorator' retrieved from /home/airflow/.local/lib/python3.12/site-packages/airflow/example_dags/example_task_group_decorator.py
[2024-04-21T15:16:47.432+0000] {logging_mixin.py:188} INFO - [2024-04-21T15:16:47.432+0000] {dag.py:3096} INFO - Sync 1 DAGs
[2024-04-21T15:16:47.443+0000] {logging_mixin.py:188} INFO - [2024-04-21T15:16:47.442+0000] {dag.py:3954} INFO - Setting next_dagrun for example_task_group_decorator to 2024-04-20 00:00:00+00:00, run_after=2024-04-21 00:00:00+00:00
[2024-04-21T15:16:47.451+0000] {processor.py:183} INFO - Processing /home/airflow/.local/lib/python3.12/site-packages/airflow/example_dags/example_task_group_decorator.py took 0.053 seconds
[2024-04-21T15:17:17.479+0000] {processor.py:161} INFO - Started process (PID=16467) to work on /home/airflow/.local/lib/python3.12/site-packages/airflow/example_dags/example_task_group_decorator.py
[2024-04-21T15:17:17.479+0000] {processor.py:830} INFO - Processing file /home/airflow/.local/lib/python3.12/site-packages/airflow/example_dags/example_task_group_decorator.py for tasks to queue
[2024-04-21T15:17:17.480+0000] {logging_mixin.py:188} INFO - [2024-04-21T15:17:17.480+0000] {dagbag.py:540} INFO - Filling up the DagBag from /home/airflow/.local/lib/python3.12/site-packages/airflow/example_dags/example_task_group_decorator.py
[2024-04-21T15:17:17.486+0000] {processor.py:840} INFO - DAG(s) 'example_task_group_decorator' retrieved from /home/airflow/.local/lib/python3.12/site-packages/airflow/example_dags/example_task_group_decorator.py
[2024-04-21T15:17:17.500+0000] {logging_mixin.py:188} INFO - [2024-04-21T15:17:17.500+0000] {dag.py:3096} INFO - Sync 1 DAGs
[2024-04-21T15:17:17.510+0000] {logging_mixin.py:188} INFO - [2024-04-21T15:17:17.510+0000] {dag.py:3954} INFO - Setting next_dagrun for example_task_group_decorator to 2024-04-20 00:00:00+00:00, run_after=2024-04-21 00:00:00+00:00
[2024-04-21T15:17:17.518+0000] {processor.py:183} INFO - Processing /home/airflow/.local/lib/python3.12/site-packages/airflow/example_dags/example_task_group_decorator.py took 0.043 seconds
[2024-04-21T15:17:47.643+0000] {processor.py:161} INFO - Started process (PID=16734) to work on /home/airflow/.local/lib/python3.12/site-packages/airflow/example_dags/example_task_group_decorator.py
[2024-04-21T15:17:47.644+0000] {processor.py:830} INFO - Processing file /home/airflow/.local/lib/python3.12/site-packages/airflow/example_dags/example_task_group_decorator.py for tasks to queue
[2024-04-21T15:17:47.645+0000] {logging_mixin.py:188} INFO - [2024-04-21T15:17:47.644+0000] {dagbag.py:540} INFO - Filling up the DagBag from /home/airflow/.local/lib/python3.12/site-packages/airflow/example_dags/example_task_group_decorator.py
[2024-04-21T15:17:47.651+0000] {processor.py:840} INFO - DAG(s) 'example_task_group_decorator' retrieved from /home/airflow/.local/lib/python3.12/site-packages/airflow/example_dags/example_task_group_decorator.py
[2024-04-21T15:17:47.664+0000] {logging_mixin.py:188} INFO - [2024-04-21T15:17:47.664+0000] {dag.py:3096} INFO - Sync 1 DAGs
[2024-04-21T15:17:47.673+0000] {logging_mixin.py:188} INFO - [2024-04-21T15:17:47.673+0000] {dag.py:3954} INFO - Setting next_dagrun for example_task_group_decorator to 2024-04-20 00:00:00+00:00, run_after=2024-04-21 00:00:00+00:00
[2024-04-21T15:17:47.679+0000] {processor.py:183} INFO - Processing /home/airflow/.local/lib/python3.12/site-packages/airflow/example_dags/example_task_group_decorator.py took 0.039 seconds
[2024-04-21T15:18:17.812+0000] {processor.py:161} INFO - Started process (PID=17001) to work on /home/airflow/.local/lib/python3.12/site-packages/airflow/example_dags/example_task_group_decorator.py
[2024-04-21T15:18:17.813+0000] {processor.py:830} INFO - Processing file /home/airflow/.local/lib/python3.12/site-packages/airflow/example_dags/example_task_group_decorator.py for tasks to queue
[2024-04-21T15:18:17.814+0000] {logging_mixin.py:188} INFO - [2024-04-21T15:18:17.813+0000] {dagbag.py:540} INFO - Filling up the DagBag from /home/airflow/.local/lib/python3.12/site-packages/airflow/example_dags/example_task_group_decorator.py
[2024-04-21T15:18:17.820+0000] {processor.py:840} INFO - DAG(s) 'example_task_group_decorator' retrieved from /home/airflow/.local/lib/python3.12/site-packages/airflow/example_dags/example_task_group_decorator.py
[2024-04-21T15:18:17.834+0000] {logging_mixin.py:188} INFO - [2024-04-21T15:18:17.834+0000] {dag.py:3096} INFO - Sync 1 DAGs
[2024-04-21T15:18:17.844+0000] {logging_mixin.py:188} INFO - [2024-04-21T15:18:17.844+0000] {dag.py:3954} INFO - Setting next_dagrun for example_task_group_decorator to 2024-04-20 00:00:00+00:00, run_after=2024-04-21 00:00:00+00:00
[2024-04-21T15:18:17.852+0000] {processor.py:183} INFO - Processing /home/airflow/.local/lib/python3.12/site-packages/airflow/example_dags/example_task_group_decorator.py took 0.044 seconds
[2024-04-21T15:18:48.809+0000] {processor.py:161} INFO - Started process (PID=17267) to work on /home/airflow/.local/lib/python3.12/site-packages/airflow/example_dags/example_task_group_decorator.py
[2024-04-21T15:18:48.809+0000] {processor.py:830} INFO - Processing file /home/airflow/.local/lib/python3.12/site-packages/airflow/example_dags/example_task_group_decorator.py for tasks to queue
[2024-04-21T15:18:48.811+0000] {logging_mixin.py:188} INFO - [2024-04-21T15:18:48.810+0000] {dagbag.py:540} INFO - Filling up the DagBag from /home/airflow/.local/lib/python3.12/site-packages/airflow/example_dags/example_task_group_decorator.py
[2024-04-21T15:18:48.817+0000] {processor.py:840} INFO - DAG(s) 'example_task_group_decorator' retrieved from /home/airflow/.local/lib/python3.12/site-packages/airflow/example_dags/example_task_group_decorator.py
[2024-04-21T15:18:48.830+0000] {logging_mixin.py:188} INFO - [2024-04-21T15:18:48.830+0000] {dag.py:3096} INFO - Sync 1 DAGs
[2024-04-21T15:18:48.839+0000] {logging_mixin.py:188} INFO - [2024-04-21T15:18:48.839+0000] {dag.py:3954} INFO - Setting next_dagrun for example_task_group_decorator to 2024-04-20 00:00:00+00:00, run_after=2024-04-21 00:00:00+00:00
[2024-04-21T15:18:48.846+0000] {processor.py:183} INFO - Processing /home/airflow/.local/lib/python3.12/site-packages/airflow/example_dags/example_task_group_decorator.py took 0.040 seconds
[2024-04-21T15:19:19.747+0000] {processor.py:161} INFO - Started process (PID=17534) to work on /home/airflow/.local/lib/python3.12/site-packages/airflow/example_dags/example_task_group_decorator.py
[2024-04-21T15:19:19.748+0000] {processor.py:830} INFO - Processing file /home/airflow/.local/lib/python3.12/site-packages/airflow/example_dags/example_task_group_decorator.py for tasks to queue
[2024-04-21T15:19:19.749+0000] {logging_mixin.py:188} INFO - [2024-04-21T15:19:19.749+0000] {dagbag.py:540} INFO - Filling up the DagBag from /home/airflow/.local/lib/python3.12/site-packages/airflow/example_dags/example_task_group_decorator.py
[2024-04-21T15:19:19.755+0000] {processor.py:840} INFO - DAG(s) 'example_task_group_decorator' retrieved from /home/airflow/.local/lib/python3.12/site-packages/airflow/example_dags/example_task_group_decorator.py
[2024-04-21T15:19:19.768+0000] {logging_mixin.py:188} INFO - [2024-04-21T15:19:19.768+0000] {dag.py:3096} INFO - Sync 1 DAGs
[2024-04-21T15:19:19.777+0000] {logging_mixin.py:188} INFO - [2024-04-21T15:19:19.777+0000] {dag.py:3954} INFO - Setting next_dagrun for example_task_group_decorator to 2024-04-20 00:00:00+00:00, run_after=2024-04-21 00:00:00+00:00
[2024-04-21T15:19:19.783+0000] {processor.py:183} INFO - Processing /home/airflow/.local/lib/python3.12/site-packages/airflow/example_dags/example_task_group_decorator.py took 0.039 seconds
[2024-04-21T15:19:49.976+0000] {processor.py:161} INFO - Started process (PID=17803) to work on /home/airflow/.local/lib/python3.12/site-packages/airflow/example_dags/example_task_group_decorator.py
[2024-04-21T15:19:49.977+0000] {processor.py:830} INFO - Processing file /home/airflow/.local/lib/python3.12/site-packages/airflow/example_dags/example_task_group_decorator.py for tasks to queue
[2024-04-21T15:19:49.978+0000] {logging_mixin.py:188} INFO - [2024-04-21T15:19:49.978+0000] {dagbag.py:540} INFO - Filling up the DagBag from /home/airflow/.local/lib/python3.12/site-packages/airflow/example_dags/example_task_group_decorator.py
[2024-04-21T15:19:49.985+0000] {processor.py:840} INFO - DAG(s) 'example_task_group_decorator' retrieved from /home/airflow/.local/lib/python3.12/site-packages/airflow/example_dags/example_task_group_decorator.py
[2024-04-21T15:19:49.999+0000] {logging_mixin.py:188} INFO - [2024-04-21T15:19:49.999+0000] {dag.py:3096} INFO - Sync 1 DAGs
[2024-04-21T15:19:50.008+0000] {logging_mixin.py:188} INFO - [2024-04-21T15:19:50.008+0000] {dag.py:3954} INFO - Setting next_dagrun for example_task_group_decorator to 2024-04-20 00:00:00+00:00, run_after=2024-04-21 00:00:00+00:00
[2024-04-21T15:19:50.015+0000] {processor.py:183} INFO - Processing /home/airflow/.local/lib/python3.12/site-packages/airflow/example_dags/example_task_group_decorator.py took 0.042 seconds
[2024-04-21T15:20:20.061+0000] {processor.py:161} INFO - Started process (PID=18068) to work on /home/airflow/.local/lib/python3.12/site-packages/airflow/example_dags/example_task_group_decorator.py
[2024-04-21T15:20:20.061+0000] {processor.py:830} INFO - Processing file /home/airflow/.local/lib/python3.12/site-packages/airflow/example_dags/example_task_group_decorator.py for tasks to queue
[2024-04-21T15:20:20.062+0000] {logging_mixin.py:188} INFO - [2024-04-21T15:20:20.062+0000] {dagbag.py:540} INFO - Filling up the DagBag from /home/airflow/.local/lib/python3.12/site-packages/airflow/example_dags/example_task_group_decorator.py
[2024-04-21T15:20:20.069+0000] {processor.py:840} INFO - DAG(s) 'example_task_group_decorator' retrieved from /home/airflow/.local/lib/python3.12/site-packages/airflow/example_dags/example_task_group_decorator.py
[2024-04-21T15:20:20.082+0000] {logging_mixin.py:188} INFO - [2024-04-21T15:20:20.082+0000] {dag.py:3096} INFO - Sync 1 DAGs
[2024-04-21T15:20:20.092+0000] {logging_mixin.py:188} INFO - [2024-04-21T15:20:20.092+0000] {dag.py:3954} INFO - Setting next_dagrun for example_task_group_decorator to 2024-04-20 00:00:00+00:00, run_after=2024-04-21 00:00:00+00:00
[2024-04-21T15:20:20.100+0000] {processor.py:183} INFO - Processing /home/airflow/.local/lib/python3.12/site-packages/airflow/example_dags/example_task_group_decorator.py took 0.042 seconds
