[2024-04-21T14:30:02.662+0000] {processor.py:161} INFO - Started process (PID=286) to work on /home/airflow/.local/lib/python3.12/site-packages/airflow/example_dags/example_branch_operator.py
[2024-04-21T14:30:02.663+0000] {processor.py:830} INFO - Processing file /home/airflow/.local/lib/python3.12/site-packages/airflow/example_dags/example_branch_operator.py for tasks to queue
[2024-04-21T14:30:02.664+0000] {logging_mixin.py:188} INFO - [2024-04-21T14:30:02.664+0000] {dagbag.py:540} INFO - Filling up the DagBag from /home/airflow/.local/lib/python3.12/site-packages/airflow/example_dags/example_branch_operator.py
[2024-04-21T14:30:02.675+0000] {processor.py:840} INFO - DAG(s) 'example_branch_operator' retrieved from /home/airflow/.local/lib/python3.12/site-packages/airflow/example_dags/example_branch_operator.py
[2024-04-21T14:30:02.686+0000] {logging_mixin.py:188} INFO - [2024-04-21T14:30:02.686+0000] {dag.py:3096} INFO - Sync 1 DAGs
[2024-04-21T14:30:02.704+0000] {logging_mixin.py:188} INFO - [2024-04-21T14:30:02.704+0000] {dag.py:3954} INFO - Setting next_dagrun for example_branch_operator to 2024-04-20 00:00:00+00:00, run_after=2024-04-21 00:00:00+00:00
[2024-04-21T14:30:02.715+0000] {processor.py:183} INFO - Processing /home/airflow/.local/lib/python3.12/site-packages/airflow/example_dags/example_branch_operator.py took 0.056 seconds
[2024-04-21T14:30:33.456+0000] {processor.py:161} INFO - Started process (PID=548) to work on /home/airflow/.local/lib/python3.12/site-packages/airflow/example_dags/example_branch_operator.py
[2024-04-21T14:30:33.456+0000] {processor.py:830} INFO - Processing file /home/airflow/.local/lib/python3.12/site-packages/airflow/example_dags/example_branch_operator.py for tasks to queue
[2024-04-21T14:30:33.458+0000] {logging_mixin.py:188} INFO - [2024-04-21T14:30:33.458+0000] {dagbag.py:540} INFO - Filling up the DagBag from /home/airflow/.local/lib/python3.12/site-packages/airflow/example_dags/example_branch_operator.py
[2024-04-21T14:30:33.469+0000] {processor.py:840} INFO - DAG(s) 'example_branch_operator' retrieved from /home/airflow/.local/lib/python3.12/site-packages/airflow/example_dags/example_branch_operator.py
[2024-04-21T14:30:33.537+0000] {logging_mixin.py:188} INFO - [2024-04-21T14:30:33.537+0000] {dag.py:3096} INFO - Sync 1 DAGs
[2024-04-21T14:30:33.548+0000] {logging_mixin.py:188} INFO - [2024-04-21T14:30:33.548+0000] {dag.py:3954} INFO - Setting next_dagrun for example_branch_operator to 2024-04-20 00:00:00+00:00, run_after=2024-04-21 00:00:00+00:00
[2024-04-21T14:30:33.560+0000] {processor.py:183} INFO - Processing /home/airflow/.local/lib/python3.12/site-packages/airflow/example_dags/example_branch_operator.py took 0.109 seconds
[2024-04-21T14:31:04.547+0000] {processor.py:161} INFO - Started process (PID=812) to work on /home/airflow/.local/lib/python3.12/site-packages/airflow/example_dags/example_branch_operator.py
[2024-04-21T14:31:04.548+0000] {processor.py:830} INFO - Processing file /home/airflow/.local/lib/python3.12/site-packages/airflow/example_dags/example_branch_operator.py for tasks to queue
[2024-04-21T14:31:04.550+0000] {logging_mixin.py:188} INFO - [2024-04-21T14:31:04.550+0000] {dagbag.py:540} INFO - Filling up the DagBag from /home/airflow/.local/lib/python3.12/site-packages/airflow/example_dags/example_branch_operator.py
[2024-04-21T14:31:04.563+0000] {processor.py:840} INFO - DAG(s) 'example_branch_operator' retrieved from /home/airflow/.local/lib/python3.12/site-packages/airflow/example_dags/example_branch_operator.py
[2024-04-21T14:31:04.583+0000] {logging_mixin.py:188} INFO - [2024-04-21T14:31:04.583+0000] {dag.py:3096} INFO - Sync 1 DAGs
[2024-04-21T14:31:04.595+0000] {logging_mixin.py:188} INFO - [2024-04-21T14:31:04.595+0000] {dag.py:3954} INFO - Setting next_dagrun for example_branch_operator to 2024-04-20 00:00:00+00:00, run_after=2024-04-21 00:00:00+00:00
[2024-04-21T14:31:04.606+0000] {processor.py:183} INFO - Processing /home/airflow/.local/lib/python3.12/site-packages/airflow/example_dags/example_branch_operator.py took 0.066 seconds
[2024-04-21T14:31:35.044+0000] {processor.py:161} INFO - Started process (PID=1074) to work on /home/airflow/.local/lib/python3.12/site-packages/airflow/example_dags/example_branch_operator.py
[2024-04-21T14:31:35.045+0000] {processor.py:830} INFO - Processing file /home/airflow/.local/lib/python3.12/site-packages/airflow/example_dags/example_branch_operator.py for tasks to queue
[2024-04-21T14:31:35.047+0000] {logging_mixin.py:188} INFO - [2024-04-21T14:31:35.047+0000] {dagbag.py:540} INFO - Filling up the DagBag from /home/airflow/.local/lib/python3.12/site-packages/airflow/example_dags/example_branch_operator.py
[2024-04-21T14:31:35.062+0000] {processor.py:840} INFO - DAG(s) 'example_branch_operator' retrieved from /home/airflow/.local/lib/python3.12/site-packages/airflow/example_dags/example_branch_operator.py
[2024-04-21T14:31:35.082+0000] {logging_mixin.py:188} INFO - [2024-04-21T14:31:35.082+0000] {dag.py:3096} INFO - Sync 1 DAGs
[2024-04-21T14:31:35.094+0000] {logging_mixin.py:188} INFO - [2024-04-21T14:31:35.094+0000] {dag.py:3954} INFO - Setting next_dagrun for example_branch_operator to 2024-04-20 00:00:00+00:00, run_after=2024-04-21 00:00:00+00:00
[2024-04-21T14:31:35.104+0000] {processor.py:183} INFO - Processing /home/airflow/.local/lib/python3.12/site-packages/airflow/example_dags/example_branch_operator.py took 0.068 seconds
[2024-04-21T14:32:05.787+0000] {processor.py:161} INFO - Started process (PID=1335) to work on /home/airflow/.local/lib/python3.12/site-packages/airflow/example_dags/example_branch_operator.py
[2024-04-21T14:32:05.788+0000] {processor.py:830} INFO - Processing file /home/airflow/.local/lib/python3.12/site-packages/airflow/example_dags/example_branch_operator.py for tasks to queue
[2024-04-21T14:32:05.790+0000] {logging_mixin.py:188} INFO - [2024-04-21T14:32:05.790+0000] {dagbag.py:540} INFO - Filling up the DagBag from /home/airflow/.local/lib/python3.12/site-packages/airflow/example_dags/example_branch_operator.py
[2024-04-21T14:32:05.804+0000] {processor.py:840} INFO - DAG(s) 'example_branch_operator' retrieved from /home/airflow/.local/lib/python3.12/site-packages/airflow/example_dags/example_branch_operator.py
[2024-04-21T14:32:05.823+0000] {logging_mixin.py:188} INFO - [2024-04-21T14:32:05.823+0000] {dag.py:3096} INFO - Sync 1 DAGs
[2024-04-21T14:32:05.836+0000] {logging_mixin.py:188} INFO - [2024-04-21T14:32:05.836+0000] {dag.py:3954} INFO - Setting next_dagrun for example_branch_operator to 2024-04-20 00:00:00+00:00, run_after=2024-04-21 00:00:00+00:00
[2024-04-21T14:32:05.846+0000] {processor.py:183} INFO - Processing /home/airflow/.local/lib/python3.12/site-packages/airflow/example_dags/example_branch_operator.py took 0.068 seconds
[2024-04-21T14:32:36.082+0000] {processor.py:161} INFO - Started process (PID=1597) to work on /home/airflow/.local/lib/python3.12/site-packages/airflow/example_dags/example_branch_operator.py
[2024-04-21T14:32:36.083+0000] {processor.py:830} INFO - Processing file /home/airflow/.local/lib/python3.12/site-packages/airflow/example_dags/example_branch_operator.py for tasks to queue
[2024-04-21T14:32:36.085+0000] {logging_mixin.py:188} INFO - [2024-04-21T14:32:36.084+0000] {dagbag.py:540} INFO - Filling up the DagBag from /home/airflow/.local/lib/python3.12/site-packages/airflow/example_dags/example_branch_operator.py
[2024-04-21T14:32:36.098+0000] {processor.py:840} INFO - DAG(s) 'example_branch_operator' retrieved from /home/airflow/.local/lib/python3.12/site-packages/airflow/example_dags/example_branch_operator.py
[2024-04-21T14:32:36.117+0000] {logging_mixin.py:188} INFO - [2024-04-21T14:32:36.117+0000] {dag.py:3096} INFO - Sync 1 DAGs
[2024-04-21T14:32:36.130+0000] {logging_mixin.py:188} INFO - [2024-04-21T14:32:36.130+0000] {dag.py:3954} INFO - Setting next_dagrun for example_branch_operator to 2024-04-20 00:00:00+00:00, run_after=2024-04-21 00:00:00+00:00
[2024-04-21T14:32:36.139+0000] {processor.py:183} INFO - Processing /home/airflow/.local/lib/python3.12/site-packages/airflow/example_dags/example_branch_operator.py took 0.064 seconds
[2024-04-21T14:33:06.611+0000] {processor.py:161} INFO - Started process (PID=1859) to work on /home/airflow/.local/lib/python3.12/site-packages/airflow/example_dags/example_branch_operator.py
[2024-04-21T14:33:06.612+0000] {processor.py:830} INFO - Processing file /home/airflow/.local/lib/python3.12/site-packages/airflow/example_dags/example_branch_operator.py for tasks to queue
[2024-04-21T14:33:06.613+0000] {logging_mixin.py:188} INFO - [2024-04-21T14:33:06.613+0000] {dagbag.py:540} INFO - Filling up the DagBag from /home/airflow/.local/lib/python3.12/site-packages/airflow/example_dags/example_branch_operator.py
[2024-04-21T14:33:06.626+0000] {processor.py:840} INFO - DAG(s) 'example_branch_operator' retrieved from /home/airflow/.local/lib/python3.12/site-packages/airflow/example_dags/example_branch_operator.py
[2024-04-21T14:33:06.646+0000] {logging_mixin.py:188} INFO - [2024-04-21T14:33:06.646+0000] {dag.py:3096} INFO - Sync 1 DAGs
[2024-04-21T14:33:06.659+0000] {logging_mixin.py:188} INFO - [2024-04-21T14:33:06.659+0000] {dag.py:3954} INFO - Setting next_dagrun for example_branch_operator to 2024-04-20 00:00:00+00:00, run_after=2024-04-21 00:00:00+00:00
[2024-04-21T14:33:06.669+0000] {processor.py:183} INFO - Processing /home/airflow/.local/lib/python3.12/site-packages/airflow/example_dags/example_branch_operator.py took 0.063 seconds
[2024-04-21T14:33:37.270+0000] {processor.py:161} INFO - Started process (PID=2122) to work on /home/airflow/.local/lib/python3.12/site-packages/airflow/example_dags/example_branch_operator.py
[2024-04-21T14:33:37.272+0000] {processor.py:830} INFO - Processing file /home/airflow/.local/lib/python3.12/site-packages/airflow/example_dags/example_branch_operator.py for tasks to queue
[2024-04-21T14:33:37.274+0000] {logging_mixin.py:188} INFO - [2024-04-21T14:33:37.274+0000] {dagbag.py:540} INFO - Filling up the DagBag from /home/airflow/.local/lib/python3.12/site-packages/airflow/example_dags/example_branch_operator.py
[2024-04-21T14:33:37.285+0000] {processor.py:840} INFO - DAG(s) 'example_branch_operator' retrieved from /home/airflow/.local/lib/python3.12/site-packages/airflow/example_dags/example_branch_operator.py
[2024-04-21T14:33:37.307+0000] {logging_mixin.py:188} INFO - [2024-04-21T14:33:37.307+0000] {dag.py:3096} INFO - Sync 1 DAGs
[2024-04-21T14:33:37.322+0000] {logging_mixin.py:188} INFO - [2024-04-21T14:33:37.322+0000] {dag.py:3954} INFO - Setting next_dagrun for example_branch_operator to 2024-04-20 00:00:00+00:00, run_after=2024-04-21 00:00:00+00:00
[2024-04-21T14:33:37.333+0000] {processor.py:183} INFO - Processing /home/airflow/.local/lib/python3.12/site-packages/airflow/example_dags/example_branch_operator.py took 0.071 seconds
[2024-04-21T14:34:07.932+0000] {processor.py:161} INFO - Started process (PID=2384) to work on /home/airflow/.local/lib/python3.12/site-packages/airflow/example_dags/example_branch_operator.py
[2024-04-21T14:34:07.933+0000] {processor.py:830} INFO - Processing file /home/airflow/.local/lib/python3.12/site-packages/airflow/example_dags/example_branch_operator.py for tasks to queue
[2024-04-21T14:34:07.936+0000] {logging_mixin.py:188} INFO - [2024-04-21T14:34:07.935+0000] {dagbag.py:540} INFO - Filling up the DagBag from /home/airflow/.local/lib/python3.12/site-packages/airflow/example_dags/example_branch_operator.py
[2024-04-21T14:34:07.956+0000] {processor.py:840} INFO - DAG(s) 'example_branch_operator' retrieved from /home/airflow/.local/lib/python3.12/site-packages/airflow/example_dags/example_branch_operator.py
[2024-04-21T14:34:07.983+0000] {logging_mixin.py:188} INFO - [2024-04-21T14:34:07.983+0000] {dag.py:3096} INFO - Sync 1 DAGs
[2024-04-21T14:34:08.004+0000] {logging_mixin.py:188} INFO - [2024-04-21T14:34:08.004+0000] {dag.py:3954} INFO - Setting next_dagrun for example_branch_operator to 2024-04-20 00:00:00+00:00, run_after=2024-04-21 00:00:00+00:00
[2024-04-21T14:34:08.019+0000] {processor.py:183} INFO - Processing /home/airflow/.local/lib/python3.12/site-packages/airflow/example_dags/example_branch_operator.py took 0.095 seconds
[2024-04-21T14:34:38.097+0000] {processor.py:161} INFO - Started process (PID=2649) to work on /home/airflow/.local/lib/python3.12/site-packages/airflow/example_dags/example_branch_operator.py
[2024-04-21T14:34:38.098+0000] {processor.py:830} INFO - Processing file /home/airflow/.local/lib/python3.12/site-packages/airflow/example_dags/example_branch_operator.py for tasks to queue
[2024-04-21T14:34:38.100+0000] {logging_mixin.py:188} INFO - [2024-04-21T14:34:38.099+0000] {dagbag.py:540} INFO - Filling up the DagBag from /home/airflow/.local/lib/python3.12/site-packages/airflow/example_dags/example_branch_operator.py
[2024-04-21T14:34:38.111+0000] {processor.py:840} INFO - DAG(s) 'example_branch_operator' retrieved from /home/airflow/.local/lib/python3.12/site-packages/airflow/example_dags/example_branch_operator.py
[2024-04-21T14:34:38.132+0000] {logging_mixin.py:188} INFO - [2024-04-21T14:34:38.132+0000] {dag.py:3096} INFO - Sync 1 DAGs
[2024-04-21T14:34:38.146+0000] {logging_mixin.py:188} INFO - [2024-04-21T14:34:38.146+0000] {dag.py:3954} INFO - Setting next_dagrun for example_branch_operator to 2024-04-20 00:00:00+00:00, run_after=2024-04-21 00:00:00+00:00
[2024-04-21T14:34:38.156+0000] {processor.py:183} INFO - Processing /home/airflow/.local/lib/python3.12/site-packages/airflow/example_dags/example_branch_operator.py took 0.064 seconds
[2024-04-21T14:36:10.726+0000] {processor.py:161} INFO - Started process (PID=2915) to work on /home/airflow/.local/lib/python3.12/site-packages/airflow/example_dags/example_branch_operator.py
[2024-04-21T14:36:10.726+0000] {processor.py:830} INFO - Processing file /home/airflow/.local/lib/python3.12/site-packages/airflow/example_dags/example_branch_operator.py for tasks to queue
[2024-04-21T14:36:10.728+0000] {logging_mixin.py:188} INFO - [2024-04-21T14:36:10.727+0000] {dagbag.py:540} INFO - Filling up the DagBag from /home/airflow/.local/lib/python3.12/site-packages/airflow/example_dags/example_branch_operator.py
[2024-04-21T14:36:10.736+0000] {processor.py:840} INFO - DAG(s) 'example_branch_operator' retrieved from /home/airflow/.local/lib/python3.12/site-packages/airflow/example_dags/example_branch_operator.py
[2024-04-21T14:36:10.750+0000] {logging_mixin.py:188} INFO - [2024-04-21T14:36:10.750+0000] {dag.py:3096} INFO - Sync 1 DAGs
[2024-04-21T14:36:10.761+0000] {logging_mixin.py:188} INFO - [2024-04-21T14:36:10.761+0000] {dag.py:3954} INFO - Setting next_dagrun for example_branch_operator to 2024-04-20 00:00:00+00:00, run_after=2024-04-21 00:00:00+00:00
[2024-04-21T14:36:10.769+0000] {processor.py:183} INFO - Processing /home/airflow/.local/lib/python3.12/site-packages/airflow/example_dags/example_branch_operator.py took 0.047 seconds
[2024-04-21T14:36:41.753+0000] {processor.py:161} INFO - Started process (PID=3182) to work on /home/airflow/.local/lib/python3.12/site-packages/airflow/example_dags/example_branch_operator.py
[2024-04-21T14:36:41.754+0000] {processor.py:830} INFO - Processing file /home/airflow/.local/lib/python3.12/site-packages/airflow/example_dags/example_branch_operator.py for tasks to queue
[2024-04-21T14:36:41.754+0000] {logging_mixin.py:188} INFO - [2024-04-21T14:36:41.754+0000] {dagbag.py:540} INFO - Filling up the DagBag from /home/airflow/.local/lib/python3.12/site-packages/airflow/example_dags/example_branch_operator.py
[2024-04-21T14:36:41.762+0000] {processor.py:840} INFO - DAG(s) 'example_branch_operator' retrieved from /home/airflow/.local/lib/python3.12/site-packages/airflow/example_dags/example_branch_operator.py
[2024-04-21T14:36:41.775+0000] {logging_mixin.py:188} INFO - [2024-04-21T14:36:41.775+0000] {dag.py:3096} INFO - Sync 1 DAGs
[2024-04-21T14:36:41.785+0000] {logging_mixin.py:188} INFO - [2024-04-21T14:36:41.784+0000] {dag.py:3954} INFO - Setting next_dagrun for example_branch_operator to 2024-04-20 00:00:00+00:00, run_after=2024-04-21 00:00:00+00:00
[2024-04-21T14:36:41.791+0000] {processor.py:183} INFO - Processing /home/airflow/.local/lib/python3.12/site-packages/airflow/example_dags/example_branch_operator.py took 0.041 seconds
[2024-04-21T14:37:11.976+0000] {processor.py:161} INFO - Started process (PID=3449) to work on /home/airflow/.local/lib/python3.12/site-packages/airflow/example_dags/example_branch_operator.py
[2024-04-21T14:37:11.976+0000] {processor.py:830} INFO - Processing file /home/airflow/.local/lib/python3.12/site-packages/airflow/example_dags/example_branch_operator.py for tasks to queue
[2024-04-21T14:37:11.977+0000] {logging_mixin.py:188} INFO - [2024-04-21T14:37:11.977+0000] {dagbag.py:540} INFO - Filling up the DagBag from /home/airflow/.local/lib/python3.12/site-packages/airflow/example_dags/example_branch_operator.py
[2024-04-21T14:37:11.985+0000] {processor.py:840} INFO - DAG(s) 'example_branch_operator' retrieved from /home/airflow/.local/lib/python3.12/site-packages/airflow/example_dags/example_branch_operator.py
[2024-04-21T14:37:12.000+0000] {logging_mixin.py:188} INFO - [2024-04-21T14:37:12.000+0000] {dag.py:3096} INFO - Sync 1 DAGs
[2024-04-21T14:37:12.010+0000] {logging_mixin.py:188} INFO - [2024-04-21T14:37:12.010+0000] {dag.py:3954} INFO - Setting next_dagrun for example_branch_operator to 2024-04-20 00:00:00+00:00, run_after=2024-04-21 00:00:00+00:00
[2024-04-21T14:37:12.017+0000] {processor.py:183} INFO - Processing /home/airflow/.local/lib/python3.12/site-packages/airflow/example_dags/example_branch_operator.py took 0.045 seconds
[2024-04-21T14:37:42.074+0000] {processor.py:161} INFO - Started process (PID=3714) to work on /home/airflow/.local/lib/python3.12/site-packages/airflow/example_dags/example_branch_operator.py
[2024-04-21T14:37:42.075+0000] {processor.py:830} INFO - Processing file /home/airflow/.local/lib/python3.12/site-packages/airflow/example_dags/example_branch_operator.py for tasks to queue
[2024-04-21T14:37:42.076+0000] {logging_mixin.py:188} INFO - [2024-04-21T14:37:42.075+0000] {dagbag.py:540} INFO - Filling up the DagBag from /home/airflow/.local/lib/python3.12/site-packages/airflow/example_dags/example_branch_operator.py
[2024-04-21T14:37:42.083+0000] {processor.py:840} INFO - DAG(s) 'example_branch_operator' retrieved from /home/airflow/.local/lib/python3.12/site-packages/airflow/example_dags/example_branch_operator.py
[2024-04-21T14:37:42.097+0000] {logging_mixin.py:188} INFO - [2024-04-21T14:37:42.097+0000] {dag.py:3096} INFO - Sync 1 DAGs
[2024-04-21T14:37:42.107+0000] {logging_mixin.py:188} INFO - [2024-04-21T14:37:42.107+0000] {dag.py:3954} INFO - Setting next_dagrun for example_branch_operator to 2024-04-20 00:00:00+00:00, run_after=2024-04-21 00:00:00+00:00
[2024-04-21T14:37:42.114+0000] {processor.py:183} INFO - Processing /home/airflow/.local/lib/python3.12/site-packages/airflow/example_dags/example_branch_operator.py took 0.043 seconds
[2024-04-21T14:53:47.779+0000] {processor.py:161} INFO - Started process (PID=3983) to work on /home/airflow/.local/lib/python3.12/site-packages/airflow/example_dags/example_branch_operator.py
[2024-04-21T14:53:47.779+0000] {processor.py:830} INFO - Processing file /home/airflow/.local/lib/python3.12/site-packages/airflow/example_dags/example_branch_operator.py for tasks to queue
[2024-04-21T14:53:47.780+0000] {logging_mixin.py:188} INFO - [2024-04-21T14:53:47.780+0000] {dagbag.py:540} INFO - Filling up the DagBag from /home/airflow/.local/lib/python3.12/site-packages/airflow/example_dags/example_branch_operator.py
[2024-04-21T14:53:47.788+0000] {processor.py:840} INFO - DAG(s) 'example_branch_operator' retrieved from /home/airflow/.local/lib/python3.12/site-packages/airflow/example_dags/example_branch_operator.py
[2024-04-21T14:53:47.803+0000] {logging_mixin.py:188} INFO - [2024-04-21T14:53:47.802+0000] {dag.py:3096} INFO - Sync 1 DAGs
[2024-04-21T14:53:47.812+0000] {logging_mixin.py:188} INFO - [2024-04-21T14:53:47.812+0000] {dag.py:3954} INFO - Setting next_dagrun for example_branch_operator to 2024-04-20 00:00:00+00:00, run_after=2024-04-21 00:00:00+00:00
[2024-04-21T14:53:47.820+0000] {processor.py:183} INFO - Processing /home/airflow/.local/lib/python3.12/site-packages/airflow/example_dags/example_branch_operator.py took 0.045 seconds
[2024-04-21T14:54:18.619+0000] {processor.py:161} INFO - Started process (PID=4252) to work on /home/airflow/.local/lib/python3.12/site-packages/airflow/example_dags/example_branch_operator.py
[2024-04-21T14:54:18.619+0000] {processor.py:830} INFO - Processing file /home/airflow/.local/lib/python3.12/site-packages/airflow/example_dags/example_branch_operator.py for tasks to queue
[2024-04-21T14:54:18.620+0000] {logging_mixin.py:188} INFO - [2024-04-21T14:54:18.620+0000] {dagbag.py:540} INFO - Filling up the DagBag from /home/airflow/.local/lib/python3.12/site-packages/airflow/example_dags/example_branch_operator.py
[2024-04-21T14:54:18.627+0000] {processor.py:840} INFO - DAG(s) 'example_branch_operator' retrieved from /home/airflow/.local/lib/python3.12/site-packages/airflow/example_dags/example_branch_operator.py
[2024-04-21T14:54:18.641+0000] {logging_mixin.py:188} INFO - [2024-04-21T14:54:18.641+0000] {dag.py:3096} INFO - Sync 1 DAGs
[2024-04-21T14:54:18.651+0000] {logging_mixin.py:188} INFO - [2024-04-21T14:54:18.651+0000] {dag.py:3954} INFO - Setting next_dagrun for example_branch_operator to 2024-04-20 00:00:00+00:00, run_after=2024-04-21 00:00:00+00:00
[2024-04-21T14:54:18.658+0000] {processor.py:183} INFO - Processing /home/airflow/.local/lib/python3.12/site-packages/airflow/example_dags/example_branch_operator.py took 0.042 seconds
[2024-04-21T14:54:48.682+0000] {processor.py:161} INFO - Started process (PID=4519) to work on /home/airflow/.local/lib/python3.12/site-packages/airflow/example_dags/example_branch_operator.py
[2024-04-21T14:54:48.682+0000] {processor.py:830} INFO - Processing file /home/airflow/.local/lib/python3.12/site-packages/airflow/example_dags/example_branch_operator.py for tasks to queue
[2024-04-21T14:54:48.683+0000] {logging_mixin.py:188} INFO - [2024-04-21T14:54:48.683+0000] {dagbag.py:540} INFO - Filling up the DagBag from /home/airflow/.local/lib/python3.12/site-packages/airflow/example_dags/example_branch_operator.py
[2024-04-21T14:54:48.691+0000] {processor.py:840} INFO - DAG(s) 'example_branch_operator' retrieved from /home/airflow/.local/lib/python3.12/site-packages/airflow/example_dags/example_branch_operator.py
[2024-04-21T14:54:48.705+0000] {logging_mixin.py:188} INFO - [2024-04-21T14:54:48.705+0000] {dag.py:3096} INFO - Sync 1 DAGs
[2024-04-21T14:54:48.715+0000] {logging_mixin.py:188} INFO - [2024-04-21T14:54:48.715+0000] {dag.py:3954} INFO - Setting next_dagrun for example_branch_operator to 2024-04-20 00:00:00+00:00, run_after=2024-04-21 00:00:00+00:00
[2024-04-21T14:54:48.722+0000] {processor.py:183} INFO - Processing /home/airflow/.local/lib/python3.12/site-packages/airflow/example_dags/example_branch_operator.py took 0.043 seconds
[2024-04-21T14:55:19.637+0000] {processor.py:161} INFO - Started process (PID=4784) to work on /home/airflow/.local/lib/python3.12/site-packages/airflow/example_dags/example_branch_operator.py
[2024-04-21T14:55:19.638+0000] {processor.py:830} INFO - Processing file /home/airflow/.local/lib/python3.12/site-packages/airflow/example_dags/example_branch_operator.py for tasks to queue
[2024-04-21T14:55:19.639+0000] {logging_mixin.py:188} INFO - [2024-04-21T14:55:19.638+0000] {dagbag.py:540} INFO - Filling up the DagBag from /home/airflow/.local/lib/python3.12/site-packages/airflow/example_dags/example_branch_operator.py
[2024-04-21T14:55:19.646+0000] {processor.py:840} INFO - DAG(s) 'example_branch_operator' retrieved from /home/airflow/.local/lib/python3.12/site-packages/airflow/example_dags/example_branch_operator.py
[2024-04-21T14:55:19.660+0000] {logging_mixin.py:188} INFO - [2024-04-21T14:55:19.660+0000] {dag.py:3096} INFO - Sync 1 DAGs
[2024-04-21T14:55:19.670+0000] {logging_mixin.py:188} INFO - [2024-04-21T14:55:19.669+0000] {dag.py:3954} INFO - Setting next_dagrun for example_branch_operator to 2024-04-20 00:00:00+00:00, run_after=2024-04-21 00:00:00+00:00
[2024-04-21T14:55:19.677+0000] {processor.py:183} INFO - Processing /home/airflow/.local/lib/python3.12/site-packages/airflow/example_dags/example_branch_operator.py took 0.043 seconds
[2024-04-21T14:55:50.481+0000] {processor.py:161} INFO - Started process (PID=5051) to work on /home/airflow/.local/lib/python3.12/site-packages/airflow/example_dags/example_branch_operator.py
[2024-04-21T14:55:50.482+0000] {processor.py:830} INFO - Processing file /home/airflow/.local/lib/python3.12/site-packages/airflow/example_dags/example_branch_operator.py for tasks to queue
[2024-04-21T14:55:50.483+0000] {logging_mixin.py:188} INFO - [2024-04-21T14:55:50.483+0000] {dagbag.py:540} INFO - Filling up the DagBag from /home/airflow/.local/lib/python3.12/site-packages/airflow/example_dags/example_branch_operator.py
[2024-04-21T14:55:50.490+0000] {processor.py:840} INFO - DAG(s) 'example_branch_operator' retrieved from /home/airflow/.local/lib/python3.12/site-packages/airflow/example_dags/example_branch_operator.py
[2024-04-21T14:55:50.505+0000] {logging_mixin.py:188} INFO - [2024-04-21T14:55:50.505+0000] {dag.py:3096} INFO - Sync 1 DAGs
[2024-04-21T14:55:50.515+0000] {logging_mixin.py:188} INFO - [2024-04-21T14:55:50.515+0000] {dag.py:3954} INFO - Setting next_dagrun for example_branch_operator to 2024-04-20 00:00:00+00:00, run_after=2024-04-21 00:00:00+00:00
[2024-04-21T14:55:50.522+0000] {processor.py:183} INFO - Processing /home/airflow/.local/lib/python3.12/site-packages/airflow/example_dags/example_branch_operator.py took 0.043 seconds
[2024-04-21T14:56:21.301+0000] {processor.py:161} INFO - Started process (PID=5318) to work on /home/airflow/.local/lib/python3.12/site-packages/airflow/example_dags/example_branch_operator.py
[2024-04-21T14:56:21.301+0000] {processor.py:830} INFO - Processing file /home/airflow/.local/lib/python3.12/site-packages/airflow/example_dags/example_branch_operator.py for tasks to queue
[2024-04-21T14:56:21.302+0000] {logging_mixin.py:188} INFO - [2024-04-21T14:56:21.302+0000] {dagbag.py:540} INFO - Filling up the DagBag from /home/airflow/.local/lib/python3.12/site-packages/airflow/example_dags/example_branch_operator.py
[2024-04-21T14:56:21.310+0000] {processor.py:840} INFO - DAG(s) 'example_branch_operator' retrieved from /home/airflow/.local/lib/python3.12/site-packages/airflow/example_dags/example_branch_operator.py
[2024-04-21T14:56:21.324+0000] {logging_mixin.py:188} INFO - [2024-04-21T14:56:21.324+0000] {dag.py:3096} INFO - Sync 1 DAGs
[2024-04-21T14:56:21.334+0000] {logging_mixin.py:188} INFO - [2024-04-21T14:56:21.334+0000] {dag.py:3954} INFO - Setting next_dagrun for example_branch_operator to 2024-04-20 00:00:00+00:00, run_after=2024-04-21 00:00:00+00:00
[2024-04-21T14:56:21.341+0000] {processor.py:183} INFO - Processing /home/airflow/.local/lib/python3.12/site-packages/airflow/example_dags/example_branch_operator.py took 0.043 seconds
[2024-04-21T14:56:52.286+0000] {processor.py:161} INFO - Started process (PID=5585) to work on /home/airflow/.local/lib/python3.12/site-packages/airflow/example_dags/example_branch_operator.py
[2024-04-21T14:56:52.287+0000] {processor.py:830} INFO - Processing file /home/airflow/.local/lib/python3.12/site-packages/airflow/example_dags/example_branch_operator.py for tasks to queue
[2024-04-21T14:56:52.288+0000] {logging_mixin.py:188} INFO - [2024-04-21T14:56:52.288+0000] {dagbag.py:540} INFO - Filling up the DagBag from /home/airflow/.local/lib/python3.12/site-packages/airflow/example_dags/example_branch_operator.py
[2024-04-21T14:56:52.296+0000] {processor.py:840} INFO - DAG(s) 'example_branch_operator' retrieved from /home/airflow/.local/lib/python3.12/site-packages/airflow/example_dags/example_branch_operator.py
[2024-04-21T14:56:52.312+0000] {logging_mixin.py:188} INFO - [2024-04-21T14:56:52.312+0000] {dag.py:3096} INFO - Sync 1 DAGs
[2024-04-21T14:56:52.323+0000] {logging_mixin.py:188} INFO - [2024-04-21T14:56:52.323+0000] {dag.py:3954} INFO - Setting next_dagrun for example_branch_operator to 2024-04-20 00:00:00+00:00, run_after=2024-04-21 00:00:00+00:00
[2024-04-21T14:56:52.331+0000] {processor.py:183} INFO - Processing /home/airflow/.local/lib/python3.12/site-packages/airflow/example_dags/example_branch_operator.py took 0.049 seconds
[2024-04-21T14:57:22.380+0000] {processor.py:161} INFO - Started process (PID=5852) to work on /home/airflow/.local/lib/python3.12/site-packages/airflow/example_dags/example_branch_operator.py
[2024-04-21T14:57:22.381+0000] {processor.py:830} INFO - Processing file /home/airflow/.local/lib/python3.12/site-packages/airflow/example_dags/example_branch_operator.py for tasks to queue
[2024-04-21T14:57:22.382+0000] {logging_mixin.py:188} INFO - [2024-04-21T14:57:22.382+0000] {dagbag.py:540} INFO - Filling up the DagBag from /home/airflow/.local/lib/python3.12/site-packages/airflow/example_dags/example_branch_operator.py
[2024-04-21T14:57:22.389+0000] {processor.py:840} INFO - DAG(s) 'example_branch_operator' retrieved from /home/airflow/.local/lib/python3.12/site-packages/airflow/example_dags/example_branch_operator.py
[2024-04-21T14:57:22.403+0000] {logging_mixin.py:188} INFO - [2024-04-21T14:57:22.403+0000] {dag.py:3096} INFO - Sync 1 DAGs
[2024-04-21T14:57:22.412+0000] {logging_mixin.py:188} INFO - [2024-04-21T14:57:22.412+0000] {dag.py:3954} INFO - Setting next_dagrun for example_branch_operator to 2024-04-20 00:00:00+00:00, run_after=2024-04-21 00:00:00+00:00
[2024-04-21T14:57:22.419+0000] {processor.py:183} INFO - Processing /home/airflow/.local/lib/python3.12/site-packages/airflow/example_dags/example_branch_operator.py took 0.042 seconds
[2024-04-21T14:57:52.532+0000] {processor.py:161} INFO - Started process (PID=6128) to work on /home/airflow/.local/lib/python3.12/site-packages/airflow/example_dags/example_branch_operator.py
[2024-04-21T14:57:52.533+0000] {processor.py:830} INFO - Processing file /home/airflow/.local/lib/python3.12/site-packages/airflow/example_dags/example_branch_operator.py for tasks to queue
[2024-04-21T14:57:52.534+0000] {logging_mixin.py:188} INFO - [2024-04-21T14:57:52.534+0000] {dagbag.py:540} INFO - Filling up the DagBag from /home/airflow/.local/lib/python3.12/site-packages/airflow/example_dags/example_branch_operator.py
[2024-04-21T14:57:52.542+0000] {processor.py:840} INFO - DAG(s) 'example_branch_operator' retrieved from /home/airflow/.local/lib/python3.12/site-packages/airflow/example_dags/example_branch_operator.py
[2024-04-21T14:57:52.559+0000] {logging_mixin.py:188} INFO - [2024-04-21T14:57:52.559+0000] {dag.py:3096} INFO - Sync 1 DAGs
[2024-04-21T14:57:52.571+0000] {logging_mixin.py:188} INFO - [2024-04-21T14:57:52.571+0000] {dag.py:3954} INFO - Setting next_dagrun for example_branch_operator to 2024-04-20 00:00:00+00:00, run_after=2024-04-21 00:00:00+00:00
[2024-04-21T14:57:52.580+0000] {processor.py:183} INFO - Processing /home/airflow/.local/lib/python3.12/site-packages/airflow/example_dags/example_branch_operator.py took 0.052 seconds
[2024-04-21T14:58:23.576+0000] {processor.py:161} INFO - Started process (PID=6394) to work on /home/airflow/.local/lib/python3.12/site-packages/airflow/example_dags/example_branch_operator.py
[2024-04-21T14:58:23.576+0000] {processor.py:830} INFO - Processing file /home/airflow/.local/lib/python3.12/site-packages/airflow/example_dags/example_branch_operator.py for tasks to queue
[2024-04-21T14:58:23.577+0000] {logging_mixin.py:188} INFO - [2024-04-21T14:58:23.577+0000] {dagbag.py:540} INFO - Filling up the DagBag from /home/airflow/.local/lib/python3.12/site-packages/airflow/example_dags/example_branch_operator.py
[2024-04-21T14:58:23.585+0000] {processor.py:840} INFO - DAG(s) 'example_branch_operator' retrieved from /home/airflow/.local/lib/python3.12/site-packages/airflow/example_dags/example_branch_operator.py
[2024-04-21T14:58:23.600+0000] {logging_mixin.py:188} INFO - [2024-04-21T14:58:23.599+0000] {dag.py:3096} INFO - Sync 1 DAGs
[2024-04-21T14:58:23.610+0000] {logging_mixin.py:188} INFO - [2024-04-21T14:58:23.610+0000] {dag.py:3954} INFO - Setting next_dagrun for example_branch_operator to 2024-04-20 00:00:00+00:00, run_after=2024-04-21 00:00:00+00:00
[2024-04-21T14:58:23.617+0000] {processor.py:183} INFO - Processing /home/airflow/.local/lib/python3.12/site-packages/airflow/example_dags/example_branch_operator.py took 0.045 seconds
[2024-04-21T14:58:54.156+0000] {processor.py:161} INFO - Started process (PID=6667) to work on /home/airflow/.local/lib/python3.12/site-packages/airflow/example_dags/example_branch_operator.py
[2024-04-21T14:58:54.156+0000] {processor.py:830} INFO - Processing file /home/airflow/.local/lib/python3.12/site-packages/airflow/example_dags/example_branch_operator.py for tasks to queue
[2024-04-21T14:58:54.157+0000] {logging_mixin.py:188} INFO - [2024-04-21T14:58:54.157+0000] {dagbag.py:540} INFO - Filling up the DagBag from /home/airflow/.local/lib/python3.12/site-packages/airflow/example_dags/example_branch_operator.py
[2024-04-21T14:58:54.165+0000] {processor.py:840} INFO - DAG(s) 'example_branch_operator' retrieved from /home/airflow/.local/lib/python3.12/site-packages/airflow/example_dags/example_branch_operator.py
[2024-04-21T14:58:54.179+0000] {logging_mixin.py:188} INFO - [2024-04-21T14:58:54.179+0000] {dag.py:3096} INFO - Sync 1 DAGs
[2024-04-21T14:58:54.188+0000] {logging_mixin.py:188} INFO - [2024-04-21T14:58:54.188+0000] {dag.py:3954} INFO - Setting next_dagrun for example_branch_operator to 2024-04-20 00:00:00+00:00, run_after=2024-04-21 00:00:00+00:00
[2024-04-21T14:58:54.195+0000] {processor.py:183} INFO - Processing /home/airflow/.local/lib/python3.12/site-packages/airflow/example_dags/example_branch_operator.py took 0.043 seconds
[2024-04-21T14:59:24.875+0000] {processor.py:161} INFO - Started process (PID=6940) to work on /home/airflow/.local/lib/python3.12/site-packages/airflow/example_dags/example_branch_operator.py
[2024-04-21T14:59:24.875+0000] {processor.py:830} INFO - Processing file /home/airflow/.local/lib/python3.12/site-packages/airflow/example_dags/example_branch_operator.py for tasks to queue
[2024-04-21T14:59:24.876+0000] {logging_mixin.py:188} INFO - [2024-04-21T14:59:24.876+0000] {dagbag.py:540} INFO - Filling up the DagBag from /home/airflow/.local/lib/python3.12/site-packages/airflow/example_dags/example_branch_operator.py
[2024-04-21T14:59:24.884+0000] {processor.py:840} INFO - DAG(s) 'example_branch_operator' retrieved from /home/airflow/.local/lib/python3.12/site-packages/airflow/example_dags/example_branch_operator.py
[2024-04-21T14:59:24.898+0000] {logging_mixin.py:188} INFO - [2024-04-21T14:59:24.898+0000] {dag.py:3096} INFO - Sync 1 DAGs
[2024-04-21T14:59:24.907+0000] {logging_mixin.py:188} INFO - [2024-04-21T14:59:24.907+0000] {dag.py:3954} INFO - Setting next_dagrun for example_branch_operator to 2024-04-20 00:00:00+00:00, run_after=2024-04-21 00:00:00+00:00
[2024-04-21T14:59:24.915+0000] {processor.py:183} INFO - Processing /home/airflow/.local/lib/python3.12/site-packages/airflow/example_dags/example_branch_operator.py took 0.043 seconds
[2024-04-21T14:59:55.669+0000] {processor.py:161} INFO - Started process (PID=7207) to work on /home/airflow/.local/lib/python3.12/site-packages/airflow/example_dags/example_branch_operator.py
[2024-04-21T14:59:55.670+0000] {processor.py:830} INFO - Processing file /home/airflow/.local/lib/python3.12/site-packages/airflow/example_dags/example_branch_operator.py for tasks to queue
[2024-04-21T14:59:55.671+0000] {logging_mixin.py:188} INFO - [2024-04-21T14:59:55.670+0000] {dagbag.py:540} INFO - Filling up the DagBag from /home/airflow/.local/lib/python3.12/site-packages/airflow/example_dags/example_branch_operator.py
[2024-04-21T14:59:55.678+0000] {processor.py:840} INFO - DAG(s) 'example_branch_operator' retrieved from /home/airflow/.local/lib/python3.12/site-packages/airflow/example_dags/example_branch_operator.py
[2024-04-21T14:59:55.693+0000] {logging_mixin.py:188} INFO - [2024-04-21T14:59:55.693+0000] {dag.py:3096} INFO - Sync 1 DAGs
[2024-04-21T14:59:55.702+0000] {logging_mixin.py:188} INFO - [2024-04-21T14:59:55.702+0000] {dag.py:3954} INFO - Setting next_dagrun for example_branch_operator to 2024-04-20 00:00:00+00:00, run_after=2024-04-21 00:00:00+00:00
[2024-04-21T14:59:55.709+0000] {processor.py:183} INFO - Processing /home/airflow/.local/lib/python3.12/site-packages/airflow/example_dags/example_branch_operator.py took 0.043 seconds
[2024-04-21T15:00:26.513+0000] {processor.py:161} INFO - Started process (PID=7497) to work on /home/airflow/.local/lib/python3.12/site-packages/airflow/example_dags/example_branch_operator.py
[2024-04-21T15:00:26.514+0000] {processor.py:830} INFO - Processing file /home/airflow/.local/lib/python3.12/site-packages/airflow/example_dags/example_branch_operator.py for tasks to queue
[2024-04-21T15:00:26.515+0000] {logging_mixin.py:188} INFO - [2024-04-21T15:00:26.515+0000] {dagbag.py:540} INFO - Filling up the DagBag from /home/airflow/.local/lib/python3.12/site-packages/airflow/example_dags/example_branch_operator.py
[2024-04-21T15:00:26.523+0000] {processor.py:840} INFO - DAG(s) 'example_branch_operator' retrieved from /home/airflow/.local/lib/python3.12/site-packages/airflow/example_dags/example_branch_operator.py
[2024-04-21T15:00:26.538+0000] {logging_mixin.py:188} INFO - [2024-04-21T15:00:26.537+0000] {dag.py:3096} INFO - Sync 1 DAGs
[2024-04-21T15:00:26.548+0000] {logging_mixin.py:188} INFO - [2024-04-21T15:00:26.548+0000] {dag.py:3954} INFO - Setting next_dagrun for example_branch_operator to 2024-04-20 00:00:00+00:00, run_after=2024-04-21 00:00:00+00:00
[2024-04-21T15:00:26.556+0000] {processor.py:183} INFO - Processing /home/airflow/.local/lib/python3.12/site-packages/airflow/example_dags/example_branch_operator.py took 0.046 seconds
[2024-04-21T15:00:57.597+0000] {processor.py:161} INFO - Started process (PID=7764) to work on /home/airflow/.local/lib/python3.12/site-packages/airflow/example_dags/example_branch_operator.py
[2024-04-21T15:00:57.598+0000] {processor.py:830} INFO - Processing file /home/airflow/.local/lib/python3.12/site-packages/airflow/example_dags/example_branch_operator.py for tasks to queue
[2024-04-21T15:00:57.599+0000] {logging_mixin.py:188} INFO - [2024-04-21T15:00:57.598+0000] {dagbag.py:540} INFO - Filling up the DagBag from /home/airflow/.local/lib/python3.12/site-packages/airflow/example_dags/example_branch_operator.py
[2024-04-21T15:00:57.606+0000] {processor.py:840} INFO - DAG(s) 'example_branch_operator' retrieved from /home/airflow/.local/lib/python3.12/site-packages/airflow/example_dags/example_branch_operator.py
[2024-04-21T15:00:57.620+0000] {logging_mixin.py:188} INFO - [2024-04-21T15:00:57.620+0000] {dag.py:3096} INFO - Sync 1 DAGs
[2024-04-21T15:00:57.630+0000] {logging_mixin.py:188} INFO - [2024-04-21T15:00:57.630+0000] {dag.py:3954} INFO - Setting next_dagrun for example_branch_operator to 2024-04-20 00:00:00+00:00, run_after=2024-04-21 00:00:00+00:00
[2024-04-21T15:00:57.637+0000] {processor.py:183} INFO - Processing /home/airflow/.local/lib/python3.12/site-packages/airflow/example_dags/example_branch_operator.py took 0.043 seconds
[2024-04-21T15:01:27.789+0000] {processor.py:161} INFO - Started process (PID=8033) to work on /home/airflow/.local/lib/python3.12/site-packages/airflow/example_dags/example_branch_operator.py
[2024-04-21T15:01:27.789+0000] {processor.py:830} INFO - Processing file /home/airflow/.local/lib/python3.12/site-packages/airflow/example_dags/example_branch_operator.py for tasks to queue
[2024-04-21T15:01:27.790+0000] {logging_mixin.py:188} INFO - [2024-04-21T15:01:27.790+0000] {dagbag.py:540} INFO - Filling up the DagBag from /home/airflow/.local/lib/python3.12/site-packages/airflow/example_dags/example_branch_operator.py
[2024-04-21T15:01:27.798+0000] {processor.py:840} INFO - DAG(s) 'example_branch_operator' retrieved from /home/airflow/.local/lib/python3.12/site-packages/airflow/example_dags/example_branch_operator.py
[2024-04-21T15:01:27.812+0000] {logging_mixin.py:188} INFO - [2024-04-21T15:01:27.812+0000] {dag.py:3096} INFO - Sync 1 DAGs
[2024-04-21T15:01:27.822+0000] {logging_mixin.py:188} INFO - [2024-04-21T15:01:27.822+0000] {dag.py:3954} INFO - Setting next_dagrun for example_branch_operator to 2024-04-20 00:00:00+00:00, run_after=2024-04-21 00:00:00+00:00
[2024-04-21T15:01:27.830+0000] {processor.py:183} INFO - Processing /home/airflow/.local/lib/python3.12/site-packages/airflow/example_dags/example_branch_operator.py took 0.044 seconds
[2024-04-21T15:01:57.911+0000] {processor.py:161} INFO - Started process (PID=8313) to work on /home/airflow/.local/lib/python3.12/site-packages/airflow/example_dags/example_branch_operator.py
[2024-04-21T15:01:57.912+0000] {processor.py:830} INFO - Processing file /home/airflow/.local/lib/python3.12/site-packages/airflow/example_dags/example_branch_operator.py for tasks to queue
[2024-04-21T15:01:57.913+0000] {logging_mixin.py:188} INFO - [2024-04-21T15:01:57.912+0000] {dagbag.py:540} INFO - Filling up the DagBag from /home/airflow/.local/lib/python3.12/site-packages/airflow/example_dags/example_branch_operator.py
[2024-04-21T15:01:57.920+0000] {processor.py:840} INFO - DAG(s) 'example_branch_operator' retrieved from /home/airflow/.local/lib/python3.12/site-packages/airflow/example_dags/example_branch_operator.py
[2024-04-21T15:01:57.935+0000] {logging_mixin.py:188} INFO - [2024-04-21T15:01:57.935+0000] {dag.py:3096} INFO - Sync 1 DAGs
[2024-04-21T15:01:57.944+0000] {logging_mixin.py:188} INFO - [2024-04-21T15:01:57.944+0000] {dag.py:3954} INFO - Setting next_dagrun for example_branch_operator to 2024-04-20 00:00:00+00:00, run_after=2024-04-21 00:00:00+00:00
[2024-04-21T15:01:57.952+0000] {processor.py:183} INFO - Processing /home/airflow/.local/lib/python3.12/site-packages/airflow/example_dags/example_branch_operator.py took 0.044 seconds
[2024-04-21T15:02:28.759+0000] {processor.py:161} INFO - Started process (PID=8587) to work on /home/airflow/.local/lib/python3.12/site-packages/airflow/example_dags/example_branch_operator.py
[2024-04-21T15:02:28.760+0000] {processor.py:830} INFO - Processing file /home/airflow/.local/lib/python3.12/site-packages/airflow/example_dags/example_branch_operator.py for tasks to queue
[2024-04-21T15:02:28.761+0000] {logging_mixin.py:188} INFO - [2024-04-21T15:02:28.761+0000] {dagbag.py:540} INFO - Filling up the DagBag from /home/airflow/.local/lib/python3.12/site-packages/airflow/example_dags/example_branch_operator.py
[2024-04-21T15:02:28.768+0000] {processor.py:840} INFO - DAG(s) 'example_branch_operator' retrieved from /home/airflow/.local/lib/python3.12/site-packages/airflow/example_dags/example_branch_operator.py
[2024-04-21T15:02:28.783+0000] {logging_mixin.py:188} INFO - [2024-04-21T15:02:28.782+0000] {dag.py:3096} INFO - Sync 1 DAGs
[2024-04-21T15:02:28.792+0000] {logging_mixin.py:188} INFO - [2024-04-21T15:02:28.792+0000] {dag.py:3954} INFO - Setting next_dagrun for example_branch_operator to 2024-04-20 00:00:00+00:00, run_after=2024-04-21 00:00:00+00:00
[2024-04-21T15:02:28.800+0000] {processor.py:183} INFO - Processing /home/airflow/.local/lib/python3.12/site-packages/airflow/example_dags/example_branch_operator.py took 0.043 seconds
[2024-04-21T15:02:59.633+0000] {processor.py:161} INFO - Started process (PID=8863) to work on /home/airflow/.local/lib/python3.12/site-packages/airflow/example_dags/example_branch_operator.py
[2024-04-21T15:02:59.634+0000] {processor.py:830} INFO - Processing file /home/airflow/.local/lib/python3.12/site-packages/airflow/example_dags/example_branch_operator.py for tasks to queue
[2024-04-21T15:02:59.635+0000] {logging_mixin.py:188} INFO - [2024-04-21T15:02:59.635+0000] {dagbag.py:540} INFO - Filling up the DagBag from /home/airflow/.local/lib/python3.12/site-packages/airflow/example_dags/example_branch_operator.py
[2024-04-21T15:02:59.643+0000] {processor.py:840} INFO - DAG(s) 'example_branch_operator' retrieved from /home/airflow/.local/lib/python3.12/site-packages/airflow/example_dags/example_branch_operator.py
[2024-04-21T15:02:59.657+0000] {logging_mixin.py:188} INFO - [2024-04-21T15:02:59.657+0000] {dag.py:3096} INFO - Sync 1 DAGs
[2024-04-21T15:02:59.666+0000] {logging_mixin.py:188} INFO - [2024-04-21T15:02:59.666+0000] {dag.py:3954} INFO - Setting next_dagrun for example_branch_operator to 2024-04-20 00:00:00+00:00, run_after=2024-04-21 00:00:00+00:00
[2024-04-21T15:02:59.673+0000] {processor.py:183} INFO - Processing /home/airflow/.local/lib/python3.12/site-packages/airflow/example_dags/example_branch_operator.py took 0.043 seconds
[2024-04-21T15:03:30.527+0000] {processor.py:161} INFO - Started process (PID=9130) to work on /home/airflow/.local/lib/python3.12/site-packages/airflow/example_dags/example_branch_operator.py
[2024-04-21T15:03:30.527+0000] {processor.py:830} INFO - Processing file /home/airflow/.local/lib/python3.12/site-packages/airflow/example_dags/example_branch_operator.py for tasks to queue
[2024-04-21T15:03:30.528+0000] {logging_mixin.py:188} INFO - [2024-04-21T15:03:30.528+0000] {dagbag.py:540} INFO - Filling up the DagBag from /home/airflow/.local/lib/python3.12/site-packages/airflow/example_dags/example_branch_operator.py
[2024-04-21T15:03:30.536+0000] {processor.py:840} INFO - DAG(s) 'example_branch_operator' retrieved from /home/airflow/.local/lib/python3.12/site-packages/airflow/example_dags/example_branch_operator.py
[2024-04-21T15:03:30.550+0000] {logging_mixin.py:188} INFO - [2024-04-21T15:03:30.550+0000] {dag.py:3096} INFO - Sync 1 DAGs
[2024-04-21T15:03:30.560+0000] {logging_mixin.py:188} INFO - [2024-04-21T15:03:30.560+0000] {dag.py:3954} INFO - Setting next_dagrun for example_branch_operator to 2024-04-20 00:00:00+00:00, run_after=2024-04-21 00:00:00+00:00
[2024-04-21T15:03:30.568+0000] {processor.py:183} INFO - Processing /home/airflow/.local/lib/python3.12/site-packages/airflow/example_dags/example_branch_operator.py took 0.045 seconds
[2024-04-21T15:04:01.467+0000] {processor.py:161} INFO - Started process (PID=9397) to work on /home/airflow/.local/lib/python3.12/site-packages/airflow/example_dags/example_branch_operator.py
[2024-04-21T15:04:01.468+0000] {processor.py:830} INFO - Processing file /home/airflow/.local/lib/python3.12/site-packages/airflow/example_dags/example_branch_operator.py for tasks to queue
[2024-04-21T15:04:01.469+0000] {logging_mixin.py:188} INFO - [2024-04-21T15:04:01.469+0000] {dagbag.py:540} INFO - Filling up the DagBag from /home/airflow/.local/lib/python3.12/site-packages/airflow/example_dags/example_branch_operator.py
[2024-04-21T15:04:01.477+0000] {processor.py:840} INFO - DAG(s) 'example_branch_operator' retrieved from /home/airflow/.local/lib/python3.12/site-packages/airflow/example_dags/example_branch_operator.py
[2024-04-21T15:04:01.491+0000] {logging_mixin.py:188} INFO - [2024-04-21T15:04:01.491+0000] {dag.py:3096} INFO - Sync 1 DAGs
[2024-04-21T15:04:01.500+0000] {logging_mixin.py:188} INFO - [2024-04-21T15:04:01.500+0000] {dag.py:3954} INFO - Setting next_dagrun for example_branch_operator to 2024-04-20 00:00:00+00:00, run_after=2024-04-21 00:00:00+00:00
[2024-04-21T15:04:01.507+0000] {processor.py:183} INFO - Processing /home/airflow/.local/lib/python3.12/site-packages/airflow/example_dags/example_branch_operator.py took 0.043 seconds
[2024-04-21T15:04:32.298+0000] {processor.py:161} INFO - Started process (PID=9664) to work on /home/airflow/.local/lib/python3.12/site-packages/airflow/example_dags/example_branch_operator.py
[2024-04-21T15:04:32.299+0000] {processor.py:830} INFO - Processing file /home/airflow/.local/lib/python3.12/site-packages/airflow/example_dags/example_branch_operator.py for tasks to queue
[2024-04-21T15:04:32.300+0000] {logging_mixin.py:188} INFO - [2024-04-21T15:04:32.299+0000] {dagbag.py:540} INFO - Filling up the DagBag from /home/airflow/.local/lib/python3.12/site-packages/airflow/example_dags/example_branch_operator.py
[2024-04-21T15:04:32.307+0000] {processor.py:840} INFO - DAG(s) 'example_branch_operator' retrieved from /home/airflow/.local/lib/python3.12/site-packages/airflow/example_dags/example_branch_operator.py
[2024-04-21T15:04:32.321+0000] {logging_mixin.py:188} INFO - [2024-04-21T15:04:32.321+0000] {dag.py:3096} INFO - Sync 1 DAGs
[2024-04-21T15:04:32.330+0000] {logging_mixin.py:188} INFO - [2024-04-21T15:04:32.330+0000] {dag.py:3954} INFO - Setting next_dagrun for example_branch_operator to 2024-04-20 00:00:00+00:00, run_after=2024-04-21 00:00:00+00:00
[2024-04-21T15:04:32.337+0000] {processor.py:183} INFO - Processing /home/airflow/.local/lib/python3.12/site-packages/airflow/example_dags/example_branch_operator.py took 0.042 seconds
[2024-04-21T15:05:03.148+0000] {processor.py:161} INFO - Started process (PID=9930) to work on /home/airflow/.local/lib/python3.12/site-packages/airflow/example_dags/example_branch_operator.py
[2024-04-21T15:05:03.149+0000] {processor.py:830} INFO - Processing file /home/airflow/.local/lib/python3.12/site-packages/airflow/example_dags/example_branch_operator.py for tasks to queue
[2024-04-21T15:05:03.150+0000] {logging_mixin.py:188} INFO - [2024-04-21T15:05:03.150+0000] {dagbag.py:540} INFO - Filling up the DagBag from /home/airflow/.local/lib/python3.12/site-packages/airflow/example_dags/example_branch_operator.py
[2024-04-21T15:05:03.158+0000] {processor.py:840} INFO - DAG(s) 'example_branch_operator' retrieved from /home/airflow/.local/lib/python3.12/site-packages/airflow/example_dags/example_branch_operator.py
[2024-04-21T15:05:03.174+0000] {logging_mixin.py:188} INFO - [2024-04-21T15:05:03.173+0000] {dag.py:3096} INFO - Sync 1 DAGs
[2024-04-21T15:05:03.183+0000] {logging_mixin.py:188} INFO - [2024-04-21T15:05:03.183+0000] {dag.py:3954} INFO - Setting next_dagrun for example_branch_operator to 2024-04-20 00:00:00+00:00, run_after=2024-04-21 00:00:00+00:00
[2024-04-21T15:05:03.191+0000] {processor.py:183} INFO - Processing /home/airflow/.local/lib/python3.12/site-packages/airflow/example_dags/example_branch_operator.py took 0.046 seconds
[2024-04-21T15:05:34.028+0000] {processor.py:161} INFO - Started process (PID=10197) to work on /home/airflow/.local/lib/python3.12/site-packages/airflow/example_dags/example_branch_operator.py
[2024-04-21T15:05:34.029+0000] {processor.py:830} INFO - Processing file /home/airflow/.local/lib/python3.12/site-packages/airflow/example_dags/example_branch_operator.py for tasks to queue
[2024-04-21T15:05:34.030+0000] {logging_mixin.py:188} INFO - [2024-04-21T15:05:34.029+0000] {dagbag.py:540} INFO - Filling up the DagBag from /home/airflow/.local/lib/python3.12/site-packages/airflow/example_dags/example_branch_operator.py
[2024-04-21T15:05:34.037+0000] {processor.py:840} INFO - DAG(s) 'example_branch_operator' retrieved from /home/airflow/.local/lib/python3.12/site-packages/airflow/example_dags/example_branch_operator.py
[2024-04-21T15:05:34.051+0000] {logging_mixin.py:188} INFO - [2024-04-21T15:05:34.051+0000] {dag.py:3096} INFO - Sync 1 DAGs
[2024-04-21T15:05:34.061+0000] {logging_mixin.py:188} INFO - [2024-04-21T15:05:34.061+0000] {dag.py:3954} INFO - Setting next_dagrun for example_branch_operator to 2024-04-20 00:00:00+00:00, run_after=2024-04-21 00:00:00+00:00
[2024-04-21T15:05:34.068+0000] {processor.py:183} INFO - Processing /home/airflow/.local/lib/python3.12/site-packages/airflow/example_dags/example_branch_operator.py took 0.043 seconds
[2024-04-21T15:06:04.903+0000] {processor.py:161} INFO - Started process (PID=10466) to work on /home/airflow/.local/lib/python3.12/site-packages/airflow/example_dags/example_branch_operator.py
[2024-04-21T15:06:04.903+0000] {processor.py:830} INFO - Processing file /home/airflow/.local/lib/python3.12/site-packages/airflow/example_dags/example_branch_operator.py for tasks to queue
[2024-04-21T15:06:04.904+0000] {logging_mixin.py:188} INFO - [2024-04-21T15:06:04.904+0000] {dagbag.py:540} INFO - Filling up the DagBag from /home/airflow/.local/lib/python3.12/site-packages/airflow/example_dags/example_branch_operator.py
[2024-04-21T15:06:04.912+0000] {processor.py:840} INFO - DAG(s) 'example_branch_operator' retrieved from /home/airflow/.local/lib/python3.12/site-packages/airflow/example_dags/example_branch_operator.py
[2024-04-21T15:06:04.926+0000] {logging_mixin.py:188} INFO - [2024-04-21T15:06:04.926+0000] {dag.py:3096} INFO - Sync 1 DAGs
[2024-04-21T15:06:04.935+0000] {logging_mixin.py:188} INFO - [2024-04-21T15:06:04.935+0000] {dag.py:3954} INFO - Setting next_dagrun for example_branch_operator to 2024-04-20 00:00:00+00:00, run_after=2024-04-21 00:00:00+00:00
[2024-04-21T15:06:04.942+0000] {processor.py:183} INFO - Processing /home/airflow/.local/lib/python3.12/site-packages/airflow/example_dags/example_branch_operator.py took 0.042 seconds
[2024-04-21T15:06:35.754+0000] {processor.py:161} INFO - Started process (PID=10733) to work on /home/airflow/.local/lib/python3.12/site-packages/airflow/example_dags/example_branch_operator.py
[2024-04-21T15:06:35.754+0000] {processor.py:830} INFO - Processing file /home/airflow/.local/lib/python3.12/site-packages/airflow/example_dags/example_branch_operator.py for tasks to queue
[2024-04-21T15:06:35.755+0000] {logging_mixin.py:188} INFO - [2024-04-21T15:06:35.755+0000] {dagbag.py:540} INFO - Filling up the DagBag from /home/airflow/.local/lib/python3.12/site-packages/airflow/example_dags/example_branch_operator.py
[2024-04-21T15:06:35.763+0000] {processor.py:840} INFO - DAG(s) 'example_branch_operator' retrieved from /home/airflow/.local/lib/python3.12/site-packages/airflow/example_dags/example_branch_operator.py
[2024-04-21T15:06:35.777+0000] {logging_mixin.py:188} INFO - [2024-04-21T15:06:35.777+0000] {dag.py:3096} INFO - Sync 1 DAGs
[2024-04-21T15:06:35.786+0000] {logging_mixin.py:188} INFO - [2024-04-21T15:06:35.786+0000] {dag.py:3954} INFO - Setting next_dagrun for example_branch_operator to 2024-04-20 00:00:00+00:00, run_after=2024-04-21 00:00:00+00:00
[2024-04-21T15:06:35.793+0000] {processor.py:183} INFO - Processing /home/airflow/.local/lib/python3.12/site-packages/airflow/example_dags/example_branch_operator.py took 0.042 seconds
[2024-04-21T15:07:05.923+0000] {processor.py:161} INFO - Started process (PID=11000) to work on /home/airflow/.local/lib/python3.12/site-packages/airflow/example_dags/example_branch_operator.py
[2024-04-21T15:07:05.924+0000] {processor.py:830} INFO - Processing file /home/airflow/.local/lib/python3.12/site-packages/airflow/example_dags/example_branch_operator.py for tasks to queue
[2024-04-21T15:07:05.925+0000] {logging_mixin.py:188} INFO - [2024-04-21T15:07:05.925+0000] {dagbag.py:540} INFO - Filling up the DagBag from /home/airflow/.local/lib/python3.12/site-packages/airflow/example_dags/example_branch_operator.py
[2024-04-21T15:07:05.933+0000] {processor.py:840} INFO - DAG(s) 'example_branch_operator' retrieved from /home/airflow/.local/lib/python3.12/site-packages/airflow/example_dags/example_branch_operator.py
[2024-04-21T15:07:05.949+0000] {logging_mixin.py:188} INFO - [2024-04-21T15:07:05.949+0000] {dag.py:3096} INFO - Sync 1 DAGs
[2024-04-21T15:07:05.959+0000] {logging_mixin.py:188} INFO - [2024-04-21T15:07:05.959+0000] {dag.py:3954} INFO - Setting next_dagrun for example_branch_operator to 2024-04-20 00:00:00+00:00, run_after=2024-04-21 00:00:00+00:00
[2024-04-21T15:07:05.966+0000] {processor.py:183} INFO - Processing /home/airflow/.local/lib/python3.12/site-packages/airflow/example_dags/example_branch_operator.py took 0.046 seconds
[2024-04-21T15:07:36.191+0000] {processor.py:161} INFO - Started process (PID=11288) to work on /home/airflow/.local/lib/python3.12/site-packages/airflow/example_dags/example_branch_operator.py
[2024-04-21T15:07:36.191+0000] {processor.py:830} INFO - Processing file /home/airflow/.local/lib/python3.12/site-packages/airflow/example_dags/example_branch_operator.py for tasks to queue
[2024-04-21T15:07:36.192+0000] {logging_mixin.py:188} INFO - [2024-04-21T15:07:36.192+0000] {dagbag.py:540} INFO - Filling up the DagBag from /home/airflow/.local/lib/python3.12/site-packages/airflow/example_dags/example_branch_operator.py
[2024-04-21T15:07:36.200+0000] {processor.py:840} INFO - DAG(s) 'example_branch_operator' retrieved from /home/airflow/.local/lib/python3.12/site-packages/airflow/example_dags/example_branch_operator.py
[2024-04-21T15:07:36.216+0000] {logging_mixin.py:188} INFO - [2024-04-21T15:07:36.216+0000] {dag.py:3096} INFO - Sync 1 DAGs
[2024-04-21T15:07:36.226+0000] {logging_mixin.py:188} INFO - [2024-04-21T15:07:36.226+0000] {dag.py:3954} INFO - Setting next_dagrun for example_branch_operator to 2024-04-20 00:00:00+00:00, run_after=2024-04-21 00:00:00+00:00
[2024-04-21T15:07:36.234+0000] {processor.py:183} INFO - Processing /home/airflow/.local/lib/python3.12/site-packages/airflow/example_dags/example_branch_operator.py took 0.046 seconds
[2024-04-21T15:08:06.252+0000] {processor.py:161} INFO - Started process (PID=11565) to work on /home/airflow/.local/lib/python3.12/site-packages/airflow/example_dags/example_branch_operator.py
[2024-04-21T15:08:06.253+0000] {processor.py:830} INFO - Processing file /home/airflow/.local/lib/python3.12/site-packages/airflow/example_dags/example_branch_operator.py for tasks to queue
[2024-04-21T15:08:06.254+0000] {logging_mixin.py:188} INFO - [2024-04-21T15:08:06.254+0000] {dagbag.py:540} INFO - Filling up the DagBag from /home/airflow/.local/lib/python3.12/site-packages/airflow/example_dags/example_branch_operator.py
[2024-04-21T15:08:06.261+0000] {processor.py:840} INFO - DAG(s) 'example_branch_operator' retrieved from /home/airflow/.local/lib/python3.12/site-packages/airflow/example_dags/example_branch_operator.py
[2024-04-21T15:08:06.276+0000] {logging_mixin.py:188} INFO - [2024-04-21T15:08:06.276+0000] {dag.py:3096} INFO - Sync 1 DAGs
[2024-04-21T15:08:06.286+0000] {logging_mixin.py:188} INFO - [2024-04-21T15:08:06.286+0000] {dag.py:3954} INFO - Setting next_dagrun for example_branch_operator to 2024-04-20 00:00:00+00:00, run_after=2024-04-21 00:00:00+00:00
[2024-04-21T15:08:06.292+0000] {processor.py:183} INFO - Processing /home/airflow/.local/lib/python3.12/site-packages/airflow/example_dags/example_branch_operator.py took 0.043 seconds
[2024-04-21T15:08:37.308+0000] {processor.py:161} INFO - Started process (PID=11846) to work on /home/airflow/.local/lib/python3.12/site-packages/airflow/example_dags/example_branch_operator.py
[2024-04-21T15:08:37.308+0000] {processor.py:830} INFO - Processing file /home/airflow/.local/lib/python3.12/site-packages/airflow/example_dags/example_branch_operator.py for tasks to queue
[2024-04-21T15:08:37.309+0000] {logging_mixin.py:188} INFO - [2024-04-21T15:08:37.309+0000] {dagbag.py:540} INFO - Filling up the DagBag from /home/airflow/.local/lib/python3.12/site-packages/airflow/example_dags/example_branch_operator.py
[2024-04-21T15:08:37.317+0000] {processor.py:840} INFO - DAG(s) 'example_branch_operator' retrieved from /home/airflow/.local/lib/python3.12/site-packages/airflow/example_dags/example_branch_operator.py
[2024-04-21T15:08:37.331+0000] {logging_mixin.py:188} INFO - [2024-04-21T15:08:37.331+0000] {dag.py:3096} INFO - Sync 1 DAGs
[2024-04-21T15:08:37.341+0000] {logging_mixin.py:188} INFO - [2024-04-21T15:08:37.341+0000] {dag.py:3954} INFO - Setting next_dagrun for example_branch_operator to 2024-04-20 00:00:00+00:00, run_after=2024-04-21 00:00:00+00:00
[2024-04-21T15:08:37.348+0000] {processor.py:183} INFO - Processing /home/airflow/.local/lib/python3.12/site-packages/airflow/example_dags/example_branch_operator.py took 0.044 seconds
[2024-04-21T15:09:08.250+0000] {processor.py:161} INFO - Started process (PID=12114) to work on /home/airflow/.local/lib/python3.12/site-packages/airflow/example_dags/example_branch_operator.py
[2024-04-21T15:09:08.251+0000] {processor.py:830} INFO - Processing file /home/airflow/.local/lib/python3.12/site-packages/airflow/example_dags/example_branch_operator.py for tasks to queue
[2024-04-21T15:09:08.252+0000] {logging_mixin.py:188} INFO - [2024-04-21T15:09:08.252+0000] {dagbag.py:540} INFO - Filling up the DagBag from /home/airflow/.local/lib/python3.12/site-packages/airflow/example_dags/example_branch_operator.py
[2024-04-21T15:09:08.260+0000] {processor.py:840} INFO - DAG(s) 'example_branch_operator' retrieved from /home/airflow/.local/lib/python3.12/site-packages/airflow/example_dags/example_branch_operator.py
[2024-04-21T15:09:08.276+0000] {logging_mixin.py:188} INFO - [2024-04-21T15:09:08.276+0000] {dag.py:3096} INFO - Sync 1 DAGs
[2024-04-21T15:09:08.286+0000] {logging_mixin.py:188} INFO - [2024-04-21T15:09:08.286+0000] {dag.py:3954} INFO - Setting next_dagrun for example_branch_operator to 2024-04-20 00:00:00+00:00, run_after=2024-04-21 00:00:00+00:00
[2024-04-21T15:09:08.294+0000] {processor.py:183} INFO - Processing /home/airflow/.local/lib/python3.12/site-packages/airflow/example_dags/example_branch_operator.py took 0.047 seconds
[2024-04-21T15:09:39.006+0000] {processor.py:161} INFO - Started process (PID=12381) to work on /home/airflow/.local/lib/python3.12/site-packages/airflow/example_dags/example_branch_operator.py
[2024-04-21T15:09:39.007+0000] {processor.py:830} INFO - Processing file /home/airflow/.local/lib/python3.12/site-packages/airflow/example_dags/example_branch_operator.py for tasks to queue
[2024-04-21T15:09:39.008+0000] {logging_mixin.py:188} INFO - [2024-04-21T15:09:39.008+0000] {dagbag.py:540} INFO - Filling up the DagBag from /home/airflow/.local/lib/python3.12/site-packages/airflow/example_dags/example_branch_operator.py
[2024-04-21T15:09:39.016+0000] {processor.py:840} INFO - DAG(s) 'example_branch_operator' retrieved from /home/airflow/.local/lib/python3.12/site-packages/airflow/example_dags/example_branch_operator.py
[2024-04-21T15:09:39.033+0000] {logging_mixin.py:188} INFO - [2024-04-21T15:09:39.033+0000] {dag.py:3096} INFO - Sync 1 DAGs
[2024-04-21T15:09:39.044+0000] {logging_mixin.py:188} INFO - [2024-04-21T15:09:39.044+0000] {dag.py:3954} INFO - Setting next_dagrun for example_branch_operator to 2024-04-20 00:00:00+00:00, run_after=2024-04-21 00:00:00+00:00
[2024-04-21T15:09:39.052+0000] {processor.py:183} INFO - Processing /home/airflow/.local/lib/python3.12/site-packages/airflow/example_dags/example_branch_operator.py took 0.049 seconds
[2024-04-21T15:10:10.027+0000] {processor.py:161} INFO - Started process (PID=12650) to work on /home/airflow/.local/lib/python3.12/site-packages/airflow/example_dags/example_branch_operator.py
[2024-04-21T15:10:10.027+0000] {processor.py:830} INFO - Processing file /home/airflow/.local/lib/python3.12/site-packages/airflow/example_dags/example_branch_operator.py for tasks to queue
[2024-04-21T15:10:10.028+0000] {logging_mixin.py:188} INFO - [2024-04-21T15:10:10.028+0000] {dagbag.py:540} INFO - Filling up the DagBag from /home/airflow/.local/lib/python3.12/site-packages/airflow/example_dags/example_branch_operator.py
[2024-04-21T15:10:10.036+0000] {processor.py:840} INFO - DAG(s) 'example_branch_operator' retrieved from /home/airflow/.local/lib/python3.12/site-packages/airflow/example_dags/example_branch_operator.py
[2024-04-21T15:10:10.051+0000] {logging_mixin.py:188} INFO - [2024-04-21T15:10:10.051+0000] {dag.py:3096} INFO - Sync 1 DAGs
[2024-04-21T15:10:10.060+0000] {logging_mixin.py:188} INFO - [2024-04-21T15:10:10.060+0000] {dag.py:3954} INFO - Setting next_dagrun for example_branch_operator to 2024-04-20 00:00:00+00:00, run_after=2024-04-21 00:00:00+00:00
[2024-04-21T15:10:10.067+0000] {processor.py:183} INFO - Processing /home/airflow/.local/lib/python3.12/site-packages/airflow/example_dags/example_branch_operator.py took 0.043 seconds
[2024-04-21T15:10:40.333+0000] {processor.py:161} INFO - Started process (PID=12922) to work on /home/airflow/.local/lib/python3.12/site-packages/airflow/example_dags/example_branch_operator.py
[2024-04-21T15:10:40.333+0000] {processor.py:830} INFO - Processing file /home/airflow/.local/lib/python3.12/site-packages/airflow/example_dags/example_branch_operator.py for tasks to queue
[2024-04-21T15:10:40.334+0000] {logging_mixin.py:188} INFO - [2024-04-21T15:10:40.334+0000] {dagbag.py:540} INFO - Filling up the DagBag from /home/airflow/.local/lib/python3.12/site-packages/airflow/example_dags/example_branch_operator.py
[2024-04-21T15:10:40.343+0000] {processor.py:840} INFO - DAG(s) 'example_branch_operator' retrieved from /home/airflow/.local/lib/python3.12/site-packages/airflow/example_dags/example_branch_operator.py
[2024-04-21T15:10:40.360+0000] {logging_mixin.py:188} INFO - [2024-04-21T15:10:40.360+0000] {dag.py:3096} INFO - Sync 1 DAGs
[2024-04-21T15:10:40.372+0000] {logging_mixin.py:188} INFO - [2024-04-21T15:10:40.372+0000] {dag.py:3954} INFO - Setting next_dagrun for example_branch_operator to 2024-04-20 00:00:00+00:00, run_after=2024-04-21 00:00:00+00:00
[2024-04-21T15:10:40.380+0000] {processor.py:183} INFO - Processing /home/airflow/.local/lib/python3.12/site-packages/airflow/example_dags/example_branch_operator.py took 0.051 seconds
[2024-04-21T15:11:11.367+0000] {processor.py:161} INFO - Started process (PID=13199) to work on /home/airflow/.local/lib/python3.12/site-packages/airflow/example_dags/example_branch_operator.py
[2024-04-21T15:11:11.367+0000] {processor.py:830} INFO - Processing file /home/airflow/.local/lib/python3.12/site-packages/airflow/example_dags/example_branch_operator.py for tasks to queue
[2024-04-21T15:11:11.369+0000] {logging_mixin.py:188} INFO - [2024-04-21T15:11:11.368+0000] {dagbag.py:540} INFO - Filling up the DagBag from /home/airflow/.local/lib/python3.12/site-packages/airflow/example_dags/example_branch_operator.py
[2024-04-21T15:11:11.376+0000] {processor.py:840} INFO - DAG(s) 'example_branch_operator' retrieved from /home/airflow/.local/lib/python3.12/site-packages/airflow/example_dags/example_branch_operator.py
[2024-04-21T15:11:11.390+0000] {logging_mixin.py:188} INFO - [2024-04-21T15:11:11.390+0000] {dag.py:3096} INFO - Sync 1 DAGs
[2024-04-21T15:11:11.400+0000] {logging_mixin.py:188} INFO - [2024-04-21T15:11:11.400+0000] {dag.py:3954} INFO - Setting next_dagrun for example_branch_operator to 2024-04-20 00:00:00+00:00, run_after=2024-04-21 00:00:00+00:00
[2024-04-21T15:11:11.407+0000] {processor.py:183} INFO - Processing /home/airflow/.local/lib/python3.12/site-packages/airflow/example_dags/example_branch_operator.py took 0.044 seconds
[2024-04-21T15:11:42.383+0000] {processor.py:161} INFO - Started process (PID=13473) to work on /home/airflow/.local/lib/python3.12/site-packages/airflow/example_dags/example_branch_operator.py
[2024-04-21T15:11:42.383+0000] {processor.py:830} INFO - Processing file /home/airflow/.local/lib/python3.12/site-packages/airflow/example_dags/example_branch_operator.py for tasks to queue
[2024-04-21T15:11:42.384+0000] {logging_mixin.py:188} INFO - [2024-04-21T15:11:42.384+0000] {dagbag.py:540} INFO - Filling up the DagBag from /home/airflow/.local/lib/python3.12/site-packages/airflow/example_dags/example_branch_operator.py
[2024-04-21T15:11:42.392+0000] {processor.py:840} INFO - DAG(s) 'example_branch_operator' retrieved from /home/airflow/.local/lib/python3.12/site-packages/airflow/example_dags/example_branch_operator.py
[2024-04-21T15:11:42.406+0000] {logging_mixin.py:188} INFO - [2024-04-21T15:11:42.406+0000] {dag.py:3096} INFO - Sync 1 DAGs
[2024-04-21T15:11:42.416+0000] {logging_mixin.py:188} INFO - [2024-04-21T15:11:42.415+0000] {dag.py:3954} INFO - Setting next_dagrun for example_branch_operator to 2024-04-20 00:00:00+00:00, run_after=2024-04-21 00:00:00+00:00
[2024-04-21T15:11:42.423+0000] {processor.py:183} INFO - Processing /home/airflow/.local/lib/python3.12/site-packages/airflow/example_dags/example_branch_operator.py took 0.043 seconds
[2024-04-21T15:12:13.457+0000] {processor.py:161} INFO - Started process (PID=13755) to work on /home/airflow/.local/lib/python3.12/site-packages/airflow/example_dags/example_branch_operator.py
[2024-04-21T15:12:13.458+0000] {processor.py:830} INFO - Processing file /home/airflow/.local/lib/python3.12/site-packages/airflow/example_dags/example_branch_operator.py for tasks to queue
[2024-04-21T15:12:13.459+0000] {logging_mixin.py:188} INFO - [2024-04-21T15:12:13.458+0000] {dagbag.py:540} INFO - Filling up the DagBag from /home/airflow/.local/lib/python3.12/site-packages/airflow/example_dags/example_branch_operator.py
[2024-04-21T15:12:13.466+0000] {processor.py:840} INFO - DAG(s) 'example_branch_operator' retrieved from /home/airflow/.local/lib/python3.12/site-packages/airflow/example_dags/example_branch_operator.py
[2024-04-21T15:12:13.480+0000] {logging_mixin.py:188} INFO - [2024-04-21T15:12:13.480+0000] {dag.py:3096} INFO - Sync 1 DAGs
[2024-04-21T15:12:13.490+0000] {logging_mixin.py:188} INFO - [2024-04-21T15:12:13.490+0000] {dag.py:3954} INFO - Setting next_dagrun for example_branch_operator to 2024-04-20 00:00:00+00:00, run_after=2024-04-21 00:00:00+00:00
[2024-04-21T15:12:13.497+0000] {processor.py:183} INFO - Processing /home/airflow/.local/lib/python3.12/site-packages/airflow/example_dags/example_branch_operator.py took 0.043 seconds
[2024-04-21T15:12:44.182+0000] {processor.py:161} INFO - Started process (PID=14031) to work on /home/airflow/.local/lib/python3.12/site-packages/airflow/example_dags/example_branch_operator.py
[2024-04-21T15:12:44.183+0000] {processor.py:830} INFO - Processing file /home/airflow/.local/lib/python3.12/site-packages/airflow/example_dags/example_branch_operator.py for tasks to queue
[2024-04-21T15:12:44.184+0000] {logging_mixin.py:188} INFO - [2024-04-21T15:12:44.183+0000] {dagbag.py:540} INFO - Filling up the DagBag from /home/airflow/.local/lib/python3.12/site-packages/airflow/example_dags/example_branch_operator.py
[2024-04-21T15:12:44.191+0000] {processor.py:840} INFO - DAG(s) 'example_branch_operator' retrieved from /home/airflow/.local/lib/python3.12/site-packages/airflow/example_dags/example_branch_operator.py
[2024-04-21T15:12:44.206+0000] {logging_mixin.py:188} INFO - [2024-04-21T15:12:44.205+0000] {dag.py:3096} INFO - Sync 1 DAGs
[2024-04-21T15:12:44.215+0000] {logging_mixin.py:188} INFO - [2024-04-21T15:12:44.215+0000] {dag.py:3954} INFO - Setting next_dagrun for example_branch_operator to 2024-04-20 00:00:00+00:00, run_after=2024-04-21 00:00:00+00:00
[2024-04-21T15:12:44.222+0000] {processor.py:183} INFO - Processing /home/airflow/.local/lib/python3.12/site-packages/airflow/example_dags/example_branch_operator.py took 0.043 seconds
[2024-04-21T15:13:15.224+0000] {processor.py:161} INFO - Started process (PID=14317) to work on /home/airflow/.local/lib/python3.12/site-packages/airflow/example_dags/example_branch_operator.py
[2024-04-21T15:13:15.224+0000] {processor.py:830} INFO - Processing file /home/airflow/.local/lib/python3.12/site-packages/airflow/example_dags/example_branch_operator.py for tasks to queue
[2024-04-21T15:13:15.225+0000] {logging_mixin.py:188} INFO - [2024-04-21T15:13:15.225+0000] {dagbag.py:540} INFO - Filling up the DagBag from /home/airflow/.local/lib/python3.12/site-packages/airflow/example_dags/example_branch_operator.py
[2024-04-21T15:13:15.232+0000] {processor.py:840} INFO - DAG(s) 'example_branch_operator' retrieved from /home/airflow/.local/lib/python3.12/site-packages/airflow/example_dags/example_branch_operator.py
[2024-04-21T15:13:15.247+0000] {logging_mixin.py:188} INFO - [2024-04-21T15:13:15.247+0000] {dag.py:3096} INFO - Sync 1 DAGs
[2024-04-21T15:13:15.256+0000] {logging_mixin.py:188} INFO - [2024-04-21T15:13:15.256+0000] {dag.py:3954} INFO - Setting next_dagrun for example_branch_operator to 2024-04-20 00:00:00+00:00, run_after=2024-04-21 00:00:00+00:00
[2024-04-21T15:13:15.263+0000] {processor.py:183} INFO - Processing /home/airflow/.local/lib/python3.12/site-packages/airflow/example_dags/example_branch_operator.py took 0.042 seconds
[2024-04-21T15:13:46.194+0000] {processor.py:161} INFO - Started process (PID=14585) to work on /home/airflow/.local/lib/python3.12/site-packages/airflow/example_dags/example_branch_operator.py
[2024-04-21T15:13:46.195+0000] {processor.py:830} INFO - Processing file /home/airflow/.local/lib/python3.12/site-packages/airflow/example_dags/example_branch_operator.py for tasks to queue
[2024-04-21T15:13:46.196+0000] {logging_mixin.py:188} INFO - [2024-04-21T15:13:46.196+0000] {dagbag.py:540} INFO - Filling up the DagBag from /home/airflow/.local/lib/python3.12/site-packages/airflow/example_dags/example_branch_operator.py
[2024-04-21T15:13:46.204+0000] {processor.py:840} INFO - DAG(s) 'example_branch_operator' retrieved from /home/airflow/.local/lib/python3.12/site-packages/airflow/example_dags/example_branch_operator.py
[2024-04-21T15:13:46.220+0000] {logging_mixin.py:188} INFO - [2024-04-21T15:13:46.220+0000] {dag.py:3096} INFO - Sync 1 DAGs
[2024-04-21T15:13:46.231+0000] {logging_mixin.py:188} INFO - [2024-04-21T15:13:46.231+0000] {dag.py:3954} INFO - Setting next_dagrun for example_branch_operator to 2024-04-20 00:00:00+00:00, run_after=2024-04-21 00:00:00+00:00
[2024-04-21T15:13:46.240+0000] {processor.py:183} INFO - Processing /home/airflow/.local/lib/python3.12/site-packages/airflow/example_dags/example_branch_operator.py took 0.049 seconds
[2024-04-21T15:14:16.316+0000] {processor.py:161} INFO - Started process (PID=14852) to work on /home/airflow/.local/lib/python3.12/site-packages/airflow/example_dags/example_branch_operator.py
[2024-04-21T15:14:16.317+0000] {processor.py:830} INFO - Processing file /home/airflow/.local/lib/python3.12/site-packages/airflow/example_dags/example_branch_operator.py for tasks to queue
[2024-04-21T15:14:16.318+0000] {logging_mixin.py:188} INFO - [2024-04-21T15:14:16.318+0000] {dagbag.py:540} INFO - Filling up the DagBag from /home/airflow/.local/lib/python3.12/site-packages/airflow/example_dags/example_branch_operator.py
[2024-04-21T15:14:16.326+0000] {processor.py:840} INFO - DAG(s) 'example_branch_operator' retrieved from /home/airflow/.local/lib/python3.12/site-packages/airflow/example_dags/example_branch_operator.py
[2024-04-21T15:14:16.339+0000] {logging_mixin.py:188} INFO - [2024-04-21T15:14:16.339+0000] {dag.py:3096} INFO - Sync 1 DAGs
[2024-04-21T15:14:16.349+0000] {logging_mixin.py:188} INFO - [2024-04-21T15:14:16.349+0000] {dag.py:3954} INFO - Setting next_dagrun for example_branch_operator to 2024-04-20 00:00:00+00:00, run_after=2024-04-21 00:00:00+00:00
[2024-04-21T15:14:16.356+0000] {processor.py:183} INFO - Processing /home/airflow/.local/lib/python3.12/site-packages/airflow/example_dags/example_branch_operator.py took 0.043 seconds
[2024-04-21T15:14:46.462+0000] {processor.py:161} INFO - Started process (PID=15116) to work on /home/airflow/.local/lib/python3.12/site-packages/airflow/example_dags/example_branch_operator.py
[2024-04-21T15:14:46.463+0000] {processor.py:830} INFO - Processing file /home/airflow/.local/lib/python3.12/site-packages/airflow/example_dags/example_branch_operator.py for tasks to queue
[2024-04-21T15:14:46.464+0000] {logging_mixin.py:188} INFO - [2024-04-21T15:14:46.463+0000] {dagbag.py:540} INFO - Filling up the DagBag from /home/airflow/.local/lib/python3.12/site-packages/airflow/example_dags/example_branch_operator.py
[2024-04-21T15:14:46.471+0000] {processor.py:840} INFO - DAG(s) 'example_branch_operator' retrieved from /home/airflow/.local/lib/python3.12/site-packages/airflow/example_dags/example_branch_operator.py
[2024-04-21T15:14:46.485+0000] {logging_mixin.py:188} INFO - [2024-04-21T15:14:46.485+0000] {dag.py:3096} INFO - Sync 1 DAGs
[2024-04-21T15:14:46.495+0000] {logging_mixin.py:188} INFO - [2024-04-21T15:14:46.495+0000] {dag.py:3954} INFO - Setting next_dagrun for example_branch_operator to 2024-04-20 00:00:00+00:00, run_after=2024-04-21 00:00:00+00:00
[2024-04-21T15:14:46.503+0000] {processor.py:183} INFO - Processing /home/airflow/.local/lib/python3.12/site-packages/airflow/example_dags/example_branch_operator.py took 0.044 seconds
[2024-04-21T15:15:16.580+0000] {processor.py:161} INFO - Started process (PID=15385) to work on /home/airflow/.local/lib/python3.12/site-packages/airflow/example_dags/example_branch_operator.py
[2024-04-21T15:15:16.580+0000] {processor.py:830} INFO - Processing file /home/airflow/.local/lib/python3.12/site-packages/airflow/example_dags/example_branch_operator.py for tasks to queue
[2024-04-21T15:15:16.582+0000] {logging_mixin.py:188} INFO - [2024-04-21T15:15:16.581+0000] {dagbag.py:540} INFO - Filling up the DagBag from /home/airflow/.local/lib/python3.12/site-packages/airflow/example_dags/example_branch_operator.py
[2024-04-21T15:15:16.589+0000] {processor.py:840} INFO - DAG(s) 'example_branch_operator' retrieved from /home/airflow/.local/lib/python3.12/site-packages/airflow/example_dags/example_branch_operator.py
[2024-04-21T15:15:16.604+0000] {logging_mixin.py:188} INFO - [2024-04-21T15:15:16.604+0000] {dag.py:3096} INFO - Sync 1 DAGs
[2024-04-21T15:15:16.613+0000] {logging_mixin.py:188} INFO - [2024-04-21T15:15:16.613+0000] {dag.py:3954} INFO - Setting next_dagrun for example_branch_operator to 2024-04-20 00:00:00+00:00, run_after=2024-04-21 00:00:00+00:00
[2024-04-21T15:15:16.621+0000] {processor.py:183} INFO - Processing /home/airflow/.local/lib/python3.12/site-packages/airflow/example_dags/example_branch_operator.py took 0.044 seconds
[2024-04-21T15:15:46.770+0000] {processor.py:161} INFO - Started process (PID=15650) to work on /home/airflow/.local/lib/python3.12/site-packages/airflow/example_dags/example_branch_operator.py
[2024-04-21T15:15:46.770+0000] {processor.py:830} INFO - Processing file /home/airflow/.local/lib/python3.12/site-packages/airflow/example_dags/example_branch_operator.py for tasks to queue
[2024-04-21T15:15:46.771+0000] {logging_mixin.py:188} INFO - [2024-04-21T15:15:46.771+0000] {dagbag.py:540} INFO - Filling up the DagBag from /home/airflow/.local/lib/python3.12/site-packages/airflow/example_dags/example_branch_operator.py
[2024-04-21T15:15:46.779+0000] {processor.py:840} INFO - DAG(s) 'example_branch_operator' retrieved from /home/airflow/.local/lib/python3.12/site-packages/airflow/example_dags/example_branch_operator.py
[2024-04-21T15:15:46.793+0000] {logging_mixin.py:188} INFO - [2024-04-21T15:15:46.793+0000] {dag.py:3096} INFO - Sync 1 DAGs
[2024-04-21T15:15:46.803+0000] {logging_mixin.py:188} INFO - [2024-04-21T15:15:46.803+0000] {dag.py:3954} INFO - Setting next_dagrun for example_branch_operator to 2024-04-20 00:00:00+00:00, run_after=2024-04-21 00:00:00+00:00
[2024-04-21T15:15:46.811+0000] {processor.py:183} INFO - Processing /home/airflow/.local/lib/python3.12/site-packages/airflow/example_dags/example_branch_operator.py took 0.044 seconds
[2024-04-21T15:16:17.020+0000] {processor.py:161} INFO - Started process (PID=15919) to work on /home/airflow/.local/lib/python3.12/site-packages/airflow/example_dags/example_branch_operator.py
[2024-04-21T15:16:17.021+0000] {processor.py:830} INFO - Processing file /home/airflow/.local/lib/python3.12/site-packages/airflow/example_dags/example_branch_operator.py for tasks to queue
[2024-04-21T15:16:17.022+0000] {logging_mixin.py:188} INFO - [2024-04-21T15:16:17.021+0000] {dagbag.py:540} INFO - Filling up the DagBag from /home/airflow/.local/lib/python3.12/site-packages/airflow/example_dags/example_branch_operator.py
[2024-04-21T15:16:17.030+0000] {processor.py:840} INFO - DAG(s) 'example_branch_operator' retrieved from /home/airflow/.local/lib/python3.12/site-packages/airflow/example_dags/example_branch_operator.py
[2024-04-21T15:16:17.046+0000] {logging_mixin.py:188} INFO - [2024-04-21T15:16:17.046+0000] {dag.py:3096} INFO - Sync 1 DAGs
[2024-04-21T15:16:17.056+0000] {logging_mixin.py:188} INFO - [2024-04-21T15:16:17.056+0000] {dag.py:3954} INFO - Setting next_dagrun for example_branch_operator to 2024-04-20 00:00:00+00:00, run_after=2024-04-21 00:00:00+00:00
[2024-04-21T15:16:17.064+0000] {processor.py:183} INFO - Processing /home/airflow/.local/lib/python3.12/site-packages/airflow/example_dags/example_branch_operator.py took 0.048 seconds
[2024-04-21T15:16:47.300+0000] {processor.py:161} INFO - Started process (PID=16185) to work on /home/airflow/.local/lib/python3.12/site-packages/airflow/example_dags/example_branch_operator.py
[2024-04-21T15:16:47.300+0000] {processor.py:830} INFO - Processing file /home/airflow/.local/lib/python3.12/site-packages/airflow/example_dags/example_branch_operator.py for tasks to queue
[2024-04-21T15:16:47.302+0000] {logging_mixin.py:188} INFO - [2024-04-21T15:16:47.301+0000] {dagbag.py:540} INFO - Filling up the DagBag from /home/airflow/.local/lib/python3.12/site-packages/airflow/example_dags/example_branch_operator.py
[2024-04-21T15:16:47.310+0000] {processor.py:840} INFO - DAG(s) 'example_branch_operator' retrieved from /home/airflow/.local/lib/python3.12/site-packages/airflow/example_dags/example_branch_operator.py
[2024-04-21T15:16:47.325+0000] {logging_mixin.py:188} INFO - [2024-04-21T15:16:47.325+0000] {dag.py:3096} INFO - Sync 1 DAGs
[2024-04-21T15:16:47.336+0000] {logging_mixin.py:188} INFO - [2024-04-21T15:16:47.335+0000] {dag.py:3954} INFO - Setting next_dagrun for example_branch_operator to 2024-04-20 00:00:00+00:00, run_after=2024-04-21 00:00:00+00:00
[2024-04-21T15:16:47.343+0000] {processor.py:183} INFO - Processing /home/airflow/.local/lib/python3.12/site-packages/airflow/example_dags/example_branch_operator.py took 0.047 seconds
[2024-04-21T15:17:17.380+0000] {processor.py:161} INFO - Started process (PID=16452) to work on /home/airflow/.local/lib/python3.12/site-packages/airflow/example_dags/example_branch_operator.py
[2024-04-21T15:17:17.381+0000] {processor.py:830} INFO - Processing file /home/airflow/.local/lib/python3.12/site-packages/airflow/example_dags/example_branch_operator.py for tasks to queue
[2024-04-21T15:17:17.382+0000] {logging_mixin.py:188} INFO - [2024-04-21T15:17:17.382+0000] {dagbag.py:540} INFO - Filling up the DagBag from /home/airflow/.local/lib/python3.12/site-packages/airflow/example_dags/example_branch_operator.py
[2024-04-21T15:17:17.390+0000] {processor.py:840} INFO - DAG(s) 'example_branch_operator' retrieved from /home/airflow/.local/lib/python3.12/site-packages/airflow/example_dags/example_branch_operator.py
[2024-04-21T15:17:17.405+0000] {logging_mixin.py:188} INFO - [2024-04-21T15:17:17.405+0000] {dag.py:3096} INFO - Sync 1 DAGs
[2024-04-21T15:17:17.415+0000] {logging_mixin.py:188} INFO - [2024-04-21T15:17:17.415+0000] {dag.py:3954} INFO - Setting next_dagrun for example_branch_operator to 2024-04-20 00:00:00+00:00, run_after=2024-04-21 00:00:00+00:00
[2024-04-21T15:17:17.423+0000] {processor.py:183} INFO - Processing /home/airflow/.local/lib/python3.12/site-packages/airflow/example_dags/example_branch_operator.py took 0.045 seconds
[2024-04-21T15:17:47.548+0000] {processor.py:161} INFO - Started process (PID=16719) to work on /home/airflow/.local/lib/python3.12/site-packages/airflow/example_dags/example_branch_operator.py
[2024-04-21T15:17:47.548+0000] {processor.py:830} INFO - Processing file /home/airflow/.local/lib/python3.12/site-packages/airflow/example_dags/example_branch_operator.py for tasks to queue
[2024-04-21T15:17:47.550+0000] {logging_mixin.py:188} INFO - [2024-04-21T15:17:47.549+0000] {dagbag.py:540} INFO - Filling up the DagBag from /home/airflow/.local/lib/python3.12/site-packages/airflow/example_dags/example_branch_operator.py
[2024-04-21T15:17:47.557+0000] {processor.py:840} INFO - DAG(s) 'example_branch_operator' retrieved from /home/airflow/.local/lib/python3.12/site-packages/airflow/example_dags/example_branch_operator.py
[2024-04-21T15:17:47.573+0000] {logging_mixin.py:188} INFO - [2024-04-21T15:17:47.572+0000] {dag.py:3096} INFO - Sync 1 DAGs
[2024-04-21T15:17:47.583+0000] {logging_mixin.py:188} INFO - [2024-04-21T15:17:47.583+0000] {dag.py:3954} INFO - Setting next_dagrun for example_branch_operator to 2024-04-20 00:00:00+00:00, run_after=2024-04-21 00:00:00+00:00
[2024-04-21T15:17:47.591+0000] {processor.py:183} INFO - Processing /home/airflow/.local/lib/python3.12/site-packages/airflow/example_dags/example_branch_operator.py took 0.047 seconds
[2024-04-21T15:18:17.711+0000] {processor.py:161} INFO - Started process (PID=16986) to work on /home/airflow/.local/lib/python3.12/site-packages/airflow/example_dags/example_branch_operator.py
[2024-04-21T15:18:17.711+0000] {processor.py:830} INFO - Processing file /home/airflow/.local/lib/python3.12/site-packages/airflow/example_dags/example_branch_operator.py for tasks to queue
[2024-04-21T15:18:17.713+0000] {logging_mixin.py:188} INFO - [2024-04-21T15:18:17.712+0000] {dagbag.py:540} INFO - Filling up the DagBag from /home/airflow/.local/lib/python3.12/site-packages/airflow/example_dags/example_branch_operator.py
[2024-04-21T15:18:17.721+0000] {processor.py:840} INFO - DAG(s) 'example_branch_operator' retrieved from /home/airflow/.local/lib/python3.12/site-packages/airflow/example_dags/example_branch_operator.py
[2024-04-21T15:18:17.737+0000] {logging_mixin.py:188} INFO - [2024-04-21T15:18:17.736+0000] {dag.py:3096} INFO - Sync 1 DAGs
[2024-04-21T15:18:17.748+0000] {logging_mixin.py:188} INFO - [2024-04-21T15:18:17.748+0000] {dag.py:3954} INFO - Setting next_dagrun for example_branch_operator to 2024-04-20 00:00:00+00:00, run_after=2024-04-21 00:00:00+00:00
[2024-04-21T15:18:17.756+0000] {processor.py:183} INFO - Processing /home/airflow/.local/lib/python3.12/site-packages/airflow/example_dags/example_branch_operator.py took 0.049 seconds
[2024-04-21T15:18:48.720+0000] {processor.py:161} INFO - Started process (PID=17252) to work on /home/airflow/.local/lib/python3.12/site-packages/airflow/example_dags/example_branch_operator.py
[2024-04-21T15:18:48.720+0000] {processor.py:830} INFO - Processing file /home/airflow/.local/lib/python3.12/site-packages/airflow/example_dags/example_branch_operator.py for tasks to queue
[2024-04-21T15:18:48.721+0000] {logging_mixin.py:188} INFO - [2024-04-21T15:18:48.721+0000] {dagbag.py:540} INFO - Filling up the DagBag from /home/airflow/.local/lib/python3.12/site-packages/airflow/example_dags/example_branch_operator.py
[2024-04-21T15:18:48.729+0000] {processor.py:840} INFO - DAG(s) 'example_branch_operator' retrieved from /home/airflow/.local/lib/python3.12/site-packages/airflow/example_dags/example_branch_operator.py
[2024-04-21T15:18:48.743+0000] {logging_mixin.py:188} INFO - [2024-04-21T15:18:48.743+0000] {dag.py:3096} INFO - Sync 1 DAGs
[2024-04-21T15:18:48.753+0000] {logging_mixin.py:188} INFO - [2024-04-21T15:18:48.752+0000] {dag.py:3954} INFO - Setting next_dagrun for example_branch_operator to 2024-04-20 00:00:00+00:00, run_after=2024-04-21 00:00:00+00:00
[2024-04-21T15:18:48.760+0000] {processor.py:183} INFO - Processing /home/airflow/.local/lib/python3.12/site-packages/airflow/example_dags/example_branch_operator.py took 0.043 seconds
[2024-04-21T15:19:19.654+0000] {processor.py:161} INFO - Started process (PID=17519) to work on /home/airflow/.local/lib/python3.12/site-packages/airflow/example_dags/example_branch_operator.py
[2024-04-21T15:19:19.655+0000] {processor.py:830} INFO - Processing file /home/airflow/.local/lib/python3.12/site-packages/airflow/example_dags/example_branch_operator.py for tasks to queue
[2024-04-21T15:19:19.656+0000] {logging_mixin.py:188} INFO - [2024-04-21T15:19:19.655+0000] {dagbag.py:540} INFO - Filling up the DagBag from /home/airflow/.local/lib/python3.12/site-packages/airflow/example_dags/example_branch_operator.py
[2024-04-21T15:19:19.663+0000] {processor.py:840} INFO - DAG(s) 'example_branch_operator' retrieved from /home/airflow/.local/lib/python3.12/site-packages/airflow/example_dags/example_branch_operator.py
[2024-04-21T15:19:19.677+0000] {logging_mixin.py:188} INFO - [2024-04-21T15:19:19.677+0000] {dag.py:3096} INFO - Sync 1 DAGs
[2024-04-21T15:19:19.686+0000] {logging_mixin.py:188} INFO - [2024-04-21T15:19:19.686+0000] {dag.py:3954} INFO - Setting next_dagrun for example_branch_operator to 2024-04-20 00:00:00+00:00, run_after=2024-04-21 00:00:00+00:00
[2024-04-21T15:19:19.693+0000] {processor.py:183} INFO - Processing /home/airflow/.local/lib/python3.12/site-packages/airflow/example_dags/example_branch_operator.py took 0.042 seconds
[2024-04-21T15:19:49.872+0000] {processor.py:161} INFO - Started process (PID=17788) to work on /home/airflow/.local/lib/python3.12/site-packages/airflow/example_dags/example_branch_operator.py
[2024-04-21T15:19:49.872+0000] {processor.py:830} INFO - Processing file /home/airflow/.local/lib/python3.12/site-packages/airflow/example_dags/example_branch_operator.py for tasks to queue
[2024-04-21T15:19:49.873+0000] {logging_mixin.py:188} INFO - [2024-04-21T15:19:49.873+0000] {dagbag.py:540} INFO - Filling up the DagBag from /home/airflow/.local/lib/python3.12/site-packages/airflow/example_dags/example_branch_operator.py
[2024-04-21T15:19:49.882+0000] {processor.py:840} INFO - DAG(s) 'example_branch_operator' retrieved from /home/airflow/.local/lib/python3.12/site-packages/airflow/example_dags/example_branch_operator.py
[2024-04-21T15:19:49.897+0000] {logging_mixin.py:188} INFO - [2024-04-21T15:19:49.897+0000] {dag.py:3096} INFO - Sync 1 DAGs
[2024-04-21T15:19:49.907+0000] {logging_mixin.py:188} INFO - [2024-04-21T15:19:49.907+0000] {dag.py:3954} INFO - Setting next_dagrun for example_branch_operator to 2024-04-20 00:00:00+00:00, run_after=2024-04-21 00:00:00+00:00
[2024-04-21T15:19:49.914+0000] {processor.py:183} INFO - Processing /home/airflow/.local/lib/python3.12/site-packages/airflow/example_dags/example_branch_operator.py took 0.046 seconds
[2024-04-21T15:20:19.970+0000] {processor.py:161} INFO - Started process (PID=18053) to work on /home/airflow/.local/lib/python3.12/site-packages/airflow/example_dags/example_branch_operator.py
[2024-04-21T15:20:19.970+0000] {processor.py:830} INFO - Processing file /home/airflow/.local/lib/python3.12/site-packages/airflow/example_dags/example_branch_operator.py for tasks to queue
[2024-04-21T15:20:19.971+0000] {logging_mixin.py:188} INFO - [2024-04-21T15:20:19.971+0000] {dagbag.py:540} INFO - Filling up the DagBag from /home/airflow/.local/lib/python3.12/site-packages/airflow/example_dags/example_branch_operator.py
[2024-04-21T15:20:19.979+0000] {processor.py:840} INFO - DAG(s) 'example_branch_operator' retrieved from /home/airflow/.local/lib/python3.12/site-packages/airflow/example_dags/example_branch_operator.py
[2024-04-21T15:20:19.993+0000] {logging_mixin.py:188} INFO - [2024-04-21T15:20:19.993+0000] {dag.py:3096} INFO - Sync 1 DAGs
[2024-04-21T15:20:20.003+0000] {logging_mixin.py:188} INFO - [2024-04-21T15:20:20.002+0000] {dag.py:3954} INFO - Setting next_dagrun for example_branch_operator to 2024-04-20 00:00:00+00:00, run_after=2024-04-21 00:00:00+00:00
[2024-04-21T15:20:20.010+0000] {processor.py:183} INFO - Processing /home/airflow/.local/lib/python3.12/site-packages/airflow/example_dags/example_branch_operator.py took 0.043 seconds
