[2024-04-21T14:30:02.382+0000] {processor.py:161} INFO - Started process (PID=259) to work on /home/airflow/.local/lib/python3.12/site-packages/airflow/example_dags/example_python_operator.py
[2024-04-21T14:30:02.383+0000] {processor.py:830} INFO - Processing file /home/airflow/.local/lib/python3.12/site-packages/airflow/example_dags/example_python_operator.py for tasks to queue
[2024-04-21T14:30:02.384+0000] {logging_mixin.py:188} INFO - [2024-04-21T14:30:02.384+0000] {dagbag.py:540} INFO - Filling up the DagBag from /home/airflow/.local/lib/python3.12/site-packages/airflow/example_dags/example_python_operator.py
[2024-04-21T14:30:02.392+0000] {processor.py:840} INFO - DAG(s) 'example_python_operator' retrieved from /home/airflow/.local/lib/python3.12/site-packages/airflow/example_dags/example_python_operator.py
[2024-04-21T14:30:02.403+0000] {logging_mixin.py:188} INFO - [2024-04-21T14:30:02.403+0000] {dag.py:3096} INFO - Sync 1 DAGs
[2024-04-21T14:30:02.412+0000] {logging_mixin.py:188} INFO - [2024-04-21T14:30:02.412+0000] {dag.py:3954} INFO - Setting next_dagrun for example_python_operator to None, run_after=None
[2024-04-21T14:30:02.423+0000] {processor.py:183} INFO - Processing /home/airflow/.local/lib/python3.12/site-packages/airflow/example_dags/example_python_operator.py took 0.046 seconds
[2024-04-21T14:30:33.133+0000] {processor.py:161} INFO - Started process (PID=523) to work on /home/airflow/.local/lib/python3.12/site-packages/airflow/example_dags/example_python_operator.py
[2024-04-21T14:30:33.134+0000] {processor.py:830} INFO - Processing file /home/airflow/.local/lib/python3.12/site-packages/airflow/example_dags/example_python_operator.py for tasks to queue
[2024-04-21T14:30:33.135+0000] {logging_mixin.py:188} INFO - [2024-04-21T14:30:33.135+0000] {dagbag.py:540} INFO - Filling up the DagBag from /home/airflow/.local/lib/python3.12/site-packages/airflow/example_dags/example_python_operator.py
[2024-04-21T14:30:33.142+0000] {processor.py:840} INFO - DAG(s) 'example_python_operator' retrieved from /home/airflow/.local/lib/python3.12/site-packages/airflow/example_dags/example_python_operator.py
[2024-04-21T14:30:33.207+0000] {logging_mixin.py:188} INFO - [2024-04-21T14:30:33.207+0000] {dag.py:3096} INFO - Sync 1 DAGs
[2024-04-21T14:30:33.214+0000] {logging_mixin.py:188} INFO - [2024-04-21T14:30:33.213+0000] {dag.py:3954} INFO - Setting next_dagrun for example_python_operator to None, run_after=None
[2024-04-21T14:30:33.225+0000] {processor.py:183} INFO - Processing /home/airflow/.local/lib/python3.12/site-packages/airflow/example_dags/example_python_operator.py took 0.096 seconds
[2024-04-21T14:31:03.293+0000] {processor.py:161} INFO - Started process (PID=787) to work on /home/airflow/.local/lib/python3.12/site-packages/airflow/example_dags/example_python_operator.py
[2024-04-21T14:31:03.294+0000] {processor.py:830} INFO - Processing file /home/airflow/.local/lib/python3.12/site-packages/airflow/example_dags/example_python_operator.py for tasks to queue
[2024-04-21T14:31:03.296+0000] {logging_mixin.py:188} INFO - [2024-04-21T14:31:03.295+0000] {dagbag.py:540} INFO - Filling up the DagBag from /home/airflow/.local/lib/python3.12/site-packages/airflow/example_dags/example_python_operator.py
[2024-04-21T14:31:03.304+0000] {processor.py:840} INFO - DAG(s) 'example_python_operator' retrieved from /home/airflow/.local/lib/python3.12/site-packages/airflow/example_dags/example_python_operator.py
[2024-04-21T14:31:03.322+0000] {logging_mixin.py:188} INFO - [2024-04-21T14:31:03.322+0000] {dag.py:3096} INFO - Sync 1 DAGs
[2024-04-21T14:31:03.330+0000] {logging_mixin.py:188} INFO - [2024-04-21T14:31:03.330+0000] {dag.py:3954} INFO - Setting next_dagrun for example_python_operator to None, run_after=None
[2024-04-21T14:31:03.341+0000] {processor.py:183} INFO - Processing /home/airflow/.local/lib/python3.12/site-packages/airflow/example_dags/example_python_operator.py took 0.053 seconds
[2024-04-21T14:31:33.796+0000] {processor.py:161} INFO - Started process (PID=1049) to work on /home/airflow/.local/lib/python3.12/site-packages/airflow/example_dags/example_python_operator.py
[2024-04-21T14:31:33.797+0000] {processor.py:830} INFO - Processing file /home/airflow/.local/lib/python3.12/site-packages/airflow/example_dags/example_python_operator.py for tasks to queue
[2024-04-21T14:31:33.800+0000] {logging_mixin.py:188} INFO - [2024-04-21T14:31:33.800+0000] {dagbag.py:540} INFO - Filling up the DagBag from /home/airflow/.local/lib/python3.12/site-packages/airflow/example_dags/example_python_operator.py
[2024-04-21T14:31:33.808+0000] {processor.py:840} INFO - DAG(s) 'example_python_operator' retrieved from /home/airflow/.local/lib/python3.12/site-packages/airflow/example_dags/example_python_operator.py
[2024-04-21T14:31:33.826+0000] {logging_mixin.py:188} INFO - [2024-04-21T14:31:33.826+0000] {dag.py:3096} INFO - Sync 1 DAGs
[2024-04-21T14:31:33.834+0000] {logging_mixin.py:188} INFO - [2024-04-21T14:31:33.834+0000] {dag.py:3954} INFO - Setting next_dagrun for example_python_operator to None, run_after=None
[2024-04-21T14:31:33.844+0000] {processor.py:183} INFO - Processing /home/airflow/.local/lib/python3.12/site-packages/airflow/example_dags/example_python_operator.py took 0.053 seconds
[2024-04-21T14:32:04.535+0000] {processor.py:161} INFO - Started process (PID=1310) to work on /home/airflow/.local/lib/python3.12/site-packages/airflow/example_dags/example_python_operator.py
[2024-04-21T14:32:04.536+0000] {processor.py:830} INFO - Processing file /home/airflow/.local/lib/python3.12/site-packages/airflow/example_dags/example_python_operator.py for tasks to queue
[2024-04-21T14:32:04.537+0000] {logging_mixin.py:188} INFO - [2024-04-21T14:32:04.537+0000] {dagbag.py:540} INFO - Filling up the DagBag from /home/airflow/.local/lib/python3.12/site-packages/airflow/example_dags/example_python_operator.py
[2024-04-21T14:32:04.545+0000] {processor.py:840} INFO - DAG(s) 'example_python_operator' retrieved from /home/airflow/.local/lib/python3.12/site-packages/airflow/example_dags/example_python_operator.py
[2024-04-21T14:32:04.564+0000] {logging_mixin.py:188} INFO - [2024-04-21T14:32:04.564+0000] {dag.py:3096} INFO - Sync 1 DAGs
[2024-04-21T14:32:04.573+0000] {logging_mixin.py:188} INFO - [2024-04-21T14:32:04.572+0000] {dag.py:3954} INFO - Setting next_dagrun for example_python_operator to None, run_after=None
[2024-04-21T14:32:04.584+0000] {processor.py:183} INFO - Processing /home/airflow/.local/lib/python3.12/site-packages/airflow/example_dags/example_python_operator.py took 0.053 seconds
[2024-04-21T14:32:34.858+0000] {processor.py:161} INFO - Started process (PID=1572) to work on /home/airflow/.local/lib/python3.12/site-packages/airflow/example_dags/example_python_operator.py
[2024-04-21T14:32:34.859+0000] {processor.py:830} INFO - Processing file /home/airflow/.local/lib/python3.12/site-packages/airflow/example_dags/example_python_operator.py for tasks to queue
[2024-04-21T14:32:34.860+0000] {logging_mixin.py:188} INFO - [2024-04-21T14:32:34.860+0000] {dagbag.py:540} INFO - Filling up the DagBag from /home/airflow/.local/lib/python3.12/site-packages/airflow/example_dags/example_python_operator.py
[2024-04-21T14:32:34.868+0000] {processor.py:840} INFO - DAG(s) 'example_python_operator' retrieved from /home/airflow/.local/lib/python3.12/site-packages/airflow/example_dags/example_python_operator.py
[2024-04-21T14:32:34.887+0000] {logging_mixin.py:188} INFO - [2024-04-21T14:32:34.887+0000] {dag.py:3096} INFO - Sync 1 DAGs
[2024-04-21T14:32:34.894+0000] {logging_mixin.py:188} INFO - [2024-04-21T14:32:34.894+0000] {dag.py:3954} INFO - Setting next_dagrun for example_python_operator to None, run_after=None
[2024-04-21T14:32:34.904+0000] {processor.py:183} INFO - Processing /home/airflow/.local/lib/python3.12/site-packages/airflow/example_dags/example_python_operator.py took 0.050 seconds
[2024-04-21T14:33:05.387+0000] {processor.py:161} INFO - Started process (PID=1834) to work on /home/airflow/.local/lib/python3.12/site-packages/airflow/example_dags/example_python_operator.py
[2024-04-21T14:33:05.388+0000] {processor.py:830} INFO - Processing file /home/airflow/.local/lib/python3.12/site-packages/airflow/example_dags/example_python_operator.py for tasks to queue
[2024-04-21T14:33:05.389+0000] {logging_mixin.py:188} INFO - [2024-04-21T14:33:05.389+0000] {dagbag.py:540} INFO - Filling up the DagBag from /home/airflow/.local/lib/python3.12/site-packages/airflow/example_dags/example_python_operator.py
[2024-04-21T14:33:05.397+0000] {processor.py:840} INFO - DAG(s) 'example_python_operator' retrieved from /home/airflow/.local/lib/python3.12/site-packages/airflow/example_dags/example_python_operator.py
[2024-04-21T14:33:05.415+0000] {logging_mixin.py:188} INFO - [2024-04-21T14:33:05.415+0000] {dag.py:3096} INFO - Sync 1 DAGs
[2024-04-21T14:33:05.423+0000] {logging_mixin.py:188} INFO - [2024-04-21T14:33:05.423+0000] {dag.py:3954} INFO - Setting next_dagrun for example_python_operator to None, run_after=None
[2024-04-21T14:33:05.433+0000] {processor.py:183} INFO - Processing /home/airflow/.local/lib/python3.12/site-packages/airflow/example_dags/example_python_operator.py took 0.050 seconds
[2024-04-21T14:33:36.031+0000] {processor.py:161} INFO - Started process (PID=2097) to work on /home/airflow/.local/lib/python3.12/site-packages/airflow/example_dags/example_python_operator.py
[2024-04-21T14:33:36.031+0000] {processor.py:830} INFO - Processing file /home/airflow/.local/lib/python3.12/site-packages/airflow/example_dags/example_python_operator.py for tasks to queue
[2024-04-21T14:33:36.033+0000] {logging_mixin.py:188} INFO - [2024-04-21T14:33:36.032+0000] {dagbag.py:540} INFO - Filling up the DagBag from /home/airflow/.local/lib/python3.12/site-packages/airflow/example_dags/example_python_operator.py
[2024-04-21T14:33:36.040+0000] {processor.py:840} INFO - DAG(s) 'example_python_operator' retrieved from /home/airflow/.local/lib/python3.12/site-packages/airflow/example_dags/example_python_operator.py
[2024-04-21T14:33:36.059+0000] {logging_mixin.py:188} INFO - [2024-04-21T14:33:36.059+0000] {dag.py:3096} INFO - Sync 1 DAGs
[2024-04-21T14:33:36.067+0000] {logging_mixin.py:188} INFO - [2024-04-21T14:33:36.067+0000] {dag.py:3954} INFO - Setting next_dagrun for example_python_operator to None, run_after=None
[2024-04-21T14:33:36.078+0000] {processor.py:183} INFO - Processing /home/airflow/.local/lib/python3.12/site-packages/airflow/example_dags/example_python_operator.py took 0.052 seconds
[2024-04-21T14:34:06.606+0000] {processor.py:161} INFO - Started process (PID=2359) to work on /home/airflow/.local/lib/python3.12/site-packages/airflow/example_dags/example_python_operator.py
[2024-04-21T14:34:06.607+0000] {processor.py:830} INFO - Processing file /home/airflow/.local/lib/python3.12/site-packages/airflow/example_dags/example_python_operator.py for tasks to queue
[2024-04-21T14:34:06.609+0000] {logging_mixin.py:188} INFO - [2024-04-21T14:34:06.608+0000] {dagbag.py:540} INFO - Filling up the DagBag from /home/airflow/.local/lib/python3.12/site-packages/airflow/example_dags/example_python_operator.py
[2024-04-21T14:34:06.618+0000] {processor.py:840} INFO - DAG(s) 'example_python_operator' retrieved from /home/airflow/.local/lib/python3.12/site-packages/airflow/example_dags/example_python_operator.py
[2024-04-21T14:34:06.643+0000] {logging_mixin.py:188} INFO - [2024-04-21T14:34:06.643+0000] {dag.py:3096} INFO - Sync 1 DAGs
[2024-04-21T14:34:06.655+0000] {logging_mixin.py:188} INFO - [2024-04-21T14:34:06.655+0000] {dag.py:3954} INFO - Setting next_dagrun for example_python_operator to None, run_after=None
[2024-04-21T14:34:06.669+0000] {processor.py:183} INFO - Processing /home/airflow/.local/lib/python3.12/site-packages/airflow/example_dags/example_python_operator.py took 0.068 seconds
[2024-04-21T14:34:36.881+0000] {processor.py:161} INFO - Started process (PID=2621) to work on /home/airflow/.local/lib/python3.12/site-packages/airflow/example_dags/example_python_operator.py
[2024-04-21T14:34:36.881+0000] {processor.py:830} INFO - Processing file /home/airflow/.local/lib/python3.12/site-packages/airflow/example_dags/example_python_operator.py for tasks to queue
[2024-04-21T14:34:36.882+0000] {logging_mixin.py:188} INFO - [2024-04-21T14:34:36.882+0000] {dagbag.py:540} INFO - Filling up the DagBag from /home/airflow/.local/lib/python3.12/site-packages/airflow/example_dags/example_python_operator.py
[2024-04-21T14:34:36.890+0000] {processor.py:840} INFO - DAG(s) 'example_python_operator' retrieved from /home/airflow/.local/lib/python3.12/site-packages/airflow/example_dags/example_python_operator.py
[2024-04-21T14:34:36.907+0000] {logging_mixin.py:188} INFO - [2024-04-21T14:34:36.907+0000] {dag.py:3096} INFO - Sync 1 DAGs
[2024-04-21T14:34:36.915+0000] {logging_mixin.py:188} INFO - [2024-04-21T14:34:36.915+0000] {dag.py:3954} INFO - Setting next_dagrun for example_python_operator to None, run_after=None
[2024-04-21T14:34:36.925+0000] {processor.py:183} INFO - Processing /home/airflow/.local/lib/python3.12/site-packages/airflow/example_dags/example_python_operator.py took 0.049 seconds
[2024-04-21T14:36:10.565+0000] {processor.py:161} INFO - Started process (PID=2890) to work on /home/airflow/.local/lib/python3.12/site-packages/airflow/example_dags/example_python_operator.py
[2024-04-21T14:36:10.566+0000] {processor.py:830} INFO - Processing file /home/airflow/.local/lib/python3.12/site-packages/airflow/example_dags/example_python_operator.py for tasks to queue
[2024-04-21T14:36:10.568+0000] {logging_mixin.py:188} INFO - [2024-04-21T14:36:10.568+0000] {dagbag.py:540} INFO - Filling up the DagBag from /home/airflow/.local/lib/python3.12/site-packages/airflow/example_dags/example_python_operator.py
[2024-04-21T14:36:10.575+0000] {processor.py:840} INFO - DAG(s) 'example_python_operator' retrieved from /home/airflow/.local/lib/python3.12/site-packages/airflow/example_dags/example_python_operator.py
[2024-04-21T14:36:10.589+0000] {logging_mixin.py:188} INFO - [2024-04-21T14:36:10.589+0000] {dag.py:3096} INFO - Sync 1 DAGs
[2024-04-21T14:36:10.595+0000] {logging_mixin.py:188} INFO - [2024-04-21T14:36:10.594+0000] {dag.py:3954} INFO - Setting next_dagrun for example_python_operator to None, run_after=None
[2024-04-21T14:36:10.602+0000] {processor.py:183} INFO - Processing /home/airflow/.local/lib/python3.12/site-packages/airflow/example_dags/example_python_operator.py took 0.042 seconds
[2024-04-21T14:36:41.602+0000] {processor.py:161} INFO - Started process (PID=3157) to work on /home/airflow/.local/lib/python3.12/site-packages/airflow/example_dags/example_python_operator.py
[2024-04-21T14:36:41.604+0000] {processor.py:830} INFO - Processing file /home/airflow/.local/lib/python3.12/site-packages/airflow/example_dags/example_python_operator.py for tasks to queue
[2024-04-21T14:36:41.606+0000] {logging_mixin.py:188} INFO - [2024-04-21T14:36:41.605+0000] {dagbag.py:540} INFO - Filling up the DagBag from /home/airflow/.local/lib/python3.12/site-packages/airflow/example_dags/example_python_operator.py
[2024-04-21T14:36:41.614+0000] {processor.py:840} INFO - DAG(s) 'example_python_operator' retrieved from /home/airflow/.local/lib/python3.12/site-packages/airflow/example_dags/example_python_operator.py
[2024-04-21T14:36:41.633+0000] {logging_mixin.py:188} INFO - [2024-04-21T14:36:41.633+0000] {dag.py:3096} INFO - Sync 1 DAGs
[2024-04-21T14:36:41.640+0000] {logging_mixin.py:188} INFO - [2024-04-21T14:36:41.639+0000] {dag.py:3954} INFO - Setting next_dagrun for example_python_operator to None, run_after=None
[2024-04-21T14:36:41.648+0000] {processor.py:183} INFO - Processing /home/airflow/.local/lib/python3.12/site-packages/airflow/example_dags/example_python_operator.py took 0.053 seconds
[2024-04-21T14:37:11.807+0000] {processor.py:161} INFO - Started process (PID=3424) to work on /home/airflow/.local/lib/python3.12/site-packages/airflow/example_dags/example_python_operator.py
[2024-04-21T14:37:11.809+0000] {processor.py:830} INFO - Processing file /home/airflow/.local/lib/python3.12/site-packages/airflow/example_dags/example_python_operator.py for tasks to queue
[2024-04-21T14:37:11.811+0000] {logging_mixin.py:188} INFO - [2024-04-21T14:37:11.811+0000] {dagbag.py:540} INFO - Filling up the DagBag from /home/airflow/.local/lib/python3.12/site-packages/airflow/example_dags/example_python_operator.py
[2024-04-21T14:37:11.823+0000] {processor.py:840} INFO - DAG(s) 'example_python_operator' retrieved from /home/airflow/.local/lib/python3.12/site-packages/airflow/example_dags/example_python_operator.py
[2024-04-21T14:37:11.841+0000] {logging_mixin.py:188} INFO - [2024-04-21T14:37:11.841+0000] {dag.py:3096} INFO - Sync 1 DAGs
[2024-04-21T14:37:11.848+0000] {logging_mixin.py:188} INFO - [2024-04-21T14:37:11.848+0000] {dag.py:3954} INFO - Setting next_dagrun for example_python_operator to None, run_after=None
[2024-04-21T14:37:11.856+0000] {processor.py:183} INFO - Processing /home/airflow/.local/lib/python3.12/site-packages/airflow/example_dags/example_python_operator.py took 0.057 seconds
[2024-04-21T14:37:41.913+0000] {processor.py:161} INFO - Started process (PID=3691) to work on /home/airflow/.local/lib/python3.12/site-packages/airflow/example_dags/example_python_operator.py
[2024-04-21T14:37:41.915+0000] {processor.py:830} INFO - Processing file /home/airflow/.local/lib/python3.12/site-packages/airflow/example_dags/example_python_operator.py for tasks to queue
[2024-04-21T14:37:41.917+0000] {logging_mixin.py:188} INFO - [2024-04-21T14:37:41.916+0000] {dagbag.py:540} INFO - Filling up the DagBag from /home/airflow/.local/lib/python3.12/site-packages/airflow/example_dags/example_python_operator.py
[2024-04-21T14:37:41.928+0000] {processor.py:840} INFO - DAG(s) 'example_python_operator' retrieved from /home/airflow/.local/lib/python3.12/site-packages/airflow/example_dags/example_python_operator.py
[2024-04-21T14:37:41.946+0000] {logging_mixin.py:188} INFO - [2024-04-21T14:37:41.946+0000] {dag.py:3096} INFO - Sync 1 DAGs
[2024-04-21T14:37:41.953+0000] {logging_mixin.py:188} INFO - [2024-04-21T14:37:41.952+0000] {dag.py:3954} INFO - Setting next_dagrun for example_python_operator to None, run_after=None
[2024-04-21T14:37:41.961+0000] {processor.py:183} INFO - Processing /home/airflow/.local/lib/python3.12/site-packages/airflow/example_dags/example_python_operator.py took 0.056 seconds
[2024-04-21T14:53:47.662+0000] {processor.py:161} INFO - Started process (PID=3958) to work on /home/airflow/.local/lib/python3.12/site-packages/airflow/example_dags/example_python_operator.py
[2024-04-21T14:53:47.662+0000] {processor.py:830} INFO - Processing file /home/airflow/.local/lib/python3.12/site-packages/airflow/example_dags/example_python_operator.py for tasks to queue
[2024-04-21T14:53:47.663+0000] {logging_mixin.py:188} INFO - [2024-04-21T14:53:47.663+0000] {dagbag.py:540} INFO - Filling up the DagBag from /home/airflow/.local/lib/python3.12/site-packages/airflow/example_dags/example_python_operator.py
[2024-04-21T14:53:47.669+0000] {processor.py:840} INFO - DAG(s) 'example_python_operator' retrieved from /home/airflow/.local/lib/python3.12/site-packages/airflow/example_dags/example_python_operator.py
[2024-04-21T14:53:47.682+0000] {logging_mixin.py:188} INFO - [2024-04-21T14:53:47.682+0000] {dag.py:3096} INFO - Sync 1 DAGs
[2024-04-21T14:53:47.688+0000] {logging_mixin.py:188} INFO - [2024-04-21T14:53:47.687+0000] {dag.py:3954} INFO - Setting next_dagrun for example_python_operator to None, run_after=None
[2024-04-21T14:53:47.696+0000] {processor.py:183} INFO - Processing /home/airflow/.local/lib/python3.12/site-packages/airflow/example_dags/example_python_operator.py took 0.037 seconds
[2024-04-21T14:54:18.439+0000] {processor.py:161} INFO - Started process (PID=4227) to work on /home/airflow/.local/lib/python3.12/site-packages/airflow/example_dags/example_python_operator.py
[2024-04-21T14:54:18.439+0000] {processor.py:830} INFO - Processing file /home/airflow/.local/lib/python3.12/site-packages/airflow/example_dags/example_python_operator.py for tasks to queue
[2024-04-21T14:54:18.440+0000] {logging_mixin.py:188} INFO - [2024-04-21T14:54:18.440+0000] {dagbag.py:540} INFO - Filling up the DagBag from /home/airflow/.local/lib/python3.12/site-packages/airflow/example_dags/example_python_operator.py
[2024-04-21T14:54:18.445+0000] {processor.py:840} INFO - DAG(s) 'example_python_operator' retrieved from /home/airflow/.local/lib/python3.12/site-packages/airflow/example_dags/example_python_operator.py
[2024-04-21T14:54:18.458+0000] {logging_mixin.py:188} INFO - [2024-04-21T14:54:18.458+0000] {dag.py:3096} INFO - Sync 1 DAGs
[2024-04-21T14:54:18.463+0000] {logging_mixin.py:188} INFO - [2024-04-21T14:54:18.463+0000] {dag.py:3954} INFO - Setting next_dagrun for example_python_operator to None, run_after=None
[2024-04-21T14:54:18.470+0000] {processor.py:183} INFO - Processing /home/airflow/.local/lib/python3.12/site-packages/airflow/example_dags/example_python_operator.py took 0.034 seconds
[2024-04-21T14:54:48.537+0000] {processor.py:161} INFO - Started process (PID=4492) to work on /home/airflow/.local/lib/python3.12/site-packages/airflow/example_dags/example_python_operator.py
[2024-04-21T14:54:48.537+0000] {processor.py:830} INFO - Processing file /home/airflow/.local/lib/python3.12/site-packages/airflow/example_dags/example_python_operator.py for tasks to queue
[2024-04-21T14:54:48.538+0000] {logging_mixin.py:188} INFO - [2024-04-21T14:54:48.538+0000] {dagbag.py:540} INFO - Filling up the DagBag from /home/airflow/.local/lib/python3.12/site-packages/airflow/example_dags/example_python_operator.py
[2024-04-21T14:54:48.544+0000] {processor.py:840} INFO - DAG(s) 'example_python_operator' retrieved from /home/airflow/.local/lib/python3.12/site-packages/airflow/example_dags/example_python_operator.py
[2024-04-21T14:54:48.556+0000] {logging_mixin.py:188} INFO - [2024-04-21T14:54:48.556+0000] {dag.py:3096} INFO - Sync 1 DAGs
[2024-04-21T14:54:48.562+0000] {logging_mixin.py:188} INFO - [2024-04-21T14:54:48.562+0000] {dag.py:3954} INFO - Setting next_dagrun for example_python_operator to None, run_after=None
[2024-04-21T14:54:48.569+0000] {processor.py:183} INFO - Processing /home/airflow/.local/lib/python3.12/site-packages/airflow/example_dags/example_python_operator.py took 0.036 seconds
[2024-04-21T14:55:19.528+0000] {processor.py:161} INFO - Started process (PID=4759) to work on /home/airflow/.local/lib/python3.12/site-packages/airflow/example_dags/example_python_operator.py
[2024-04-21T14:55:19.528+0000] {processor.py:830} INFO - Processing file /home/airflow/.local/lib/python3.12/site-packages/airflow/example_dags/example_python_operator.py for tasks to queue
[2024-04-21T14:55:19.529+0000] {logging_mixin.py:188} INFO - [2024-04-21T14:55:19.529+0000] {dagbag.py:540} INFO - Filling up the DagBag from /home/airflow/.local/lib/python3.12/site-packages/airflow/example_dags/example_python_operator.py
[2024-04-21T14:55:19.535+0000] {processor.py:840} INFO - DAG(s) 'example_python_operator' retrieved from /home/airflow/.local/lib/python3.12/site-packages/airflow/example_dags/example_python_operator.py
[2024-04-21T14:55:19.547+0000] {logging_mixin.py:188} INFO - [2024-04-21T14:55:19.547+0000] {dag.py:3096} INFO - Sync 1 DAGs
[2024-04-21T14:55:19.553+0000] {logging_mixin.py:188} INFO - [2024-04-21T14:55:19.553+0000] {dag.py:3954} INFO - Setting next_dagrun for example_python_operator to None, run_after=None
[2024-04-21T14:55:19.560+0000] {processor.py:183} INFO - Processing /home/airflow/.local/lib/python3.12/site-packages/airflow/example_dags/example_python_operator.py took 0.036 seconds
[2024-04-21T14:55:50.373+0000] {processor.py:161} INFO - Started process (PID=5026) to work on /home/airflow/.local/lib/python3.12/site-packages/airflow/example_dags/example_python_operator.py
[2024-04-21T14:55:50.374+0000] {processor.py:830} INFO - Processing file /home/airflow/.local/lib/python3.12/site-packages/airflow/example_dags/example_python_operator.py for tasks to queue
[2024-04-21T14:55:50.375+0000] {logging_mixin.py:188} INFO - [2024-04-21T14:55:50.375+0000] {dagbag.py:540} INFO - Filling up the DagBag from /home/airflow/.local/lib/python3.12/site-packages/airflow/example_dags/example_python_operator.py
[2024-04-21T14:55:50.380+0000] {processor.py:840} INFO - DAG(s) 'example_python_operator' retrieved from /home/airflow/.local/lib/python3.12/site-packages/airflow/example_dags/example_python_operator.py
[2024-04-21T14:55:50.393+0000] {logging_mixin.py:188} INFO - [2024-04-21T14:55:50.393+0000] {dag.py:3096} INFO - Sync 1 DAGs
[2024-04-21T14:55:50.398+0000] {logging_mixin.py:188} INFO - [2024-04-21T14:55:50.398+0000] {dag.py:3954} INFO - Setting next_dagrun for example_python_operator to None, run_after=None
[2024-04-21T14:55:50.405+0000] {processor.py:183} INFO - Processing /home/airflow/.local/lib/python3.12/site-packages/airflow/example_dags/example_python_operator.py took 0.035 seconds
[2024-04-21T14:56:21.193+0000] {processor.py:161} INFO - Started process (PID=5293) to work on /home/airflow/.local/lib/python3.12/site-packages/airflow/example_dags/example_python_operator.py
[2024-04-21T14:56:21.193+0000] {processor.py:830} INFO - Processing file /home/airflow/.local/lib/python3.12/site-packages/airflow/example_dags/example_python_operator.py for tasks to queue
[2024-04-21T14:56:21.194+0000] {logging_mixin.py:188} INFO - [2024-04-21T14:56:21.194+0000] {dagbag.py:540} INFO - Filling up the DagBag from /home/airflow/.local/lib/python3.12/site-packages/airflow/example_dags/example_python_operator.py
[2024-04-21T14:56:21.200+0000] {processor.py:840} INFO - DAG(s) 'example_python_operator' retrieved from /home/airflow/.local/lib/python3.12/site-packages/airflow/example_dags/example_python_operator.py
[2024-04-21T14:56:21.212+0000] {logging_mixin.py:188} INFO - [2024-04-21T14:56:21.212+0000] {dag.py:3096} INFO - Sync 1 DAGs
[2024-04-21T14:56:21.218+0000] {logging_mixin.py:188} INFO - [2024-04-21T14:56:21.218+0000] {dag.py:3954} INFO - Setting next_dagrun for example_python_operator to None, run_after=None
[2024-04-21T14:56:21.225+0000] {processor.py:183} INFO - Processing /home/airflow/.local/lib/python3.12/site-packages/airflow/example_dags/example_python_operator.py took 0.036 seconds
[2024-04-21T14:56:52.121+0000] {processor.py:161} INFO - Started process (PID=5560) to work on /home/airflow/.local/lib/python3.12/site-packages/airflow/example_dags/example_python_operator.py
[2024-04-21T14:56:52.121+0000] {processor.py:830} INFO - Processing file /home/airflow/.local/lib/python3.12/site-packages/airflow/example_dags/example_python_operator.py for tasks to queue
[2024-04-21T14:56:52.122+0000] {logging_mixin.py:188} INFO - [2024-04-21T14:56:52.122+0000] {dagbag.py:540} INFO - Filling up the DagBag from /home/airflow/.local/lib/python3.12/site-packages/airflow/example_dags/example_python_operator.py
[2024-04-21T14:56:52.129+0000] {processor.py:840} INFO - DAG(s) 'example_python_operator' retrieved from /home/airflow/.local/lib/python3.12/site-packages/airflow/example_dags/example_python_operator.py
[2024-04-21T14:56:52.147+0000] {logging_mixin.py:188} INFO - [2024-04-21T14:56:52.147+0000] {dag.py:3096} INFO - Sync 1 DAGs
[2024-04-21T14:56:52.155+0000] {logging_mixin.py:188} INFO - [2024-04-21T14:56:52.155+0000] {dag.py:3954} INFO - Setting next_dagrun for example_python_operator to None, run_after=None
[2024-04-21T14:56:52.181+0000] {processor.py:183} INFO - Processing /home/airflow/.local/lib/python3.12/site-packages/airflow/example_dags/example_python_operator.py took 0.064 seconds
[2024-04-21T14:57:22.231+0000] {processor.py:161} INFO - Started process (PID=5829) to work on /home/airflow/.local/lib/python3.12/site-packages/airflow/example_dags/example_python_operator.py
[2024-04-21T14:57:22.231+0000] {processor.py:830} INFO - Processing file /home/airflow/.local/lib/python3.12/site-packages/airflow/example_dags/example_python_operator.py for tasks to queue
[2024-04-21T14:57:22.233+0000] {logging_mixin.py:188} INFO - [2024-04-21T14:57:22.232+0000] {dagbag.py:540} INFO - Filling up the DagBag from /home/airflow/.local/lib/python3.12/site-packages/airflow/example_dags/example_python_operator.py
[2024-04-21T14:57:22.238+0000] {processor.py:840} INFO - DAG(s) 'example_python_operator' retrieved from /home/airflow/.local/lib/python3.12/site-packages/airflow/example_dags/example_python_operator.py
[2024-04-21T14:57:22.252+0000] {logging_mixin.py:188} INFO - [2024-04-21T14:57:22.252+0000] {dag.py:3096} INFO - Sync 1 DAGs
[2024-04-21T14:57:22.258+0000] {logging_mixin.py:188} INFO - [2024-04-21T14:57:22.258+0000] {dag.py:3954} INFO - Setting next_dagrun for example_python_operator to None, run_after=None
[2024-04-21T14:57:22.266+0000] {processor.py:183} INFO - Processing /home/airflow/.local/lib/python3.12/site-packages/airflow/example_dags/example_python_operator.py took 0.038 seconds
[2024-04-21T14:57:52.400+0000] {processor.py:161} INFO - Started process (PID=6103) to work on /home/airflow/.local/lib/python3.12/site-packages/airflow/example_dags/example_python_operator.py
[2024-04-21T14:57:52.400+0000] {processor.py:830} INFO - Processing file /home/airflow/.local/lib/python3.12/site-packages/airflow/example_dags/example_python_operator.py for tasks to queue
[2024-04-21T14:57:52.401+0000] {logging_mixin.py:188} INFO - [2024-04-21T14:57:52.401+0000] {dagbag.py:540} INFO - Filling up the DagBag from /home/airflow/.local/lib/python3.12/site-packages/airflow/example_dags/example_python_operator.py
[2024-04-21T14:57:52.407+0000] {processor.py:840} INFO - DAG(s) 'example_python_operator' retrieved from /home/airflow/.local/lib/python3.12/site-packages/airflow/example_dags/example_python_operator.py
[2024-04-21T14:57:52.420+0000] {logging_mixin.py:188} INFO - [2024-04-21T14:57:52.420+0000] {dag.py:3096} INFO - Sync 1 DAGs
[2024-04-21T14:57:52.425+0000] {logging_mixin.py:188} INFO - [2024-04-21T14:57:52.425+0000] {dag.py:3954} INFO - Setting next_dagrun for example_python_operator to None, run_after=None
[2024-04-21T14:57:52.433+0000] {processor.py:183} INFO - Processing /home/airflow/.local/lib/python3.12/site-packages/airflow/example_dags/example_python_operator.py took 0.037 seconds
[2024-04-21T14:58:23.455+0000] {processor.py:161} INFO - Started process (PID=6369) to work on /home/airflow/.local/lib/python3.12/site-packages/airflow/example_dags/example_python_operator.py
[2024-04-21T14:58:23.456+0000] {processor.py:830} INFO - Processing file /home/airflow/.local/lib/python3.12/site-packages/airflow/example_dags/example_python_operator.py for tasks to queue
[2024-04-21T14:58:23.457+0000] {logging_mixin.py:188} INFO - [2024-04-21T14:58:23.456+0000] {dagbag.py:540} INFO - Filling up the DagBag from /home/airflow/.local/lib/python3.12/site-packages/airflow/example_dags/example_python_operator.py
[2024-04-21T14:58:23.462+0000] {processor.py:840} INFO - DAG(s) 'example_python_operator' retrieved from /home/airflow/.local/lib/python3.12/site-packages/airflow/example_dags/example_python_operator.py
[2024-04-21T14:58:23.475+0000] {logging_mixin.py:188} INFO - [2024-04-21T14:58:23.475+0000] {dag.py:3096} INFO - Sync 1 DAGs
[2024-04-21T14:58:23.481+0000] {logging_mixin.py:188} INFO - [2024-04-21T14:58:23.481+0000] {dag.py:3954} INFO - Setting next_dagrun for example_python_operator to None, run_after=None
[2024-04-21T14:58:23.489+0000] {processor.py:183} INFO - Processing /home/airflow/.local/lib/python3.12/site-packages/airflow/example_dags/example_python_operator.py took 0.038 seconds
[2024-04-21T14:58:54.049+0000] {processor.py:161} INFO - Started process (PID=6642) to work on /home/airflow/.local/lib/python3.12/site-packages/airflow/example_dags/example_python_operator.py
[2024-04-21T14:58:54.049+0000] {processor.py:830} INFO - Processing file /home/airflow/.local/lib/python3.12/site-packages/airflow/example_dags/example_python_operator.py for tasks to queue
[2024-04-21T14:58:54.050+0000] {logging_mixin.py:188} INFO - [2024-04-21T14:58:54.050+0000] {dagbag.py:540} INFO - Filling up the DagBag from /home/airflow/.local/lib/python3.12/site-packages/airflow/example_dags/example_python_operator.py
[2024-04-21T14:58:54.056+0000] {processor.py:840} INFO - DAG(s) 'example_python_operator' retrieved from /home/airflow/.local/lib/python3.12/site-packages/airflow/example_dags/example_python_operator.py
[2024-04-21T14:58:54.069+0000] {logging_mixin.py:188} INFO - [2024-04-21T14:58:54.069+0000] {dag.py:3096} INFO - Sync 1 DAGs
[2024-04-21T14:58:54.075+0000] {logging_mixin.py:188} INFO - [2024-04-21T14:58:54.075+0000] {dag.py:3954} INFO - Setting next_dagrun for example_python_operator to None, run_after=None
[2024-04-21T14:58:54.082+0000] {processor.py:183} INFO - Processing /home/airflow/.local/lib/python3.12/site-packages/airflow/example_dags/example_python_operator.py took 0.036 seconds
[2024-04-21T14:59:24.728+0000] {processor.py:161} INFO - Started process (PID=6915) to work on /home/airflow/.local/lib/python3.12/site-packages/airflow/example_dags/example_python_operator.py
[2024-04-21T14:59:24.728+0000] {processor.py:830} INFO - Processing file /home/airflow/.local/lib/python3.12/site-packages/airflow/example_dags/example_python_operator.py for tasks to queue
[2024-04-21T14:59:24.730+0000] {logging_mixin.py:188} INFO - [2024-04-21T14:59:24.729+0000] {dagbag.py:540} INFO - Filling up the DagBag from /home/airflow/.local/lib/python3.12/site-packages/airflow/example_dags/example_python_operator.py
[2024-04-21T14:59:24.735+0000] {processor.py:840} INFO - DAG(s) 'example_python_operator' retrieved from /home/airflow/.local/lib/python3.12/site-packages/airflow/example_dags/example_python_operator.py
[2024-04-21T14:59:24.748+0000] {logging_mixin.py:188} INFO - [2024-04-21T14:59:24.748+0000] {dag.py:3096} INFO - Sync 1 DAGs
[2024-04-21T14:59:24.754+0000] {logging_mixin.py:188} INFO - [2024-04-21T14:59:24.754+0000] {dag.py:3954} INFO - Setting next_dagrun for example_python_operator to None, run_after=None
[2024-04-21T14:59:24.762+0000] {processor.py:183} INFO - Processing /home/airflow/.local/lib/python3.12/site-packages/airflow/example_dags/example_python_operator.py took 0.037 seconds
[2024-04-21T14:59:55.514+0000] {processor.py:161} INFO - Started process (PID=7182) to work on /home/airflow/.local/lib/python3.12/site-packages/airflow/example_dags/example_python_operator.py
[2024-04-21T14:59:55.515+0000] {processor.py:830} INFO - Processing file /home/airflow/.local/lib/python3.12/site-packages/airflow/example_dags/example_python_operator.py for tasks to queue
[2024-04-21T14:59:55.516+0000] {logging_mixin.py:188} INFO - [2024-04-21T14:59:55.515+0000] {dagbag.py:540} INFO - Filling up the DagBag from /home/airflow/.local/lib/python3.12/site-packages/airflow/example_dags/example_python_operator.py
[2024-04-21T14:59:55.521+0000] {processor.py:840} INFO - DAG(s) 'example_python_operator' retrieved from /home/airflow/.local/lib/python3.12/site-packages/airflow/example_dags/example_python_operator.py
[2024-04-21T14:59:55.534+0000] {logging_mixin.py:188} INFO - [2024-04-21T14:59:55.534+0000] {dag.py:3096} INFO - Sync 1 DAGs
[2024-04-21T14:59:55.539+0000] {logging_mixin.py:188} INFO - [2024-04-21T14:59:55.539+0000] {dag.py:3954} INFO - Setting next_dagrun for example_python_operator to None, run_after=None
[2024-04-21T14:59:55.547+0000] {processor.py:183} INFO - Processing /home/airflow/.local/lib/python3.12/site-packages/airflow/example_dags/example_python_operator.py took 0.036 seconds
[2024-04-21T15:00:26.376+0000] {processor.py:161} INFO - Started process (PID=7472) to work on /home/airflow/.local/lib/python3.12/site-packages/airflow/example_dags/example_python_operator.py
[2024-04-21T15:00:26.376+0000] {processor.py:830} INFO - Processing file /home/airflow/.local/lib/python3.12/site-packages/airflow/example_dags/example_python_operator.py for tasks to queue
[2024-04-21T15:00:26.377+0000] {logging_mixin.py:188} INFO - [2024-04-21T15:00:26.377+0000] {dagbag.py:540} INFO - Filling up the DagBag from /home/airflow/.local/lib/python3.12/site-packages/airflow/example_dags/example_python_operator.py
[2024-04-21T15:00:26.382+0000] {processor.py:840} INFO - DAG(s) 'example_python_operator' retrieved from /home/airflow/.local/lib/python3.12/site-packages/airflow/example_dags/example_python_operator.py
[2024-04-21T15:00:26.395+0000] {logging_mixin.py:188} INFO - [2024-04-21T15:00:26.395+0000] {dag.py:3096} INFO - Sync 1 DAGs
[2024-04-21T15:00:26.400+0000] {logging_mixin.py:188} INFO - [2024-04-21T15:00:26.400+0000] {dag.py:3954} INFO - Setting next_dagrun for example_python_operator to None, run_after=None
[2024-04-21T15:00:26.407+0000] {processor.py:183} INFO - Processing /home/airflow/.local/lib/python3.12/site-packages/airflow/example_dags/example_python_operator.py took 0.035 seconds
[2024-04-21T15:00:57.453+0000] {processor.py:161} INFO - Started process (PID=7741) to work on /home/airflow/.local/lib/python3.12/site-packages/airflow/example_dags/example_python_operator.py
[2024-04-21T15:00:57.453+0000] {processor.py:830} INFO - Processing file /home/airflow/.local/lib/python3.12/site-packages/airflow/example_dags/example_python_operator.py for tasks to queue
[2024-04-21T15:00:57.454+0000] {logging_mixin.py:188} INFO - [2024-04-21T15:00:57.454+0000] {dagbag.py:540} INFO - Filling up the DagBag from /home/airflow/.local/lib/python3.12/site-packages/airflow/example_dags/example_python_operator.py
[2024-04-21T15:00:57.460+0000] {processor.py:840} INFO - DAG(s) 'example_python_operator' retrieved from /home/airflow/.local/lib/python3.12/site-packages/airflow/example_dags/example_python_operator.py
[2024-04-21T15:00:57.473+0000] {logging_mixin.py:188} INFO - [2024-04-21T15:00:57.473+0000] {dag.py:3096} INFO - Sync 1 DAGs
[2024-04-21T15:00:57.478+0000] {logging_mixin.py:188} INFO - [2024-04-21T15:00:57.478+0000] {dag.py:3954} INFO - Setting next_dagrun for example_python_operator to None, run_after=None
[2024-04-21T15:00:57.485+0000] {processor.py:183} INFO - Processing /home/airflow/.local/lib/python3.12/site-packages/airflow/example_dags/example_python_operator.py took 0.035 seconds
[2024-04-21T15:01:27.602+0000] {processor.py:161} INFO - Started process (PID=8008) to work on /home/airflow/.local/lib/python3.12/site-packages/airflow/example_dags/example_python_operator.py
[2024-04-21T15:01:27.603+0000] {processor.py:830} INFO - Processing file /home/airflow/.local/lib/python3.12/site-packages/airflow/example_dags/example_python_operator.py for tasks to queue
[2024-04-21T15:01:27.604+0000] {logging_mixin.py:188} INFO - [2024-04-21T15:01:27.603+0000] {dagbag.py:540} INFO - Filling up the DagBag from /home/airflow/.local/lib/python3.12/site-packages/airflow/example_dags/example_python_operator.py
[2024-04-21T15:01:27.609+0000] {processor.py:840} INFO - DAG(s) 'example_python_operator' retrieved from /home/airflow/.local/lib/python3.12/site-packages/airflow/example_dags/example_python_operator.py
[2024-04-21T15:01:27.622+0000] {logging_mixin.py:188} INFO - [2024-04-21T15:01:27.622+0000] {dag.py:3096} INFO - Sync 1 DAGs
[2024-04-21T15:01:27.627+0000] {logging_mixin.py:188} INFO - [2024-04-21T15:01:27.627+0000] {dag.py:3954} INFO - Setting next_dagrun for example_python_operator to None, run_after=None
[2024-04-21T15:01:27.634+0000] {processor.py:183} INFO - Processing /home/airflow/.local/lib/python3.12/site-packages/airflow/example_dags/example_python_operator.py took 0.034 seconds
[2024-04-21T15:01:57.761+0000] {processor.py:161} INFO - Started process (PID=8288) to work on /home/airflow/.local/lib/python3.12/site-packages/airflow/example_dags/example_python_operator.py
[2024-04-21T15:01:57.761+0000] {processor.py:830} INFO - Processing file /home/airflow/.local/lib/python3.12/site-packages/airflow/example_dags/example_python_operator.py for tasks to queue
[2024-04-21T15:01:57.762+0000] {logging_mixin.py:188} INFO - [2024-04-21T15:01:57.762+0000] {dagbag.py:540} INFO - Filling up the DagBag from /home/airflow/.local/lib/python3.12/site-packages/airflow/example_dags/example_python_operator.py
[2024-04-21T15:01:57.768+0000] {processor.py:840} INFO - DAG(s) 'example_python_operator' retrieved from /home/airflow/.local/lib/python3.12/site-packages/airflow/example_dags/example_python_operator.py
[2024-04-21T15:01:57.780+0000] {logging_mixin.py:188} INFO - [2024-04-21T15:01:57.780+0000] {dag.py:3096} INFO - Sync 1 DAGs
[2024-04-21T15:01:57.785+0000] {logging_mixin.py:188} INFO - [2024-04-21T15:01:57.785+0000] {dag.py:3954} INFO - Setting next_dagrun for example_python_operator to None, run_after=None
[2024-04-21T15:01:57.793+0000] {processor.py:183} INFO - Processing /home/airflow/.local/lib/python3.12/site-packages/airflow/example_dags/example_python_operator.py took 0.035 seconds
[2024-04-21T15:02:28.608+0000] {processor.py:161} INFO - Started process (PID=8564) to work on /home/airflow/.local/lib/python3.12/site-packages/airflow/example_dags/example_python_operator.py
[2024-04-21T15:02:28.611+0000] {processor.py:830} INFO - Processing file /home/airflow/.local/lib/python3.12/site-packages/airflow/example_dags/example_python_operator.py for tasks to queue
[2024-04-21T15:02:28.612+0000] {logging_mixin.py:188} INFO - [2024-04-21T15:02:28.612+0000] {dagbag.py:540} INFO - Filling up the DagBag from /home/airflow/.local/lib/python3.12/site-packages/airflow/example_dags/example_python_operator.py
[2024-04-21T15:02:28.618+0000] {processor.py:840} INFO - DAG(s) 'example_python_operator' retrieved from /home/airflow/.local/lib/python3.12/site-packages/airflow/example_dags/example_python_operator.py
[2024-04-21T15:02:28.631+0000] {logging_mixin.py:188} INFO - [2024-04-21T15:02:28.631+0000] {dag.py:3096} INFO - Sync 1 DAGs
[2024-04-21T15:02:28.636+0000] {logging_mixin.py:188} INFO - [2024-04-21T15:02:28.636+0000] {dag.py:3954} INFO - Setting next_dagrun for example_python_operator to None, run_after=None
[2024-04-21T15:02:28.644+0000] {processor.py:183} INFO - Processing /home/airflow/.local/lib/python3.12/site-packages/airflow/example_dags/example_python_operator.py took 0.040 seconds
[2024-04-21T15:02:59.484+0000] {processor.py:161} INFO - Started process (PID=8840) to work on /home/airflow/.local/lib/python3.12/site-packages/airflow/example_dags/example_python_operator.py
[2024-04-21T15:02:59.484+0000] {processor.py:830} INFO - Processing file /home/airflow/.local/lib/python3.12/site-packages/airflow/example_dags/example_python_operator.py for tasks to queue
[2024-04-21T15:02:59.485+0000] {logging_mixin.py:188} INFO - [2024-04-21T15:02:59.485+0000] {dagbag.py:540} INFO - Filling up the DagBag from /home/airflow/.local/lib/python3.12/site-packages/airflow/example_dags/example_python_operator.py
[2024-04-21T15:02:59.491+0000] {processor.py:840} INFO - DAG(s) 'example_python_operator' retrieved from /home/airflow/.local/lib/python3.12/site-packages/airflow/example_dags/example_python_operator.py
[2024-04-21T15:02:59.504+0000] {logging_mixin.py:188} INFO - [2024-04-21T15:02:59.504+0000] {dag.py:3096} INFO - Sync 1 DAGs
[2024-04-21T15:02:59.509+0000] {logging_mixin.py:188} INFO - [2024-04-21T15:02:59.509+0000] {dag.py:3954} INFO - Setting next_dagrun for example_python_operator to None, run_after=None
[2024-04-21T15:02:59.516+0000] {processor.py:183} INFO - Processing /home/airflow/.local/lib/python3.12/site-packages/airflow/example_dags/example_python_operator.py took 0.035 seconds
[2024-04-21T15:03:30.378+0000] {processor.py:161} INFO - Started process (PID=9107) to work on /home/airflow/.local/lib/python3.12/site-packages/airflow/example_dags/example_python_operator.py
[2024-04-21T15:03:30.379+0000] {processor.py:830} INFO - Processing file /home/airflow/.local/lib/python3.12/site-packages/airflow/example_dags/example_python_operator.py for tasks to queue
[2024-04-21T15:03:30.380+0000] {logging_mixin.py:188} INFO - [2024-04-21T15:03:30.380+0000] {dagbag.py:540} INFO - Filling up the DagBag from /home/airflow/.local/lib/python3.12/site-packages/airflow/example_dags/example_python_operator.py
[2024-04-21T15:03:30.385+0000] {processor.py:840} INFO - DAG(s) 'example_python_operator' retrieved from /home/airflow/.local/lib/python3.12/site-packages/airflow/example_dags/example_python_operator.py
[2024-04-21T15:03:30.398+0000] {logging_mixin.py:188} INFO - [2024-04-21T15:03:30.398+0000] {dag.py:3096} INFO - Sync 1 DAGs
[2024-04-21T15:03:30.403+0000] {logging_mixin.py:188} INFO - [2024-04-21T15:03:30.403+0000] {dag.py:3954} INFO - Setting next_dagrun for example_python_operator to None, run_after=None
[2024-04-21T15:03:30.411+0000] {processor.py:183} INFO - Processing /home/airflow/.local/lib/python3.12/site-packages/airflow/example_dags/example_python_operator.py took 0.036 seconds
[2024-04-21T15:04:01.323+0000] {processor.py:161} INFO - Started process (PID=9374) to work on /home/airflow/.local/lib/python3.12/site-packages/airflow/example_dags/example_python_operator.py
[2024-04-21T15:04:01.324+0000] {processor.py:830} INFO - Processing file /home/airflow/.local/lib/python3.12/site-packages/airflow/example_dags/example_python_operator.py for tasks to queue
[2024-04-21T15:04:01.325+0000] {logging_mixin.py:188} INFO - [2024-04-21T15:04:01.325+0000] {dagbag.py:540} INFO - Filling up the DagBag from /home/airflow/.local/lib/python3.12/site-packages/airflow/example_dags/example_python_operator.py
[2024-04-21T15:04:01.330+0000] {processor.py:840} INFO - DAG(s) 'example_python_operator' retrieved from /home/airflow/.local/lib/python3.12/site-packages/airflow/example_dags/example_python_operator.py
[2024-04-21T15:04:01.342+0000] {logging_mixin.py:188} INFO - [2024-04-21T15:04:01.342+0000] {dag.py:3096} INFO - Sync 1 DAGs
[2024-04-21T15:04:01.348+0000] {logging_mixin.py:188} INFO - [2024-04-21T15:04:01.348+0000] {dag.py:3954} INFO - Setting next_dagrun for example_python_operator to None, run_after=None
[2024-04-21T15:04:01.354+0000] {processor.py:183} INFO - Processing /home/airflow/.local/lib/python3.12/site-packages/airflow/example_dags/example_python_operator.py took 0.034 seconds
[2024-04-21T15:04:32.154+0000] {processor.py:161} INFO - Started process (PID=9641) to work on /home/airflow/.local/lib/python3.12/site-packages/airflow/example_dags/example_python_operator.py
[2024-04-21T15:04:32.155+0000] {processor.py:830} INFO - Processing file /home/airflow/.local/lib/python3.12/site-packages/airflow/example_dags/example_python_operator.py for tasks to queue
[2024-04-21T15:04:32.156+0000] {logging_mixin.py:188} INFO - [2024-04-21T15:04:32.156+0000] {dagbag.py:540} INFO - Filling up the DagBag from /home/airflow/.local/lib/python3.12/site-packages/airflow/example_dags/example_python_operator.py
[2024-04-21T15:04:32.161+0000] {processor.py:840} INFO - DAG(s) 'example_python_operator' retrieved from /home/airflow/.local/lib/python3.12/site-packages/airflow/example_dags/example_python_operator.py
[2024-04-21T15:04:32.174+0000] {logging_mixin.py:188} INFO - [2024-04-21T15:04:32.174+0000] {dag.py:3096} INFO - Sync 1 DAGs
[2024-04-21T15:04:32.179+0000] {logging_mixin.py:188} INFO - [2024-04-21T15:04:32.179+0000] {dag.py:3954} INFO - Setting next_dagrun for example_python_operator to None, run_after=None
[2024-04-21T15:04:32.186+0000] {processor.py:183} INFO - Processing /home/airflow/.local/lib/python3.12/site-packages/airflow/example_dags/example_python_operator.py took 0.035 seconds
[2024-04-21T15:05:02.995+0000] {processor.py:161} INFO - Started process (PID=9907) to work on /home/airflow/.local/lib/python3.12/site-packages/airflow/example_dags/example_python_operator.py
[2024-04-21T15:05:02.995+0000] {processor.py:830} INFO - Processing file /home/airflow/.local/lib/python3.12/site-packages/airflow/example_dags/example_python_operator.py for tasks to queue
[2024-04-21T15:05:02.996+0000] {logging_mixin.py:188} INFO - [2024-04-21T15:05:02.996+0000] {dagbag.py:540} INFO - Filling up the DagBag from /home/airflow/.local/lib/python3.12/site-packages/airflow/example_dags/example_python_operator.py
[2024-04-21T15:05:03.002+0000] {processor.py:840} INFO - DAG(s) 'example_python_operator' retrieved from /home/airflow/.local/lib/python3.12/site-packages/airflow/example_dags/example_python_operator.py
[2024-04-21T15:05:03.015+0000] {logging_mixin.py:188} INFO - [2024-04-21T15:05:03.015+0000] {dag.py:3096} INFO - Sync 1 DAGs
[2024-04-21T15:05:03.020+0000] {logging_mixin.py:188} INFO - [2024-04-21T15:05:03.020+0000] {dag.py:3954} INFO - Setting next_dagrun for example_python_operator to None, run_after=None
[2024-04-21T15:05:03.028+0000] {processor.py:183} INFO - Processing /home/airflow/.local/lib/python3.12/site-packages/airflow/example_dags/example_python_operator.py took 0.036 seconds
[2024-04-21T15:05:33.883+0000] {processor.py:161} INFO - Started process (PID=10174) to work on /home/airflow/.local/lib/python3.12/site-packages/airflow/example_dags/example_python_operator.py
[2024-04-21T15:05:33.884+0000] {processor.py:830} INFO - Processing file /home/airflow/.local/lib/python3.12/site-packages/airflow/example_dags/example_python_operator.py for tasks to queue
[2024-04-21T15:05:33.885+0000] {logging_mixin.py:188} INFO - [2024-04-21T15:05:33.885+0000] {dagbag.py:540} INFO - Filling up the DagBag from /home/airflow/.local/lib/python3.12/site-packages/airflow/example_dags/example_python_operator.py
[2024-04-21T15:05:33.891+0000] {processor.py:840} INFO - DAG(s) 'example_python_operator' retrieved from /home/airflow/.local/lib/python3.12/site-packages/airflow/example_dags/example_python_operator.py
[2024-04-21T15:05:33.903+0000] {logging_mixin.py:188} INFO - [2024-04-21T15:05:33.903+0000] {dag.py:3096} INFO - Sync 1 DAGs
[2024-04-21T15:05:33.908+0000] {logging_mixin.py:188} INFO - [2024-04-21T15:05:33.908+0000] {dag.py:3954} INFO - Setting next_dagrun for example_python_operator to None, run_after=None
[2024-04-21T15:05:33.915+0000] {processor.py:183} INFO - Processing /home/airflow/.local/lib/python3.12/site-packages/airflow/example_dags/example_python_operator.py took 0.035 seconds
[2024-04-21T15:06:04.759+0000] {processor.py:161} INFO - Started process (PID=10441) to work on /home/airflow/.local/lib/python3.12/site-packages/airflow/example_dags/example_python_operator.py
[2024-04-21T15:06:04.760+0000] {processor.py:830} INFO - Processing file /home/airflow/.local/lib/python3.12/site-packages/airflow/example_dags/example_python_operator.py for tasks to queue
[2024-04-21T15:06:04.761+0000] {logging_mixin.py:188} INFO - [2024-04-21T15:06:04.761+0000] {dagbag.py:540} INFO - Filling up the DagBag from /home/airflow/.local/lib/python3.12/site-packages/airflow/example_dags/example_python_operator.py
[2024-04-21T15:06:04.766+0000] {processor.py:840} INFO - DAG(s) 'example_python_operator' retrieved from /home/airflow/.local/lib/python3.12/site-packages/airflow/example_dags/example_python_operator.py
[2024-04-21T15:06:04.779+0000] {logging_mixin.py:188} INFO - [2024-04-21T15:06:04.779+0000] {dag.py:3096} INFO - Sync 1 DAGs
[2024-04-21T15:06:04.785+0000] {logging_mixin.py:188} INFO - [2024-04-21T15:06:04.785+0000] {dag.py:3954} INFO - Setting next_dagrun for example_python_operator to None, run_after=None
[2024-04-21T15:06:04.792+0000] {processor.py:183} INFO - Processing /home/airflow/.local/lib/python3.12/site-packages/airflow/example_dags/example_python_operator.py took 0.036 seconds
[2024-04-21T15:06:35.604+0000] {processor.py:161} INFO - Started process (PID=10708) to work on /home/airflow/.local/lib/python3.12/site-packages/airflow/example_dags/example_python_operator.py
[2024-04-21T15:06:35.605+0000] {processor.py:830} INFO - Processing file /home/airflow/.local/lib/python3.12/site-packages/airflow/example_dags/example_python_operator.py for tasks to queue
[2024-04-21T15:06:35.606+0000] {logging_mixin.py:188} INFO - [2024-04-21T15:06:35.606+0000] {dagbag.py:540} INFO - Filling up the DagBag from /home/airflow/.local/lib/python3.12/site-packages/airflow/example_dags/example_python_operator.py
[2024-04-21T15:06:35.611+0000] {processor.py:840} INFO - DAG(s) 'example_python_operator' retrieved from /home/airflow/.local/lib/python3.12/site-packages/airflow/example_dags/example_python_operator.py
[2024-04-21T15:06:35.624+0000] {logging_mixin.py:188} INFO - [2024-04-21T15:06:35.624+0000] {dag.py:3096} INFO - Sync 1 DAGs
[2024-04-21T15:06:35.630+0000] {logging_mixin.py:188} INFO - [2024-04-21T15:06:35.630+0000] {dag.py:3954} INFO - Setting next_dagrun for example_python_operator to None, run_after=None
[2024-04-21T15:06:35.638+0000] {processor.py:183} INFO - Processing /home/airflow/.local/lib/python3.12/site-packages/airflow/example_dags/example_python_operator.py took 0.037 seconds
[2024-04-21T15:07:05.723+0000] {processor.py:161} INFO - Started process (PID=10975) to work on /home/airflow/.local/lib/python3.12/site-packages/airflow/example_dags/example_python_operator.py
[2024-04-21T15:07:05.724+0000] {processor.py:830} INFO - Processing file /home/airflow/.local/lib/python3.12/site-packages/airflow/example_dags/example_python_operator.py for tasks to queue
[2024-04-21T15:07:05.725+0000] {logging_mixin.py:188} INFO - [2024-04-21T15:07:05.725+0000] {dagbag.py:540} INFO - Filling up the DagBag from /home/airflow/.local/lib/python3.12/site-packages/airflow/example_dags/example_python_operator.py
[2024-04-21T15:07:05.730+0000] {processor.py:840} INFO - DAG(s) 'example_python_operator' retrieved from /home/airflow/.local/lib/python3.12/site-packages/airflow/example_dags/example_python_operator.py
[2024-04-21T15:07:05.745+0000] {logging_mixin.py:188} INFO - [2024-04-21T15:07:05.745+0000] {dag.py:3096} INFO - Sync 1 DAGs
[2024-04-21T15:07:05.751+0000] {logging_mixin.py:188} INFO - [2024-04-21T15:07:05.751+0000] {dag.py:3954} INFO - Setting next_dagrun for example_python_operator to None, run_after=None
[2024-04-21T15:07:05.759+0000] {processor.py:183} INFO - Processing /home/airflow/.local/lib/python3.12/site-packages/airflow/example_dags/example_python_operator.py took 0.039 seconds
[2024-04-21T15:07:36.034+0000] {processor.py:161} INFO - Started process (PID=11262) to work on /home/airflow/.local/lib/python3.12/site-packages/airflow/example_dags/example_python_operator.py
[2024-04-21T15:07:36.034+0000] {processor.py:830} INFO - Processing file /home/airflow/.local/lib/python3.12/site-packages/airflow/example_dags/example_python_operator.py for tasks to queue
[2024-04-21T15:07:36.035+0000] {logging_mixin.py:188} INFO - [2024-04-21T15:07:36.035+0000] {dagbag.py:540} INFO - Filling up the DagBag from /home/airflow/.local/lib/python3.12/site-packages/airflow/example_dags/example_python_operator.py
[2024-04-21T15:07:36.041+0000] {processor.py:840} INFO - DAG(s) 'example_python_operator' retrieved from /home/airflow/.local/lib/python3.12/site-packages/airflow/example_dags/example_python_operator.py
[2024-04-21T15:07:36.054+0000] {logging_mixin.py:188} INFO - [2024-04-21T15:07:36.054+0000] {dag.py:3096} INFO - Sync 1 DAGs
[2024-04-21T15:07:36.059+0000] {logging_mixin.py:188} INFO - [2024-04-21T15:07:36.059+0000] {dag.py:3954} INFO - Setting next_dagrun for example_python_operator to None, run_after=None
[2024-04-21T15:07:36.067+0000] {processor.py:183} INFO - Processing /home/airflow/.local/lib/python3.12/site-packages/airflow/example_dags/example_python_operator.py took 0.037 seconds
[2024-04-21T15:08:06.103+0000] {processor.py:161} INFO - Started process (PID=11542) to work on /home/airflow/.local/lib/python3.12/site-packages/airflow/example_dags/example_python_operator.py
[2024-04-21T15:08:06.104+0000] {processor.py:830} INFO - Processing file /home/airflow/.local/lib/python3.12/site-packages/airflow/example_dags/example_python_operator.py for tasks to queue
[2024-04-21T15:08:06.105+0000] {logging_mixin.py:188} INFO - [2024-04-21T15:08:06.105+0000] {dagbag.py:540} INFO - Filling up the DagBag from /home/airflow/.local/lib/python3.12/site-packages/airflow/example_dags/example_python_operator.py
[2024-04-21T15:08:06.111+0000] {processor.py:840} INFO - DAG(s) 'example_python_operator' retrieved from /home/airflow/.local/lib/python3.12/site-packages/airflow/example_dags/example_python_operator.py
[2024-04-21T15:08:06.123+0000] {logging_mixin.py:188} INFO - [2024-04-21T15:08:06.123+0000] {dag.py:3096} INFO - Sync 1 DAGs
[2024-04-21T15:08:06.129+0000] {logging_mixin.py:188} INFO - [2024-04-21T15:08:06.129+0000] {dag.py:3954} INFO - Setting next_dagrun for example_python_operator to None, run_after=None
[2024-04-21T15:08:06.136+0000] {processor.py:183} INFO - Processing /home/airflow/.local/lib/python3.12/site-packages/airflow/example_dags/example_python_operator.py took 0.036 seconds
[2024-04-21T15:08:37.160+0000] {processor.py:161} INFO - Started process (PID=11823) to work on /home/airflow/.local/lib/python3.12/site-packages/airflow/example_dags/example_python_operator.py
[2024-04-21T15:08:37.160+0000] {processor.py:830} INFO - Processing file /home/airflow/.local/lib/python3.12/site-packages/airflow/example_dags/example_python_operator.py for tasks to queue
[2024-04-21T15:08:37.161+0000] {logging_mixin.py:188} INFO - [2024-04-21T15:08:37.161+0000] {dagbag.py:540} INFO - Filling up the DagBag from /home/airflow/.local/lib/python3.12/site-packages/airflow/example_dags/example_python_operator.py
[2024-04-21T15:08:37.167+0000] {processor.py:840} INFO - DAG(s) 'example_python_operator' retrieved from /home/airflow/.local/lib/python3.12/site-packages/airflow/example_dags/example_python_operator.py
[2024-04-21T15:08:37.180+0000] {logging_mixin.py:188} INFO - [2024-04-21T15:08:37.180+0000] {dag.py:3096} INFO - Sync 1 DAGs
[2024-04-21T15:08:37.185+0000] {logging_mixin.py:188} INFO - [2024-04-21T15:08:37.185+0000] {dag.py:3954} INFO - Setting next_dagrun for example_python_operator to None, run_after=None
[2024-04-21T15:08:37.193+0000] {processor.py:183} INFO - Processing /home/airflow/.local/lib/python3.12/site-packages/airflow/example_dags/example_python_operator.py took 0.036 seconds
[2024-04-21T15:09:08.087+0000] {processor.py:161} INFO - Started process (PID=12091) to work on /home/airflow/.local/lib/python3.12/site-packages/airflow/example_dags/example_python_operator.py
[2024-04-21T15:09:08.088+0000] {processor.py:830} INFO - Processing file /home/airflow/.local/lib/python3.12/site-packages/airflow/example_dags/example_python_operator.py for tasks to queue
[2024-04-21T15:09:08.089+0000] {logging_mixin.py:188} INFO - [2024-04-21T15:09:08.088+0000] {dagbag.py:540} INFO - Filling up the DagBag from /home/airflow/.local/lib/python3.12/site-packages/airflow/example_dags/example_python_operator.py
[2024-04-21T15:09:08.095+0000] {processor.py:840} INFO - DAG(s) 'example_python_operator' retrieved from /home/airflow/.local/lib/python3.12/site-packages/airflow/example_dags/example_python_operator.py
[2024-04-21T15:09:08.109+0000] {logging_mixin.py:188} INFO - [2024-04-21T15:09:08.109+0000] {dag.py:3096} INFO - Sync 1 DAGs
[2024-04-21T15:09:08.115+0000] {logging_mixin.py:188} INFO - [2024-04-21T15:09:08.115+0000] {dag.py:3954} INFO - Setting next_dagrun for example_python_operator to None, run_after=None
[2024-04-21T15:09:08.124+0000] {processor.py:183} INFO - Processing /home/airflow/.local/lib/python3.12/site-packages/airflow/example_dags/example_python_operator.py took 0.040 seconds
[2024-04-21T15:09:38.889+0000] {processor.py:161} INFO - Started process (PID=12358) to work on /home/airflow/.local/lib/python3.12/site-packages/airflow/example_dags/example_python_operator.py
[2024-04-21T15:09:38.890+0000] {processor.py:830} INFO - Processing file /home/airflow/.local/lib/python3.12/site-packages/airflow/example_dags/example_python_operator.py for tasks to queue
[2024-04-21T15:09:38.891+0000] {logging_mixin.py:188} INFO - [2024-04-21T15:09:38.891+0000] {dagbag.py:540} INFO - Filling up the DagBag from /home/airflow/.local/lib/python3.12/site-packages/airflow/example_dags/example_python_operator.py
[2024-04-21T15:09:38.896+0000] {processor.py:840} INFO - DAG(s) 'example_python_operator' retrieved from /home/airflow/.local/lib/python3.12/site-packages/airflow/example_dags/example_python_operator.py
[2024-04-21T15:09:38.909+0000] {logging_mixin.py:188} INFO - [2024-04-21T15:09:38.909+0000] {dag.py:3096} INFO - Sync 1 DAGs
[2024-04-21T15:09:38.915+0000] {logging_mixin.py:188} INFO - [2024-04-21T15:09:38.915+0000] {dag.py:3954} INFO - Setting next_dagrun for example_python_operator to None, run_after=None
[2024-04-21T15:09:38.923+0000] {processor.py:183} INFO - Processing /home/airflow/.local/lib/python3.12/site-packages/airflow/example_dags/example_python_operator.py took 0.037 seconds
[2024-04-21T15:10:09.860+0000] {processor.py:161} INFO - Started process (PID=12625) to work on /home/airflow/.local/lib/python3.12/site-packages/airflow/example_dags/example_python_operator.py
[2024-04-21T15:10:09.861+0000] {processor.py:830} INFO - Processing file /home/airflow/.local/lib/python3.12/site-packages/airflow/example_dags/example_python_operator.py for tasks to queue
[2024-04-21T15:10:09.862+0000] {logging_mixin.py:188} INFO - [2024-04-21T15:10:09.861+0000] {dagbag.py:540} INFO - Filling up the DagBag from /home/airflow/.local/lib/python3.12/site-packages/airflow/example_dags/example_python_operator.py
[2024-04-21T15:10:09.867+0000] {processor.py:840} INFO - DAG(s) 'example_python_operator' retrieved from /home/airflow/.local/lib/python3.12/site-packages/airflow/example_dags/example_python_operator.py
[2024-04-21T15:10:09.882+0000] {logging_mixin.py:188} INFO - [2024-04-21T15:10:09.882+0000] {dag.py:3096} INFO - Sync 1 DAGs
[2024-04-21T15:10:09.889+0000] {logging_mixin.py:188} INFO - [2024-04-21T15:10:09.888+0000] {dag.py:3954} INFO - Setting next_dagrun for example_python_operator to None, run_after=None
[2024-04-21T15:10:09.898+0000] {processor.py:183} INFO - Processing /home/airflow/.local/lib/python3.12/site-packages/airflow/example_dags/example_python_operator.py took 0.042 seconds
[2024-04-21T15:10:40.178+0000] {processor.py:161} INFO - Started process (PID=12895) to work on /home/airflow/.local/lib/python3.12/site-packages/airflow/example_dags/example_python_operator.py
[2024-04-21T15:10:40.178+0000] {processor.py:830} INFO - Processing file /home/airflow/.local/lib/python3.12/site-packages/airflow/example_dags/example_python_operator.py for tasks to queue
[2024-04-21T15:10:40.180+0000] {logging_mixin.py:188} INFO - [2024-04-21T15:10:40.179+0000] {dagbag.py:540} INFO - Filling up the DagBag from /home/airflow/.local/lib/python3.12/site-packages/airflow/example_dags/example_python_operator.py
[2024-04-21T15:10:40.186+0000] {processor.py:840} INFO - DAG(s) 'example_python_operator' retrieved from /home/airflow/.local/lib/python3.12/site-packages/airflow/example_dags/example_python_operator.py
[2024-04-21T15:10:40.201+0000] {logging_mixin.py:188} INFO - [2024-04-21T15:10:40.201+0000] {dag.py:3096} INFO - Sync 1 DAGs
[2024-04-21T15:10:40.207+0000] {logging_mixin.py:188} INFO - [2024-04-21T15:10:40.207+0000] {dag.py:3954} INFO - Setting next_dagrun for example_python_operator to None, run_after=None
[2024-04-21T15:10:40.216+0000] {processor.py:183} INFO - Processing /home/airflow/.local/lib/python3.12/site-packages/airflow/example_dags/example_python_operator.py took 0.042 seconds
[2024-04-21T15:11:11.220+0000] {processor.py:161} INFO - Started process (PID=13176) to work on /home/airflow/.local/lib/python3.12/site-packages/airflow/example_dags/example_python_operator.py
[2024-04-21T15:11:11.221+0000] {processor.py:830} INFO - Processing file /home/airflow/.local/lib/python3.12/site-packages/airflow/example_dags/example_python_operator.py for tasks to queue
[2024-04-21T15:11:11.222+0000] {logging_mixin.py:188} INFO - [2024-04-21T15:11:11.222+0000] {dagbag.py:540} INFO - Filling up the DagBag from /home/airflow/.local/lib/python3.12/site-packages/airflow/example_dags/example_python_operator.py
[2024-04-21T15:11:11.228+0000] {processor.py:840} INFO - DAG(s) 'example_python_operator' retrieved from /home/airflow/.local/lib/python3.12/site-packages/airflow/example_dags/example_python_operator.py
[2024-04-21T15:11:11.240+0000] {logging_mixin.py:188} INFO - [2024-04-21T15:11:11.240+0000] {dag.py:3096} INFO - Sync 1 DAGs
[2024-04-21T15:11:11.246+0000] {logging_mixin.py:188} INFO - [2024-04-21T15:11:11.246+0000] {dag.py:3954} INFO - Setting next_dagrun for example_python_operator to None, run_after=None
[2024-04-21T15:11:11.252+0000] {processor.py:183} INFO - Processing /home/airflow/.local/lib/python3.12/site-packages/airflow/example_dags/example_python_operator.py took 0.036 seconds
[2024-04-21T15:11:42.237+0000] {processor.py:161} INFO - Started process (PID=13450) to work on /home/airflow/.local/lib/python3.12/site-packages/airflow/example_dags/example_python_operator.py
[2024-04-21T15:11:42.237+0000] {processor.py:830} INFO - Processing file /home/airflow/.local/lib/python3.12/site-packages/airflow/example_dags/example_python_operator.py for tasks to queue
[2024-04-21T15:11:42.239+0000] {logging_mixin.py:188} INFO - [2024-04-21T15:11:42.238+0000] {dagbag.py:540} INFO - Filling up the DagBag from /home/airflow/.local/lib/python3.12/site-packages/airflow/example_dags/example_python_operator.py
[2024-04-21T15:11:42.244+0000] {processor.py:840} INFO - DAG(s) 'example_python_operator' retrieved from /home/airflow/.local/lib/python3.12/site-packages/airflow/example_dags/example_python_operator.py
[2024-04-21T15:11:42.257+0000] {logging_mixin.py:188} INFO - [2024-04-21T15:11:42.257+0000] {dag.py:3096} INFO - Sync 1 DAGs
[2024-04-21T15:11:42.262+0000] {logging_mixin.py:188} INFO - [2024-04-21T15:11:42.262+0000] {dag.py:3954} INFO - Setting next_dagrun for example_python_operator to None, run_after=None
[2024-04-21T15:11:42.269+0000] {processor.py:183} INFO - Processing /home/airflow/.local/lib/python3.12/site-packages/airflow/example_dags/example_python_operator.py took 0.035 seconds
[2024-04-21T15:12:13.311+0000] {processor.py:161} INFO - Started process (PID=13732) to work on /home/airflow/.local/lib/python3.12/site-packages/airflow/example_dags/example_python_operator.py
[2024-04-21T15:12:13.311+0000] {processor.py:830} INFO - Processing file /home/airflow/.local/lib/python3.12/site-packages/airflow/example_dags/example_python_operator.py for tasks to queue
[2024-04-21T15:12:13.312+0000] {logging_mixin.py:188} INFO - [2024-04-21T15:12:13.312+0000] {dagbag.py:540} INFO - Filling up the DagBag from /home/airflow/.local/lib/python3.12/site-packages/airflow/example_dags/example_python_operator.py
[2024-04-21T15:12:13.318+0000] {processor.py:840} INFO - DAG(s) 'example_python_operator' retrieved from /home/airflow/.local/lib/python3.12/site-packages/airflow/example_dags/example_python_operator.py
[2024-04-21T15:12:13.331+0000] {logging_mixin.py:188} INFO - [2024-04-21T15:12:13.331+0000] {dag.py:3096} INFO - Sync 1 DAGs
[2024-04-21T15:12:13.336+0000] {logging_mixin.py:188} INFO - [2024-04-21T15:12:13.336+0000] {dag.py:3954} INFO - Setting next_dagrun for example_python_operator to None, run_after=None
[2024-04-21T15:12:13.344+0000] {processor.py:183} INFO - Processing /home/airflow/.local/lib/python3.12/site-packages/airflow/example_dags/example_python_operator.py took 0.036 seconds
[2024-04-21T15:12:44.039+0000] {processor.py:161} INFO - Started process (PID=14008) to work on /home/airflow/.local/lib/python3.12/site-packages/airflow/example_dags/example_python_operator.py
[2024-04-21T15:12:44.039+0000] {processor.py:830} INFO - Processing file /home/airflow/.local/lib/python3.12/site-packages/airflow/example_dags/example_python_operator.py for tasks to queue
[2024-04-21T15:12:44.040+0000] {logging_mixin.py:188} INFO - [2024-04-21T15:12:44.040+0000] {dagbag.py:540} INFO - Filling up the DagBag from /home/airflow/.local/lib/python3.12/site-packages/airflow/example_dags/example_python_operator.py
[2024-04-21T15:12:44.046+0000] {processor.py:840} INFO - DAG(s) 'example_python_operator' retrieved from /home/airflow/.local/lib/python3.12/site-packages/airflow/example_dags/example_python_operator.py
[2024-04-21T15:12:44.058+0000] {logging_mixin.py:188} INFO - [2024-04-21T15:12:44.058+0000] {dag.py:3096} INFO - Sync 1 DAGs
[2024-04-21T15:12:44.064+0000] {logging_mixin.py:188} INFO - [2024-04-21T15:12:44.064+0000] {dag.py:3954} INFO - Setting next_dagrun for example_python_operator to None, run_after=None
[2024-04-21T15:12:44.070+0000] {processor.py:183} INFO - Processing /home/airflow/.local/lib/python3.12/site-packages/airflow/example_dags/example_python_operator.py took 0.035 seconds
[2024-04-21T15:13:15.078+0000] {processor.py:161} INFO - Started process (PID=14294) to work on /home/airflow/.local/lib/python3.12/site-packages/airflow/example_dags/example_python_operator.py
[2024-04-21T15:13:15.079+0000] {processor.py:830} INFO - Processing file /home/airflow/.local/lib/python3.12/site-packages/airflow/example_dags/example_python_operator.py for tasks to queue
[2024-04-21T15:13:15.080+0000] {logging_mixin.py:188} INFO - [2024-04-21T15:13:15.080+0000] {dagbag.py:540} INFO - Filling up the DagBag from /home/airflow/.local/lib/python3.12/site-packages/airflow/example_dags/example_python_operator.py
[2024-04-21T15:13:15.085+0000] {processor.py:840} INFO - DAG(s) 'example_python_operator' retrieved from /home/airflow/.local/lib/python3.12/site-packages/airflow/example_dags/example_python_operator.py
[2024-04-21T15:13:15.098+0000] {logging_mixin.py:188} INFO - [2024-04-21T15:13:15.098+0000] {dag.py:3096} INFO - Sync 1 DAGs
[2024-04-21T15:13:15.103+0000] {logging_mixin.py:188} INFO - [2024-04-21T15:13:15.103+0000] {dag.py:3954} INFO - Setting next_dagrun for example_python_operator to None, run_after=None
[2024-04-21T15:13:15.110+0000] {processor.py:183} INFO - Processing /home/airflow/.local/lib/python3.12/site-packages/airflow/example_dags/example_python_operator.py took 0.035 seconds
[2024-04-21T15:13:46.017+0000] {processor.py:161} INFO - Started process (PID=14560) to work on /home/airflow/.local/lib/python3.12/site-packages/airflow/example_dags/example_python_operator.py
[2024-04-21T15:13:46.017+0000] {processor.py:830} INFO - Processing file /home/airflow/.local/lib/python3.12/site-packages/airflow/example_dags/example_python_operator.py for tasks to queue
[2024-04-21T15:13:46.019+0000] {logging_mixin.py:188} INFO - [2024-04-21T15:13:46.018+0000] {dagbag.py:540} INFO - Filling up the DagBag from /home/airflow/.local/lib/python3.12/site-packages/airflow/example_dags/example_python_operator.py
[2024-04-21T15:13:46.025+0000] {processor.py:840} INFO - DAG(s) 'example_python_operator' retrieved from /home/airflow/.local/lib/python3.12/site-packages/airflow/example_dags/example_python_operator.py
[2024-04-21T15:13:46.041+0000] {logging_mixin.py:188} INFO - [2024-04-21T15:13:46.041+0000] {dag.py:3096} INFO - Sync 1 DAGs
[2024-04-21T15:13:46.048+0000] {logging_mixin.py:188} INFO - [2024-04-21T15:13:46.048+0000] {dag.py:3954} INFO - Setting next_dagrun for example_python_operator to None, run_after=None
[2024-04-21T15:13:46.058+0000] {processor.py:183} INFO - Processing /home/airflow/.local/lib/python3.12/site-packages/airflow/example_dags/example_python_operator.py took 0.045 seconds
[2024-04-21T15:14:16.131+0000] {processor.py:161} INFO - Started process (PID=14827) to work on /home/airflow/.local/lib/python3.12/site-packages/airflow/example_dags/example_python_operator.py
[2024-04-21T15:14:16.132+0000] {processor.py:830} INFO - Processing file /home/airflow/.local/lib/python3.12/site-packages/airflow/example_dags/example_python_operator.py for tasks to queue
[2024-04-21T15:14:16.133+0000] {logging_mixin.py:188} INFO - [2024-04-21T15:14:16.132+0000] {dagbag.py:540} INFO - Filling up the DagBag from /home/airflow/.local/lib/python3.12/site-packages/airflow/example_dags/example_python_operator.py
[2024-04-21T15:14:16.138+0000] {processor.py:840} INFO - DAG(s) 'example_python_operator' retrieved from /home/airflow/.local/lib/python3.12/site-packages/airflow/example_dags/example_python_operator.py
[2024-04-21T15:14:16.151+0000] {logging_mixin.py:188} INFO - [2024-04-21T15:14:16.151+0000] {dag.py:3096} INFO - Sync 1 DAGs
[2024-04-21T15:14:16.156+0000] {logging_mixin.py:188} INFO - [2024-04-21T15:14:16.156+0000] {dag.py:3954} INFO - Setting next_dagrun for example_python_operator to None, run_after=None
[2024-04-21T15:14:16.163+0000] {processor.py:183} INFO - Processing /home/airflow/.local/lib/python3.12/site-packages/airflow/example_dags/example_python_operator.py took 0.036 seconds
[2024-04-21T15:14:46.319+0000] {processor.py:161} INFO - Started process (PID=15093) to work on /home/airflow/.local/lib/python3.12/site-packages/airflow/example_dags/example_python_operator.py
[2024-04-21T15:14:46.319+0000] {processor.py:830} INFO - Processing file /home/airflow/.local/lib/python3.12/site-packages/airflow/example_dags/example_python_operator.py for tasks to queue
[2024-04-21T15:14:46.321+0000] {logging_mixin.py:188} INFO - [2024-04-21T15:14:46.320+0000] {dagbag.py:540} INFO - Filling up the DagBag from /home/airflow/.local/lib/python3.12/site-packages/airflow/example_dags/example_python_operator.py
[2024-04-21T15:14:46.326+0000] {processor.py:840} INFO - DAG(s) 'example_python_operator' retrieved from /home/airflow/.local/lib/python3.12/site-packages/airflow/example_dags/example_python_operator.py
[2024-04-21T15:14:46.339+0000] {logging_mixin.py:188} INFO - [2024-04-21T15:14:46.338+0000] {dag.py:3096} INFO - Sync 1 DAGs
[2024-04-21T15:14:46.344+0000] {logging_mixin.py:188} INFO - [2024-04-21T15:14:46.344+0000] {dag.py:3954} INFO - Setting next_dagrun for example_python_operator to None, run_after=None
[2024-04-21T15:14:46.351+0000] {processor.py:183} INFO - Processing /home/airflow/.local/lib/python3.12/site-packages/airflow/example_dags/example_python_operator.py took 0.035 seconds
[2024-04-21T15:15:16.431+0000] {processor.py:161} INFO - Started process (PID=15360) to work on /home/airflow/.local/lib/python3.12/site-packages/airflow/example_dags/example_python_operator.py
[2024-04-21T15:15:16.431+0000] {processor.py:830} INFO - Processing file /home/airflow/.local/lib/python3.12/site-packages/airflow/example_dags/example_python_operator.py for tasks to queue
[2024-04-21T15:15:16.432+0000] {logging_mixin.py:188} INFO - [2024-04-21T15:15:16.432+0000] {dagbag.py:540} INFO - Filling up the DagBag from /home/airflow/.local/lib/python3.12/site-packages/airflow/example_dags/example_python_operator.py
[2024-04-21T15:15:16.438+0000] {processor.py:840} INFO - DAG(s) 'example_python_operator' retrieved from /home/airflow/.local/lib/python3.12/site-packages/airflow/example_dags/example_python_operator.py
[2024-04-21T15:15:16.451+0000] {logging_mixin.py:188} INFO - [2024-04-21T15:15:16.451+0000] {dag.py:3096} INFO - Sync 1 DAGs
[2024-04-21T15:15:16.457+0000] {logging_mixin.py:188} INFO - [2024-04-21T15:15:16.456+0000] {dag.py:3954} INFO - Setting next_dagrun for example_python_operator to None, run_after=None
[2024-04-21T15:15:16.464+0000] {processor.py:183} INFO - Processing /home/airflow/.local/lib/python3.12/site-packages/airflow/example_dags/example_python_operator.py took 0.037 seconds
[2024-04-21T15:15:46.623+0000] {processor.py:161} INFO - Started process (PID=15627) to work on /home/airflow/.local/lib/python3.12/site-packages/airflow/example_dags/example_python_operator.py
[2024-04-21T15:15:46.623+0000] {processor.py:830} INFO - Processing file /home/airflow/.local/lib/python3.12/site-packages/airflow/example_dags/example_python_operator.py for tasks to queue
[2024-04-21T15:15:46.624+0000] {logging_mixin.py:188} INFO - [2024-04-21T15:15:46.624+0000] {dagbag.py:540} INFO - Filling up the DagBag from /home/airflow/.local/lib/python3.12/site-packages/airflow/example_dags/example_python_operator.py
[2024-04-21T15:15:46.630+0000] {processor.py:840} INFO - DAG(s) 'example_python_operator' retrieved from /home/airflow/.local/lib/python3.12/site-packages/airflow/example_dags/example_python_operator.py
[2024-04-21T15:15:46.642+0000] {logging_mixin.py:188} INFO - [2024-04-21T15:15:46.642+0000] {dag.py:3096} INFO - Sync 1 DAGs
[2024-04-21T15:15:46.647+0000] {logging_mixin.py:188} INFO - [2024-04-21T15:15:46.647+0000] {dag.py:3954} INFO - Setting next_dagrun for example_python_operator to None, run_after=None
[2024-04-21T15:15:46.654+0000] {processor.py:183} INFO - Processing /home/airflow/.local/lib/python3.12/site-packages/airflow/example_dags/example_python_operator.py took 0.034 seconds
[2024-04-21T15:16:16.818+0000] {processor.py:161} INFO - Started process (PID=15892) to work on /home/airflow/.local/lib/python3.12/site-packages/airflow/example_dags/example_python_operator.py
[2024-04-21T15:16:16.818+0000] {processor.py:830} INFO - Processing file /home/airflow/.local/lib/python3.12/site-packages/airflow/example_dags/example_python_operator.py for tasks to queue
[2024-04-21T15:16:16.819+0000] {logging_mixin.py:188} INFO - [2024-04-21T15:16:16.819+0000] {dagbag.py:540} INFO - Filling up the DagBag from /home/airflow/.local/lib/python3.12/site-packages/airflow/example_dags/example_python_operator.py
[2024-04-21T15:16:16.825+0000] {processor.py:840} INFO - DAG(s) 'example_python_operator' retrieved from /home/airflow/.local/lib/python3.12/site-packages/airflow/example_dags/example_python_operator.py
[2024-04-21T15:16:16.838+0000] {logging_mixin.py:188} INFO - [2024-04-21T15:16:16.838+0000] {dag.py:3096} INFO - Sync 1 DAGs
[2024-04-21T15:16:16.844+0000] {logging_mixin.py:188} INFO - [2024-04-21T15:16:16.844+0000] {dag.py:3954} INFO - Setting next_dagrun for example_python_operator to None, run_after=None
[2024-04-21T15:16:16.852+0000] {processor.py:183} INFO - Processing /home/airflow/.local/lib/python3.12/site-packages/airflow/example_dags/example_python_operator.py took 0.037 seconds
[2024-04-21T15:16:47.128+0000] {processor.py:161} INFO - Started process (PID=16162) to work on /home/airflow/.local/lib/python3.12/site-packages/airflow/example_dags/example_python_operator.py
[2024-04-21T15:16:47.129+0000] {processor.py:830} INFO - Processing file /home/airflow/.local/lib/python3.12/site-packages/airflow/example_dags/example_python_operator.py for tasks to queue
[2024-04-21T15:16:47.130+0000] {logging_mixin.py:188} INFO - [2024-04-21T15:16:47.130+0000] {dagbag.py:540} INFO - Filling up the DagBag from /home/airflow/.local/lib/python3.12/site-packages/airflow/example_dags/example_python_operator.py
[2024-04-21T15:16:47.136+0000] {processor.py:840} INFO - DAG(s) 'example_python_operator' retrieved from /home/airflow/.local/lib/python3.12/site-packages/airflow/example_dags/example_python_operator.py
[2024-04-21T15:16:47.151+0000] {logging_mixin.py:188} INFO - [2024-04-21T15:16:47.151+0000] {dag.py:3096} INFO - Sync 1 DAGs
[2024-04-21T15:16:47.157+0000] {logging_mixin.py:188} INFO - [2024-04-21T15:16:47.157+0000] {dag.py:3954} INFO - Setting next_dagrun for example_python_operator to None, run_after=None
[2024-04-21T15:16:47.166+0000] {processor.py:183} INFO - Processing /home/airflow/.local/lib/python3.12/site-packages/airflow/example_dags/example_python_operator.py took 0.041 seconds
[2024-04-21T15:17:17.224+0000] {processor.py:161} INFO - Started process (PID=16429) to work on /home/airflow/.local/lib/python3.12/site-packages/airflow/example_dags/example_python_operator.py
[2024-04-21T15:17:17.224+0000] {processor.py:830} INFO - Processing file /home/airflow/.local/lib/python3.12/site-packages/airflow/example_dags/example_python_operator.py for tasks to queue
[2024-04-21T15:17:17.226+0000] {logging_mixin.py:188} INFO - [2024-04-21T15:17:17.225+0000] {dagbag.py:540} INFO - Filling up the DagBag from /home/airflow/.local/lib/python3.12/site-packages/airflow/example_dags/example_python_operator.py
[2024-04-21T15:17:17.231+0000] {processor.py:840} INFO - DAG(s) 'example_python_operator' retrieved from /home/airflow/.local/lib/python3.12/site-packages/airflow/example_dags/example_python_operator.py
[2024-04-21T15:17:17.245+0000] {logging_mixin.py:188} INFO - [2024-04-21T15:17:17.245+0000] {dag.py:3096} INFO - Sync 1 DAGs
[2024-04-21T15:17:17.250+0000] {logging_mixin.py:188} INFO - [2024-04-21T15:17:17.250+0000] {dag.py:3954} INFO - Setting next_dagrun for example_python_operator to None, run_after=None
[2024-04-21T15:17:17.258+0000] {processor.py:183} INFO - Processing /home/airflow/.local/lib/python3.12/site-packages/airflow/example_dags/example_python_operator.py took 0.038 seconds
[2024-04-21T15:17:47.395+0000] {processor.py:161} INFO - Started process (PID=16696) to work on /home/airflow/.local/lib/python3.12/site-packages/airflow/example_dags/example_python_operator.py
[2024-04-21T15:17:47.396+0000] {processor.py:830} INFO - Processing file /home/airflow/.local/lib/python3.12/site-packages/airflow/example_dags/example_python_operator.py for tasks to queue
[2024-04-21T15:17:47.397+0000] {logging_mixin.py:188} INFO - [2024-04-21T15:17:47.397+0000] {dagbag.py:540} INFO - Filling up the DagBag from /home/airflow/.local/lib/python3.12/site-packages/airflow/example_dags/example_python_operator.py
[2024-04-21T15:17:47.402+0000] {processor.py:840} INFO - DAG(s) 'example_python_operator' retrieved from /home/airflow/.local/lib/python3.12/site-packages/airflow/example_dags/example_python_operator.py
[2024-04-21T15:17:47.415+0000] {logging_mixin.py:188} INFO - [2024-04-21T15:17:47.415+0000] {dag.py:3096} INFO - Sync 1 DAGs
[2024-04-21T15:17:47.421+0000] {logging_mixin.py:188} INFO - [2024-04-21T15:17:47.421+0000] {dag.py:3954} INFO - Setting next_dagrun for example_python_operator to None, run_after=None
[2024-04-21T15:17:47.428+0000] {processor.py:183} INFO - Processing /home/airflow/.local/lib/python3.12/site-packages/airflow/example_dags/example_python_operator.py took 0.035 seconds
[2024-04-21T15:18:17.545+0000] {processor.py:161} INFO - Started process (PID=16963) to work on /home/airflow/.local/lib/python3.12/site-packages/airflow/example_dags/example_python_operator.py
[2024-04-21T15:18:17.546+0000] {processor.py:830} INFO - Processing file /home/airflow/.local/lib/python3.12/site-packages/airflow/example_dags/example_python_operator.py for tasks to queue
[2024-04-21T15:18:17.547+0000] {logging_mixin.py:188} INFO - [2024-04-21T15:18:17.547+0000] {dagbag.py:540} INFO - Filling up the DagBag from /home/airflow/.local/lib/python3.12/site-packages/airflow/example_dags/example_python_operator.py
[2024-04-21T15:18:17.553+0000] {processor.py:840} INFO - DAG(s) 'example_python_operator' retrieved from /home/airflow/.local/lib/python3.12/site-packages/airflow/example_dags/example_python_operator.py
[2024-04-21T15:18:17.567+0000] {logging_mixin.py:188} INFO - [2024-04-21T15:18:17.567+0000] {dag.py:3096} INFO - Sync 1 DAGs
[2024-04-21T15:18:17.573+0000] {logging_mixin.py:188} INFO - [2024-04-21T15:18:17.573+0000] {dag.py:3954} INFO - Setting next_dagrun for example_python_operator to None, run_after=None
[2024-04-21T15:18:17.581+0000] {processor.py:183} INFO - Processing /home/airflow/.local/lib/python3.12/site-packages/airflow/example_dags/example_python_operator.py took 0.040 seconds
[2024-04-21T15:18:48.576+0000] {processor.py:161} INFO - Started process (PID=17229) to work on /home/airflow/.local/lib/python3.12/site-packages/airflow/example_dags/example_python_operator.py
[2024-04-21T15:18:48.577+0000] {processor.py:830} INFO - Processing file /home/airflow/.local/lib/python3.12/site-packages/airflow/example_dags/example_python_operator.py for tasks to queue
[2024-04-21T15:18:48.578+0000] {logging_mixin.py:188} INFO - [2024-04-21T15:18:48.578+0000] {dagbag.py:540} INFO - Filling up the DagBag from /home/airflow/.local/lib/python3.12/site-packages/airflow/example_dags/example_python_operator.py
[2024-04-21T15:18:48.583+0000] {processor.py:840} INFO - DAG(s) 'example_python_operator' retrieved from /home/airflow/.local/lib/python3.12/site-packages/airflow/example_dags/example_python_operator.py
[2024-04-21T15:18:48.596+0000] {logging_mixin.py:188} INFO - [2024-04-21T15:18:48.596+0000] {dag.py:3096} INFO - Sync 1 DAGs
[2024-04-21T15:18:48.601+0000] {logging_mixin.py:188} INFO - [2024-04-21T15:18:48.601+0000] {dag.py:3954} INFO - Setting next_dagrun for example_python_operator to None, run_after=None
[2024-04-21T15:18:48.608+0000] {processor.py:183} INFO - Processing /home/airflow/.local/lib/python3.12/site-packages/airflow/example_dags/example_python_operator.py took 0.035 seconds
[2024-04-21T15:19:19.509+0000] {processor.py:161} INFO - Started process (PID=17496) to work on /home/airflow/.local/lib/python3.12/site-packages/airflow/example_dags/example_python_operator.py
[2024-04-21T15:19:19.510+0000] {processor.py:830} INFO - Processing file /home/airflow/.local/lib/python3.12/site-packages/airflow/example_dags/example_python_operator.py for tasks to queue
[2024-04-21T15:19:19.511+0000] {logging_mixin.py:188} INFO - [2024-04-21T15:19:19.510+0000] {dagbag.py:540} INFO - Filling up the DagBag from /home/airflow/.local/lib/python3.12/site-packages/airflow/example_dags/example_python_operator.py
[2024-04-21T15:19:19.516+0000] {processor.py:840} INFO - DAG(s) 'example_python_operator' retrieved from /home/airflow/.local/lib/python3.12/site-packages/airflow/example_dags/example_python_operator.py
[2024-04-21T15:19:19.529+0000] {logging_mixin.py:188} INFO - [2024-04-21T15:19:19.529+0000] {dag.py:3096} INFO - Sync 1 DAGs
[2024-04-21T15:19:19.534+0000] {logging_mixin.py:188} INFO - [2024-04-21T15:19:19.534+0000] {dag.py:3954} INFO - Setting next_dagrun for example_python_operator to None, run_after=None
[2024-04-21T15:19:19.542+0000] {processor.py:183} INFO - Processing /home/airflow/.local/lib/python3.12/site-packages/airflow/example_dags/example_python_operator.py took 0.036 seconds
[2024-04-21T15:19:49.657+0000] {processor.py:161} INFO - Started process (PID=17763) to work on /home/airflow/.local/lib/python3.12/site-packages/airflow/example_dags/example_python_operator.py
[2024-04-21T15:19:49.658+0000] {processor.py:830} INFO - Processing file /home/airflow/.local/lib/python3.12/site-packages/airflow/example_dags/example_python_operator.py for tasks to queue
[2024-04-21T15:19:49.659+0000] {logging_mixin.py:188} INFO - [2024-04-21T15:19:49.659+0000] {dagbag.py:540} INFO - Filling up the DagBag from /home/airflow/.local/lib/python3.12/site-packages/airflow/example_dags/example_python_operator.py
[2024-04-21T15:19:49.665+0000] {processor.py:840} INFO - DAG(s) 'example_python_operator' retrieved from /home/airflow/.local/lib/python3.12/site-packages/airflow/example_dags/example_python_operator.py
[2024-04-21T15:19:49.678+0000] {logging_mixin.py:188} INFO - [2024-04-21T15:19:49.678+0000] {dag.py:3096} INFO - Sync 1 DAGs
[2024-04-21T15:19:49.683+0000] {logging_mixin.py:188} INFO - [2024-04-21T15:19:49.683+0000] {dag.py:3954} INFO - Setting next_dagrun for example_python_operator to None, run_after=None
[2024-04-21T15:19:49.691+0000] {processor.py:183} INFO - Processing /home/airflow/.local/lib/python3.12/site-packages/airflow/example_dags/example_python_operator.py took 0.037 seconds
[2024-04-21T15:20:19.815+0000] {processor.py:161} INFO - Started process (PID=18030) to work on /home/airflow/.local/lib/python3.12/site-packages/airflow/example_dags/example_python_operator.py
[2024-04-21T15:20:19.816+0000] {processor.py:830} INFO - Processing file /home/airflow/.local/lib/python3.12/site-packages/airflow/example_dags/example_python_operator.py for tasks to queue
[2024-04-21T15:20:19.817+0000] {logging_mixin.py:188} INFO - [2024-04-21T15:20:19.817+0000] {dagbag.py:540} INFO - Filling up the DagBag from /home/airflow/.local/lib/python3.12/site-packages/airflow/example_dags/example_python_operator.py
[2024-04-21T15:20:19.823+0000] {processor.py:840} INFO - DAG(s) 'example_python_operator' retrieved from /home/airflow/.local/lib/python3.12/site-packages/airflow/example_dags/example_python_operator.py
[2024-04-21T15:20:19.837+0000] {logging_mixin.py:188} INFO - [2024-04-21T15:20:19.837+0000] {dag.py:3096} INFO - Sync 1 DAGs
[2024-04-21T15:20:19.843+0000] {logging_mixin.py:188} INFO - [2024-04-21T15:20:19.843+0000] {dag.py:3954} INFO - Setting next_dagrun for example_python_operator to None, run_after=None
[2024-04-21T15:20:19.850+0000] {processor.py:183} INFO - Processing /home/airflow/.local/lib/python3.12/site-packages/airflow/example_dags/example_python_operator.py took 0.038 seconds
