[2024-04-21T14:30:02.378+0000] {processor.py:161} INFO - Started process (PID=258) to work on /home/airflow/.local/lib/python3.12/site-packages/airflow/example_dags/example_sla_dag.py
[2024-04-21T14:30:02.379+0000] {processor.py:830} INFO - Processing file /home/airflow/.local/lib/python3.12/site-packages/airflow/example_dags/example_sla_dag.py for tasks to queue
[2024-04-21T14:30:02.381+0000] {logging_mixin.py:188} INFO - [2024-04-21T14:30:02.380+0000] {dagbag.py:540} INFO - Filling up the DagBag from /home/airflow/.local/lib/python3.12/site-packages/airflow/example_dags/example_sla_dag.py
[2024-04-21T14:30:02.387+0000] {processor.py:840} INFO - DAG(s) 'example_sla_dag' retrieved from /home/airflow/.local/lib/python3.12/site-packages/airflow/example_dags/example_sla_dag.py
[2024-04-21T14:30:02.399+0000] {logging_mixin.py:188} INFO - [2024-04-21T14:30:02.399+0000] {dag.py:3096} INFO - Sync 1 DAGs
[2024-04-21T14:30:02.414+0000] {logging_mixin.py:188} INFO - [2024-04-21T14:30:02.414+0000] {dag.py:3954} INFO - Setting next_dagrun for example_sla_dag to 2024-04-21 14:28:00+00:00, run_after=2024-04-21 14:30:00+00:00
[2024-04-21T14:30:02.425+0000] {processor.py:183} INFO - Processing /home/airflow/.local/lib/python3.12/site-packages/airflow/example_dags/example_sla_dag.py took 0.051 seconds
[2024-04-21T14:30:33.080+0000] {processor.py:161} INFO - Started process (PID=518) to work on /home/airflow/.local/lib/python3.12/site-packages/airflow/example_dags/example_sla_dag.py
[2024-04-21T14:30:33.081+0000] {processor.py:830} INFO - Processing file /home/airflow/.local/lib/python3.12/site-packages/airflow/example_dags/example_sla_dag.py for tasks to queue
[2024-04-21T14:30:33.083+0000] {logging_mixin.py:188} INFO - [2024-04-21T14:30:33.082+0000] {dagbag.py:540} INFO - Filling up the DagBag from /home/airflow/.local/lib/python3.12/site-packages/airflow/example_dags/example_sla_dag.py
[2024-04-21T14:30:33.089+0000] {processor.py:840} INFO - DAG(s) 'example_sla_dag' retrieved from /home/airflow/.local/lib/python3.12/site-packages/airflow/example_dags/example_sla_dag.py
[2024-04-21T14:30:33.154+0000] {logging_mixin.py:188} INFO - [2024-04-21T14:30:33.154+0000] {dag.py:3096} INFO - Sync 1 DAGs
[2024-04-21T14:30:33.167+0000] {logging_mixin.py:188} INFO - [2024-04-21T14:30:33.167+0000] {dag.py:3954} INFO - Setting next_dagrun for example_sla_dag to 2024-04-21 14:28:00+00:00, run_after=2024-04-21 14:30:00+00:00
[2024-04-21T14:30:33.177+0000] {processor.py:183} INFO - Processing /home/airflow/.local/lib/python3.12/site-packages/airflow/example_dags/example_sla_dag.py took 0.101 seconds
[2024-04-21T14:31:03.222+0000] {processor.py:161} INFO - Started process (PID=782) to work on /home/airflow/.local/lib/python3.12/site-packages/airflow/example_dags/example_sla_dag.py
[2024-04-21T14:31:03.223+0000] {processor.py:830} INFO - Processing file /home/airflow/.local/lib/python3.12/site-packages/airflow/example_dags/example_sla_dag.py for tasks to queue
[2024-04-21T14:31:03.224+0000] {logging_mixin.py:188} INFO - [2024-04-21T14:31:03.224+0000] {dagbag.py:540} INFO - Filling up the DagBag from /home/airflow/.local/lib/python3.12/site-packages/airflow/example_dags/example_sla_dag.py
[2024-04-21T14:31:03.230+0000] {processor.py:840} INFO - DAG(s) 'example_sla_dag' retrieved from /home/airflow/.local/lib/python3.12/site-packages/airflow/example_dags/example_sla_dag.py
[2024-04-21T14:31:03.248+0000] {logging_mixin.py:188} INFO - [2024-04-21T14:31:03.248+0000] {dag.py:3096} INFO - Sync 1 DAGs
[2024-04-21T14:31:03.262+0000] {logging_mixin.py:188} INFO - [2024-04-21T14:31:03.262+0000] {dag.py:3954} INFO - Setting next_dagrun for example_sla_dag to 2024-04-21 14:28:00+00:00, run_after=2024-04-21 14:30:00+00:00
[2024-04-21T14:31:03.271+0000] {processor.py:183} INFO - Processing /home/airflow/.local/lib/python3.12/site-packages/airflow/example_dags/example_sla_dag.py took 0.054 seconds
[2024-04-21T14:31:33.730+0000] {processor.py:161} INFO - Started process (PID=1042) to work on /home/airflow/.local/lib/python3.12/site-packages/airflow/example_dags/example_sla_dag.py
[2024-04-21T14:31:33.731+0000] {processor.py:830} INFO - Processing file /home/airflow/.local/lib/python3.12/site-packages/airflow/example_dags/example_sla_dag.py for tasks to queue
[2024-04-21T14:31:33.732+0000] {logging_mixin.py:188} INFO - [2024-04-21T14:31:33.732+0000] {dagbag.py:540} INFO - Filling up the DagBag from /home/airflow/.local/lib/python3.12/site-packages/airflow/example_dags/example_sla_dag.py
[2024-04-21T14:31:33.738+0000] {processor.py:840} INFO - DAG(s) 'example_sla_dag' retrieved from /home/airflow/.local/lib/python3.12/site-packages/airflow/example_dags/example_sla_dag.py
[2024-04-21T14:31:33.754+0000] {logging_mixin.py:188} INFO - [2024-04-21T14:31:33.753+0000] {dag.py:3096} INFO - Sync 1 DAGs
[2024-04-21T14:31:33.767+0000] {logging_mixin.py:188} INFO - [2024-04-21T14:31:33.767+0000] {dag.py:3954} INFO - Setting next_dagrun for example_sla_dag to 2024-04-21 14:28:00+00:00, run_after=2024-04-21 14:30:00+00:00
[2024-04-21T14:31:33.776+0000] {processor.py:183} INFO - Processing /home/airflow/.local/lib/python3.12/site-packages/airflow/example_dags/example_sla_dag.py took 0.051 seconds
[2024-04-21T14:32:04.452+0000] {processor.py:161} INFO - Started process (PID=1302) to work on /home/airflow/.local/lib/python3.12/site-packages/airflow/example_dags/example_sla_dag.py
[2024-04-21T14:32:04.453+0000] {processor.py:830} INFO - Processing file /home/airflow/.local/lib/python3.12/site-packages/airflow/example_dags/example_sla_dag.py for tasks to queue
[2024-04-21T14:32:04.455+0000] {logging_mixin.py:188} INFO - [2024-04-21T14:32:04.454+0000] {dagbag.py:540} INFO - Filling up the DagBag from /home/airflow/.local/lib/python3.12/site-packages/airflow/example_dags/example_sla_dag.py
[2024-04-21T14:32:04.461+0000] {processor.py:840} INFO - DAG(s) 'example_sla_dag' retrieved from /home/airflow/.local/lib/python3.12/site-packages/airflow/example_dags/example_sla_dag.py
[2024-04-21T14:32:04.479+0000] {logging_mixin.py:188} INFO - [2024-04-21T14:32:04.479+0000] {dag.py:3096} INFO - Sync 1 DAGs
[2024-04-21T14:32:04.495+0000] {logging_mixin.py:188} INFO - [2024-04-21T14:32:04.495+0000] {dag.py:3954} INFO - Setting next_dagrun for example_sla_dag to 2024-04-21 14:30:00+00:00, run_after=2024-04-21 14:32:00+00:00
[2024-04-21T14:32:04.506+0000] {processor.py:183} INFO - Processing /home/airflow/.local/lib/python3.12/site-packages/airflow/example_dags/example_sla_dag.py took 0.059 seconds
[2024-04-21T14:32:34.788+0000] {processor.py:161} INFO - Started process (PID=1564) to work on /home/airflow/.local/lib/python3.12/site-packages/airflow/example_dags/example_sla_dag.py
[2024-04-21T14:32:34.789+0000] {processor.py:830} INFO - Processing file /home/airflow/.local/lib/python3.12/site-packages/airflow/example_dags/example_sla_dag.py for tasks to queue
[2024-04-21T14:32:34.790+0000] {logging_mixin.py:188} INFO - [2024-04-21T14:32:34.790+0000] {dagbag.py:540} INFO - Filling up the DagBag from /home/airflow/.local/lib/python3.12/site-packages/airflow/example_dags/example_sla_dag.py
[2024-04-21T14:32:34.796+0000] {processor.py:840} INFO - DAG(s) 'example_sla_dag' retrieved from /home/airflow/.local/lib/python3.12/site-packages/airflow/example_dags/example_sla_dag.py
[2024-04-21T14:32:34.812+0000] {logging_mixin.py:188} INFO - [2024-04-21T14:32:34.811+0000] {dag.py:3096} INFO - Sync 1 DAGs
[2024-04-21T14:32:34.826+0000] {logging_mixin.py:188} INFO - [2024-04-21T14:32:34.826+0000] {dag.py:3954} INFO - Setting next_dagrun for example_sla_dag to 2024-04-21 14:30:00+00:00, run_after=2024-04-21 14:32:00+00:00
[2024-04-21T14:32:34.836+0000] {processor.py:183} INFO - Processing /home/airflow/.local/lib/python3.12/site-packages/airflow/example_dags/example_sla_dag.py took 0.052 seconds
[2024-04-21T14:33:05.314+0000] {processor.py:161} INFO - Started process (PID=1827) to work on /home/airflow/.local/lib/python3.12/site-packages/airflow/example_dags/example_sla_dag.py
[2024-04-21T14:33:05.315+0000] {processor.py:830} INFO - Processing file /home/airflow/.local/lib/python3.12/site-packages/airflow/example_dags/example_sla_dag.py for tasks to queue
[2024-04-21T14:33:05.316+0000] {logging_mixin.py:188} INFO - [2024-04-21T14:33:05.316+0000] {dagbag.py:540} INFO - Filling up the DagBag from /home/airflow/.local/lib/python3.12/site-packages/airflow/example_dags/example_sla_dag.py
[2024-04-21T14:33:05.323+0000] {processor.py:840} INFO - DAG(s) 'example_sla_dag' retrieved from /home/airflow/.local/lib/python3.12/site-packages/airflow/example_dags/example_sla_dag.py
[2024-04-21T14:33:05.342+0000] {logging_mixin.py:188} INFO - [2024-04-21T14:33:05.342+0000] {dag.py:3096} INFO - Sync 1 DAGs
[2024-04-21T14:33:05.357+0000] {logging_mixin.py:188} INFO - [2024-04-21T14:33:05.357+0000] {dag.py:3954} INFO - Setting next_dagrun for example_sla_dag to 2024-04-21 14:30:00+00:00, run_after=2024-04-21 14:32:00+00:00
[2024-04-21T14:33:05.366+0000] {processor.py:183} INFO - Processing /home/airflow/.local/lib/python3.12/site-packages/airflow/example_dags/example_sla_dag.py took 0.056 seconds
[2024-04-21T14:33:35.953+0000] {processor.py:161} INFO - Started process (PID=2090) to work on /home/airflow/.local/lib/python3.12/site-packages/airflow/example_dags/example_sla_dag.py
[2024-04-21T14:33:35.954+0000] {processor.py:830} INFO - Processing file /home/airflow/.local/lib/python3.12/site-packages/airflow/example_dags/example_sla_dag.py for tasks to queue
[2024-04-21T14:33:35.955+0000] {logging_mixin.py:188} INFO - [2024-04-21T14:33:35.955+0000] {dagbag.py:540} INFO - Filling up the DagBag from /home/airflow/.local/lib/python3.12/site-packages/airflow/example_dags/example_sla_dag.py
[2024-04-21T14:33:35.962+0000] {processor.py:840} INFO - DAG(s) 'example_sla_dag' retrieved from /home/airflow/.local/lib/python3.12/site-packages/airflow/example_dags/example_sla_dag.py
[2024-04-21T14:33:35.979+0000] {logging_mixin.py:188} INFO - [2024-04-21T14:33:35.979+0000] {dag.py:3096} INFO - Sync 1 DAGs
[2024-04-21T14:33:35.995+0000] {logging_mixin.py:188} INFO - [2024-04-21T14:33:35.995+0000] {dag.py:3954} INFO - Setting next_dagrun for example_sla_dag to 2024-04-21 14:30:00+00:00, run_after=2024-04-21 14:32:00+00:00
[2024-04-21T14:33:36.006+0000] {processor.py:183} INFO - Processing /home/airflow/.local/lib/python3.12/site-packages/airflow/example_dags/example_sla_dag.py took 0.058 seconds
[2024-04-21T14:34:06.503+0000] {processor.py:161} INFO - Started process (PID=2352) to work on /home/airflow/.local/lib/python3.12/site-packages/airflow/example_dags/example_sla_dag.py
[2024-04-21T14:34:06.504+0000] {processor.py:830} INFO - Processing file /home/airflow/.local/lib/python3.12/site-packages/airflow/example_dags/example_sla_dag.py for tasks to queue
[2024-04-21T14:34:06.505+0000] {logging_mixin.py:188} INFO - [2024-04-21T14:34:06.505+0000] {dagbag.py:540} INFO - Filling up the DagBag from /home/airflow/.local/lib/python3.12/site-packages/airflow/example_dags/example_sla_dag.py
[2024-04-21T14:34:06.512+0000] {processor.py:840} INFO - DAG(s) 'example_sla_dag' retrieved from /home/airflow/.local/lib/python3.12/site-packages/airflow/example_dags/example_sla_dag.py
[2024-04-21T14:34:06.533+0000] {logging_mixin.py:188} INFO - [2024-04-21T14:34:06.533+0000] {dag.py:3096} INFO - Sync 1 DAGs
[2024-04-21T14:34:06.558+0000] {logging_mixin.py:188} INFO - [2024-04-21T14:34:06.558+0000] {dag.py:3954} INFO - Setting next_dagrun for example_sla_dag to 2024-04-21 14:32:00+00:00, run_after=2024-04-21 14:34:00+00:00
[2024-04-21T14:34:06.574+0000] {processor.py:183} INFO - Processing /home/airflow/.local/lib/python3.12/site-packages/airflow/example_dags/example_sla_dag.py took 0.076 seconds
[2024-04-21T14:34:36.821+0000] {processor.py:161} INFO - Started process (PID=2614) to work on /home/airflow/.local/lib/python3.12/site-packages/airflow/example_dags/example_sla_dag.py
[2024-04-21T14:34:36.822+0000] {processor.py:830} INFO - Processing file /home/airflow/.local/lib/python3.12/site-packages/airflow/example_dags/example_sla_dag.py for tasks to queue
[2024-04-21T14:34:36.824+0000] {logging_mixin.py:188} INFO - [2024-04-21T14:34:36.823+0000] {dagbag.py:540} INFO - Filling up the DagBag from /home/airflow/.local/lib/python3.12/site-packages/airflow/example_dags/example_sla_dag.py
[2024-04-21T14:34:36.829+0000] {processor.py:840} INFO - DAG(s) 'example_sla_dag' retrieved from /home/airflow/.local/lib/python3.12/site-packages/airflow/example_dags/example_sla_dag.py
[2024-04-21T14:34:36.845+0000] {logging_mixin.py:188} INFO - [2024-04-21T14:34:36.845+0000] {dag.py:3096} INFO - Sync 1 DAGs
[2024-04-21T14:34:36.859+0000] {logging_mixin.py:188} INFO - [2024-04-21T14:34:36.859+0000] {dag.py:3954} INFO - Setting next_dagrun for example_sla_dag to 2024-04-21 14:32:00+00:00, run_after=2024-04-21 14:34:00+00:00
[2024-04-21T14:34:36.869+0000] {processor.py:183} INFO - Processing /home/airflow/.local/lib/python3.12/site-packages/airflow/example_dags/example_sla_dag.py took 0.052 seconds
[2024-04-21T14:36:10.507+0000] {processor.py:161} INFO - Started process (PID=2882) to work on /home/airflow/.local/lib/python3.12/site-packages/airflow/example_dags/example_sla_dag.py
[2024-04-21T14:36:10.507+0000] {processor.py:830} INFO - Processing file /home/airflow/.local/lib/python3.12/site-packages/airflow/example_dags/example_sla_dag.py for tasks to queue
[2024-04-21T14:36:10.508+0000] {logging_mixin.py:188} INFO - [2024-04-21T14:36:10.508+0000] {dagbag.py:540} INFO - Filling up the DagBag from /home/airflow/.local/lib/python3.12/site-packages/airflow/example_dags/example_sla_dag.py
[2024-04-21T14:36:10.512+0000] {processor.py:840} INFO - DAG(s) 'example_sla_dag' retrieved from /home/airflow/.local/lib/python3.12/site-packages/airflow/example_dags/example_sla_dag.py
[2024-04-21T14:36:10.524+0000] {logging_mixin.py:188} INFO - [2024-04-21T14:36:10.524+0000] {dag.py:3096} INFO - Sync 1 DAGs
[2024-04-21T14:36:10.534+0000] {logging_mixin.py:188} INFO - [2024-04-21T14:36:10.534+0000] {dag.py:3954} INFO - Setting next_dagrun for example_sla_dag to 2024-04-21 14:34:00+00:00, run_after=2024-04-21 14:36:00+00:00
[2024-04-21T14:36:10.543+0000] {processor.py:183} INFO - Processing /home/airflow/.local/lib/python3.12/site-packages/airflow/example_dags/example_sla_dag.py took 0.040 seconds
[2024-04-21T14:36:40.563+0000] {processor.py:161} INFO - Started process (PID=3150) to work on /home/airflow/.local/lib/python3.12/site-packages/airflow/example_dags/example_sla_dag.py
[2024-04-21T14:36:40.564+0000] {processor.py:830} INFO - Processing file /home/airflow/.local/lib/python3.12/site-packages/airflow/example_dags/example_sla_dag.py for tasks to queue
[2024-04-21T14:36:40.565+0000] {logging_mixin.py:188} INFO - [2024-04-21T14:36:40.564+0000] {dagbag.py:540} INFO - Filling up the DagBag from /home/airflow/.local/lib/python3.12/site-packages/airflow/example_dags/example_sla_dag.py
[2024-04-21T14:36:40.568+0000] {processor.py:840} INFO - DAG(s) 'example_sla_dag' retrieved from /home/airflow/.local/lib/python3.12/site-packages/airflow/example_dags/example_sla_dag.py
[2024-04-21T14:36:40.579+0000] {logging_mixin.py:188} INFO - [2024-04-21T14:36:40.579+0000] {dag.py:3096} INFO - Sync 1 DAGs
[2024-04-21T14:36:40.589+0000] {logging_mixin.py:188} INFO - [2024-04-21T14:36:40.589+0000] {dag.py:3954} INFO - Setting next_dagrun for example_sla_dag to 2024-04-21 14:34:00+00:00, run_after=2024-04-21 14:36:00+00:00
[2024-04-21T14:36:40.597+0000] {processor.py:183} INFO - Processing /home/airflow/.local/lib/python3.12/site-packages/airflow/example_dags/example_sla_dag.py took 0.036 seconds
[2024-04-21T14:37:10.736+0000] {processor.py:161} INFO - Started process (PID=3417) to work on /home/airflow/.local/lib/python3.12/site-packages/airflow/example_dags/example_sla_dag.py
[2024-04-21T14:37:10.737+0000] {processor.py:830} INFO - Processing file /home/airflow/.local/lib/python3.12/site-packages/airflow/example_dags/example_sla_dag.py for tasks to queue
[2024-04-21T14:37:10.738+0000] {logging_mixin.py:188} INFO - [2024-04-21T14:37:10.737+0000] {dagbag.py:540} INFO - Filling up the DagBag from /home/airflow/.local/lib/python3.12/site-packages/airflow/example_dags/example_sla_dag.py
[2024-04-21T14:37:10.742+0000] {processor.py:840} INFO - DAG(s) 'example_sla_dag' retrieved from /home/airflow/.local/lib/python3.12/site-packages/airflow/example_dags/example_sla_dag.py
[2024-04-21T14:37:10.755+0000] {logging_mixin.py:188} INFO - [2024-04-21T14:37:10.755+0000] {dag.py:3096} INFO - Sync 1 DAGs
[2024-04-21T14:37:10.765+0000] {logging_mixin.py:188} INFO - [2024-04-21T14:37:10.765+0000] {dag.py:3954} INFO - Setting next_dagrun for example_sla_dag to 2024-04-21 14:34:00+00:00, run_after=2024-04-21 14:36:00+00:00
[2024-04-21T14:37:10.772+0000] {processor.py:183} INFO - Processing /home/airflow/.local/lib/python3.12/site-packages/airflow/example_dags/example_sla_dag.py took 0.040 seconds
[2024-04-21T14:37:40.840+0000] {processor.py:161} INFO - Started process (PID=3684) to work on /home/airflow/.local/lib/python3.12/site-packages/airflow/example_dags/example_sla_dag.py
[2024-04-21T14:37:40.841+0000] {processor.py:830} INFO - Processing file /home/airflow/.local/lib/python3.12/site-packages/airflow/example_dags/example_sla_dag.py for tasks to queue
[2024-04-21T14:37:40.842+0000] {logging_mixin.py:188} INFO - [2024-04-21T14:37:40.841+0000] {dagbag.py:540} INFO - Filling up the DagBag from /home/airflow/.local/lib/python3.12/site-packages/airflow/example_dags/example_sla_dag.py
[2024-04-21T14:37:40.846+0000] {processor.py:840} INFO - DAG(s) 'example_sla_dag' retrieved from /home/airflow/.local/lib/python3.12/site-packages/airflow/example_dags/example_sla_dag.py
[2024-04-21T14:37:40.857+0000] {logging_mixin.py:188} INFO - [2024-04-21T14:37:40.857+0000] {dag.py:3096} INFO - Sync 1 DAGs
[2024-04-21T14:37:40.867+0000] {logging_mixin.py:188} INFO - [2024-04-21T14:37:40.867+0000] {dag.py:3954} INFO - Setting next_dagrun for example_sla_dag to 2024-04-21 14:34:00+00:00, run_after=2024-04-21 14:36:00+00:00
[2024-04-21T14:37:40.873+0000] {processor.py:183} INFO - Processing /home/airflow/.local/lib/python3.12/site-packages/airflow/example_dags/example_sla_dag.py took 0.036 seconds
[2024-04-21T14:53:47.630+0000] {processor.py:161} INFO - Started process (PID=3953) to work on /home/airflow/.local/lib/python3.12/site-packages/airflow/example_dags/example_sla_dag.py
[2024-04-21T14:53:47.631+0000] {processor.py:830} INFO - Processing file /home/airflow/.local/lib/python3.12/site-packages/airflow/example_dags/example_sla_dag.py for tasks to queue
[2024-04-21T14:53:47.632+0000] {logging_mixin.py:188} INFO - [2024-04-21T14:53:47.631+0000] {dagbag.py:540} INFO - Filling up the DagBag from /home/airflow/.local/lib/python3.12/site-packages/airflow/example_dags/example_sla_dag.py
[2024-04-21T14:53:47.636+0000] {processor.py:840} INFO - DAG(s) 'example_sla_dag' retrieved from /home/airflow/.local/lib/python3.12/site-packages/airflow/example_dags/example_sla_dag.py
[2024-04-21T14:53:47.648+0000] {logging_mixin.py:188} INFO - [2024-04-21T14:53:47.648+0000] {dag.py:3096} INFO - Sync 1 DAGs
[2024-04-21T14:53:47.658+0000] {logging_mixin.py:188} INFO - [2024-04-21T14:53:47.658+0000] {dag.py:3954} INFO - Setting next_dagrun for example_sla_dag to 2024-04-21 14:50:00+00:00, run_after=2024-04-21 14:52:00+00:00
[2024-04-21T14:53:47.666+0000] {processor.py:183} INFO - Processing /home/airflow/.local/lib/python3.12/site-packages/airflow/example_dags/example_sla_dag.py took 0.039 seconds
[2024-04-21T14:54:18.389+0000] {processor.py:161} INFO - Started process (PID=4219) to work on /home/airflow/.local/lib/python3.12/site-packages/airflow/example_dags/example_sla_dag.py
[2024-04-21T14:54:18.390+0000] {processor.py:830} INFO - Processing file /home/airflow/.local/lib/python3.12/site-packages/airflow/example_dags/example_sla_dag.py for tasks to queue
[2024-04-21T14:54:18.391+0000] {logging_mixin.py:188} INFO - [2024-04-21T14:54:18.391+0000] {dagbag.py:540} INFO - Filling up the DagBag from /home/airflow/.local/lib/python3.12/site-packages/airflow/example_dags/example_sla_dag.py
[2024-04-21T14:54:18.395+0000] {processor.py:840} INFO - DAG(s) 'example_sla_dag' retrieved from /home/airflow/.local/lib/python3.12/site-packages/airflow/example_dags/example_sla_dag.py
[2024-04-21T14:54:18.406+0000] {logging_mixin.py:188} INFO - [2024-04-21T14:54:18.406+0000] {dag.py:3096} INFO - Sync 1 DAGs
[2024-04-21T14:54:18.416+0000] {logging_mixin.py:188} INFO - [2024-04-21T14:54:18.416+0000] {dag.py:3954} INFO - Setting next_dagrun for example_sla_dag to 2024-04-21 14:52:00+00:00, run_after=2024-04-21 14:54:00+00:00
[2024-04-21T14:54:18.424+0000] {processor.py:183} INFO - Processing /home/airflow/.local/lib/python3.12/site-packages/airflow/example_dags/example_sla_dag.py took 0.037 seconds
[2024-04-21T14:54:48.497+0000] {processor.py:161} INFO - Started process (PID=4487) to work on /home/airflow/.local/lib/python3.12/site-packages/airflow/example_dags/example_sla_dag.py
[2024-04-21T14:54:48.498+0000] {processor.py:830} INFO - Processing file /home/airflow/.local/lib/python3.12/site-packages/airflow/example_dags/example_sla_dag.py for tasks to queue
[2024-04-21T14:54:48.499+0000] {logging_mixin.py:188} INFO - [2024-04-21T14:54:48.498+0000] {dagbag.py:540} INFO - Filling up the DagBag from /home/airflow/.local/lib/python3.12/site-packages/airflow/example_dags/example_sla_dag.py
[2024-04-21T14:54:48.503+0000] {processor.py:840} INFO - DAG(s) 'example_sla_dag' retrieved from /home/airflow/.local/lib/python3.12/site-packages/airflow/example_dags/example_sla_dag.py
[2024-04-21T14:54:48.514+0000] {logging_mixin.py:188} INFO - [2024-04-21T14:54:48.514+0000] {dag.py:3096} INFO - Sync 1 DAGs
[2024-04-21T14:54:48.524+0000] {logging_mixin.py:188} INFO - [2024-04-21T14:54:48.524+0000] {dag.py:3954} INFO - Setting next_dagrun for example_sla_dag to 2024-04-21 14:52:00+00:00, run_after=2024-04-21 14:54:00+00:00
[2024-04-21T14:54:48.531+0000] {processor.py:183} INFO - Processing /home/airflow/.local/lib/python3.12/site-packages/airflow/example_dags/example_sla_dag.py took 0.037 seconds
[2024-04-21T14:55:19.491+0000] {processor.py:161} INFO - Started process (PID=4754) to work on /home/airflow/.local/lib/python3.12/site-packages/airflow/example_dags/example_sla_dag.py
[2024-04-21T14:55:19.492+0000] {processor.py:830} INFO - Processing file /home/airflow/.local/lib/python3.12/site-packages/airflow/example_dags/example_sla_dag.py for tasks to queue
[2024-04-21T14:55:19.493+0000] {logging_mixin.py:188} INFO - [2024-04-21T14:55:19.493+0000] {dagbag.py:540} INFO - Filling up the DagBag from /home/airflow/.local/lib/python3.12/site-packages/airflow/example_dags/example_sla_dag.py
[2024-04-21T14:55:19.497+0000] {processor.py:840} INFO - DAG(s) 'example_sla_dag' retrieved from /home/airflow/.local/lib/python3.12/site-packages/airflow/example_dags/example_sla_dag.py
[2024-04-21T14:55:19.509+0000] {logging_mixin.py:188} INFO - [2024-04-21T14:55:19.508+0000] {dag.py:3096} INFO - Sync 1 DAGs
[2024-04-21T14:55:19.519+0000] {logging_mixin.py:188} INFO - [2024-04-21T14:55:19.519+0000] {dag.py:3954} INFO - Setting next_dagrun for example_sla_dag to 2024-04-21 14:52:00+00:00, run_after=2024-04-21 14:54:00+00:00
[2024-04-21T14:55:19.526+0000] {processor.py:183} INFO - Processing /home/airflow/.local/lib/python3.12/site-packages/airflow/example_dags/example_sla_dag.py took 0.038 seconds
[2024-04-21T14:55:50.337+0000] {processor.py:161} INFO - Started process (PID=5021) to work on /home/airflow/.local/lib/python3.12/site-packages/airflow/example_dags/example_sla_dag.py
[2024-04-21T14:55:50.337+0000] {processor.py:830} INFO - Processing file /home/airflow/.local/lib/python3.12/site-packages/airflow/example_dags/example_sla_dag.py for tasks to queue
[2024-04-21T14:55:50.338+0000] {logging_mixin.py:188} INFO - [2024-04-21T14:55:50.338+0000] {dagbag.py:540} INFO - Filling up the DagBag from /home/airflow/.local/lib/python3.12/site-packages/airflow/example_dags/example_sla_dag.py
[2024-04-21T14:55:50.342+0000] {processor.py:840} INFO - DAG(s) 'example_sla_dag' retrieved from /home/airflow/.local/lib/python3.12/site-packages/airflow/example_dags/example_sla_dag.py
[2024-04-21T14:55:50.354+0000] {logging_mixin.py:188} INFO - [2024-04-21T14:55:50.354+0000] {dag.py:3096} INFO - Sync 1 DAGs
[2024-04-21T14:55:50.364+0000] {logging_mixin.py:188} INFO - [2024-04-21T14:55:50.363+0000] {dag.py:3954} INFO - Setting next_dagrun for example_sla_dag to 2024-04-21 14:52:00+00:00, run_after=2024-04-21 14:54:00+00:00
[2024-04-21T14:55:50.371+0000] {processor.py:183} INFO - Processing /home/airflow/.local/lib/python3.12/site-packages/airflow/example_dags/example_sla_dag.py took 0.037 seconds
[2024-04-21T14:56:21.155+0000] {processor.py:161} INFO - Started process (PID=5288) to work on /home/airflow/.local/lib/python3.12/site-packages/airflow/example_dags/example_sla_dag.py
[2024-04-21T14:56:21.155+0000] {processor.py:830} INFO - Processing file /home/airflow/.local/lib/python3.12/site-packages/airflow/example_dags/example_sla_dag.py for tasks to queue
[2024-04-21T14:56:21.156+0000] {logging_mixin.py:188} INFO - [2024-04-21T14:56:21.156+0000] {dagbag.py:540} INFO - Filling up the DagBag from /home/airflow/.local/lib/python3.12/site-packages/airflow/example_dags/example_sla_dag.py
[2024-04-21T14:56:21.160+0000] {processor.py:840} INFO - DAG(s) 'example_sla_dag' retrieved from /home/airflow/.local/lib/python3.12/site-packages/airflow/example_dags/example_sla_dag.py
[2024-04-21T14:56:21.172+0000] {logging_mixin.py:188} INFO - [2024-04-21T14:56:21.172+0000] {dag.py:3096} INFO - Sync 1 DAGs
[2024-04-21T14:56:21.182+0000] {logging_mixin.py:188} INFO - [2024-04-21T14:56:21.182+0000] {dag.py:3954} INFO - Setting next_dagrun for example_sla_dag to 2024-04-21 14:54:00+00:00, run_after=2024-04-21 14:56:00+00:00
[2024-04-21T14:56:21.191+0000] {processor.py:183} INFO - Processing /home/airflow/.local/lib/python3.12/site-packages/airflow/example_dags/example_sla_dag.py took 0.039 seconds
[2024-04-21T14:56:52.075+0000] {processor.py:161} INFO - Started process (PID=5555) to work on /home/airflow/.local/lib/python3.12/site-packages/airflow/example_dags/example_sla_dag.py
[2024-04-21T14:56:52.077+0000] {processor.py:830} INFO - Processing file /home/airflow/.local/lib/python3.12/site-packages/airflow/example_dags/example_sla_dag.py for tasks to queue
[2024-04-21T14:56:52.079+0000] {logging_mixin.py:188} INFO - [2024-04-21T14:56:52.079+0000] {dagbag.py:540} INFO - Filling up the DagBag from /home/airflow/.local/lib/python3.12/site-packages/airflow/example_dags/example_sla_dag.py
[2024-04-21T14:56:52.088+0000] {processor.py:840} INFO - DAG(s) 'example_sla_dag' retrieved from /home/airflow/.local/lib/python3.12/site-packages/airflow/example_dags/example_sla_dag.py
[2024-04-21T14:56:52.104+0000] {logging_mixin.py:188} INFO - [2024-04-21T14:56:52.104+0000] {dag.py:3096} INFO - Sync 1 DAGs
[2024-04-21T14:56:52.119+0000] {logging_mixin.py:188} INFO - [2024-04-21T14:56:52.119+0000] {dag.py:3954} INFO - Setting next_dagrun for example_sla_dag to 2024-04-21 14:54:00+00:00, run_after=2024-04-21 14:56:00+00:00
[2024-04-21T14:56:52.129+0000] {processor.py:183} INFO - Processing /home/airflow/.local/lib/python3.12/site-packages/airflow/example_dags/example_sla_dag.py took 0.062 seconds
[2024-04-21T14:57:22.180+0000] {processor.py:161} INFO - Started process (PID=5824) to work on /home/airflow/.local/lib/python3.12/site-packages/airflow/example_dags/example_sla_dag.py
[2024-04-21T14:57:22.180+0000] {processor.py:830} INFO - Processing file /home/airflow/.local/lib/python3.12/site-packages/airflow/example_dags/example_sla_dag.py for tasks to queue
[2024-04-21T14:57:22.181+0000] {logging_mixin.py:188} INFO - [2024-04-21T14:57:22.181+0000] {dagbag.py:540} INFO - Filling up the DagBag from /home/airflow/.local/lib/python3.12/site-packages/airflow/example_dags/example_sla_dag.py
[2024-04-21T14:57:22.186+0000] {processor.py:840} INFO - DAG(s) 'example_sla_dag' retrieved from /home/airflow/.local/lib/python3.12/site-packages/airflow/example_dags/example_sla_dag.py
[2024-04-21T14:57:22.197+0000] {logging_mixin.py:188} INFO - [2024-04-21T14:57:22.197+0000] {dag.py:3096} INFO - Sync 1 DAGs
[2024-04-21T14:57:22.208+0000] {logging_mixin.py:188} INFO - [2024-04-21T14:57:22.208+0000] {dag.py:3954} INFO - Setting next_dagrun for example_sla_dag to 2024-04-21 14:54:00+00:00, run_after=2024-04-21 14:56:00+00:00
[2024-04-21T14:57:22.215+0000] {processor.py:183} INFO - Processing /home/airflow/.local/lib/python3.12/site-packages/airflow/example_dags/example_sla_dag.py took 0.038 seconds
[2024-04-21T14:57:52.374+0000] {processor.py:161} INFO - Started process (PID=6098) to work on /home/airflow/.local/lib/python3.12/site-packages/airflow/example_dags/example_sla_dag.py
[2024-04-21T14:57:52.374+0000] {processor.py:830} INFO - Processing file /home/airflow/.local/lib/python3.12/site-packages/airflow/example_dags/example_sla_dag.py for tasks to queue
[2024-04-21T14:57:52.375+0000] {logging_mixin.py:188} INFO - [2024-04-21T14:57:52.375+0000] {dagbag.py:540} INFO - Filling up the DagBag from /home/airflow/.local/lib/python3.12/site-packages/airflow/example_dags/example_sla_dag.py
[2024-04-21T14:57:52.380+0000] {processor.py:840} INFO - DAG(s) 'example_sla_dag' retrieved from /home/airflow/.local/lib/python3.12/site-packages/airflow/example_dags/example_sla_dag.py
[2024-04-21T14:57:52.391+0000] {logging_mixin.py:188} INFO - [2024-04-21T14:57:52.391+0000] {dag.py:3096} INFO - Sync 1 DAGs
[2024-04-21T14:57:52.401+0000] {logging_mixin.py:188} INFO - [2024-04-21T14:57:52.401+0000] {dag.py:3954} INFO - Setting next_dagrun for example_sla_dag to 2024-04-21 14:54:00+00:00, run_after=2024-04-21 14:56:00+00:00
[2024-04-21T14:57:52.409+0000] {processor.py:183} INFO - Processing /home/airflow/.local/lib/python3.12/site-packages/airflow/example_dags/example_sla_dag.py took 0.038 seconds
[2024-04-21T14:58:23.422+0000] {processor.py:161} INFO - Started process (PID=6364) to work on /home/airflow/.local/lib/python3.12/site-packages/airflow/example_dags/example_sla_dag.py
[2024-04-21T14:58:23.423+0000] {processor.py:830} INFO - Processing file /home/airflow/.local/lib/python3.12/site-packages/airflow/example_dags/example_sla_dag.py for tasks to queue
[2024-04-21T14:58:23.424+0000] {logging_mixin.py:188} INFO - [2024-04-21T14:58:23.424+0000] {dagbag.py:540} INFO - Filling up the DagBag from /home/airflow/.local/lib/python3.12/site-packages/airflow/example_dags/example_sla_dag.py
[2024-04-21T14:58:23.428+0000] {processor.py:840} INFO - DAG(s) 'example_sla_dag' retrieved from /home/airflow/.local/lib/python3.12/site-packages/airflow/example_dags/example_sla_dag.py
[2024-04-21T14:58:23.440+0000] {logging_mixin.py:188} INFO - [2024-04-21T14:58:23.440+0000] {dag.py:3096} INFO - Sync 1 DAGs
[2024-04-21T14:58:23.451+0000] {logging_mixin.py:188} INFO - [2024-04-21T14:58:23.451+0000] {dag.py:3954} INFO - Setting next_dagrun for example_sla_dag to 2024-04-21 14:56:00+00:00, run_after=2024-04-21 14:58:00+00:00
[2024-04-21T14:58:23.459+0000] {processor.py:183} INFO - Processing /home/airflow/.local/lib/python3.12/site-packages/airflow/example_dags/example_sla_dag.py took 0.040 seconds
[2024-04-21T14:58:54.011+0000] {processor.py:161} INFO - Started process (PID=6637) to work on /home/airflow/.local/lib/python3.12/site-packages/airflow/example_dags/example_sla_dag.py
[2024-04-21T14:58:54.011+0000] {processor.py:830} INFO - Processing file /home/airflow/.local/lib/python3.12/site-packages/airflow/example_dags/example_sla_dag.py for tasks to queue
[2024-04-21T14:58:54.012+0000] {logging_mixin.py:188} INFO - [2024-04-21T14:58:54.012+0000] {dagbag.py:540} INFO - Filling up the DagBag from /home/airflow/.local/lib/python3.12/site-packages/airflow/example_dags/example_sla_dag.py
[2024-04-21T14:58:54.016+0000] {processor.py:840} INFO - DAG(s) 'example_sla_dag' retrieved from /home/airflow/.local/lib/python3.12/site-packages/airflow/example_dags/example_sla_dag.py
[2024-04-21T14:58:54.028+0000] {logging_mixin.py:188} INFO - [2024-04-21T14:58:54.028+0000] {dag.py:3096} INFO - Sync 1 DAGs
[2024-04-21T14:58:54.038+0000] {logging_mixin.py:188} INFO - [2024-04-21T14:58:54.038+0000] {dag.py:3954} INFO - Setting next_dagrun for example_sla_dag to 2024-04-21 14:56:00+00:00, run_after=2024-04-21 14:58:00+00:00
[2024-04-21T14:58:54.045+0000] {processor.py:183} INFO - Processing /home/airflow/.local/lib/python3.12/site-packages/airflow/example_dags/example_sla_dag.py took 0.038 seconds
[2024-04-21T14:59:24.683+0000] {processor.py:161} INFO - Started process (PID=6908) to work on /home/airflow/.local/lib/python3.12/site-packages/airflow/example_dags/example_sla_dag.py
[2024-04-21T14:59:24.684+0000] {processor.py:830} INFO - Processing file /home/airflow/.local/lib/python3.12/site-packages/airflow/example_dags/example_sla_dag.py for tasks to queue
[2024-04-21T14:59:24.685+0000] {logging_mixin.py:188} INFO - [2024-04-21T14:59:24.685+0000] {dagbag.py:540} INFO - Filling up the DagBag from /home/airflow/.local/lib/python3.12/site-packages/airflow/example_dags/example_sla_dag.py
[2024-04-21T14:59:24.689+0000] {processor.py:840} INFO - DAG(s) 'example_sla_dag' retrieved from /home/airflow/.local/lib/python3.12/site-packages/airflow/example_dags/example_sla_dag.py
[2024-04-21T14:59:24.701+0000] {logging_mixin.py:188} INFO - [2024-04-21T14:59:24.700+0000] {dag.py:3096} INFO - Sync 1 DAGs
[2024-04-21T14:59:24.711+0000] {logging_mixin.py:188} INFO - [2024-04-21T14:59:24.711+0000] {dag.py:3954} INFO - Setting next_dagrun for example_sla_dag to 2024-04-21 14:56:00+00:00, run_after=2024-04-21 14:58:00+00:00
[2024-04-21T14:59:24.717+0000] {processor.py:183} INFO - Processing /home/airflow/.local/lib/python3.12/site-packages/airflow/example_dags/example_sla_dag.py took 0.037 seconds
[2024-04-21T14:59:55.469+0000] {processor.py:161} INFO - Started process (PID=7175) to work on /home/airflow/.local/lib/python3.12/site-packages/airflow/example_dags/example_sla_dag.py
[2024-04-21T14:59:55.470+0000] {processor.py:830} INFO - Processing file /home/airflow/.local/lib/python3.12/site-packages/airflow/example_dags/example_sla_dag.py for tasks to queue
[2024-04-21T14:59:55.471+0000] {logging_mixin.py:188} INFO - [2024-04-21T14:59:55.471+0000] {dagbag.py:540} INFO - Filling up the DagBag from /home/airflow/.local/lib/python3.12/site-packages/airflow/example_dags/example_sla_dag.py
[2024-04-21T14:59:55.475+0000] {processor.py:840} INFO - DAG(s) 'example_sla_dag' retrieved from /home/airflow/.local/lib/python3.12/site-packages/airflow/example_dags/example_sla_dag.py
[2024-04-21T14:59:55.486+0000] {logging_mixin.py:188} INFO - [2024-04-21T14:59:55.486+0000] {dag.py:3096} INFO - Sync 1 DAGs
[2024-04-21T14:59:55.496+0000] {logging_mixin.py:188} INFO - [2024-04-21T14:59:55.496+0000] {dag.py:3954} INFO - Setting next_dagrun for example_sla_dag to 2024-04-21 14:56:00+00:00, run_after=2024-04-21 14:58:00+00:00
[2024-04-21T14:59:55.504+0000] {processor.py:183} INFO - Processing /home/airflow/.local/lib/python3.12/site-packages/airflow/example_dags/example_sla_dag.py took 0.038 seconds
[2024-04-21T15:00:26.359+0000] {processor.py:161} INFO - Started process (PID=7467) to work on /home/airflow/.local/lib/python3.12/site-packages/airflow/example_dags/example_sla_dag.py
[2024-04-21T15:00:26.360+0000] {processor.py:830} INFO - Processing file /home/airflow/.local/lib/python3.12/site-packages/airflow/example_dags/example_sla_dag.py for tasks to queue
[2024-04-21T15:00:26.361+0000] {logging_mixin.py:188} INFO - [2024-04-21T15:00:26.361+0000] {dagbag.py:540} INFO - Filling up the DagBag from /home/airflow/.local/lib/python3.12/site-packages/airflow/example_dags/example_sla_dag.py
[2024-04-21T15:00:26.366+0000] {processor.py:840} INFO - DAG(s) 'example_sla_dag' retrieved from /home/airflow/.local/lib/python3.12/site-packages/airflow/example_dags/example_sla_dag.py
[2024-04-21T15:00:26.377+0000] {logging_mixin.py:188} INFO - [2024-04-21T15:00:26.377+0000] {dag.py:3096} INFO - Sync 1 DAGs
[2024-04-21T15:00:26.388+0000] {logging_mixin.py:188} INFO - [2024-04-21T15:00:26.388+0000] {dag.py:3954} INFO - Setting next_dagrun for example_sla_dag to 2024-04-21 14:58:00+00:00, run_after=2024-04-21 15:00:00+00:00
[2024-04-21T15:00:26.395+0000] {processor.py:183} INFO - Processing /home/airflow/.local/lib/python3.12/site-packages/airflow/example_dags/example_sla_dag.py took 0.039 seconds
[2024-04-21T15:00:57.402+0000] {processor.py:161} INFO - Started process (PID=7734) to work on /home/airflow/.local/lib/python3.12/site-packages/airflow/example_dags/example_sla_dag.py
[2024-04-21T15:00:57.403+0000] {processor.py:830} INFO - Processing file /home/airflow/.local/lib/python3.12/site-packages/airflow/example_dags/example_sla_dag.py for tasks to queue
[2024-04-21T15:00:57.404+0000] {logging_mixin.py:188} INFO - [2024-04-21T15:00:57.404+0000] {dagbag.py:540} INFO - Filling up the DagBag from /home/airflow/.local/lib/python3.12/site-packages/airflow/example_dags/example_sla_dag.py
[2024-04-21T15:00:57.408+0000] {processor.py:840} INFO - DAG(s) 'example_sla_dag' retrieved from /home/airflow/.local/lib/python3.12/site-packages/airflow/example_dags/example_sla_dag.py
[2024-04-21T15:00:57.419+0000] {logging_mixin.py:188} INFO - [2024-04-21T15:00:57.419+0000] {dag.py:3096} INFO - Sync 1 DAGs
[2024-04-21T15:00:57.430+0000] {logging_mixin.py:188} INFO - [2024-04-21T15:00:57.430+0000] {dag.py:3954} INFO - Setting next_dagrun for example_sla_dag to 2024-04-21 14:58:00+00:00, run_after=2024-04-21 15:00:00+00:00
[2024-04-21T15:00:57.437+0000] {processor.py:183} INFO - Processing /home/airflow/.local/lib/python3.12/site-packages/airflow/example_dags/example_sla_dag.py took 0.038 seconds
[2024-04-21T15:01:27.553+0000] {processor.py:161} INFO - Started process (PID=8003) to work on /home/airflow/.local/lib/python3.12/site-packages/airflow/example_dags/example_sla_dag.py
[2024-04-21T15:01:27.553+0000] {processor.py:830} INFO - Processing file /home/airflow/.local/lib/python3.12/site-packages/airflow/example_dags/example_sla_dag.py for tasks to queue
[2024-04-21T15:01:27.554+0000] {logging_mixin.py:188} INFO - [2024-04-21T15:01:27.554+0000] {dagbag.py:540} INFO - Filling up the DagBag from /home/airflow/.local/lib/python3.12/site-packages/airflow/example_dags/example_sla_dag.py
[2024-04-21T15:01:27.559+0000] {processor.py:840} INFO - DAG(s) 'example_sla_dag' retrieved from /home/airflow/.local/lib/python3.12/site-packages/airflow/example_dags/example_sla_dag.py
[2024-04-21T15:01:27.571+0000] {logging_mixin.py:188} INFO - [2024-04-21T15:01:27.571+0000] {dag.py:3096} INFO - Sync 1 DAGs
[2024-04-21T15:01:27.581+0000] {logging_mixin.py:188} INFO - [2024-04-21T15:01:27.580+0000] {dag.py:3954} INFO - Setting next_dagrun for example_sla_dag to 2024-04-21 14:58:00+00:00, run_after=2024-04-21 15:00:00+00:00
[2024-04-21T15:01:27.587+0000] {processor.py:183} INFO - Processing /home/airflow/.local/lib/python3.12/site-packages/airflow/example_dags/example_sla_dag.py took 0.038 seconds
[2024-04-21T15:01:57.758+0000] {processor.py:161} INFO - Started process (PID=8285) to work on /home/airflow/.local/lib/python3.12/site-packages/airflow/example_dags/example_sla_dag.py
[2024-04-21T15:01:57.758+0000] {processor.py:830} INFO - Processing file /home/airflow/.local/lib/python3.12/site-packages/airflow/example_dags/example_sla_dag.py for tasks to queue
[2024-04-21T15:01:57.759+0000] {logging_mixin.py:188} INFO - [2024-04-21T15:01:57.759+0000] {dagbag.py:540} INFO - Filling up the DagBag from /home/airflow/.local/lib/python3.12/site-packages/airflow/example_dags/example_sla_dag.py
[2024-04-21T15:01:57.764+0000] {processor.py:840} INFO - DAG(s) 'example_sla_dag' retrieved from /home/airflow/.local/lib/python3.12/site-packages/airflow/example_dags/example_sla_dag.py
[2024-04-21T15:01:57.776+0000] {logging_mixin.py:188} INFO - [2024-04-21T15:01:57.776+0000] {dag.py:3096} INFO - Sync 1 DAGs
[2024-04-21T15:01:57.786+0000] {logging_mixin.py:188} INFO - [2024-04-21T15:01:57.786+0000] {dag.py:3954} INFO - Setting next_dagrun for example_sla_dag to 2024-04-21 14:58:00+00:00, run_after=2024-04-21 15:00:00+00:00
[2024-04-21T15:01:57.793+0000] {processor.py:183} INFO - Processing /home/airflow/.local/lib/python3.12/site-packages/airflow/example_dags/example_sla_dag.py took 0.038 seconds
[2024-04-21T15:02:28.559+0000] {processor.py:161} INFO - Started process (PID=8557) to work on /home/airflow/.local/lib/python3.12/site-packages/airflow/example_dags/example_sla_dag.py
[2024-04-21T15:02:28.560+0000] {processor.py:830} INFO - Processing file /home/airflow/.local/lib/python3.12/site-packages/airflow/example_dags/example_sla_dag.py for tasks to queue
[2024-04-21T15:02:28.561+0000] {logging_mixin.py:188} INFO - [2024-04-21T15:02:28.560+0000] {dagbag.py:540} INFO - Filling up the DagBag from /home/airflow/.local/lib/python3.12/site-packages/airflow/example_dags/example_sla_dag.py
[2024-04-21T15:02:28.565+0000] {processor.py:840} INFO - DAG(s) 'example_sla_dag' retrieved from /home/airflow/.local/lib/python3.12/site-packages/airflow/example_dags/example_sla_dag.py
[2024-04-21T15:02:28.577+0000] {logging_mixin.py:188} INFO - [2024-04-21T15:02:28.577+0000] {dag.py:3096} INFO - Sync 1 DAGs
[2024-04-21T15:02:28.587+0000] {logging_mixin.py:188} INFO - [2024-04-21T15:02:28.587+0000] {dag.py:3954} INFO - Setting next_dagrun for example_sla_dag to 2024-04-21 15:00:00+00:00, run_after=2024-04-21 15:02:00+00:00
[2024-04-21T15:02:28.594+0000] {processor.py:183} INFO - Processing /home/airflow/.local/lib/python3.12/site-packages/airflow/example_dags/example_sla_dag.py took 0.038 seconds
[2024-04-21T15:02:59.430+0000] {processor.py:161} INFO - Started process (PID=8833) to work on /home/airflow/.local/lib/python3.12/site-packages/airflow/example_dags/example_sla_dag.py
[2024-04-21T15:02:59.431+0000] {processor.py:830} INFO - Processing file /home/airflow/.local/lib/python3.12/site-packages/airflow/example_dags/example_sla_dag.py for tasks to queue
[2024-04-21T15:02:59.432+0000] {logging_mixin.py:188} INFO - [2024-04-21T15:02:59.432+0000] {dagbag.py:540} INFO - Filling up the DagBag from /home/airflow/.local/lib/python3.12/site-packages/airflow/example_dags/example_sla_dag.py
[2024-04-21T15:02:59.436+0000] {processor.py:840} INFO - DAG(s) 'example_sla_dag' retrieved from /home/airflow/.local/lib/python3.12/site-packages/airflow/example_dags/example_sla_dag.py
[2024-04-21T15:02:59.447+0000] {logging_mixin.py:188} INFO - [2024-04-21T15:02:59.447+0000] {dag.py:3096} INFO - Sync 1 DAGs
[2024-04-21T15:02:59.457+0000] {logging_mixin.py:188} INFO - [2024-04-21T15:02:59.457+0000] {dag.py:3954} INFO - Setting next_dagrun for example_sla_dag to 2024-04-21 15:00:00+00:00, run_after=2024-04-21 15:02:00+00:00
[2024-04-21T15:02:59.464+0000] {processor.py:183} INFO - Processing /home/airflow/.local/lib/python3.12/site-packages/airflow/example_dags/example_sla_dag.py took 0.037 seconds
[2024-04-21T15:03:30.326+0000] {processor.py:161} INFO - Started process (PID=9100) to work on /home/airflow/.local/lib/python3.12/site-packages/airflow/example_dags/example_sla_dag.py
[2024-04-21T15:03:30.326+0000] {processor.py:830} INFO - Processing file /home/airflow/.local/lib/python3.12/site-packages/airflow/example_dags/example_sla_dag.py for tasks to queue
[2024-04-21T15:03:30.327+0000] {logging_mixin.py:188} INFO - [2024-04-21T15:03:30.327+0000] {dagbag.py:540} INFO - Filling up the DagBag from /home/airflow/.local/lib/python3.12/site-packages/airflow/example_dags/example_sla_dag.py
[2024-04-21T15:03:30.331+0000] {processor.py:840} INFO - DAG(s) 'example_sla_dag' retrieved from /home/airflow/.local/lib/python3.12/site-packages/airflow/example_dags/example_sla_dag.py
[2024-04-21T15:03:30.342+0000] {logging_mixin.py:188} INFO - [2024-04-21T15:03:30.342+0000] {dag.py:3096} INFO - Sync 1 DAGs
[2024-04-21T15:03:30.352+0000] {logging_mixin.py:188} INFO - [2024-04-21T15:03:30.352+0000] {dag.py:3954} INFO - Setting next_dagrun for example_sla_dag to 2024-04-21 15:00:00+00:00, run_after=2024-04-21 15:02:00+00:00
[2024-04-21T15:03:30.360+0000] {processor.py:183} INFO - Processing /home/airflow/.local/lib/python3.12/site-packages/airflow/example_dags/example_sla_dag.py took 0.038 seconds
[2024-04-21T15:04:01.277+0000] {processor.py:161} INFO - Started process (PID=9367) to work on /home/airflow/.local/lib/python3.12/site-packages/airflow/example_dags/example_sla_dag.py
[2024-04-21T15:04:01.277+0000] {processor.py:830} INFO - Processing file /home/airflow/.local/lib/python3.12/site-packages/airflow/example_dags/example_sla_dag.py for tasks to queue
[2024-04-21T15:04:01.278+0000] {logging_mixin.py:188} INFO - [2024-04-21T15:04:01.278+0000] {dagbag.py:540} INFO - Filling up the DagBag from /home/airflow/.local/lib/python3.12/site-packages/airflow/example_dags/example_sla_dag.py
[2024-04-21T15:04:01.282+0000] {processor.py:840} INFO - DAG(s) 'example_sla_dag' retrieved from /home/airflow/.local/lib/python3.12/site-packages/airflow/example_dags/example_sla_dag.py
[2024-04-21T15:04:01.294+0000] {logging_mixin.py:188} INFO - [2024-04-21T15:04:01.293+0000] {dag.py:3096} INFO - Sync 1 DAGs
[2024-04-21T15:04:01.303+0000] {logging_mixin.py:188} INFO - [2024-04-21T15:04:01.303+0000] {dag.py:3954} INFO - Setting next_dagrun for example_sla_dag to 2024-04-21 15:02:00+00:00, run_after=2024-04-21 15:04:00+00:00
[2024-04-21T15:04:01.310+0000] {processor.py:183} INFO - Processing /home/airflow/.local/lib/python3.12/site-packages/airflow/example_dags/example_sla_dag.py took 0.036 seconds
[2024-04-21T15:04:32.103+0000] {processor.py:161} INFO - Started process (PID=9634) to work on /home/airflow/.local/lib/python3.12/site-packages/airflow/example_dags/example_sla_dag.py
[2024-04-21T15:04:32.103+0000] {processor.py:830} INFO - Processing file /home/airflow/.local/lib/python3.12/site-packages/airflow/example_dags/example_sla_dag.py for tasks to queue
[2024-04-21T15:04:32.104+0000] {logging_mixin.py:188} INFO - [2024-04-21T15:04:32.104+0000] {dagbag.py:540} INFO - Filling up the DagBag from /home/airflow/.local/lib/python3.12/site-packages/airflow/example_dags/example_sla_dag.py
[2024-04-21T15:04:32.109+0000] {processor.py:840} INFO - DAG(s) 'example_sla_dag' retrieved from /home/airflow/.local/lib/python3.12/site-packages/airflow/example_dags/example_sla_dag.py
[2024-04-21T15:04:32.122+0000] {logging_mixin.py:188} INFO - [2024-04-21T15:04:32.122+0000] {dag.py:3096} INFO - Sync 1 DAGs
[2024-04-21T15:04:32.134+0000] {logging_mixin.py:188} INFO - [2024-04-21T15:04:32.134+0000] {dag.py:3954} INFO - Setting next_dagrun for example_sla_dag to 2024-04-21 15:02:00+00:00, run_after=2024-04-21 15:04:00+00:00
[2024-04-21T15:04:32.141+0000] {processor.py:183} INFO - Processing /home/airflow/.local/lib/python3.12/site-packages/airflow/example_dags/example_sla_dag.py took 0.042 seconds
[2024-04-21T15:05:02.945+0000] {processor.py:161} INFO - Started process (PID=9900) to work on /home/airflow/.local/lib/python3.12/site-packages/airflow/example_dags/example_sla_dag.py
[2024-04-21T15:05:02.945+0000] {processor.py:830} INFO - Processing file /home/airflow/.local/lib/python3.12/site-packages/airflow/example_dags/example_sla_dag.py for tasks to queue
[2024-04-21T15:05:02.946+0000] {logging_mixin.py:188} INFO - [2024-04-21T15:05:02.946+0000] {dagbag.py:540} INFO - Filling up the DagBag from /home/airflow/.local/lib/python3.12/site-packages/airflow/example_dags/example_sla_dag.py
[2024-04-21T15:05:02.950+0000] {processor.py:840} INFO - DAG(s) 'example_sla_dag' retrieved from /home/airflow/.local/lib/python3.12/site-packages/airflow/example_dags/example_sla_dag.py
[2024-04-21T15:05:02.962+0000] {logging_mixin.py:188} INFO - [2024-04-21T15:05:02.962+0000] {dag.py:3096} INFO - Sync 1 DAGs
[2024-04-21T15:05:02.972+0000] {logging_mixin.py:188} INFO - [2024-04-21T15:05:02.972+0000] {dag.py:3954} INFO - Setting next_dagrun for example_sla_dag to 2024-04-21 15:02:00+00:00, run_after=2024-04-21 15:04:00+00:00
[2024-04-21T15:05:02.980+0000] {processor.py:183} INFO - Processing /home/airflow/.local/lib/python3.12/site-packages/airflow/example_dags/example_sla_dag.py took 0.038 seconds
[2024-04-21T15:05:33.837+0000] {processor.py:161} INFO - Started process (PID=10167) to work on /home/airflow/.local/lib/python3.12/site-packages/airflow/example_dags/example_sla_dag.py
[2024-04-21T15:05:33.837+0000] {processor.py:830} INFO - Processing file /home/airflow/.local/lib/python3.12/site-packages/airflow/example_dags/example_sla_dag.py for tasks to queue
[2024-04-21T15:05:33.838+0000] {logging_mixin.py:188} INFO - [2024-04-21T15:05:33.838+0000] {dagbag.py:540} INFO - Filling up the DagBag from /home/airflow/.local/lib/python3.12/site-packages/airflow/example_dags/example_sla_dag.py
[2024-04-21T15:05:33.842+0000] {processor.py:840} INFO - DAG(s) 'example_sla_dag' retrieved from /home/airflow/.local/lib/python3.12/site-packages/airflow/example_dags/example_sla_dag.py
[2024-04-21T15:05:33.854+0000] {logging_mixin.py:188} INFO - [2024-04-21T15:05:33.854+0000] {dag.py:3096} INFO - Sync 1 DAGs
[2024-04-21T15:05:33.863+0000] {logging_mixin.py:188} INFO - [2024-04-21T15:05:33.863+0000] {dag.py:3954} INFO - Setting next_dagrun for example_sla_dag to 2024-04-21 15:02:00+00:00, run_after=2024-04-21 15:04:00+00:00
[2024-04-21T15:05:33.870+0000] {processor.py:183} INFO - Processing /home/airflow/.local/lib/python3.12/site-packages/airflow/example_dags/example_sla_dag.py took 0.037 seconds
[2024-04-21T15:06:04.716+0000] {processor.py:161} INFO - Started process (PID=10434) to work on /home/airflow/.local/lib/python3.12/site-packages/airflow/example_dags/example_sla_dag.py
[2024-04-21T15:06:04.716+0000] {processor.py:830} INFO - Processing file /home/airflow/.local/lib/python3.12/site-packages/airflow/example_dags/example_sla_dag.py for tasks to queue
[2024-04-21T15:06:04.717+0000] {logging_mixin.py:188} INFO - [2024-04-21T15:06:04.717+0000] {dagbag.py:540} INFO - Filling up the DagBag from /home/airflow/.local/lib/python3.12/site-packages/airflow/example_dags/example_sla_dag.py
[2024-04-21T15:06:04.721+0000] {processor.py:840} INFO - DAG(s) 'example_sla_dag' retrieved from /home/airflow/.local/lib/python3.12/site-packages/airflow/example_dags/example_sla_dag.py
[2024-04-21T15:06:04.732+0000] {logging_mixin.py:188} INFO - [2024-04-21T15:06:04.732+0000] {dag.py:3096} INFO - Sync 1 DAGs
[2024-04-21T15:06:04.742+0000] {logging_mixin.py:188} INFO - [2024-04-21T15:06:04.742+0000] {dag.py:3954} INFO - Setting next_dagrun for example_sla_dag to 2024-04-21 15:04:00+00:00, run_after=2024-04-21 15:06:00+00:00
[2024-04-21T15:06:04.749+0000] {processor.py:183} INFO - Processing /home/airflow/.local/lib/python3.12/site-packages/airflow/example_dags/example_sla_dag.py took 0.036 seconds
[2024-04-21T15:06:35.559+0000] {processor.py:161} INFO - Started process (PID=10701) to work on /home/airflow/.local/lib/python3.12/site-packages/airflow/example_dags/example_sla_dag.py
[2024-04-21T15:06:35.559+0000] {processor.py:830} INFO - Processing file /home/airflow/.local/lib/python3.12/site-packages/airflow/example_dags/example_sla_dag.py for tasks to queue
[2024-04-21T15:06:35.560+0000] {logging_mixin.py:188} INFO - [2024-04-21T15:06:35.560+0000] {dagbag.py:540} INFO - Filling up the DagBag from /home/airflow/.local/lib/python3.12/site-packages/airflow/example_dags/example_sla_dag.py
[2024-04-21T15:06:35.564+0000] {processor.py:840} INFO - DAG(s) 'example_sla_dag' retrieved from /home/airflow/.local/lib/python3.12/site-packages/airflow/example_dags/example_sla_dag.py
[2024-04-21T15:06:35.576+0000] {logging_mixin.py:188} INFO - [2024-04-21T15:06:35.576+0000] {dag.py:3096} INFO - Sync 1 DAGs
[2024-04-21T15:06:35.586+0000] {logging_mixin.py:188} INFO - [2024-04-21T15:06:35.586+0000] {dag.py:3954} INFO - Setting next_dagrun for example_sla_dag to 2024-04-21 15:04:00+00:00, run_after=2024-04-21 15:06:00+00:00
[2024-04-21T15:06:35.592+0000] {processor.py:183} INFO - Processing /home/airflow/.local/lib/python3.12/site-packages/airflow/example_dags/example_sla_dag.py took 0.036 seconds
[2024-04-21T15:07:05.676+0000] {processor.py:161} INFO - Started process (PID=10968) to work on /home/airflow/.local/lib/python3.12/site-packages/airflow/example_dags/example_sla_dag.py
[2024-04-21T15:07:05.677+0000] {processor.py:830} INFO - Processing file /home/airflow/.local/lib/python3.12/site-packages/airflow/example_dags/example_sla_dag.py for tasks to queue
[2024-04-21T15:07:05.678+0000] {logging_mixin.py:188} INFO - [2024-04-21T15:07:05.678+0000] {dagbag.py:540} INFO - Filling up the DagBag from /home/airflow/.local/lib/python3.12/site-packages/airflow/example_dags/example_sla_dag.py
[2024-04-21T15:07:05.682+0000] {processor.py:840} INFO - DAG(s) 'example_sla_dag' retrieved from /home/airflow/.local/lib/python3.12/site-packages/airflow/example_dags/example_sla_dag.py
[2024-04-21T15:07:05.693+0000] {logging_mixin.py:188} INFO - [2024-04-21T15:07:05.693+0000] {dag.py:3096} INFO - Sync 1 DAGs
[2024-04-21T15:07:05.703+0000] {logging_mixin.py:188} INFO - [2024-04-21T15:07:05.703+0000] {dag.py:3954} INFO - Setting next_dagrun for example_sla_dag to 2024-04-21 15:04:00+00:00, run_after=2024-04-21 15:06:00+00:00
[2024-04-21T15:07:05.710+0000] {processor.py:183} INFO - Processing /home/airflow/.local/lib/python3.12/site-packages/airflow/example_dags/example_sla_dag.py took 0.037 seconds
[2024-04-21T15:07:35.979+0000] {processor.py:161} INFO - Started process (PID=11255) to work on /home/airflow/.local/lib/python3.12/site-packages/airflow/example_dags/example_sla_dag.py
[2024-04-21T15:07:35.980+0000] {processor.py:830} INFO - Processing file /home/airflow/.local/lib/python3.12/site-packages/airflow/example_dags/example_sla_dag.py for tasks to queue
[2024-04-21T15:07:35.981+0000] {logging_mixin.py:188} INFO - [2024-04-21T15:07:35.981+0000] {dagbag.py:540} INFO - Filling up the DagBag from /home/airflow/.local/lib/python3.12/site-packages/airflow/example_dags/example_sla_dag.py
[2024-04-21T15:07:35.985+0000] {processor.py:840} INFO - DAG(s) 'example_sla_dag' retrieved from /home/airflow/.local/lib/python3.12/site-packages/airflow/example_dags/example_sla_dag.py
[2024-04-21T15:07:35.997+0000] {logging_mixin.py:188} INFO - [2024-04-21T15:07:35.997+0000] {dag.py:3096} INFO - Sync 1 DAGs
[2024-04-21T15:07:36.008+0000] {logging_mixin.py:188} INFO - [2024-04-21T15:07:36.008+0000] {dag.py:3954} INFO - Setting next_dagrun for example_sla_dag to 2024-04-21 15:04:00+00:00, run_after=2024-04-21 15:06:00+00:00
[2024-04-21T15:07:36.016+0000] {processor.py:183} INFO - Processing /home/airflow/.local/lib/python3.12/site-packages/airflow/example_dags/example_sla_dag.py took 0.041 seconds
[2024-04-21T15:08:06.050+0000] {processor.py:161} INFO - Started process (PID=11535) to work on /home/airflow/.local/lib/python3.12/site-packages/airflow/example_dags/example_sla_dag.py
[2024-04-21T15:08:06.051+0000] {processor.py:830} INFO - Processing file /home/airflow/.local/lib/python3.12/site-packages/airflow/example_dags/example_sla_dag.py for tasks to queue
[2024-04-21T15:08:06.052+0000] {logging_mixin.py:188} INFO - [2024-04-21T15:08:06.052+0000] {dagbag.py:540} INFO - Filling up the DagBag from /home/airflow/.local/lib/python3.12/site-packages/airflow/example_dags/example_sla_dag.py
[2024-04-21T15:08:06.056+0000] {processor.py:840} INFO - DAG(s) 'example_sla_dag' retrieved from /home/airflow/.local/lib/python3.12/site-packages/airflow/example_dags/example_sla_dag.py
[2024-04-21T15:08:06.067+0000] {logging_mixin.py:188} INFO - [2024-04-21T15:08:06.067+0000] {dag.py:3096} INFO - Sync 1 DAGs
[2024-04-21T15:08:06.078+0000] {logging_mixin.py:188} INFO - [2024-04-21T15:08:06.078+0000] {dag.py:3954} INFO - Setting next_dagrun for example_sla_dag to 2024-04-21 15:06:00+00:00, run_after=2024-04-21 15:08:00+00:00
[2024-04-21T15:08:06.085+0000] {processor.py:183} INFO - Processing /home/airflow/.local/lib/python3.12/site-packages/airflow/example_dags/example_sla_dag.py took 0.037 seconds
[2024-04-21T15:08:37.108+0000] {processor.py:161} INFO - Started process (PID=11816) to work on /home/airflow/.local/lib/python3.12/site-packages/airflow/example_dags/example_sla_dag.py
[2024-04-21T15:08:37.108+0000] {processor.py:830} INFO - Processing file /home/airflow/.local/lib/python3.12/site-packages/airflow/example_dags/example_sla_dag.py for tasks to queue
[2024-04-21T15:08:37.109+0000] {logging_mixin.py:188} INFO - [2024-04-21T15:08:37.109+0000] {dagbag.py:540} INFO - Filling up the DagBag from /home/airflow/.local/lib/python3.12/site-packages/airflow/example_dags/example_sla_dag.py
[2024-04-21T15:08:37.113+0000] {processor.py:840} INFO - DAG(s) 'example_sla_dag' retrieved from /home/airflow/.local/lib/python3.12/site-packages/airflow/example_dags/example_sla_dag.py
[2024-04-21T15:08:37.124+0000] {logging_mixin.py:188} INFO - [2024-04-21T15:08:37.124+0000] {dag.py:3096} INFO - Sync 1 DAGs
[2024-04-21T15:08:37.135+0000] {logging_mixin.py:188} INFO - [2024-04-21T15:08:37.135+0000] {dag.py:3954} INFO - Setting next_dagrun for example_sla_dag to 2024-04-21 15:06:00+00:00, run_after=2024-04-21 15:08:00+00:00
[2024-04-21T15:08:37.142+0000] {processor.py:183} INFO - Processing /home/airflow/.local/lib/python3.12/site-packages/airflow/example_dags/example_sla_dag.py took 0.038 seconds
[2024-04-21T15:09:08.029+0000] {processor.py:161} INFO - Started process (PID=12084) to work on /home/airflow/.local/lib/python3.12/site-packages/airflow/example_dags/example_sla_dag.py
[2024-04-21T15:09:08.030+0000] {processor.py:830} INFO - Processing file /home/airflow/.local/lib/python3.12/site-packages/airflow/example_dags/example_sla_dag.py for tasks to queue
[2024-04-21T15:09:08.031+0000] {logging_mixin.py:188} INFO - [2024-04-21T15:09:08.031+0000] {dagbag.py:540} INFO - Filling up the DagBag from /home/airflow/.local/lib/python3.12/site-packages/airflow/example_dags/example_sla_dag.py
[2024-04-21T15:09:08.035+0000] {processor.py:840} INFO - DAG(s) 'example_sla_dag' retrieved from /home/airflow/.local/lib/python3.12/site-packages/airflow/example_dags/example_sla_dag.py
[2024-04-21T15:09:08.048+0000] {logging_mixin.py:188} INFO - [2024-04-21T15:09:08.048+0000] {dag.py:3096} INFO - Sync 1 DAGs
[2024-04-21T15:09:08.059+0000] {logging_mixin.py:188} INFO - [2024-04-21T15:09:08.059+0000] {dag.py:3954} INFO - Setting next_dagrun for example_sla_dag to 2024-04-21 15:06:00+00:00, run_after=2024-04-21 15:08:00+00:00
[2024-04-21T15:09:08.067+0000] {processor.py:183} INFO - Processing /home/airflow/.local/lib/python3.12/site-packages/airflow/example_dags/example_sla_dag.py took 0.041 seconds
[2024-04-21T15:09:38.846+0000] {processor.py:161} INFO - Started process (PID=12351) to work on /home/airflow/.local/lib/python3.12/site-packages/airflow/example_dags/example_sla_dag.py
[2024-04-21T15:09:38.847+0000] {processor.py:830} INFO - Processing file /home/airflow/.local/lib/python3.12/site-packages/airflow/example_dags/example_sla_dag.py for tasks to queue
[2024-04-21T15:09:38.848+0000] {logging_mixin.py:188} INFO - [2024-04-21T15:09:38.847+0000] {dagbag.py:540} INFO - Filling up the DagBag from /home/airflow/.local/lib/python3.12/site-packages/airflow/example_dags/example_sla_dag.py
[2024-04-21T15:09:38.852+0000] {processor.py:840} INFO - DAG(s) 'example_sla_dag' retrieved from /home/airflow/.local/lib/python3.12/site-packages/airflow/example_dags/example_sla_dag.py
[2024-04-21T15:09:38.863+0000] {logging_mixin.py:188} INFO - [2024-04-21T15:09:38.863+0000] {dag.py:3096} INFO - Sync 1 DAGs
[2024-04-21T15:09:38.873+0000] {logging_mixin.py:188} INFO - [2024-04-21T15:09:38.873+0000] {dag.py:3954} INFO - Setting next_dagrun for example_sla_dag to 2024-04-21 15:06:00+00:00, run_after=2024-04-21 15:08:00+00:00
[2024-04-21T15:09:38.880+0000] {processor.py:183} INFO - Processing /home/airflow/.local/lib/python3.12/site-packages/airflow/example_dags/example_sla_dag.py took 0.037 seconds
[2024-04-21T15:10:09.801+0000] {processor.py:161} INFO - Started process (PID=12617) to work on /home/airflow/.local/lib/python3.12/site-packages/airflow/example_dags/example_sla_dag.py
[2024-04-21T15:10:09.801+0000] {processor.py:830} INFO - Processing file /home/airflow/.local/lib/python3.12/site-packages/airflow/example_dags/example_sla_dag.py for tasks to queue
[2024-04-21T15:10:09.802+0000] {logging_mixin.py:188} INFO - [2024-04-21T15:10:09.802+0000] {dagbag.py:540} INFO - Filling up the DagBag from /home/airflow/.local/lib/python3.12/site-packages/airflow/example_dags/example_sla_dag.py
[2024-04-21T15:10:09.806+0000] {processor.py:840} INFO - DAG(s) 'example_sla_dag' retrieved from /home/airflow/.local/lib/python3.12/site-packages/airflow/example_dags/example_sla_dag.py
[2024-04-21T15:10:09.818+0000] {logging_mixin.py:188} INFO - [2024-04-21T15:10:09.818+0000] {dag.py:3096} INFO - Sync 1 DAGs
[2024-04-21T15:10:09.829+0000] {logging_mixin.py:188} INFO - [2024-04-21T15:10:09.829+0000] {dag.py:3954} INFO - Setting next_dagrun for example_sla_dag to 2024-04-21 15:08:00+00:00, run_after=2024-04-21 15:10:00+00:00
[2024-04-21T15:10:09.839+0000] {processor.py:183} INFO - Processing /home/airflow/.local/lib/python3.12/site-packages/airflow/example_dags/example_sla_dag.py took 0.041 seconds
[2024-04-21T15:10:40.169+0000] {processor.py:161} INFO - Started process (PID=12892) to work on /home/airflow/.local/lib/python3.12/site-packages/airflow/example_dags/example_sla_dag.py
[2024-04-21T15:10:40.169+0000] {processor.py:830} INFO - Processing file /home/airflow/.local/lib/python3.12/site-packages/airflow/example_dags/example_sla_dag.py for tasks to queue
[2024-04-21T15:10:40.170+0000] {logging_mixin.py:188} INFO - [2024-04-21T15:10:40.170+0000] {dagbag.py:540} INFO - Filling up the DagBag from /home/airflow/.local/lib/python3.12/site-packages/airflow/example_dags/example_sla_dag.py
[2024-04-21T15:10:40.175+0000] {processor.py:840} INFO - DAG(s) 'example_sla_dag' retrieved from /home/airflow/.local/lib/python3.12/site-packages/airflow/example_dags/example_sla_dag.py
[2024-04-21T15:10:40.188+0000] {logging_mixin.py:188} INFO - [2024-04-21T15:10:40.188+0000] {dag.py:3096} INFO - Sync 1 DAGs
[2024-04-21T15:10:40.200+0000] {logging_mixin.py:188} INFO - [2024-04-21T15:10:40.200+0000] {dag.py:3954} INFO - Setting next_dagrun for example_sla_dag to 2024-04-21 15:08:00+00:00, run_after=2024-04-21 15:10:00+00:00
[2024-04-21T15:10:40.208+0000] {processor.py:183} INFO - Processing /home/airflow/.local/lib/python3.12/site-packages/airflow/example_dags/example_sla_dag.py took 0.044 seconds
[2024-04-21T15:11:11.167+0000] {processor.py:161} INFO - Started process (PID=13169) to work on /home/airflow/.local/lib/python3.12/site-packages/airflow/example_dags/example_sla_dag.py
[2024-04-21T15:11:11.167+0000] {processor.py:830} INFO - Processing file /home/airflow/.local/lib/python3.12/site-packages/airflow/example_dags/example_sla_dag.py for tasks to queue
[2024-04-21T15:11:11.168+0000] {logging_mixin.py:188} INFO - [2024-04-21T15:11:11.168+0000] {dagbag.py:540} INFO - Filling up the DagBag from /home/airflow/.local/lib/python3.12/site-packages/airflow/example_dags/example_sla_dag.py
[2024-04-21T15:11:11.172+0000] {processor.py:840} INFO - DAG(s) 'example_sla_dag' retrieved from /home/airflow/.local/lib/python3.12/site-packages/airflow/example_dags/example_sla_dag.py
[2024-04-21T15:11:11.183+0000] {logging_mixin.py:188} INFO - [2024-04-21T15:11:11.183+0000] {dag.py:3096} INFO - Sync 1 DAGs
[2024-04-21T15:11:11.194+0000] {logging_mixin.py:188} INFO - [2024-04-21T15:11:11.194+0000] {dag.py:3954} INFO - Setting next_dagrun for example_sla_dag to 2024-04-21 15:08:00+00:00, run_after=2024-04-21 15:10:00+00:00
[2024-04-21T15:11:11.201+0000] {processor.py:183} INFO - Processing /home/airflow/.local/lib/python3.12/site-packages/airflow/example_dags/example_sla_dag.py took 0.038 seconds
[2024-04-21T15:11:42.182+0000] {processor.py:161} INFO - Started process (PID=13443) to work on /home/airflow/.local/lib/python3.12/site-packages/airflow/example_dags/example_sla_dag.py
[2024-04-21T15:11:42.183+0000] {processor.py:830} INFO - Processing file /home/airflow/.local/lib/python3.12/site-packages/airflow/example_dags/example_sla_dag.py for tasks to queue
[2024-04-21T15:11:42.184+0000] {logging_mixin.py:188} INFO - [2024-04-21T15:11:42.183+0000] {dagbag.py:540} INFO - Filling up the DagBag from /home/airflow/.local/lib/python3.12/site-packages/airflow/example_dags/example_sla_dag.py
[2024-04-21T15:11:42.188+0000] {processor.py:840} INFO - DAG(s) 'example_sla_dag' retrieved from /home/airflow/.local/lib/python3.12/site-packages/airflow/example_dags/example_sla_dag.py
[2024-04-21T15:11:42.199+0000] {logging_mixin.py:188} INFO - [2024-04-21T15:11:42.199+0000] {dag.py:3096} INFO - Sync 1 DAGs
[2024-04-21T15:11:42.209+0000] {logging_mixin.py:188} INFO - [2024-04-21T15:11:42.209+0000] {dag.py:3954} INFO - Setting next_dagrun for example_sla_dag to 2024-04-21 15:08:00+00:00, run_after=2024-04-21 15:10:00+00:00
[2024-04-21T15:11:42.217+0000] {processor.py:183} INFO - Processing /home/airflow/.local/lib/python3.12/site-packages/airflow/example_dags/example_sla_dag.py took 0.038 seconds
[2024-04-21T15:12:13.255+0000] {processor.py:161} INFO - Started process (PID=13725) to work on /home/airflow/.local/lib/python3.12/site-packages/airflow/example_dags/example_sla_dag.py
[2024-04-21T15:12:13.255+0000] {processor.py:830} INFO - Processing file /home/airflow/.local/lib/python3.12/site-packages/airflow/example_dags/example_sla_dag.py for tasks to queue
[2024-04-21T15:12:13.256+0000] {logging_mixin.py:188} INFO - [2024-04-21T15:12:13.256+0000] {dagbag.py:540} INFO - Filling up the DagBag from /home/airflow/.local/lib/python3.12/site-packages/airflow/example_dags/example_sla_dag.py
[2024-04-21T15:12:13.260+0000] {processor.py:840} INFO - DAG(s) 'example_sla_dag' retrieved from /home/airflow/.local/lib/python3.12/site-packages/airflow/example_dags/example_sla_dag.py
[2024-04-21T15:12:13.272+0000] {logging_mixin.py:188} INFO - [2024-04-21T15:12:13.272+0000] {dag.py:3096} INFO - Sync 1 DAGs
[2024-04-21T15:12:13.282+0000] {logging_mixin.py:188} INFO - [2024-04-21T15:12:13.282+0000] {dag.py:3954} INFO - Setting next_dagrun for example_sla_dag to 2024-04-21 15:10:00+00:00, run_after=2024-04-21 15:12:00+00:00
[2024-04-21T15:12:13.290+0000] {processor.py:183} INFO - Processing /home/airflow/.local/lib/python3.12/site-packages/airflow/example_dags/example_sla_dag.py took 0.038 seconds
[2024-04-21T15:12:43.986+0000] {processor.py:161} INFO - Started process (PID=14001) to work on /home/airflow/.local/lib/python3.12/site-packages/airflow/example_dags/example_sla_dag.py
[2024-04-21T15:12:43.986+0000] {processor.py:830} INFO - Processing file /home/airflow/.local/lib/python3.12/site-packages/airflow/example_dags/example_sla_dag.py for tasks to queue
[2024-04-21T15:12:43.987+0000] {logging_mixin.py:188} INFO - [2024-04-21T15:12:43.987+0000] {dagbag.py:540} INFO - Filling up the DagBag from /home/airflow/.local/lib/python3.12/site-packages/airflow/example_dags/example_sla_dag.py
[2024-04-21T15:12:43.991+0000] {processor.py:840} INFO - DAG(s) 'example_sla_dag' retrieved from /home/airflow/.local/lib/python3.12/site-packages/airflow/example_dags/example_sla_dag.py
[2024-04-21T15:12:44.002+0000] {logging_mixin.py:188} INFO - [2024-04-21T15:12:44.002+0000] {dag.py:3096} INFO - Sync 1 DAGs
[2024-04-21T15:12:44.012+0000] {logging_mixin.py:188} INFO - [2024-04-21T15:12:44.012+0000] {dag.py:3954} INFO - Setting next_dagrun for example_sla_dag to 2024-04-21 15:10:00+00:00, run_after=2024-04-21 15:12:00+00:00
[2024-04-21T15:12:44.019+0000] {processor.py:183} INFO - Processing /home/airflow/.local/lib/python3.12/site-packages/airflow/example_dags/example_sla_dag.py took 0.037 seconds
[2024-04-21T15:13:15.026+0000] {processor.py:161} INFO - Started process (PID=14287) to work on /home/airflow/.local/lib/python3.12/site-packages/airflow/example_dags/example_sla_dag.py
[2024-04-21T15:13:15.026+0000] {processor.py:830} INFO - Processing file /home/airflow/.local/lib/python3.12/site-packages/airflow/example_dags/example_sla_dag.py for tasks to queue
[2024-04-21T15:13:15.027+0000] {logging_mixin.py:188} INFO - [2024-04-21T15:13:15.027+0000] {dagbag.py:540} INFO - Filling up the DagBag from /home/airflow/.local/lib/python3.12/site-packages/airflow/example_dags/example_sla_dag.py
[2024-04-21T15:13:15.031+0000] {processor.py:840} INFO - DAG(s) 'example_sla_dag' retrieved from /home/airflow/.local/lib/python3.12/site-packages/airflow/example_dags/example_sla_dag.py
[2024-04-21T15:13:15.042+0000] {logging_mixin.py:188} INFO - [2024-04-21T15:13:15.042+0000] {dag.py:3096} INFO - Sync 1 DAGs
[2024-04-21T15:13:15.053+0000] {logging_mixin.py:188} INFO - [2024-04-21T15:13:15.053+0000] {dag.py:3954} INFO - Setting next_dagrun for example_sla_dag to 2024-04-21 15:10:00+00:00, run_after=2024-04-21 15:12:00+00:00
[2024-04-21T15:13:15.060+0000] {processor.py:183} INFO - Processing /home/airflow/.local/lib/python3.12/site-packages/airflow/example_dags/example_sla_dag.py took 0.037 seconds
[2024-04-21T15:13:45.954+0000] {processor.py:161} INFO - Started process (PID=14553) to work on /home/airflow/.local/lib/python3.12/site-packages/airflow/example_dags/example_sla_dag.py
[2024-04-21T15:13:45.955+0000] {processor.py:830} INFO - Processing file /home/airflow/.local/lib/python3.12/site-packages/airflow/example_dags/example_sla_dag.py for tasks to queue
[2024-04-21T15:13:45.956+0000] {logging_mixin.py:188} INFO - [2024-04-21T15:13:45.956+0000] {dagbag.py:540} INFO - Filling up the DagBag from /home/airflow/.local/lib/python3.12/site-packages/airflow/example_dags/example_sla_dag.py
[2024-04-21T15:13:45.961+0000] {processor.py:840} INFO - DAG(s) 'example_sla_dag' retrieved from /home/airflow/.local/lib/python3.12/site-packages/airflow/example_dags/example_sla_dag.py
[2024-04-21T15:13:45.974+0000] {logging_mixin.py:188} INFO - [2024-04-21T15:13:45.974+0000] {dag.py:3096} INFO - Sync 1 DAGs
[2024-04-21T15:13:45.987+0000] {logging_mixin.py:188} INFO - [2024-04-21T15:13:45.987+0000] {dag.py:3954} INFO - Setting next_dagrun for example_sla_dag to 2024-04-21 15:10:00+00:00, run_after=2024-04-21 15:12:00+00:00
[2024-04-21T15:13:45.996+0000] {processor.py:183} INFO - Processing /home/airflow/.local/lib/python3.12/site-packages/airflow/example_dags/example_sla_dag.py took 0.045 seconds
[2024-04-21T15:14:16.076+0000] {processor.py:161} INFO - Started process (PID=14820) to work on /home/airflow/.local/lib/python3.12/site-packages/airflow/example_dags/example_sla_dag.py
[2024-04-21T15:14:16.077+0000] {processor.py:830} INFO - Processing file /home/airflow/.local/lib/python3.12/site-packages/airflow/example_dags/example_sla_dag.py for tasks to queue
[2024-04-21T15:14:16.078+0000] {logging_mixin.py:188} INFO - [2024-04-21T15:14:16.078+0000] {dagbag.py:540} INFO - Filling up the DagBag from /home/airflow/.local/lib/python3.12/site-packages/airflow/example_dags/example_sla_dag.py
[2024-04-21T15:14:16.082+0000] {processor.py:840} INFO - DAG(s) 'example_sla_dag' retrieved from /home/airflow/.local/lib/python3.12/site-packages/airflow/example_dags/example_sla_dag.py
[2024-04-21T15:14:16.093+0000] {logging_mixin.py:188} INFO - [2024-04-21T15:14:16.093+0000] {dag.py:3096} INFO - Sync 1 DAGs
[2024-04-21T15:14:16.104+0000] {logging_mixin.py:188} INFO - [2024-04-21T15:14:16.104+0000] {dag.py:3954} INFO - Setting next_dagrun for example_sla_dag to 2024-04-21 15:12:00+00:00, run_after=2024-04-21 15:14:00+00:00
[2024-04-21T15:14:16.111+0000] {processor.py:183} INFO - Processing /home/airflow/.local/lib/python3.12/site-packages/airflow/example_dags/example_sla_dag.py took 0.037 seconds
[2024-04-21T15:14:46.268+0000] {processor.py:161} INFO - Started process (PID=15086) to work on /home/airflow/.local/lib/python3.12/site-packages/airflow/example_dags/example_sla_dag.py
[2024-04-21T15:14:46.268+0000] {processor.py:830} INFO - Processing file /home/airflow/.local/lib/python3.12/site-packages/airflow/example_dags/example_sla_dag.py for tasks to queue
[2024-04-21T15:14:46.269+0000] {logging_mixin.py:188} INFO - [2024-04-21T15:14:46.269+0000] {dagbag.py:540} INFO - Filling up the DagBag from /home/airflow/.local/lib/python3.12/site-packages/airflow/example_dags/example_sla_dag.py
[2024-04-21T15:14:46.274+0000] {processor.py:840} INFO - DAG(s) 'example_sla_dag' retrieved from /home/airflow/.local/lib/python3.12/site-packages/airflow/example_dags/example_sla_dag.py
[2024-04-21T15:14:46.285+0000] {logging_mixin.py:188} INFO - [2024-04-21T15:14:46.285+0000] {dag.py:3096} INFO - Sync 1 DAGs
[2024-04-21T15:14:46.295+0000] {logging_mixin.py:188} INFO - [2024-04-21T15:14:46.295+0000] {dag.py:3954} INFO - Setting next_dagrun for example_sla_dag to 2024-04-21 15:12:00+00:00, run_after=2024-04-21 15:14:00+00:00
[2024-04-21T15:14:46.302+0000] {processor.py:183} INFO - Processing /home/airflow/.local/lib/python3.12/site-packages/airflow/example_dags/example_sla_dag.py took 0.037 seconds
[2024-04-21T15:15:16.380+0000] {processor.py:161} INFO - Started process (PID=15353) to work on /home/airflow/.local/lib/python3.12/site-packages/airflow/example_dags/example_sla_dag.py
[2024-04-21T15:15:16.381+0000] {processor.py:830} INFO - Processing file /home/airflow/.local/lib/python3.12/site-packages/airflow/example_dags/example_sla_dag.py for tasks to queue
[2024-04-21T15:15:16.382+0000] {logging_mixin.py:188} INFO - [2024-04-21T15:15:16.382+0000] {dagbag.py:540} INFO - Filling up the DagBag from /home/airflow/.local/lib/python3.12/site-packages/airflow/example_dags/example_sla_dag.py
[2024-04-21T15:15:16.386+0000] {processor.py:840} INFO - DAG(s) 'example_sla_dag' retrieved from /home/airflow/.local/lib/python3.12/site-packages/airflow/example_dags/example_sla_dag.py
[2024-04-21T15:15:16.397+0000] {logging_mixin.py:188} INFO - [2024-04-21T15:15:16.397+0000] {dag.py:3096} INFO - Sync 1 DAGs
[2024-04-21T15:15:16.407+0000] {logging_mixin.py:188} INFO - [2024-04-21T15:15:16.407+0000] {dag.py:3954} INFO - Setting next_dagrun for example_sla_dag to 2024-04-21 15:12:00+00:00, run_after=2024-04-21 15:14:00+00:00
[2024-04-21T15:15:16.414+0000] {processor.py:183} INFO - Processing /home/airflow/.local/lib/python3.12/site-packages/airflow/example_dags/example_sla_dag.py took 0.037 seconds
[2024-04-21T15:15:46.571+0000] {processor.py:161} INFO - Started process (PID=15620) to work on /home/airflow/.local/lib/python3.12/site-packages/airflow/example_dags/example_sla_dag.py
[2024-04-21T15:15:46.572+0000] {processor.py:830} INFO - Processing file /home/airflow/.local/lib/python3.12/site-packages/airflow/example_dags/example_sla_dag.py for tasks to queue
[2024-04-21T15:15:46.573+0000] {logging_mixin.py:188} INFO - [2024-04-21T15:15:46.572+0000] {dagbag.py:540} INFO - Filling up the DagBag from /home/airflow/.local/lib/python3.12/site-packages/airflow/example_dags/example_sla_dag.py
[2024-04-21T15:15:46.576+0000] {processor.py:840} INFO - DAG(s) 'example_sla_dag' retrieved from /home/airflow/.local/lib/python3.12/site-packages/airflow/example_dags/example_sla_dag.py
[2024-04-21T15:15:46.588+0000] {logging_mixin.py:188} INFO - [2024-04-21T15:15:46.588+0000] {dag.py:3096} INFO - Sync 1 DAGs
[2024-04-21T15:15:46.598+0000] {logging_mixin.py:188} INFO - [2024-04-21T15:15:46.598+0000] {dag.py:3954} INFO - Setting next_dagrun for example_sla_dag to 2024-04-21 15:12:00+00:00, run_after=2024-04-21 15:14:00+00:00
[2024-04-21T15:15:46.605+0000] {processor.py:183} INFO - Processing /home/airflow/.local/lib/python3.12/site-packages/airflow/example_dags/example_sla_dag.py took 0.038 seconds
[2024-04-21T15:16:16.810+0000] {processor.py:161} INFO - Started process (PID=15889) to work on /home/airflow/.local/lib/python3.12/site-packages/airflow/example_dags/example_sla_dag.py
[2024-04-21T15:16:16.810+0000] {processor.py:830} INFO - Processing file /home/airflow/.local/lib/python3.12/site-packages/airflow/example_dags/example_sla_dag.py for tasks to queue
[2024-04-21T15:16:16.811+0000] {logging_mixin.py:188} INFO - [2024-04-21T15:16:16.811+0000] {dagbag.py:540} INFO - Filling up the DagBag from /home/airflow/.local/lib/python3.12/site-packages/airflow/example_dags/example_sla_dag.py
[2024-04-21T15:16:16.816+0000] {processor.py:840} INFO - DAG(s) 'example_sla_dag' retrieved from /home/airflow/.local/lib/python3.12/site-packages/airflow/example_dags/example_sla_dag.py
[2024-04-21T15:16:16.828+0000] {logging_mixin.py:188} INFO - [2024-04-21T15:16:16.828+0000] {dag.py:3096} INFO - Sync 1 DAGs
[2024-04-21T15:16:16.839+0000] {logging_mixin.py:188} INFO - [2024-04-21T15:16:16.839+0000] {dag.py:3954} INFO - Setting next_dagrun for example_sla_dag to 2024-04-21 15:14:00+00:00, run_after=2024-04-21 15:16:00+00:00
[2024-04-21T15:16:16.846+0000] {processor.py:183} INFO - Processing /home/airflow/.local/lib/python3.12/site-packages/airflow/example_dags/example_sla_dag.py took 0.040 seconds
[2024-04-21T15:16:47.069+0000] {processor.py:161} INFO - Started process (PID=16155) to work on /home/airflow/.local/lib/python3.12/site-packages/airflow/example_dags/example_sla_dag.py
[2024-04-21T15:16:47.069+0000] {processor.py:830} INFO - Processing file /home/airflow/.local/lib/python3.12/site-packages/airflow/example_dags/example_sla_dag.py for tasks to queue
[2024-04-21T15:16:47.071+0000] {logging_mixin.py:188} INFO - [2024-04-21T15:16:47.070+0000] {dagbag.py:540} INFO - Filling up the DagBag from /home/airflow/.local/lib/python3.12/site-packages/airflow/example_dags/example_sla_dag.py
[2024-04-21T15:16:47.075+0000] {processor.py:840} INFO - DAG(s) 'example_sla_dag' retrieved from /home/airflow/.local/lib/python3.12/site-packages/airflow/example_dags/example_sla_dag.py
[2024-04-21T15:16:47.088+0000] {logging_mixin.py:188} INFO - [2024-04-21T15:16:47.088+0000] {dag.py:3096} INFO - Sync 1 DAGs
[2024-04-21T15:16:47.100+0000] {logging_mixin.py:188} INFO - [2024-04-21T15:16:47.100+0000] {dag.py:3954} INFO - Setting next_dagrun for example_sla_dag to 2024-04-21 15:14:00+00:00, run_after=2024-04-21 15:16:00+00:00
[2024-04-21T15:16:47.108+0000] {processor.py:183} INFO - Processing /home/airflow/.local/lib/python3.12/site-packages/airflow/example_dags/example_sla_dag.py took 0.043 seconds
[2024-04-21T15:17:17.169+0000] {processor.py:161} INFO - Started process (PID=16422) to work on /home/airflow/.local/lib/python3.12/site-packages/airflow/example_dags/example_sla_dag.py
[2024-04-21T15:17:17.169+0000] {processor.py:830} INFO - Processing file /home/airflow/.local/lib/python3.12/site-packages/airflow/example_dags/example_sla_dag.py for tasks to queue
[2024-04-21T15:17:17.170+0000] {logging_mixin.py:188} INFO - [2024-04-21T15:17:17.170+0000] {dagbag.py:540} INFO - Filling up the DagBag from /home/airflow/.local/lib/python3.12/site-packages/airflow/example_dags/example_sla_dag.py
[2024-04-21T15:17:17.175+0000] {processor.py:840} INFO - DAG(s) 'example_sla_dag' retrieved from /home/airflow/.local/lib/python3.12/site-packages/airflow/example_dags/example_sla_dag.py
[2024-04-21T15:17:17.186+0000] {logging_mixin.py:188} INFO - [2024-04-21T15:17:17.186+0000] {dag.py:3096} INFO - Sync 1 DAGs
[2024-04-21T15:17:17.197+0000] {logging_mixin.py:188} INFO - [2024-04-21T15:17:17.197+0000] {dag.py:3954} INFO - Setting next_dagrun for example_sla_dag to 2024-04-21 15:14:00+00:00, run_after=2024-04-21 15:16:00+00:00
[2024-04-21T15:17:17.204+0000] {processor.py:183} INFO - Processing /home/airflow/.local/lib/python3.12/site-packages/airflow/example_dags/example_sla_dag.py took 0.039 seconds
[2024-04-21T15:17:47.344+0000] {processor.py:161} INFO - Started process (PID=16689) to work on /home/airflow/.local/lib/python3.12/site-packages/airflow/example_dags/example_sla_dag.py
[2024-04-21T15:17:47.345+0000] {processor.py:830} INFO - Processing file /home/airflow/.local/lib/python3.12/site-packages/airflow/example_dags/example_sla_dag.py for tasks to queue
[2024-04-21T15:17:47.346+0000] {logging_mixin.py:188} INFO - [2024-04-21T15:17:47.345+0000] {dagbag.py:540} INFO - Filling up the DagBag from /home/airflow/.local/lib/python3.12/site-packages/airflow/example_dags/example_sla_dag.py
[2024-04-21T15:17:47.350+0000] {processor.py:840} INFO - DAG(s) 'example_sla_dag' retrieved from /home/airflow/.local/lib/python3.12/site-packages/airflow/example_dags/example_sla_dag.py
[2024-04-21T15:17:47.361+0000] {logging_mixin.py:188} INFO - [2024-04-21T15:17:47.361+0000] {dag.py:3096} INFO - Sync 1 DAGs
[2024-04-21T15:17:47.372+0000] {logging_mixin.py:188} INFO - [2024-04-21T15:17:47.372+0000] {dag.py:3954} INFO - Setting next_dagrun for example_sla_dag to 2024-04-21 15:14:00+00:00, run_after=2024-04-21 15:16:00+00:00
[2024-04-21T15:17:47.379+0000] {processor.py:183} INFO - Processing /home/airflow/.local/lib/python3.12/site-packages/airflow/example_dags/example_sla_dag.py took 0.038 seconds
[2024-04-21T15:18:17.489+0000] {processor.py:161} INFO - Started process (PID=16956) to work on /home/airflow/.local/lib/python3.12/site-packages/airflow/example_dags/example_sla_dag.py
[2024-04-21T15:18:17.489+0000] {processor.py:830} INFO - Processing file /home/airflow/.local/lib/python3.12/site-packages/airflow/example_dags/example_sla_dag.py for tasks to queue
[2024-04-21T15:18:17.490+0000] {logging_mixin.py:188} INFO - [2024-04-21T15:18:17.490+0000] {dagbag.py:540} INFO - Filling up the DagBag from /home/airflow/.local/lib/python3.12/site-packages/airflow/example_dags/example_sla_dag.py
[2024-04-21T15:18:17.495+0000] {processor.py:840} INFO - DAG(s) 'example_sla_dag' retrieved from /home/airflow/.local/lib/python3.12/site-packages/airflow/example_dags/example_sla_dag.py
[2024-04-21T15:18:17.507+0000] {logging_mixin.py:188} INFO - [2024-04-21T15:18:17.507+0000] {dag.py:3096} INFO - Sync 1 DAGs
[2024-04-21T15:18:17.518+0000] {logging_mixin.py:188} INFO - [2024-04-21T15:18:17.518+0000] {dag.py:3954} INFO - Setting next_dagrun for example_sla_dag to 2024-04-21 15:16:00+00:00, run_after=2024-04-21 15:18:00+00:00
[2024-04-21T15:18:17.526+0000] {processor.py:183} INFO - Processing /home/airflow/.local/lib/python3.12/site-packages/airflow/example_dags/example_sla_dag.py took 0.040 seconds
[2024-04-21T15:18:48.527+0000] {processor.py:161} INFO - Started process (PID=17222) to work on /home/airflow/.local/lib/python3.12/site-packages/airflow/example_dags/example_sla_dag.py
[2024-04-21T15:18:48.528+0000] {processor.py:830} INFO - Processing file /home/airflow/.local/lib/python3.12/site-packages/airflow/example_dags/example_sla_dag.py for tasks to queue
[2024-04-21T15:18:48.529+0000] {logging_mixin.py:188} INFO - [2024-04-21T15:18:48.529+0000] {dagbag.py:540} INFO - Filling up the DagBag from /home/airflow/.local/lib/python3.12/site-packages/airflow/example_dags/example_sla_dag.py
[2024-04-21T15:18:48.533+0000] {processor.py:840} INFO - DAG(s) 'example_sla_dag' retrieved from /home/airflow/.local/lib/python3.12/site-packages/airflow/example_dags/example_sla_dag.py
[2024-04-21T15:18:48.544+0000] {logging_mixin.py:188} INFO - [2024-04-21T15:18:48.544+0000] {dag.py:3096} INFO - Sync 1 DAGs
[2024-04-21T15:18:48.554+0000] {logging_mixin.py:188} INFO - [2024-04-21T15:18:48.554+0000] {dag.py:3954} INFO - Setting next_dagrun for example_sla_dag to 2024-04-21 15:16:00+00:00, run_after=2024-04-21 15:18:00+00:00
[2024-04-21T15:18:48.561+0000] {processor.py:183} INFO - Processing /home/airflow/.local/lib/python3.12/site-packages/airflow/example_dags/example_sla_dag.py took 0.037 seconds
[2024-04-21T15:19:19.452+0000] {processor.py:161} INFO - Started process (PID=17488) to work on /home/airflow/.local/lib/python3.12/site-packages/airflow/example_dags/example_sla_dag.py
[2024-04-21T15:19:19.452+0000] {processor.py:830} INFO - Processing file /home/airflow/.local/lib/python3.12/site-packages/airflow/example_dags/example_sla_dag.py for tasks to queue
[2024-04-21T15:19:19.453+0000] {logging_mixin.py:188} INFO - [2024-04-21T15:19:19.453+0000] {dagbag.py:540} INFO - Filling up the DagBag from /home/airflow/.local/lib/python3.12/site-packages/airflow/example_dags/example_sla_dag.py
[2024-04-21T15:19:19.457+0000] {processor.py:840} INFO - DAG(s) 'example_sla_dag' retrieved from /home/airflow/.local/lib/python3.12/site-packages/airflow/example_dags/example_sla_dag.py
[2024-04-21T15:19:19.470+0000] {logging_mixin.py:188} INFO - [2024-04-21T15:19:19.470+0000] {dag.py:3096} INFO - Sync 1 DAGs
[2024-04-21T15:19:19.482+0000] {logging_mixin.py:188} INFO - [2024-04-21T15:19:19.482+0000] {dag.py:3954} INFO - Setting next_dagrun for example_sla_dag to 2024-04-21 15:16:00+00:00, run_after=2024-04-21 15:18:00+00:00
[2024-04-21T15:19:19.491+0000] {processor.py:183} INFO - Processing /home/airflow/.local/lib/python3.12/site-packages/airflow/example_dags/example_sla_dag.py took 0.042 seconds
[2024-04-21T15:19:49.601+0000] {processor.py:161} INFO - Started process (PID=17756) to work on /home/airflow/.local/lib/python3.12/site-packages/airflow/example_dags/example_sla_dag.py
[2024-04-21T15:19:49.602+0000] {processor.py:830} INFO - Processing file /home/airflow/.local/lib/python3.12/site-packages/airflow/example_dags/example_sla_dag.py for tasks to queue
[2024-04-21T15:19:49.603+0000] {logging_mixin.py:188} INFO - [2024-04-21T15:19:49.603+0000] {dagbag.py:540} INFO - Filling up the DagBag from /home/airflow/.local/lib/python3.12/site-packages/airflow/example_dags/example_sla_dag.py
[2024-04-21T15:19:49.611+0000] {processor.py:840} INFO - DAG(s) 'example_sla_dag' retrieved from /home/airflow/.local/lib/python3.12/site-packages/airflow/example_dags/example_sla_dag.py
[2024-04-21T15:19:49.623+0000] {logging_mixin.py:188} INFO - [2024-04-21T15:19:49.623+0000] {dag.py:3096} INFO - Sync 1 DAGs
[2024-04-21T15:19:49.633+0000] {logging_mixin.py:188} INFO - [2024-04-21T15:19:49.633+0000] {dag.py:3954} INFO - Setting next_dagrun for example_sla_dag to 2024-04-21 15:16:00+00:00, run_after=2024-04-21 15:18:00+00:00
[2024-04-21T15:19:49.641+0000] {processor.py:183} INFO - Processing /home/airflow/.local/lib/python3.12/site-packages/airflow/example_dags/example_sla_dag.py took 0.043 seconds
[2024-04-21T15:20:19.758+0000] {processor.py:161} INFO - Started process (PID=18022) to work on /home/airflow/.local/lib/python3.12/site-packages/airflow/example_dags/example_sla_dag.py
[2024-04-21T15:20:19.758+0000] {processor.py:830} INFO - Processing file /home/airflow/.local/lib/python3.12/site-packages/airflow/example_dags/example_sla_dag.py for tasks to queue
[2024-04-21T15:20:19.759+0000] {logging_mixin.py:188} INFO - [2024-04-21T15:20:19.759+0000] {dagbag.py:540} INFO - Filling up the DagBag from /home/airflow/.local/lib/python3.12/site-packages/airflow/example_dags/example_sla_dag.py
[2024-04-21T15:20:19.763+0000] {processor.py:840} INFO - DAG(s) 'example_sla_dag' retrieved from /home/airflow/.local/lib/python3.12/site-packages/airflow/example_dags/example_sla_dag.py
[2024-04-21T15:20:19.775+0000] {logging_mixin.py:188} INFO - [2024-04-21T15:20:19.775+0000] {dag.py:3096} INFO - Sync 1 DAGs
[2024-04-21T15:20:19.786+0000] {logging_mixin.py:188} INFO - [2024-04-21T15:20:19.786+0000] {dag.py:3954} INFO - Setting next_dagrun for example_sla_dag to 2024-04-21 15:18:00+00:00, run_after=2024-04-21 15:20:00+00:00
[2024-04-21T15:20:19.795+0000] {processor.py:183} INFO - Processing /home/airflow/.local/lib/python3.12/site-packages/airflow/example_dags/example_sla_dag.py took 0.040 seconds
