[2024-04-21T14:30:02.110+0000] {processor.py:161} INFO - Started process (PID=228) to work on /home/airflow/.local/lib/python3.12/site-packages/airflow/example_dags/example_sensors.py
[2024-04-21T14:30:02.111+0000] {processor.py:830} INFO - Processing file /home/airflow/.local/lib/python3.12/site-packages/airflow/example_dags/example_sensors.py for tasks to queue
[2024-04-21T14:30:02.112+0000] {logging_mixin.py:188} INFO - [2024-04-21T14:30:02.112+0000] {dagbag.py:540} INFO - Filling up the DagBag from /home/airflow/.local/lib/python3.12/site-packages/airflow/example_dags/example_sensors.py
[2024-04-21T14:30:02.120+0000] {processor.py:840} INFO - DAG(s) 'example_sensors' retrieved from /home/airflow/.local/lib/python3.12/site-packages/airflow/example_dags/example_sensors.py
[2024-04-21T14:30:02.132+0000] {logging_mixin.py:188} INFO - [2024-04-21T14:30:02.131+0000] {dag.py:3096} INFO - Sync 1 DAGs
[2024-04-21T14:30:02.139+0000] {logging_mixin.py:188} INFO - [2024-04-21T14:30:02.139+0000] {dag.py:3954} INFO - Setting next_dagrun for example_sensors to None, run_after=None
[2024-04-21T14:30:02.149+0000] {processor.py:183} INFO - Processing /home/airflow/.local/lib/python3.12/site-packages/airflow/example_dags/example_sensors.py took 0.044 seconds
[2024-04-21T14:30:32.700+0000] {processor.py:161} INFO - Started process (PID=488) to work on /home/airflow/.local/lib/python3.12/site-packages/airflow/example_dags/example_sensors.py
[2024-04-21T14:30:32.701+0000] {processor.py:830} INFO - Processing file /home/airflow/.local/lib/python3.12/site-packages/airflow/example_dags/example_sensors.py for tasks to queue
[2024-04-21T14:30:32.704+0000] {logging_mixin.py:188} INFO - [2024-04-21T14:30:32.704+0000] {dagbag.py:540} INFO - Filling up the DagBag from /home/airflow/.local/lib/python3.12/site-packages/airflow/example_dags/example_sensors.py
[2024-04-21T14:30:32.716+0000] {processor.py:840} INFO - DAG(s) 'example_sensors' retrieved from /home/airflow/.local/lib/python3.12/site-packages/airflow/example_dags/example_sensors.py
[2024-04-21T14:30:32.790+0000] {logging_mixin.py:188} INFO - [2024-04-21T14:30:32.789+0000] {dag.py:3096} INFO - Sync 1 DAGs
[2024-04-21T14:30:32.796+0000] {logging_mixin.py:188} INFO - [2024-04-21T14:30:32.796+0000] {dag.py:3954} INFO - Setting next_dagrun for example_sensors to None, run_after=None
[2024-04-21T14:30:32.807+0000] {processor.py:183} INFO - Processing /home/airflow/.local/lib/python3.12/site-packages/airflow/example_dags/example_sensors.py took 0.114 seconds
[2024-04-21T14:31:02.851+0000] {processor.py:161} INFO - Started process (PID=750) to work on /home/airflow/.local/lib/python3.12/site-packages/airflow/example_dags/example_sensors.py
[2024-04-21T14:31:02.852+0000] {processor.py:830} INFO - Processing file /home/airflow/.local/lib/python3.12/site-packages/airflow/example_dags/example_sensors.py for tasks to queue
[2024-04-21T14:31:02.854+0000] {logging_mixin.py:188} INFO - [2024-04-21T14:31:02.853+0000] {dagbag.py:540} INFO - Filling up the DagBag from /home/airflow/.local/lib/python3.12/site-packages/airflow/example_dags/example_sensors.py
[2024-04-21T14:31:02.860+0000] {processor.py:840} INFO - DAG(s) 'example_sensors' retrieved from /home/airflow/.local/lib/python3.12/site-packages/airflow/example_dags/example_sensors.py
[2024-04-21T14:31:02.879+0000] {logging_mixin.py:188} INFO - [2024-04-21T14:31:02.878+0000] {dag.py:3096} INFO - Sync 1 DAGs
[2024-04-21T14:31:02.886+0000] {logging_mixin.py:188} INFO - [2024-04-21T14:31:02.886+0000] {dag.py:3954} INFO - Setting next_dagrun for example_sensors to None, run_after=None
[2024-04-21T14:31:02.897+0000] {processor.py:183} INFO - Processing /home/airflow/.local/lib/python3.12/site-packages/airflow/example_dags/example_sensors.py took 0.051 seconds
[2024-04-21T14:31:33.486+0000] {processor.py:161} INFO - Started process (PID=1014) to work on /home/airflow/.local/lib/python3.12/site-packages/airflow/example_dags/example_sensors.py
[2024-04-21T14:31:33.486+0000] {processor.py:830} INFO - Processing file /home/airflow/.local/lib/python3.12/site-packages/airflow/example_dags/example_sensors.py for tasks to queue
[2024-04-21T14:31:33.488+0000] {logging_mixin.py:188} INFO - [2024-04-21T14:31:33.488+0000] {dagbag.py:540} INFO - Filling up the DagBag from /home/airflow/.local/lib/python3.12/site-packages/airflow/example_dags/example_sensors.py
[2024-04-21T14:31:33.494+0000] {processor.py:840} INFO - DAG(s) 'example_sensors' retrieved from /home/airflow/.local/lib/python3.12/site-packages/airflow/example_dags/example_sensors.py
[2024-04-21T14:31:33.515+0000] {logging_mixin.py:188} INFO - [2024-04-21T14:31:33.515+0000] {dag.py:3096} INFO - Sync 1 DAGs
[2024-04-21T14:31:33.522+0000] {logging_mixin.py:188} INFO - [2024-04-21T14:31:33.522+0000] {dag.py:3954} INFO - Setting next_dagrun for example_sensors to None, run_after=None
[2024-04-21T14:31:33.533+0000] {processor.py:183} INFO - Processing /home/airflow/.local/lib/python3.12/site-packages/airflow/example_dags/example_sensors.py took 0.052 seconds
[2024-04-21T14:32:04.156+0000] {processor.py:161} INFO - Started process (PID=1273) to work on /home/airflow/.local/lib/python3.12/site-packages/airflow/example_dags/example_sensors.py
[2024-04-21T14:32:04.157+0000] {processor.py:830} INFO - Processing file /home/airflow/.local/lib/python3.12/site-packages/airflow/example_dags/example_sensors.py for tasks to queue
[2024-04-21T14:32:04.159+0000] {logging_mixin.py:188} INFO - [2024-04-21T14:32:04.158+0000] {dagbag.py:540} INFO - Filling up the DagBag from /home/airflow/.local/lib/python3.12/site-packages/airflow/example_dags/example_sensors.py
[2024-04-21T14:32:04.165+0000] {processor.py:840} INFO - DAG(s) 'example_sensors' retrieved from /home/airflow/.local/lib/python3.12/site-packages/airflow/example_dags/example_sensors.py
[2024-04-21T14:32:04.184+0000] {logging_mixin.py:188} INFO - [2024-04-21T14:32:04.184+0000] {dag.py:3096} INFO - Sync 1 DAGs
[2024-04-21T14:32:04.192+0000] {logging_mixin.py:188} INFO - [2024-04-21T14:32:04.192+0000] {dag.py:3954} INFO - Setting next_dagrun for example_sensors to None, run_after=None
[2024-04-21T14:32:04.202+0000] {processor.py:183} INFO - Processing /home/airflow/.local/lib/python3.12/site-packages/airflow/example_dags/example_sensors.py took 0.051 seconds
[2024-04-21T14:32:34.503+0000] {processor.py:161} INFO - Started process (PID=1535) to work on /home/airflow/.local/lib/python3.12/site-packages/airflow/example_dags/example_sensors.py
[2024-04-21T14:32:34.503+0000] {processor.py:830} INFO - Processing file /home/airflow/.local/lib/python3.12/site-packages/airflow/example_dags/example_sensors.py for tasks to queue
[2024-04-21T14:32:34.505+0000] {logging_mixin.py:188} INFO - [2024-04-21T14:32:34.505+0000] {dagbag.py:540} INFO - Filling up the DagBag from /home/airflow/.local/lib/python3.12/site-packages/airflow/example_dags/example_sensors.py
[2024-04-21T14:32:34.511+0000] {processor.py:840} INFO - DAG(s) 'example_sensors' retrieved from /home/airflow/.local/lib/python3.12/site-packages/airflow/example_dags/example_sensors.py
[2024-04-21T14:32:34.530+0000] {logging_mixin.py:188} INFO - [2024-04-21T14:32:34.530+0000] {dag.py:3096} INFO - Sync 1 DAGs
[2024-04-21T14:32:34.537+0000] {logging_mixin.py:188} INFO - [2024-04-21T14:32:34.537+0000] {dag.py:3954} INFO - Setting next_dagrun for example_sensors to None, run_after=None
[2024-04-21T14:32:34.548+0000] {processor.py:183} INFO - Processing /home/airflow/.local/lib/python3.12/site-packages/airflow/example_dags/example_sensors.py took 0.049 seconds
[2024-04-21T14:33:05.016+0000] {processor.py:161} INFO - Started process (PID=1797) to work on /home/airflow/.local/lib/python3.12/site-packages/airflow/example_dags/example_sensors.py
[2024-04-21T14:33:05.016+0000] {processor.py:830} INFO - Processing file /home/airflow/.local/lib/python3.12/site-packages/airflow/example_dags/example_sensors.py for tasks to queue
[2024-04-21T14:33:05.018+0000] {logging_mixin.py:188} INFO - [2024-04-21T14:33:05.018+0000] {dagbag.py:540} INFO - Filling up the DagBag from /home/airflow/.local/lib/python3.12/site-packages/airflow/example_dags/example_sensors.py
[2024-04-21T14:33:05.024+0000] {processor.py:840} INFO - DAG(s) 'example_sensors' retrieved from /home/airflow/.local/lib/python3.12/site-packages/airflow/example_dags/example_sensors.py
[2024-04-21T14:33:05.042+0000] {logging_mixin.py:188} INFO - [2024-04-21T14:33:05.042+0000] {dag.py:3096} INFO - Sync 1 DAGs
[2024-04-21T14:33:05.050+0000] {logging_mixin.py:188} INFO - [2024-04-21T14:33:05.050+0000] {dag.py:3954} INFO - Setting next_dagrun for example_sensors to None, run_after=None
[2024-04-21T14:33:05.061+0000] {processor.py:183} INFO - Processing /home/airflow/.local/lib/python3.12/site-packages/airflow/example_dags/example_sensors.py took 0.050 seconds
[2024-04-21T14:33:35.631+0000] {processor.py:161} INFO - Started process (PID=2060) to work on /home/airflow/.local/lib/python3.12/site-packages/airflow/example_dags/example_sensors.py
[2024-04-21T14:33:35.631+0000] {processor.py:830} INFO - Processing file /home/airflow/.local/lib/python3.12/site-packages/airflow/example_dags/example_sensors.py for tasks to queue
[2024-04-21T14:33:35.633+0000] {logging_mixin.py:188} INFO - [2024-04-21T14:33:35.632+0000] {dagbag.py:540} INFO - Filling up the DagBag from /home/airflow/.local/lib/python3.12/site-packages/airflow/example_dags/example_sensors.py
[2024-04-21T14:33:35.638+0000] {processor.py:840} INFO - DAG(s) 'example_sensors' retrieved from /home/airflow/.local/lib/python3.12/site-packages/airflow/example_dags/example_sensors.py
[2024-04-21T14:33:35.659+0000] {logging_mixin.py:188} INFO - [2024-04-21T14:33:35.659+0000] {dag.py:3096} INFO - Sync 1 DAGs
[2024-04-21T14:33:35.669+0000] {logging_mixin.py:188} INFO - [2024-04-21T14:33:35.669+0000] {dag.py:3954} INFO - Setting next_dagrun for example_sensors to None, run_after=None
[2024-04-21T14:33:35.683+0000] {processor.py:183} INFO - Processing /home/airflow/.local/lib/python3.12/site-packages/airflow/example_dags/example_sensors.py took 0.057 seconds
[2024-04-21T14:34:06.186+0000] {processor.py:161} INFO - Started process (PID=2322) to work on /home/airflow/.local/lib/python3.12/site-packages/airflow/example_dags/example_sensors.py
[2024-04-21T14:34:06.186+0000] {processor.py:830} INFO - Processing file /home/airflow/.local/lib/python3.12/site-packages/airflow/example_dags/example_sensors.py for tasks to queue
[2024-04-21T14:34:06.188+0000] {logging_mixin.py:188} INFO - [2024-04-21T14:34:06.187+0000] {dagbag.py:540} INFO - Filling up the DagBag from /home/airflow/.local/lib/python3.12/site-packages/airflow/example_dags/example_sensors.py
[2024-04-21T14:34:06.193+0000] {processor.py:840} INFO - DAG(s) 'example_sensors' retrieved from /home/airflow/.local/lib/python3.12/site-packages/airflow/example_dags/example_sensors.py
[2024-04-21T14:34:06.213+0000] {logging_mixin.py:188} INFO - [2024-04-21T14:34:06.212+0000] {dag.py:3096} INFO - Sync 1 DAGs
[2024-04-21T14:34:06.221+0000] {logging_mixin.py:188} INFO - [2024-04-21T14:34:06.221+0000] {dag.py:3954} INFO - Setting next_dagrun for example_sensors to None, run_after=None
[2024-04-21T14:34:06.232+0000] {processor.py:183} INFO - Processing /home/airflow/.local/lib/python3.12/site-packages/airflow/example_dags/example_sensors.py took 0.051 seconds
[2024-04-21T14:34:36.591+0000] {processor.py:161} INFO - Started process (PID=2586) to work on /home/airflow/.local/lib/python3.12/site-packages/airflow/example_dags/example_sensors.py
[2024-04-21T14:34:36.593+0000] {processor.py:830} INFO - Processing file /home/airflow/.local/lib/python3.12/site-packages/airflow/example_dags/example_sensors.py for tasks to queue
[2024-04-21T14:34:36.594+0000] {logging_mixin.py:188} INFO - [2024-04-21T14:34:36.594+0000] {dagbag.py:540} INFO - Filling up the DagBag from /home/airflow/.local/lib/python3.12/site-packages/airflow/example_dags/example_sensors.py
[2024-04-21T14:34:36.601+0000] {processor.py:840} INFO - DAG(s) 'example_sensors' retrieved from /home/airflow/.local/lib/python3.12/site-packages/airflow/example_dags/example_sensors.py
[2024-04-21T14:34:36.621+0000] {logging_mixin.py:188} INFO - [2024-04-21T14:34:36.621+0000] {dag.py:3096} INFO - Sync 1 DAGs
[2024-04-21T14:34:36.629+0000] {logging_mixin.py:188} INFO - [2024-04-21T14:34:36.629+0000] {dag.py:3954} INFO - Setting next_dagrun for example_sensors to None, run_after=None
[2024-04-21T14:34:36.639+0000] {processor.py:183} INFO - Processing /home/airflow/.local/lib/python3.12/site-packages/airflow/example_dags/example_sensors.py took 0.052 seconds
[2024-04-21T14:36:10.269+0000] {processor.py:161} INFO - Started process (PID=2852) to work on /home/airflow/.local/lib/python3.12/site-packages/airflow/example_dags/example_sensors.py
[2024-04-21T14:36:10.270+0000] {processor.py:830} INFO - Processing file /home/airflow/.local/lib/python3.12/site-packages/airflow/example_dags/example_sensors.py for tasks to queue
[2024-04-21T14:36:10.271+0000] {logging_mixin.py:188} INFO - [2024-04-21T14:36:10.271+0000] {dagbag.py:540} INFO - Filling up the DagBag from /home/airflow/.local/lib/python3.12/site-packages/airflow/example_dags/example_sensors.py
[2024-04-21T14:36:10.275+0000] {processor.py:840} INFO - DAG(s) 'example_sensors' retrieved from /home/airflow/.local/lib/python3.12/site-packages/airflow/example_dags/example_sensors.py
[2024-04-21T14:36:10.293+0000] {logging_mixin.py:188} INFO - [2024-04-21T14:36:10.292+0000] {dag.py:3096} INFO - Sync 1 DAGs
[2024-04-21T14:36:10.299+0000] {logging_mixin.py:188} INFO - [2024-04-21T14:36:10.298+0000] {dag.py:3954} INFO - Setting next_dagrun for example_sensors to None, run_after=None
[2024-04-21T14:36:10.308+0000] {processor.py:183} INFO - Processing /home/airflow/.local/lib/python3.12/site-packages/airflow/example_dags/example_sensors.py took 0.043 seconds
[2024-04-21T14:36:40.406+0000] {processor.py:161} INFO - Started process (PID=3122) to work on /home/airflow/.local/lib/python3.12/site-packages/airflow/example_dags/example_sensors.py
[2024-04-21T14:36:40.406+0000] {processor.py:830} INFO - Processing file /home/airflow/.local/lib/python3.12/site-packages/airflow/example_dags/example_sensors.py for tasks to queue
[2024-04-21T14:36:40.407+0000] {logging_mixin.py:188} INFO - [2024-04-21T14:36:40.407+0000] {dagbag.py:540} INFO - Filling up the DagBag from /home/airflow/.local/lib/python3.12/site-packages/airflow/example_dags/example_sensors.py
[2024-04-21T14:36:40.412+0000] {processor.py:840} INFO - DAG(s) 'example_sensors' retrieved from /home/airflow/.local/lib/python3.12/site-packages/airflow/example_dags/example_sensors.py
[2024-04-21T14:36:40.425+0000] {logging_mixin.py:188} INFO - [2024-04-21T14:36:40.425+0000] {dag.py:3096} INFO - Sync 1 DAGs
[2024-04-21T14:36:40.431+0000] {logging_mixin.py:188} INFO - [2024-04-21T14:36:40.431+0000] {dag.py:3954} INFO - Setting next_dagrun for example_sensors to None, run_after=None
[2024-04-21T14:36:40.438+0000] {processor.py:183} INFO - Processing /home/airflow/.local/lib/python3.12/site-packages/airflow/example_dags/example_sensors.py took 0.035 seconds
[2024-04-21T14:37:10.575+0000] {processor.py:161} INFO - Started process (PID=3387) to work on /home/airflow/.local/lib/python3.12/site-packages/airflow/example_dags/example_sensors.py
[2024-04-21T14:37:10.576+0000] {processor.py:830} INFO - Processing file /home/airflow/.local/lib/python3.12/site-packages/airflow/example_dags/example_sensors.py for tasks to queue
[2024-04-21T14:37:10.577+0000] {logging_mixin.py:188} INFO - [2024-04-21T14:37:10.577+0000] {dagbag.py:540} INFO - Filling up the DagBag from /home/airflow/.local/lib/python3.12/site-packages/airflow/example_dags/example_sensors.py
[2024-04-21T14:37:10.581+0000] {processor.py:840} INFO - DAG(s) 'example_sensors' retrieved from /home/airflow/.local/lib/python3.12/site-packages/airflow/example_dags/example_sensors.py
[2024-04-21T14:37:10.595+0000] {logging_mixin.py:188} INFO - [2024-04-21T14:37:10.595+0000] {dag.py:3096} INFO - Sync 1 DAGs
[2024-04-21T14:37:10.600+0000] {logging_mixin.py:188} INFO - [2024-04-21T14:37:10.600+0000] {dag.py:3954} INFO - Setting next_dagrun for example_sensors to None, run_after=None
[2024-04-21T14:37:10.607+0000] {processor.py:183} INFO - Processing /home/airflow/.local/lib/python3.12/site-packages/airflow/example_dags/example_sensors.py took 0.035 seconds
[2024-04-21T14:37:40.685+0000] {processor.py:161} INFO - Started process (PID=3654) to work on /home/airflow/.local/lib/python3.12/site-packages/airflow/example_dags/example_sensors.py
[2024-04-21T14:37:40.686+0000] {processor.py:830} INFO - Processing file /home/airflow/.local/lib/python3.12/site-packages/airflow/example_dags/example_sensors.py for tasks to queue
[2024-04-21T14:37:40.687+0000] {logging_mixin.py:188} INFO - [2024-04-21T14:37:40.687+0000] {dagbag.py:540} INFO - Filling up the DagBag from /home/airflow/.local/lib/python3.12/site-packages/airflow/example_dags/example_sensors.py
[2024-04-21T14:37:40.691+0000] {processor.py:840} INFO - DAG(s) 'example_sensors' retrieved from /home/airflow/.local/lib/python3.12/site-packages/airflow/example_dags/example_sensors.py
[2024-04-21T14:37:40.705+0000] {logging_mixin.py:188} INFO - [2024-04-21T14:37:40.705+0000] {dag.py:3096} INFO - Sync 1 DAGs
[2024-04-21T14:37:40.710+0000] {logging_mixin.py:188} INFO - [2024-04-21T14:37:40.710+0000] {dag.py:3954} INFO - Setting next_dagrun for example_sensors to None, run_after=None
[2024-04-21T14:37:40.717+0000] {processor.py:183} INFO - Processing /home/airflow/.local/lib/python3.12/site-packages/airflow/example_dags/example_sensors.py took 0.034 seconds
[2024-04-21T14:53:47.471+0000] {processor.py:161} INFO - Started process (PID=3923) to work on /home/airflow/.local/lib/python3.12/site-packages/airflow/example_dags/example_sensors.py
[2024-04-21T14:53:47.472+0000] {processor.py:830} INFO - Processing file /home/airflow/.local/lib/python3.12/site-packages/airflow/example_dags/example_sensors.py for tasks to queue
[2024-04-21T14:53:47.473+0000] {logging_mixin.py:188} INFO - [2024-04-21T14:53:47.473+0000] {dagbag.py:540} INFO - Filling up the DagBag from /home/airflow/.local/lib/python3.12/site-packages/airflow/example_dags/example_sensors.py
[2024-04-21T14:53:47.477+0000] {processor.py:840} INFO - DAG(s) 'example_sensors' retrieved from /home/airflow/.local/lib/python3.12/site-packages/airflow/example_dags/example_sensors.py
[2024-04-21T14:53:47.491+0000] {logging_mixin.py:188} INFO - [2024-04-21T14:53:47.491+0000] {dag.py:3096} INFO - Sync 1 DAGs
[2024-04-21T14:53:47.496+0000] {logging_mixin.py:188} INFO - [2024-04-21T14:53:47.496+0000] {dag.py:3954} INFO - Setting next_dagrun for example_sensors to None, run_after=None
[2024-04-21T14:53:47.504+0000] {processor.py:183} INFO - Processing /home/airflow/.local/lib/python3.12/site-packages/airflow/example_dags/example_sensors.py took 0.036 seconds
[2024-04-21T14:54:18.196+0000] {processor.py:161} INFO - Started process (PID=4190) to work on /home/airflow/.local/lib/python3.12/site-packages/airflow/example_dags/example_sensors.py
[2024-04-21T14:54:18.196+0000] {processor.py:830} INFO - Processing file /home/airflow/.local/lib/python3.12/site-packages/airflow/example_dags/example_sensors.py for tasks to queue
[2024-04-21T14:54:18.197+0000] {logging_mixin.py:188} INFO - [2024-04-21T14:54:18.197+0000] {dagbag.py:540} INFO - Filling up the DagBag from /home/airflow/.local/lib/python3.12/site-packages/airflow/example_dags/example_sensors.py
[2024-04-21T14:54:18.201+0000] {processor.py:840} INFO - DAG(s) 'example_sensors' retrieved from /home/airflow/.local/lib/python3.12/site-packages/airflow/example_dags/example_sensors.py
[2024-04-21T14:54:18.214+0000] {logging_mixin.py:188} INFO - [2024-04-21T14:54:18.214+0000] {dag.py:3096} INFO - Sync 1 DAGs
[2024-04-21T14:54:18.219+0000] {logging_mixin.py:188} INFO - [2024-04-21T14:54:18.219+0000] {dag.py:3954} INFO - Setting next_dagrun for example_sensors to None, run_after=None
[2024-04-21T14:54:18.226+0000] {processor.py:183} INFO - Processing /home/airflow/.local/lib/python3.12/site-packages/airflow/example_dags/example_sensors.py took 0.033 seconds
[2024-04-21T14:54:48.335+0000] {processor.py:161} INFO - Started process (PID=4457) to work on /home/airflow/.local/lib/python3.12/site-packages/airflow/example_dags/example_sensors.py
[2024-04-21T14:54:48.335+0000] {processor.py:830} INFO - Processing file /home/airflow/.local/lib/python3.12/site-packages/airflow/example_dags/example_sensors.py for tasks to queue
[2024-04-21T14:54:48.336+0000] {logging_mixin.py:188} INFO - [2024-04-21T14:54:48.336+0000] {dagbag.py:540} INFO - Filling up the DagBag from /home/airflow/.local/lib/python3.12/site-packages/airflow/example_dags/example_sensors.py
[2024-04-21T14:54:48.340+0000] {processor.py:840} INFO - DAG(s) 'example_sensors' retrieved from /home/airflow/.local/lib/python3.12/site-packages/airflow/example_dags/example_sensors.py
[2024-04-21T14:54:48.354+0000] {logging_mixin.py:188} INFO - [2024-04-21T14:54:48.354+0000] {dag.py:3096} INFO - Sync 1 DAGs
[2024-04-21T14:54:48.359+0000] {logging_mixin.py:188} INFO - [2024-04-21T14:54:48.359+0000] {dag.py:3954} INFO - Setting next_dagrun for example_sensors to None, run_after=None
[2024-04-21T14:54:48.367+0000] {processor.py:183} INFO - Processing /home/airflow/.local/lib/python3.12/site-packages/airflow/example_dags/example_sensors.py took 0.035 seconds
[2024-04-21T14:55:19.335+0000] {processor.py:161} INFO - Started process (PID=4724) to work on /home/airflow/.local/lib/python3.12/site-packages/airflow/example_dags/example_sensors.py
[2024-04-21T14:55:19.336+0000] {processor.py:830} INFO - Processing file /home/airflow/.local/lib/python3.12/site-packages/airflow/example_dags/example_sensors.py for tasks to queue
[2024-04-21T14:55:19.337+0000] {logging_mixin.py:188} INFO - [2024-04-21T14:55:19.336+0000] {dagbag.py:540} INFO - Filling up the DagBag from /home/airflow/.local/lib/python3.12/site-packages/airflow/example_dags/example_sensors.py
[2024-04-21T14:55:19.341+0000] {processor.py:840} INFO - DAG(s) 'example_sensors' retrieved from /home/airflow/.local/lib/python3.12/site-packages/airflow/example_dags/example_sensors.py
[2024-04-21T14:55:19.354+0000] {logging_mixin.py:188} INFO - [2024-04-21T14:55:19.354+0000] {dag.py:3096} INFO - Sync 1 DAGs
[2024-04-21T14:55:19.360+0000] {logging_mixin.py:188} INFO - [2024-04-21T14:55:19.359+0000] {dag.py:3954} INFO - Setting next_dagrun for example_sensors to None, run_after=None
[2024-04-21T14:55:19.366+0000] {processor.py:183} INFO - Processing /home/airflow/.local/lib/python3.12/site-packages/airflow/example_dags/example_sensors.py took 0.034 seconds
[2024-04-21T14:55:50.181+0000] {processor.py:161} INFO - Started process (PID=4991) to work on /home/airflow/.local/lib/python3.12/site-packages/airflow/example_dags/example_sensors.py
[2024-04-21T14:55:50.182+0000] {processor.py:830} INFO - Processing file /home/airflow/.local/lib/python3.12/site-packages/airflow/example_dags/example_sensors.py for tasks to queue
[2024-04-21T14:55:50.182+0000] {logging_mixin.py:188} INFO - [2024-04-21T14:55:50.182+0000] {dagbag.py:540} INFO - Filling up the DagBag from /home/airflow/.local/lib/python3.12/site-packages/airflow/example_dags/example_sensors.py
[2024-04-21T14:55:50.186+0000] {processor.py:840} INFO - DAG(s) 'example_sensors' retrieved from /home/airflow/.local/lib/python3.12/site-packages/airflow/example_dags/example_sensors.py
[2024-04-21T14:55:50.200+0000] {logging_mixin.py:188} INFO - [2024-04-21T14:55:50.200+0000] {dag.py:3096} INFO - Sync 1 DAGs
[2024-04-21T14:55:50.205+0000] {logging_mixin.py:188} INFO - [2024-04-21T14:55:50.205+0000] {dag.py:3954} INFO - Setting next_dagrun for example_sensors to None, run_after=None
[2024-04-21T14:55:50.212+0000] {processor.py:183} INFO - Processing /home/airflow/.local/lib/python3.12/site-packages/airflow/example_dags/example_sensors.py took 0.034 seconds
[2024-04-21T14:56:20.993+0000] {processor.py:161} INFO - Started process (PID=5258) to work on /home/airflow/.local/lib/python3.12/site-packages/airflow/example_dags/example_sensors.py
[2024-04-21T14:56:20.993+0000] {processor.py:830} INFO - Processing file /home/airflow/.local/lib/python3.12/site-packages/airflow/example_dags/example_sensors.py for tasks to queue
[2024-04-21T14:56:20.994+0000] {logging_mixin.py:188} INFO - [2024-04-21T14:56:20.994+0000] {dagbag.py:540} INFO - Filling up the DagBag from /home/airflow/.local/lib/python3.12/site-packages/airflow/example_dags/example_sensors.py
[2024-04-21T14:56:20.999+0000] {processor.py:840} INFO - DAG(s) 'example_sensors' retrieved from /home/airflow/.local/lib/python3.12/site-packages/airflow/example_dags/example_sensors.py
[2024-04-21T14:56:21.012+0000] {logging_mixin.py:188} INFO - [2024-04-21T14:56:21.012+0000] {dag.py:3096} INFO - Sync 1 DAGs
[2024-04-21T14:56:21.018+0000] {logging_mixin.py:188} INFO - [2024-04-21T14:56:21.017+0000] {dag.py:3954} INFO - Setting next_dagrun for example_sensors to None, run_after=None
[2024-04-21T14:56:21.025+0000] {processor.py:183} INFO - Processing /home/airflow/.local/lib/python3.12/site-packages/airflow/example_dags/example_sensors.py took 0.035 seconds
[2024-04-21T14:56:51.881+0000] {processor.py:161} INFO - Started process (PID=5525) to work on /home/airflow/.local/lib/python3.12/site-packages/airflow/example_dags/example_sensors.py
[2024-04-21T14:56:51.882+0000] {processor.py:830} INFO - Processing file /home/airflow/.local/lib/python3.12/site-packages/airflow/example_dags/example_sensors.py for tasks to queue
[2024-04-21T14:56:51.883+0000] {logging_mixin.py:188} INFO - [2024-04-21T14:56:51.882+0000] {dagbag.py:540} INFO - Filling up the DagBag from /home/airflow/.local/lib/python3.12/site-packages/airflow/example_dags/example_sensors.py
[2024-04-21T14:56:51.887+0000] {processor.py:840} INFO - DAG(s) 'example_sensors' retrieved from /home/airflow/.local/lib/python3.12/site-packages/airflow/example_dags/example_sensors.py
[2024-04-21T14:56:51.903+0000] {logging_mixin.py:188} INFO - [2024-04-21T14:56:51.903+0000] {dag.py:3096} INFO - Sync 1 DAGs
[2024-04-21T14:56:51.909+0000] {logging_mixin.py:188} INFO - [2024-04-21T14:56:51.909+0000] {dag.py:3954} INFO - Setting next_dagrun for example_sensors to None, run_after=None
[2024-04-21T14:56:51.919+0000] {processor.py:183} INFO - Processing /home/airflow/.local/lib/python3.12/site-packages/airflow/example_dags/example_sensors.py took 0.041 seconds
[2024-04-21T14:57:21.972+0000] {processor.py:161} INFO - Started process (PID=5794) to work on /home/airflow/.local/lib/python3.12/site-packages/airflow/example_dags/example_sensors.py
[2024-04-21T14:57:21.973+0000] {processor.py:830} INFO - Processing file /home/airflow/.local/lib/python3.12/site-packages/airflow/example_dags/example_sensors.py for tasks to queue
[2024-04-21T14:57:21.974+0000] {logging_mixin.py:188} INFO - [2024-04-21T14:57:21.974+0000] {dagbag.py:540} INFO - Filling up the DagBag from /home/airflow/.local/lib/python3.12/site-packages/airflow/example_dags/example_sensors.py
[2024-04-21T14:57:21.979+0000] {processor.py:840} INFO - DAG(s) 'example_sensors' retrieved from /home/airflow/.local/lib/python3.12/site-packages/airflow/example_dags/example_sensors.py
[2024-04-21T14:57:21.992+0000] {logging_mixin.py:188} INFO - [2024-04-21T14:57:21.992+0000] {dag.py:3096} INFO - Sync 1 DAGs
[2024-04-21T14:57:21.997+0000] {logging_mixin.py:188} INFO - [2024-04-21T14:57:21.997+0000] {dag.py:3954} INFO - Setting next_dagrun for example_sensors to None, run_after=None
[2024-04-21T14:57:22.004+0000] {processor.py:183} INFO - Processing /home/airflow/.local/lib/python3.12/site-packages/airflow/example_dags/example_sensors.py took 0.035 seconds
[2024-04-21T14:57:52.210+0000] {processor.py:161} INFO - Started process (PID=6068) to work on /home/airflow/.local/lib/python3.12/site-packages/airflow/example_dags/example_sensors.py
[2024-04-21T14:57:52.210+0000] {processor.py:830} INFO - Processing file /home/airflow/.local/lib/python3.12/site-packages/airflow/example_dags/example_sensors.py for tasks to queue
[2024-04-21T14:57:52.211+0000] {logging_mixin.py:188} INFO - [2024-04-21T14:57:52.211+0000] {dagbag.py:540} INFO - Filling up the DagBag from /home/airflow/.local/lib/python3.12/site-packages/airflow/example_dags/example_sensors.py
[2024-04-21T14:57:52.216+0000] {processor.py:840} INFO - DAG(s) 'example_sensors' retrieved from /home/airflow/.local/lib/python3.12/site-packages/airflow/example_dags/example_sensors.py
[2024-04-21T14:57:52.230+0000] {logging_mixin.py:188} INFO - [2024-04-21T14:57:52.230+0000] {dag.py:3096} INFO - Sync 1 DAGs
[2024-04-21T14:57:52.236+0000] {logging_mixin.py:188} INFO - [2024-04-21T14:57:52.236+0000] {dag.py:3954} INFO - Setting next_dagrun for example_sensors to None, run_after=None
[2024-04-21T14:57:52.244+0000] {processor.py:183} INFO - Processing /home/airflow/.local/lib/python3.12/site-packages/airflow/example_dags/example_sensors.py took 0.037 seconds
[2024-04-21T14:58:23.262+0000] {processor.py:161} INFO - Started process (PID=6334) to work on /home/airflow/.local/lib/python3.12/site-packages/airflow/example_dags/example_sensors.py
[2024-04-21T14:58:23.262+0000] {processor.py:830} INFO - Processing file /home/airflow/.local/lib/python3.12/site-packages/airflow/example_dags/example_sensors.py for tasks to queue
[2024-04-21T14:58:23.263+0000] {logging_mixin.py:188} INFO - [2024-04-21T14:58:23.263+0000] {dagbag.py:540} INFO - Filling up the DagBag from /home/airflow/.local/lib/python3.12/site-packages/airflow/example_dags/example_sensors.py
[2024-04-21T14:58:23.268+0000] {processor.py:840} INFO - DAG(s) 'example_sensors' retrieved from /home/airflow/.local/lib/python3.12/site-packages/airflow/example_dags/example_sensors.py
[2024-04-21T14:58:23.282+0000] {logging_mixin.py:188} INFO - [2024-04-21T14:58:23.282+0000] {dag.py:3096} INFO - Sync 1 DAGs
[2024-04-21T14:58:23.288+0000] {logging_mixin.py:188} INFO - [2024-04-21T14:58:23.288+0000] {dag.py:3954} INFO - Setting next_dagrun for example_sensors to None, run_after=None
[2024-04-21T14:58:23.295+0000] {processor.py:183} INFO - Processing /home/airflow/.local/lib/python3.12/site-packages/airflow/example_dags/example_sensors.py took 0.037 seconds
[2024-04-21T14:58:53.854+0000] {processor.py:161} INFO - Started process (PID=6607) to work on /home/airflow/.local/lib/python3.12/site-packages/airflow/example_dags/example_sensors.py
[2024-04-21T14:58:53.855+0000] {processor.py:830} INFO - Processing file /home/airflow/.local/lib/python3.12/site-packages/airflow/example_dags/example_sensors.py for tasks to queue
[2024-04-21T14:58:53.856+0000] {logging_mixin.py:188} INFO - [2024-04-21T14:58:53.856+0000] {dagbag.py:540} INFO - Filling up the DagBag from /home/airflow/.local/lib/python3.12/site-packages/airflow/example_dags/example_sensors.py
[2024-04-21T14:58:53.860+0000] {processor.py:840} INFO - DAG(s) 'example_sensors' retrieved from /home/airflow/.local/lib/python3.12/site-packages/airflow/example_dags/example_sensors.py
[2024-04-21T14:58:53.874+0000] {logging_mixin.py:188} INFO - [2024-04-21T14:58:53.874+0000] {dag.py:3096} INFO - Sync 1 DAGs
[2024-04-21T14:58:53.879+0000] {logging_mixin.py:188} INFO - [2024-04-21T14:58:53.879+0000] {dag.py:3954} INFO - Setting next_dagrun for example_sensors to None, run_after=None
[2024-04-21T14:58:53.886+0000] {processor.py:183} INFO - Processing /home/airflow/.local/lib/python3.12/site-packages/airflow/example_dags/example_sensors.py took 0.035 seconds
[2024-04-21T14:59:24.516+0000] {processor.py:161} INFO - Started process (PID=6878) to work on /home/airflow/.local/lib/python3.12/site-packages/airflow/example_dags/example_sensors.py
[2024-04-21T14:59:24.516+0000] {processor.py:830} INFO - Processing file /home/airflow/.local/lib/python3.12/site-packages/airflow/example_dags/example_sensors.py for tasks to queue
[2024-04-21T14:59:24.517+0000] {logging_mixin.py:188} INFO - [2024-04-21T14:59:24.517+0000] {dagbag.py:540} INFO - Filling up the DagBag from /home/airflow/.local/lib/python3.12/site-packages/airflow/example_dags/example_sensors.py
[2024-04-21T14:59:24.521+0000] {processor.py:840} INFO - DAG(s) 'example_sensors' retrieved from /home/airflow/.local/lib/python3.12/site-packages/airflow/example_dags/example_sensors.py
[2024-04-21T14:59:24.534+0000] {logging_mixin.py:188} INFO - [2024-04-21T14:59:24.534+0000] {dag.py:3096} INFO - Sync 1 DAGs
[2024-04-21T14:59:24.540+0000] {logging_mixin.py:188} INFO - [2024-04-21T14:59:24.539+0000] {dag.py:3954} INFO - Setting next_dagrun for example_sensors to None, run_after=None
[2024-04-21T14:59:24.547+0000] {processor.py:183} INFO - Processing /home/airflow/.local/lib/python3.12/site-packages/airflow/example_dags/example_sensors.py took 0.035 seconds
[2024-04-21T14:59:55.306+0000] {processor.py:161} INFO - Started process (PID=7145) to work on /home/airflow/.local/lib/python3.12/site-packages/airflow/example_dags/example_sensors.py
[2024-04-21T14:59:55.307+0000] {processor.py:830} INFO - Processing file /home/airflow/.local/lib/python3.12/site-packages/airflow/example_dags/example_sensors.py for tasks to queue
[2024-04-21T14:59:55.308+0000] {logging_mixin.py:188} INFO - [2024-04-21T14:59:55.307+0000] {dagbag.py:540} INFO - Filling up the DagBag from /home/airflow/.local/lib/python3.12/site-packages/airflow/example_dags/example_sensors.py
[2024-04-21T14:59:55.312+0000] {processor.py:840} INFO - DAG(s) 'example_sensors' retrieved from /home/airflow/.local/lib/python3.12/site-packages/airflow/example_dags/example_sensors.py
[2024-04-21T14:59:55.325+0000] {logging_mixin.py:188} INFO - [2024-04-21T14:59:55.325+0000] {dag.py:3096} INFO - Sync 1 DAGs
[2024-04-21T14:59:55.331+0000] {logging_mixin.py:188} INFO - [2024-04-21T14:59:55.330+0000] {dag.py:3954} INFO - Setting next_dagrun for example_sensors to None, run_after=None
[2024-04-21T14:59:55.338+0000] {processor.py:183} INFO - Processing /home/airflow/.local/lib/python3.12/site-packages/airflow/example_dags/example_sensors.py took 0.035 seconds
[2024-04-21T15:00:26.191+0000] {processor.py:161} INFO - Started process (PID=7437) to work on /home/airflow/.local/lib/python3.12/site-packages/airflow/example_dags/example_sensors.py
[2024-04-21T15:00:26.192+0000] {processor.py:830} INFO - Processing file /home/airflow/.local/lib/python3.12/site-packages/airflow/example_dags/example_sensors.py for tasks to queue
[2024-04-21T15:00:26.193+0000] {logging_mixin.py:188} INFO - [2024-04-21T15:00:26.192+0000] {dagbag.py:540} INFO - Filling up the DagBag from /home/airflow/.local/lib/python3.12/site-packages/airflow/example_dags/example_sensors.py
[2024-04-21T15:00:26.198+0000] {processor.py:840} INFO - DAG(s) 'example_sensors' retrieved from /home/airflow/.local/lib/python3.12/site-packages/airflow/example_dags/example_sensors.py
[2024-04-21T15:00:26.213+0000] {logging_mixin.py:188} INFO - [2024-04-21T15:00:26.213+0000] {dag.py:3096} INFO - Sync 1 DAGs
[2024-04-21T15:00:26.220+0000] {logging_mixin.py:188} INFO - [2024-04-21T15:00:26.219+0000] {dag.py:3954} INFO - Setting next_dagrun for example_sensors to None, run_after=None
[2024-04-21T15:00:26.228+0000] {processor.py:183} INFO - Processing /home/airflow/.local/lib/python3.12/site-packages/airflow/example_dags/example_sensors.py took 0.041 seconds
[2024-04-21T15:00:57.190+0000] {processor.py:161} INFO - Started process (PID=7704) to work on /home/airflow/.local/lib/python3.12/site-packages/airflow/example_dags/example_sensors.py
[2024-04-21T15:00:57.191+0000] {processor.py:830} INFO - Processing file /home/airflow/.local/lib/python3.12/site-packages/airflow/example_dags/example_sensors.py for tasks to queue
[2024-04-21T15:00:57.192+0000] {logging_mixin.py:188} INFO - [2024-04-21T15:00:57.191+0000] {dagbag.py:540} INFO - Filling up the DagBag from /home/airflow/.local/lib/python3.12/site-packages/airflow/example_dags/example_sensors.py
[2024-04-21T15:00:57.196+0000] {processor.py:840} INFO - DAG(s) 'example_sensors' retrieved from /home/airflow/.local/lib/python3.12/site-packages/airflow/example_dags/example_sensors.py
[2024-04-21T15:00:57.210+0000] {logging_mixin.py:188} INFO - [2024-04-21T15:00:57.210+0000] {dag.py:3096} INFO - Sync 1 DAGs
[2024-04-21T15:00:57.216+0000] {logging_mixin.py:188} INFO - [2024-04-21T15:00:57.216+0000] {dag.py:3954} INFO - Setting next_dagrun for example_sensors to None, run_after=None
[2024-04-21T15:00:57.225+0000] {processor.py:183} INFO - Processing /home/airflow/.local/lib/python3.12/site-packages/airflow/example_dags/example_sensors.py took 0.038 seconds
[2024-04-21T15:01:27.340+0000] {processor.py:161} INFO - Started process (PID=7973) to work on /home/airflow/.local/lib/python3.12/site-packages/airflow/example_dags/example_sensors.py
[2024-04-21T15:01:27.341+0000] {processor.py:830} INFO - Processing file /home/airflow/.local/lib/python3.12/site-packages/airflow/example_dags/example_sensors.py for tasks to queue
[2024-04-21T15:01:27.342+0000] {logging_mixin.py:188} INFO - [2024-04-21T15:01:27.342+0000] {dagbag.py:540} INFO - Filling up the DagBag from /home/airflow/.local/lib/python3.12/site-packages/airflow/example_dags/example_sensors.py
[2024-04-21T15:01:27.347+0000] {processor.py:840} INFO - DAG(s) 'example_sensors' retrieved from /home/airflow/.local/lib/python3.12/site-packages/airflow/example_dags/example_sensors.py
[2024-04-21T15:01:27.361+0000] {logging_mixin.py:188} INFO - [2024-04-21T15:01:27.361+0000] {dag.py:3096} INFO - Sync 1 DAGs
[2024-04-21T15:01:27.366+0000] {logging_mixin.py:188} INFO - [2024-04-21T15:01:27.366+0000] {dag.py:3954} INFO - Setting next_dagrun for example_sensors to None, run_after=None
[2024-04-21T15:01:27.373+0000] {processor.py:183} INFO - Processing /home/airflow/.local/lib/python3.12/site-packages/airflow/example_dags/example_sensors.py took 0.036 seconds
[2024-04-21T15:01:57.503+0000] {processor.py:161} INFO - Started process (PID=8253) to work on /home/airflow/.local/lib/python3.12/site-packages/airflow/example_dags/example_sensors.py
[2024-04-21T15:01:57.504+0000] {processor.py:830} INFO - Processing file /home/airflow/.local/lib/python3.12/site-packages/airflow/example_dags/example_sensors.py for tasks to queue
[2024-04-21T15:01:57.505+0000] {logging_mixin.py:188} INFO - [2024-04-21T15:01:57.505+0000] {dagbag.py:540} INFO - Filling up the DagBag from /home/airflow/.local/lib/python3.12/site-packages/airflow/example_dags/example_sensors.py
[2024-04-21T15:01:57.509+0000] {processor.py:840} INFO - DAG(s) 'example_sensors' retrieved from /home/airflow/.local/lib/python3.12/site-packages/airflow/example_dags/example_sensors.py
[2024-04-21T15:01:57.522+0000] {logging_mixin.py:188} INFO - [2024-04-21T15:01:57.522+0000] {dag.py:3096} INFO - Sync 1 DAGs
[2024-04-21T15:01:57.527+0000] {logging_mixin.py:188} INFO - [2024-04-21T15:01:57.527+0000] {dag.py:3954} INFO - Setting next_dagrun for example_sensors to None, run_after=None
[2024-04-21T15:01:57.535+0000] {processor.py:183} INFO - Processing /home/airflow/.local/lib/python3.12/site-packages/airflow/example_dags/example_sensors.py took 0.035 seconds
[2024-04-21T15:02:28.383+0000] {processor.py:161} INFO - Started process (PID=8529) to work on /home/airflow/.local/lib/python3.12/site-packages/airflow/example_dags/example_sensors.py
[2024-04-21T15:02:28.384+0000] {processor.py:830} INFO - Processing file /home/airflow/.local/lib/python3.12/site-packages/airflow/example_dags/example_sensors.py for tasks to queue
[2024-04-21T15:02:28.385+0000] {logging_mixin.py:188} INFO - [2024-04-21T15:02:28.385+0000] {dagbag.py:540} INFO - Filling up the DagBag from /home/airflow/.local/lib/python3.12/site-packages/airflow/example_dags/example_sensors.py
[2024-04-21T15:02:28.389+0000] {processor.py:840} INFO - DAG(s) 'example_sensors' retrieved from /home/airflow/.local/lib/python3.12/site-packages/airflow/example_dags/example_sensors.py
[2024-04-21T15:02:28.403+0000] {logging_mixin.py:188} INFO - [2024-04-21T15:02:28.403+0000] {dag.py:3096} INFO - Sync 1 DAGs
[2024-04-21T15:02:28.408+0000] {logging_mixin.py:188} INFO - [2024-04-21T15:02:28.408+0000] {dag.py:3954} INFO - Setting next_dagrun for example_sensors to None, run_after=None
[2024-04-21T15:02:28.415+0000] {processor.py:183} INFO - Processing /home/airflow/.local/lib/python3.12/site-packages/airflow/example_dags/example_sensors.py took 0.035 seconds
[2024-04-21T15:02:59.224+0000] {processor.py:161} INFO - Started process (PID=8803) to work on /home/airflow/.local/lib/python3.12/site-packages/airflow/example_dags/example_sensors.py
[2024-04-21T15:02:59.224+0000] {processor.py:830} INFO - Processing file /home/airflow/.local/lib/python3.12/site-packages/airflow/example_dags/example_sensors.py for tasks to queue
[2024-04-21T15:02:59.225+0000] {logging_mixin.py:188} INFO - [2024-04-21T15:02:59.225+0000] {dagbag.py:540} INFO - Filling up the DagBag from /home/airflow/.local/lib/python3.12/site-packages/airflow/example_dags/example_sensors.py
[2024-04-21T15:02:59.230+0000] {processor.py:840} INFO - DAG(s) 'example_sensors' retrieved from /home/airflow/.local/lib/python3.12/site-packages/airflow/example_dags/example_sensors.py
[2024-04-21T15:02:59.243+0000] {logging_mixin.py:188} INFO - [2024-04-21T15:02:59.243+0000] {dag.py:3096} INFO - Sync 1 DAGs
[2024-04-21T15:02:59.248+0000] {logging_mixin.py:188} INFO - [2024-04-21T15:02:59.248+0000] {dag.py:3954} INFO - Setting next_dagrun for example_sensors to None, run_after=None
[2024-04-21T15:02:59.256+0000] {processor.py:183} INFO - Processing /home/airflow/.local/lib/python3.12/site-packages/airflow/example_dags/example_sensors.py took 0.035 seconds
[2024-04-21T15:03:30.116+0000] {processor.py:161} INFO - Started process (PID=9070) to work on /home/airflow/.local/lib/python3.12/site-packages/airflow/example_dags/example_sensors.py
[2024-04-21T15:03:30.117+0000] {processor.py:830} INFO - Processing file /home/airflow/.local/lib/python3.12/site-packages/airflow/example_dags/example_sensors.py for tasks to queue
[2024-04-21T15:03:30.118+0000] {logging_mixin.py:188} INFO - [2024-04-21T15:03:30.118+0000] {dagbag.py:540} INFO - Filling up the DagBag from /home/airflow/.local/lib/python3.12/site-packages/airflow/example_dags/example_sensors.py
[2024-04-21T15:03:30.122+0000] {processor.py:840} INFO - DAG(s) 'example_sensors' retrieved from /home/airflow/.local/lib/python3.12/site-packages/airflow/example_dags/example_sensors.py
[2024-04-21T15:03:30.136+0000] {logging_mixin.py:188} INFO - [2024-04-21T15:03:30.136+0000] {dag.py:3096} INFO - Sync 1 DAGs
[2024-04-21T15:03:30.142+0000] {logging_mixin.py:188} INFO - [2024-04-21T15:03:30.142+0000] {dag.py:3954} INFO - Setting next_dagrun for example_sensors to None, run_after=None
[2024-04-21T15:03:30.150+0000] {processor.py:183} INFO - Processing /home/airflow/.local/lib/python3.12/site-packages/airflow/example_dags/example_sensors.py took 0.037 seconds
[2024-04-21T15:04:01.119+0000] {processor.py:161} INFO - Started process (PID=9339) to work on /home/airflow/.local/lib/python3.12/site-packages/airflow/example_dags/example_sensors.py
[2024-04-21T15:04:01.120+0000] {processor.py:830} INFO - Processing file /home/airflow/.local/lib/python3.12/site-packages/airflow/example_dags/example_sensors.py for tasks to queue
[2024-04-21T15:04:01.121+0000] {logging_mixin.py:188} INFO - [2024-04-21T15:04:01.121+0000] {dagbag.py:540} INFO - Filling up the DagBag from /home/airflow/.local/lib/python3.12/site-packages/airflow/example_dags/example_sensors.py
[2024-04-21T15:04:01.125+0000] {processor.py:840} INFO - DAG(s) 'example_sensors' retrieved from /home/airflow/.local/lib/python3.12/site-packages/airflow/example_dags/example_sensors.py
[2024-04-21T15:04:01.138+0000] {logging_mixin.py:188} INFO - [2024-04-21T15:04:01.138+0000] {dag.py:3096} INFO - Sync 1 DAGs
[2024-04-21T15:04:01.143+0000] {logging_mixin.py:188} INFO - [2024-04-21T15:04:01.143+0000] {dag.py:3954} INFO - Setting next_dagrun for example_sensors to None, run_after=None
[2024-04-21T15:04:01.151+0000] {processor.py:183} INFO - Processing /home/airflow/.local/lib/python3.12/site-packages/airflow/example_dags/example_sensors.py took 0.035 seconds
[2024-04-21T15:04:31.943+0000] {processor.py:161} INFO - Started process (PID=9606) to work on /home/airflow/.local/lib/python3.12/site-packages/airflow/example_dags/example_sensors.py
[2024-04-21T15:04:31.944+0000] {processor.py:830} INFO - Processing file /home/airflow/.local/lib/python3.12/site-packages/airflow/example_dags/example_sensors.py for tasks to queue
[2024-04-21T15:04:31.945+0000] {logging_mixin.py:188} INFO - [2024-04-21T15:04:31.944+0000] {dagbag.py:540} INFO - Filling up the DagBag from /home/airflow/.local/lib/python3.12/site-packages/airflow/example_dags/example_sensors.py
[2024-04-21T15:04:31.949+0000] {processor.py:840} INFO - DAG(s) 'example_sensors' retrieved from /home/airflow/.local/lib/python3.12/site-packages/airflow/example_dags/example_sensors.py
[2024-04-21T15:04:31.963+0000] {logging_mixin.py:188} INFO - [2024-04-21T15:04:31.963+0000] {dag.py:3096} INFO - Sync 1 DAGs
[2024-04-21T15:04:31.968+0000] {logging_mixin.py:188} INFO - [2024-04-21T15:04:31.968+0000] {dag.py:3954} INFO - Setting next_dagrun for example_sensors to None, run_after=None
[2024-04-21T15:04:31.975+0000] {processor.py:183} INFO - Processing /home/airflow/.local/lib/python3.12/site-packages/airflow/example_dags/example_sensors.py took 0.035 seconds
[2024-04-21T15:05:02.778+0000] {processor.py:161} INFO - Started process (PID=9872) to work on /home/airflow/.local/lib/python3.12/site-packages/airflow/example_dags/example_sensors.py
[2024-04-21T15:05:02.778+0000] {processor.py:830} INFO - Processing file /home/airflow/.local/lib/python3.12/site-packages/airflow/example_dags/example_sensors.py for tasks to queue
[2024-04-21T15:05:02.779+0000] {logging_mixin.py:188} INFO - [2024-04-21T15:05:02.779+0000] {dagbag.py:540} INFO - Filling up the DagBag from /home/airflow/.local/lib/python3.12/site-packages/airflow/example_dags/example_sensors.py
[2024-04-21T15:05:02.784+0000] {processor.py:840} INFO - DAG(s) 'example_sensors' retrieved from /home/airflow/.local/lib/python3.12/site-packages/airflow/example_dags/example_sensors.py
[2024-04-21T15:05:02.798+0000] {logging_mixin.py:188} INFO - [2024-04-21T15:05:02.798+0000] {dag.py:3096} INFO - Sync 1 DAGs
[2024-04-21T15:05:02.803+0000] {logging_mixin.py:188} INFO - [2024-04-21T15:05:02.803+0000] {dag.py:3954} INFO - Setting next_dagrun for example_sensors to None, run_after=None
[2024-04-21T15:05:02.811+0000] {processor.py:183} INFO - Processing /home/airflow/.local/lib/python3.12/site-packages/airflow/example_dags/example_sensors.py took 0.036 seconds
[2024-04-21T15:05:33.676+0000] {processor.py:161} INFO - Started process (PID=10139) to work on /home/airflow/.local/lib/python3.12/site-packages/airflow/example_dags/example_sensors.py
[2024-04-21T15:05:33.676+0000] {processor.py:830} INFO - Processing file /home/airflow/.local/lib/python3.12/site-packages/airflow/example_dags/example_sensors.py for tasks to queue
[2024-04-21T15:05:33.677+0000] {logging_mixin.py:188} INFO - [2024-04-21T15:05:33.677+0000] {dagbag.py:540} INFO - Filling up the DagBag from /home/airflow/.local/lib/python3.12/site-packages/airflow/example_dags/example_sensors.py
[2024-04-21T15:05:33.682+0000] {processor.py:840} INFO - DAG(s) 'example_sensors' retrieved from /home/airflow/.local/lib/python3.12/site-packages/airflow/example_dags/example_sensors.py
[2024-04-21T15:05:33.695+0000] {logging_mixin.py:188} INFO - [2024-04-21T15:05:33.695+0000] {dag.py:3096} INFO - Sync 1 DAGs
[2024-04-21T15:05:33.701+0000] {logging_mixin.py:188} INFO - [2024-04-21T15:05:33.701+0000] {dag.py:3954} INFO - Setting next_dagrun for example_sensors to None, run_after=None
[2024-04-21T15:05:33.708+0000] {processor.py:183} INFO - Processing /home/airflow/.local/lib/python3.12/site-packages/airflow/example_dags/example_sensors.py took 0.035 seconds
[2024-04-21T15:06:04.552+0000] {processor.py:161} INFO - Started process (PID=10406) to work on /home/airflow/.local/lib/python3.12/site-packages/airflow/example_dags/example_sensors.py
[2024-04-21T15:06:04.553+0000] {processor.py:830} INFO - Processing file /home/airflow/.local/lib/python3.12/site-packages/airflow/example_dags/example_sensors.py for tasks to queue
[2024-04-21T15:06:04.554+0000] {logging_mixin.py:188} INFO - [2024-04-21T15:06:04.554+0000] {dagbag.py:540} INFO - Filling up the DagBag from /home/airflow/.local/lib/python3.12/site-packages/airflow/example_dags/example_sensors.py
[2024-04-21T15:06:04.558+0000] {processor.py:840} INFO - DAG(s) 'example_sensors' retrieved from /home/airflow/.local/lib/python3.12/site-packages/airflow/example_dags/example_sensors.py
[2024-04-21T15:06:04.572+0000] {logging_mixin.py:188} INFO - [2024-04-21T15:06:04.572+0000] {dag.py:3096} INFO - Sync 1 DAGs
[2024-04-21T15:06:04.577+0000] {logging_mixin.py:188} INFO - [2024-04-21T15:06:04.577+0000] {dag.py:3954} INFO - Setting next_dagrun for example_sensors to None, run_after=None
[2024-04-21T15:06:04.585+0000] {processor.py:183} INFO - Processing /home/airflow/.local/lib/python3.12/site-packages/airflow/example_dags/example_sensors.py took 0.036 seconds
[2024-04-21T15:06:35.399+0000] {processor.py:161} INFO - Started process (PID=10673) to work on /home/airflow/.local/lib/python3.12/site-packages/airflow/example_dags/example_sensors.py
[2024-04-21T15:06:35.399+0000] {processor.py:830} INFO - Processing file /home/airflow/.local/lib/python3.12/site-packages/airflow/example_dags/example_sensors.py for tasks to queue
[2024-04-21T15:06:35.400+0000] {logging_mixin.py:188} INFO - [2024-04-21T15:06:35.400+0000] {dagbag.py:540} INFO - Filling up the DagBag from /home/airflow/.local/lib/python3.12/site-packages/airflow/example_dags/example_sensors.py
[2024-04-21T15:06:35.404+0000] {processor.py:840} INFO - DAG(s) 'example_sensors' retrieved from /home/airflow/.local/lib/python3.12/site-packages/airflow/example_dags/example_sensors.py
[2024-04-21T15:06:35.418+0000] {logging_mixin.py:188} INFO - [2024-04-21T15:06:35.418+0000] {dag.py:3096} INFO - Sync 1 DAGs
[2024-04-21T15:06:35.423+0000] {logging_mixin.py:188} INFO - [2024-04-21T15:06:35.423+0000] {dag.py:3954} INFO - Setting next_dagrun for example_sensors to None, run_after=None
[2024-04-21T15:06:35.430+0000] {processor.py:183} INFO - Processing /home/airflow/.local/lib/python3.12/site-packages/airflow/example_dags/example_sensors.py took 0.035 seconds
[2024-04-21T15:07:05.511+0000] {processor.py:161} INFO - Started process (PID=10938) to work on /home/airflow/.local/lib/python3.12/site-packages/airflow/example_dags/example_sensors.py
[2024-04-21T15:07:05.511+0000] {processor.py:830} INFO - Processing file /home/airflow/.local/lib/python3.12/site-packages/airflow/example_dags/example_sensors.py for tasks to queue
[2024-04-21T15:07:05.512+0000] {logging_mixin.py:188} INFO - [2024-04-21T15:07:05.512+0000] {dagbag.py:540} INFO - Filling up the DagBag from /home/airflow/.local/lib/python3.12/site-packages/airflow/example_dags/example_sensors.py
[2024-04-21T15:07:05.517+0000] {processor.py:840} INFO - DAG(s) 'example_sensors' retrieved from /home/airflow/.local/lib/python3.12/site-packages/airflow/example_dags/example_sensors.py
[2024-04-21T15:07:05.531+0000] {logging_mixin.py:188} INFO - [2024-04-21T15:07:05.531+0000] {dag.py:3096} INFO - Sync 1 DAGs
[2024-04-21T15:07:05.537+0000] {logging_mixin.py:188} INFO - [2024-04-21T15:07:05.537+0000] {dag.py:3954} INFO - Setting next_dagrun for example_sensors to None, run_after=None
[2024-04-21T15:07:05.545+0000] {processor.py:183} INFO - Processing /home/airflow/.local/lib/python3.12/site-packages/airflow/example_dags/example_sensors.py took 0.038 seconds
[2024-04-21T15:07:35.765+0000] {processor.py:161} INFO - Started process (PID=11224) to work on /home/airflow/.local/lib/python3.12/site-packages/airflow/example_dags/example_sensors.py
[2024-04-21T15:07:35.766+0000] {processor.py:830} INFO - Processing file /home/airflow/.local/lib/python3.12/site-packages/airflow/example_dags/example_sensors.py for tasks to queue
[2024-04-21T15:07:35.767+0000] {logging_mixin.py:188} INFO - [2024-04-21T15:07:35.766+0000] {dagbag.py:540} INFO - Filling up the DagBag from /home/airflow/.local/lib/python3.12/site-packages/airflow/example_dags/example_sensors.py
[2024-04-21T15:07:35.771+0000] {processor.py:840} INFO - DAG(s) 'example_sensors' retrieved from /home/airflow/.local/lib/python3.12/site-packages/airflow/example_dags/example_sensors.py
[2024-04-21T15:07:35.784+0000] {logging_mixin.py:188} INFO - [2024-04-21T15:07:35.784+0000] {dag.py:3096} INFO - Sync 1 DAGs
[2024-04-21T15:07:35.789+0000] {logging_mixin.py:188} INFO - [2024-04-21T15:07:35.789+0000] {dag.py:3954} INFO - Setting next_dagrun for example_sensors to None, run_after=None
[2024-04-21T15:07:35.797+0000] {processor.py:183} INFO - Processing /home/airflow/.local/lib/python3.12/site-packages/airflow/example_dags/example_sensors.py took 0.035 seconds
[2024-04-21T15:08:05.889+0000] {processor.py:161} INFO - Started process (PID=11505) to work on /home/airflow/.local/lib/python3.12/site-packages/airflow/example_dags/example_sensors.py
[2024-04-21T15:08:05.890+0000] {processor.py:830} INFO - Processing file /home/airflow/.local/lib/python3.12/site-packages/airflow/example_dags/example_sensors.py for tasks to queue
[2024-04-21T15:08:05.891+0000] {logging_mixin.py:188} INFO - [2024-04-21T15:08:05.890+0000] {dagbag.py:540} INFO - Filling up the DagBag from /home/airflow/.local/lib/python3.12/site-packages/airflow/example_dags/example_sensors.py
[2024-04-21T15:08:05.895+0000] {processor.py:840} INFO - DAG(s) 'example_sensors' retrieved from /home/airflow/.local/lib/python3.12/site-packages/airflow/example_dags/example_sensors.py
[2024-04-21T15:08:05.909+0000] {logging_mixin.py:188} INFO - [2024-04-21T15:08:05.908+0000] {dag.py:3096} INFO - Sync 1 DAGs
[2024-04-21T15:08:05.914+0000] {logging_mixin.py:188} INFO - [2024-04-21T15:08:05.914+0000] {dag.py:3954} INFO - Setting next_dagrun for example_sensors to None, run_after=None
[2024-04-21T15:08:05.922+0000] {processor.py:183} INFO - Processing /home/airflow/.local/lib/python3.12/site-packages/airflow/example_dags/example_sensors.py took 0.036 seconds
[2024-04-21T15:08:36.895+0000] {processor.py:161} INFO - Started process (PID=11786) to work on /home/airflow/.local/lib/python3.12/site-packages/airflow/example_dags/example_sensors.py
[2024-04-21T15:08:36.895+0000] {processor.py:830} INFO - Processing file /home/airflow/.local/lib/python3.12/site-packages/airflow/example_dags/example_sensors.py for tasks to queue
[2024-04-21T15:08:36.896+0000] {logging_mixin.py:188} INFO - [2024-04-21T15:08:36.896+0000] {dagbag.py:540} INFO - Filling up the DagBag from /home/airflow/.local/lib/python3.12/site-packages/airflow/example_dags/example_sensors.py
[2024-04-21T15:08:36.901+0000] {processor.py:840} INFO - DAG(s) 'example_sensors' retrieved from /home/airflow/.local/lib/python3.12/site-packages/airflow/example_dags/example_sensors.py
[2024-04-21T15:08:36.914+0000] {logging_mixin.py:188} INFO - [2024-04-21T15:08:36.914+0000] {dag.py:3096} INFO - Sync 1 DAGs
[2024-04-21T15:08:36.919+0000] {logging_mixin.py:188} INFO - [2024-04-21T15:08:36.919+0000] {dag.py:3954} INFO - Setting next_dagrun for example_sensors to None, run_after=None
[2024-04-21T15:08:36.927+0000] {processor.py:183} INFO - Processing /home/airflow/.local/lib/python3.12/site-packages/airflow/example_dags/example_sensors.py took 0.035 seconds
[2024-04-21T15:09:07.799+0000] {processor.py:161} INFO - Started process (PID=12054) to work on /home/airflow/.local/lib/python3.12/site-packages/airflow/example_dags/example_sensors.py
[2024-04-21T15:09:07.799+0000] {processor.py:830} INFO - Processing file /home/airflow/.local/lib/python3.12/site-packages/airflow/example_dags/example_sensors.py for tasks to queue
[2024-04-21T15:09:07.800+0000] {logging_mixin.py:188} INFO - [2024-04-21T15:09:07.800+0000] {dagbag.py:540} INFO - Filling up the DagBag from /home/airflow/.local/lib/python3.12/site-packages/airflow/example_dags/example_sensors.py
[2024-04-21T15:09:07.804+0000] {processor.py:840} INFO - DAG(s) 'example_sensors' retrieved from /home/airflow/.local/lib/python3.12/site-packages/airflow/example_dags/example_sensors.py
[2024-04-21T15:09:07.818+0000] {logging_mixin.py:188} INFO - [2024-04-21T15:09:07.817+0000] {dag.py:3096} INFO - Sync 1 DAGs
[2024-04-21T15:09:07.823+0000] {logging_mixin.py:188} INFO - [2024-04-21T15:09:07.823+0000] {dag.py:3954} INFO - Setting next_dagrun for example_sensors to None, run_after=None
[2024-04-21T15:09:07.833+0000] {processor.py:183} INFO - Processing /home/airflow/.local/lib/python3.12/site-packages/airflow/example_dags/example_sensors.py took 0.037 seconds
[2024-04-21T15:09:38.686+0000] {processor.py:161} INFO - Started process (PID=12323) to work on /home/airflow/.local/lib/python3.12/site-packages/airflow/example_dags/example_sensors.py
[2024-04-21T15:09:38.687+0000] {processor.py:830} INFO - Processing file /home/airflow/.local/lib/python3.12/site-packages/airflow/example_dags/example_sensors.py for tasks to queue
[2024-04-21T15:09:38.688+0000] {logging_mixin.py:188} INFO - [2024-04-21T15:09:38.687+0000] {dagbag.py:540} INFO - Filling up the DagBag from /home/airflow/.local/lib/python3.12/site-packages/airflow/example_dags/example_sensors.py
[2024-04-21T15:09:38.692+0000] {processor.py:840} INFO - DAG(s) 'example_sensors' retrieved from /home/airflow/.local/lib/python3.12/site-packages/airflow/example_dags/example_sensors.py
[2024-04-21T15:09:38.705+0000] {logging_mixin.py:188} INFO - [2024-04-21T15:09:38.705+0000] {dag.py:3096} INFO - Sync 1 DAGs
[2024-04-21T15:09:38.711+0000] {logging_mixin.py:188} INFO - [2024-04-21T15:09:38.711+0000] {dag.py:3954} INFO - Setting next_dagrun for example_sensors to None, run_after=None
[2024-04-21T15:09:38.718+0000] {processor.py:183} INFO - Processing /home/airflow/.local/lib/python3.12/site-packages/airflow/example_dags/example_sensors.py took 0.035 seconds
[2024-04-21T15:10:09.583+0000] {processor.py:161} INFO - Started process (PID=12588) to work on /home/airflow/.local/lib/python3.12/site-packages/airflow/example_dags/example_sensors.py
[2024-04-21T15:10:09.584+0000] {processor.py:830} INFO - Processing file /home/airflow/.local/lib/python3.12/site-packages/airflow/example_dags/example_sensors.py for tasks to queue
[2024-04-21T15:10:09.585+0000] {logging_mixin.py:188} INFO - [2024-04-21T15:10:09.585+0000] {dagbag.py:540} INFO - Filling up the DagBag from /home/airflow/.local/lib/python3.12/site-packages/airflow/example_dags/example_sensors.py
[2024-04-21T15:10:09.590+0000] {processor.py:840} INFO - DAG(s) 'example_sensors' retrieved from /home/airflow/.local/lib/python3.12/site-packages/airflow/example_dags/example_sensors.py
[2024-04-21T15:10:09.603+0000] {logging_mixin.py:188} INFO - [2024-04-21T15:10:09.603+0000] {dag.py:3096} INFO - Sync 1 DAGs
[2024-04-21T15:10:09.608+0000] {logging_mixin.py:188} INFO - [2024-04-21T15:10:09.608+0000] {dag.py:3954} INFO - Setting next_dagrun for example_sensors to None, run_after=None
[2024-04-21T15:10:09.616+0000] {processor.py:183} INFO - Processing /home/airflow/.local/lib/python3.12/site-packages/airflow/example_dags/example_sensors.py took 0.036 seconds
[2024-04-21T15:10:39.923+0000] {processor.py:161} INFO - Started process (PID=12860) to work on /home/airflow/.local/lib/python3.12/site-packages/airflow/example_dags/example_sensors.py
[2024-04-21T15:10:39.923+0000] {processor.py:830} INFO - Processing file /home/airflow/.local/lib/python3.12/site-packages/airflow/example_dags/example_sensors.py for tasks to queue
[2024-04-21T15:10:39.925+0000] {logging_mixin.py:188} INFO - [2024-04-21T15:10:39.924+0000] {dagbag.py:540} INFO - Filling up the DagBag from /home/airflow/.local/lib/python3.12/site-packages/airflow/example_dags/example_sensors.py
[2024-04-21T15:10:39.929+0000] {processor.py:840} INFO - DAG(s) 'example_sensors' retrieved from /home/airflow/.local/lib/python3.12/site-packages/airflow/example_dags/example_sensors.py
[2024-04-21T15:10:39.945+0000] {logging_mixin.py:188} INFO - [2024-04-21T15:10:39.945+0000] {dag.py:3096} INFO - Sync 1 DAGs
[2024-04-21T15:10:39.951+0000] {logging_mixin.py:188} INFO - [2024-04-21T15:10:39.951+0000] {dag.py:3954} INFO - Setting next_dagrun for example_sensors to None, run_after=None
[2024-04-21T15:10:39.960+0000] {processor.py:183} INFO - Processing /home/airflow/.local/lib/python3.12/site-packages/airflow/example_dags/example_sensors.py took 0.042 seconds
[2024-04-21T15:11:09.995+0000] {processor.py:161} INFO - Started process (PID=13138) to work on /home/airflow/.local/lib/python3.12/site-packages/airflow/example_dags/example_sensors.py
[2024-04-21T15:11:09.996+0000] {processor.py:830} INFO - Processing file /home/airflow/.local/lib/python3.12/site-packages/airflow/example_dags/example_sensors.py for tasks to queue
[2024-04-21T15:11:09.997+0000] {logging_mixin.py:188} INFO - [2024-04-21T15:11:09.997+0000] {dagbag.py:540} INFO - Filling up the DagBag from /home/airflow/.local/lib/python3.12/site-packages/airflow/example_dags/example_sensors.py
[2024-04-21T15:11:10.001+0000] {processor.py:840} INFO - DAG(s) 'example_sensors' retrieved from /home/airflow/.local/lib/python3.12/site-packages/airflow/example_dags/example_sensors.py
[2024-04-21T15:11:10.015+0000] {logging_mixin.py:188} INFO - [2024-04-21T15:11:10.015+0000] {dag.py:3096} INFO - Sync 1 DAGs
[2024-04-21T15:11:10.021+0000] {logging_mixin.py:188} INFO - [2024-04-21T15:11:10.021+0000] {dag.py:3954} INFO - Setting next_dagrun for example_sensors to None, run_after=None
[2024-04-21T15:11:10.030+0000] {processor.py:183} INFO - Processing /home/airflow/.local/lib/python3.12/site-packages/airflow/example_dags/example_sensors.py took 0.038 seconds
[2024-04-21T15:11:40.965+0000] {processor.py:161} INFO - Started process (PID=13413) to work on /home/airflow/.local/lib/python3.12/site-packages/airflow/example_dags/example_sensors.py
[2024-04-21T15:11:40.966+0000] {processor.py:830} INFO - Processing file /home/airflow/.local/lib/python3.12/site-packages/airflow/example_dags/example_sensors.py for tasks to queue
[2024-04-21T15:11:40.967+0000] {logging_mixin.py:188} INFO - [2024-04-21T15:11:40.967+0000] {dagbag.py:540} INFO - Filling up the DagBag from /home/airflow/.local/lib/python3.12/site-packages/airflow/example_dags/example_sensors.py
[2024-04-21T15:11:40.971+0000] {processor.py:840} INFO - DAG(s) 'example_sensors' retrieved from /home/airflow/.local/lib/python3.12/site-packages/airflow/example_dags/example_sensors.py
[2024-04-21T15:11:40.984+0000] {logging_mixin.py:188} INFO - [2024-04-21T15:11:40.984+0000] {dag.py:3096} INFO - Sync 1 DAGs
[2024-04-21T15:11:40.989+0000] {logging_mixin.py:188} INFO - [2024-04-21T15:11:40.989+0000] {dag.py:3954} INFO - Setting next_dagrun for example_sensors to None, run_after=None
[2024-04-21T15:11:40.997+0000] {processor.py:183} INFO - Processing /home/airflow/.local/lib/python3.12/site-packages/airflow/example_dags/example_sensors.py took 0.034 seconds
[2024-04-21T15:12:11.031+0000] {processor.py:161} INFO - Started process (PID=13695) to work on /home/airflow/.local/lib/python3.12/site-packages/airflow/example_dags/example_sensors.py
[2024-04-21T15:12:11.031+0000] {processor.py:830} INFO - Processing file /home/airflow/.local/lib/python3.12/site-packages/airflow/example_dags/example_sensors.py for tasks to queue
[2024-04-21T15:12:11.032+0000] {logging_mixin.py:188} INFO - [2024-04-21T15:12:11.032+0000] {dagbag.py:540} INFO - Filling up the DagBag from /home/airflow/.local/lib/python3.12/site-packages/airflow/example_dags/example_sensors.py
[2024-04-21T15:12:11.036+0000] {processor.py:840} INFO - DAG(s) 'example_sensors' retrieved from /home/airflow/.local/lib/python3.12/site-packages/airflow/example_dags/example_sensors.py
[2024-04-21T15:12:11.050+0000] {logging_mixin.py:188} INFO - [2024-04-21T15:12:11.049+0000] {dag.py:3096} INFO - Sync 1 DAGs
[2024-04-21T15:12:11.055+0000] {logging_mixin.py:188} INFO - [2024-04-21T15:12:11.055+0000] {dag.py:3954} INFO - Setting next_dagrun for example_sensors to None, run_after=None
[2024-04-21T15:12:11.063+0000] {processor.py:183} INFO - Processing /home/airflow/.local/lib/python3.12/site-packages/airflow/example_dags/example_sensors.py took 0.036 seconds
[2024-04-21T15:12:41.764+0000] {processor.py:161} INFO - Started process (PID=13971) to work on /home/airflow/.local/lib/python3.12/site-packages/airflow/example_dags/example_sensors.py
[2024-04-21T15:12:41.764+0000] {processor.py:830} INFO - Processing file /home/airflow/.local/lib/python3.12/site-packages/airflow/example_dags/example_sensors.py for tasks to queue
[2024-04-21T15:12:41.765+0000] {logging_mixin.py:188} INFO - [2024-04-21T15:12:41.765+0000] {dagbag.py:540} INFO - Filling up the DagBag from /home/airflow/.local/lib/python3.12/site-packages/airflow/example_dags/example_sensors.py
[2024-04-21T15:12:41.769+0000] {processor.py:840} INFO - DAG(s) 'example_sensors' retrieved from /home/airflow/.local/lib/python3.12/site-packages/airflow/example_dags/example_sensors.py
[2024-04-21T15:12:41.783+0000] {logging_mixin.py:188} INFO - [2024-04-21T15:12:41.783+0000] {dag.py:3096} INFO - Sync 1 DAGs
[2024-04-21T15:12:41.789+0000] {logging_mixin.py:188} INFO - [2024-04-21T15:12:41.789+0000] {dag.py:3954} INFO - Setting next_dagrun for example_sensors to None, run_after=None
[2024-04-21T15:12:41.796+0000] {processor.py:183} INFO - Processing /home/airflow/.local/lib/python3.12/site-packages/airflow/example_dags/example_sensors.py took 0.036 seconds
[2024-04-21T15:13:12.810+0000] {processor.py:161} INFO - Started process (PID=14259) to work on /home/airflow/.local/lib/python3.12/site-packages/airflow/example_dags/example_sensors.py
[2024-04-21T15:13:12.811+0000] {processor.py:830} INFO - Processing file /home/airflow/.local/lib/python3.12/site-packages/airflow/example_dags/example_sensors.py for tasks to queue
[2024-04-21T15:13:12.812+0000] {logging_mixin.py:188} INFO - [2024-04-21T15:13:12.811+0000] {dagbag.py:540} INFO - Filling up the DagBag from /home/airflow/.local/lib/python3.12/site-packages/airflow/example_dags/example_sensors.py
[2024-04-21T15:13:12.816+0000] {processor.py:840} INFO - DAG(s) 'example_sensors' retrieved from /home/airflow/.local/lib/python3.12/site-packages/airflow/example_dags/example_sensors.py
[2024-04-21T15:13:12.829+0000] {logging_mixin.py:188} INFO - [2024-04-21T15:13:12.829+0000] {dag.py:3096} INFO - Sync 1 DAGs
[2024-04-21T15:13:12.835+0000] {logging_mixin.py:188} INFO - [2024-04-21T15:13:12.835+0000] {dag.py:3954} INFO - Setting next_dagrun for example_sensors to None, run_after=None
[2024-04-21T15:13:12.842+0000] {processor.py:183} INFO - Processing /home/airflow/.local/lib/python3.12/site-packages/airflow/example_dags/example_sensors.py took 0.035 seconds
[2024-04-21T15:13:43.702+0000] {processor.py:161} INFO - Started process (PID=14523) to work on /home/airflow/.local/lib/python3.12/site-packages/airflow/example_dags/example_sensors.py
[2024-04-21T15:13:43.703+0000] {processor.py:830} INFO - Processing file /home/airflow/.local/lib/python3.12/site-packages/airflow/example_dags/example_sensors.py for tasks to queue
[2024-04-21T15:13:43.704+0000] {logging_mixin.py:188} INFO - [2024-04-21T15:13:43.704+0000] {dagbag.py:540} INFO - Filling up the DagBag from /home/airflow/.local/lib/python3.12/site-packages/airflow/example_dags/example_sensors.py
[2024-04-21T15:13:43.709+0000] {processor.py:840} INFO - DAG(s) 'example_sensors' retrieved from /home/airflow/.local/lib/python3.12/site-packages/airflow/example_dags/example_sensors.py
[2024-04-21T15:13:43.723+0000] {logging_mixin.py:188} INFO - [2024-04-21T15:13:43.723+0000] {dag.py:3096} INFO - Sync 1 DAGs
[2024-04-21T15:13:43.729+0000] {logging_mixin.py:188} INFO - [2024-04-21T15:13:43.729+0000] {dag.py:3954} INFO - Setting next_dagrun for example_sensors to None, run_after=None
[2024-04-21T15:13:43.737+0000] {processor.py:183} INFO - Processing /home/airflow/.local/lib/python3.12/site-packages/airflow/example_dags/example_sensors.py took 0.039 seconds
[2024-04-21T15:14:13.850+0000] {processor.py:161} INFO - Started process (PID=14790) to work on /home/airflow/.local/lib/python3.12/site-packages/airflow/example_dags/example_sensors.py
[2024-04-21T15:14:13.851+0000] {processor.py:830} INFO - Processing file /home/airflow/.local/lib/python3.12/site-packages/airflow/example_dags/example_sensors.py for tasks to queue
[2024-04-21T15:14:13.852+0000] {logging_mixin.py:188} INFO - [2024-04-21T15:14:13.852+0000] {dagbag.py:540} INFO - Filling up the DagBag from /home/airflow/.local/lib/python3.12/site-packages/airflow/example_dags/example_sensors.py
[2024-04-21T15:14:13.856+0000] {processor.py:840} INFO - DAG(s) 'example_sensors' retrieved from /home/airflow/.local/lib/python3.12/site-packages/airflow/example_dags/example_sensors.py
[2024-04-21T15:14:13.870+0000] {logging_mixin.py:188} INFO - [2024-04-21T15:14:13.870+0000] {dag.py:3096} INFO - Sync 1 DAGs
[2024-04-21T15:14:13.875+0000] {logging_mixin.py:188} INFO - [2024-04-21T15:14:13.875+0000] {dag.py:3954} INFO - Setting next_dagrun for example_sensors to None, run_after=None
[2024-04-21T15:14:13.883+0000] {processor.py:183} INFO - Processing /home/airflow/.local/lib/python3.12/site-packages/airflow/example_dags/example_sensors.py took 0.036 seconds
[2024-04-21T15:14:44.041+0000] {processor.py:161} INFO - Started process (PID=15058) to work on /home/airflow/.local/lib/python3.12/site-packages/airflow/example_dags/example_sensors.py
[2024-04-21T15:14:44.042+0000] {processor.py:830} INFO - Processing file /home/airflow/.local/lib/python3.12/site-packages/airflow/example_dags/example_sensors.py for tasks to queue
[2024-04-21T15:14:44.043+0000] {logging_mixin.py:188} INFO - [2024-04-21T15:14:44.042+0000] {dagbag.py:540} INFO - Filling up the DagBag from /home/airflow/.local/lib/python3.12/site-packages/airflow/example_dags/example_sensors.py
[2024-04-21T15:14:44.047+0000] {processor.py:840} INFO - DAG(s) 'example_sensors' retrieved from /home/airflow/.local/lib/python3.12/site-packages/airflow/example_dags/example_sensors.py
[2024-04-21T15:14:44.062+0000] {logging_mixin.py:188} INFO - [2024-04-21T15:14:44.061+0000] {dag.py:3096} INFO - Sync 1 DAGs
[2024-04-21T15:14:44.067+0000] {logging_mixin.py:188} INFO - [2024-04-21T15:14:44.067+0000] {dag.py:3954} INFO - Setting next_dagrun for example_sensors to None, run_after=None
[2024-04-21T15:14:44.074+0000] {processor.py:183} INFO - Processing /home/airflow/.local/lib/python3.12/site-packages/airflow/example_dags/example_sensors.py took 0.036 seconds
[2024-04-21T15:15:14.155+0000] {processor.py:161} INFO - Started process (PID=15323) to work on /home/airflow/.local/lib/python3.12/site-packages/airflow/example_dags/example_sensors.py
[2024-04-21T15:15:14.156+0000] {processor.py:830} INFO - Processing file /home/airflow/.local/lib/python3.12/site-packages/airflow/example_dags/example_sensors.py for tasks to queue
[2024-04-21T15:15:14.157+0000] {logging_mixin.py:188} INFO - [2024-04-21T15:15:14.156+0000] {dagbag.py:540} INFO - Filling up the DagBag from /home/airflow/.local/lib/python3.12/site-packages/airflow/example_dags/example_sensors.py
[2024-04-21T15:15:14.160+0000] {processor.py:840} INFO - DAG(s) 'example_sensors' retrieved from /home/airflow/.local/lib/python3.12/site-packages/airflow/example_dags/example_sensors.py
[2024-04-21T15:15:14.173+0000] {logging_mixin.py:188} INFO - [2024-04-21T15:15:14.173+0000] {dag.py:3096} INFO - Sync 1 DAGs
[2024-04-21T15:15:14.179+0000] {logging_mixin.py:188} INFO - [2024-04-21T15:15:14.179+0000] {dag.py:3954} INFO - Setting next_dagrun for example_sensors to None, run_after=None
[2024-04-21T15:15:14.186+0000] {processor.py:183} INFO - Processing /home/airflow/.local/lib/python3.12/site-packages/airflow/example_dags/example_sensors.py took 0.034 seconds
[2024-04-21T15:15:44.340+0000] {processor.py:161} INFO - Started process (PID=15590) to work on /home/airflow/.local/lib/python3.12/site-packages/airflow/example_dags/example_sensors.py
[2024-04-21T15:15:44.341+0000] {processor.py:830} INFO - Processing file /home/airflow/.local/lib/python3.12/site-packages/airflow/example_dags/example_sensors.py for tasks to queue
[2024-04-21T15:15:44.342+0000] {logging_mixin.py:188} INFO - [2024-04-21T15:15:44.342+0000] {dagbag.py:540} INFO - Filling up the DagBag from /home/airflow/.local/lib/python3.12/site-packages/airflow/example_dags/example_sensors.py
[2024-04-21T15:15:44.346+0000] {processor.py:840} INFO - DAG(s) 'example_sensors' retrieved from /home/airflow/.local/lib/python3.12/site-packages/airflow/example_dags/example_sensors.py
[2024-04-21T15:15:44.359+0000] {logging_mixin.py:188} INFO - [2024-04-21T15:15:44.359+0000] {dag.py:3096} INFO - Sync 1 DAGs
[2024-04-21T15:15:44.365+0000] {logging_mixin.py:188} INFO - [2024-04-21T15:15:44.365+0000] {dag.py:3954} INFO - Setting next_dagrun for example_sensors to None, run_after=None
[2024-04-21T15:15:44.372+0000] {processor.py:183} INFO - Processing /home/airflow/.local/lib/python3.12/site-packages/airflow/example_dags/example_sensors.py took 0.036 seconds
[2024-04-21T15:16:14.574+0000] {processor.py:161} INFO - Started process (PID=15857) to work on /home/airflow/.local/lib/python3.12/site-packages/airflow/example_dags/example_sensors.py
[2024-04-21T15:16:14.575+0000] {processor.py:830} INFO - Processing file /home/airflow/.local/lib/python3.12/site-packages/airflow/example_dags/example_sensors.py for tasks to queue
[2024-04-21T15:16:14.576+0000] {logging_mixin.py:188} INFO - [2024-04-21T15:16:14.576+0000] {dagbag.py:540} INFO - Filling up the DagBag from /home/airflow/.local/lib/python3.12/site-packages/airflow/example_dags/example_sensors.py
[2024-04-21T15:16:14.580+0000] {processor.py:840} INFO - DAG(s) 'example_sensors' retrieved from /home/airflow/.local/lib/python3.12/site-packages/airflow/example_dags/example_sensors.py
[2024-04-21T15:16:14.593+0000] {logging_mixin.py:188} INFO - [2024-04-21T15:16:14.593+0000] {dag.py:3096} INFO - Sync 1 DAGs
[2024-04-21T15:16:14.599+0000] {logging_mixin.py:188} INFO - [2024-04-21T15:16:14.599+0000] {dag.py:3954} INFO - Setting next_dagrun for example_sensors to None, run_after=None
[2024-04-21T15:16:14.607+0000] {processor.py:183} INFO - Processing /home/airflow/.local/lib/python3.12/site-packages/airflow/example_dags/example_sensors.py took 0.036 seconds
[2024-04-21T15:16:44.823+0000] {processor.py:161} INFO - Started process (PID=16125) to work on /home/airflow/.local/lib/python3.12/site-packages/airflow/example_dags/example_sensors.py
[2024-04-21T15:16:44.823+0000] {processor.py:830} INFO - Processing file /home/airflow/.local/lib/python3.12/site-packages/airflow/example_dags/example_sensors.py for tasks to queue
[2024-04-21T15:16:44.825+0000] {logging_mixin.py:188} INFO - [2024-04-21T15:16:44.824+0000] {dagbag.py:540} INFO - Filling up the DagBag from /home/airflow/.local/lib/python3.12/site-packages/airflow/example_dags/example_sensors.py
[2024-04-21T15:16:44.829+0000] {processor.py:840} INFO - DAG(s) 'example_sensors' retrieved from /home/airflow/.local/lib/python3.12/site-packages/airflow/example_dags/example_sensors.py
[2024-04-21T15:16:44.843+0000] {logging_mixin.py:188} INFO - [2024-04-21T15:16:44.843+0000] {dag.py:3096} INFO - Sync 1 DAGs
[2024-04-21T15:16:44.850+0000] {logging_mixin.py:188} INFO - [2024-04-21T15:16:44.849+0000] {dag.py:3954} INFO - Setting next_dagrun for example_sensors to None, run_after=None
[2024-04-21T15:16:44.858+0000] {processor.py:183} INFO - Processing /home/airflow/.local/lib/python3.12/site-packages/airflow/example_dags/example_sensors.py took 0.039 seconds
[2024-04-21T15:17:14.960+0000] {processor.py:161} INFO - Started process (PID=16394) to work on /home/airflow/.local/lib/python3.12/site-packages/airflow/example_dags/example_sensors.py
[2024-04-21T15:17:14.960+0000] {processor.py:830} INFO - Processing file /home/airflow/.local/lib/python3.12/site-packages/airflow/example_dags/example_sensors.py for tasks to queue
[2024-04-21T15:17:14.961+0000] {logging_mixin.py:188} INFO - [2024-04-21T15:17:14.961+0000] {dagbag.py:540} INFO - Filling up the DagBag from /home/airflow/.local/lib/python3.12/site-packages/airflow/example_dags/example_sensors.py
[2024-04-21T15:17:14.966+0000] {processor.py:840} INFO - DAG(s) 'example_sensors' retrieved from /home/airflow/.local/lib/python3.12/site-packages/airflow/example_dags/example_sensors.py
[2024-04-21T15:17:14.980+0000] {logging_mixin.py:188} INFO - [2024-04-21T15:17:14.979+0000] {dag.py:3096} INFO - Sync 1 DAGs
[2024-04-21T15:17:14.985+0000] {logging_mixin.py:188} INFO - [2024-04-21T15:17:14.985+0000] {dag.py:3954} INFO - Setting next_dagrun for example_sensors to None, run_after=None
[2024-04-21T15:17:14.992+0000] {processor.py:183} INFO - Processing /home/airflow/.local/lib/python3.12/site-packages/airflow/example_dags/example_sensors.py took 0.035 seconds
[2024-04-21T15:17:45.146+0000] {processor.py:161} INFO - Started process (PID=16661) to work on /home/airflow/.local/lib/python3.12/site-packages/airflow/example_dags/example_sensors.py
[2024-04-21T15:17:45.146+0000] {processor.py:830} INFO - Processing file /home/airflow/.local/lib/python3.12/site-packages/airflow/example_dags/example_sensors.py for tasks to queue
[2024-04-21T15:17:45.147+0000] {logging_mixin.py:188} INFO - [2024-04-21T15:17:45.147+0000] {dagbag.py:540} INFO - Filling up the DagBag from /home/airflow/.local/lib/python3.12/site-packages/airflow/example_dags/example_sensors.py
[2024-04-21T15:17:45.151+0000] {processor.py:840} INFO - DAG(s) 'example_sensors' retrieved from /home/airflow/.local/lib/python3.12/site-packages/airflow/example_dags/example_sensors.py
[2024-04-21T15:17:45.166+0000] {logging_mixin.py:188} INFO - [2024-04-21T15:17:45.166+0000] {dag.py:3096} INFO - Sync 1 DAGs
[2024-04-21T15:17:45.171+0000] {logging_mixin.py:188} INFO - [2024-04-21T15:17:45.171+0000] {dag.py:3954} INFO - Setting next_dagrun for example_sensors to None, run_after=None
[2024-04-21T15:17:45.179+0000] {processor.py:183} INFO - Processing /home/airflow/.local/lib/python3.12/site-packages/airflow/example_dags/example_sensors.py took 0.037 seconds
[2024-04-21T15:18:15.212+0000] {processor.py:161} INFO - Started process (PID=16927) to work on /home/airflow/.local/lib/python3.12/site-packages/airflow/example_dags/example_sensors.py
[2024-04-21T15:18:15.213+0000] {processor.py:830} INFO - Processing file /home/airflow/.local/lib/python3.12/site-packages/airflow/example_dags/example_sensors.py for tasks to queue
[2024-04-21T15:18:15.214+0000] {logging_mixin.py:188} INFO - [2024-04-21T15:18:15.214+0000] {dagbag.py:540} INFO - Filling up the DagBag from /home/airflow/.local/lib/python3.12/site-packages/airflow/example_dags/example_sensors.py
[2024-04-21T15:18:15.218+0000] {processor.py:840} INFO - DAG(s) 'example_sensors' retrieved from /home/airflow/.local/lib/python3.12/site-packages/airflow/example_dags/example_sensors.py
[2024-04-21T15:18:15.232+0000] {logging_mixin.py:188} INFO - [2024-04-21T15:18:15.231+0000] {dag.py:3096} INFO - Sync 1 DAGs
[2024-04-21T15:18:15.237+0000] {logging_mixin.py:188} INFO - [2024-04-21T15:18:15.237+0000] {dag.py:3954} INFO - Setting next_dagrun for example_sensors to None, run_after=None
[2024-04-21T15:18:15.244+0000] {processor.py:183} INFO - Processing /home/airflow/.local/lib/python3.12/site-packages/airflow/example_dags/example_sensors.py took 0.035 seconds
[2024-04-21T15:18:45.296+0000] {processor.py:161} INFO - Started process (PID=17192) to work on /home/airflow/.local/lib/python3.12/site-packages/airflow/example_dags/example_sensors.py
[2024-04-21T15:18:45.297+0000] {processor.py:830} INFO - Processing file /home/airflow/.local/lib/python3.12/site-packages/airflow/example_dags/example_sensors.py for tasks to queue
[2024-04-21T15:18:45.298+0000] {logging_mixin.py:188} INFO - [2024-04-21T15:18:45.297+0000] {dagbag.py:540} INFO - Filling up the DagBag from /home/airflow/.local/lib/python3.12/site-packages/airflow/example_dags/example_sensors.py
[2024-04-21T15:18:45.302+0000] {processor.py:840} INFO - DAG(s) 'example_sensors' retrieved from /home/airflow/.local/lib/python3.12/site-packages/airflow/example_dags/example_sensors.py
[2024-04-21T15:18:45.315+0000] {logging_mixin.py:188} INFO - [2024-04-21T15:18:45.315+0000] {dag.py:3096} INFO - Sync 1 DAGs
[2024-04-21T15:18:45.321+0000] {logging_mixin.py:188} INFO - [2024-04-21T15:18:45.321+0000] {dag.py:3954} INFO - Setting next_dagrun for example_sensors to None, run_after=None
[2024-04-21T15:18:45.329+0000] {processor.py:183} INFO - Processing /home/airflow/.local/lib/python3.12/site-packages/airflow/example_dags/example_sensors.py took 0.036 seconds
[2024-04-21T15:19:16.210+0000] {processor.py:161} INFO - Started process (PID=17459) to work on /home/airflow/.local/lib/python3.12/site-packages/airflow/example_dags/example_sensors.py
[2024-04-21T15:19:16.210+0000] {processor.py:830} INFO - Processing file /home/airflow/.local/lib/python3.12/site-packages/airflow/example_dags/example_sensors.py for tasks to queue
[2024-04-21T15:19:16.211+0000] {logging_mixin.py:188} INFO - [2024-04-21T15:19:16.211+0000] {dagbag.py:540} INFO - Filling up the DagBag from /home/airflow/.local/lib/python3.12/site-packages/airflow/example_dags/example_sensors.py
[2024-04-21T15:19:16.215+0000] {processor.py:840} INFO - DAG(s) 'example_sensors' retrieved from /home/airflow/.local/lib/python3.12/site-packages/airflow/example_dags/example_sensors.py
[2024-04-21T15:19:16.228+0000] {logging_mixin.py:188} INFO - [2024-04-21T15:19:16.228+0000] {dag.py:3096} INFO - Sync 1 DAGs
[2024-04-21T15:19:16.234+0000] {logging_mixin.py:188} INFO - [2024-04-21T15:19:16.234+0000] {dag.py:3954} INFO - Setting next_dagrun for example_sensors to None, run_after=None
[2024-04-21T15:19:16.242+0000] {processor.py:183} INFO - Processing /home/airflow/.local/lib/python3.12/site-packages/airflow/example_dags/example_sensors.py took 0.036 seconds
[2024-04-21T15:19:46.367+0000] {processor.py:161} INFO - Started process (PID=17728) to work on /home/airflow/.local/lib/python3.12/site-packages/airflow/example_dags/example_sensors.py
[2024-04-21T15:19:46.367+0000] {processor.py:830} INFO - Processing file /home/airflow/.local/lib/python3.12/site-packages/airflow/example_dags/example_sensors.py for tasks to queue
[2024-04-21T15:19:46.368+0000] {logging_mixin.py:188} INFO - [2024-04-21T15:19:46.368+0000] {dagbag.py:540} INFO - Filling up the DagBag from /home/airflow/.local/lib/python3.12/site-packages/airflow/example_dags/example_sensors.py
[2024-04-21T15:19:46.373+0000] {processor.py:840} INFO - DAG(s) 'example_sensors' retrieved from /home/airflow/.local/lib/python3.12/site-packages/airflow/example_dags/example_sensors.py
[2024-04-21T15:19:46.386+0000] {logging_mixin.py:188} INFO - [2024-04-21T15:19:46.386+0000] {dag.py:3096} INFO - Sync 1 DAGs
[2024-04-21T15:19:46.392+0000] {logging_mixin.py:188} INFO - [2024-04-21T15:19:46.391+0000] {dag.py:3954} INFO - Setting next_dagrun for example_sensors to None, run_after=None
[2024-04-21T15:19:46.398+0000] {processor.py:183} INFO - Processing /home/airflow/.local/lib/python3.12/site-packages/airflow/example_dags/example_sensors.py took 0.035 seconds
[2024-04-21T15:20:16.548+0000] {processor.py:161} INFO - Started process (PID=17995) to work on /home/airflow/.local/lib/python3.12/site-packages/airflow/example_dags/example_sensors.py
[2024-04-21T15:20:16.549+0000] {processor.py:830} INFO - Processing file /home/airflow/.local/lib/python3.12/site-packages/airflow/example_dags/example_sensors.py for tasks to queue
[2024-04-21T15:20:16.550+0000] {logging_mixin.py:188} INFO - [2024-04-21T15:20:16.549+0000] {dagbag.py:540} INFO - Filling up the DagBag from /home/airflow/.local/lib/python3.12/site-packages/airflow/example_dags/example_sensors.py
[2024-04-21T15:20:16.554+0000] {processor.py:840} INFO - DAG(s) 'example_sensors' retrieved from /home/airflow/.local/lib/python3.12/site-packages/airflow/example_dags/example_sensors.py
[2024-04-21T15:20:16.568+0000] {logging_mixin.py:188} INFO - [2024-04-21T15:20:16.568+0000] {dag.py:3096} INFO - Sync 1 DAGs
[2024-04-21T15:20:16.573+0000] {logging_mixin.py:188} INFO - [2024-04-21T15:20:16.573+0000] {dag.py:3954} INFO - Setting next_dagrun for example_sensors to None, run_after=None
[2024-04-21T15:20:16.580+0000] {processor.py:183} INFO - Processing /home/airflow/.local/lib/python3.12/site-packages/airflow/example_dags/example_sensors.py took 0.035 seconds
