[2024-04-21T14:30:03.070+0000] {processor.py:161} INFO - Started process (PID=333) to work on /home/airflow/.local/lib/python3.12/site-packages/airflow/example_dags/example_kubernetes_executor.py
[2024-04-21T14:30:03.071+0000] {processor.py:830} INFO - Processing file /home/airflow/.local/lib/python3.12/site-packages/airflow/example_dags/example_kubernetes_executor.py for tasks to queue
[2024-04-21T14:30:03.072+0000] {logging_mixin.py:188} INFO - [2024-04-21T14:30:03.072+0000] {dagbag.py:540} INFO - Filling up the DagBag from /home/airflow/.local/lib/python3.12/site-packages/airflow/example_dags/example_kubernetes_executor.py
[2024-04-21T14:30:03.081+0000] {processor.py:840} INFO - DAG(s) 'example_kubernetes_executor' retrieved from /home/airflow/.local/lib/python3.12/site-packages/airflow/example_dags/example_kubernetes_executor.py
[2024-04-21T14:30:03.093+0000] {logging_mixin.py:188} INFO - [2024-04-21T14:30:03.093+0000] {dag.py:3096} INFO - Sync 1 DAGs
[2024-04-21T14:30:03.101+0000] {logging_mixin.py:188} INFO - [2024-04-21T14:30:03.101+0000] {dag.py:3954} INFO - Setting next_dagrun for example_kubernetes_executor to None, run_after=None
[2024-04-21T14:30:03.111+0000] {processor.py:183} INFO - Processing /home/airflow/.local/lib/python3.12/site-packages/airflow/example_dags/example_kubernetes_executor.py took 0.045 seconds
[2024-04-21T14:30:33.980+0000] {processor.py:161} INFO - Started process (PID=593) to work on /home/airflow/.local/lib/python3.12/site-packages/airflow/example_dags/example_kubernetes_executor.py
[2024-04-21T14:30:33.981+0000] {processor.py:830} INFO - Processing file /home/airflow/.local/lib/python3.12/site-packages/airflow/example_dags/example_kubernetes_executor.py for tasks to queue
[2024-04-21T14:30:33.982+0000] {logging_mixin.py:188} INFO - [2024-04-21T14:30:33.982+0000] {dagbag.py:540} INFO - Filling up the DagBag from /home/airflow/.local/lib/python3.12/site-packages/airflow/example_dags/example_kubernetes_executor.py
[2024-04-21T14:30:33.992+0000] {processor.py:840} INFO - DAG(s) 'example_kubernetes_executor' retrieved from /home/airflow/.local/lib/python3.12/site-packages/airflow/example_dags/example_kubernetes_executor.py
[2024-04-21T14:30:34.072+0000] {logging_mixin.py:188} INFO - [2024-04-21T14:30:34.072+0000] {dag.py:3096} INFO - Sync 1 DAGs
[2024-04-21T14:30:34.079+0000] {logging_mixin.py:188} INFO - [2024-04-21T14:30:34.079+0000] {dag.py:3954} INFO - Setting next_dagrun for example_kubernetes_executor to None, run_after=None
[2024-04-21T14:30:34.089+0000] {processor.py:183} INFO - Processing /home/airflow/.local/lib/python3.12/site-packages/airflow/example_dags/example_kubernetes_executor.py took 0.114 seconds
[2024-04-21T14:31:04.914+0000] {processor.py:161} INFO - Started process (PID=857) to work on /home/airflow/.local/lib/python3.12/site-packages/airflow/example_dags/example_kubernetes_executor.py
[2024-04-21T14:31:04.915+0000] {processor.py:830} INFO - Processing file /home/airflow/.local/lib/python3.12/site-packages/airflow/example_dags/example_kubernetes_executor.py for tasks to queue
[2024-04-21T14:31:04.916+0000] {logging_mixin.py:188} INFO - [2024-04-21T14:31:04.916+0000] {dagbag.py:540} INFO - Filling up the DagBag from /home/airflow/.local/lib/python3.12/site-packages/airflow/example_dags/example_kubernetes_executor.py
[2024-04-21T14:31:04.925+0000] {processor.py:840} INFO - DAG(s) 'example_kubernetes_executor' retrieved from /home/airflow/.local/lib/python3.12/site-packages/airflow/example_dags/example_kubernetes_executor.py
[2024-04-21T14:31:04.953+0000] {logging_mixin.py:188} INFO - [2024-04-21T14:31:04.953+0000] {dag.py:3096} INFO - Sync 1 DAGs
[2024-04-21T14:31:04.961+0000] {logging_mixin.py:188} INFO - [2024-04-21T14:31:04.960+0000] {dag.py:3954} INFO - Setting next_dagrun for example_kubernetes_executor to None, run_after=None
[2024-04-21T14:31:04.971+0000] {processor.py:183} INFO - Processing /home/airflow/.local/lib/python3.12/site-packages/airflow/example_dags/example_kubernetes_executor.py took 0.062 seconds
[2024-04-21T14:31:35.409+0000] {processor.py:161} INFO - Started process (PID=1119) to work on /home/airflow/.local/lib/python3.12/site-packages/airflow/example_dags/example_kubernetes_executor.py
[2024-04-21T14:31:35.410+0000] {processor.py:830} INFO - Processing file /home/airflow/.local/lib/python3.12/site-packages/airflow/example_dags/example_kubernetes_executor.py for tasks to queue
[2024-04-21T14:31:35.411+0000] {logging_mixin.py:188} INFO - [2024-04-21T14:31:35.411+0000] {dagbag.py:540} INFO - Filling up the DagBag from /home/airflow/.local/lib/python3.12/site-packages/airflow/example_dags/example_kubernetes_executor.py
[2024-04-21T14:31:35.420+0000] {processor.py:840} INFO - DAG(s) 'example_kubernetes_executor' retrieved from /home/airflow/.local/lib/python3.12/site-packages/airflow/example_dags/example_kubernetes_executor.py
[2024-04-21T14:31:35.453+0000] {logging_mixin.py:188} INFO - [2024-04-21T14:31:35.453+0000] {dag.py:3096} INFO - Sync 1 DAGs
[2024-04-21T14:31:35.461+0000] {logging_mixin.py:188} INFO - [2024-04-21T14:31:35.461+0000] {dag.py:3954} INFO - Setting next_dagrun for example_kubernetes_executor to None, run_after=None
[2024-04-21T14:31:35.472+0000] {processor.py:183} INFO - Processing /home/airflow/.local/lib/python3.12/site-packages/airflow/example_dags/example_kubernetes_executor.py took 0.067 seconds
[2024-04-21T14:32:06.085+0000] {processor.py:161} INFO - Started process (PID=1378) to work on /home/airflow/.local/lib/python3.12/site-packages/airflow/example_dags/example_kubernetes_executor.py
[2024-04-21T14:32:06.086+0000] {processor.py:830} INFO - Processing file /home/airflow/.local/lib/python3.12/site-packages/airflow/example_dags/example_kubernetes_executor.py for tasks to queue
[2024-04-21T14:32:06.088+0000] {logging_mixin.py:188} INFO - [2024-04-21T14:32:06.087+0000] {dagbag.py:540} INFO - Filling up the DagBag from /home/airflow/.local/lib/python3.12/site-packages/airflow/example_dags/example_kubernetes_executor.py
[2024-04-21T14:32:06.095+0000] {processor.py:840} INFO - DAG(s) 'example_kubernetes_executor' retrieved from /home/airflow/.local/lib/python3.12/site-packages/airflow/example_dags/example_kubernetes_executor.py
[2024-04-21T14:32:06.124+0000] {logging_mixin.py:188} INFO - [2024-04-21T14:32:06.124+0000] {dag.py:3096} INFO - Sync 1 DAGs
[2024-04-21T14:32:06.131+0000] {logging_mixin.py:188} INFO - [2024-04-21T14:32:06.131+0000] {dag.py:3954} INFO - Setting next_dagrun for example_kubernetes_executor to None, run_after=None
[2024-04-21T14:32:06.142+0000] {processor.py:183} INFO - Processing /home/airflow/.local/lib/python3.12/site-packages/airflow/example_dags/example_kubernetes_executor.py took 0.061 seconds
[2024-04-21T14:32:36.517+0000] {processor.py:161} INFO - Started process (PID=1642) to work on /home/airflow/.local/lib/python3.12/site-packages/airflow/example_dags/example_kubernetes_executor.py
[2024-04-21T14:32:36.518+0000] {processor.py:830} INFO - Processing file /home/airflow/.local/lib/python3.12/site-packages/airflow/example_dags/example_kubernetes_executor.py for tasks to queue
[2024-04-21T14:32:36.519+0000] {logging_mixin.py:188} INFO - [2024-04-21T14:32:36.519+0000] {dagbag.py:540} INFO - Filling up the DagBag from /home/airflow/.local/lib/python3.12/site-packages/airflow/example_dags/example_kubernetes_executor.py
[2024-04-21T14:32:36.527+0000] {processor.py:840} INFO - DAG(s) 'example_kubernetes_executor' retrieved from /home/airflow/.local/lib/python3.12/site-packages/airflow/example_dags/example_kubernetes_executor.py
[2024-04-21T14:32:36.556+0000] {logging_mixin.py:188} INFO - [2024-04-21T14:32:36.556+0000] {dag.py:3096} INFO - Sync 1 DAGs
[2024-04-21T14:32:36.563+0000] {logging_mixin.py:188} INFO - [2024-04-21T14:32:36.563+0000] {dag.py:3954} INFO - Setting next_dagrun for example_kubernetes_executor to None, run_after=None
[2024-04-21T14:32:36.573+0000] {processor.py:183} INFO - Processing /home/airflow/.local/lib/python3.12/site-packages/airflow/example_dags/example_kubernetes_executor.py took 0.060 seconds
[2024-04-21T14:33:06.972+0000] {processor.py:161} INFO - Started process (PID=1904) to work on /home/airflow/.local/lib/python3.12/site-packages/airflow/example_dags/example_kubernetes_executor.py
[2024-04-21T14:33:06.973+0000] {processor.py:830} INFO - Processing file /home/airflow/.local/lib/python3.12/site-packages/airflow/example_dags/example_kubernetes_executor.py for tasks to queue
[2024-04-21T14:33:06.974+0000] {logging_mixin.py:188} INFO - [2024-04-21T14:33:06.974+0000] {dagbag.py:540} INFO - Filling up the DagBag from /home/airflow/.local/lib/python3.12/site-packages/airflow/example_dags/example_kubernetes_executor.py
[2024-04-21T14:33:06.983+0000] {processor.py:840} INFO - DAG(s) 'example_kubernetes_executor' retrieved from /home/airflow/.local/lib/python3.12/site-packages/airflow/example_dags/example_kubernetes_executor.py
[2024-04-21T14:33:07.012+0000] {logging_mixin.py:188} INFO - [2024-04-21T14:33:07.012+0000] {dag.py:3096} INFO - Sync 1 DAGs
[2024-04-21T14:33:07.019+0000] {logging_mixin.py:188} INFO - [2024-04-21T14:33:07.019+0000] {dag.py:3954} INFO - Setting next_dagrun for example_kubernetes_executor to None, run_after=None
[2024-04-21T14:33:07.030+0000] {processor.py:183} INFO - Processing /home/airflow/.local/lib/python3.12/site-packages/airflow/example_dags/example_kubernetes_executor.py took 0.063 seconds
[2024-04-21T14:33:37.639+0000] {processor.py:161} INFO - Started process (PID=2167) to work on /home/airflow/.local/lib/python3.12/site-packages/airflow/example_dags/example_kubernetes_executor.py
[2024-04-21T14:33:37.640+0000] {processor.py:830} INFO - Processing file /home/airflow/.local/lib/python3.12/site-packages/airflow/example_dags/example_kubernetes_executor.py for tasks to queue
[2024-04-21T14:33:37.642+0000] {logging_mixin.py:188} INFO - [2024-04-21T14:33:37.641+0000] {dagbag.py:540} INFO - Filling up the DagBag from /home/airflow/.local/lib/python3.12/site-packages/airflow/example_dags/example_kubernetes_executor.py
[2024-04-21T14:33:37.650+0000] {processor.py:840} INFO - DAG(s) 'example_kubernetes_executor' retrieved from /home/airflow/.local/lib/python3.12/site-packages/airflow/example_dags/example_kubernetes_executor.py
[2024-04-21T14:33:37.680+0000] {logging_mixin.py:188} INFO - [2024-04-21T14:33:37.679+0000] {dag.py:3096} INFO - Sync 1 DAGs
[2024-04-21T14:33:37.687+0000] {logging_mixin.py:188} INFO - [2024-04-21T14:33:37.687+0000] {dag.py:3954} INFO - Setting next_dagrun for example_kubernetes_executor to None, run_after=None
[2024-04-21T14:33:37.696+0000] {processor.py:183} INFO - Processing /home/airflow/.local/lib/python3.12/site-packages/airflow/example_dags/example_kubernetes_executor.py took 0.061 seconds
[2024-04-21T14:34:08.342+0000] {processor.py:161} INFO - Started process (PID=2429) to work on /home/airflow/.local/lib/python3.12/site-packages/airflow/example_dags/example_kubernetes_executor.py
[2024-04-21T14:34:08.343+0000] {processor.py:830} INFO - Processing file /home/airflow/.local/lib/python3.12/site-packages/airflow/example_dags/example_kubernetes_executor.py for tasks to queue
[2024-04-21T14:34:08.344+0000] {logging_mixin.py:188} INFO - [2024-04-21T14:34:08.344+0000] {dagbag.py:540} INFO - Filling up the DagBag from /home/airflow/.local/lib/python3.12/site-packages/airflow/example_dags/example_kubernetes_executor.py
[2024-04-21T14:34:08.353+0000] {processor.py:840} INFO - DAG(s) 'example_kubernetes_executor' retrieved from /home/airflow/.local/lib/python3.12/site-packages/airflow/example_dags/example_kubernetes_executor.py
[2024-04-21T14:34:08.388+0000] {logging_mixin.py:188} INFO - [2024-04-21T14:34:08.387+0000] {dag.py:3096} INFO - Sync 1 DAGs
[2024-04-21T14:34:08.414+0000] {logging_mixin.py:188} INFO - [2024-04-21T14:34:08.414+0000] {dag.py:3954} INFO - Setting next_dagrun for example_kubernetes_executor to None, run_after=None
[2024-04-21T14:34:08.427+0000] {processor.py:183} INFO - Processing /home/airflow/.local/lib/python3.12/site-packages/airflow/example_dags/example_kubernetes_executor.py took 0.090 seconds
[2024-04-21T14:34:38.487+0000] {processor.py:161} INFO - Started process (PID=2689) to work on /home/airflow/.local/lib/python3.12/site-packages/airflow/example_dags/example_kubernetes_executor.py
[2024-04-21T14:34:38.488+0000] {processor.py:830} INFO - Processing file /home/airflow/.local/lib/python3.12/site-packages/airflow/example_dags/example_kubernetes_executor.py for tasks to queue
[2024-04-21T14:34:38.489+0000] {logging_mixin.py:188} INFO - [2024-04-21T14:34:38.489+0000] {dagbag.py:540} INFO - Filling up the DagBag from /home/airflow/.local/lib/python3.12/site-packages/airflow/example_dags/example_kubernetes_executor.py
[2024-04-21T14:34:38.498+0000] {processor.py:840} INFO - DAG(s) 'example_kubernetes_executor' retrieved from /home/airflow/.local/lib/python3.12/site-packages/airflow/example_dags/example_kubernetes_executor.py
[2024-04-21T14:34:38.529+0000] {logging_mixin.py:188} INFO - [2024-04-21T14:34:38.528+0000] {dag.py:3096} INFO - Sync 1 DAGs
[2024-04-21T14:34:38.536+0000] {logging_mixin.py:188} INFO - [2024-04-21T14:34:38.536+0000] {dag.py:3954} INFO - Setting next_dagrun for example_kubernetes_executor to None, run_after=None
[2024-04-21T14:34:38.546+0000] {processor.py:183} INFO - Processing /home/airflow/.local/lib/python3.12/site-packages/airflow/example_dags/example_kubernetes_executor.py took 0.064 seconds
[2024-04-21T14:36:11.010+0000] {processor.py:161} INFO - Started process (PID=2960) to work on /home/airflow/.local/lib/python3.12/site-packages/airflow/example_dags/example_kubernetes_executor.py
[2024-04-21T14:36:11.011+0000] {processor.py:830} INFO - Processing file /home/airflow/.local/lib/python3.12/site-packages/airflow/example_dags/example_kubernetes_executor.py for tasks to queue
[2024-04-21T14:36:11.012+0000] {logging_mixin.py:188} INFO - [2024-04-21T14:36:11.011+0000] {dagbag.py:540} INFO - Filling up the DagBag from /home/airflow/.local/lib/python3.12/site-packages/airflow/example_dags/example_kubernetes_executor.py
[2024-04-21T14:36:11.019+0000] {processor.py:840} INFO - DAG(s) 'example_kubernetes_executor' retrieved from /home/airflow/.local/lib/python3.12/site-packages/airflow/example_dags/example_kubernetes_executor.py
[2024-04-21T14:36:11.045+0000] {logging_mixin.py:188} INFO - [2024-04-21T14:36:11.045+0000] {dag.py:3096} INFO - Sync 1 DAGs
[2024-04-21T14:36:11.051+0000] {logging_mixin.py:188} INFO - [2024-04-21T14:36:11.051+0000] {dag.py:3954} INFO - Setting next_dagrun for example_kubernetes_executor to None, run_after=None
[2024-04-21T14:36:11.059+0000] {processor.py:183} INFO - Processing /home/airflow/.local/lib/python3.12/site-packages/airflow/example_dags/example_kubernetes_executor.py took 0.052 seconds
[2024-04-21T14:36:42.008+0000] {processor.py:161} INFO - Started process (PID=3227) to work on /home/airflow/.local/lib/python3.12/site-packages/airflow/example_dags/example_kubernetes_executor.py
[2024-04-21T14:36:42.008+0000] {processor.py:830} INFO - Processing file /home/airflow/.local/lib/python3.12/site-packages/airflow/example_dags/example_kubernetes_executor.py for tasks to queue
[2024-04-21T14:36:42.009+0000] {logging_mixin.py:188} INFO - [2024-04-21T14:36:42.009+0000] {dagbag.py:540} INFO - Filling up the DagBag from /home/airflow/.local/lib/python3.12/site-packages/airflow/example_dags/example_kubernetes_executor.py
[2024-04-21T14:36:42.015+0000] {processor.py:840} INFO - DAG(s) 'example_kubernetes_executor' retrieved from /home/airflow/.local/lib/python3.12/site-packages/airflow/example_dags/example_kubernetes_executor.py
[2024-04-21T14:36:42.034+0000] {logging_mixin.py:188} INFO - [2024-04-21T14:36:42.034+0000] {dag.py:3096} INFO - Sync 1 DAGs
[2024-04-21T14:36:42.039+0000] {logging_mixin.py:188} INFO - [2024-04-21T14:36:42.039+0000] {dag.py:3954} INFO - Setting next_dagrun for example_kubernetes_executor to None, run_after=None
[2024-04-21T14:36:42.046+0000] {processor.py:183} INFO - Processing /home/airflow/.local/lib/python3.12/site-packages/airflow/example_dags/example_kubernetes_executor.py took 0.041 seconds
[2024-04-21T14:37:12.302+0000] {processor.py:161} INFO - Started process (PID=3494) to work on /home/airflow/.local/lib/python3.12/site-packages/airflow/example_dags/example_kubernetes_executor.py
[2024-04-21T14:37:12.303+0000] {processor.py:830} INFO - Processing file /home/airflow/.local/lib/python3.12/site-packages/airflow/example_dags/example_kubernetes_executor.py for tasks to queue
[2024-04-21T14:37:12.304+0000] {logging_mixin.py:188} INFO - [2024-04-21T14:37:12.304+0000] {dagbag.py:540} INFO - Filling up the DagBag from /home/airflow/.local/lib/python3.12/site-packages/airflow/example_dags/example_kubernetes_executor.py
[2024-04-21T14:37:12.310+0000] {processor.py:840} INFO - DAG(s) 'example_kubernetes_executor' retrieved from /home/airflow/.local/lib/python3.12/site-packages/airflow/example_dags/example_kubernetes_executor.py
[2024-04-21T14:37:12.331+0000] {logging_mixin.py:188} INFO - [2024-04-21T14:37:12.331+0000] {dag.py:3096} INFO - Sync 1 DAGs
[2024-04-21T14:37:12.337+0000] {logging_mixin.py:188} INFO - [2024-04-21T14:37:12.337+0000] {dag.py:3954} INFO - Setting next_dagrun for example_kubernetes_executor to None, run_after=None
[2024-04-21T14:37:12.345+0000] {processor.py:183} INFO - Processing /home/airflow/.local/lib/python3.12/site-packages/airflow/example_dags/example_kubernetes_executor.py took 0.046 seconds
[2024-04-21T14:37:42.364+0000] {processor.py:161} INFO - Started process (PID=3759) to work on /home/airflow/.local/lib/python3.12/site-packages/airflow/example_dags/example_kubernetes_executor.py
[2024-04-21T14:37:42.364+0000] {processor.py:830} INFO - Processing file /home/airflow/.local/lib/python3.12/site-packages/airflow/example_dags/example_kubernetes_executor.py for tasks to queue
[2024-04-21T14:37:42.365+0000] {logging_mixin.py:188} INFO - [2024-04-21T14:37:42.365+0000] {dagbag.py:540} INFO - Filling up the DagBag from /home/airflow/.local/lib/python3.12/site-packages/airflow/example_dags/example_kubernetes_executor.py
[2024-04-21T14:37:42.370+0000] {processor.py:840} INFO - DAG(s) 'example_kubernetes_executor' retrieved from /home/airflow/.local/lib/python3.12/site-packages/airflow/example_dags/example_kubernetes_executor.py
[2024-04-21T14:37:42.389+0000] {logging_mixin.py:188} INFO - [2024-04-21T14:37:42.389+0000] {dag.py:3096} INFO - Sync 1 DAGs
[2024-04-21T14:37:42.395+0000] {logging_mixin.py:188} INFO - [2024-04-21T14:37:42.395+0000] {dag.py:3954} INFO - Setting next_dagrun for example_kubernetes_executor to None, run_after=None
[2024-04-21T14:37:42.403+0000] {processor.py:183} INFO - Processing /home/airflow/.local/lib/python3.12/site-packages/airflow/example_dags/example_kubernetes_executor.py took 0.042 seconds
[2024-04-21T14:53:48.008+0000] {processor.py:161} INFO - Started process (PID=4028) to work on /home/airflow/.local/lib/python3.12/site-packages/airflow/example_dags/example_kubernetes_executor.py
[2024-04-21T14:53:48.009+0000] {processor.py:830} INFO - Processing file /home/airflow/.local/lib/python3.12/site-packages/airflow/example_dags/example_kubernetes_executor.py for tasks to queue
[2024-04-21T14:53:48.010+0000] {logging_mixin.py:188} INFO - [2024-04-21T14:53:48.010+0000] {dagbag.py:540} INFO - Filling up the DagBag from /home/airflow/.local/lib/python3.12/site-packages/airflow/example_dags/example_kubernetes_executor.py
[2024-04-21T14:53:48.015+0000] {processor.py:840} INFO - DAG(s) 'example_kubernetes_executor' retrieved from /home/airflow/.local/lib/python3.12/site-packages/airflow/example_dags/example_kubernetes_executor.py
[2024-04-21T14:53:48.034+0000] {logging_mixin.py:188} INFO - [2024-04-21T14:53:48.034+0000] {dag.py:3096} INFO - Sync 1 DAGs
[2024-04-21T14:53:48.040+0000] {logging_mixin.py:188} INFO - [2024-04-21T14:53:48.040+0000] {dag.py:3954} INFO - Setting next_dagrun for example_kubernetes_executor to None, run_after=None
[2024-04-21T14:53:48.046+0000] {processor.py:183} INFO - Processing /home/airflow/.local/lib/python3.12/site-packages/airflow/example_dags/example_kubernetes_executor.py took 0.041 seconds
[2024-04-21T14:54:18.869+0000] {processor.py:161} INFO - Started process (PID=4297) to work on /home/airflow/.local/lib/python3.12/site-packages/airflow/example_dags/example_kubernetes_executor.py
[2024-04-21T14:54:18.870+0000] {processor.py:830} INFO - Processing file /home/airflow/.local/lib/python3.12/site-packages/airflow/example_dags/example_kubernetes_executor.py for tasks to queue
[2024-04-21T14:54:18.871+0000] {logging_mixin.py:188} INFO - [2024-04-21T14:54:18.871+0000] {dagbag.py:540} INFO - Filling up the DagBag from /home/airflow/.local/lib/python3.12/site-packages/airflow/example_dags/example_kubernetes_executor.py
[2024-04-21T14:54:18.877+0000] {processor.py:840} INFO - DAG(s) 'example_kubernetes_executor' retrieved from /home/airflow/.local/lib/python3.12/site-packages/airflow/example_dags/example_kubernetes_executor.py
[2024-04-21T14:54:18.896+0000] {logging_mixin.py:188} INFO - [2024-04-21T14:54:18.896+0000] {dag.py:3096} INFO - Sync 1 DAGs
[2024-04-21T14:54:18.901+0000] {logging_mixin.py:188} INFO - [2024-04-21T14:54:18.901+0000] {dag.py:3954} INFO - Setting next_dagrun for example_kubernetes_executor to None, run_after=None
[2024-04-21T14:54:18.908+0000] {processor.py:183} INFO - Processing /home/airflow/.local/lib/python3.12/site-packages/airflow/example_dags/example_kubernetes_executor.py took 0.042 seconds
[2024-04-21T14:54:48.943+0000] {processor.py:161} INFO - Started process (PID=4564) to work on /home/airflow/.local/lib/python3.12/site-packages/airflow/example_dags/example_kubernetes_executor.py
[2024-04-21T14:54:48.943+0000] {processor.py:830} INFO - Processing file /home/airflow/.local/lib/python3.12/site-packages/airflow/example_dags/example_kubernetes_executor.py for tasks to queue
[2024-04-21T14:54:48.944+0000] {logging_mixin.py:188} INFO - [2024-04-21T14:54:48.944+0000] {dagbag.py:540} INFO - Filling up the DagBag from /home/airflow/.local/lib/python3.12/site-packages/airflow/example_dags/example_kubernetes_executor.py
[2024-04-21T14:54:48.950+0000] {processor.py:840} INFO - DAG(s) 'example_kubernetes_executor' retrieved from /home/airflow/.local/lib/python3.12/site-packages/airflow/example_dags/example_kubernetes_executor.py
[2024-04-21T14:54:48.971+0000] {logging_mixin.py:188} INFO - [2024-04-21T14:54:48.970+0000] {dag.py:3096} INFO - Sync 1 DAGs
[2024-04-21T14:54:48.976+0000] {logging_mixin.py:188} INFO - [2024-04-21T14:54:48.976+0000] {dag.py:3954} INFO - Setting next_dagrun for example_kubernetes_executor to None, run_after=None
[2024-04-21T14:54:48.983+0000] {processor.py:183} INFO - Processing /home/airflow/.local/lib/python3.12/site-packages/airflow/example_dags/example_kubernetes_executor.py took 0.043 seconds
[2024-04-21T14:55:19.870+0000] {processor.py:161} INFO - Started process (PID=4829) to work on /home/airflow/.local/lib/python3.12/site-packages/airflow/example_dags/example_kubernetes_executor.py
[2024-04-21T14:55:19.871+0000] {processor.py:830} INFO - Processing file /home/airflow/.local/lib/python3.12/site-packages/airflow/example_dags/example_kubernetes_executor.py for tasks to queue
[2024-04-21T14:55:19.872+0000] {logging_mixin.py:188} INFO - [2024-04-21T14:55:19.871+0000] {dagbag.py:540} INFO - Filling up the DagBag from /home/airflow/.local/lib/python3.12/site-packages/airflow/example_dags/example_kubernetes_executor.py
[2024-04-21T14:55:19.877+0000] {processor.py:840} INFO - DAG(s) 'example_kubernetes_executor' retrieved from /home/airflow/.local/lib/python3.12/site-packages/airflow/example_dags/example_kubernetes_executor.py
[2024-04-21T14:55:19.897+0000] {logging_mixin.py:188} INFO - [2024-04-21T14:55:19.896+0000] {dag.py:3096} INFO - Sync 1 DAGs
[2024-04-21T14:55:19.902+0000] {logging_mixin.py:188} INFO - [2024-04-21T14:55:19.902+0000] {dag.py:3954} INFO - Setting next_dagrun for example_kubernetes_executor to None, run_after=None
[2024-04-21T14:55:19.909+0000] {processor.py:183} INFO - Processing /home/airflow/.local/lib/python3.12/site-packages/airflow/example_dags/example_kubernetes_executor.py took 0.042 seconds
[2024-04-21T14:55:50.722+0000] {processor.py:161} INFO - Started process (PID=5096) to work on /home/airflow/.local/lib/python3.12/site-packages/airflow/example_dags/example_kubernetes_executor.py
[2024-04-21T14:55:50.722+0000] {processor.py:830} INFO - Processing file /home/airflow/.local/lib/python3.12/site-packages/airflow/example_dags/example_kubernetes_executor.py for tasks to queue
[2024-04-21T14:55:50.724+0000] {logging_mixin.py:188} INFO - [2024-04-21T14:55:50.723+0000] {dagbag.py:540} INFO - Filling up the DagBag from /home/airflow/.local/lib/python3.12/site-packages/airflow/example_dags/example_kubernetes_executor.py
[2024-04-21T14:55:50.729+0000] {processor.py:840} INFO - DAG(s) 'example_kubernetes_executor' retrieved from /home/airflow/.local/lib/python3.12/site-packages/airflow/example_dags/example_kubernetes_executor.py
[2024-04-21T14:55:50.749+0000] {logging_mixin.py:188} INFO - [2024-04-21T14:55:50.748+0000] {dag.py:3096} INFO - Sync 1 DAGs
[2024-04-21T14:55:50.754+0000] {logging_mixin.py:188} INFO - [2024-04-21T14:55:50.754+0000] {dag.py:3954} INFO - Setting next_dagrun for example_kubernetes_executor to None, run_after=None
[2024-04-21T14:55:50.762+0000] {processor.py:183} INFO - Processing /home/airflow/.local/lib/python3.12/site-packages/airflow/example_dags/example_kubernetes_executor.py took 0.043 seconds
[2024-04-21T14:56:21.538+0000] {processor.py:161} INFO - Started process (PID=5363) to work on /home/airflow/.local/lib/python3.12/site-packages/airflow/example_dags/example_kubernetes_executor.py
[2024-04-21T14:56:21.538+0000] {processor.py:830} INFO - Processing file /home/airflow/.local/lib/python3.12/site-packages/airflow/example_dags/example_kubernetes_executor.py for tasks to queue
[2024-04-21T14:56:21.539+0000] {logging_mixin.py:188} INFO - [2024-04-21T14:56:21.539+0000] {dagbag.py:540} INFO - Filling up the DagBag from /home/airflow/.local/lib/python3.12/site-packages/airflow/example_dags/example_kubernetes_executor.py
[2024-04-21T14:56:21.545+0000] {processor.py:840} INFO - DAG(s) 'example_kubernetes_executor' retrieved from /home/airflow/.local/lib/python3.12/site-packages/airflow/example_dags/example_kubernetes_executor.py
[2024-04-21T14:56:21.565+0000] {logging_mixin.py:188} INFO - [2024-04-21T14:56:21.564+0000] {dag.py:3096} INFO - Sync 1 DAGs
[2024-04-21T14:56:21.570+0000] {logging_mixin.py:188} INFO - [2024-04-21T14:56:21.570+0000] {dag.py:3954} INFO - Setting next_dagrun for example_kubernetes_executor to None, run_after=None
[2024-04-21T14:56:21.578+0000] {processor.py:183} INFO - Processing /home/airflow/.local/lib/python3.12/site-packages/airflow/example_dags/example_kubernetes_executor.py took 0.043 seconds
[2024-04-21T14:56:52.545+0000] {processor.py:161} INFO - Started process (PID=5630) to work on /home/airflow/.local/lib/python3.12/site-packages/airflow/example_dags/example_kubernetes_executor.py
[2024-04-21T14:56:52.545+0000] {processor.py:830} INFO - Processing file /home/airflow/.local/lib/python3.12/site-packages/airflow/example_dags/example_kubernetes_executor.py for tasks to queue
[2024-04-21T14:56:52.546+0000] {logging_mixin.py:188} INFO - [2024-04-21T14:56:52.546+0000] {dagbag.py:540} INFO - Filling up the DagBag from /home/airflow/.local/lib/python3.12/site-packages/airflow/example_dags/example_kubernetes_executor.py
[2024-04-21T14:56:52.552+0000] {processor.py:840} INFO - DAG(s) 'example_kubernetes_executor' retrieved from /home/airflow/.local/lib/python3.12/site-packages/airflow/example_dags/example_kubernetes_executor.py
[2024-04-21T14:56:52.573+0000] {logging_mixin.py:188} INFO - [2024-04-21T14:56:52.573+0000] {dag.py:3096} INFO - Sync 1 DAGs
[2024-04-21T14:56:52.579+0000] {logging_mixin.py:188} INFO - [2024-04-21T14:56:52.579+0000] {dag.py:3954} INFO - Setting next_dagrun for example_kubernetes_executor to None, run_after=None
[2024-04-21T14:56:52.587+0000] {processor.py:183} INFO - Processing /home/airflow/.local/lib/python3.12/site-packages/airflow/example_dags/example_kubernetes_executor.py took 0.046 seconds
[2024-04-21T14:57:22.629+0000] {processor.py:161} INFO - Started process (PID=5897) to work on /home/airflow/.local/lib/python3.12/site-packages/airflow/example_dags/example_kubernetes_executor.py
[2024-04-21T14:57:22.629+0000] {processor.py:830} INFO - Processing file /home/airflow/.local/lib/python3.12/site-packages/airflow/example_dags/example_kubernetes_executor.py for tasks to queue
[2024-04-21T14:57:22.630+0000] {logging_mixin.py:188} INFO - [2024-04-21T14:57:22.630+0000] {dagbag.py:540} INFO - Filling up the DagBag from /home/airflow/.local/lib/python3.12/site-packages/airflow/example_dags/example_kubernetes_executor.py
[2024-04-21T14:57:22.636+0000] {processor.py:840} INFO - DAG(s) 'example_kubernetes_executor' retrieved from /home/airflow/.local/lib/python3.12/site-packages/airflow/example_dags/example_kubernetes_executor.py
[2024-04-21T14:57:22.655+0000] {logging_mixin.py:188} INFO - [2024-04-21T14:57:22.655+0000] {dag.py:3096} INFO - Sync 1 DAGs
[2024-04-21T14:57:22.661+0000] {logging_mixin.py:188} INFO - [2024-04-21T14:57:22.661+0000] {dag.py:3954} INFO - Setting next_dagrun for example_kubernetes_executor to None, run_after=None
[2024-04-21T14:57:22.668+0000] {processor.py:183} INFO - Processing /home/airflow/.local/lib/python3.12/site-packages/airflow/example_dags/example_kubernetes_executor.py took 0.043 seconds
[2024-04-21T14:57:52.796+0000] {processor.py:161} INFO - Started process (PID=6173) to work on /home/airflow/.local/lib/python3.12/site-packages/airflow/example_dags/example_kubernetes_executor.py
[2024-04-21T14:57:52.797+0000] {processor.py:830} INFO - Processing file /home/airflow/.local/lib/python3.12/site-packages/airflow/example_dags/example_kubernetes_executor.py for tasks to queue
[2024-04-21T14:57:52.798+0000] {logging_mixin.py:188} INFO - [2024-04-21T14:57:52.797+0000] {dagbag.py:540} INFO - Filling up the DagBag from /home/airflow/.local/lib/python3.12/site-packages/airflow/example_dags/example_kubernetes_executor.py
[2024-04-21T14:57:52.804+0000] {processor.py:840} INFO - DAG(s) 'example_kubernetes_executor' retrieved from /home/airflow/.local/lib/python3.12/site-packages/airflow/example_dags/example_kubernetes_executor.py
[2024-04-21T14:57:52.824+0000] {logging_mixin.py:188} INFO - [2024-04-21T14:57:52.824+0000] {dag.py:3096} INFO - Sync 1 DAGs
[2024-04-21T14:57:52.830+0000] {logging_mixin.py:188} INFO - [2024-04-21T14:57:52.830+0000] {dag.py:3954} INFO - Setting next_dagrun for example_kubernetes_executor to None, run_after=None
[2024-04-21T14:57:52.838+0000] {processor.py:183} INFO - Processing /home/airflow/.local/lib/python3.12/site-packages/airflow/example_dags/example_kubernetes_executor.py took 0.045 seconds
[2024-04-21T14:58:23.826+0000] {processor.py:161} INFO - Started process (PID=6439) to work on /home/airflow/.local/lib/python3.12/site-packages/airflow/example_dags/example_kubernetes_executor.py
[2024-04-21T14:58:23.827+0000] {processor.py:830} INFO - Processing file /home/airflow/.local/lib/python3.12/site-packages/airflow/example_dags/example_kubernetes_executor.py for tasks to queue
[2024-04-21T14:58:23.828+0000] {logging_mixin.py:188} INFO - [2024-04-21T14:58:23.828+0000] {dagbag.py:540} INFO - Filling up the DagBag from /home/airflow/.local/lib/python3.12/site-packages/airflow/example_dags/example_kubernetes_executor.py
[2024-04-21T14:58:23.834+0000] {processor.py:840} INFO - DAG(s) 'example_kubernetes_executor' retrieved from /home/airflow/.local/lib/python3.12/site-packages/airflow/example_dags/example_kubernetes_executor.py
[2024-04-21T14:58:23.856+0000] {logging_mixin.py:188} INFO - [2024-04-21T14:58:23.855+0000] {dag.py:3096} INFO - Sync 1 DAGs
[2024-04-21T14:58:23.862+0000] {logging_mixin.py:188} INFO - [2024-04-21T14:58:23.862+0000] {dag.py:3954} INFO - Setting next_dagrun for example_kubernetes_executor to None, run_after=None
[2024-04-21T14:58:23.871+0000] {processor.py:183} INFO - Processing /home/airflow/.local/lib/python3.12/site-packages/airflow/example_dags/example_kubernetes_executor.py took 0.049 seconds
[2024-04-21T14:58:54.394+0000] {processor.py:161} INFO - Started process (PID=6712) to work on /home/airflow/.local/lib/python3.12/site-packages/airflow/example_dags/example_kubernetes_executor.py
[2024-04-21T14:58:54.395+0000] {processor.py:830} INFO - Processing file /home/airflow/.local/lib/python3.12/site-packages/airflow/example_dags/example_kubernetes_executor.py for tasks to queue
[2024-04-21T14:58:54.396+0000] {logging_mixin.py:188} INFO - [2024-04-21T14:58:54.395+0000] {dagbag.py:540} INFO - Filling up the DagBag from /home/airflow/.local/lib/python3.12/site-packages/airflow/example_dags/example_kubernetes_executor.py
[2024-04-21T14:58:54.401+0000] {processor.py:840} INFO - DAG(s) 'example_kubernetes_executor' retrieved from /home/airflow/.local/lib/python3.12/site-packages/airflow/example_dags/example_kubernetes_executor.py
[2024-04-21T14:58:54.421+0000] {logging_mixin.py:188} INFO - [2024-04-21T14:58:54.421+0000] {dag.py:3096} INFO - Sync 1 DAGs
[2024-04-21T14:58:54.426+0000] {logging_mixin.py:188} INFO - [2024-04-21T14:58:54.426+0000] {dag.py:3954} INFO - Setting next_dagrun for example_kubernetes_executor to None, run_after=None
[2024-04-21T14:58:54.434+0000] {processor.py:183} INFO - Processing /home/airflow/.local/lib/python3.12/site-packages/airflow/example_dags/example_kubernetes_executor.py took 0.043 seconds
[2024-04-21T14:59:25.138+0000] {processor.py:161} INFO - Started process (PID=6985) to work on /home/airflow/.local/lib/python3.12/site-packages/airflow/example_dags/example_kubernetes_executor.py
[2024-04-21T14:59:25.138+0000] {processor.py:830} INFO - Processing file /home/airflow/.local/lib/python3.12/site-packages/airflow/example_dags/example_kubernetes_executor.py for tasks to queue
[2024-04-21T14:59:25.139+0000] {logging_mixin.py:188} INFO - [2024-04-21T14:59:25.139+0000] {dagbag.py:540} INFO - Filling up the DagBag from /home/airflow/.local/lib/python3.12/site-packages/airflow/example_dags/example_kubernetes_executor.py
[2024-04-21T14:59:25.145+0000] {processor.py:840} INFO - DAG(s) 'example_kubernetes_executor' retrieved from /home/airflow/.local/lib/python3.12/site-packages/airflow/example_dags/example_kubernetes_executor.py
[2024-04-21T14:59:25.165+0000] {logging_mixin.py:188} INFO - [2024-04-21T14:59:25.165+0000] {dag.py:3096} INFO - Sync 1 DAGs
[2024-04-21T14:59:25.170+0000] {logging_mixin.py:188} INFO - [2024-04-21T14:59:25.170+0000] {dag.py:3954} INFO - Setting next_dagrun for example_kubernetes_executor to None, run_after=None
[2024-04-21T14:59:25.177+0000] {processor.py:183} INFO - Processing /home/airflow/.local/lib/python3.12/site-packages/airflow/example_dags/example_kubernetes_executor.py took 0.043 seconds
[2024-04-21T14:59:55.936+0000] {processor.py:161} INFO - Started process (PID=7252) to work on /home/airflow/.local/lib/python3.12/site-packages/airflow/example_dags/example_kubernetes_executor.py
[2024-04-21T14:59:55.937+0000] {processor.py:830} INFO - Processing file /home/airflow/.local/lib/python3.12/site-packages/airflow/example_dags/example_kubernetes_executor.py for tasks to queue
[2024-04-21T14:59:55.938+0000] {logging_mixin.py:188} INFO - [2024-04-21T14:59:55.938+0000] {dagbag.py:540} INFO - Filling up the DagBag from /home/airflow/.local/lib/python3.12/site-packages/airflow/example_dags/example_kubernetes_executor.py
[2024-04-21T14:59:55.944+0000] {processor.py:840} INFO - DAG(s) 'example_kubernetes_executor' retrieved from /home/airflow/.local/lib/python3.12/site-packages/airflow/example_dags/example_kubernetes_executor.py
[2024-04-21T14:59:55.963+0000] {logging_mixin.py:188} INFO - [2024-04-21T14:59:55.963+0000] {dag.py:3096} INFO - Sync 1 DAGs
[2024-04-21T14:59:55.968+0000] {logging_mixin.py:188} INFO - [2024-04-21T14:59:55.968+0000] {dag.py:3954} INFO - Setting next_dagrun for example_kubernetes_executor to None, run_after=None
[2024-04-21T14:59:55.975+0000] {processor.py:183} INFO - Processing /home/airflow/.local/lib/python3.12/site-packages/airflow/example_dags/example_kubernetes_executor.py took 0.042 seconds
[2024-04-21T15:00:26.837+0000] {processor.py:161} INFO - Started process (PID=7544) to work on /home/airflow/.local/lib/python3.12/site-packages/airflow/example_dags/example_kubernetes_executor.py
[2024-04-21T15:00:26.837+0000] {processor.py:830} INFO - Processing file /home/airflow/.local/lib/python3.12/site-packages/airflow/example_dags/example_kubernetes_executor.py for tasks to queue
[2024-04-21T15:00:26.838+0000] {logging_mixin.py:188} INFO - [2024-04-21T15:00:26.838+0000] {dagbag.py:540} INFO - Filling up the DagBag from /home/airflow/.local/lib/python3.12/site-packages/airflow/example_dags/example_kubernetes_executor.py
[2024-04-21T15:00:26.844+0000] {processor.py:840} INFO - DAG(s) 'example_kubernetes_executor' retrieved from /home/airflow/.local/lib/python3.12/site-packages/airflow/example_dags/example_kubernetes_executor.py
[2024-04-21T15:00:26.864+0000] {logging_mixin.py:188} INFO - [2024-04-21T15:00:26.864+0000] {dag.py:3096} INFO - Sync 1 DAGs
[2024-04-21T15:00:26.869+0000] {logging_mixin.py:188} INFO - [2024-04-21T15:00:26.869+0000] {dag.py:3954} INFO - Setting next_dagrun for example_kubernetes_executor to None, run_after=None
[2024-04-21T15:00:26.876+0000] {processor.py:183} INFO - Processing /home/airflow/.local/lib/python3.12/site-packages/airflow/example_dags/example_kubernetes_executor.py took 0.043 seconds
[2024-04-21T15:00:57.870+0000] {processor.py:161} INFO - Started process (PID=7814) to work on /home/airflow/.local/lib/python3.12/site-packages/airflow/example_dags/example_kubernetes_executor.py
[2024-04-21T15:00:57.870+0000] {processor.py:830} INFO - Processing file /home/airflow/.local/lib/python3.12/site-packages/airflow/example_dags/example_kubernetes_executor.py for tasks to queue
[2024-04-21T15:00:57.871+0000] {logging_mixin.py:188} INFO - [2024-04-21T15:00:57.871+0000] {dagbag.py:540} INFO - Filling up the DagBag from /home/airflow/.local/lib/python3.12/site-packages/airflow/example_dags/example_kubernetes_executor.py
[2024-04-21T15:00:57.877+0000] {processor.py:840} INFO - DAG(s) 'example_kubernetes_executor' retrieved from /home/airflow/.local/lib/python3.12/site-packages/airflow/example_dags/example_kubernetes_executor.py
[2024-04-21T15:00:57.899+0000] {logging_mixin.py:188} INFO - [2024-04-21T15:00:57.899+0000] {dag.py:3096} INFO - Sync 1 DAGs
[2024-04-21T15:00:57.905+0000] {logging_mixin.py:188} INFO - [2024-04-21T15:00:57.905+0000] {dag.py:3954} INFO - Setting next_dagrun for example_kubernetes_executor to None, run_after=None
[2024-04-21T15:00:57.913+0000] {processor.py:183} INFO - Processing /home/airflow/.local/lib/python3.12/site-packages/airflow/example_dags/example_kubernetes_executor.py took 0.047 seconds
[2024-04-21T15:01:28.112+0000] {processor.py:161} INFO - Started process (PID=8083) to work on /home/airflow/.local/lib/python3.12/site-packages/airflow/example_dags/example_kubernetes_executor.py
[2024-04-21T15:01:28.112+0000] {processor.py:830} INFO - Processing file /home/airflow/.local/lib/python3.12/site-packages/airflow/example_dags/example_kubernetes_executor.py for tasks to queue
[2024-04-21T15:01:28.114+0000] {logging_mixin.py:188} INFO - [2024-04-21T15:01:28.113+0000] {dagbag.py:540} INFO - Filling up the DagBag from /home/airflow/.local/lib/python3.12/site-packages/airflow/example_dags/example_kubernetes_executor.py
[2024-04-21T15:01:28.120+0000] {processor.py:840} INFO - DAG(s) 'example_kubernetes_executor' retrieved from /home/airflow/.local/lib/python3.12/site-packages/airflow/example_dags/example_kubernetes_executor.py
[2024-04-21T15:01:28.140+0000] {logging_mixin.py:188} INFO - [2024-04-21T15:01:28.140+0000] {dag.py:3096} INFO - Sync 1 DAGs
[2024-04-21T15:01:28.146+0000] {logging_mixin.py:188} INFO - [2024-04-21T15:01:28.146+0000] {dag.py:3954} INFO - Setting next_dagrun for example_kubernetes_executor to None, run_after=None
[2024-04-21T15:01:28.154+0000] {processor.py:183} INFO - Processing /home/airflow/.local/lib/python3.12/site-packages/airflow/example_dags/example_kubernetes_executor.py took 0.046 seconds
[2024-04-21T15:01:58.180+0000] {processor.py:161} INFO - Started process (PID=8363) to work on /home/airflow/.local/lib/python3.12/site-packages/airflow/example_dags/example_kubernetes_executor.py
[2024-04-21T15:01:58.181+0000] {processor.py:830} INFO - Processing file /home/airflow/.local/lib/python3.12/site-packages/airflow/example_dags/example_kubernetes_executor.py for tasks to queue
[2024-04-21T15:01:58.182+0000] {logging_mixin.py:188} INFO - [2024-04-21T15:01:58.182+0000] {dagbag.py:540} INFO - Filling up the DagBag from /home/airflow/.local/lib/python3.12/site-packages/airflow/example_dags/example_kubernetes_executor.py
[2024-04-21T15:01:58.188+0000] {processor.py:840} INFO - DAG(s) 'example_kubernetes_executor' retrieved from /home/airflow/.local/lib/python3.12/site-packages/airflow/example_dags/example_kubernetes_executor.py
[2024-04-21T15:01:58.207+0000] {logging_mixin.py:188} INFO - [2024-04-21T15:01:58.207+0000] {dag.py:3096} INFO - Sync 1 DAGs
[2024-04-21T15:01:58.213+0000] {logging_mixin.py:188} INFO - [2024-04-21T15:01:58.213+0000] {dag.py:3954} INFO - Setting next_dagrun for example_kubernetes_executor to None, run_after=None
[2024-04-21T15:01:58.220+0000] {processor.py:183} INFO - Processing /home/airflow/.local/lib/python3.12/site-packages/airflow/example_dags/example_kubernetes_executor.py took 0.044 seconds
[2024-04-21T15:02:29.008+0000] {processor.py:161} INFO - Started process (PID=8632) to work on /home/airflow/.local/lib/python3.12/site-packages/airflow/example_dags/example_kubernetes_executor.py
[2024-04-21T15:02:29.009+0000] {processor.py:830} INFO - Processing file /home/airflow/.local/lib/python3.12/site-packages/airflow/example_dags/example_kubernetes_executor.py for tasks to queue
[2024-04-21T15:02:29.010+0000] {logging_mixin.py:188} INFO - [2024-04-21T15:02:29.009+0000] {dagbag.py:540} INFO - Filling up the DagBag from /home/airflow/.local/lib/python3.12/site-packages/airflow/example_dags/example_kubernetes_executor.py
[2024-04-21T15:02:29.016+0000] {processor.py:840} INFO - DAG(s) 'example_kubernetes_executor' retrieved from /home/airflow/.local/lib/python3.12/site-packages/airflow/example_dags/example_kubernetes_executor.py
[2024-04-21T15:02:29.035+0000] {logging_mixin.py:188} INFO - [2024-04-21T15:02:29.035+0000] {dag.py:3096} INFO - Sync 1 DAGs
[2024-04-21T15:02:29.040+0000] {logging_mixin.py:188} INFO - [2024-04-21T15:02:29.040+0000] {dag.py:3954} INFO - Setting next_dagrun for example_kubernetes_executor to None, run_after=None
[2024-04-21T15:02:29.048+0000] {processor.py:183} INFO - Processing /home/airflow/.local/lib/python3.12/site-packages/airflow/example_dags/example_kubernetes_executor.py took 0.043 seconds
[2024-04-21T15:02:59.884+0000] {processor.py:161} INFO - Started process (PID=8908) to work on /home/airflow/.local/lib/python3.12/site-packages/airflow/example_dags/example_kubernetes_executor.py
[2024-04-21T15:02:59.885+0000] {processor.py:830} INFO - Processing file /home/airflow/.local/lib/python3.12/site-packages/airflow/example_dags/example_kubernetes_executor.py for tasks to queue
[2024-04-21T15:02:59.886+0000] {logging_mixin.py:188} INFO - [2024-04-21T15:02:59.886+0000] {dagbag.py:540} INFO - Filling up the DagBag from /home/airflow/.local/lib/python3.12/site-packages/airflow/example_dags/example_kubernetes_executor.py
[2024-04-21T15:02:59.892+0000] {processor.py:840} INFO - DAG(s) 'example_kubernetes_executor' retrieved from /home/airflow/.local/lib/python3.12/site-packages/airflow/example_dags/example_kubernetes_executor.py
[2024-04-21T15:02:59.912+0000] {logging_mixin.py:188} INFO - [2024-04-21T15:02:59.912+0000] {dag.py:3096} INFO - Sync 1 DAGs
[2024-04-21T15:02:59.918+0000] {logging_mixin.py:188} INFO - [2024-04-21T15:02:59.918+0000] {dag.py:3954} INFO - Setting next_dagrun for example_kubernetes_executor to None, run_after=None
[2024-04-21T15:02:59.927+0000] {processor.py:183} INFO - Processing /home/airflow/.local/lib/python3.12/site-packages/airflow/example_dags/example_kubernetes_executor.py took 0.045 seconds
[2024-04-21T15:03:30.781+0000] {processor.py:161} INFO - Started process (PID=9175) to work on /home/airflow/.local/lib/python3.12/site-packages/airflow/example_dags/example_kubernetes_executor.py
[2024-04-21T15:03:30.782+0000] {processor.py:830} INFO - Processing file /home/airflow/.local/lib/python3.12/site-packages/airflow/example_dags/example_kubernetes_executor.py for tasks to queue
[2024-04-21T15:03:30.783+0000] {logging_mixin.py:188} INFO - [2024-04-21T15:03:30.782+0000] {dagbag.py:540} INFO - Filling up the DagBag from /home/airflow/.local/lib/python3.12/site-packages/airflow/example_dags/example_kubernetes_executor.py
[2024-04-21T15:03:30.788+0000] {processor.py:840} INFO - DAG(s) 'example_kubernetes_executor' retrieved from /home/airflow/.local/lib/python3.12/site-packages/airflow/example_dags/example_kubernetes_executor.py
[2024-04-21T15:03:30.808+0000] {logging_mixin.py:188} INFO - [2024-04-21T15:03:30.808+0000] {dag.py:3096} INFO - Sync 1 DAGs
[2024-04-21T15:03:30.813+0000] {logging_mixin.py:188} INFO - [2024-04-21T15:03:30.813+0000] {dag.py:3954} INFO - Setting next_dagrun for example_kubernetes_executor to None, run_after=None
[2024-04-21T15:03:30.820+0000] {processor.py:183} INFO - Processing /home/airflow/.local/lib/python3.12/site-packages/airflow/example_dags/example_kubernetes_executor.py took 0.042 seconds
[2024-04-21T15:04:01.718+0000] {processor.py:161} INFO - Started process (PID=9442) to work on /home/airflow/.local/lib/python3.12/site-packages/airflow/example_dags/example_kubernetes_executor.py
[2024-04-21T15:04:01.718+0000] {processor.py:830} INFO - Processing file /home/airflow/.local/lib/python3.12/site-packages/airflow/example_dags/example_kubernetes_executor.py for tasks to queue
[2024-04-21T15:04:01.719+0000] {logging_mixin.py:188} INFO - [2024-04-21T15:04:01.719+0000] {dagbag.py:540} INFO - Filling up the DagBag from /home/airflow/.local/lib/python3.12/site-packages/airflow/example_dags/example_kubernetes_executor.py
[2024-04-21T15:04:01.725+0000] {processor.py:840} INFO - DAG(s) 'example_kubernetes_executor' retrieved from /home/airflow/.local/lib/python3.12/site-packages/airflow/example_dags/example_kubernetes_executor.py
[2024-04-21T15:04:01.744+0000] {logging_mixin.py:188} INFO - [2024-04-21T15:04:01.744+0000] {dag.py:3096} INFO - Sync 1 DAGs
[2024-04-21T15:04:01.750+0000] {logging_mixin.py:188} INFO - [2024-04-21T15:04:01.749+0000] {dag.py:3954} INFO - Setting next_dagrun for example_kubernetes_executor to None, run_after=None
[2024-04-21T15:04:01.757+0000] {processor.py:183} INFO - Processing /home/airflow/.local/lib/python3.12/site-packages/airflow/example_dags/example_kubernetes_executor.py took 0.043 seconds
[2024-04-21T15:04:32.558+0000] {processor.py:161} INFO - Started process (PID=9709) to work on /home/airflow/.local/lib/python3.12/site-packages/airflow/example_dags/example_kubernetes_executor.py
[2024-04-21T15:04:32.559+0000] {processor.py:830} INFO - Processing file /home/airflow/.local/lib/python3.12/site-packages/airflow/example_dags/example_kubernetes_executor.py for tasks to queue
[2024-04-21T15:04:32.560+0000] {logging_mixin.py:188} INFO - [2024-04-21T15:04:32.560+0000] {dagbag.py:540} INFO - Filling up the DagBag from /home/airflow/.local/lib/python3.12/site-packages/airflow/example_dags/example_kubernetes_executor.py
[2024-04-21T15:04:32.566+0000] {processor.py:840} INFO - DAG(s) 'example_kubernetes_executor' retrieved from /home/airflow/.local/lib/python3.12/site-packages/airflow/example_dags/example_kubernetes_executor.py
[2024-04-21T15:04:32.586+0000] {logging_mixin.py:188} INFO - [2024-04-21T15:04:32.586+0000] {dag.py:3096} INFO - Sync 1 DAGs
[2024-04-21T15:04:32.591+0000] {logging_mixin.py:188} INFO - [2024-04-21T15:04:32.591+0000] {dag.py:3954} INFO - Setting next_dagrun for example_kubernetes_executor to None, run_after=None
[2024-04-21T15:04:32.599+0000] {processor.py:183} INFO - Processing /home/airflow/.local/lib/python3.12/site-packages/airflow/example_dags/example_kubernetes_executor.py took 0.044 seconds
[2024-04-21T15:05:03.428+0000] {processor.py:161} INFO - Started process (PID=9975) to work on /home/airflow/.local/lib/python3.12/site-packages/airflow/example_dags/example_kubernetes_executor.py
[2024-04-21T15:05:03.429+0000] {processor.py:830} INFO - Processing file /home/airflow/.local/lib/python3.12/site-packages/airflow/example_dags/example_kubernetes_executor.py for tasks to queue
[2024-04-21T15:05:03.430+0000] {logging_mixin.py:188} INFO - [2024-04-21T15:05:03.430+0000] {dagbag.py:540} INFO - Filling up the DagBag from /home/airflow/.local/lib/python3.12/site-packages/airflow/example_dags/example_kubernetes_executor.py
[2024-04-21T15:05:03.437+0000] {processor.py:840} INFO - DAG(s) 'example_kubernetes_executor' retrieved from /home/airflow/.local/lib/python3.12/site-packages/airflow/example_dags/example_kubernetes_executor.py
[2024-04-21T15:05:03.457+0000] {logging_mixin.py:188} INFO - [2024-04-21T15:05:03.457+0000] {dag.py:3096} INFO - Sync 1 DAGs
[2024-04-21T15:05:03.463+0000] {logging_mixin.py:188} INFO - [2024-04-21T15:05:03.463+0000] {dag.py:3954} INFO - Setting next_dagrun for example_kubernetes_executor to None, run_after=None
[2024-04-21T15:05:03.472+0000] {processor.py:183} INFO - Processing /home/airflow/.local/lib/python3.12/site-packages/airflow/example_dags/example_kubernetes_executor.py took 0.048 seconds
[2024-04-21T15:05:34.276+0000] {processor.py:161} INFO - Started process (PID=10242) to work on /home/airflow/.local/lib/python3.12/site-packages/airflow/example_dags/example_kubernetes_executor.py
[2024-04-21T15:05:34.276+0000] {processor.py:830} INFO - Processing file /home/airflow/.local/lib/python3.12/site-packages/airflow/example_dags/example_kubernetes_executor.py for tasks to queue
[2024-04-21T15:05:34.277+0000] {logging_mixin.py:188} INFO - [2024-04-21T15:05:34.277+0000] {dagbag.py:540} INFO - Filling up the DagBag from /home/airflow/.local/lib/python3.12/site-packages/airflow/example_dags/example_kubernetes_executor.py
[2024-04-21T15:05:34.283+0000] {processor.py:840} INFO - DAG(s) 'example_kubernetes_executor' retrieved from /home/airflow/.local/lib/python3.12/site-packages/airflow/example_dags/example_kubernetes_executor.py
[2024-04-21T15:05:34.302+0000] {logging_mixin.py:188} INFO - [2024-04-21T15:05:34.302+0000] {dag.py:3096} INFO - Sync 1 DAGs
[2024-04-21T15:05:34.308+0000] {logging_mixin.py:188} INFO - [2024-04-21T15:05:34.308+0000] {dag.py:3954} INFO - Setting next_dagrun for example_kubernetes_executor to None, run_after=None
[2024-04-21T15:05:34.315+0000] {processor.py:183} INFO - Processing /home/airflow/.local/lib/python3.12/site-packages/airflow/example_dags/example_kubernetes_executor.py took 0.043 seconds
[2024-04-21T15:06:05.163+0000] {processor.py:161} INFO - Started process (PID=10511) to work on /home/airflow/.local/lib/python3.12/site-packages/airflow/example_dags/example_kubernetes_executor.py
[2024-04-21T15:06:05.164+0000] {processor.py:830} INFO - Processing file /home/airflow/.local/lib/python3.12/site-packages/airflow/example_dags/example_kubernetes_executor.py for tasks to queue
[2024-04-21T15:06:05.165+0000] {logging_mixin.py:188} INFO - [2024-04-21T15:06:05.165+0000] {dagbag.py:540} INFO - Filling up the DagBag from /home/airflow/.local/lib/python3.12/site-packages/airflow/example_dags/example_kubernetes_executor.py
[2024-04-21T15:06:05.171+0000] {processor.py:840} INFO - DAG(s) 'example_kubernetes_executor' retrieved from /home/airflow/.local/lib/python3.12/site-packages/airflow/example_dags/example_kubernetes_executor.py
[2024-04-21T15:06:05.190+0000] {logging_mixin.py:188} INFO - [2024-04-21T15:06:05.190+0000] {dag.py:3096} INFO - Sync 1 DAGs
[2024-04-21T15:06:05.195+0000] {logging_mixin.py:188} INFO - [2024-04-21T15:06:05.195+0000] {dag.py:3954} INFO - Setting next_dagrun for example_kubernetes_executor to None, run_after=None
[2024-04-21T15:06:05.202+0000] {processor.py:183} INFO - Processing /home/airflow/.local/lib/python3.12/site-packages/airflow/example_dags/example_kubernetes_executor.py took 0.042 seconds
[2024-04-21T15:06:36.063+0000] {processor.py:161} INFO - Started process (PID=10778) to work on /home/airflow/.local/lib/python3.12/site-packages/airflow/example_dags/example_kubernetes_executor.py
[2024-04-21T15:06:36.064+0000] {processor.py:830} INFO - Processing file /home/airflow/.local/lib/python3.12/site-packages/airflow/example_dags/example_kubernetes_executor.py for tasks to queue
[2024-04-21T15:06:36.065+0000] {logging_mixin.py:188} INFO - [2024-04-21T15:06:36.065+0000] {dagbag.py:540} INFO - Filling up the DagBag from /home/airflow/.local/lib/python3.12/site-packages/airflow/example_dags/example_kubernetes_executor.py
[2024-04-21T15:06:36.071+0000] {processor.py:840} INFO - DAG(s) 'example_kubernetes_executor' retrieved from /home/airflow/.local/lib/python3.12/site-packages/airflow/example_dags/example_kubernetes_executor.py
[2024-04-21T15:06:36.091+0000] {logging_mixin.py:188} INFO - [2024-04-21T15:06:36.091+0000] {dag.py:3096} INFO - Sync 1 DAGs
[2024-04-21T15:06:36.096+0000] {logging_mixin.py:188} INFO - [2024-04-21T15:06:36.096+0000] {dag.py:3954} INFO - Setting next_dagrun for example_kubernetes_executor to None, run_after=None
[2024-04-21T15:06:36.104+0000] {processor.py:183} INFO - Processing /home/airflow/.local/lib/python3.12/site-packages/airflow/example_dags/example_kubernetes_executor.py took 0.044 seconds
[2024-04-21T15:07:06.241+0000] {processor.py:161} INFO - Started process (PID=11045) to work on /home/airflow/.local/lib/python3.12/site-packages/airflow/example_dags/example_kubernetes_executor.py
[2024-04-21T15:07:06.242+0000] {processor.py:830} INFO - Processing file /home/airflow/.local/lib/python3.12/site-packages/airflow/example_dags/example_kubernetes_executor.py for tasks to queue
[2024-04-21T15:07:06.243+0000] {logging_mixin.py:188} INFO - [2024-04-21T15:07:06.243+0000] {dagbag.py:540} INFO - Filling up the DagBag from /home/airflow/.local/lib/python3.12/site-packages/airflow/example_dags/example_kubernetes_executor.py
[2024-04-21T15:07:06.249+0000] {processor.py:840} INFO - DAG(s) 'example_kubernetes_executor' retrieved from /home/airflow/.local/lib/python3.12/site-packages/airflow/example_dags/example_kubernetes_executor.py
[2024-04-21T15:07:06.268+0000] {logging_mixin.py:188} INFO - [2024-04-21T15:07:06.268+0000] {dag.py:3096} INFO - Sync 1 DAGs
[2024-04-21T15:07:06.274+0000] {logging_mixin.py:188} INFO - [2024-04-21T15:07:06.274+0000] {dag.py:3954} INFO - Setting next_dagrun for example_kubernetes_executor to None, run_after=None
[2024-04-21T15:07:06.281+0000] {processor.py:183} INFO - Processing /home/airflow/.local/lib/python3.12/site-packages/airflow/example_dags/example_kubernetes_executor.py took 0.043 seconds
[2024-04-21T15:07:36.525+0000] {processor.py:161} INFO - Started process (PID=11334) to work on /home/airflow/.local/lib/python3.12/site-packages/airflow/example_dags/example_kubernetes_executor.py
[2024-04-21T15:07:36.526+0000] {processor.py:830} INFO - Processing file /home/airflow/.local/lib/python3.12/site-packages/airflow/example_dags/example_kubernetes_executor.py for tasks to queue
[2024-04-21T15:07:36.527+0000] {logging_mixin.py:188} INFO - [2024-04-21T15:07:36.527+0000] {dagbag.py:540} INFO - Filling up the DagBag from /home/airflow/.local/lib/python3.12/site-packages/airflow/example_dags/example_kubernetes_executor.py
[2024-04-21T15:07:36.533+0000] {processor.py:840} INFO - DAG(s) 'example_kubernetes_executor' retrieved from /home/airflow/.local/lib/python3.12/site-packages/airflow/example_dags/example_kubernetes_executor.py
[2024-04-21T15:07:36.552+0000] {logging_mixin.py:188} INFO - [2024-04-21T15:07:36.552+0000] {dag.py:3096} INFO - Sync 1 DAGs
[2024-04-21T15:07:36.557+0000] {logging_mixin.py:188} INFO - [2024-04-21T15:07:36.557+0000] {dag.py:3954} INFO - Setting next_dagrun for example_kubernetes_executor to None, run_after=None
[2024-04-21T15:07:36.564+0000] {processor.py:183} INFO - Processing /home/airflow/.local/lib/python3.12/site-packages/airflow/example_dags/example_kubernetes_executor.py took 0.042 seconds
[2024-04-21T15:08:06.616+0000] {processor.py:161} INFO - Started process (PID=11612) to work on /home/airflow/.local/lib/python3.12/site-packages/airflow/example_dags/example_kubernetes_executor.py
[2024-04-21T15:08:06.616+0000] {processor.py:830} INFO - Processing file /home/airflow/.local/lib/python3.12/site-packages/airflow/example_dags/example_kubernetes_executor.py for tasks to queue
[2024-04-21T15:08:06.617+0000] {logging_mixin.py:188} INFO - [2024-04-21T15:08:06.617+0000] {dagbag.py:540} INFO - Filling up the DagBag from /home/airflow/.local/lib/python3.12/site-packages/airflow/example_dags/example_kubernetes_executor.py
[2024-04-21T15:08:06.623+0000] {processor.py:840} INFO - DAG(s) 'example_kubernetes_executor' retrieved from /home/airflow/.local/lib/python3.12/site-packages/airflow/example_dags/example_kubernetes_executor.py
[2024-04-21T15:08:06.644+0000] {logging_mixin.py:188} INFO - [2024-04-21T15:08:06.644+0000] {dag.py:3096} INFO - Sync 1 DAGs
[2024-04-21T15:08:06.649+0000] {logging_mixin.py:188} INFO - [2024-04-21T15:08:06.649+0000] {dag.py:3954} INFO - Setting next_dagrun for example_kubernetes_executor to None, run_after=None
[2024-04-21T15:08:06.656+0000] {processor.py:183} INFO - Processing /home/airflow/.local/lib/python3.12/site-packages/airflow/example_dags/example_kubernetes_executor.py took 0.044 seconds
[2024-04-21T15:08:37.563+0000] {processor.py:161} INFO - Started process (PID=11891) to work on /home/airflow/.local/lib/python3.12/site-packages/airflow/example_dags/example_kubernetes_executor.py
[2024-04-21T15:08:37.564+0000] {processor.py:830} INFO - Processing file /home/airflow/.local/lib/python3.12/site-packages/airflow/example_dags/example_kubernetes_executor.py for tasks to queue
[2024-04-21T15:08:37.565+0000] {logging_mixin.py:188} INFO - [2024-04-21T15:08:37.565+0000] {dagbag.py:540} INFO - Filling up the DagBag from /home/airflow/.local/lib/python3.12/site-packages/airflow/example_dags/example_kubernetes_executor.py
[2024-04-21T15:08:37.571+0000] {processor.py:840} INFO - DAG(s) 'example_kubernetes_executor' retrieved from /home/airflow/.local/lib/python3.12/site-packages/airflow/example_dags/example_kubernetes_executor.py
[2024-04-21T15:08:37.590+0000] {logging_mixin.py:188} INFO - [2024-04-21T15:08:37.590+0000] {dag.py:3096} INFO - Sync 1 DAGs
[2024-04-21T15:08:37.596+0000] {logging_mixin.py:188} INFO - [2024-04-21T15:08:37.596+0000] {dag.py:3954} INFO - Setting next_dagrun for example_kubernetes_executor to None, run_after=None
[2024-04-21T15:08:37.604+0000] {processor.py:183} INFO - Processing /home/airflow/.local/lib/python3.12/site-packages/airflow/example_dags/example_kubernetes_executor.py took 0.044 seconds
[2024-04-21T15:09:08.514+0000] {processor.py:161} INFO - Started process (PID=12159) to work on /home/airflow/.local/lib/python3.12/site-packages/airflow/example_dags/example_kubernetes_executor.py
[2024-04-21T15:09:08.515+0000] {processor.py:830} INFO - Processing file /home/airflow/.local/lib/python3.12/site-packages/airflow/example_dags/example_kubernetes_executor.py for tasks to queue
[2024-04-21T15:09:08.516+0000] {logging_mixin.py:188} INFO - [2024-04-21T15:09:08.515+0000] {dagbag.py:540} INFO - Filling up the DagBag from /home/airflow/.local/lib/python3.12/site-packages/airflow/example_dags/example_kubernetes_executor.py
[2024-04-21T15:09:08.522+0000] {processor.py:840} INFO - DAG(s) 'example_kubernetes_executor' retrieved from /home/airflow/.local/lib/python3.12/site-packages/airflow/example_dags/example_kubernetes_executor.py
[2024-04-21T15:09:08.542+0000] {logging_mixin.py:188} INFO - [2024-04-21T15:09:08.542+0000] {dag.py:3096} INFO - Sync 1 DAGs
[2024-04-21T15:09:08.547+0000] {logging_mixin.py:188} INFO - [2024-04-21T15:09:08.547+0000] {dag.py:3954} INFO - Setting next_dagrun for example_kubernetes_executor to None, run_after=None
[2024-04-21T15:09:08.555+0000] {processor.py:183} INFO - Processing /home/airflow/.local/lib/python3.12/site-packages/airflow/example_dags/example_kubernetes_executor.py took 0.044 seconds
[2024-04-21T15:09:39.284+0000] {processor.py:161} INFO - Started process (PID=12426) to work on /home/airflow/.local/lib/python3.12/site-packages/airflow/example_dags/example_kubernetes_executor.py
[2024-04-21T15:09:39.285+0000] {processor.py:830} INFO - Processing file /home/airflow/.local/lib/python3.12/site-packages/airflow/example_dags/example_kubernetes_executor.py for tasks to queue
[2024-04-21T15:09:39.286+0000] {logging_mixin.py:188} INFO - [2024-04-21T15:09:39.286+0000] {dagbag.py:540} INFO - Filling up the DagBag from /home/airflow/.local/lib/python3.12/site-packages/airflow/example_dags/example_kubernetes_executor.py
[2024-04-21T15:09:39.292+0000] {processor.py:840} INFO - DAG(s) 'example_kubernetes_executor' retrieved from /home/airflow/.local/lib/python3.12/site-packages/airflow/example_dags/example_kubernetes_executor.py
[2024-04-21T15:09:39.313+0000] {logging_mixin.py:188} INFO - [2024-04-21T15:09:39.313+0000] {dag.py:3096} INFO - Sync 1 DAGs
[2024-04-21T15:09:39.319+0000] {logging_mixin.py:188} INFO - [2024-04-21T15:09:39.319+0000] {dag.py:3954} INFO - Setting next_dagrun for example_kubernetes_executor to None, run_after=None
[2024-04-21T15:09:39.328+0000] {processor.py:183} INFO - Processing /home/airflow/.local/lib/python3.12/site-packages/airflow/example_dags/example_kubernetes_executor.py took 0.047 seconds
[2024-04-21T15:10:10.337+0000] {processor.py:161} INFO - Started process (PID=12695) to work on /home/airflow/.local/lib/python3.12/site-packages/airflow/example_dags/example_kubernetes_executor.py
[2024-04-21T15:10:10.338+0000] {processor.py:830} INFO - Processing file /home/airflow/.local/lib/python3.12/site-packages/airflow/example_dags/example_kubernetes_executor.py for tasks to queue
[2024-04-21T15:10:10.339+0000] {logging_mixin.py:188} INFO - [2024-04-21T15:10:10.339+0000] {dagbag.py:540} INFO - Filling up the DagBag from /home/airflow/.local/lib/python3.12/site-packages/airflow/example_dags/example_kubernetes_executor.py
[2024-04-21T15:10:10.345+0000] {processor.py:840} INFO - DAG(s) 'example_kubernetes_executor' retrieved from /home/airflow/.local/lib/python3.12/site-packages/airflow/example_dags/example_kubernetes_executor.py
[2024-04-21T15:10:10.365+0000] {logging_mixin.py:188} INFO - [2024-04-21T15:10:10.364+0000] {dag.py:3096} INFO - Sync 1 DAGs
[2024-04-21T15:10:10.370+0000] {logging_mixin.py:188} INFO - [2024-04-21T15:10:10.370+0000] {dag.py:3954} INFO - Setting next_dagrun for example_kubernetes_executor to None, run_after=None
[2024-04-21T15:10:10.377+0000] {processor.py:183} INFO - Processing /home/airflow/.local/lib/python3.12/site-packages/airflow/example_dags/example_kubernetes_executor.py took 0.042 seconds
[2024-04-21T15:10:40.703+0000] {processor.py:161} INFO - Started process (PID=12967) to work on /home/airflow/.local/lib/python3.12/site-packages/airflow/example_dags/example_kubernetes_executor.py
[2024-04-21T15:10:40.704+0000] {processor.py:830} INFO - Processing file /home/airflow/.local/lib/python3.12/site-packages/airflow/example_dags/example_kubernetes_executor.py for tasks to queue
[2024-04-21T15:10:40.705+0000] {logging_mixin.py:188} INFO - [2024-04-21T15:10:40.705+0000] {dagbag.py:540} INFO - Filling up the DagBag from /home/airflow/.local/lib/python3.12/site-packages/airflow/example_dags/example_kubernetes_executor.py
[2024-04-21T15:10:40.712+0000] {processor.py:840} INFO - DAG(s) 'example_kubernetes_executor' retrieved from /home/airflow/.local/lib/python3.12/site-packages/airflow/example_dags/example_kubernetes_executor.py
[2024-04-21T15:10:40.739+0000] {logging_mixin.py:188} INFO - [2024-04-21T15:10:40.739+0000] {dag.py:3096} INFO - Sync 1 DAGs
[2024-04-21T15:10:40.747+0000] {logging_mixin.py:188} INFO - [2024-04-21T15:10:40.747+0000] {dag.py:3954} INFO - Setting next_dagrun for example_kubernetes_executor to None, run_after=None
[2024-04-21T15:10:40.758+0000] {processor.py:183} INFO - Processing /home/airflow/.local/lib/python3.12/site-packages/airflow/example_dags/example_kubernetes_executor.py took 0.059 seconds
[2024-04-21T15:11:11.648+0000] {processor.py:161} INFO - Started process (PID=13247) to work on /home/airflow/.local/lib/python3.12/site-packages/airflow/example_dags/example_kubernetes_executor.py
[2024-04-21T15:11:11.649+0000] {processor.py:830} INFO - Processing file /home/airflow/.local/lib/python3.12/site-packages/airflow/example_dags/example_kubernetes_executor.py for tasks to queue
[2024-04-21T15:11:11.650+0000] {logging_mixin.py:188} INFO - [2024-04-21T15:11:11.650+0000] {dagbag.py:540} INFO - Filling up the DagBag from /home/airflow/.local/lib/python3.12/site-packages/airflow/example_dags/example_kubernetes_executor.py
[2024-04-21T15:11:11.656+0000] {processor.py:840} INFO - DAG(s) 'example_kubernetes_executor' retrieved from /home/airflow/.local/lib/python3.12/site-packages/airflow/example_dags/example_kubernetes_executor.py
[2024-04-21T15:11:11.676+0000] {logging_mixin.py:188} INFO - [2024-04-21T15:11:11.676+0000] {dag.py:3096} INFO - Sync 1 DAGs
[2024-04-21T15:11:11.682+0000] {logging_mixin.py:188} INFO - [2024-04-21T15:11:11.682+0000] {dag.py:3954} INFO - Setting next_dagrun for example_kubernetes_executor to None, run_after=None
[2024-04-21T15:11:11.690+0000] {processor.py:183} INFO - Processing /home/airflow/.local/lib/python3.12/site-packages/airflow/example_dags/example_kubernetes_executor.py took 0.045 seconds
[2024-04-21T15:11:42.635+0000] {processor.py:161} INFO - Started process (PID=13518) to work on /home/airflow/.local/lib/python3.12/site-packages/airflow/example_dags/example_kubernetes_executor.py
[2024-04-21T15:11:42.635+0000] {processor.py:830} INFO - Processing file /home/airflow/.local/lib/python3.12/site-packages/airflow/example_dags/example_kubernetes_executor.py for tasks to queue
[2024-04-21T15:11:42.636+0000] {logging_mixin.py:188} INFO - [2024-04-21T15:11:42.636+0000] {dagbag.py:540} INFO - Filling up the DagBag from /home/airflow/.local/lib/python3.12/site-packages/airflow/example_dags/example_kubernetes_executor.py
[2024-04-21T15:11:42.642+0000] {processor.py:840} INFO - DAG(s) 'example_kubernetes_executor' retrieved from /home/airflow/.local/lib/python3.12/site-packages/airflow/example_dags/example_kubernetes_executor.py
[2024-04-21T15:11:42.662+0000] {logging_mixin.py:188} INFO - [2024-04-21T15:11:42.662+0000] {dag.py:3096} INFO - Sync 1 DAGs
[2024-04-21T15:11:42.667+0000] {logging_mixin.py:188} INFO - [2024-04-21T15:11:42.667+0000] {dag.py:3954} INFO - Setting next_dagrun for example_kubernetes_executor to None, run_after=None
[2024-04-21T15:11:42.675+0000] {processor.py:183} INFO - Processing /home/airflow/.local/lib/python3.12/site-packages/airflow/example_dags/example_kubernetes_executor.py took 0.043 seconds
[2024-04-21T15:12:13.709+0000] {processor.py:161} INFO - Started process (PID=13800) to work on /home/airflow/.local/lib/python3.12/site-packages/airflow/example_dags/example_kubernetes_executor.py
[2024-04-21T15:12:13.709+0000] {processor.py:830} INFO - Processing file /home/airflow/.local/lib/python3.12/site-packages/airflow/example_dags/example_kubernetes_executor.py for tasks to queue
[2024-04-21T15:12:13.711+0000] {logging_mixin.py:188} INFO - [2024-04-21T15:12:13.710+0000] {dagbag.py:540} INFO - Filling up the DagBag from /home/airflow/.local/lib/python3.12/site-packages/airflow/example_dags/example_kubernetes_executor.py
[2024-04-21T15:12:13.716+0000] {processor.py:840} INFO - DAG(s) 'example_kubernetes_executor' retrieved from /home/airflow/.local/lib/python3.12/site-packages/airflow/example_dags/example_kubernetes_executor.py
[2024-04-21T15:12:13.735+0000] {logging_mixin.py:188} INFO - [2024-04-21T15:12:13.735+0000] {dag.py:3096} INFO - Sync 1 DAGs
[2024-04-21T15:12:13.741+0000] {logging_mixin.py:188} INFO - [2024-04-21T15:12:13.741+0000] {dag.py:3954} INFO - Setting next_dagrun for example_kubernetes_executor to None, run_after=None
[2024-04-21T15:12:13.748+0000] {processor.py:183} INFO - Processing /home/airflow/.local/lib/python3.12/site-packages/airflow/example_dags/example_kubernetes_executor.py took 0.043 seconds
[2024-04-21T15:12:44.433+0000] {processor.py:161} INFO - Started process (PID=14076) to work on /home/airflow/.local/lib/python3.12/site-packages/airflow/example_dags/example_kubernetes_executor.py
[2024-04-21T15:12:44.434+0000] {processor.py:830} INFO - Processing file /home/airflow/.local/lib/python3.12/site-packages/airflow/example_dags/example_kubernetes_executor.py for tasks to queue
[2024-04-21T15:12:44.435+0000] {logging_mixin.py:188} INFO - [2024-04-21T15:12:44.435+0000] {dagbag.py:540} INFO - Filling up the DagBag from /home/airflow/.local/lib/python3.12/site-packages/airflow/example_dags/example_kubernetes_executor.py
[2024-04-21T15:12:44.441+0000] {processor.py:840} INFO - DAG(s) 'example_kubernetes_executor' retrieved from /home/airflow/.local/lib/python3.12/site-packages/airflow/example_dags/example_kubernetes_executor.py
[2024-04-21T15:12:44.461+0000] {logging_mixin.py:188} INFO - [2024-04-21T15:12:44.461+0000] {dag.py:3096} INFO - Sync 1 DAGs
[2024-04-21T15:12:44.467+0000] {logging_mixin.py:188} INFO - [2024-04-21T15:12:44.467+0000] {dag.py:3954} INFO - Setting next_dagrun for example_kubernetes_executor to None, run_after=None
[2024-04-21T15:12:44.475+0000] {processor.py:183} INFO - Processing /home/airflow/.local/lib/python3.12/site-packages/airflow/example_dags/example_kubernetes_executor.py took 0.044 seconds
[2024-04-21T15:13:15.476+0000] {processor.py:161} INFO - Started process (PID=14364) to work on /home/airflow/.local/lib/python3.12/site-packages/airflow/example_dags/example_kubernetes_executor.py
[2024-04-21T15:13:15.477+0000] {processor.py:830} INFO - Processing file /home/airflow/.local/lib/python3.12/site-packages/airflow/example_dags/example_kubernetes_executor.py for tasks to queue
[2024-04-21T15:13:15.478+0000] {logging_mixin.py:188} INFO - [2024-04-21T15:13:15.477+0000] {dagbag.py:540} INFO - Filling up the DagBag from /home/airflow/.local/lib/python3.12/site-packages/airflow/example_dags/example_kubernetes_executor.py
[2024-04-21T15:13:15.483+0000] {processor.py:840} INFO - DAG(s) 'example_kubernetes_executor' retrieved from /home/airflow/.local/lib/python3.12/site-packages/airflow/example_dags/example_kubernetes_executor.py
[2024-04-21T15:13:15.502+0000] {logging_mixin.py:188} INFO - [2024-04-21T15:13:15.502+0000] {dag.py:3096} INFO - Sync 1 DAGs
[2024-04-21T15:13:15.507+0000] {logging_mixin.py:188} INFO - [2024-04-21T15:13:15.507+0000] {dag.py:3954} INFO - Setting next_dagrun for example_kubernetes_executor to None, run_after=None
[2024-04-21T15:13:15.515+0000] {processor.py:183} INFO - Processing /home/airflow/.local/lib/python3.12/site-packages/airflow/example_dags/example_kubernetes_executor.py took 0.042 seconds
[2024-04-21T15:13:46.539+0000] {processor.py:161} INFO - Started process (PID=14630) to work on /home/airflow/.local/lib/python3.12/site-packages/airflow/example_dags/example_kubernetes_executor.py
[2024-04-21T15:13:46.540+0000] {processor.py:830} INFO - Processing file /home/airflow/.local/lib/python3.12/site-packages/airflow/example_dags/example_kubernetes_executor.py for tasks to queue
[2024-04-21T15:13:46.541+0000] {logging_mixin.py:188} INFO - [2024-04-21T15:13:46.540+0000] {dagbag.py:540} INFO - Filling up the DagBag from /home/airflow/.local/lib/python3.12/site-packages/airflow/example_dags/example_kubernetes_executor.py
[2024-04-21T15:13:46.547+0000] {processor.py:840} INFO - DAG(s) 'example_kubernetes_executor' retrieved from /home/airflow/.local/lib/python3.12/site-packages/airflow/example_dags/example_kubernetes_executor.py
[2024-04-21T15:13:46.566+0000] {logging_mixin.py:188} INFO - [2024-04-21T15:13:46.566+0000] {dag.py:3096} INFO - Sync 1 DAGs
[2024-04-21T15:13:46.571+0000] {logging_mixin.py:188} INFO - [2024-04-21T15:13:46.571+0000] {dag.py:3954} INFO - Setting next_dagrun for example_kubernetes_executor to None, run_after=None
[2024-04-21T15:13:46.578+0000] {processor.py:183} INFO - Processing /home/airflow/.local/lib/python3.12/site-packages/airflow/example_dags/example_kubernetes_executor.py took 0.043 seconds
[2024-04-21T15:14:17.638+0000] {processor.py:161} INFO - Started process (PID=14897) to work on /home/airflow/.local/lib/python3.12/site-packages/airflow/example_dags/example_kubernetes_executor.py
[2024-04-21T15:14:17.639+0000] {processor.py:830} INFO - Processing file /home/airflow/.local/lib/python3.12/site-packages/airflow/example_dags/example_kubernetes_executor.py for tasks to queue
[2024-04-21T15:14:17.640+0000] {logging_mixin.py:188} INFO - [2024-04-21T15:14:17.640+0000] {dagbag.py:540} INFO - Filling up the DagBag from /home/airflow/.local/lib/python3.12/site-packages/airflow/example_dags/example_kubernetes_executor.py
[2024-04-21T15:14:17.646+0000] {processor.py:840} INFO - DAG(s) 'example_kubernetes_executor' retrieved from /home/airflow/.local/lib/python3.12/site-packages/airflow/example_dags/example_kubernetes_executor.py
[2024-04-21T15:14:17.667+0000] {logging_mixin.py:188} INFO - [2024-04-21T15:14:17.667+0000] {dag.py:3096} INFO - Sync 1 DAGs
[2024-04-21T15:14:17.672+0000] {logging_mixin.py:188} INFO - [2024-04-21T15:14:17.672+0000] {dag.py:3954} INFO - Setting next_dagrun for example_kubernetes_executor to None, run_after=None
[2024-04-21T15:14:17.679+0000] {processor.py:183} INFO - Processing /home/airflow/.local/lib/python3.12/site-packages/airflow/example_dags/example_kubernetes_executor.py took 0.044 seconds
[2024-04-21T15:14:47.770+0000] {processor.py:161} INFO - Started process (PID=15163) to work on /home/airflow/.local/lib/python3.12/site-packages/airflow/example_dags/example_kubernetes_executor.py
[2024-04-21T15:14:47.771+0000] {processor.py:830} INFO - Processing file /home/airflow/.local/lib/python3.12/site-packages/airflow/example_dags/example_kubernetes_executor.py for tasks to queue
[2024-04-21T15:14:47.772+0000] {logging_mixin.py:188} INFO - [2024-04-21T15:14:47.772+0000] {dagbag.py:540} INFO - Filling up the DagBag from /home/airflow/.local/lib/python3.12/site-packages/airflow/example_dags/example_kubernetes_executor.py
[2024-04-21T15:14:47.778+0000] {processor.py:840} INFO - DAG(s) 'example_kubernetes_executor' retrieved from /home/airflow/.local/lib/python3.12/site-packages/airflow/example_dags/example_kubernetes_executor.py
[2024-04-21T15:14:47.797+0000] {logging_mixin.py:188} INFO - [2024-04-21T15:14:47.797+0000] {dag.py:3096} INFO - Sync 1 DAGs
[2024-04-21T15:14:47.803+0000] {logging_mixin.py:188} INFO - [2024-04-21T15:14:47.802+0000] {dag.py:3954} INFO - Setting next_dagrun for example_kubernetes_executor to None, run_after=None
[2024-04-21T15:14:47.810+0000] {processor.py:183} INFO - Processing /home/airflow/.local/lib/python3.12/site-packages/airflow/example_dags/example_kubernetes_executor.py took 0.042 seconds
[2024-04-21T15:15:17.859+0000] {processor.py:161} INFO - Started process (PID=15430) to work on /home/airflow/.local/lib/python3.12/site-packages/airflow/example_dags/example_kubernetes_executor.py
[2024-04-21T15:15:17.859+0000] {processor.py:830} INFO - Processing file /home/airflow/.local/lib/python3.12/site-packages/airflow/example_dags/example_kubernetes_executor.py for tasks to queue
[2024-04-21T15:15:17.860+0000] {logging_mixin.py:188} INFO - [2024-04-21T15:15:17.860+0000] {dagbag.py:540} INFO - Filling up the DagBag from /home/airflow/.local/lib/python3.12/site-packages/airflow/example_dags/example_kubernetes_executor.py
[2024-04-21T15:15:17.866+0000] {processor.py:840} INFO - DAG(s) 'example_kubernetes_executor' retrieved from /home/airflow/.local/lib/python3.12/site-packages/airflow/example_dags/example_kubernetes_executor.py
[2024-04-21T15:15:17.885+0000] {logging_mixin.py:188} INFO - [2024-04-21T15:15:17.885+0000] {dag.py:3096} INFO - Sync 1 DAGs
[2024-04-21T15:15:17.891+0000] {logging_mixin.py:188} INFO - [2024-04-21T15:15:17.891+0000] {dag.py:3954} INFO - Setting next_dagrun for example_kubernetes_executor to None, run_after=None
[2024-04-21T15:15:17.898+0000] {processor.py:183} INFO - Processing /home/airflow/.local/lib/python3.12/site-packages/airflow/example_dags/example_kubernetes_executor.py took 0.042 seconds
[2024-04-21T15:15:48.047+0000] {processor.py:161} INFO - Started process (PID=15697) to work on /home/airflow/.local/lib/python3.12/site-packages/airflow/example_dags/example_kubernetes_executor.py
[2024-04-21T15:15:48.048+0000] {processor.py:830} INFO - Processing file /home/airflow/.local/lib/python3.12/site-packages/airflow/example_dags/example_kubernetes_executor.py for tasks to queue
[2024-04-21T15:15:48.049+0000] {logging_mixin.py:188} INFO - [2024-04-21T15:15:48.048+0000] {dagbag.py:540} INFO - Filling up the DagBag from /home/airflow/.local/lib/python3.12/site-packages/airflow/example_dags/example_kubernetes_executor.py
[2024-04-21T15:15:48.054+0000] {processor.py:840} INFO - DAG(s) 'example_kubernetes_executor' retrieved from /home/airflow/.local/lib/python3.12/site-packages/airflow/example_dags/example_kubernetes_executor.py
[2024-04-21T15:15:48.074+0000] {logging_mixin.py:188} INFO - [2024-04-21T15:15:48.074+0000] {dag.py:3096} INFO - Sync 1 DAGs
[2024-04-21T15:15:48.079+0000] {logging_mixin.py:188} INFO - [2024-04-21T15:15:48.079+0000] {dag.py:3954} INFO - Setting next_dagrun for example_kubernetes_executor to None, run_after=None
[2024-04-21T15:15:48.087+0000] {processor.py:183} INFO - Processing /home/airflow/.local/lib/python3.12/site-packages/airflow/example_dags/example_kubernetes_executor.py took 0.043 seconds
[2024-04-21T15:16:18.306+0000] {processor.py:161} INFO - Started process (PID=15964) to work on /home/airflow/.local/lib/python3.12/site-packages/airflow/example_dags/example_kubernetes_executor.py
[2024-04-21T15:16:18.306+0000] {processor.py:830} INFO - Processing file /home/airflow/.local/lib/python3.12/site-packages/airflow/example_dags/example_kubernetes_executor.py for tasks to queue
[2024-04-21T15:16:18.307+0000] {logging_mixin.py:188} INFO - [2024-04-21T15:16:18.307+0000] {dagbag.py:540} INFO - Filling up the DagBag from /home/airflow/.local/lib/python3.12/site-packages/airflow/example_dags/example_kubernetes_executor.py
[2024-04-21T15:16:18.313+0000] {processor.py:840} INFO - DAG(s) 'example_kubernetes_executor' retrieved from /home/airflow/.local/lib/python3.12/site-packages/airflow/example_dags/example_kubernetes_executor.py
[2024-04-21T15:16:18.332+0000] {logging_mixin.py:188} INFO - [2024-04-21T15:16:18.332+0000] {dag.py:3096} INFO - Sync 1 DAGs
[2024-04-21T15:16:18.338+0000] {logging_mixin.py:188} INFO - [2024-04-21T15:16:18.337+0000] {dag.py:3954} INFO - Setting next_dagrun for example_kubernetes_executor to None, run_after=None
[2024-04-21T15:16:18.345+0000] {processor.py:183} INFO - Processing /home/airflow/.local/lib/python3.12/site-packages/airflow/example_dags/example_kubernetes_executor.py took 0.042 seconds
[2024-04-21T15:16:48.612+0000] {processor.py:161} INFO - Started process (PID=16232) to work on /home/airflow/.local/lib/python3.12/site-packages/airflow/example_dags/example_kubernetes_executor.py
[2024-04-21T15:16:48.612+0000] {processor.py:830} INFO - Processing file /home/airflow/.local/lib/python3.12/site-packages/airflow/example_dags/example_kubernetes_executor.py for tasks to queue
[2024-04-21T15:16:48.613+0000] {logging_mixin.py:188} INFO - [2024-04-21T15:16:48.613+0000] {dagbag.py:540} INFO - Filling up the DagBag from /home/airflow/.local/lib/python3.12/site-packages/airflow/example_dags/example_kubernetes_executor.py
[2024-04-21T15:16:48.619+0000] {processor.py:840} INFO - DAG(s) 'example_kubernetes_executor' retrieved from /home/airflow/.local/lib/python3.12/site-packages/airflow/example_dags/example_kubernetes_executor.py
[2024-04-21T15:16:48.639+0000] {logging_mixin.py:188} INFO - [2024-04-21T15:16:48.639+0000] {dag.py:3096} INFO - Sync 1 DAGs
[2024-04-21T15:16:48.645+0000] {logging_mixin.py:188} INFO - [2024-04-21T15:16:48.644+0000] {dag.py:3954} INFO - Setting next_dagrun for example_kubernetes_executor to None, run_after=None
[2024-04-21T15:16:48.652+0000] {processor.py:183} INFO - Processing /home/airflow/.local/lib/python3.12/site-packages/airflow/example_dags/example_kubernetes_executor.py took 0.044 seconds
[2024-04-21T15:17:18.759+0000] {processor.py:161} INFO - Started process (PID=16499) to work on /home/airflow/.local/lib/python3.12/site-packages/airflow/example_dags/example_kubernetes_executor.py
[2024-04-21T15:17:18.760+0000] {processor.py:830} INFO - Processing file /home/airflow/.local/lib/python3.12/site-packages/airflow/example_dags/example_kubernetes_executor.py for tasks to queue
[2024-04-21T15:17:18.761+0000] {logging_mixin.py:188} INFO - [2024-04-21T15:17:18.760+0000] {dagbag.py:540} INFO - Filling up the DagBag from /home/airflow/.local/lib/python3.12/site-packages/airflow/example_dags/example_kubernetes_executor.py
[2024-04-21T15:17:18.766+0000] {processor.py:840} INFO - DAG(s) 'example_kubernetes_executor' retrieved from /home/airflow/.local/lib/python3.12/site-packages/airflow/example_dags/example_kubernetes_executor.py
[2024-04-21T15:17:18.788+0000] {logging_mixin.py:188} INFO - [2024-04-21T15:17:18.788+0000] {dag.py:3096} INFO - Sync 1 DAGs
[2024-04-21T15:17:18.794+0000] {logging_mixin.py:188} INFO - [2024-04-21T15:17:18.793+0000] {dag.py:3954} INFO - Setting next_dagrun for example_kubernetes_executor to None, run_after=None
[2024-04-21T15:17:18.849+0000] {processor.py:183} INFO - Processing /home/airflow/.local/lib/python3.12/site-packages/airflow/example_dags/example_kubernetes_executor.py took 0.093 seconds
[2024-04-21T15:17:49.843+0000] {processor.py:161} INFO - Started process (PID=16766) to work on /home/airflow/.local/lib/python3.12/site-packages/airflow/example_dags/example_kubernetes_executor.py
[2024-04-21T15:17:49.844+0000] {processor.py:830} INFO - Processing file /home/airflow/.local/lib/python3.12/site-packages/airflow/example_dags/example_kubernetes_executor.py for tasks to queue
[2024-04-21T15:17:49.845+0000] {logging_mixin.py:188} INFO - [2024-04-21T15:17:49.845+0000] {dagbag.py:540} INFO - Filling up the DagBag from /home/airflow/.local/lib/python3.12/site-packages/airflow/example_dags/example_kubernetes_executor.py
[2024-04-21T15:17:49.852+0000] {processor.py:840} INFO - DAG(s) 'example_kubernetes_executor' retrieved from /home/airflow/.local/lib/python3.12/site-packages/airflow/example_dags/example_kubernetes_executor.py
[2024-04-21T15:17:49.874+0000] {logging_mixin.py:188} INFO - [2024-04-21T15:17:49.874+0000] {dag.py:3096} INFO - Sync 1 DAGs
[2024-04-21T15:17:49.879+0000] {logging_mixin.py:188} INFO - [2024-04-21T15:17:49.879+0000] {dag.py:3954} INFO - Setting next_dagrun for example_kubernetes_executor to None, run_after=None
[2024-04-21T15:17:49.887+0000] {processor.py:183} INFO - Processing /home/airflow/.local/lib/python3.12/site-packages/airflow/example_dags/example_kubernetes_executor.py took 0.048 seconds
[2024-04-21T15:18:20.068+0000] {processor.py:161} INFO - Started process (PID=17033) to work on /home/airflow/.local/lib/python3.12/site-packages/airflow/example_dags/example_kubernetes_executor.py
[2024-04-21T15:18:20.069+0000] {processor.py:830} INFO - Processing file /home/airflow/.local/lib/python3.12/site-packages/airflow/example_dags/example_kubernetes_executor.py for tasks to queue
[2024-04-21T15:18:20.070+0000] {logging_mixin.py:188} INFO - [2024-04-21T15:18:20.070+0000] {dagbag.py:540} INFO - Filling up the DagBag from /home/airflow/.local/lib/python3.12/site-packages/airflow/example_dags/example_kubernetes_executor.py
[2024-04-21T15:18:20.078+0000] {processor.py:840} INFO - DAG(s) 'example_kubernetes_executor' retrieved from /home/airflow/.local/lib/python3.12/site-packages/airflow/example_dags/example_kubernetes_executor.py
[2024-04-21T15:18:20.104+0000] {logging_mixin.py:188} INFO - [2024-04-21T15:18:20.103+0000] {dag.py:3096} INFO - Sync 1 DAGs
[2024-04-21T15:18:20.109+0000] {logging_mixin.py:188} INFO - [2024-04-21T15:18:20.109+0000] {dag.py:3954} INFO - Setting next_dagrun for example_kubernetes_executor to None, run_after=None
[2024-04-21T15:18:20.116+0000] {processor.py:183} INFO - Processing /home/airflow/.local/lib/python3.12/site-packages/airflow/example_dags/example_kubernetes_executor.py took 0.053 seconds
[2024-04-21T15:18:51.036+0000] {processor.py:161} INFO - Started process (PID=17308) to work on /home/airflow/.local/lib/python3.12/site-packages/airflow/example_dags/example_kubernetes_executor.py
[2024-04-21T15:18:51.037+0000] {processor.py:830} INFO - Processing file /home/airflow/.local/lib/python3.12/site-packages/airflow/example_dags/example_kubernetes_executor.py for tasks to queue
[2024-04-21T15:18:51.038+0000] {logging_mixin.py:188} INFO - [2024-04-21T15:18:51.038+0000] {dagbag.py:540} INFO - Filling up the DagBag from /home/airflow/.local/lib/python3.12/site-packages/airflow/example_dags/example_kubernetes_executor.py
[2024-04-21T15:18:51.046+0000] {processor.py:840} INFO - DAG(s) 'example_kubernetes_executor' retrieved from /home/airflow/.local/lib/python3.12/site-packages/airflow/example_dags/example_kubernetes_executor.py
[2024-04-21T15:18:51.069+0000] {logging_mixin.py:188} INFO - [2024-04-21T15:18:51.069+0000] {dag.py:3096} INFO - Sync 1 DAGs
[2024-04-21T15:18:51.074+0000] {logging_mixin.py:188} INFO - [2024-04-21T15:18:51.074+0000] {dag.py:3954} INFO - Setting next_dagrun for example_kubernetes_executor to None, run_after=None
[2024-04-21T15:18:51.082+0000] {processor.py:183} INFO - Processing /home/airflow/.local/lib/python3.12/site-packages/airflow/example_dags/example_kubernetes_executor.py took 0.052 seconds
[2024-04-21T15:19:21.977+0000] {processor.py:161} INFO - Started process (PID=17575) to work on /home/airflow/.local/lib/python3.12/site-packages/airflow/example_dags/example_kubernetes_executor.py
[2024-04-21T15:19:21.978+0000] {processor.py:830} INFO - Processing file /home/airflow/.local/lib/python3.12/site-packages/airflow/example_dags/example_kubernetes_executor.py for tasks to queue
[2024-04-21T15:19:21.980+0000] {logging_mixin.py:188} INFO - [2024-04-21T15:19:21.979+0000] {dagbag.py:540} INFO - Filling up the DagBag from /home/airflow/.local/lib/python3.12/site-packages/airflow/example_dags/example_kubernetes_executor.py
[2024-04-21T15:19:21.990+0000] {processor.py:840} INFO - DAG(s) 'example_kubernetes_executor' retrieved from /home/airflow/.local/lib/python3.12/site-packages/airflow/example_dags/example_kubernetes_executor.py
[2024-04-21T15:19:22.020+0000] {logging_mixin.py:188} INFO - [2024-04-21T15:19:22.020+0000] {dag.py:3096} INFO - Sync 1 DAGs
[2024-04-21T15:19:22.028+0000] {logging_mixin.py:188} INFO - [2024-04-21T15:19:22.028+0000] {dag.py:3954} INFO - Setting next_dagrun for example_kubernetes_executor to None, run_after=None
[2024-04-21T15:19:22.038+0000] {processor.py:183} INFO - Processing /home/airflow/.local/lib/python3.12/site-packages/airflow/example_dags/example_kubernetes_executor.py took 0.067 seconds
[2024-04-21T15:19:52.173+0000] {processor.py:161} INFO - Started process (PID=17842) to work on /home/airflow/.local/lib/python3.12/site-packages/airflow/example_dags/example_kubernetes_executor.py
[2024-04-21T15:19:52.174+0000] {processor.py:830} INFO - Processing file /home/airflow/.local/lib/python3.12/site-packages/airflow/example_dags/example_kubernetes_executor.py for tasks to queue
[2024-04-21T15:19:52.175+0000] {logging_mixin.py:188} INFO - [2024-04-21T15:19:52.174+0000] {dagbag.py:540} INFO - Filling up the DagBag from /home/airflow/.local/lib/python3.12/site-packages/airflow/example_dags/example_kubernetes_executor.py
[2024-04-21T15:19:52.182+0000] {processor.py:840} INFO - DAG(s) 'example_kubernetes_executor' retrieved from /home/airflow/.local/lib/python3.12/site-packages/airflow/example_dags/example_kubernetes_executor.py
[2024-04-21T15:19:52.214+0000] {logging_mixin.py:188} INFO - [2024-04-21T15:19:52.213+0000] {dag.py:3096} INFO - Sync 1 DAGs
[2024-04-21T15:19:52.221+0000] {logging_mixin.py:188} INFO - [2024-04-21T15:19:52.221+0000] {dag.py:3954} INFO - Setting next_dagrun for example_kubernetes_executor to None, run_after=None
[2024-04-21T15:19:52.230+0000] {processor.py:183} INFO - Processing /home/airflow/.local/lib/python3.12/site-packages/airflow/example_dags/example_kubernetes_executor.py took 0.061 seconds
[2024-04-21T15:20:22.329+0000] {processor.py:161} INFO - Started process (PID=18110) to work on /home/airflow/.local/lib/python3.12/site-packages/airflow/example_dags/example_kubernetes_executor.py
[2024-04-21T15:20:22.330+0000] {processor.py:830} INFO - Processing file /home/airflow/.local/lib/python3.12/site-packages/airflow/example_dags/example_kubernetes_executor.py for tasks to queue
[2024-04-21T15:20:22.332+0000] {logging_mixin.py:188} INFO - [2024-04-21T15:20:22.331+0000] {dagbag.py:540} INFO - Filling up the DagBag from /home/airflow/.local/lib/python3.12/site-packages/airflow/example_dags/example_kubernetes_executor.py
[2024-04-21T15:20:22.342+0000] {processor.py:840} INFO - DAG(s) 'example_kubernetes_executor' retrieved from /home/airflow/.local/lib/python3.12/site-packages/airflow/example_dags/example_kubernetes_executor.py
[2024-04-21T15:20:22.366+0000] {logging_mixin.py:188} INFO - [2024-04-21T15:20:22.366+0000] {dag.py:3096} INFO - Sync 1 DAGs
[2024-04-21T15:20:22.373+0000] {logging_mixin.py:188} INFO - [2024-04-21T15:20:22.372+0000] {dag.py:3954} INFO - Setting next_dagrun for example_kubernetes_executor to None, run_after=None
[2024-04-21T15:20:22.380+0000] {processor.py:183} INFO - Processing /home/airflow/.local/lib/python3.12/site-packages/airflow/example_dags/example_kubernetes_executor.py took 0.058 seconds
