[2024-04-21T14:30:03.005+0000] {processor.py:161} INFO - Started process (PID=323) to work on /home/airflow/.local/lib/python3.12/site-packages/airflow/example_dags/example_latest_only_with_trigger.py
[2024-04-21T14:30:03.006+0000] {processor.py:830} INFO - Processing file /home/airflow/.local/lib/python3.12/site-packages/airflow/example_dags/example_latest_only_with_trigger.py for tasks to queue
[2024-04-21T14:30:03.007+0000] {logging_mixin.py:188} INFO - [2024-04-21T14:30:03.007+0000] {dagbag.py:540} INFO - Filling up the DagBag from /home/airflow/.local/lib/python3.12/site-packages/airflow/example_dags/example_latest_only_with_trigger.py
[2024-04-21T14:30:03.012+0000] {processor.py:840} INFO - DAG(s) 'latest_only_with_trigger' retrieved from /home/airflow/.local/lib/python3.12/site-packages/airflow/example_dags/example_latest_only_with_trigger.py
[2024-04-21T14:30:03.025+0000] {logging_mixin.py:188} INFO - [2024-04-21T14:30:03.024+0000] {dag.py:3096} INFO - Sync 1 DAGs
[2024-04-21T14:30:03.039+0000] {logging_mixin.py:188} INFO - [2024-04-21T14:30:03.039+0000] {dag.py:3954} INFO - Setting next_dagrun for latest_only_with_trigger to 2024-04-21 08:00:00+00:00, run_after=2024-04-21 12:00:00+00:00
[2024-04-21T14:30:03.049+0000] {processor.py:183} INFO - Processing /home/airflow/.local/lib/python3.12/site-packages/airflow/example_dags/example_latest_only_with_trigger.py took 0.049 seconds
[2024-04-21T14:30:33.867+0000] {processor.py:161} INFO - Started process (PID=583) to work on /home/airflow/.local/lib/python3.12/site-packages/airflow/example_dags/example_latest_only_with_trigger.py
[2024-04-21T14:30:33.868+0000] {processor.py:830} INFO - Processing file /home/airflow/.local/lib/python3.12/site-packages/airflow/example_dags/example_latest_only_with_trigger.py for tasks to queue
[2024-04-21T14:30:33.869+0000] {logging_mixin.py:188} INFO - [2024-04-21T14:30:33.869+0000] {dagbag.py:540} INFO - Filling up the DagBag from /home/airflow/.local/lib/python3.12/site-packages/airflow/example_dags/example_latest_only_with_trigger.py
[2024-04-21T14:30:33.873+0000] {processor.py:840} INFO - DAG(s) 'latest_only_with_trigger' retrieved from /home/airflow/.local/lib/python3.12/site-packages/airflow/example_dags/example_latest_only_with_trigger.py
[2024-04-21T14:30:33.937+0000] {logging_mixin.py:188} INFO - [2024-04-21T14:30:33.936+0000] {dag.py:3096} INFO - Sync 1 DAGs
[2024-04-21T14:30:33.948+0000] {logging_mixin.py:188} INFO - [2024-04-21T14:30:33.948+0000] {dag.py:3954} INFO - Setting next_dagrun for latest_only_with_trigger to 2024-04-21 08:00:00+00:00, run_after=2024-04-21 12:00:00+00:00
[2024-04-21T14:30:33.959+0000] {processor.py:183} INFO - Processing /home/airflow/.local/lib/python3.12/site-packages/airflow/example_dags/example_latest_only_with_trigger.py took 0.096 seconds
[2024-04-21T14:31:04.839+0000] {processor.py:161} INFO - Started process (PID=847) to work on /home/airflow/.local/lib/python3.12/site-packages/airflow/example_dags/example_latest_only_with_trigger.py
[2024-04-21T14:31:04.840+0000] {processor.py:830} INFO - Processing file /home/airflow/.local/lib/python3.12/site-packages/airflow/example_dags/example_latest_only_with_trigger.py for tasks to queue
[2024-04-21T14:31:04.842+0000] {logging_mixin.py:188} INFO - [2024-04-21T14:31:04.841+0000] {dagbag.py:540} INFO - Filling up the DagBag from /home/airflow/.local/lib/python3.12/site-packages/airflow/example_dags/example_latest_only_with_trigger.py
[2024-04-21T14:31:04.846+0000] {processor.py:840} INFO - DAG(s) 'latest_only_with_trigger' retrieved from /home/airflow/.local/lib/python3.12/site-packages/airflow/example_dags/example_latest_only_with_trigger.py
[2024-04-21T14:31:04.863+0000] {logging_mixin.py:188} INFO - [2024-04-21T14:31:04.863+0000] {dag.py:3096} INFO - Sync 1 DAGs
[2024-04-21T14:31:04.876+0000] {logging_mixin.py:188} INFO - [2024-04-21T14:31:04.876+0000] {dag.py:3954} INFO - Setting next_dagrun for latest_only_with_trigger to 2024-04-21 08:00:00+00:00, run_after=2024-04-21 12:00:00+00:00
[2024-04-21T14:31:04.886+0000] {processor.py:183} INFO - Processing /home/airflow/.local/lib/python3.12/site-packages/airflow/example_dags/example_latest_only_with_trigger.py took 0.051 seconds
[2024-04-21T14:31:35.338+0000] {processor.py:161} INFO - Started process (PID=1109) to work on /home/airflow/.local/lib/python3.12/site-packages/airflow/example_dags/example_latest_only_with_trigger.py
[2024-04-21T14:31:35.338+0000] {processor.py:830} INFO - Processing file /home/airflow/.local/lib/python3.12/site-packages/airflow/example_dags/example_latest_only_with_trigger.py for tasks to queue
[2024-04-21T14:31:35.340+0000] {logging_mixin.py:188} INFO - [2024-04-21T14:31:35.340+0000] {dagbag.py:540} INFO - Filling up the DagBag from /home/airflow/.local/lib/python3.12/site-packages/airflow/example_dags/example_latest_only_with_trigger.py
[2024-04-21T14:31:35.344+0000] {processor.py:840} INFO - DAG(s) 'latest_only_with_trigger' retrieved from /home/airflow/.local/lib/python3.12/site-packages/airflow/example_dags/example_latest_only_with_trigger.py
[2024-04-21T14:31:35.363+0000] {logging_mixin.py:188} INFO - [2024-04-21T14:31:35.363+0000] {dag.py:3096} INFO - Sync 1 DAGs
[2024-04-21T14:31:35.377+0000] {logging_mixin.py:188} INFO - [2024-04-21T14:31:35.376+0000] {dag.py:3954} INFO - Setting next_dagrun for latest_only_with_trigger to 2024-04-21 08:00:00+00:00, run_after=2024-04-21 12:00:00+00:00
[2024-04-21T14:31:35.387+0000] {processor.py:183} INFO - Processing /home/airflow/.local/lib/python3.12/site-packages/airflow/example_dags/example_latest_only_with_trigger.py took 0.054 seconds
[2024-04-21T14:32:06.018+0000] {processor.py:161} INFO - Started process (PID=1368) to work on /home/airflow/.local/lib/python3.12/site-packages/airflow/example_dags/example_latest_only_with_trigger.py
[2024-04-21T14:32:06.019+0000] {processor.py:830} INFO - Processing file /home/airflow/.local/lib/python3.12/site-packages/airflow/example_dags/example_latest_only_with_trigger.py for tasks to queue
[2024-04-21T14:32:06.020+0000] {logging_mixin.py:188} INFO - [2024-04-21T14:32:06.020+0000] {dagbag.py:540} INFO - Filling up the DagBag from /home/airflow/.local/lib/python3.12/site-packages/airflow/example_dags/example_latest_only_with_trigger.py
[2024-04-21T14:32:06.024+0000] {processor.py:840} INFO - DAG(s) 'latest_only_with_trigger' retrieved from /home/airflow/.local/lib/python3.12/site-packages/airflow/example_dags/example_latest_only_with_trigger.py
[2024-04-21T14:32:06.040+0000] {logging_mixin.py:188} INFO - [2024-04-21T14:32:06.040+0000] {dag.py:3096} INFO - Sync 1 DAGs
[2024-04-21T14:32:06.053+0000] {logging_mixin.py:188} INFO - [2024-04-21T14:32:06.053+0000] {dag.py:3954} INFO - Setting next_dagrun for latest_only_with_trigger to 2024-04-21 08:00:00+00:00, run_after=2024-04-21 12:00:00+00:00
[2024-04-21T14:32:06.062+0000] {processor.py:183} INFO - Processing /home/airflow/.local/lib/python3.12/site-packages/airflow/example_dags/example_latest_only_with_trigger.py took 0.048 seconds
[2024-04-21T14:32:36.381+0000] {processor.py:161} INFO - Started process (PID=1629) to work on /home/airflow/.local/lib/python3.12/site-packages/airflow/example_dags/example_latest_only_with_trigger.py
[2024-04-21T14:32:36.381+0000] {processor.py:830} INFO - Processing file /home/airflow/.local/lib/python3.12/site-packages/airflow/example_dags/example_latest_only_with_trigger.py for tasks to queue
[2024-04-21T14:32:36.383+0000] {logging_mixin.py:188} INFO - [2024-04-21T14:32:36.382+0000] {dagbag.py:540} INFO - Filling up the DagBag from /home/airflow/.local/lib/python3.12/site-packages/airflow/example_dags/example_latest_only_with_trigger.py
[2024-04-21T14:32:36.386+0000] {processor.py:840} INFO - DAG(s) 'latest_only_with_trigger' retrieved from /home/airflow/.local/lib/python3.12/site-packages/airflow/example_dags/example_latest_only_with_trigger.py
[2024-04-21T14:32:36.405+0000] {logging_mixin.py:188} INFO - [2024-04-21T14:32:36.405+0000] {dag.py:3096} INFO - Sync 1 DAGs
[2024-04-21T14:32:36.418+0000] {logging_mixin.py:188} INFO - [2024-04-21T14:32:36.418+0000] {dag.py:3954} INFO - Setting next_dagrun for latest_only_with_trigger to 2024-04-21 08:00:00+00:00, run_after=2024-04-21 12:00:00+00:00
[2024-04-21T14:32:36.429+0000] {processor.py:183} INFO - Processing /home/airflow/.local/lib/python3.12/site-packages/airflow/example_dags/example_latest_only_with_trigger.py took 0.052 seconds
[2024-04-21T14:33:06.902+0000] {processor.py:161} INFO - Started process (PID=1894) to work on /home/airflow/.local/lib/python3.12/site-packages/airflow/example_dags/example_latest_only_with_trigger.py
[2024-04-21T14:33:06.902+0000] {processor.py:830} INFO - Processing file /home/airflow/.local/lib/python3.12/site-packages/airflow/example_dags/example_latest_only_with_trigger.py for tasks to queue
[2024-04-21T14:33:06.904+0000] {logging_mixin.py:188} INFO - [2024-04-21T14:33:06.903+0000] {dagbag.py:540} INFO - Filling up the DagBag from /home/airflow/.local/lib/python3.12/site-packages/airflow/example_dags/example_latest_only_with_trigger.py
[2024-04-21T14:33:06.908+0000] {processor.py:840} INFO - DAG(s) 'latest_only_with_trigger' retrieved from /home/airflow/.local/lib/python3.12/site-packages/airflow/example_dags/example_latest_only_with_trigger.py
[2024-04-21T14:33:06.926+0000] {logging_mixin.py:188} INFO - [2024-04-21T14:33:06.926+0000] {dag.py:3096} INFO - Sync 1 DAGs
[2024-04-21T14:33:06.939+0000] {logging_mixin.py:188} INFO - [2024-04-21T14:33:06.939+0000] {dag.py:3954} INFO - Setting next_dagrun for latest_only_with_trigger to 2024-04-21 08:00:00+00:00, run_after=2024-04-21 12:00:00+00:00
[2024-04-21T14:33:06.949+0000] {processor.py:183} INFO - Processing /home/airflow/.local/lib/python3.12/site-packages/airflow/example_dags/example_latest_only_with_trigger.py took 0.052 seconds
[2024-04-21T14:33:37.568+0000] {processor.py:161} INFO - Started process (PID=2157) to work on /home/airflow/.local/lib/python3.12/site-packages/airflow/example_dags/example_latest_only_with_trigger.py
[2024-04-21T14:33:37.569+0000] {processor.py:830} INFO - Processing file /home/airflow/.local/lib/python3.12/site-packages/airflow/example_dags/example_latest_only_with_trigger.py for tasks to queue
[2024-04-21T14:33:37.570+0000] {logging_mixin.py:188} INFO - [2024-04-21T14:33:37.570+0000] {dagbag.py:540} INFO - Filling up the DagBag from /home/airflow/.local/lib/python3.12/site-packages/airflow/example_dags/example_latest_only_with_trigger.py
[2024-04-21T14:33:37.574+0000] {processor.py:840} INFO - DAG(s) 'latest_only_with_trigger' retrieved from /home/airflow/.local/lib/python3.12/site-packages/airflow/example_dags/example_latest_only_with_trigger.py
[2024-04-21T14:33:37.590+0000] {logging_mixin.py:188} INFO - [2024-04-21T14:33:37.590+0000] {dag.py:3096} INFO - Sync 1 DAGs
[2024-04-21T14:33:37.604+0000] {logging_mixin.py:188} INFO - [2024-04-21T14:33:37.604+0000] {dag.py:3954} INFO - Setting next_dagrun for latest_only_with_trigger to 2024-04-21 08:00:00+00:00, run_after=2024-04-21 12:00:00+00:00
[2024-04-21T14:33:37.616+0000] {processor.py:183} INFO - Processing /home/airflow/.local/lib/python3.12/site-packages/airflow/example_dags/example_latest_only_with_trigger.py took 0.052 seconds
[2024-04-21T14:34:08.208+0000] {processor.py:161} INFO - Started process (PID=2417) to work on /home/airflow/.local/lib/python3.12/site-packages/airflow/example_dags/example_latest_only_with_trigger.py
[2024-04-21T14:34:08.209+0000] {processor.py:830} INFO - Processing file /home/airflow/.local/lib/python3.12/site-packages/airflow/example_dags/example_latest_only_with_trigger.py for tasks to queue
[2024-04-21T14:34:08.210+0000] {logging_mixin.py:188} INFO - [2024-04-21T14:34:08.210+0000] {dagbag.py:540} INFO - Filling up the DagBag from /home/airflow/.local/lib/python3.12/site-packages/airflow/example_dags/example_latest_only_with_trigger.py
[2024-04-21T14:34:08.214+0000] {processor.py:840} INFO - DAG(s) 'latest_only_with_trigger' retrieved from /home/airflow/.local/lib/python3.12/site-packages/airflow/example_dags/example_latest_only_with_trigger.py
[2024-04-21T14:34:08.231+0000] {logging_mixin.py:188} INFO - [2024-04-21T14:34:08.231+0000] {dag.py:3096} INFO - Sync 1 DAGs
[2024-04-21T14:34:08.245+0000] {logging_mixin.py:188} INFO - [2024-04-21T14:34:08.245+0000] {dag.py:3954} INFO - Setting next_dagrun for latest_only_with_trigger to 2024-04-21 08:00:00+00:00, run_after=2024-04-21 12:00:00+00:00
[2024-04-21T14:34:08.256+0000] {processor.py:183} INFO - Processing /home/airflow/.local/lib/python3.12/site-packages/airflow/example_dags/example_latest_only_with_trigger.py took 0.052 seconds
[2024-04-21T14:34:38.409+0000] {processor.py:161} INFO - Started process (PID=2681) to work on /home/airflow/.local/lib/python3.12/site-packages/airflow/example_dags/example_latest_only_with_trigger.py
[2024-04-21T14:34:38.410+0000] {processor.py:830} INFO - Processing file /home/airflow/.local/lib/python3.12/site-packages/airflow/example_dags/example_latest_only_with_trigger.py for tasks to queue
[2024-04-21T14:34:38.412+0000] {logging_mixin.py:188} INFO - [2024-04-21T14:34:38.411+0000] {dagbag.py:540} INFO - Filling up the DagBag from /home/airflow/.local/lib/python3.12/site-packages/airflow/example_dags/example_latest_only_with_trigger.py
[2024-04-21T14:34:38.416+0000] {processor.py:840} INFO - DAG(s) 'latest_only_with_trigger' retrieved from /home/airflow/.local/lib/python3.12/site-packages/airflow/example_dags/example_latest_only_with_trigger.py
[2024-04-21T14:34:38.434+0000] {logging_mixin.py:188} INFO - [2024-04-21T14:34:38.434+0000] {dag.py:3096} INFO - Sync 1 DAGs
[2024-04-21T14:34:38.447+0000] {logging_mixin.py:188} INFO - [2024-04-21T14:34:38.447+0000] {dag.py:3954} INFO - Setting next_dagrun for latest_only_with_trigger to 2024-04-21 08:00:00+00:00, run_after=2024-04-21 12:00:00+00:00
[2024-04-21T14:34:38.458+0000] {processor.py:183} INFO - Processing /home/airflow/.local/lib/python3.12/site-packages/airflow/example_dags/example_latest_only_with_trigger.py took 0.054 seconds
[2024-04-21T14:36:10.954+0000] {processor.py:161} INFO - Started process (PID=2950) to work on /home/airflow/.local/lib/python3.12/site-packages/airflow/example_dags/example_latest_only_with_trigger.py
[2024-04-21T14:36:10.955+0000] {processor.py:830} INFO - Processing file /home/airflow/.local/lib/python3.12/site-packages/airflow/example_dags/example_latest_only_with_trigger.py for tasks to queue
[2024-04-21T14:36:10.956+0000] {logging_mixin.py:188} INFO - [2024-04-21T14:36:10.955+0000] {dagbag.py:540} INFO - Filling up the DagBag from /home/airflow/.local/lib/python3.12/site-packages/airflow/example_dags/example_latest_only_with_trigger.py
[2024-04-21T14:36:10.959+0000] {processor.py:840} INFO - DAG(s) 'latest_only_with_trigger' retrieved from /home/airflow/.local/lib/python3.12/site-packages/airflow/example_dags/example_latest_only_with_trigger.py
[2024-04-21T14:36:10.972+0000] {logging_mixin.py:188} INFO - [2024-04-21T14:36:10.972+0000] {dag.py:3096} INFO - Sync 1 DAGs
[2024-04-21T14:36:10.983+0000] {logging_mixin.py:188} INFO - [2024-04-21T14:36:10.982+0000] {dag.py:3954} INFO - Setting next_dagrun for latest_only_with_trigger to 2024-04-21 08:00:00+00:00, run_after=2024-04-21 12:00:00+00:00
[2024-04-21T14:36:10.991+0000] {processor.py:183} INFO - Processing /home/airflow/.local/lib/python3.12/site-packages/airflow/example_dags/example_latest_only_with_trigger.py took 0.040 seconds
[2024-04-21T14:36:41.958+0000] {processor.py:161} INFO - Started process (PID=3217) to work on /home/airflow/.local/lib/python3.12/site-packages/airflow/example_dags/example_latest_only_with_trigger.py
[2024-04-21T14:36:41.959+0000] {processor.py:830} INFO - Processing file /home/airflow/.local/lib/python3.12/site-packages/airflow/example_dags/example_latest_only_with_trigger.py for tasks to queue
[2024-04-21T14:36:41.959+0000] {logging_mixin.py:188} INFO - [2024-04-21T14:36:41.959+0000] {dagbag.py:540} INFO - Filling up the DagBag from /home/airflow/.local/lib/python3.12/site-packages/airflow/example_dags/example_latest_only_with_trigger.py
[2024-04-21T14:36:41.962+0000] {processor.py:840} INFO - DAG(s) 'latest_only_with_trigger' retrieved from /home/airflow/.local/lib/python3.12/site-packages/airflow/example_dags/example_latest_only_with_trigger.py
[2024-04-21T14:36:41.975+0000] {logging_mixin.py:188} INFO - [2024-04-21T14:36:41.975+0000] {dag.py:3096} INFO - Sync 1 DAGs
[2024-04-21T14:36:41.984+0000] {logging_mixin.py:188} INFO - [2024-04-21T14:36:41.984+0000] {dag.py:3954} INFO - Setting next_dagrun for latest_only_with_trigger to 2024-04-21 08:00:00+00:00, run_after=2024-04-21 12:00:00+00:00
[2024-04-21T14:36:41.991+0000] {processor.py:183} INFO - Processing /home/airflow/.local/lib/python3.12/site-packages/airflow/example_dags/example_latest_only_with_trigger.py took 0.036 seconds
[2024-04-21T14:37:12.201+0000] {processor.py:161} INFO - Started process (PID=3482) to work on /home/airflow/.local/lib/python3.12/site-packages/airflow/example_dags/example_latest_only_with_trigger.py
[2024-04-21T14:37:12.202+0000] {processor.py:830} INFO - Processing file /home/airflow/.local/lib/python3.12/site-packages/airflow/example_dags/example_latest_only_with_trigger.py for tasks to queue
[2024-04-21T14:37:12.203+0000] {logging_mixin.py:188} INFO - [2024-04-21T14:37:12.202+0000] {dagbag.py:540} INFO - Filling up the DagBag from /home/airflow/.local/lib/python3.12/site-packages/airflow/example_dags/example_latest_only_with_trigger.py
[2024-04-21T14:37:12.205+0000] {processor.py:840} INFO - DAG(s) 'latest_only_with_trigger' retrieved from /home/airflow/.local/lib/python3.12/site-packages/airflow/example_dags/example_latest_only_with_trigger.py
[2024-04-21T14:37:12.218+0000] {logging_mixin.py:188} INFO - [2024-04-21T14:37:12.218+0000] {dag.py:3096} INFO - Sync 1 DAGs
[2024-04-21T14:37:12.227+0000] {logging_mixin.py:188} INFO - [2024-04-21T14:37:12.227+0000] {dag.py:3954} INFO - Setting next_dagrun for latest_only_with_trigger to 2024-04-21 08:00:00+00:00, run_after=2024-04-21 12:00:00+00:00
[2024-04-21T14:37:12.236+0000] {processor.py:183} INFO - Processing /home/airflow/.local/lib/python3.12/site-packages/airflow/example_dags/example_latest_only_with_trigger.py took 0.038 seconds
[2024-04-21T14:37:42.316+0000] {processor.py:161} INFO - Started process (PID=3751) to work on /home/airflow/.local/lib/python3.12/site-packages/airflow/example_dags/example_latest_only_with_trigger.py
[2024-04-21T14:37:42.316+0000] {processor.py:830} INFO - Processing file /home/airflow/.local/lib/python3.12/site-packages/airflow/example_dags/example_latest_only_with_trigger.py for tasks to queue
[2024-04-21T14:37:42.317+0000] {logging_mixin.py:188} INFO - [2024-04-21T14:37:42.317+0000] {dagbag.py:540} INFO - Filling up the DagBag from /home/airflow/.local/lib/python3.12/site-packages/airflow/example_dags/example_latest_only_with_trigger.py
[2024-04-21T14:37:42.320+0000] {processor.py:840} INFO - DAG(s) 'latest_only_with_trigger' retrieved from /home/airflow/.local/lib/python3.12/site-packages/airflow/example_dags/example_latest_only_with_trigger.py
[2024-04-21T14:37:42.331+0000] {logging_mixin.py:188} INFO - [2024-04-21T14:37:42.331+0000] {dag.py:3096} INFO - Sync 1 DAGs
[2024-04-21T14:37:42.340+0000] {logging_mixin.py:188} INFO - [2024-04-21T14:37:42.340+0000] {dag.py:3954} INFO - Setting next_dagrun for latest_only_with_trigger to 2024-04-21 08:00:00+00:00, run_after=2024-04-21 12:00:00+00:00
[2024-04-21T14:37:42.347+0000] {processor.py:183} INFO - Processing /home/airflow/.local/lib/python3.12/site-packages/airflow/example_dags/example_latest_only_with_trigger.py took 0.034 seconds
[2024-04-21T14:53:47.960+0000] {processor.py:161} INFO - Started process (PID=4018) to work on /home/airflow/.local/lib/python3.12/site-packages/airflow/example_dags/example_latest_only_with_trigger.py
[2024-04-21T14:53:47.960+0000] {processor.py:830} INFO - Processing file /home/airflow/.local/lib/python3.12/site-packages/airflow/example_dags/example_latest_only_with_trigger.py for tasks to queue
[2024-04-21T14:53:47.961+0000] {logging_mixin.py:188} INFO - [2024-04-21T14:53:47.961+0000] {dagbag.py:540} INFO - Filling up the DagBag from /home/airflow/.local/lib/python3.12/site-packages/airflow/example_dags/example_latest_only_with_trigger.py
[2024-04-21T14:53:47.964+0000] {processor.py:840} INFO - DAG(s) 'latest_only_with_trigger' retrieved from /home/airflow/.local/lib/python3.12/site-packages/airflow/example_dags/example_latest_only_with_trigger.py
[2024-04-21T14:53:47.976+0000] {logging_mixin.py:188} INFO - [2024-04-21T14:53:47.976+0000] {dag.py:3096} INFO - Sync 1 DAGs
[2024-04-21T14:53:47.984+0000] {logging_mixin.py:188} INFO - [2024-04-21T14:53:47.984+0000] {dag.py:3954} INFO - Setting next_dagrun for latest_only_with_trigger to 2024-04-21 08:00:00+00:00, run_after=2024-04-21 12:00:00+00:00
[2024-04-21T14:53:47.993+0000] {processor.py:183} INFO - Processing /home/airflow/.local/lib/python3.12/site-packages/airflow/example_dags/example_latest_only_with_trigger.py took 0.036 seconds
[2024-04-21T14:54:18.819+0000] {processor.py:161} INFO - Started process (PID=4287) to work on /home/airflow/.local/lib/python3.12/site-packages/airflow/example_dags/example_latest_only_with_trigger.py
[2024-04-21T14:54:18.820+0000] {processor.py:830} INFO - Processing file /home/airflow/.local/lib/python3.12/site-packages/airflow/example_dags/example_latest_only_with_trigger.py for tasks to queue
[2024-04-21T14:54:18.821+0000] {logging_mixin.py:188} INFO - [2024-04-21T14:54:18.821+0000] {dagbag.py:540} INFO - Filling up the DagBag from /home/airflow/.local/lib/python3.12/site-packages/airflow/example_dags/example_latest_only_with_trigger.py
[2024-04-21T14:54:18.824+0000] {processor.py:840} INFO - DAG(s) 'latest_only_with_trigger' retrieved from /home/airflow/.local/lib/python3.12/site-packages/airflow/example_dags/example_latest_only_with_trigger.py
[2024-04-21T14:54:18.837+0000] {logging_mixin.py:188} INFO - [2024-04-21T14:54:18.836+0000] {dag.py:3096} INFO - Sync 1 DAGs
[2024-04-21T14:54:18.846+0000] {logging_mixin.py:188} INFO - [2024-04-21T14:54:18.846+0000] {dag.py:3954} INFO - Setting next_dagrun for latest_only_with_trigger to 2024-04-21 08:00:00+00:00, run_after=2024-04-21 12:00:00+00:00
[2024-04-21T14:54:18.853+0000] {processor.py:183} INFO - Processing /home/airflow/.local/lib/python3.12/site-packages/airflow/example_dags/example_latest_only_with_trigger.py took 0.037 seconds
[2024-04-21T14:54:48.892+0000] {processor.py:161} INFO - Started process (PID=4554) to work on /home/airflow/.local/lib/python3.12/site-packages/airflow/example_dags/example_latest_only_with_trigger.py
[2024-04-21T14:54:48.892+0000] {processor.py:830} INFO - Processing file /home/airflow/.local/lib/python3.12/site-packages/airflow/example_dags/example_latest_only_with_trigger.py for tasks to queue
[2024-04-21T14:54:48.893+0000] {logging_mixin.py:188} INFO - [2024-04-21T14:54:48.893+0000] {dagbag.py:540} INFO - Filling up the DagBag from /home/airflow/.local/lib/python3.12/site-packages/airflow/example_dags/example_latest_only_with_trigger.py
[2024-04-21T14:54:48.896+0000] {processor.py:840} INFO - DAG(s) 'latest_only_with_trigger' retrieved from /home/airflow/.local/lib/python3.12/site-packages/airflow/example_dags/example_latest_only_with_trigger.py
[2024-04-21T14:54:48.909+0000] {logging_mixin.py:188} INFO - [2024-04-21T14:54:48.908+0000] {dag.py:3096} INFO - Sync 1 DAGs
[2024-04-21T14:54:48.918+0000] {logging_mixin.py:188} INFO - [2024-04-21T14:54:48.918+0000] {dag.py:3954} INFO - Setting next_dagrun for latest_only_with_trigger to 2024-04-21 08:00:00+00:00, run_after=2024-04-21 12:00:00+00:00
[2024-04-21T14:54:48.925+0000] {processor.py:183} INFO - Processing /home/airflow/.local/lib/python3.12/site-packages/airflow/example_dags/example_latest_only_with_trigger.py took 0.037 seconds
[2024-04-21T14:55:19.822+0000] {processor.py:161} INFO - Started process (PID=4819) to work on /home/airflow/.local/lib/python3.12/site-packages/airflow/example_dags/example_latest_only_with_trigger.py
[2024-04-21T14:55:19.822+0000] {processor.py:830} INFO - Processing file /home/airflow/.local/lib/python3.12/site-packages/airflow/example_dags/example_latest_only_with_trigger.py for tasks to queue
[2024-04-21T14:55:19.823+0000] {logging_mixin.py:188} INFO - [2024-04-21T14:55:19.823+0000] {dagbag.py:540} INFO - Filling up the DagBag from /home/airflow/.local/lib/python3.12/site-packages/airflow/example_dags/example_latest_only_with_trigger.py
[2024-04-21T14:55:19.826+0000] {processor.py:840} INFO - DAG(s) 'latest_only_with_trigger' retrieved from /home/airflow/.local/lib/python3.12/site-packages/airflow/example_dags/example_latest_only_with_trigger.py
[2024-04-21T14:55:19.839+0000] {logging_mixin.py:188} INFO - [2024-04-21T14:55:19.838+0000] {dag.py:3096} INFO - Sync 1 DAGs
[2024-04-21T14:55:19.848+0000] {logging_mixin.py:188} INFO - [2024-04-21T14:55:19.847+0000] {dag.py:3954} INFO - Setting next_dagrun for latest_only_with_trigger to 2024-04-21 08:00:00+00:00, run_after=2024-04-21 12:00:00+00:00
[2024-04-21T14:55:19.855+0000] {processor.py:183} INFO - Processing /home/airflow/.local/lib/python3.12/site-packages/airflow/example_dags/example_latest_only_with_trigger.py took 0.036 seconds
[2024-04-21T14:55:50.671+0000] {processor.py:161} INFO - Started process (PID=5086) to work on /home/airflow/.local/lib/python3.12/site-packages/airflow/example_dags/example_latest_only_with_trigger.py
[2024-04-21T14:55:50.672+0000] {processor.py:830} INFO - Processing file /home/airflow/.local/lib/python3.12/site-packages/airflow/example_dags/example_latest_only_with_trigger.py for tasks to queue
[2024-04-21T14:55:50.673+0000] {logging_mixin.py:188} INFO - [2024-04-21T14:55:50.673+0000] {dagbag.py:540} INFO - Filling up the DagBag from /home/airflow/.local/lib/python3.12/site-packages/airflow/example_dags/example_latest_only_with_trigger.py
[2024-04-21T14:55:50.676+0000] {processor.py:840} INFO - DAG(s) 'latest_only_with_trigger' retrieved from /home/airflow/.local/lib/python3.12/site-packages/airflow/example_dags/example_latest_only_with_trigger.py
[2024-04-21T14:55:50.689+0000] {logging_mixin.py:188} INFO - [2024-04-21T14:55:50.688+0000] {dag.py:3096} INFO - Sync 1 DAGs
[2024-04-21T14:55:50.698+0000] {logging_mixin.py:188} INFO - [2024-04-21T14:55:50.698+0000] {dag.py:3954} INFO - Setting next_dagrun for latest_only_with_trigger to 2024-04-21 08:00:00+00:00, run_after=2024-04-21 12:00:00+00:00
[2024-04-21T14:55:50.706+0000] {processor.py:183} INFO - Processing /home/airflow/.local/lib/python3.12/site-packages/airflow/example_dags/example_latest_only_with_trigger.py took 0.038 seconds
[2024-04-21T14:56:21.488+0000] {processor.py:161} INFO - Started process (PID=5353) to work on /home/airflow/.local/lib/python3.12/site-packages/airflow/example_dags/example_latest_only_with_trigger.py
[2024-04-21T14:56:21.489+0000] {processor.py:830} INFO - Processing file /home/airflow/.local/lib/python3.12/site-packages/airflow/example_dags/example_latest_only_with_trigger.py for tasks to queue
[2024-04-21T14:56:21.490+0000] {logging_mixin.py:188} INFO - [2024-04-21T14:56:21.489+0000] {dagbag.py:540} INFO - Filling up the DagBag from /home/airflow/.local/lib/python3.12/site-packages/airflow/example_dags/example_latest_only_with_trigger.py
[2024-04-21T14:56:21.493+0000] {processor.py:840} INFO - DAG(s) 'latest_only_with_trigger' retrieved from /home/airflow/.local/lib/python3.12/site-packages/airflow/example_dags/example_latest_only_with_trigger.py
[2024-04-21T14:56:21.505+0000] {logging_mixin.py:188} INFO - [2024-04-21T14:56:21.505+0000] {dag.py:3096} INFO - Sync 1 DAGs
[2024-04-21T14:56:21.515+0000] {logging_mixin.py:188} INFO - [2024-04-21T14:56:21.514+0000] {dag.py:3954} INFO - Setting next_dagrun for latest_only_with_trigger to 2024-04-21 08:00:00+00:00, run_after=2024-04-21 12:00:00+00:00
[2024-04-21T14:56:21.522+0000] {processor.py:183} INFO - Processing /home/airflow/.local/lib/python3.12/site-packages/airflow/example_dags/example_latest_only_with_trigger.py took 0.037 seconds
[2024-04-21T14:56:52.489+0000] {processor.py:161} INFO - Started process (PID=5620) to work on /home/airflow/.local/lib/python3.12/site-packages/airflow/example_dags/example_latest_only_with_trigger.py
[2024-04-21T14:56:52.490+0000] {processor.py:830} INFO - Processing file /home/airflow/.local/lib/python3.12/site-packages/airflow/example_dags/example_latest_only_with_trigger.py for tasks to queue
[2024-04-21T14:56:52.491+0000] {logging_mixin.py:188} INFO - [2024-04-21T14:56:52.491+0000] {dagbag.py:540} INFO - Filling up the DagBag from /home/airflow/.local/lib/python3.12/site-packages/airflow/example_dags/example_latest_only_with_trigger.py
[2024-04-21T14:56:52.494+0000] {processor.py:840} INFO - DAG(s) 'latest_only_with_trigger' retrieved from /home/airflow/.local/lib/python3.12/site-packages/airflow/example_dags/example_latest_only_with_trigger.py
[2024-04-21T14:56:52.508+0000] {logging_mixin.py:188} INFO - [2024-04-21T14:56:52.508+0000] {dag.py:3096} INFO - Sync 1 DAGs
[2024-04-21T14:56:52.518+0000] {logging_mixin.py:188} INFO - [2024-04-21T14:56:52.518+0000] {dag.py:3954} INFO - Setting next_dagrun for latest_only_with_trigger to 2024-04-21 08:00:00+00:00, run_after=2024-04-21 12:00:00+00:00
[2024-04-21T14:56:52.526+0000] {processor.py:183} INFO - Processing /home/airflow/.local/lib/python3.12/site-packages/airflow/example_dags/example_latest_only_with_trigger.py took 0.040 seconds
[2024-04-21T14:57:22.578+0000] {processor.py:161} INFO - Started process (PID=5887) to work on /home/airflow/.local/lib/python3.12/site-packages/airflow/example_dags/example_latest_only_with_trigger.py
[2024-04-21T14:57:22.579+0000] {processor.py:830} INFO - Processing file /home/airflow/.local/lib/python3.12/site-packages/airflow/example_dags/example_latest_only_with_trigger.py for tasks to queue
[2024-04-21T14:57:22.580+0000] {logging_mixin.py:188} INFO - [2024-04-21T14:57:22.580+0000] {dagbag.py:540} INFO - Filling up the DagBag from /home/airflow/.local/lib/python3.12/site-packages/airflow/example_dags/example_latest_only_with_trigger.py
[2024-04-21T14:57:22.583+0000] {processor.py:840} INFO - DAG(s) 'latest_only_with_trigger' retrieved from /home/airflow/.local/lib/python3.12/site-packages/airflow/example_dags/example_latest_only_with_trigger.py
[2024-04-21T14:57:22.594+0000] {logging_mixin.py:188} INFO - [2024-04-21T14:57:22.594+0000] {dag.py:3096} INFO - Sync 1 DAGs
[2024-04-21T14:57:22.604+0000] {logging_mixin.py:188} INFO - [2024-04-21T14:57:22.604+0000] {dag.py:3954} INFO - Setting next_dagrun for latest_only_with_trigger to 2024-04-21 08:00:00+00:00, run_after=2024-04-21 12:00:00+00:00
[2024-04-21T14:57:22.611+0000] {processor.py:183} INFO - Processing /home/airflow/.local/lib/python3.12/site-packages/airflow/example_dags/example_latest_only_with_trigger.py took 0.036 seconds
[2024-04-21T14:57:52.746+0000] {processor.py:161} INFO - Started process (PID=6163) to work on /home/airflow/.local/lib/python3.12/site-packages/airflow/example_dags/example_latest_only_with_trigger.py
[2024-04-21T14:57:52.746+0000] {processor.py:830} INFO - Processing file /home/airflow/.local/lib/python3.12/site-packages/airflow/example_dags/example_latest_only_with_trigger.py for tasks to queue
[2024-04-21T14:57:52.747+0000] {logging_mixin.py:188} INFO - [2024-04-21T14:57:52.747+0000] {dagbag.py:540} INFO - Filling up the DagBag from /home/airflow/.local/lib/python3.12/site-packages/airflow/example_dags/example_latest_only_with_trigger.py
[2024-04-21T14:57:52.750+0000] {processor.py:840} INFO - DAG(s) 'latest_only_with_trigger' retrieved from /home/airflow/.local/lib/python3.12/site-packages/airflow/example_dags/example_latest_only_with_trigger.py
[2024-04-21T14:57:52.762+0000] {logging_mixin.py:188} INFO - [2024-04-21T14:57:52.762+0000] {dag.py:3096} INFO - Sync 1 DAGs
[2024-04-21T14:57:52.772+0000] {logging_mixin.py:188} INFO - [2024-04-21T14:57:52.772+0000] {dag.py:3954} INFO - Setting next_dagrun for latest_only_with_trigger to 2024-04-21 08:00:00+00:00, run_after=2024-04-21 12:00:00+00:00
[2024-04-21T14:57:52.779+0000] {processor.py:183} INFO - Processing /home/airflow/.local/lib/python3.12/site-packages/airflow/example_dags/example_latest_only_with_trigger.py took 0.037 seconds
[2024-04-21T14:58:23.770+0000] {processor.py:161} INFO - Started process (PID=6429) to work on /home/airflow/.local/lib/python3.12/site-packages/airflow/example_dags/example_latest_only_with_trigger.py
[2024-04-21T14:58:23.770+0000] {processor.py:830} INFO - Processing file /home/airflow/.local/lib/python3.12/site-packages/airflow/example_dags/example_latest_only_with_trigger.py for tasks to queue
[2024-04-21T14:58:23.771+0000] {logging_mixin.py:188} INFO - [2024-04-21T14:58:23.771+0000] {dagbag.py:540} INFO - Filling up the DagBag from /home/airflow/.local/lib/python3.12/site-packages/airflow/example_dags/example_latest_only_with_trigger.py
[2024-04-21T14:58:23.775+0000] {processor.py:840} INFO - DAG(s) 'latest_only_with_trigger' retrieved from /home/airflow/.local/lib/python3.12/site-packages/airflow/example_dags/example_latest_only_with_trigger.py
[2024-04-21T14:58:23.788+0000] {logging_mixin.py:188} INFO - [2024-04-21T14:58:23.788+0000] {dag.py:3096} INFO - Sync 1 DAGs
[2024-04-21T14:58:23.799+0000] {logging_mixin.py:188} INFO - [2024-04-21T14:58:23.798+0000] {dag.py:3954} INFO - Setting next_dagrun for latest_only_with_trigger to 2024-04-21 08:00:00+00:00, run_after=2024-04-21 12:00:00+00:00
[2024-04-21T14:58:23.808+0000] {processor.py:183} INFO - Processing /home/airflow/.local/lib/python3.12/site-packages/airflow/example_dags/example_latest_only_with_trigger.py took 0.041 seconds
[2024-04-21T14:58:54.345+0000] {processor.py:161} INFO - Started process (PID=6702) to work on /home/airflow/.local/lib/python3.12/site-packages/airflow/example_dags/example_latest_only_with_trigger.py
[2024-04-21T14:58:54.346+0000] {processor.py:830} INFO - Processing file /home/airflow/.local/lib/python3.12/site-packages/airflow/example_dags/example_latest_only_with_trigger.py for tasks to queue
[2024-04-21T14:58:54.347+0000] {logging_mixin.py:188} INFO - [2024-04-21T14:58:54.347+0000] {dagbag.py:540} INFO - Filling up the DagBag from /home/airflow/.local/lib/python3.12/site-packages/airflow/example_dags/example_latest_only_with_trigger.py
[2024-04-21T14:58:54.350+0000] {processor.py:840} INFO - DAG(s) 'latest_only_with_trigger' retrieved from /home/airflow/.local/lib/python3.12/site-packages/airflow/example_dags/example_latest_only_with_trigger.py
[2024-04-21T14:58:54.362+0000] {logging_mixin.py:188} INFO - [2024-04-21T14:58:54.362+0000] {dag.py:3096} INFO - Sync 1 DAGs
[2024-04-21T14:58:54.371+0000] {logging_mixin.py:188} INFO - [2024-04-21T14:58:54.371+0000] {dag.py:3954} INFO - Setting next_dagrun for latest_only_with_trigger to 2024-04-21 08:00:00+00:00, run_after=2024-04-21 12:00:00+00:00
[2024-04-21T14:58:54.378+0000] {processor.py:183} INFO - Processing /home/airflow/.local/lib/python3.12/site-packages/airflow/example_dags/example_latest_only_with_trigger.py took 0.036 seconds
[2024-04-21T14:59:25.084+0000] {processor.py:161} INFO - Started process (PID=6975) to work on /home/airflow/.local/lib/python3.12/site-packages/airflow/example_dags/example_latest_only_with_trigger.py
[2024-04-21T14:59:25.084+0000] {processor.py:830} INFO - Processing file /home/airflow/.local/lib/python3.12/site-packages/airflow/example_dags/example_latest_only_with_trigger.py for tasks to queue
[2024-04-21T14:59:25.085+0000] {logging_mixin.py:188} INFO - [2024-04-21T14:59:25.085+0000] {dagbag.py:540} INFO - Filling up the DagBag from /home/airflow/.local/lib/python3.12/site-packages/airflow/example_dags/example_latest_only_with_trigger.py
[2024-04-21T14:59:25.088+0000] {processor.py:840} INFO - DAG(s) 'latest_only_with_trigger' retrieved from /home/airflow/.local/lib/python3.12/site-packages/airflow/example_dags/example_latest_only_with_trigger.py
[2024-04-21T14:59:25.101+0000] {logging_mixin.py:188} INFO - [2024-04-21T14:59:25.101+0000] {dag.py:3096} INFO - Sync 1 DAGs
[2024-04-21T14:59:25.110+0000] {logging_mixin.py:188} INFO - [2024-04-21T14:59:25.110+0000] {dag.py:3954} INFO - Setting next_dagrun for latest_only_with_trigger to 2024-04-21 08:00:00+00:00, run_after=2024-04-21 12:00:00+00:00
[2024-04-21T14:59:25.117+0000] {processor.py:183} INFO - Processing /home/airflow/.local/lib/python3.12/site-packages/airflow/example_dags/example_latest_only_with_trigger.py took 0.037 seconds
[2024-04-21T14:59:55.881+0000] {processor.py:161} INFO - Started process (PID=7242) to work on /home/airflow/.local/lib/python3.12/site-packages/airflow/example_dags/example_latest_only_with_trigger.py
[2024-04-21T14:59:55.882+0000] {processor.py:830} INFO - Processing file /home/airflow/.local/lib/python3.12/site-packages/airflow/example_dags/example_latest_only_with_trigger.py for tasks to queue
[2024-04-21T14:59:55.883+0000] {logging_mixin.py:188} INFO - [2024-04-21T14:59:55.883+0000] {dagbag.py:540} INFO - Filling up the DagBag from /home/airflow/.local/lib/python3.12/site-packages/airflow/example_dags/example_latest_only_with_trigger.py
[2024-04-21T14:59:55.886+0000] {processor.py:840} INFO - DAG(s) 'latest_only_with_trigger' retrieved from /home/airflow/.local/lib/python3.12/site-packages/airflow/example_dags/example_latest_only_with_trigger.py
[2024-04-21T14:59:55.899+0000] {logging_mixin.py:188} INFO - [2024-04-21T14:59:55.899+0000] {dag.py:3096} INFO - Sync 1 DAGs
[2024-04-21T14:59:55.908+0000] {logging_mixin.py:188} INFO - [2024-04-21T14:59:55.908+0000] {dag.py:3954} INFO - Setting next_dagrun for latest_only_with_trigger to 2024-04-21 08:00:00+00:00, run_after=2024-04-21 12:00:00+00:00
[2024-04-21T14:59:55.915+0000] {processor.py:183} INFO - Processing /home/airflow/.local/lib/python3.12/site-packages/airflow/example_dags/example_latest_only_with_trigger.py took 0.037 seconds
[2024-04-21T15:00:26.739+0000] {processor.py:161} INFO - Started process (PID=7534) to work on /home/airflow/.local/lib/python3.12/site-packages/airflow/example_dags/example_latest_only_with_trigger.py
[2024-04-21T15:00:26.740+0000] {processor.py:830} INFO - Processing file /home/airflow/.local/lib/python3.12/site-packages/airflow/example_dags/example_latest_only_with_trigger.py for tasks to queue
[2024-04-21T15:00:26.741+0000] {logging_mixin.py:188} INFO - [2024-04-21T15:00:26.741+0000] {dagbag.py:540} INFO - Filling up the DagBag from /home/airflow/.local/lib/python3.12/site-packages/airflow/example_dags/example_latest_only_with_trigger.py
[2024-04-21T15:00:26.744+0000] {processor.py:840} INFO - DAG(s) 'latest_only_with_trigger' retrieved from /home/airflow/.local/lib/python3.12/site-packages/airflow/example_dags/example_latest_only_with_trigger.py
[2024-04-21T15:00:26.757+0000] {logging_mixin.py:188} INFO - [2024-04-21T15:00:26.757+0000] {dag.py:3096} INFO - Sync 1 DAGs
[2024-04-21T15:00:26.766+0000] {logging_mixin.py:188} INFO - [2024-04-21T15:00:26.766+0000] {dag.py:3954} INFO - Setting next_dagrun for latest_only_with_trigger to 2024-04-21 08:00:00+00:00, run_after=2024-04-21 12:00:00+00:00
[2024-04-21T15:00:26.773+0000] {processor.py:183} INFO - Processing /home/airflow/.local/lib/python3.12/site-packages/airflow/example_dags/example_latest_only_with_trigger.py took 0.038 seconds
[2024-04-21T15:00:57.798+0000] {processor.py:161} INFO - Started process (PID=7799) to work on /home/airflow/.local/lib/python3.12/site-packages/airflow/example_dags/example_latest_only_with_trigger.py
[2024-04-21T15:00:57.799+0000] {processor.py:830} INFO - Processing file /home/airflow/.local/lib/python3.12/site-packages/airflow/example_dags/example_latest_only_with_trigger.py for tasks to queue
[2024-04-21T15:00:57.800+0000] {logging_mixin.py:188} INFO - [2024-04-21T15:00:57.800+0000] {dagbag.py:540} INFO - Filling up the DagBag from /home/airflow/.local/lib/python3.12/site-packages/airflow/example_dags/example_latest_only_with_trigger.py
[2024-04-21T15:00:57.803+0000] {processor.py:840} INFO - DAG(s) 'latest_only_with_trigger' retrieved from /home/airflow/.local/lib/python3.12/site-packages/airflow/example_dags/example_latest_only_with_trigger.py
[2024-04-21T15:00:57.815+0000] {logging_mixin.py:188} INFO - [2024-04-21T15:00:57.815+0000] {dag.py:3096} INFO - Sync 1 DAGs
[2024-04-21T15:00:57.825+0000] {logging_mixin.py:188} INFO - [2024-04-21T15:00:57.825+0000] {dag.py:3954} INFO - Setting next_dagrun for latest_only_with_trigger to 2024-04-21 08:00:00+00:00, run_after=2024-04-21 12:00:00+00:00
[2024-04-21T15:00:57.832+0000] {processor.py:183} INFO - Processing /home/airflow/.local/lib/python3.12/site-packages/airflow/example_dags/example_latest_only_with_trigger.py took 0.037 seconds
[2024-04-21T15:01:28.013+0000] {processor.py:161} INFO - Started process (PID=8068) to work on /home/airflow/.local/lib/python3.12/site-packages/airflow/example_dags/example_latest_only_with_trigger.py
[2024-04-21T15:01:28.014+0000] {processor.py:830} INFO - Processing file /home/airflow/.local/lib/python3.12/site-packages/airflow/example_dags/example_latest_only_with_trigger.py for tasks to queue
[2024-04-21T15:01:28.015+0000] {logging_mixin.py:188} INFO - [2024-04-21T15:01:28.015+0000] {dagbag.py:540} INFO - Filling up the DagBag from /home/airflow/.local/lib/python3.12/site-packages/airflow/example_dags/example_latest_only_with_trigger.py
[2024-04-21T15:01:28.018+0000] {processor.py:840} INFO - DAG(s) 'latest_only_with_trigger' retrieved from /home/airflow/.local/lib/python3.12/site-packages/airflow/example_dags/example_latest_only_with_trigger.py
[2024-04-21T15:01:28.031+0000] {logging_mixin.py:188} INFO - [2024-04-21T15:01:28.031+0000] {dag.py:3096} INFO - Sync 1 DAGs
[2024-04-21T15:01:28.041+0000] {logging_mixin.py:188} INFO - [2024-04-21T15:01:28.041+0000] {dag.py:3954} INFO - Setting next_dagrun for latest_only_with_trigger to 2024-04-21 08:00:00+00:00, run_after=2024-04-21 12:00:00+00:00
[2024-04-21T15:01:28.049+0000] {processor.py:183} INFO - Processing /home/airflow/.local/lib/python3.12/site-packages/airflow/example_dags/example_latest_only_with_trigger.py took 0.039 seconds
[2024-04-21T15:01:58.104+0000] {processor.py:161} INFO - Started process (PID=8348) to work on /home/airflow/.local/lib/python3.12/site-packages/airflow/example_dags/example_latest_only_with_trigger.py
[2024-04-21T15:01:58.104+0000] {processor.py:830} INFO - Processing file /home/airflow/.local/lib/python3.12/site-packages/airflow/example_dags/example_latest_only_with_trigger.py for tasks to queue
[2024-04-21T15:01:58.105+0000] {logging_mixin.py:188} INFO - [2024-04-21T15:01:58.105+0000] {dagbag.py:540} INFO - Filling up the DagBag from /home/airflow/.local/lib/python3.12/site-packages/airflow/example_dags/example_latest_only_with_trigger.py
[2024-04-21T15:01:58.108+0000] {processor.py:840} INFO - DAG(s) 'latest_only_with_trigger' retrieved from /home/airflow/.local/lib/python3.12/site-packages/airflow/example_dags/example_latest_only_with_trigger.py
[2024-04-21T15:01:58.121+0000] {logging_mixin.py:188} INFO - [2024-04-21T15:01:58.120+0000] {dag.py:3096} INFO - Sync 1 DAGs
[2024-04-21T15:01:58.130+0000] {logging_mixin.py:188} INFO - [2024-04-21T15:01:58.130+0000] {dag.py:3954} INFO - Setting next_dagrun for latest_only_with_trigger to 2024-04-21 08:00:00+00:00, run_after=2024-04-21 12:00:00+00:00
[2024-04-21T15:01:58.137+0000] {processor.py:183} INFO - Processing /home/airflow/.local/lib/python3.12/site-packages/airflow/example_dags/example_latest_only_with_trigger.py took 0.037 seconds
[2024-04-21T15:02:28.957+0000] {processor.py:161} INFO - Started process (PID=8622) to work on /home/airflow/.local/lib/python3.12/site-packages/airflow/example_dags/example_latest_only_with_trigger.py
[2024-04-21T15:02:28.957+0000] {processor.py:830} INFO - Processing file /home/airflow/.local/lib/python3.12/site-packages/airflow/example_dags/example_latest_only_with_trigger.py for tasks to queue
[2024-04-21T15:02:28.958+0000] {logging_mixin.py:188} INFO - [2024-04-21T15:02:28.958+0000] {dagbag.py:540} INFO - Filling up the DagBag from /home/airflow/.local/lib/python3.12/site-packages/airflow/example_dags/example_latest_only_with_trigger.py
[2024-04-21T15:02:28.961+0000] {processor.py:840} INFO - DAG(s) 'latest_only_with_trigger' retrieved from /home/airflow/.local/lib/python3.12/site-packages/airflow/example_dags/example_latest_only_with_trigger.py
[2024-04-21T15:02:28.974+0000] {logging_mixin.py:188} INFO - [2024-04-21T15:02:28.973+0000] {dag.py:3096} INFO - Sync 1 DAGs
[2024-04-21T15:02:28.983+0000] {logging_mixin.py:188} INFO - [2024-04-21T15:02:28.983+0000] {dag.py:3954} INFO - Setting next_dagrun for latest_only_with_trigger to 2024-04-21 08:00:00+00:00, run_after=2024-04-21 12:00:00+00:00
[2024-04-21T15:02:28.990+0000] {processor.py:183} INFO - Processing /home/airflow/.local/lib/python3.12/site-packages/airflow/example_dags/example_latest_only_with_trigger.py took 0.036 seconds
[2024-04-21T15:02:59.833+0000] {processor.py:161} INFO - Started process (PID=8898) to work on /home/airflow/.local/lib/python3.12/site-packages/airflow/example_dags/example_latest_only_with_trigger.py
[2024-04-21T15:02:59.834+0000] {processor.py:830} INFO - Processing file /home/airflow/.local/lib/python3.12/site-packages/airflow/example_dags/example_latest_only_with_trigger.py for tasks to queue
[2024-04-21T15:02:59.835+0000] {logging_mixin.py:188} INFO - [2024-04-21T15:02:59.835+0000] {dagbag.py:540} INFO - Filling up the DagBag from /home/airflow/.local/lib/python3.12/site-packages/airflow/example_dags/example_latest_only_with_trigger.py
[2024-04-21T15:02:59.838+0000] {processor.py:840} INFO - DAG(s) 'latest_only_with_trigger' retrieved from /home/airflow/.local/lib/python3.12/site-packages/airflow/example_dags/example_latest_only_with_trigger.py
[2024-04-21T15:02:59.850+0000] {logging_mixin.py:188} INFO - [2024-04-21T15:02:59.850+0000] {dag.py:3096} INFO - Sync 1 DAGs
[2024-04-21T15:02:59.860+0000] {logging_mixin.py:188} INFO - [2024-04-21T15:02:59.860+0000] {dag.py:3954} INFO - Setting next_dagrun for latest_only_with_trigger to 2024-04-21 08:00:00+00:00, run_after=2024-04-21 12:00:00+00:00
[2024-04-21T15:02:59.868+0000] {processor.py:183} INFO - Processing /home/airflow/.local/lib/python3.12/site-packages/airflow/example_dags/example_latest_only_with_trigger.py took 0.037 seconds
[2024-04-21T15:03:30.730+0000] {processor.py:161} INFO - Started process (PID=9165) to work on /home/airflow/.local/lib/python3.12/site-packages/airflow/example_dags/example_latest_only_with_trigger.py
[2024-04-21T15:03:30.730+0000] {processor.py:830} INFO - Processing file /home/airflow/.local/lib/python3.12/site-packages/airflow/example_dags/example_latest_only_with_trigger.py for tasks to queue
[2024-04-21T15:03:30.731+0000] {logging_mixin.py:188} INFO - [2024-04-21T15:03:30.731+0000] {dagbag.py:540} INFO - Filling up the DagBag from /home/airflow/.local/lib/python3.12/site-packages/airflow/example_dags/example_latest_only_with_trigger.py
[2024-04-21T15:03:30.734+0000] {processor.py:840} INFO - DAG(s) 'latest_only_with_trigger' retrieved from /home/airflow/.local/lib/python3.12/site-packages/airflow/example_dags/example_latest_only_with_trigger.py
[2024-04-21T15:03:30.746+0000] {logging_mixin.py:188} INFO - [2024-04-21T15:03:30.746+0000] {dag.py:3096} INFO - Sync 1 DAGs
[2024-04-21T15:03:30.756+0000] {logging_mixin.py:188} INFO - [2024-04-21T15:03:30.756+0000] {dag.py:3954} INFO - Setting next_dagrun for latest_only_with_trigger to 2024-04-21 08:00:00+00:00, run_after=2024-04-21 12:00:00+00:00
[2024-04-21T15:03:30.763+0000] {processor.py:183} INFO - Processing /home/airflow/.local/lib/python3.12/site-packages/airflow/example_dags/example_latest_only_with_trigger.py took 0.037 seconds
[2024-04-21T15:04:01.666+0000] {processor.py:161} INFO - Started process (PID=9432) to work on /home/airflow/.local/lib/python3.12/site-packages/airflow/example_dags/example_latest_only_with_trigger.py
[2024-04-21T15:04:01.667+0000] {processor.py:830} INFO - Processing file /home/airflow/.local/lib/python3.12/site-packages/airflow/example_dags/example_latest_only_with_trigger.py for tasks to queue
[2024-04-21T15:04:01.668+0000] {logging_mixin.py:188} INFO - [2024-04-21T15:04:01.668+0000] {dagbag.py:540} INFO - Filling up the DagBag from /home/airflow/.local/lib/python3.12/site-packages/airflow/example_dags/example_latest_only_with_trigger.py
[2024-04-21T15:04:01.671+0000] {processor.py:840} INFO - DAG(s) 'latest_only_with_trigger' retrieved from /home/airflow/.local/lib/python3.12/site-packages/airflow/example_dags/example_latest_only_with_trigger.py
[2024-04-21T15:04:01.683+0000] {logging_mixin.py:188} INFO - [2024-04-21T15:04:01.683+0000] {dag.py:3096} INFO - Sync 1 DAGs
[2024-04-21T15:04:01.693+0000] {logging_mixin.py:188} INFO - [2024-04-21T15:04:01.693+0000] {dag.py:3954} INFO - Setting next_dagrun for latest_only_with_trigger to 2024-04-21 08:00:00+00:00, run_after=2024-04-21 12:00:00+00:00
[2024-04-21T15:04:01.700+0000] {processor.py:183} INFO - Processing /home/airflow/.local/lib/python3.12/site-packages/airflow/example_dags/example_latest_only_with_trigger.py took 0.037 seconds
[2024-04-21T15:04:32.508+0000] {processor.py:161} INFO - Started process (PID=9699) to work on /home/airflow/.local/lib/python3.12/site-packages/airflow/example_dags/example_latest_only_with_trigger.py
[2024-04-21T15:04:32.509+0000] {processor.py:830} INFO - Processing file /home/airflow/.local/lib/python3.12/site-packages/airflow/example_dags/example_latest_only_with_trigger.py for tasks to queue
[2024-04-21T15:04:32.510+0000] {logging_mixin.py:188} INFO - [2024-04-21T15:04:32.510+0000] {dagbag.py:540} INFO - Filling up the DagBag from /home/airflow/.local/lib/python3.12/site-packages/airflow/example_dags/example_latest_only_with_trigger.py
[2024-04-21T15:04:32.513+0000] {processor.py:840} INFO - DAG(s) 'latest_only_with_trigger' retrieved from /home/airflow/.local/lib/python3.12/site-packages/airflow/example_dags/example_latest_only_with_trigger.py
[2024-04-21T15:04:32.525+0000] {logging_mixin.py:188} INFO - [2024-04-21T15:04:32.525+0000] {dag.py:3096} INFO - Sync 1 DAGs
[2024-04-21T15:04:32.535+0000] {logging_mixin.py:188} INFO - [2024-04-21T15:04:32.534+0000] {dag.py:3954} INFO - Setting next_dagrun for latest_only_with_trigger to 2024-04-21 08:00:00+00:00, run_after=2024-04-21 12:00:00+00:00
[2024-04-21T15:04:32.541+0000] {processor.py:183} INFO - Processing /home/airflow/.local/lib/python3.12/site-packages/airflow/example_dags/example_latest_only_with_trigger.py took 0.036 seconds
[2024-04-21T15:05:03.370+0000] {processor.py:161} INFO - Started process (PID=9965) to work on /home/airflow/.local/lib/python3.12/site-packages/airflow/example_dags/example_latest_only_with_trigger.py
[2024-04-21T15:05:03.371+0000] {processor.py:830} INFO - Processing file /home/airflow/.local/lib/python3.12/site-packages/airflow/example_dags/example_latest_only_with_trigger.py for tasks to queue
[2024-04-21T15:05:03.372+0000] {logging_mixin.py:188} INFO - [2024-04-21T15:05:03.372+0000] {dagbag.py:540} INFO - Filling up the DagBag from /home/airflow/.local/lib/python3.12/site-packages/airflow/example_dags/example_latest_only_with_trigger.py
[2024-04-21T15:05:03.375+0000] {processor.py:840} INFO - DAG(s) 'latest_only_with_trigger' retrieved from /home/airflow/.local/lib/python3.12/site-packages/airflow/example_dags/example_latest_only_with_trigger.py
[2024-04-21T15:05:03.389+0000] {logging_mixin.py:188} INFO - [2024-04-21T15:05:03.389+0000] {dag.py:3096} INFO - Sync 1 DAGs
[2024-04-21T15:05:03.400+0000] {logging_mixin.py:188} INFO - [2024-04-21T15:05:03.400+0000] {dag.py:3954} INFO - Setting next_dagrun for latest_only_with_trigger to 2024-04-21 08:00:00+00:00, run_after=2024-04-21 12:00:00+00:00
[2024-04-21T15:05:03.408+0000] {processor.py:183} INFO - Processing /home/airflow/.local/lib/python3.12/site-packages/airflow/example_dags/example_latest_only_with_trigger.py took 0.042 seconds
[2024-04-21T15:05:34.224+0000] {processor.py:161} INFO - Started process (PID=10232) to work on /home/airflow/.local/lib/python3.12/site-packages/airflow/example_dags/example_latest_only_with_trigger.py
[2024-04-21T15:05:34.225+0000] {processor.py:830} INFO - Processing file /home/airflow/.local/lib/python3.12/site-packages/airflow/example_dags/example_latest_only_with_trigger.py for tasks to queue
[2024-04-21T15:05:34.226+0000] {logging_mixin.py:188} INFO - [2024-04-21T15:05:34.226+0000] {dagbag.py:540} INFO - Filling up the DagBag from /home/airflow/.local/lib/python3.12/site-packages/airflow/example_dags/example_latest_only_with_trigger.py
[2024-04-21T15:05:34.229+0000] {processor.py:840} INFO - DAG(s) 'latest_only_with_trigger' retrieved from /home/airflow/.local/lib/python3.12/site-packages/airflow/example_dags/example_latest_only_with_trigger.py
[2024-04-21T15:05:34.241+0000] {logging_mixin.py:188} INFO - [2024-04-21T15:05:34.241+0000] {dag.py:3096} INFO - Sync 1 DAGs
[2024-04-21T15:05:34.250+0000] {logging_mixin.py:188} INFO - [2024-04-21T15:05:34.250+0000] {dag.py:3954} INFO - Setting next_dagrun for latest_only_with_trigger to 2024-04-21 08:00:00+00:00, run_after=2024-04-21 12:00:00+00:00
[2024-04-21T15:05:34.257+0000] {processor.py:183} INFO - Processing /home/airflow/.local/lib/python3.12/site-packages/airflow/example_dags/example_latest_only_with_trigger.py took 0.036 seconds
[2024-04-21T15:06:05.111+0000] {processor.py:161} INFO - Started process (PID=10501) to work on /home/airflow/.local/lib/python3.12/site-packages/airflow/example_dags/example_latest_only_with_trigger.py
[2024-04-21T15:06:05.111+0000] {processor.py:830} INFO - Processing file /home/airflow/.local/lib/python3.12/site-packages/airflow/example_dags/example_latest_only_with_trigger.py for tasks to queue
[2024-04-21T15:06:05.112+0000] {logging_mixin.py:188} INFO - [2024-04-21T15:06:05.112+0000] {dagbag.py:540} INFO - Filling up the DagBag from /home/airflow/.local/lib/python3.12/site-packages/airflow/example_dags/example_latest_only_with_trigger.py
[2024-04-21T15:06:05.115+0000] {processor.py:840} INFO - DAG(s) 'latest_only_with_trigger' retrieved from /home/airflow/.local/lib/python3.12/site-packages/airflow/example_dags/example_latest_only_with_trigger.py
[2024-04-21T15:06:05.128+0000] {logging_mixin.py:188} INFO - [2024-04-21T15:06:05.128+0000] {dag.py:3096} INFO - Sync 1 DAGs
[2024-04-21T15:06:05.137+0000] {logging_mixin.py:188} INFO - [2024-04-21T15:06:05.137+0000] {dag.py:3954} INFO - Setting next_dagrun for latest_only_with_trigger to 2024-04-21 08:00:00+00:00, run_after=2024-04-21 12:00:00+00:00
[2024-04-21T15:06:05.145+0000] {processor.py:183} INFO - Processing /home/airflow/.local/lib/python3.12/site-packages/airflow/example_dags/example_latest_only_with_trigger.py took 0.037 seconds
[2024-04-21T15:06:36.011+0000] {processor.py:161} INFO - Started process (PID=10768) to work on /home/airflow/.local/lib/python3.12/site-packages/airflow/example_dags/example_latest_only_with_trigger.py
[2024-04-21T15:06:36.012+0000] {processor.py:830} INFO - Processing file /home/airflow/.local/lib/python3.12/site-packages/airflow/example_dags/example_latest_only_with_trigger.py for tasks to queue
[2024-04-21T15:06:36.013+0000] {logging_mixin.py:188} INFO - [2024-04-21T15:06:36.013+0000] {dagbag.py:540} INFO - Filling up the DagBag from /home/airflow/.local/lib/python3.12/site-packages/airflow/example_dags/example_latest_only_with_trigger.py
[2024-04-21T15:06:36.016+0000] {processor.py:840} INFO - DAG(s) 'latest_only_with_trigger' retrieved from /home/airflow/.local/lib/python3.12/site-packages/airflow/example_dags/example_latest_only_with_trigger.py
[2024-04-21T15:06:36.029+0000] {logging_mixin.py:188} INFO - [2024-04-21T15:06:36.029+0000] {dag.py:3096} INFO - Sync 1 DAGs
[2024-04-21T15:06:36.039+0000] {logging_mixin.py:188} INFO - [2024-04-21T15:06:36.038+0000] {dag.py:3954} INFO - Setting next_dagrun for latest_only_with_trigger to 2024-04-21 08:00:00+00:00, run_after=2024-04-21 12:00:00+00:00
[2024-04-21T15:06:36.045+0000] {processor.py:183} INFO - Processing /home/airflow/.local/lib/python3.12/site-packages/airflow/example_dags/example_latest_only_with_trigger.py took 0.037 seconds
[2024-04-21T15:07:06.187+0000] {processor.py:161} INFO - Started process (PID=11035) to work on /home/airflow/.local/lib/python3.12/site-packages/airflow/example_dags/example_latest_only_with_trigger.py
[2024-04-21T15:07:06.188+0000] {processor.py:830} INFO - Processing file /home/airflow/.local/lib/python3.12/site-packages/airflow/example_dags/example_latest_only_with_trigger.py for tasks to queue
[2024-04-21T15:07:06.189+0000] {logging_mixin.py:188} INFO - [2024-04-21T15:07:06.189+0000] {dagbag.py:540} INFO - Filling up the DagBag from /home/airflow/.local/lib/python3.12/site-packages/airflow/example_dags/example_latest_only_with_trigger.py
[2024-04-21T15:07:06.192+0000] {processor.py:840} INFO - DAG(s) 'latest_only_with_trigger' retrieved from /home/airflow/.local/lib/python3.12/site-packages/airflow/example_dags/example_latest_only_with_trigger.py
[2024-04-21T15:07:06.205+0000] {logging_mixin.py:188} INFO - [2024-04-21T15:07:06.205+0000] {dag.py:3096} INFO - Sync 1 DAGs
[2024-04-21T15:07:06.214+0000] {logging_mixin.py:188} INFO - [2024-04-21T15:07:06.214+0000] {dag.py:3954} INFO - Setting next_dagrun for latest_only_with_trigger to 2024-04-21 08:00:00+00:00, run_after=2024-04-21 12:00:00+00:00
[2024-04-21T15:07:06.221+0000] {processor.py:183} INFO - Processing /home/airflow/.local/lib/python3.12/site-packages/airflow/example_dags/example_latest_only_with_trigger.py took 0.037 seconds
[2024-04-21T15:07:36.472+0000] {processor.py:161} INFO - Started process (PID=11324) to work on /home/airflow/.local/lib/python3.12/site-packages/airflow/example_dags/example_latest_only_with_trigger.py
[2024-04-21T15:07:36.473+0000] {processor.py:830} INFO - Processing file /home/airflow/.local/lib/python3.12/site-packages/airflow/example_dags/example_latest_only_with_trigger.py for tasks to queue
[2024-04-21T15:07:36.474+0000] {logging_mixin.py:188} INFO - [2024-04-21T15:07:36.474+0000] {dagbag.py:540} INFO - Filling up the DagBag from /home/airflow/.local/lib/python3.12/site-packages/airflow/example_dags/example_latest_only_with_trigger.py
[2024-04-21T15:07:36.477+0000] {processor.py:840} INFO - DAG(s) 'latest_only_with_trigger' retrieved from /home/airflow/.local/lib/python3.12/site-packages/airflow/example_dags/example_latest_only_with_trigger.py
[2024-04-21T15:07:36.491+0000] {logging_mixin.py:188} INFO - [2024-04-21T15:07:36.491+0000] {dag.py:3096} INFO - Sync 1 DAGs
[2024-04-21T15:07:36.500+0000] {logging_mixin.py:188} INFO - [2024-04-21T15:07:36.500+0000] {dag.py:3954} INFO - Setting next_dagrun for latest_only_with_trigger to 2024-04-21 08:00:00+00:00, run_after=2024-04-21 12:00:00+00:00
[2024-04-21T15:07:36.508+0000] {processor.py:183} INFO - Processing /home/airflow/.local/lib/python3.12/site-packages/airflow/example_dags/example_latest_only_with_trigger.py took 0.039 seconds
[2024-04-21T15:08:06.562+0000] {processor.py:161} INFO - Started process (PID=11602) to work on /home/airflow/.local/lib/python3.12/site-packages/airflow/example_dags/example_latest_only_with_trigger.py
[2024-04-21T15:08:06.562+0000] {processor.py:830} INFO - Processing file /home/airflow/.local/lib/python3.12/site-packages/airflow/example_dags/example_latest_only_with_trigger.py for tasks to queue
[2024-04-21T15:08:06.563+0000] {logging_mixin.py:188} INFO - [2024-04-21T15:08:06.563+0000] {dagbag.py:540} INFO - Filling up the DagBag from /home/airflow/.local/lib/python3.12/site-packages/airflow/example_dags/example_latest_only_with_trigger.py
[2024-04-21T15:08:06.566+0000] {processor.py:840} INFO - DAG(s) 'latest_only_with_trigger' retrieved from /home/airflow/.local/lib/python3.12/site-packages/airflow/example_dags/example_latest_only_with_trigger.py
[2024-04-21T15:08:06.579+0000] {logging_mixin.py:188} INFO - [2024-04-21T15:08:06.579+0000] {dag.py:3096} INFO - Sync 1 DAGs
[2024-04-21T15:08:06.589+0000] {logging_mixin.py:188} INFO - [2024-04-21T15:08:06.589+0000] {dag.py:3954} INFO - Setting next_dagrun for latest_only_with_trigger to 2024-04-21 08:00:00+00:00, run_after=2024-04-21 12:00:00+00:00
[2024-04-21T15:08:06.595+0000] {processor.py:183} INFO - Processing /home/airflow/.local/lib/python3.12/site-packages/airflow/example_dags/example_latest_only_with_trigger.py took 0.037 seconds
[2024-04-21T15:08:37.511+0000] {processor.py:161} INFO - Started process (PID=11881) to work on /home/airflow/.local/lib/python3.12/site-packages/airflow/example_dags/example_latest_only_with_trigger.py
[2024-04-21T15:08:37.512+0000] {processor.py:830} INFO - Processing file /home/airflow/.local/lib/python3.12/site-packages/airflow/example_dags/example_latest_only_with_trigger.py for tasks to queue
[2024-04-21T15:08:37.513+0000] {logging_mixin.py:188} INFO - [2024-04-21T15:08:37.513+0000] {dagbag.py:540} INFO - Filling up the DagBag from /home/airflow/.local/lib/python3.12/site-packages/airflow/example_dags/example_latest_only_with_trigger.py
[2024-04-21T15:08:37.516+0000] {processor.py:840} INFO - DAG(s) 'latest_only_with_trigger' retrieved from /home/airflow/.local/lib/python3.12/site-packages/airflow/example_dags/example_latest_only_with_trigger.py
[2024-04-21T15:08:37.528+0000] {logging_mixin.py:188} INFO - [2024-04-21T15:08:37.528+0000] {dag.py:3096} INFO - Sync 1 DAGs
[2024-04-21T15:08:37.538+0000] {logging_mixin.py:188} INFO - [2024-04-21T15:08:37.538+0000] {dag.py:3954} INFO - Setting next_dagrun for latest_only_with_trigger to 2024-04-21 08:00:00+00:00, run_after=2024-04-21 12:00:00+00:00
[2024-04-21T15:08:37.545+0000] {processor.py:183} INFO - Processing /home/airflow/.local/lib/python3.12/site-packages/airflow/example_dags/example_latest_only_with_trigger.py took 0.037 seconds
[2024-04-21T15:09:08.462+0000] {processor.py:161} INFO - Started process (PID=12149) to work on /home/airflow/.local/lib/python3.12/site-packages/airflow/example_dags/example_latest_only_with_trigger.py
[2024-04-21T15:09:08.462+0000] {processor.py:830} INFO - Processing file /home/airflow/.local/lib/python3.12/site-packages/airflow/example_dags/example_latest_only_with_trigger.py for tasks to queue
[2024-04-21T15:09:08.463+0000] {logging_mixin.py:188} INFO - [2024-04-21T15:09:08.463+0000] {dagbag.py:540} INFO - Filling up the DagBag from /home/airflow/.local/lib/python3.12/site-packages/airflow/example_dags/example_latest_only_with_trigger.py
[2024-04-21T15:09:08.466+0000] {processor.py:840} INFO - DAG(s) 'latest_only_with_trigger' retrieved from /home/airflow/.local/lib/python3.12/site-packages/airflow/example_dags/example_latest_only_with_trigger.py
[2024-04-21T15:09:08.478+0000] {logging_mixin.py:188} INFO - [2024-04-21T15:09:08.478+0000] {dag.py:3096} INFO - Sync 1 DAGs
[2024-04-21T15:09:08.489+0000] {logging_mixin.py:188} INFO - [2024-04-21T15:09:08.489+0000] {dag.py:3954} INFO - Setting next_dagrun for latest_only_with_trigger to 2024-04-21 08:00:00+00:00, run_after=2024-04-21 12:00:00+00:00
[2024-04-21T15:09:08.496+0000] {processor.py:183} INFO - Processing /home/airflow/.local/lib/python3.12/site-packages/airflow/example_dags/example_latest_only_with_trigger.py took 0.037 seconds
[2024-04-21T15:09:39.228+0000] {processor.py:161} INFO - Started process (PID=12416) to work on /home/airflow/.local/lib/python3.12/site-packages/airflow/example_dags/example_latest_only_with_trigger.py
[2024-04-21T15:09:39.228+0000] {processor.py:830} INFO - Processing file /home/airflow/.local/lib/python3.12/site-packages/airflow/example_dags/example_latest_only_with_trigger.py for tasks to queue
[2024-04-21T15:09:39.230+0000] {logging_mixin.py:188} INFO - [2024-04-21T15:09:39.229+0000] {dagbag.py:540} INFO - Filling up the DagBag from /home/airflow/.local/lib/python3.12/site-packages/airflow/example_dags/example_latest_only_with_trigger.py
[2024-04-21T15:09:39.233+0000] {processor.py:840} INFO - DAG(s) 'latest_only_with_trigger' retrieved from /home/airflow/.local/lib/python3.12/site-packages/airflow/example_dags/example_latest_only_with_trigger.py
[2024-04-21T15:09:39.246+0000] {logging_mixin.py:188} INFO - [2024-04-21T15:09:39.246+0000] {dag.py:3096} INFO - Sync 1 DAGs
[2024-04-21T15:09:39.257+0000] {logging_mixin.py:188} INFO - [2024-04-21T15:09:39.257+0000] {dag.py:3954} INFO - Setting next_dagrun for latest_only_with_trigger to 2024-04-21 08:00:00+00:00, run_after=2024-04-21 12:00:00+00:00
[2024-04-21T15:09:39.266+0000] {processor.py:183} INFO - Processing /home/airflow/.local/lib/python3.12/site-packages/airflow/example_dags/example_latest_only_with_trigger.py took 0.041 seconds
[2024-04-21T15:10:10.285+0000] {processor.py:161} INFO - Started process (PID=12685) to work on /home/airflow/.local/lib/python3.12/site-packages/airflow/example_dags/example_latest_only_with_trigger.py
[2024-04-21T15:10:10.286+0000] {processor.py:830} INFO - Processing file /home/airflow/.local/lib/python3.12/site-packages/airflow/example_dags/example_latest_only_with_trigger.py for tasks to queue
[2024-04-21T15:10:10.287+0000] {logging_mixin.py:188} INFO - [2024-04-21T15:10:10.286+0000] {dagbag.py:540} INFO - Filling up the DagBag from /home/airflow/.local/lib/python3.12/site-packages/airflow/example_dags/example_latest_only_with_trigger.py
[2024-04-21T15:10:10.289+0000] {processor.py:840} INFO - DAG(s) 'latest_only_with_trigger' retrieved from /home/airflow/.local/lib/python3.12/site-packages/airflow/example_dags/example_latest_only_with_trigger.py
[2024-04-21T15:10:10.303+0000] {logging_mixin.py:188} INFO - [2024-04-21T15:10:10.303+0000] {dag.py:3096} INFO - Sync 1 DAGs
[2024-04-21T15:10:10.312+0000] {logging_mixin.py:188} INFO - [2024-04-21T15:10:10.312+0000] {dag.py:3954} INFO - Setting next_dagrun for latest_only_with_trigger to 2024-04-21 08:00:00+00:00, run_after=2024-04-21 12:00:00+00:00
[2024-04-21T15:10:10.320+0000] {processor.py:183} INFO - Processing /home/airflow/.local/lib/python3.12/site-packages/airflow/example_dags/example_latest_only_with_trigger.py took 0.038 seconds
[2024-04-21T15:10:40.643+0000] {processor.py:161} INFO - Started process (PID=12957) to work on /home/airflow/.local/lib/python3.12/site-packages/airflow/example_dags/example_latest_only_with_trigger.py
[2024-04-21T15:10:40.644+0000] {processor.py:830} INFO - Processing file /home/airflow/.local/lib/python3.12/site-packages/airflow/example_dags/example_latest_only_with_trigger.py for tasks to queue
[2024-04-21T15:10:40.645+0000] {logging_mixin.py:188} INFO - [2024-04-21T15:10:40.644+0000] {dagbag.py:540} INFO - Filling up the DagBag from /home/airflow/.local/lib/python3.12/site-packages/airflow/example_dags/example_latest_only_with_trigger.py
[2024-04-21T15:10:40.648+0000] {processor.py:840} INFO - DAG(s) 'latest_only_with_trigger' retrieved from /home/airflow/.local/lib/python3.12/site-packages/airflow/example_dags/example_latest_only_with_trigger.py
[2024-04-21T15:10:40.661+0000] {logging_mixin.py:188} INFO - [2024-04-21T15:10:40.661+0000] {dag.py:3096} INFO - Sync 1 DAGs
[2024-04-21T15:10:40.673+0000] {logging_mixin.py:188} INFO - [2024-04-21T15:10:40.673+0000] {dag.py:3954} INFO - Setting next_dagrun for latest_only_with_trigger to 2024-04-21 08:00:00+00:00, run_after=2024-04-21 12:00:00+00:00
[2024-04-21T15:10:40.682+0000] {processor.py:183} INFO - Processing /home/airflow/.local/lib/python3.12/site-packages/airflow/example_dags/example_latest_only_with_trigger.py took 0.042 seconds
[2024-04-21T15:11:11.588+0000] {processor.py:161} INFO - Started process (PID=13235) to work on /home/airflow/.local/lib/python3.12/site-packages/airflow/example_dags/example_latest_only_with_trigger.py
[2024-04-21T15:11:11.589+0000] {processor.py:830} INFO - Processing file /home/airflow/.local/lib/python3.12/site-packages/airflow/example_dags/example_latest_only_with_trigger.py for tasks to queue
[2024-04-21T15:11:11.590+0000] {logging_mixin.py:188} INFO - [2024-04-21T15:11:11.590+0000] {dagbag.py:540} INFO - Filling up the DagBag from /home/airflow/.local/lib/python3.12/site-packages/airflow/example_dags/example_latest_only_with_trigger.py
[2024-04-21T15:11:11.593+0000] {processor.py:840} INFO - DAG(s) 'latest_only_with_trigger' retrieved from /home/airflow/.local/lib/python3.12/site-packages/airflow/example_dags/example_latest_only_with_trigger.py
[2024-04-21T15:11:11.606+0000] {logging_mixin.py:188} INFO - [2024-04-21T15:11:11.605+0000] {dag.py:3096} INFO - Sync 1 DAGs
[2024-04-21T15:11:11.616+0000] {logging_mixin.py:188} INFO - [2024-04-21T15:11:11.616+0000] {dag.py:3954} INFO - Setting next_dagrun for latest_only_with_trigger to 2024-04-21 08:00:00+00:00, run_after=2024-04-21 12:00:00+00:00
[2024-04-21T15:11:11.623+0000] {processor.py:183} INFO - Processing /home/airflow/.local/lib/python3.12/site-packages/airflow/example_dags/example_latest_only_with_trigger.py took 0.038 seconds
[2024-04-21T15:11:42.582+0000] {processor.py:161} INFO - Started process (PID=13508) to work on /home/airflow/.local/lib/python3.12/site-packages/airflow/example_dags/example_latest_only_with_trigger.py
[2024-04-21T15:11:42.582+0000] {processor.py:830} INFO - Processing file /home/airflow/.local/lib/python3.12/site-packages/airflow/example_dags/example_latest_only_with_trigger.py for tasks to queue
[2024-04-21T15:11:42.583+0000] {logging_mixin.py:188} INFO - [2024-04-21T15:11:42.583+0000] {dagbag.py:540} INFO - Filling up the DagBag from /home/airflow/.local/lib/python3.12/site-packages/airflow/example_dags/example_latest_only_with_trigger.py
[2024-04-21T15:11:42.586+0000] {processor.py:840} INFO - DAG(s) 'latest_only_with_trigger' retrieved from /home/airflow/.local/lib/python3.12/site-packages/airflow/example_dags/example_latest_only_with_trigger.py
[2024-04-21T15:11:42.599+0000] {logging_mixin.py:188} INFO - [2024-04-21T15:11:42.599+0000] {dag.py:3096} INFO - Sync 1 DAGs
[2024-04-21T15:11:42.609+0000] {logging_mixin.py:188} INFO - [2024-04-21T15:11:42.609+0000] {dag.py:3954} INFO - Setting next_dagrun for latest_only_with_trigger to 2024-04-21 08:00:00+00:00, run_after=2024-04-21 12:00:00+00:00
[2024-04-21T15:11:42.617+0000] {processor.py:183} INFO - Processing /home/airflow/.local/lib/python3.12/site-packages/airflow/example_dags/example_latest_only_with_trigger.py took 0.038 seconds
[2024-04-21T15:12:13.658+0000] {processor.py:161} INFO - Started process (PID=13790) to work on /home/airflow/.local/lib/python3.12/site-packages/airflow/example_dags/example_latest_only_with_trigger.py
[2024-04-21T15:12:13.659+0000] {processor.py:830} INFO - Processing file /home/airflow/.local/lib/python3.12/site-packages/airflow/example_dags/example_latest_only_with_trigger.py for tasks to queue
[2024-04-21T15:12:13.660+0000] {logging_mixin.py:188} INFO - [2024-04-21T15:12:13.659+0000] {dagbag.py:540} INFO - Filling up the DagBag from /home/airflow/.local/lib/python3.12/site-packages/airflow/example_dags/example_latest_only_with_trigger.py
[2024-04-21T15:12:13.663+0000] {processor.py:840} INFO - DAG(s) 'latest_only_with_trigger' retrieved from /home/airflow/.local/lib/python3.12/site-packages/airflow/example_dags/example_latest_only_with_trigger.py
[2024-04-21T15:12:13.675+0000] {logging_mixin.py:188} INFO - [2024-04-21T15:12:13.675+0000] {dag.py:3096} INFO - Sync 1 DAGs
[2024-04-21T15:12:13.684+0000] {logging_mixin.py:188} INFO - [2024-04-21T15:12:13.684+0000] {dag.py:3954} INFO - Setting next_dagrun for latest_only_with_trigger to 2024-04-21 08:00:00+00:00, run_after=2024-04-21 12:00:00+00:00
[2024-04-21T15:12:13.692+0000] {processor.py:183} INFO - Processing /home/airflow/.local/lib/python3.12/site-packages/airflow/example_dags/example_latest_only_with_trigger.py took 0.037 seconds
[2024-04-21T15:12:44.383+0000] {processor.py:161} INFO - Started process (PID=14066) to work on /home/airflow/.local/lib/python3.12/site-packages/airflow/example_dags/example_latest_only_with_trigger.py
[2024-04-21T15:12:44.383+0000] {processor.py:830} INFO - Processing file /home/airflow/.local/lib/python3.12/site-packages/airflow/example_dags/example_latest_only_with_trigger.py for tasks to queue
[2024-04-21T15:12:44.384+0000] {logging_mixin.py:188} INFO - [2024-04-21T15:12:44.384+0000] {dagbag.py:540} INFO - Filling up the DagBag from /home/airflow/.local/lib/python3.12/site-packages/airflow/example_dags/example_latest_only_with_trigger.py
[2024-04-21T15:12:44.387+0000] {processor.py:840} INFO - DAG(s) 'latest_only_with_trigger' retrieved from /home/airflow/.local/lib/python3.12/site-packages/airflow/example_dags/example_latest_only_with_trigger.py
[2024-04-21T15:12:44.399+0000] {logging_mixin.py:188} INFO - [2024-04-21T15:12:44.399+0000] {dag.py:3096} INFO - Sync 1 DAGs
[2024-04-21T15:12:44.409+0000] {logging_mixin.py:188} INFO - [2024-04-21T15:12:44.409+0000] {dag.py:3954} INFO - Setting next_dagrun for latest_only_with_trigger to 2024-04-21 08:00:00+00:00, run_after=2024-04-21 12:00:00+00:00
[2024-04-21T15:12:44.416+0000] {processor.py:183} INFO - Processing /home/airflow/.local/lib/python3.12/site-packages/airflow/example_dags/example_latest_only_with_trigger.py took 0.037 seconds
[2024-04-21T15:13:15.425+0000] {processor.py:161} INFO - Started process (PID=14352) to work on /home/airflow/.local/lib/python3.12/site-packages/airflow/example_dags/example_latest_only_with_trigger.py
[2024-04-21T15:13:15.426+0000] {processor.py:830} INFO - Processing file /home/airflow/.local/lib/python3.12/site-packages/airflow/example_dags/example_latest_only_with_trigger.py for tasks to queue
[2024-04-21T15:13:15.427+0000] {logging_mixin.py:188} INFO - [2024-04-21T15:13:15.426+0000] {dagbag.py:540} INFO - Filling up the DagBag from /home/airflow/.local/lib/python3.12/site-packages/airflow/example_dags/example_latest_only_with_trigger.py
[2024-04-21T15:13:15.430+0000] {processor.py:840} INFO - DAG(s) 'latest_only_with_trigger' retrieved from /home/airflow/.local/lib/python3.12/site-packages/airflow/example_dags/example_latest_only_with_trigger.py
[2024-04-21T15:13:15.442+0000] {logging_mixin.py:188} INFO - [2024-04-21T15:13:15.442+0000] {dag.py:3096} INFO - Sync 1 DAGs
[2024-04-21T15:13:15.451+0000] {logging_mixin.py:188} INFO - [2024-04-21T15:13:15.451+0000] {dag.py:3954} INFO - Setting next_dagrun for latest_only_with_trigger to 2024-04-21 08:00:00+00:00, run_after=2024-04-21 12:00:00+00:00
[2024-04-21T15:13:15.458+0000] {processor.py:183} INFO - Processing /home/airflow/.local/lib/python3.12/site-packages/airflow/example_dags/example_latest_only_with_trigger.py took 0.036 seconds
[2024-04-21T15:13:46.486+0000] {processor.py:161} INFO - Started process (PID=14620) to work on /home/airflow/.local/lib/python3.12/site-packages/airflow/example_dags/example_latest_only_with_trigger.py
[2024-04-21T15:13:46.487+0000] {processor.py:830} INFO - Processing file /home/airflow/.local/lib/python3.12/site-packages/airflow/example_dags/example_latest_only_with_trigger.py for tasks to queue
[2024-04-21T15:13:46.488+0000] {logging_mixin.py:188} INFO - [2024-04-21T15:13:46.488+0000] {dagbag.py:540} INFO - Filling up the DagBag from /home/airflow/.local/lib/python3.12/site-packages/airflow/example_dags/example_latest_only_with_trigger.py
[2024-04-21T15:13:46.491+0000] {processor.py:840} INFO - DAG(s) 'latest_only_with_trigger' retrieved from /home/airflow/.local/lib/python3.12/site-packages/airflow/example_dags/example_latest_only_with_trigger.py
[2024-04-21T15:13:46.504+0000] {logging_mixin.py:188} INFO - [2024-04-21T15:13:46.504+0000] {dag.py:3096} INFO - Sync 1 DAGs
[2024-04-21T15:13:46.514+0000] {logging_mixin.py:188} INFO - [2024-04-21T15:13:46.514+0000] {dag.py:3954} INFO - Setting next_dagrun for latest_only_with_trigger to 2024-04-21 08:00:00+00:00, run_after=2024-04-21 12:00:00+00:00
[2024-04-21T15:13:46.522+0000] {processor.py:183} INFO - Processing /home/airflow/.local/lib/python3.12/site-packages/airflow/example_dags/example_latest_only_with_trigger.py took 0.039 seconds
[2024-04-21T15:14:17.583+0000] {processor.py:161} INFO - Started process (PID=14887) to work on /home/airflow/.local/lib/python3.12/site-packages/airflow/example_dags/example_latest_only_with_trigger.py
[2024-04-21T15:14:17.584+0000] {processor.py:830} INFO - Processing file /home/airflow/.local/lib/python3.12/site-packages/airflow/example_dags/example_latest_only_with_trigger.py for tasks to queue
[2024-04-21T15:14:17.585+0000] {logging_mixin.py:188} INFO - [2024-04-21T15:14:17.585+0000] {dagbag.py:540} INFO - Filling up the DagBag from /home/airflow/.local/lib/python3.12/site-packages/airflow/example_dags/example_latest_only_with_trigger.py
[2024-04-21T15:14:17.589+0000] {processor.py:840} INFO - DAG(s) 'latest_only_with_trigger' retrieved from /home/airflow/.local/lib/python3.12/site-packages/airflow/example_dags/example_latest_only_with_trigger.py
[2024-04-21T15:14:17.602+0000] {logging_mixin.py:188} INFO - [2024-04-21T15:14:17.602+0000] {dag.py:3096} INFO - Sync 1 DAGs
[2024-04-21T15:14:17.612+0000] {logging_mixin.py:188} INFO - [2024-04-21T15:14:17.612+0000] {dag.py:3954} INFO - Setting next_dagrun for latest_only_with_trigger to 2024-04-21 08:00:00+00:00, run_after=2024-04-21 12:00:00+00:00
[2024-04-21T15:14:17.619+0000] {processor.py:183} INFO - Processing /home/airflow/.local/lib/python3.12/site-packages/airflow/example_dags/example_latest_only_with_trigger.py took 0.039 seconds
[2024-04-21T15:14:47.676+0000] {processor.py:161} INFO - Started process (PID=15151) to work on /home/airflow/.local/lib/python3.12/site-packages/airflow/example_dags/example_latest_only_with_trigger.py
[2024-04-21T15:14:47.677+0000] {processor.py:830} INFO - Processing file /home/airflow/.local/lib/python3.12/site-packages/airflow/example_dags/example_latest_only_with_trigger.py for tasks to queue
[2024-04-21T15:14:47.678+0000] {logging_mixin.py:188} INFO - [2024-04-21T15:14:47.678+0000] {dagbag.py:540} INFO - Filling up the DagBag from /home/airflow/.local/lib/python3.12/site-packages/airflow/example_dags/example_latest_only_with_trigger.py
[2024-04-21T15:14:47.681+0000] {processor.py:840} INFO - DAG(s) 'latest_only_with_trigger' retrieved from /home/airflow/.local/lib/python3.12/site-packages/airflow/example_dags/example_latest_only_with_trigger.py
[2024-04-21T15:14:47.693+0000] {logging_mixin.py:188} INFO - [2024-04-21T15:14:47.692+0000] {dag.py:3096} INFO - Sync 1 DAGs
[2024-04-21T15:14:47.702+0000] {logging_mixin.py:188} INFO - [2024-04-21T15:14:47.702+0000] {dag.py:3954} INFO - Setting next_dagrun for latest_only_with_trigger to 2024-04-21 08:00:00+00:00, run_after=2024-04-21 12:00:00+00:00
[2024-04-21T15:14:47.709+0000] {processor.py:183} INFO - Processing /home/airflow/.local/lib/python3.12/site-packages/airflow/example_dags/example_latest_only_with_trigger.py took 0.036 seconds
[2024-04-21T15:15:17.767+0000] {processor.py:161} INFO - Started process (PID=15418) to work on /home/airflow/.local/lib/python3.12/site-packages/airflow/example_dags/example_latest_only_with_trigger.py
[2024-04-21T15:15:17.767+0000] {processor.py:830} INFO - Processing file /home/airflow/.local/lib/python3.12/site-packages/airflow/example_dags/example_latest_only_with_trigger.py for tasks to queue
[2024-04-21T15:15:17.768+0000] {logging_mixin.py:188} INFO - [2024-04-21T15:15:17.768+0000] {dagbag.py:540} INFO - Filling up the DagBag from /home/airflow/.local/lib/python3.12/site-packages/airflow/example_dags/example_latest_only_with_trigger.py
[2024-04-21T15:15:17.771+0000] {processor.py:840} INFO - DAG(s) 'latest_only_with_trigger' retrieved from /home/airflow/.local/lib/python3.12/site-packages/airflow/example_dags/example_latest_only_with_trigger.py
[2024-04-21T15:15:17.782+0000] {logging_mixin.py:188} INFO - [2024-04-21T15:15:17.782+0000] {dag.py:3096} INFO - Sync 1 DAGs
[2024-04-21T15:15:17.791+0000] {logging_mixin.py:188} INFO - [2024-04-21T15:15:17.791+0000] {dag.py:3954} INFO - Setting next_dagrun for latest_only_with_trigger to 2024-04-21 08:00:00+00:00, run_after=2024-04-21 12:00:00+00:00
[2024-04-21T15:15:17.798+0000] {processor.py:183} INFO - Processing /home/airflow/.local/lib/python3.12/site-packages/airflow/example_dags/example_latest_only_with_trigger.py took 0.034 seconds
[2024-04-21T15:15:47.994+0000] {processor.py:161} INFO - Started process (PID=15687) to work on /home/airflow/.local/lib/python3.12/site-packages/airflow/example_dags/example_latest_only_with_trigger.py
[2024-04-21T15:15:47.995+0000] {processor.py:830} INFO - Processing file /home/airflow/.local/lib/python3.12/site-packages/airflow/example_dags/example_latest_only_with_trigger.py for tasks to queue
[2024-04-21T15:15:47.996+0000] {logging_mixin.py:188} INFO - [2024-04-21T15:15:47.996+0000] {dagbag.py:540} INFO - Filling up the DagBag from /home/airflow/.local/lib/python3.12/site-packages/airflow/example_dags/example_latest_only_with_trigger.py
[2024-04-21T15:15:47.999+0000] {processor.py:840} INFO - DAG(s) 'latest_only_with_trigger' retrieved from /home/airflow/.local/lib/python3.12/site-packages/airflow/example_dags/example_latest_only_with_trigger.py
[2024-04-21T15:15:48.012+0000] {logging_mixin.py:188} INFO - [2024-04-21T15:15:48.012+0000] {dag.py:3096} INFO - Sync 1 DAGs
[2024-04-21T15:15:48.021+0000] {logging_mixin.py:188} INFO - [2024-04-21T15:15:48.021+0000] {dag.py:3954} INFO - Setting next_dagrun for latest_only_with_trigger to 2024-04-21 08:00:00+00:00, run_after=2024-04-21 12:00:00+00:00
[2024-04-21T15:15:48.028+0000] {processor.py:183} INFO - Processing /home/airflow/.local/lib/python3.12/site-packages/airflow/example_dags/example_latest_only_with_trigger.py took 0.037 seconds
[2024-04-21T15:16:18.253+0000] {processor.py:161} INFO - Started process (PID=15954) to work on /home/airflow/.local/lib/python3.12/site-packages/airflow/example_dags/example_latest_only_with_trigger.py
[2024-04-21T15:16:18.254+0000] {processor.py:830} INFO - Processing file /home/airflow/.local/lib/python3.12/site-packages/airflow/example_dags/example_latest_only_with_trigger.py for tasks to queue
[2024-04-21T15:16:18.255+0000] {logging_mixin.py:188} INFO - [2024-04-21T15:16:18.255+0000] {dagbag.py:540} INFO - Filling up the DagBag from /home/airflow/.local/lib/python3.12/site-packages/airflow/example_dags/example_latest_only_with_trigger.py
[2024-04-21T15:16:18.259+0000] {processor.py:840} INFO - DAG(s) 'latest_only_with_trigger' retrieved from /home/airflow/.local/lib/python3.12/site-packages/airflow/example_dags/example_latest_only_with_trigger.py
[2024-04-21T15:16:18.271+0000] {logging_mixin.py:188} INFO - [2024-04-21T15:16:18.271+0000] {dag.py:3096} INFO - Sync 1 DAGs
[2024-04-21T15:16:18.281+0000] {logging_mixin.py:188} INFO - [2024-04-21T15:16:18.280+0000] {dag.py:3954} INFO - Setting next_dagrun for latest_only_with_trigger to 2024-04-21 08:00:00+00:00, run_after=2024-04-21 12:00:00+00:00
[2024-04-21T15:16:18.288+0000] {processor.py:183} INFO - Processing /home/airflow/.local/lib/python3.12/site-packages/airflow/example_dags/example_latest_only_with_trigger.py took 0.037 seconds
[2024-04-21T15:16:48.556+0000] {processor.py:161} INFO - Started process (PID=16222) to work on /home/airflow/.local/lib/python3.12/site-packages/airflow/example_dags/example_latest_only_with_trigger.py
[2024-04-21T15:16:48.557+0000] {processor.py:830} INFO - Processing file /home/airflow/.local/lib/python3.12/site-packages/airflow/example_dags/example_latest_only_with_trigger.py for tasks to queue
[2024-04-21T15:16:48.558+0000] {logging_mixin.py:188} INFO - [2024-04-21T15:16:48.557+0000] {dagbag.py:540} INFO - Filling up the DagBag from /home/airflow/.local/lib/python3.12/site-packages/airflow/example_dags/example_latest_only_with_trigger.py
[2024-04-21T15:16:48.561+0000] {processor.py:840} INFO - DAG(s) 'latest_only_with_trigger' retrieved from /home/airflow/.local/lib/python3.12/site-packages/airflow/example_dags/example_latest_only_with_trigger.py
[2024-04-21T15:16:48.574+0000] {logging_mixin.py:188} INFO - [2024-04-21T15:16:48.574+0000] {dag.py:3096} INFO - Sync 1 DAGs
[2024-04-21T15:16:48.584+0000] {logging_mixin.py:188} INFO - [2024-04-21T15:16:48.584+0000] {dag.py:3954} INFO - Setting next_dagrun for latest_only_with_trigger to 2024-04-21 08:00:00+00:00, run_after=2024-04-21 12:00:00+00:00
[2024-04-21T15:16:48.591+0000] {processor.py:183} INFO - Processing /home/airflow/.local/lib/python3.12/site-packages/airflow/example_dags/example_latest_only_with_trigger.py took 0.039 seconds
[2024-04-21T15:17:18.703+0000] {processor.py:161} INFO - Started process (PID=16489) to work on /home/airflow/.local/lib/python3.12/site-packages/airflow/example_dags/example_latest_only_with_trigger.py
[2024-04-21T15:17:18.704+0000] {processor.py:830} INFO - Processing file /home/airflow/.local/lib/python3.12/site-packages/airflow/example_dags/example_latest_only_with_trigger.py for tasks to queue
[2024-04-21T15:17:18.705+0000] {logging_mixin.py:188} INFO - [2024-04-21T15:17:18.705+0000] {dagbag.py:540} INFO - Filling up the DagBag from /home/airflow/.local/lib/python3.12/site-packages/airflow/example_dags/example_latest_only_with_trigger.py
[2024-04-21T15:17:18.708+0000] {processor.py:840} INFO - DAG(s) 'latest_only_with_trigger' retrieved from /home/airflow/.local/lib/python3.12/site-packages/airflow/example_dags/example_latest_only_with_trigger.py
[2024-04-21T15:17:18.721+0000] {logging_mixin.py:188} INFO - [2024-04-21T15:17:18.721+0000] {dag.py:3096} INFO - Sync 1 DAGs
[2024-04-21T15:17:18.731+0000] {logging_mixin.py:188} INFO - [2024-04-21T15:17:18.731+0000] {dag.py:3954} INFO - Setting next_dagrun for latest_only_with_trigger to 2024-04-21 08:00:00+00:00, run_after=2024-04-21 12:00:00+00:00
[2024-04-21T15:17:18.738+0000] {processor.py:183} INFO - Processing /home/airflow/.local/lib/python3.12/site-packages/airflow/example_dags/example_latest_only_with_trigger.py took 0.038 seconds
[2024-04-21T15:17:48.776+0000] {processor.py:161} INFO - Started process (PID=16754) to work on /home/airflow/.local/lib/python3.12/site-packages/airflow/example_dags/example_latest_only_with_trigger.py
[2024-04-21T15:17:48.776+0000] {processor.py:830} INFO - Processing file /home/airflow/.local/lib/python3.12/site-packages/airflow/example_dags/example_latest_only_with_trigger.py for tasks to queue
[2024-04-21T15:17:48.777+0000] {logging_mixin.py:188} INFO - [2024-04-21T15:17:48.777+0000] {dagbag.py:540} INFO - Filling up the DagBag from /home/airflow/.local/lib/python3.12/site-packages/airflow/example_dags/example_latest_only_with_trigger.py
[2024-04-21T15:17:48.780+0000] {processor.py:840} INFO - DAG(s) 'latest_only_with_trigger' retrieved from /home/airflow/.local/lib/python3.12/site-packages/airflow/example_dags/example_latest_only_with_trigger.py
[2024-04-21T15:17:48.793+0000] {logging_mixin.py:188} INFO - [2024-04-21T15:17:48.793+0000] {dag.py:3096} INFO - Sync 1 DAGs
[2024-04-21T15:17:48.805+0000] {logging_mixin.py:188} INFO - [2024-04-21T15:17:48.805+0000] {dag.py:3954} INFO - Setting next_dagrun for latest_only_with_trigger to 2024-04-21 08:00:00+00:00, run_after=2024-04-21 12:00:00+00:00
[2024-04-21T15:17:48.815+0000] {processor.py:183} INFO - Processing /home/airflow/.local/lib/python3.12/site-packages/airflow/example_dags/example_latest_only_with_trigger.py took 0.043 seconds
[2024-04-21T15:18:18.995+0000] {processor.py:161} INFO - Started process (PID=17023) to work on /home/airflow/.local/lib/python3.12/site-packages/airflow/example_dags/example_latest_only_with_trigger.py
[2024-04-21T15:18:18.995+0000] {processor.py:830} INFO - Processing file /home/airflow/.local/lib/python3.12/site-packages/airflow/example_dags/example_latest_only_with_trigger.py for tasks to queue
[2024-04-21T15:18:18.996+0000] {logging_mixin.py:188} INFO - [2024-04-21T15:18:18.996+0000] {dagbag.py:540} INFO - Filling up the DagBag from /home/airflow/.local/lib/python3.12/site-packages/airflow/example_dags/example_latest_only_with_trigger.py
[2024-04-21T15:18:18.999+0000] {processor.py:840} INFO - DAG(s) 'latest_only_with_trigger' retrieved from /home/airflow/.local/lib/python3.12/site-packages/airflow/example_dags/example_latest_only_with_trigger.py
[2024-04-21T15:18:19.012+0000] {logging_mixin.py:188} INFO - [2024-04-21T15:18:19.012+0000] {dag.py:3096} INFO - Sync 1 DAGs
[2024-04-21T15:18:19.021+0000] {logging_mixin.py:188} INFO - [2024-04-21T15:18:19.021+0000] {dag.py:3954} INFO - Setting next_dagrun for latest_only_with_trigger to 2024-04-21 08:00:00+00:00, run_after=2024-04-21 12:00:00+00:00
[2024-04-21T15:18:19.028+0000] {processor.py:183} INFO - Processing /home/airflow/.local/lib/python3.12/site-packages/airflow/example_dags/example_latest_only_with_trigger.py took 0.037 seconds
[2024-04-21T15:18:49.992+0000] {processor.py:161} INFO - Started process (PID=17289) to work on /home/airflow/.local/lib/python3.12/site-packages/airflow/example_dags/example_latest_only_with_trigger.py
[2024-04-21T15:18:49.993+0000] {processor.py:830} INFO - Processing file /home/airflow/.local/lib/python3.12/site-packages/airflow/example_dags/example_latest_only_with_trigger.py for tasks to queue
[2024-04-21T15:18:49.994+0000] {logging_mixin.py:188} INFO - [2024-04-21T15:18:49.994+0000] {dagbag.py:540} INFO - Filling up the DagBag from /home/airflow/.local/lib/python3.12/site-packages/airflow/example_dags/example_latest_only_with_trigger.py
[2024-04-21T15:18:49.997+0000] {processor.py:840} INFO - DAG(s) 'latest_only_with_trigger' retrieved from /home/airflow/.local/lib/python3.12/site-packages/airflow/example_dags/example_latest_only_with_trigger.py
[2024-04-21T15:18:50.010+0000] {logging_mixin.py:188} INFO - [2024-04-21T15:18:50.010+0000] {dag.py:3096} INFO - Sync 1 DAGs
[2024-04-21T15:18:50.019+0000] {logging_mixin.py:188} INFO - [2024-04-21T15:18:50.019+0000] {dag.py:3954} INFO - Setting next_dagrun for latest_only_with_trigger to 2024-04-21 08:00:00+00:00, run_after=2024-04-21 12:00:00+00:00
[2024-04-21T15:18:50.027+0000] {processor.py:183} INFO - Processing /home/airflow/.local/lib/python3.12/site-packages/airflow/example_dags/example_latest_only_with_trigger.py took 0.037 seconds
[2024-04-21T15:19:20.923+0000] {processor.py:161} INFO - Started process (PID=17562) to work on /home/airflow/.local/lib/python3.12/site-packages/airflow/example_dags/example_latest_only_with_trigger.py
[2024-04-21T15:19:20.923+0000] {processor.py:830} INFO - Processing file /home/airflow/.local/lib/python3.12/site-packages/airflow/example_dags/example_latest_only_with_trigger.py for tasks to queue
[2024-04-21T15:19:20.924+0000] {logging_mixin.py:188} INFO - [2024-04-21T15:19:20.924+0000] {dagbag.py:540} INFO - Filling up the DagBag from /home/airflow/.local/lib/python3.12/site-packages/airflow/example_dags/example_latest_only_with_trigger.py
[2024-04-21T15:19:20.927+0000] {processor.py:840} INFO - DAG(s) 'latest_only_with_trigger' retrieved from /home/airflow/.local/lib/python3.12/site-packages/airflow/example_dags/example_latest_only_with_trigger.py
[2024-04-21T15:19:20.940+0000] {logging_mixin.py:188} INFO - [2024-04-21T15:19:20.940+0000] {dag.py:3096} INFO - Sync 1 DAGs
[2024-04-21T15:19:20.950+0000] {logging_mixin.py:188} INFO - [2024-04-21T15:19:20.950+0000] {dag.py:3954} INFO - Setting next_dagrun for latest_only_with_trigger to 2024-04-21 08:00:00+00:00, run_after=2024-04-21 12:00:00+00:00
[2024-04-21T15:19:20.957+0000] {processor.py:183} INFO - Processing /home/airflow/.local/lib/python3.12/site-packages/airflow/example_dags/example_latest_only_with_trigger.py took 0.038 seconds
[2024-04-21T15:19:51.072+0000] {processor.py:161} INFO - Started process (PID=17827) to work on /home/airflow/.local/lib/python3.12/site-packages/airflow/example_dags/example_latest_only_with_trigger.py
[2024-04-21T15:19:51.072+0000] {processor.py:830} INFO - Processing file /home/airflow/.local/lib/python3.12/site-packages/airflow/example_dags/example_latest_only_with_trigger.py for tasks to queue
[2024-04-21T15:19:51.073+0000] {logging_mixin.py:188} INFO - [2024-04-21T15:19:51.073+0000] {dagbag.py:540} INFO - Filling up the DagBag from /home/airflow/.local/lib/python3.12/site-packages/airflow/example_dags/example_latest_only_with_trigger.py
[2024-04-21T15:19:51.076+0000] {processor.py:840} INFO - DAG(s) 'latest_only_with_trigger' retrieved from /home/airflow/.local/lib/python3.12/site-packages/airflow/example_dags/example_latest_only_with_trigger.py
[2024-04-21T15:19:51.090+0000] {logging_mixin.py:188} INFO - [2024-04-21T15:19:51.090+0000] {dag.py:3096} INFO - Sync 1 DAGs
[2024-04-21T15:19:51.101+0000] {logging_mixin.py:188} INFO - [2024-04-21T15:19:51.101+0000] {dag.py:3954} INFO - Setting next_dagrun for latest_only_with_trigger to 2024-04-21 08:00:00+00:00, run_after=2024-04-21 12:00:00+00:00
[2024-04-21T15:19:51.117+0000] {processor.py:183} INFO - Processing /home/airflow/.local/lib/python3.12/site-packages/airflow/example_dags/example_latest_only_with_trigger.py took 0.051 seconds
[2024-04-21T15:20:21.233+0000] {processor.py:161} INFO - Started process (PID=18097) to work on /home/airflow/.local/lib/python3.12/site-packages/airflow/example_dags/example_latest_only_with_trigger.py
[2024-04-21T15:20:21.233+0000] {processor.py:830} INFO - Processing file /home/airflow/.local/lib/python3.12/site-packages/airflow/example_dags/example_latest_only_with_trigger.py for tasks to queue
[2024-04-21T15:20:21.235+0000] {logging_mixin.py:188} INFO - [2024-04-21T15:20:21.234+0000] {dagbag.py:540} INFO - Filling up the DagBag from /home/airflow/.local/lib/python3.12/site-packages/airflow/example_dags/example_latest_only_with_trigger.py
[2024-04-21T15:20:21.238+0000] {processor.py:840} INFO - DAG(s) 'latest_only_with_trigger' retrieved from /home/airflow/.local/lib/python3.12/site-packages/airflow/example_dags/example_latest_only_with_trigger.py
[2024-04-21T15:20:21.250+0000] {logging_mixin.py:188} INFO - [2024-04-21T15:20:21.250+0000] {dag.py:3096} INFO - Sync 1 DAGs
[2024-04-21T15:20:21.259+0000] {logging_mixin.py:188} INFO - [2024-04-21T15:20:21.259+0000] {dag.py:3954} INFO - Setting next_dagrun for latest_only_with_trigger to 2024-04-21 08:00:00+00:00, run_after=2024-04-21 12:00:00+00:00
[2024-04-21T15:20:21.266+0000] {processor.py:183} INFO - Processing /home/airflow/.local/lib/python3.12/site-packages/airflow/example_dags/example_latest_only_with_trigger.py took 0.036 seconds
