[2024-04-21T14:30:03.439+0000] {processor.py:161} INFO - Started process (PID=376) to work on /home/airflow/.local/lib/python3.12/site-packages/airflow/example_dags/example_skip_dag.py
[2024-04-21T14:30:03.440+0000] {processor.py:830} INFO - Processing file /home/airflow/.local/lib/python3.12/site-packages/airflow/example_dags/example_skip_dag.py for tasks to queue
[2024-04-21T14:30:03.441+0000] {logging_mixin.py:188} INFO - [2024-04-21T14:30:03.441+0000] {dagbag.py:540} INFO - Filling up the DagBag from /home/airflow/.local/lib/python3.12/site-packages/airflow/example_dags/example_skip_dag.py
[2024-04-21T14:30:03.446+0000] {processor.py:840} INFO - DAG(s) 'example_skip_dag' retrieved from /home/airflow/.local/lib/python3.12/site-packages/airflow/example_dags/example_skip_dag.py
[2024-04-21T14:30:03.456+0000] {logging_mixin.py:188} INFO - [2024-04-21T14:30:03.456+0000] {dag.py:3096} INFO - Sync 1 DAGs
[2024-04-21T14:30:03.470+0000] {logging_mixin.py:188} INFO - [2024-04-21T14:30:03.470+0000] {dag.py:3954} INFO - Setting next_dagrun for example_skip_dag to 2024-04-20 00:00:00+00:00, run_after=2024-04-21 00:00:00+00:00
[2024-04-21T14:30:03.482+0000] {processor.py:183} INFO - Processing /home/airflow/.local/lib/python3.12/site-packages/airflow/example_dags/example_skip_dag.py took 0.047 seconds
[2024-04-21T14:30:34.554+0000] {processor.py:161} INFO - Started process (PID=638) to work on /home/airflow/.local/lib/python3.12/site-packages/airflow/example_dags/example_skip_dag.py
[2024-04-21T14:30:34.554+0000] {processor.py:830} INFO - Processing file /home/airflow/.local/lib/python3.12/site-packages/airflow/example_dags/example_skip_dag.py for tasks to queue
[2024-04-21T14:30:34.556+0000] {logging_mixin.py:188} INFO - [2024-04-21T14:30:34.555+0000] {dagbag.py:540} INFO - Filling up the DagBag from /home/airflow/.local/lib/python3.12/site-packages/airflow/example_dags/example_skip_dag.py
[2024-04-21T14:30:34.560+0000] {processor.py:840} INFO - DAG(s) 'example_skip_dag' retrieved from /home/airflow/.local/lib/python3.12/site-packages/airflow/example_dags/example_skip_dag.py
[2024-04-21T14:30:34.622+0000] {logging_mixin.py:188} INFO - [2024-04-21T14:30:34.621+0000] {dag.py:3096} INFO - Sync 1 DAGs
[2024-04-21T14:30:34.633+0000] {logging_mixin.py:188} INFO - [2024-04-21T14:30:34.633+0000] {dag.py:3954} INFO - Setting next_dagrun for example_skip_dag to 2024-04-20 00:00:00+00:00, run_after=2024-04-21 00:00:00+00:00
[2024-04-21T14:30:34.644+0000] {processor.py:183} INFO - Processing /home/airflow/.local/lib/python3.12/site-packages/airflow/example_dags/example_skip_dag.py took 0.095 seconds
[2024-04-21T14:31:05.309+0000] {processor.py:161} INFO - Started process (PID=900) to work on /home/airflow/.local/lib/python3.12/site-packages/airflow/example_dags/example_skip_dag.py
[2024-04-21T14:31:05.310+0000] {processor.py:830} INFO - Processing file /home/airflow/.local/lib/python3.12/site-packages/airflow/example_dags/example_skip_dag.py for tasks to queue
[2024-04-21T14:31:05.311+0000] {logging_mixin.py:188} INFO - [2024-04-21T14:31:05.311+0000] {dagbag.py:540} INFO - Filling up the DagBag from /home/airflow/.local/lib/python3.12/site-packages/airflow/example_dags/example_skip_dag.py
[2024-04-21T14:31:05.316+0000] {processor.py:840} INFO - DAG(s) 'example_skip_dag' retrieved from /home/airflow/.local/lib/python3.12/site-packages/airflow/example_dags/example_skip_dag.py
[2024-04-21T14:31:05.332+0000] {logging_mixin.py:188} INFO - [2024-04-21T14:31:05.332+0000] {dag.py:3096} INFO - Sync 1 DAGs
[2024-04-21T14:31:05.344+0000] {logging_mixin.py:188} INFO - [2024-04-21T14:31:05.344+0000] {dag.py:3954} INFO - Setting next_dagrun for example_skip_dag to 2024-04-20 00:00:00+00:00, run_after=2024-04-21 00:00:00+00:00
[2024-04-21T14:31:05.355+0000] {processor.py:183} INFO - Processing /home/airflow/.local/lib/python3.12/site-packages/airflow/example_dags/example_skip_dag.py took 0.050 seconds
[2024-04-21T14:31:35.932+0000] {processor.py:161} INFO - Started process (PID=1164) to work on /home/airflow/.local/lib/python3.12/site-packages/airflow/example_dags/example_skip_dag.py
[2024-04-21T14:31:35.933+0000] {processor.py:830} INFO - Processing file /home/airflow/.local/lib/python3.12/site-packages/airflow/example_dags/example_skip_dag.py for tasks to queue
[2024-04-21T14:31:35.935+0000] {logging_mixin.py:188} INFO - [2024-04-21T14:31:35.934+0000] {dagbag.py:540} INFO - Filling up the DagBag from /home/airflow/.local/lib/python3.12/site-packages/airflow/example_dags/example_skip_dag.py
[2024-04-21T14:31:35.940+0000] {processor.py:840} INFO - DAG(s) 'example_skip_dag' retrieved from /home/airflow/.local/lib/python3.12/site-packages/airflow/example_dags/example_skip_dag.py
[2024-04-21T14:31:35.959+0000] {logging_mixin.py:188} INFO - [2024-04-21T14:31:35.958+0000] {dag.py:3096} INFO - Sync 1 DAGs
[2024-04-21T14:31:35.972+0000] {logging_mixin.py:188} INFO - [2024-04-21T14:31:35.972+0000] {dag.py:3954} INFO - Setting next_dagrun for example_skip_dag to 2024-04-20 00:00:00+00:00, run_after=2024-04-21 00:00:00+00:00
[2024-04-21T14:31:35.982+0000] {processor.py:183} INFO - Processing /home/airflow/.local/lib/python3.12/site-packages/airflow/example_dags/example_skip_dag.py took 0.054 seconds
[2024-04-21T14:32:06.460+0000] {processor.py:161} INFO - Started process (PID=1425) to work on /home/airflow/.local/lib/python3.12/site-packages/airflow/example_dags/example_skip_dag.py
[2024-04-21T14:32:06.461+0000] {processor.py:830} INFO - Processing file /home/airflow/.local/lib/python3.12/site-packages/airflow/example_dags/example_skip_dag.py for tasks to queue
[2024-04-21T14:32:06.462+0000] {logging_mixin.py:188} INFO - [2024-04-21T14:32:06.462+0000] {dagbag.py:540} INFO - Filling up the DagBag from /home/airflow/.local/lib/python3.12/site-packages/airflow/example_dags/example_skip_dag.py
[2024-04-21T14:32:06.467+0000] {processor.py:840} INFO - DAG(s) 'example_skip_dag' retrieved from /home/airflow/.local/lib/python3.12/site-packages/airflow/example_dags/example_skip_dag.py
[2024-04-21T14:32:06.483+0000] {logging_mixin.py:188} INFO - [2024-04-21T14:32:06.483+0000] {dag.py:3096} INFO - Sync 1 DAGs
[2024-04-21T14:32:06.497+0000] {logging_mixin.py:188} INFO - [2024-04-21T14:32:06.496+0000] {dag.py:3954} INFO - Setting next_dagrun for example_skip_dag to 2024-04-20 00:00:00+00:00, run_after=2024-04-21 00:00:00+00:00
[2024-04-21T14:32:06.507+0000] {processor.py:183} INFO - Processing /home/airflow/.local/lib/python3.12/site-packages/airflow/example_dags/example_skip_dag.py took 0.051 seconds
[2024-04-21T14:32:36.933+0000] {processor.py:161} INFO - Started process (PID=1685) to work on /home/airflow/.local/lib/python3.12/site-packages/airflow/example_dags/example_skip_dag.py
[2024-04-21T14:32:36.934+0000] {processor.py:830} INFO - Processing file /home/airflow/.local/lib/python3.12/site-packages/airflow/example_dags/example_skip_dag.py for tasks to queue
[2024-04-21T14:32:36.935+0000] {logging_mixin.py:188} INFO - [2024-04-21T14:32:36.935+0000] {dagbag.py:540} INFO - Filling up the DagBag from /home/airflow/.local/lib/python3.12/site-packages/airflow/example_dags/example_skip_dag.py
[2024-04-21T14:32:36.939+0000] {processor.py:840} INFO - DAG(s) 'example_skip_dag' retrieved from /home/airflow/.local/lib/python3.12/site-packages/airflow/example_dags/example_skip_dag.py
[2024-04-21T14:32:36.955+0000] {logging_mixin.py:188} INFO - [2024-04-21T14:32:36.955+0000] {dag.py:3096} INFO - Sync 1 DAGs
[2024-04-21T14:32:36.967+0000] {logging_mixin.py:188} INFO - [2024-04-21T14:32:36.967+0000] {dag.py:3954} INFO - Setting next_dagrun for example_skip_dag to 2024-04-20 00:00:00+00:00, run_after=2024-04-21 00:00:00+00:00
[2024-04-21T14:32:36.977+0000] {processor.py:183} INFO - Processing /home/airflow/.local/lib/python3.12/site-packages/airflow/example_dags/example_skip_dag.py took 0.048 seconds
[2024-04-21T14:33:07.437+0000] {processor.py:161} INFO - Started process (PID=1947) to work on /home/airflow/.local/lib/python3.12/site-packages/airflow/example_dags/example_skip_dag.py
[2024-04-21T14:33:07.438+0000] {processor.py:830} INFO - Processing file /home/airflow/.local/lib/python3.12/site-packages/airflow/example_dags/example_skip_dag.py for tasks to queue
[2024-04-21T14:33:07.439+0000] {logging_mixin.py:188} INFO - [2024-04-21T14:33:07.439+0000] {dagbag.py:540} INFO - Filling up the DagBag from /home/airflow/.local/lib/python3.12/site-packages/airflow/example_dags/example_skip_dag.py
[2024-04-21T14:33:07.443+0000] {processor.py:840} INFO - DAG(s) 'example_skip_dag' retrieved from /home/airflow/.local/lib/python3.12/site-packages/airflow/example_dags/example_skip_dag.py
[2024-04-21T14:33:07.460+0000] {logging_mixin.py:188} INFO - [2024-04-21T14:33:07.460+0000] {dag.py:3096} INFO - Sync 1 DAGs
[2024-04-21T14:33:07.472+0000] {logging_mixin.py:188} INFO - [2024-04-21T14:33:07.472+0000] {dag.py:3954} INFO - Setting next_dagrun for example_skip_dag to 2024-04-20 00:00:00+00:00, run_after=2024-04-21 00:00:00+00:00
[2024-04-21T14:33:07.481+0000] {processor.py:183} INFO - Processing /home/airflow/.local/lib/python3.12/site-packages/airflow/example_dags/example_skip_dag.py took 0.048 seconds
[2024-04-21T14:33:38.035+0000] {processor.py:161} INFO - Started process (PID=2210) to work on /home/airflow/.local/lib/python3.12/site-packages/airflow/example_dags/example_skip_dag.py
[2024-04-21T14:33:38.035+0000] {processor.py:830} INFO - Processing file /home/airflow/.local/lib/python3.12/site-packages/airflow/example_dags/example_skip_dag.py for tasks to queue
[2024-04-21T14:33:38.037+0000] {logging_mixin.py:188} INFO - [2024-04-21T14:33:38.037+0000] {dagbag.py:540} INFO - Filling up the DagBag from /home/airflow/.local/lib/python3.12/site-packages/airflow/example_dags/example_skip_dag.py
[2024-04-21T14:33:38.042+0000] {processor.py:840} INFO - DAG(s) 'example_skip_dag' retrieved from /home/airflow/.local/lib/python3.12/site-packages/airflow/example_dags/example_skip_dag.py
[2024-04-21T14:33:38.058+0000] {logging_mixin.py:188} INFO - [2024-04-21T14:33:38.057+0000] {dag.py:3096} INFO - Sync 1 DAGs
[2024-04-21T14:33:38.070+0000] {logging_mixin.py:188} INFO - [2024-04-21T14:33:38.070+0000] {dag.py:3954} INFO - Setting next_dagrun for example_skip_dag to 2024-04-20 00:00:00+00:00, run_after=2024-04-21 00:00:00+00:00
[2024-04-21T14:33:38.081+0000] {processor.py:183} INFO - Processing /home/airflow/.local/lib/python3.12/site-packages/airflow/example_dags/example_skip_dag.py took 0.051 seconds
[2024-04-21T14:34:09.027+0000] {processor.py:161} INFO - Started process (PID=2474) to work on /home/airflow/.local/lib/python3.12/site-packages/airflow/example_dags/example_skip_dag.py
[2024-04-21T14:34:09.028+0000] {processor.py:830} INFO - Processing file /home/airflow/.local/lib/python3.12/site-packages/airflow/example_dags/example_skip_dag.py for tasks to queue
[2024-04-21T14:34:09.030+0000] {logging_mixin.py:188} INFO - [2024-04-21T14:34:09.029+0000] {dagbag.py:540} INFO - Filling up the DagBag from /home/airflow/.local/lib/python3.12/site-packages/airflow/example_dags/example_skip_dag.py
[2024-04-21T14:34:09.036+0000] {processor.py:840} INFO - DAG(s) 'example_skip_dag' retrieved from /home/airflow/.local/lib/python3.12/site-packages/airflow/example_dags/example_skip_dag.py
[2024-04-21T14:34:09.055+0000] {logging_mixin.py:188} INFO - [2024-04-21T14:34:09.055+0000] {dag.py:3096} INFO - Sync 1 DAGs
[2024-04-21T14:34:09.069+0000] {logging_mixin.py:188} INFO - [2024-04-21T14:34:09.069+0000] {dag.py:3954} INFO - Setting next_dagrun for example_skip_dag to 2024-04-20 00:00:00+00:00, run_after=2024-04-21 00:00:00+00:00
[2024-04-21T14:34:09.079+0000] {processor.py:183} INFO - Processing /home/airflow/.local/lib/python3.12/site-packages/airflow/example_dags/example_skip_dag.py took 0.057 seconds
[2024-04-21T14:34:39.901+0000] {processor.py:161} INFO - Started process (PID=2734) to work on /home/airflow/.local/lib/python3.12/site-packages/airflow/example_dags/example_skip_dag.py
[2024-04-21T14:34:39.902+0000] {processor.py:830} INFO - Processing file /home/airflow/.local/lib/python3.12/site-packages/airflow/example_dags/example_skip_dag.py for tasks to queue
[2024-04-21T14:34:39.903+0000] {logging_mixin.py:188} INFO - [2024-04-21T14:34:39.903+0000] {dagbag.py:540} INFO - Filling up the DagBag from /home/airflow/.local/lib/python3.12/site-packages/airflow/example_dags/example_skip_dag.py
[2024-04-21T14:34:39.908+0000] {processor.py:840} INFO - DAG(s) 'example_skip_dag' retrieved from /home/airflow/.local/lib/python3.12/site-packages/airflow/example_dags/example_skip_dag.py
[2024-04-21T14:34:39.926+0000] {logging_mixin.py:188} INFO - [2024-04-21T14:34:39.926+0000] {dag.py:3096} INFO - Sync 1 DAGs
[2024-04-21T14:34:39.938+0000] {logging_mixin.py:188} INFO - [2024-04-21T14:34:39.938+0000] {dag.py:3954} INFO - Setting next_dagrun for example_skip_dag to 2024-04-20 00:00:00+00:00, run_after=2024-04-21 00:00:00+00:00
[2024-04-21T14:34:39.954+0000] {processor.py:183} INFO - Processing /home/airflow/.local/lib/python3.12/site-packages/airflow/example_dags/example_skip_dag.py took 0.058 seconds
[2024-04-21T14:36:11.586+0000] {processor.py:161} INFO - Started process (PID=3005) to work on /home/airflow/.local/lib/python3.12/site-packages/airflow/example_dags/example_skip_dag.py
[2024-04-21T14:36:11.587+0000] {processor.py:830} INFO - Processing file /home/airflow/.local/lib/python3.12/site-packages/airflow/example_dags/example_skip_dag.py for tasks to queue
[2024-04-21T14:36:11.588+0000] {logging_mixin.py:188} INFO - [2024-04-21T14:36:11.588+0000] {dagbag.py:540} INFO - Filling up the DagBag from /home/airflow/.local/lib/python3.12/site-packages/airflow/example_dags/example_skip_dag.py
[2024-04-21T14:36:11.592+0000] {processor.py:840} INFO - DAG(s) 'example_skip_dag' retrieved from /home/airflow/.local/lib/python3.12/site-packages/airflow/example_dags/example_skip_dag.py
[2024-04-21T14:36:11.604+0000] {logging_mixin.py:188} INFO - [2024-04-21T14:36:11.604+0000] {dag.py:3096} INFO - Sync 1 DAGs
[2024-04-21T14:36:11.614+0000] {logging_mixin.py:188} INFO - [2024-04-21T14:36:11.614+0000] {dag.py:3954} INFO - Setting next_dagrun for example_skip_dag to 2024-04-20 00:00:00+00:00, run_after=2024-04-21 00:00:00+00:00
[2024-04-21T14:36:11.622+0000] {processor.py:183} INFO - Processing /home/airflow/.local/lib/python3.12/site-packages/airflow/example_dags/example_skip_dag.py took 0.039 seconds
[2024-04-21T14:36:42.431+0000] {processor.py:161} INFO - Started process (PID=3272) to work on /home/airflow/.local/lib/python3.12/site-packages/airflow/example_dags/example_skip_dag.py
[2024-04-21T14:36:42.432+0000] {processor.py:830} INFO - Processing file /home/airflow/.local/lib/python3.12/site-packages/airflow/example_dags/example_skip_dag.py for tasks to queue
[2024-04-21T14:36:42.433+0000] {logging_mixin.py:188} INFO - [2024-04-21T14:36:42.433+0000] {dagbag.py:540} INFO - Filling up the DagBag from /home/airflow/.local/lib/python3.12/site-packages/airflow/example_dags/example_skip_dag.py
[2024-04-21T14:36:42.436+0000] {processor.py:840} INFO - DAG(s) 'example_skip_dag' retrieved from /home/airflow/.local/lib/python3.12/site-packages/airflow/example_dags/example_skip_dag.py
[2024-04-21T14:36:42.448+0000] {logging_mixin.py:188} INFO - [2024-04-21T14:36:42.448+0000] {dag.py:3096} INFO - Sync 1 DAGs
[2024-04-21T14:36:42.457+0000] {logging_mixin.py:188} INFO - [2024-04-21T14:36:42.457+0000] {dag.py:3954} INFO - Setting next_dagrun for example_skip_dag to 2024-04-20 00:00:00+00:00, run_after=2024-04-21 00:00:00+00:00
[2024-04-21T14:36:42.464+0000] {processor.py:183} INFO - Processing /home/airflow/.local/lib/python3.12/site-packages/airflow/example_dags/example_skip_dag.py took 0.036 seconds
[2024-04-21T14:37:12.640+0000] {processor.py:161} INFO - Started process (PID=3539) to work on /home/airflow/.local/lib/python3.12/site-packages/airflow/example_dags/example_skip_dag.py
[2024-04-21T14:37:12.641+0000] {processor.py:830} INFO - Processing file /home/airflow/.local/lib/python3.12/site-packages/airflow/example_dags/example_skip_dag.py for tasks to queue
[2024-04-21T14:37:12.642+0000] {logging_mixin.py:188} INFO - [2024-04-21T14:37:12.641+0000] {dagbag.py:540} INFO - Filling up the DagBag from /home/airflow/.local/lib/python3.12/site-packages/airflow/example_dags/example_skip_dag.py
[2024-04-21T14:37:12.645+0000] {processor.py:840} INFO - DAG(s) 'example_skip_dag' retrieved from /home/airflow/.local/lib/python3.12/site-packages/airflow/example_dags/example_skip_dag.py
[2024-04-21T14:37:12.659+0000] {logging_mixin.py:188} INFO - [2024-04-21T14:37:12.659+0000] {dag.py:3096} INFO - Sync 1 DAGs
[2024-04-21T14:37:12.671+0000] {logging_mixin.py:188} INFO - [2024-04-21T14:37:12.671+0000] {dag.py:3954} INFO - Setting next_dagrun for example_skip_dag to 2024-04-20 00:00:00+00:00, run_after=2024-04-21 00:00:00+00:00
[2024-04-21T14:37:12.679+0000] {processor.py:183} INFO - Processing /home/airflow/.local/lib/python3.12/site-packages/airflow/example_dags/example_skip_dag.py took 0.043 seconds
[2024-04-21T14:37:43.662+0000] {processor.py:161} INFO - Started process (PID=3804) to work on /home/airflow/.local/lib/python3.12/site-packages/airflow/example_dags/example_skip_dag.py
[2024-04-21T14:37:43.663+0000] {processor.py:830} INFO - Processing file /home/airflow/.local/lib/python3.12/site-packages/airflow/example_dags/example_skip_dag.py for tasks to queue
[2024-04-21T14:37:43.664+0000] {logging_mixin.py:188} INFO - [2024-04-21T14:37:43.663+0000] {dagbag.py:540} INFO - Filling up the DagBag from /home/airflow/.local/lib/python3.12/site-packages/airflow/example_dags/example_skip_dag.py
[2024-04-21T14:37:43.667+0000] {processor.py:840} INFO - DAG(s) 'example_skip_dag' retrieved from /home/airflow/.local/lib/python3.12/site-packages/airflow/example_dags/example_skip_dag.py
[2024-04-21T14:37:43.680+0000] {logging_mixin.py:188} INFO - [2024-04-21T14:37:43.680+0000] {dag.py:3096} INFO - Sync 1 DAGs
[2024-04-21T14:37:43.690+0000] {logging_mixin.py:188} INFO - [2024-04-21T14:37:43.689+0000] {dag.py:3954} INFO - Setting next_dagrun for example_skip_dag to 2024-04-20 00:00:00+00:00, run_after=2024-04-21 00:00:00+00:00
[2024-04-21T14:37:43.697+0000] {processor.py:183} INFO - Processing /home/airflow/.local/lib/python3.12/site-packages/airflow/example_dags/example_skip_dag.py took 0.038 seconds
[2024-04-21T14:53:48.296+0000] {processor.py:161} INFO - Started process (PID=4073) to work on /home/airflow/.local/lib/python3.12/site-packages/airflow/example_dags/example_skip_dag.py
[2024-04-21T14:53:48.296+0000] {processor.py:830} INFO - Processing file /home/airflow/.local/lib/python3.12/site-packages/airflow/example_dags/example_skip_dag.py for tasks to queue
[2024-04-21T14:53:48.297+0000] {logging_mixin.py:188} INFO - [2024-04-21T14:53:48.297+0000] {dagbag.py:540} INFO - Filling up the DagBag from /home/airflow/.local/lib/python3.12/site-packages/airflow/example_dags/example_skip_dag.py
[2024-04-21T14:53:48.301+0000] {processor.py:840} INFO - DAG(s) 'example_skip_dag' retrieved from /home/airflow/.local/lib/python3.12/site-packages/airflow/example_dags/example_skip_dag.py
[2024-04-21T14:53:48.316+0000] {logging_mixin.py:188} INFO - [2024-04-21T14:53:48.316+0000] {dag.py:3096} INFO - Sync 1 DAGs
[2024-04-21T14:53:48.326+0000] {logging_mixin.py:188} INFO - [2024-04-21T14:53:48.326+0000] {dag.py:3954} INFO - Setting next_dagrun for example_skip_dag to 2024-04-20 00:00:00+00:00, run_after=2024-04-21 00:00:00+00:00
[2024-04-21T14:53:48.334+0000] {processor.py:183} INFO - Processing /home/airflow/.local/lib/python3.12/site-packages/airflow/example_dags/example_skip_dag.py took 0.042 seconds
[2024-04-21T14:54:19.299+0000] {processor.py:161} INFO - Started process (PID=4342) to work on /home/airflow/.local/lib/python3.12/site-packages/airflow/example_dags/example_skip_dag.py
[2024-04-21T14:54:19.300+0000] {processor.py:830} INFO - Processing file /home/airflow/.local/lib/python3.12/site-packages/airflow/example_dags/example_skip_dag.py for tasks to queue
[2024-04-21T14:54:19.301+0000] {logging_mixin.py:188} INFO - [2024-04-21T14:54:19.301+0000] {dagbag.py:540} INFO - Filling up the DagBag from /home/airflow/.local/lib/python3.12/site-packages/airflow/example_dags/example_skip_dag.py
[2024-04-21T14:54:19.304+0000] {processor.py:840} INFO - DAG(s) 'example_skip_dag' retrieved from /home/airflow/.local/lib/python3.12/site-packages/airflow/example_dags/example_skip_dag.py
[2024-04-21T14:54:19.317+0000] {logging_mixin.py:188} INFO - [2024-04-21T14:54:19.317+0000] {dag.py:3096} INFO - Sync 1 DAGs
[2024-04-21T14:54:19.326+0000] {logging_mixin.py:188} INFO - [2024-04-21T14:54:19.326+0000] {dag.py:3954} INFO - Setting next_dagrun for example_skip_dag to 2024-04-20 00:00:00+00:00, run_after=2024-04-21 00:00:00+00:00
[2024-04-21T14:54:19.333+0000] {processor.py:183} INFO - Processing /home/airflow/.local/lib/python3.12/site-packages/airflow/example_dags/example_skip_dag.py took 0.037 seconds
[2024-04-21T14:54:50.303+0000] {processor.py:161} INFO - Started process (PID=4607) to work on /home/airflow/.local/lib/python3.12/site-packages/airflow/example_dags/example_skip_dag.py
[2024-04-21T14:54:50.303+0000] {processor.py:830} INFO - Processing file /home/airflow/.local/lib/python3.12/site-packages/airflow/example_dags/example_skip_dag.py for tasks to queue
[2024-04-21T14:54:50.304+0000] {logging_mixin.py:188} INFO - [2024-04-21T14:54:50.304+0000] {dagbag.py:540} INFO - Filling up the DagBag from /home/airflow/.local/lib/python3.12/site-packages/airflow/example_dags/example_skip_dag.py
[2024-04-21T14:54:50.308+0000] {processor.py:840} INFO - DAG(s) 'example_skip_dag' retrieved from /home/airflow/.local/lib/python3.12/site-packages/airflow/example_dags/example_skip_dag.py
[2024-04-21T14:54:50.322+0000] {logging_mixin.py:188} INFO - [2024-04-21T14:54:50.322+0000] {dag.py:3096} INFO - Sync 1 DAGs
[2024-04-21T14:54:50.331+0000] {logging_mixin.py:188} INFO - [2024-04-21T14:54:50.331+0000] {dag.py:3954} INFO - Setting next_dagrun for example_skip_dag to 2024-04-20 00:00:00+00:00, run_after=2024-04-21 00:00:00+00:00
[2024-04-21T14:54:50.341+0000] {processor.py:183} INFO - Processing /home/airflow/.local/lib/python3.12/site-packages/airflow/example_dags/example_skip_dag.py took 0.041 seconds
[2024-04-21T14:55:21.188+0000] {processor.py:161} INFO - Started process (PID=4874) to work on /home/airflow/.local/lib/python3.12/site-packages/airflow/example_dags/example_skip_dag.py
[2024-04-21T14:55:21.188+0000] {processor.py:830} INFO - Processing file /home/airflow/.local/lib/python3.12/site-packages/airflow/example_dags/example_skip_dag.py for tasks to queue
[2024-04-21T14:55:21.189+0000] {logging_mixin.py:188} INFO - [2024-04-21T14:55:21.189+0000] {dagbag.py:540} INFO - Filling up the DagBag from /home/airflow/.local/lib/python3.12/site-packages/airflow/example_dags/example_skip_dag.py
[2024-04-21T14:55:21.193+0000] {processor.py:840} INFO - DAG(s) 'example_skip_dag' retrieved from /home/airflow/.local/lib/python3.12/site-packages/airflow/example_dags/example_skip_dag.py
[2024-04-21T14:55:21.206+0000] {logging_mixin.py:188} INFO - [2024-04-21T14:55:21.206+0000] {dag.py:3096} INFO - Sync 1 DAGs
[2024-04-21T14:55:21.217+0000] {logging_mixin.py:188} INFO - [2024-04-21T14:55:21.216+0000] {dag.py:3954} INFO - Setting next_dagrun for example_skip_dag to 2024-04-20 00:00:00+00:00, run_after=2024-04-21 00:00:00+00:00
[2024-04-21T14:55:21.225+0000] {processor.py:183} INFO - Processing /home/airflow/.local/lib/python3.12/site-packages/airflow/example_dags/example_skip_dag.py took 0.040 seconds
[2024-04-21T14:55:52.004+0000] {processor.py:161} INFO - Started process (PID=5141) to work on /home/airflow/.local/lib/python3.12/site-packages/airflow/example_dags/example_skip_dag.py
[2024-04-21T14:55:52.005+0000] {processor.py:830} INFO - Processing file /home/airflow/.local/lib/python3.12/site-packages/airflow/example_dags/example_skip_dag.py for tasks to queue
[2024-04-21T14:55:52.006+0000] {logging_mixin.py:188} INFO - [2024-04-21T14:55:52.006+0000] {dagbag.py:540} INFO - Filling up the DagBag from /home/airflow/.local/lib/python3.12/site-packages/airflow/example_dags/example_skip_dag.py
[2024-04-21T14:55:52.009+0000] {processor.py:840} INFO - DAG(s) 'example_skip_dag' retrieved from /home/airflow/.local/lib/python3.12/site-packages/airflow/example_dags/example_skip_dag.py
[2024-04-21T14:55:52.021+0000] {logging_mixin.py:188} INFO - [2024-04-21T14:55:52.021+0000] {dag.py:3096} INFO - Sync 1 DAGs
[2024-04-21T14:55:52.031+0000] {logging_mixin.py:188} INFO - [2024-04-21T14:55:52.031+0000] {dag.py:3954} INFO - Setting next_dagrun for example_skip_dag to 2024-04-20 00:00:00+00:00, run_after=2024-04-21 00:00:00+00:00
[2024-04-21T14:55:52.039+0000] {processor.py:183} INFO - Processing /home/airflow/.local/lib/python3.12/site-packages/airflow/example_dags/example_skip_dag.py took 0.039 seconds
[2024-04-21T14:56:22.815+0000] {processor.py:161} INFO - Started process (PID=5408) to work on /home/airflow/.local/lib/python3.12/site-packages/airflow/example_dags/example_skip_dag.py
[2024-04-21T14:56:22.816+0000] {processor.py:830} INFO - Processing file /home/airflow/.local/lib/python3.12/site-packages/airflow/example_dags/example_skip_dag.py for tasks to queue
[2024-04-21T14:56:22.817+0000] {logging_mixin.py:188} INFO - [2024-04-21T14:56:22.817+0000] {dagbag.py:540} INFO - Filling up the DagBag from /home/airflow/.local/lib/python3.12/site-packages/airflow/example_dags/example_skip_dag.py
[2024-04-21T14:56:22.821+0000] {processor.py:840} INFO - DAG(s) 'example_skip_dag' retrieved from /home/airflow/.local/lib/python3.12/site-packages/airflow/example_dags/example_skip_dag.py
[2024-04-21T14:56:22.833+0000] {logging_mixin.py:188} INFO - [2024-04-21T14:56:22.833+0000] {dag.py:3096} INFO - Sync 1 DAGs
[2024-04-21T14:56:22.843+0000] {logging_mixin.py:188} INFO - [2024-04-21T14:56:22.843+0000] {dag.py:3954} INFO - Setting next_dagrun for example_skip_dag to 2024-04-20 00:00:00+00:00, run_after=2024-04-21 00:00:00+00:00
[2024-04-21T14:56:22.852+0000] {processor.py:183} INFO - Processing /home/airflow/.local/lib/python3.12/site-packages/airflow/example_dags/example_skip_dag.py took 0.041 seconds
[2024-04-21T14:56:53.904+0000] {processor.py:161} INFO - Started process (PID=5675) to work on /home/airflow/.local/lib/python3.12/site-packages/airflow/example_dags/example_skip_dag.py
[2024-04-21T14:56:53.905+0000] {processor.py:830} INFO - Processing file /home/airflow/.local/lib/python3.12/site-packages/airflow/example_dags/example_skip_dag.py for tasks to queue
[2024-04-21T14:56:53.906+0000] {logging_mixin.py:188} INFO - [2024-04-21T14:56:53.905+0000] {dagbag.py:540} INFO - Filling up the DagBag from /home/airflow/.local/lib/python3.12/site-packages/airflow/example_dags/example_skip_dag.py
[2024-04-21T14:56:53.910+0000] {processor.py:840} INFO - DAG(s) 'example_skip_dag' retrieved from /home/airflow/.local/lib/python3.12/site-packages/airflow/example_dags/example_skip_dag.py
[2024-04-21T14:56:53.924+0000] {logging_mixin.py:188} INFO - [2024-04-21T14:56:53.924+0000] {dag.py:3096} INFO - Sync 1 DAGs
[2024-04-21T14:56:53.936+0000] {logging_mixin.py:188} INFO - [2024-04-21T14:56:53.936+0000] {dag.py:3954} INFO - Setting next_dagrun for example_skip_dag to 2024-04-20 00:00:00+00:00, run_after=2024-04-21 00:00:00+00:00
[2024-04-21T14:56:53.948+0000] {processor.py:183} INFO - Processing /home/airflow/.local/lib/python3.12/site-packages/airflow/example_dags/example_skip_dag.py took 0.050 seconds
[2024-04-21T14:57:23.983+0000] {processor.py:161} INFO - Started process (PID=5939) to work on /home/airflow/.local/lib/python3.12/site-packages/airflow/example_dags/example_skip_dag.py
[2024-04-21T14:57:23.983+0000] {processor.py:830} INFO - Processing file /home/airflow/.local/lib/python3.12/site-packages/airflow/example_dags/example_skip_dag.py for tasks to queue
[2024-04-21T14:57:23.984+0000] {logging_mixin.py:188} INFO - [2024-04-21T14:57:23.984+0000] {dagbag.py:540} INFO - Filling up the DagBag from /home/airflow/.local/lib/python3.12/site-packages/airflow/example_dags/example_skip_dag.py
[2024-04-21T14:57:23.987+0000] {processor.py:840} INFO - DAG(s) 'example_skip_dag' retrieved from /home/airflow/.local/lib/python3.12/site-packages/airflow/example_dags/example_skip_dag.py
[2024-04-21T14:57:24.001+0000] {logging_mixin.py:188} INFO - [2024-04-21T14:57:24.001+0000] {dag.py:3096} INFO - Sync 1 DAGs
[2024-04-21T14:57:24.010+0000] {logging_mixin.py:188} INFO - [2024-04-21T14:57:24.010+0000] {dag.py:3954} INFO - Setting next_dagrun for example_skip_dag to 2024-04-20 00:00:00+00:00, run_after=2024-04-21 00:00:00+00:00
[2024-04-21T14:57:24.018+0000] {processor.py:183} INFO - Processing /home/airflow/.local/lib/python3.12/site-packages/airflow/example_dags/example_skip_dag.py took 0.039 seconds
[2024-04-21T14:57:54.038+0000] {processor.py:161} INFO - Started process (PID=6213) to work on /home/airflow/.local/lib/python3.12/site-packages/airflow/example_dags/example_skip_dag.py
[2024-04-21T14:57:54.038+0000] {processor.py:830} INFO - Processing file /home/airflow/.local/lib/python3.12/site-packages/airflow/example_dags/example_skip_dag.py for tasks to queue
[2024-04-21T14:57:54.039+0000] {logging_mixin.py:188} INFO - [2024-04-21T14:57:54.039+0000] {dagbag.py:540} INFO - Filling up the DagBag from /home/airflow/.local/lib/python3.12/site-packages/airflow/example_dags/example_skip_dag.py
[2024-04-21T14:57:54.042+0000] {processor.py:840} INFO - DAG(s) 'example_skip_dag' retrieved from /home/airflow/.local/lib/python3.12/site-packages/airflow/example_dags/example_skip_dag.py
[2024-04-21T14:57:54.056+0000] {logging_mixin.py:188} INFO - [2024-04-21T14:57:54.056+0000] {dag.py:3096} INFO - Sync 1 DAGs
[2024-04-21T14:57:54.065+0000] {logging_mixin.py:188} INFO - [2024-04-21T14:57:54.065+0000] {dag.py:3954} INFO - Setting next_dagrun for example_skip_dag to 2024-04-20 00:00:00+00:00, run_after=2024-04-21 00:00:00+00:00
[2024-04-21T14:57:54.074+0000] {processor.py:183} INFO - Processing /home/airflow/.local/lib/python3.12/site-packages/airflow/example_dags/example_skip_dag.py took 0.039 seconds
[2024-04-21T14:58:25.108+0000] {processor.py:161} INFO - Started process (PID=6481) to work on /home/airflow/.local/lib/python3.12/site-packages/airflow/example_dags/example_skip_dag.py
[2024-04-21T14:58:25.109+0000] {processor.py:830} INFO - Processing file /home/airflow/.local/lib/python3.12/site-packages/airflow/example_dags/example_skip_dag.py for tasks to queue
[2024-04-21T14:58:25.110+0000] {logging_mixin.py:188} INFO - [2024-04-21T14:58:25.110+0000] {dagbag.py:540} INFO - Filling up the DagBag from /home/airflow/.local/lib/python3.12/site-packages/airflow/example_dags/example_skip_dag.py
[2024-04-21T14:58:25.115+0000] {processor.py:840} INFO - DAG(s) 'example_skip_dag' retrieved from /home/airflow/.local/lib/python3.12/site-packages/airflow/example_dags/example_skip_dag.py
[2024-04-21T14:58:25.129+0000] {logging_mixin.py:188} INFO - [2024-04-21T14:58:25.129+0000] {dag.py:3096} INFO - Sync 1 DAGs
[2024-04-21T14:58:25.139+0000] {logging_mixin.py:188} INFO - [2024-04-21T14:58:25.139+0000] {dag.py:3954} INFO - Setting next_dagrun for example_skip_dag to 2024-04-20 00:00:00+00:00, run_after=2024-04-21 00:00:00+00:00
[2024-04-21T14:58:25.148+0000] {processor.py:183} INFO - Processing /home/airflow/.local/lib/python3.12/site-packages/airflow/example_dags/example_skip_dag.py took 0.043 seconds
[2024-04-21T14:58:55.669+0000] {processor.py:161} INFO - Started process (PID=6757) to work on /home/airflow/.local/lib/python3.12/site-packages/airflow/example_dags/example_skip_dag.py
[2024-04-21T14:58:55.670+0000] {processor.py:830} INFO - Processing file /home/airflow/.local/lib/python3.12/site-packages/airflow/example_dags/example_skip_dag.py for tasks to queue
[2024-04-21T14:58:55.671+0000] {logging_mixin.py:188} INFO - [2024-04-21T14:58:55.671+0000] {dagbag.py:540} INFO - Filling up the DagBag from /home/airflow/.local/lib/python3.12/site-packages/airflow/example_dags/example_skip_dag.py
[2024-04-21T14:58:55.676+0000] {processor.py:840} INFO - DAG(s) 'example_skip_dag' retrieved from /home/airflow/.local/lib/python3.12/site-packages/airflow/example_dags/example_skip_dag.py
[2024-04-21T14:58:55.689+0000] {logging_mixin.py:188} INFO - [2024-04-21T14:58:55.689+0000] {dag.py:3096} INFO - Sync 1 DAGs
[2024-04-21T14:58:55.699+0000] {logging_mixin.py:188} INFO - [2024-04-21T14:58:55.699+0000] {dag.py:3954} INFO - Setting next_dagrun for example_skip_dag to 2024-04-20 00:00:00+00:00, run_after=2024-04-21 00:00:00+00:00
[2024-04-21T14:58:55.785+0000] {processor.py:183} INFO - Processing /home/airflow/.local/lib/python3.12/site-packages/airflow/example_dags/example_skip_dag.py took 0.122 seconds
[2024-04-21T14:59:26.430+0000] {processor.py:161} INFO - Started process (PID=7028) to work on /home/airflow/.local/lib/python3.12/site-packages/airflow/example_dags/example_skip_dag.py
[2024-04-21T14:59:26.430+0000] {processor.py:830} INFO - Processing file /home/airflow/.local/lib/python3.12/site-packages/airflow/example_dags/example_skip_dag.py for tasks to queue
[2024-04-21T14:59:26.432+0000] {logging_mixin.py:188} INFO - [2024-04-21T14:59:26.431+0000] {dagbag.py:540} INFO - Filling up the DagBag from /home/airflow/.local/lib/python3.12/site-packages/airflow/example_dags/example_skip_dag.py
[2024-04-21T14:59:26.435+0000] {processor.py:840} INFO - DAG(s) 'example_skip_dag' retrieved from /home/airflow/.local/lib/python3.12/site-packages/airflow/example_dags/example_skip_dag.py
[2024-04-21T14:59:26.448+0000] {logging_mixin.py:188} INFO - [2024-04-21T14:59:26.448+0000] {dag.py:3096} INFO - Sync 1 DAGs
[2024-04-21T14:59:26.459+0000] {logging_mixin.py:188} INFO - [2024-04-21T14:59:26.459+0000] {dag.py:3954} INFO - Setting next_dagrun for example_skip_dag to 2024-04-20 00:00:00+00:00, run_after=2024-04-21 00:00:00+00:00
[2024-04-21T14:59:26.467+0000] {processor.py:183} INFO - Processing /home/airflow/.local/lib/python3.12/site-packages/airflow/example_dags/example_skip_dag.py took 0.040 seconds
[2024-04-21T14:59:57.227+0000] {processor.py:161} INFO - Started process (PID=7295) to work on /home/airflow/.local/lib/python3.12/site-packages/airflow/example_dags/example_skip_dag.py
[2024-04-21T14:59:57.227+0000] {processor.py:830} INFO - Processing file /home/airflow/.local/lib/python3.12/site-packages/airflow/example_dags/example_skip_dag.py for tasks to queue
[2024-04-21T14:59:57.228+0000] {logging_mixin.py:188} INFO - [2024-04-21T14:59:57.228+0000] {dagbag.py:540} INFO - Filling up the DagBag from /home/airflow/.local/lib/python3.12/site-packages/airflow/example_dags/example_skip_dag.py
[2024-04-21T14:59:57.232+0000] {processor.py:840} INFO - DAG(s) 'example_skip_dag' retrieved from /home/airflow/.local/lib/python3.12/site-packages/airflow/example_dags/example_skip_dag.py
[2024-04-21T14:59:57.244+0000] {logging_mixin.py:188} INFO - [2024-04-21T14:59:57.244+0000] {dag.py:3096} INFO - Sync 1 DAGs
[2024-04-21T14:59:57.254+0000] {logging_mixin.py:188} INFO - [2024-04-21T14:59:57.254+0000] {dag.py:3954} INFO - Setting next_dagrun for example_skip_dag to 2024-04-20 00:00:00+00:00, run_after=2024-04-21 00:00:00+00:00
[2024-04-21T14:59:57.262+0000] {processor.py:183} INFO - Processing /home/airflow/.local/lib/python3.12/site-packages/airflow/example_dags/example_skip_dag.py took 0.038 seconds
[2024-04-21T15:00:28.123+0000] {processor.py:161} INFO - Started process (PID=7587) to work on /home/airflow/.local/lib/python3.12/site-packages/airflow/example_dags/example_skip_dag.py
[2024-04-21T15:00:28.123+0000] {processor.py:830} INFO - Processing file /home/airflow/.local/lib/python3.12/site-packages/airflow/example_dags/example_skip_dag.py for tasks to queue
[2024-04-21T15:00:28.125+0000] {logging_mixin.py:188} INFO - [2024-04-21T15:00:28.124+0000] {dagbag.py:540} INFO - Filling up the DagBag from /home/airflow/.local/lib/python3.12/site-packages/airflow/example_dags/example_skip_dag.py
[2024-04-21T15:00:28.128+0000] {processor.py:840} INFO - DAG(s) 'example_skip_dag' retrieved from /home/airflow/.local/lib/python3.12/site-packages/airflow/example_dags/example_skip_dag.py
[2024-04-21T15:00:28.140+0000] {logging_mixin.py:188} INFO - [2024-04-21T15:00:28.140+0000] {dag.py:3096} INFO - Sync 1 DAGs
[2024-04-21T15:00:28.150+0000] {logging_mixin.py:188} INFO - [2024-04-21T15:00:28.150+0000] {dag.py:3954} INFO - Setting next_dagrun for example_skip_dag to 2024-04-20 00:00:00+00:00, run_after=2024-04-21 00:00:00+00:00
[2024-04-21T15:00:28.157+0000] {processor.py:183} INFO - Processing /home/airflow/.local/lib/python3.12/site-packages/airflow/example_dags/example_skip_dag.py took 0.037 seconds
[2024-04-21T15:00:59.171+0000] {processor.py:161} INFO - Started process (PID=7856) to work on /home/airflow/.local/lib/python3.12/site-packages/airflow/example_dags/example_skip_dag.py
[2024-04-21T15:00:59.172+0000] {processor.py:830} INFO - Processing file /home/airflow/.local/lib/python3.12/site-packages/airflow/example_dags/example_skip_dag.py for tasks to queue
[2024-04-21T15:00:59.173+0000] {logging_mixin.py:188} INFO - [2024-04-21T15:00:59.173+0000] {dagbag.py:540} INFO - Filling up the DagBag from /home/airflow/.local/lib/python3.12/site-packages/airflow/example_dags/example_skip_dag.py
[2024-04-21T15:00:59.176+0000] {processor.py:840} INFO - DAG(s) 'example_skip_dag' retrieved from /home/airflow/.local/lib/python3.12/site-packages/airflow/example_dags/example_skip_dag.py
[2024-04-21T15:00:59.190+0000] {logging_mixin.py:188} INFO - [2024-04-21T15:00:59.190+0000] {dag.py:3096} INFO - Sync 1 DAGs
[2024-04-21T15:00:59.199+0000] {logging_mixin.py:188} INFO - [2024-04-21T15:00:59.199+0000] {dag.py:3954} INFO - Setting next_dagrun for example_skip_dag to 2024-04-20 00:00:00+00:00, run_after=2024-04-21 00:00:00+00:00
[2024-04-21T15:00:59.206+0000] {processor.py:183} INFO - Processing /home/airflow/.local/lib/python3.12/site-packages/airflow/example_dags/example_skip_dag.py took 0.039 seconds
[2024-04-21T15:01:29.424+0000] {processor.py:161} INFO - Started process (PID=8123) to work on /home/airflow/.local/lib/python3.12/site-packages/airflow/example_dags/example_skip_dag.py
[2024-04-21T15:01:29.424+0000] {processor.py:830} INFO - Processing file /home/airflow/.local/lib/python3.12/site-packages/airflow/example_dags/example_skip_dag.py for tasks to queue
[2024-04-21T15:01:29.425+0000] {logging_mixin.py:188} INFO - [2024-04-21T15:01:29.425+0000] {dagbag.py:540} INFO - Filling up the DagBag from /home/airflow/.local/lib/python3.12/site-packages/airflow/example_dags/example_skip_dag.py
[2024-04-21T15:01:29.429+0000] {processor.py:840} INFO - DAG(s) 'example_skip_dag' retrieved from /home/airflow/.local/lib/python3.12/site-packages/airflow/example_dags/example_skip_dag.py
[2024-04-21T15:01:29.441+0000] {logging_mixin.py:188} INFO - [2024-04-21T15:01:29.441+0000] {dag.py:3096} INFO - Sync 1 DAGs
[2024-04-21T15:01:29.451+0000] {logging_mixin.py:188} INFO - [2024-04-21T15:01:29.451+0000] {dag.py:3954} INFO - Setting next_dagrun for example_skip_dag to 2024-04-20 00:00:00+00:00, run_after=2024-04-21 00:00:00+00:00
[2024-04-21T15:01:29.458+0000] {processor.py:183} INFO - Processing /home/airflow/.local/lib/python3.12/site-packages/airflow/example_dags/example_skip_dag.py took 0.038 seconds
[2024-04-21T15:02:00.497+0000] {processor.py:161} INFO - Started process (PID=8405) to work on /home/airflow/.local/lib/python3.12/site-packages/airflow/example_dags/example_skip_dag.py
[2024-04-21T15:02:00.497+0000] {processor.py:830} INFO - Processing file /home/airflow/.local/lib/python3.12/site-packages/airflow/example_dags/example_skip_dag.py for tasks to queue
[2024-04-21T15:02:00.499+0000] {logging_mixin.py:188} INFO - [2024-04-21T15:02:00.498+0000] {dagbag.py:540} INFO - Filling up the DagBag from /home/airflow/.local/lib/python3.12/site-packages/airflow/example_dags/example_skip_dag.py
[2024-04-21T15:02:00.502+0000] {processor.py:840} INFO - DAG(s) 'example_skip_dag' retrieved from /home/airflow/.local/lib/python3.12/site-packages/airflow/example_dags/example_skip_dag.py
[2024-04-21T15:02:00.513+0000] {logging_mixin.py:188} INFO - [2024-04-21T15:02:00.513+0000] {dag.py:3096} INFO - Sync 1 DAGs
[2024-04-21T15:02:00.523+0000] {logging_mixin.py:188} INFO - [2024-04-21T15:02:00.523+0000] {dag.py:3954} INFO - Setting next_dagrun for example_skip_dag to 2024-04-20 00:00:00+00:00, run_after=2024-04-21 00:00:00+00:00
[2024-04-21T15:02:00.530+0000] {processor.py:183} INFO - Processing /home/airflow/.local/lib/python3.12/site-packages/airflow/example_dags/example_skip_dag.py took 0.036 seconds
[2024-04-21T15:02:31.334+0000] {processor.py:161} INFO - Started process (PID=8679) to work on /home/airflow/.local/lib/python3.12/site-packages/airflow/example_dags/example_skip_dag.py
[2024-04-21T15:02:31.334+0000] {processor.py:830} INFO - Processing file /home/airflow/.local/lib/python3.12/site-packages/airflow/example_dags/example_skip_dag.py for tasks to queue
[2024-04-21T15:02:31.335+0000] {logging_mixin.py:188} INFO - [2024-04-21T15:02:31.335+0000] {dagbag.py:540} INFO - Filling up the DagBag from /home/airflow/.local/lib/python3.12/site-packages/airflow/example_dags/example_skip_dag.py
[2024-04-21T15:02:31.339+0000] {processor.py:840} INFO - DAG(s) 'example_skip_dag' retrieved from /home/airflow/.local/lib/python3.12/site-packages/airflow/example_dags/example_skip_dag.py
[2024-04-21T15:02:31.351+0000] {logging_mixin.py:188} INFO - [2024-04-21T15:02:31.351+0000] {dag.py:3096} INFO - Sync 1 DAGs
[2024-04-21T15:02:31.360+0000] {logging_mixin.py:188} INFO - [2024-04-21T15:02:31.360+0000] {dag.py:3954} INFO - Setting next_dagrun for example_skip_dag to 2024-04-20 00:00:00+00:00, run_after=2024-04-21 00:00:00+00:00
[2024-04-21T15:02:31.369+0000] {processor.py:183} INFO - Processing /home/airflow/.local/lib/python3.12/site-packages/airflow/example_dags/example_skip_dag.py took 0.038 seconds
[2024-04-21T15:03:02.223+0000] {processor.py:161} INFO - Started process (PID=8955) to work on /home/airflow/.local/lib/python3.12/site-packages/airflow/example_dags/example_skip_dag.py
[2024-04-21T15:03:02.224+0000] {processor.py:830} INFO - Processing file /home/airflow/.local/lib/python3.12/site-packages/airflow/example_dags/example_skip_dag.py for tasks to queue
[2024-04-21T15:03:02.225+0000] {logging_mixin.py:188} INFO - [2024-04-21T15:03:02.225+0000] {dagbag.py:540} INFO - Filling up the DagBag from /home/airflow/.local/lib/python3.12/site-packages/airflow/example_dags/example_skip_dag.py
[2024-04-21T15:03:02.228+0000] {processor.py:840} INFO - DAG(s) 'example_skip_dag' retrieved from /home/airflow/.local/lib/python3.12/site-packages/airflow/example_dags/example_skip_dag.py
[2024-04-21T15:03:02.241+0000] {logging_mixin.py:188} INFO - [2024-04-21T15:03:02.241+0000] {dag.py:3096} INFO - Sync 1 DAGs
[2024-04-21T15:03:02.251+0000] {logging_mixin.py:188} INFO - [2024-04-21T15:03:02.251+0000] {dag.py:3954} INFO - Setting next_dagrun for example_skip_dag to 2024-04-20 00:00:00+00:00, run_after=2024-04-21 00:00:00+00:00
[2024-04-21T15:03:02.259+0000] {processor.py:183} INFO - Processing /home/airflow/.local/lib/python3.12/site-packages/airflow/example_dags/example_skip_dag.py took 0.039 seconds
[2024-04-21T15:03:33.105+0000] {processor.py:161} INFO - Started process (PID=9222) to work on /home/airflow/.local/lib/python3.12/site-packages/airflow/example_dags/example_skip_dag.py
[2024-04-21T15:03:33.106+0000] {processor.py:830} INFO - Processing file /home/airflow/.local/lib/python3.12/site-packages/airflow/example_dags/example_skip_dag.py for tasks to queue
[2024-04-21T15:03:33.107+0000] {logging_mixin.py:188} INFO - [2024-04-21T15:03:33.107+0000] {dagbag.py:540} INFO - Filling up the DagBag from /home/airflow/.local/lib/python3.12/site-packages/airflow/example_dags/example_skip_dag.py
[2024-04-21T15:03:33.110+0000] {processor.py:840} INFO - DAG(s) 'example_skip_dag' retrieved from /home/airflow/.local/lib/python3.12/site-packages/airflow/example_dags/example_skip_dag.py
[2024-04-21T15:03:33.124+0000] {logging_mixin.py:188} INFO - [2024-04-21T15:03:33.123+0000] {dag.py:3096} INFO - Sync 1 DAGs
[2024-04-21T15:03:33.133+0000] {logging_mixin.py:188} INFO - [2024-04-21T15:03:33.132+0000] {dag.py:3954} INFO - Setting next_dagrun for example_skip_dag to 2024-04-20 00:00:00+00:00, run_after=2024-04-21 00:00:00+00:00
[2024-04-21T15:03:33.139+0000] {processor.py:183} INFO - Processing /home/airflow/.local/lib/python3.12/site-packages/airflow/example_dags/example_skip_dag.py took 0.037 seconds
[2024-04-21T15:04:04.041+0000] {processor.py:161} INFO - Started process (PID=9487) to work on /home/airflow/.local/lib/python3.12/site-packages/airflow/example_dags/example_skip_dag.py
[2024-04-21T15:04:04.042+0000] {processor.py:830} INFO - Processing file /home/airflow/.local/lib/python3.12/site-packages/airflow/example_dags/example_skip_dag.py for tasks to queue
[2024-04-21T15:04:04.043+0000] {logging_mixin.py:188} INFO - [2024-04-21T15:04:04.042+0000] {dagbag.py:540} INFO - Filling up the DagBag from /home/airflow/.local/lib/python3.12/site-packages/airflow/example_dags/example_skip_dag.py
[2024-04-21T15:04:04.046+0000] {processor.py:840} INFO - DAG(s) 'example_skip_dag' retrieved from /home/airflow/.local/lib/python3.12/site-packages/airflow/example_dags/example_skip_dag.py
[2024-04-21T15:04:04.058+0000] {logging_mixin.py:188} INFO - [2024-04-21T15:04:04.058+0000] {dag.py:3096} INFO - Sync 1 DAGs
[2024-04-21T15:04:04.067+0000] {logging_mixin.py:188} INFO - [2024-04-21T15:04:04.067+0000] {dag.py:3954} INFO - Setting next_dagrun for example_skip_dag to 2024-04-20 00:00:00+00:00, run_after=2024-04-21 00:00:00+00:00
[2024-04-21T15:04:04.075+0000] {processor.py:183} INFO - Processing /home/airflow/.local/lib/python3.12/site-packages/airflow/example_dags/example_skip_dag.py took 0.037 seconds
[2024-04-21T15:04:34.859+0000] {processor.py:161} INFO - Started process (PID=9756) to work on /home/airflow/.local/lib/python3.12/site-packages/airflow/example_dags/example_skip_dag.py
[2024-04-21T15:04:34.860+0000] {processor.py:830} INFO - Processing file /home/airflow/.local/lib/python3.12/site-packages/airflow/example_dags/example_skip_dag.py for tasks to queue
[2024-04-21T15:04:34.861+0000] {logging_mixin.py:188} INFO - [2024-04-21T15:04:34.860+0000] {dagbag.py:540} INFO - Filling up the DagBag from /home/airflow/.local/lib/python3.12/site-packages/airflow/example_dags/example_skip_dag.py
[2024-04-21T15:04:34.864+0000] {processor.py:840} INFO - DAG(s) 'example_skip_dag' retrieved from /home/airflow/.local/lib/python3.12/site-packages/airflow/example_dags/example_skip_dag.py
[2024-04-21T15:04:34.876+0000] {logging_mixin.py:188} INFO - [2024-04-21T15:04:34.876+0000] {dag.py:3096} INFO - Sync 1 DAGs
[2024-04-21T15:04:34.885+0000] {logging_mixin.py:188} INFO - [2024-04-21T15:04:34.885+0000] {dag.py:3954} INFO - Setting next_dagrun for example_skip_dag to 2024-04-20 00:00:00+00:00, run_after=2024-04-21 00:00:00+00:00
[2024-04-21T15:04:34.892+0000] {processor.py:183} INFO - Processing /home/airflow/.local/lib/python3.12/site-packages/airflow/example_dags/example_skip_dag.py took 0.036 seconds
[2024-04-21T15:05:05.755+0000] {processor.py:161} INFO - Started process (PID=10022) to work on /home/airflow/.local/lib/python3.12/site-packages/airflow/example_dags/example_skip_dag.py
[2024-04-21T15:05:05.756+0000] {processor.py:830} INFO - Processing file /home/airflow/.local/lib/python3.12/site-packages/airflow/example_dags/example_skip_dag.py for tasks to queue
[2024-04-21T15:05:05.757+0000] {logging_mixin.py:188} INFO - [2024-04-21T15:05:05.757+0000] {dagbag.py:540} INFO - Filling up the DagBag from /home/airflow/.local/lib/python3.12/site-packages/airflow/example_dags/example_skip_dag.py
[2024-04-21T15:05:05.761+0000] {processor.py:840} INFO - DAG(s) 'example_skip_dag' retrieved from /home/airflow/.local/lib/python3.12/site-packages/airflow/example_dags/example_skip_dag.py
[2024-04-21T15:05:05.775+0000] {logging_mixin.py:188} INFO - [2024-04-21T15:05:05.775+0000] {dag.py:3096} INFO - Sync 1 DAGs
[2024-04-21T15:05:05.786+0000] {logging_mixin.py:188} INFO - [2024-04-21T15:05:05.786+0000] {dag.py:3954} INFO - Setting next_dagrun for example_skip_dag to 2024-04-20 00:00:00+00:00, run_after=2024-04-21 00:00:00+00:00
[2024-04-21T15:05:05.795+0000] {processor.py:183} INFO - Processing /home/airflow/.local/lib/python3.12/site-packages/airflow/example_dags/example_skip_dag.py took 0.043 seconds
[2024-04-21T15:05:36.606+0000] {processor.py:161} INFO - Started process (PID=10289) to work on /home/airflow/.local/lib/python3.12/site-packages/airflow/example_dags/example_skip_dag.py
[2024-04-21T15:05:36.606+0000] {processor.py:830} INFO - Processing file /home/airflow/.local/lib/python3.12/site-packages/airflow/example_dags/example_skip_dag.py for tasks to queue
[2024-04-21T15:05:36.607+0000] {logging_mixin.py:188} INFO - [2024-04-21T15:05:36.607+0000] {dagbag.py:540} INFO - Filling up the DagBag from /home/airflow/.local/lib/python3.12/site-packages/airflow/example_dags/example_skip_dag.py
[2024-04-21T15:05:36.611+0000] {processor.py:840} INFO - DAG(s) 'example_skip_dag' retrieved from /home/airflow/.local/lib/python3.12/site-packages/airflow/example_dags/example_skip_dag.py
[2024-04-21T15:05:36.623+0000] {logging_mixin.py:188} INFO - [2024-04-21T15:05:36.623+0000] {dag.py:3096} INFO - Sync 1 DAGs
[2024-04-21T15:05:36.632+0000] {logging_mixin.py:188} INFO - [2024-04-21T15:05:36.632+0000] {dag.py:3954} INFO - Setting next_dagrun for example_skip_dag to 2024-04-20 00:00:00+00:00, run_after=2024-04-21 00:00:00+00:00
[2024-04-21T15:05:36.638+0000] {processor.py:183} INFO - Processing /home/airflow/.local/lib/python3.12/site-packages/airflow/example_dags/example_skip_dag.py took 0.036 seconds
[2024-04-21T15:06:07.498+0000] {processor.py:161} INFO - Started process (PID=10554) to work on /home/airflow/.local/lib/python3.12/site-packages/airflow/example_dags/example_skip_dag.py
[2024-04-21T15:06:07.498+0000] {processor.py:830} INFO - Processing file /home/airflow/.local/lib/python3.12/site-packages/airflow/example_dags/example_skip_dag.py for tasks to queue
[2024-04-21T15:06:07.500+0000] {logging_mixin.py:188} INFO - [2024-04-21T15:06:07.499+0000] {dagbag.py:540} INFO - Filling up the DagBag from /home/airflow/.local/lib/python3.12/site-packages/airflow/example_dags/example_skip_dag.py
[2024-04-21T15:06:07.503+0000] {processor.py:840} INFO - DAG(s) 'example_skip_dag' retrieved from /home/airflow/.local/lib/python3.12/site-packages/airflow/example_dags/example_skip_dag.py
[2024-04-21T15:06:07.515+0000] {logging_mixin.py:188} INFO - [2024-04-21T15:06:07.515+0000] {dag.py:3096} INFO - Sync 1 DAGs
[2024-04-21T15:06:07.525+0000] {logging_mixin.py:188} INFO - [2024-04-21T15:06:07.525+0000] {dag.py:3954} INFO - Setting next_dagrun for example_skip_dag to 2024-04-20 00:00:00+00:00, run_after=2024-04-21 00:00:00+00:00
[2024-04-21T15:06:07.533+0000] {processor.py:183} INFO - Processing /home/airflow/.local/lib/python3.12/site-packages/airflow/example_dags/example_skip_dag.py took 0.038 seconds
[2024-04-21T15:06:38.429+0000] {processor.py:161} INFO - Started process (PID=10823) to work on /home/airflow/.local/lib/python3.12/site-packages/airflow/example_dags/example_skip_dag.py
[2024-04-21T15:06:38.429+0000] {processor.py:830} INFO - Processing file /home/airflow/.local/lib/python3.12/site-packages/airflow/example_dags/example_skip_dag.py for tasks to queue
[2024-04-21T15:06:38.430+0000] {logging_mixin.py:188} INFO - [2024-04-21T15:06:38.430+0000] {dagbag.py:540} INFO - Filling up the DagBag from /home/airflow/.local/lib/python3.12/site-packages/airflow/example_dags/example_skip_dag.py
[2024-04-21T15:06:38.434+0000] {processor.py:840} INFO - DAG(s) 'example_skip_dag' retrieved from /home/airflow/.local/lib/python3.12/site-packages/airflow/example_dags/example_skip_dag.py
[2024-04-21T15:06:38.446+0000] {logging_mixin.py:188} INFO - [2024-04-21T15:06:38.446+0000] {dag.py:3096} INFO - Sync 1 DAGs
[2024-04-21T15:06:38.455+0000] {logging_mixin.py:188} INFO - [2024-04-21T15:06:38.455+0000] {dag.py:3954} INFO - Setting next_dagrun for example_skip_dag to 2024-04-20 00:00:00+00:00, run_after=2024-04-21 00:00:00+00:00
[2024-04-21T15:06:38.462+0000] {processor.py:183} INFO - Processing /home/airflow/.local/lib/python3.12/site-packages/airflow/example_dags/example_skip_dag.py took 0.036 seconds
[2024-04-21T15:07:08.550+0000] {processor.py:161} INFO - Started process (PID=11088) to work on /home/airflow/.local/lib/python3.12/site-packages/airflow/example_dags/example_skip_dag.py
[2024-04-21T15:07:08.550+0000] {processor.py:830} INFO - Processing file /home/airflow/.local/lib/python3.12/site-packages/airflow/example_dags/example_skip_dag.py for tasks to queue
[2024-04-21T15:07:08.551+0000] {logging_mixin.py:188} INFO - [2024-04-21T15:07:08.551+0000] {dagbag.py:540} INFO - Filling up the DagBag from /home/airflow/.local/lib/python3.12/site-packages/airflow/example_dags/example_skip_dag.py
[2024-04-21T15:07:08.555+0000] {processor.py:840} INFO - DAG(s) 'example_skip_dag' retrieved from /home/airflow/.local/lib/python3.12/site-packages/airflow/example_dags/example_skip_dag.py
[2024-04-21T15:07:08.567+0000] {logging_mixin.py:188} INFO - [2024-04-21T15:07:08.567+0000] {dag.py:3096} INFO - Sync 1 DAGs
[2024-04-21T15:07:08.576+0000] {logging_mixin.py:188} INFO - [2024-04-21T15:07:08.576+0000] {dag.py:3954} INFO - Setting next_dagrun for example_skip_dag to 2024-04-20 00:00:00+00:00, run_after=2024-04-21 00:00:00+00:00
[2024-04-21T15:07:08.584+0000] {processor.py:183} INFO - Processing /home/airflow/.local/lib/python3.12/site-packages/airflow/example_dags/example_skip_dag.py took 0.037 seconds
[2024-04-21T15:07:38.803+0000] {processor.py:161} INFO - Started process (PID=11385) to work on /home/airflow/.local/lib/python3.12/site-packages/airflow/example_dags/example_skip_dag.py
[2024-04-21T15:07:38.804+0000] {processor.py:830} INFO - Processing file /home/airflow/.local/lib/python3.12/site-packages/airflow/example_dags/example_skip_dag.py for tasks to queue
[2024-04-21T15:07:38.805+0000] {logging_mixin.py:188} INFO - [2024-04-21T15:07:38.805+0000] {dagbag.py:540} INFO - Filling up the DagBag from /home/airflow/.local/lib/python3.12/site-packages/airflow/example_dags/example_skip_dag.py
[2024-04-21T15:07:38.809+0000] {processor.py:840} INFO - DAG(s) 'example_skip_dag' retrieved from /home/airflow/.local/lib/python3.12/site-packages/airflow/example_dags/example_skip_dag.py
[2024-04-21T15:07:38.821+0000] {logging_mixin.py:188} INFO - [2024-04-21T15:07:38.821+0000] {dag.py:3096} INFO - Sync 1 DAGs
[2024-04-21T15:07:38.831+0000] {logging_mixin.py:188} INFO - [2024-04-21T15:07:38.830+0000] {dag.py:3954} INFO - Setting next_dagrun for example_skip_dag to 2024-04-20 00:00:00+00:00, run_after=2024-04-21 00:00:00+00:00
[2024-04-21T15:07:38.838+0000] {processor.py:183} INFO - Processing /home/airflow/.local/lib/python3.12/site-packages/airflow/example_dags/example_skip_dag.py took 0.038 seconds
[2024-04-21T15:08:08.978+0000] {processor.py:161} INFO - Started process (PID=11657) to work on /home/airflow/.local/lib/python3.12/site-packages/airflow/example_dags/example_skip_dag.py
[2024-04-21T15:08:08.978+0000] {processor.py:830} INFO - Processing file /home/airflow/.local/lib/python3.12/site-packages/airflow/example_dags/example_skip_dag.py for tasks to queue
[2024-04-21T15:08:08.979+0000] {logging_mixin.py:188} INFO - [2024-04-21T15:08:08.979+0000] {dagbag.py:540} INFO - Filling up the DagBag from /home/airflow/.local/lib/python3.12/site-packages/airflow/example_dags/example_skip_dag.py
[2024-04-21T15:08:08.983+0000] {processor.py:840} INFO - DAG(s) 'example_skip_dag' retrieved from /home/airflow/.local/lib/python3.12/site-packages/airflow/example_dags/example_skip_dag.py
[2024-04-21T15:08:08.995+0000] {logging_mixin.py:188} INFO - [2024-04-21T15:08:08.995+0000] {dag.py:3096} INFO - Sync 1 DAGs
[2024-04-21T15:08:09.005+0000] {logging_mixin.py:188} INFO - [2024-04-21T15:08:09.005+0000] {dag.py:3954} INFO - Setting next_dagrun for example_skip_dag to 2024-04-20 00:00:00+00:00, run_after=2024-04-21 00:00:00+00:00
[2024-04-21T15:08:09.012+0000] {processor.py:183} INFO - Processing /home/airflow/.local/lib/python3.12/site-packages/airflow/example_dags/example_skip_dag.py took 0.037 seconds
[2024-04-21T15:08:39.886+0000] {processor.py:161} INFO - Started process (PID=11938) to work on /home/airflow/.local/lib/python3.12/site-packages/airflow/example_dags/example_skip_dag.py
[2024-04-21T15:08:39.886+0000] {processor.py:830} INFO - Processing file /home/airflow/.local/lib/python3.12/site-packages/airflow/example_dags/example_skip_dag.py for tasks to queue
[2024-04-21T15:08:39.887+0000] {logging_mixin.py:188} INFO - [2024-04-21T15:08:39.887+0000] {dagbag.py:540} INFO - Filling up the DagBag from /home/airflow/.local/lib/python3.12/site-packages/airflow/example_dags/example_skip_dag.py
[2024-04-21T15:08:39.891+0000] {processor.py:840} INFO - DAG(s) 'example_skip_dag' retrieved from /home/airflow/.local/lib/python3.12/site-packages/airflow/example_dags/example_skip_dag.py
[2024-04-21T15:08:39.903+0000] {logging_mixin.py:188} INFO - [2024-04-21T15:08:39.903+0000] {dag.py:3096} INFO - Sync 1 DAGs
[2024-04-21T15:08:39.913+0000] {logging_mixin.py:188} INFO - [2024-04-21T15:08:39.913+0000] {dag.py:3954} INFO - Setting next_dagrun for example_skip_dag to 2024-04-20 00:00:00+00:00, run_after=2024-04-21 00:00:00+00:00
[2024-04-21T15:08:39.920+0000] {processor.py:183} INFO - Processing /home/airflow/.local/lib/python3.12/site-packages/airflow/example_dags/example_skip_dag.py took 0.037 seconds
[2024-04-21T15:09:10.776+0000] {processor.py:161} INFO - Started process (PID=12204) to work on /home/airflow/.local/lib/python3.12/site-packages/airflow/example_dags/example_skip_dag.py
[2024-04-21T15:09:10.776+0000] {processor.py:830} INFO - Processing file /home/airflow/.local/lib/python3.12/site-packages/airflow/example_dags/example_skip_dag.py for tasks to queue
[2024-04-21T15:09:10.777+0000] {logging_mixin.py:188} INFO - [2024-04-21T15:09:10.777+0000] {dagbag.py:540} INFO - Filling up the DagBag from /home/airflow/.local/lib/python3.12/site-packages/airflow/example_dags/example_skip_dag.py
[2024-04-21T15:09:10.781+0000] {processor.py:840} INFO - DAG(s) 'example_skip_dag' retrieved from /home/airflow/.local/lib/python3.12/site-packages/airflow/example_dags/example_skip_dag.py
[2024-04-21T15:09:10.793+0000] {logging_mixin.py:188} INFO - [2024-04-21T15:09:10.793+0000] {dag.py:3096} INFO - Sync 1 DAGs
[2024-04-21T15:09:10.803+0000] {logging_mixin.py:188} INFO - [2024-04-21T15:09:10.803+0000] {dag.py:3954} INFO - Setting next_dagrun for example_skip_dag to 2024-04-20 00:00:00+00:00, run_after=2024-04-21 00:00:00+00:00
[2024-04-21T15:09:10.811+0000] {processor.py:183} INFO - Processing /home/airflow/.local/lib/python3.12/site-packages/airflow/example_dags/example_skip_dag.py took 0.038 seconds
[2024-04-21T15:09:41.647+0000] {processor.py:161} INFO - Started process (PID=12471) to work on /home/airflow/.local/lib/python3.12/site-packages/airflow/example_dags/example_skip_dag.py
[2024-04-21T15:09:41.648+0000] {processor.py:830} INFO - Processing file /home/airflow/.local/lib/python3.12/site-packages/airflow/example_dags/example_skip_dag.py for tasks to queue
[2024-04-21T15:09:41.650+0000] {logging_mixin.py:188} INFO - [2024-04-21T15:09:41.649+0000] {dagbag.py:540} INFO - Filling up the DagBag from /home/airflow/.local/lib/python3.12/site-packages/airflow/example_dags/example_skip_dag.py
[2024-04-21T15:09:41.654+0000] {processor.py:840} INFO - DAG(s) 'example_skip_dag' retrieved from /home/airflow/.local/lib/python3.12/site-packages/airflow/example_dags/example_skip_dag.py
[2024-04-21T15:09:41.668+0000] {logging_mixin.py:188} INFO - [2024-04-21T15:09:41.667+0000] {dag.py:3096} INFO - Sync 1 DAGs
[2024-04-21T15:09:41.679+0000] {logging_mixin.py:188} INFO - [2024-04-21T15:09:41.679+0000] {dag.py:3954} INFO - Setting next_dagrun for example_skip_dag to 2024-04-20 00:00:00+00:00, run_after=2024-04-21 00:00:00+00:00
[2024-04-21T15:09:41.687+0000] {processor.py:183} INFO - Processing /home/airflow/.local/lib/python3.12/site-packages/airflow/example_dags/example_skip_dag.py took 0.043 seconds
[2024-04-21T15:10:12.716+0000] {processor.py:161} INFO - Started process (PID=12740) to work on /home/airflow/.local/lib/python3.12/site-packages/airflow/example_dags/example_skip_dag.py
[2024-04-21T15:10:12.717+0000] {processor.py:830} INFO - Processing file /home/airflow/.local/lib/python3.12/site-packages/airflow/example_dags/example_skip_dag.py for tasks to queue
[2024-04-21T15:10:12.718+0000] {logging_mixin.py:188} INFO - [2024-04-21T15:10:12.717+0000] {dagbag.py:540} INFO - Filling up the DagBag from /home/airflow/.local/lib/python3.12/site-packages/airflow/example_dags/example_skip_dag.py
[2024-04-21T15:10:12.721+0000] {processor.py:840} INFO - DAG(s) 'example_skip_dag' retrieved from /home/airflow/.local/lib/python3.12/site-packages/airflow/example_dags/example_skip_dag.py
[2024-04-21T15:10:12.734+0000] {logging_mixin.py:188} INFO - [2024-04-21T15:10:12.734+0000] {dag.py:3096} INFO - Sync 1 DAGs
[2024-04-21T15:10:12.744+0000] {logging_mixin.py:188} INFO - [2024-04-21T15:10:12.744+0000] {dag.py:3954} INFO - Setting next_dagrun for example_skip_dag to 2024-04-20 00:00:00+00:00, run_after=2024-04-21 00:00:00+00:00
[2024-04-21T15:10:12.751+0000] {processor.py:183} INFO - Processing /home/airflow/.local/lib/python3.12/site-packages/airflow/example_dags/example_skip_dag.py took 0.038 seconds
[2024-04-21T15:10:43.082+0000] {processor.py:161} INFO - Started process (PID=13012) to work on /home/airflow/.local/lib/python3.12/site-packages/airflow/example_dags/example_skip_dag.py
[2024-04-21T15:10:43.082+0000] {processor.py:830} INFO - Processing file /home/airflow/.local/lib/python3.12/site-packages/airflow/example_dags/example_skip_dag.py for tasks to queue
[2024-04-21T15:10:43.084+0000] {logging_mixin.py:188} INFO - [2024-04-21T15:10:43.083+0000] {dagbag.py:540} INFO - Filling up the DagBag from /home/airflow/.local/lib/python3.12/site-packages/airflow/example_dags/example_skip_dag.py
[2024-04-21T15:10:43.087+0000] {processor.py:840} INFO - DAG(s) 'example_skip_dag' retrieved from /home/airflow/.local/lib/python3.12/site-packages/airflow/example_dags/example_skip_dag.py
[2024-04-21T15:10:43.102+0000] {logging_mixin.py:188} INFO - [2024-04-21T15:10:43.102+0000] {dag.py:3096} INFO - Sync 1 DAGs
[2024-04-21T15:10:43.113+0000] {logging_mixin.py:188} INFO - [2024-04-21T15:10:43.113+0000] {dag.py:3954} INFO - Setting next_dagrun for example_skip_dag to 2024-04-20 00:00:00+00:00, run_after=2024-04-21 00:00:00+00:00
[2024-04-21T15:10:43.121+0000] {processor.py:183} INFO - Processing /home/airflow/.local/lib/python3.12/site-packages/airflow/example_dags/example_skip_dag.py took 0.043 seconds
[2024-04-21T15:11:13.955+0000] {processor.py:161} INFO - Started process (PID=13294) to work on /home/airflow/.local/lib/python3.12/site-packages/airflow/example_dags/example_skip_dag.py
[2024-04-21T15:11:13.956+0000] {processor.py:830} INFO - Processing file /home/airflow/.local/lib/python3.12/site-packages/airflow/example_dags/example_skip_dag.py for tasks to queue
[2024-04-21T15:11:13.957+0000] {logging_mixin.py:188} INFO - [2024-04-21T15:11:13.956+0000] {dagbag.py:540} INFO - Filling up the DagBag from /home/airflow/.local/lib/python3.12/site-packages/airflow/example_dags/example_skip_dag.py
[2024-04-21T15:11:13.960+0000] {processor.py:840} INFO - DAG(s) 'example_skip_dag' retrieved from /home/airflow/.local/lib/python3.12/site-packages/airflow/example_dags/example_skip_dag.py
[2024-04-21T15:11:13.973+0000] {logging_mixin.py:188} INFO - [2024-04-21T15:11:13.973+0000] {dag.py:3096} INFO - Sync 1 DAGs
[2024-04-21T15:11:13.983+0000] {logging_mixin.py:188} INFO - [2024-04-21T15:11:13.983+0000] {dag.py:3954} INFO - Setting next_dagrun for example_skip_dag to 2024-04-20 00:00:00+00:00, run_after=2024-04-21 00:00:00+00:00
[2024-04-21T15:11:13.990+0000] {processor.py:183} INFO - Processing /home/airflow/.local/lib/python3.12/site-packages/airflow/example_dags/example_skip_dag.py took 0.039 seconds
[2024-04-21T15:11:44.943+0000] {processor.py:161} INFO - Started process (PID=13563) to work on /home/airflow/.local/lib/python3.12/site-packages/airflow/example_dags/example_skip_dag.py
[2024-04-21T15:11:44.943+0000] {processor.py:830} INFO - Processing file /home/airflow/.local/lib/python3.12/site-packages/airflow/example_dags/example_skip_dag.py for tasks to queue
[2024-04-21T15:11:44.944+0000] {logging_mixin.py:188} INFO - [2024-04-21T15:11:44.944+0000] {dagbag.py:540} INFO - Filling up the DagBag from /home/airflow/.local/lib/python3.12/site-packages/airflow/example_dags/example_skip_dag.py
[2024-04-21T15:11:44.948+0000] {processor.py:840} INFO - DAG(s) 'example_skip_dag' retrieved from /home/airflow/.local/lib/python3.12/site-packages/airflow/example_dags/example_skip_dag.py
[2024-04-21T15:11:44.960+0000] {logging_mixin.py:188} INFO - [2024-04-21T15:11:44.960+0000] {dag.py:3096} INFO - Sync 1 DAGs
[2024-04-21T15:11:44.970+0000] {logging_mixin.py:188} INFO - [2024-04-21T15:11:44.970+0000] {dag.py:3954} INFO - Setting next_dagrun for example_skip_dag to 2024-04-20 00:00:00+00:00, run_after=2024-04-21 00:00:00+00:00
[2024-04-21T15:11:44.977+0000] {processor.py:183} INFO - Processing /home/airflow/.local/lib/python3.12/site-packages/airflow/example_dags/example_skip_dag.py took 0.038 seconds
[2024-04-21T15:12:15.998+0000] {processor.py:161} INFO - Started process (PID=13847) to work on /home/airflow/.local/lib/python3.12/site-packages/airflow/example_dags/example_skip_dag.py
[2024-04-21T15:12:15.999+0000] {processor.py:830} INFO - Processing file /home/airflow/.local/lib/python3.12/site-packages/airflow/example_dags/example_skip_dag.py for tasks to queue
[2024-04-21T15:12:16.000+0000] {logging_mixin.py:188} INFO - [2024-04-21T15:12:15.999+0000] {dagbag.py:540} INFO - Filling up the DagBag from /home/airflow/.local/lib/python3.12/site-packages/airflow/example_dags/example_skip_dag.py
[2024-04-21T15:12:16.003+0000] {processor.py:840} INFO - DAG(s) 'example_skip_dag' retrieved from /home/airflow/.local/lib/python3.12/site-packages/airflow/example_dags/example_skip_dag.py
[2024-04-21T15:12:16.015+0000] {logging_mixin.py:188} INFO - [2024-04-21T15:12:16.015+0000] {dag.py:3096} INFO - Sync 1 DAGs
[2024-04-21T15:12:16.025+0000] {logging_mixin.py:188} INFO - [2024-04-21T15:12:16.025+0000] {dag.py:3954} INFO - Setting next_dagrun for example_skip_dag to 2024-04-20 00:00:00+00:00, run_after=2024-04-21 00:00:00+00:00
[2024-04-21T15:12:16.032+0000] {processor.py:183} INFO - Processing /home/airflow/.local/lib/python3.12/site-packages/airflow/example_dags/example_skip_dag.py took 0.037 seconds
[2024-04-21T15:12:46.762+0000] {processor.py:161} INFO - Started process (PID=14123) to work on /home/airflow/.local/lib/python3.12/site-packages/airflow/example_dags/example_skip_dag.py
[2024-04-21T15:12:46.762+0000] {processor.py:830} INFO - Processing file /home/airflow/.local/lib/python3.12/site-packages/airflow/example_dags/example_skip_dag.py for tasks to queue
[2024-04-21T15:12:46.763+0000] {logging_mixin.py:188} INFO - [2024-04-21T15:12:46.763+0000] {dagbag.py:540} INFO - Filling up the DagBag from /home/airflow/.local/lib/python3.12/site-packages/airflow/example_dags/example_skip_dag.py
[2024-04-21T15:12:46.766+0000] {processor.py:840} INFO - DAG(s) 'example_skip_dag' retrieved from /home/airflow/.local/lib/python3.12/site-packages/airflow/example_dags/example_skip_dag.py
[2024-04-21T15:12:46.779+0000] {logging_mixin.py:188} INFO - [2024-04-21T15:12:46.779+0000] {dag.py:3096} INFO - Sync 1 DAGs
[2024-04-21T15:12:46.788+0000] {logging_mixin.py:188} INFO - [2024-04-21T15:12:46.788+0000] {dag.py:3954} INFO - Setting next_dagrun for example_skip_dag to 2024-04-20 00:00:00+00:00, run_after=2024-04-21 00:00:00+00:00
[2024-04-21T15:12:46.797+0000] {processor.py:183} INFO - Processing /home/airflow/.local/lib/python3.12/site-packages/airflow/example_dags/example_skip_dag.py took 0.038 seconds
[2024-04-21T15:13:17.758+0000] {processor.py:161} INFO - Started process (PID=14409) to work on /home/airflow/.local/lib/python3.12/site-packages/airflow/example_dags/example_skip_dag.py
[2024-04-21T15:13:17.758+0000] {processor.py:830} INFO - Processing file /home/airflow/.local/lib/python3.12/site-packages/airflow/example_dags/example_skip_dag.py for tasks to queue
[2024-04-21T15:13:17.760+0000] {logging_mixin.py:188} INFO - [2024-04-21T15:13:17.759+0000] {dagbag.py:540} INFO - Filling up the DagBag from /home/airflow/.local/lib/python3.12/site-packages/airflow/example_dags/example_skip_dag.py
[2024-04-21T15:13:17.763+0000] {processor.py:840} INFO - DAG(s) 'example_skip_dag' retrieved from /home/airflow/.local/lib/python3.12/site-packages/airflow/example_dags/example_skip_dag.py
[2024-04-21T15:13:17.777+0000] {logging_mixin.py:188} INFO - [2024-04-21T15:13:17.777+0000] {dag.py:3096} INFO - Sync 1 DAGs
[2024-04-21T15:13:17.787+0000] {logging_mixin.py:188} INFO - [2024-04-21T15:13:17.787+0000] {dag.py:3954} INFO - Setting next_dagrun for example_skip_dag to 2024-04-20 00:00:00+00:00, run_after=2024-04-21 00:00:00+00:00
[2024-04-21T15:13:17.795+0000] {processor.py:183} INFO - Processing /home/airflow/.local/lib/python3.12/site-packages/airflow/example_dags/example_skip_dag.py took 0.041 seconds
[2024-04-21T15:13:47.857+0000] {processor.py:161} INFO - Started process (PID=14673) to work on /home/airflow/.local/lib/python3.12/site-packages/airflow/example_dags/example_skip_dag.py
[2024-04-21T15:13:47.858+0000] {processor.py:830} INFO - Processing file /home/airflow/.local/lib/python3.12/site-packages/airflow/example_dags/example_skip_dag.py for tasks to queue
[2024-04-21T15:13:47.859+0000] {logging_mixin.py:188} INFO - [2024-04-21T15:13:47.858+0000] {dagbag.py:540} INFO - Filling up the DagBag from /home/airflow/.local/lib/python3.12/site-packages/airflow/example_dags/example_skip_dag.py
[2024-04-21T15:13:47.862+0000] {processor.py:840} INFO - DAG(s) 'example_skip_dag' retrieved from /home/airflow/.local/lib/python3.12/site-packages/airflow/example_dags/example_skip_dag.py
[2024-04-21T15:13:47.875+0000] {logging_mixin.py:188} INFO - [2024-04-21T15:13:47.874+0000] {dag.py:3096} INFO - Sync 1 DAGs
[2024-04-21T15:13:47.884+0000] {logging_mixin.py:188} INFO - [2024-04-21T15:13:47.884+0000] {dag.py:3954} INFO - Setting next_dagrun for example_skip_dag to 2024-04-20 00:00:00+00:00, run_after=2024-04-21 00:00:00+00:00
[2024-04-21T15:13:47.892+0000] {processor.py:183} INFO - Processing /home/airflow/.local/lib/python3.12/site-packages/airflow/example_dags/example_skip_dag.py took 0.038 seconds
[2024-04-21T15:14:17.945+0000] {processor.py:161} INFO - Started process (PID=14940) to work on /home/airflow/.local/lib/python3.12/site-packages/airflow/example_dags/example_skip_dag.py
[2024-04-21T15:14:17.946+0000] {processor.py:830} INFO - Processing file /home/airflow/.local/lib/python3.12/site-packages/airflow/example_dags/example_skip_dag.py for tasks to queue
[2024-04-21T15:14:17.947+0000] {logging_mixin.py:188} INFO - [2024-04-21T15:14:17.946+0000] {dagbag.py:540} INFO - Filling up the DagBag from /home/airflow/.local/lib/python3.12/site-packages/airflow/example_dags/example_skip_dag.py
[2024-04-21T15:14:17.950+0000] {processor.py:840} INFO - DAG(s) 'example_skip_dag' retrieved from /home/airflow/.local/lib/python3.12/site-packages/airflow/example_dags/example_skip_dag.py
[2024-04-21T15:14:17.963+0000] {logging_mixin.py:188} INFO - [2024-04-21T15:14:17.963+0000] {dag.py:3096} INFO - Sync 1 DAGs
[2024-04-21T15:14:17.972+0000] {logging_mixin.py:188} INFO - [2024-04-21T15:14:17.972+0000] {dag.py:3954} INFO - Setting next_dagrun for example_skip_dag to 2024-04-20 00:00:00+00:00, run_after=2024-04-21 00:00:00+00:00
[2024-04-21T15:14:17.979+0000] {processor.py:183} INFO - Processing /home/airflow/.local/lib/python3.12/site-packages/airflow/example_dags/example_skip_dag.py took 0.037 seconds
[2024-04-21T15:14:48.022+0000] {processor.py:161} INFO - Started process (PID=15203) to work on /home/airflow/.local/lib/python3.12/site-packages/airflow/example_dags/example_skip_dag.py
[2024-04-21T15:14:48.022+0000] {processor.py:830} INFO - Processing file /home/airflow/.local/lib/python3.12/site-packages/airflow/example_dags/example_skip_dag.py for tasks to queue
[2024-04-21T15:14:48.023+0000] {logging_mixin.py:188} INFO - [2024-04-21T15:14:48.023+0000] {dagbag.py:540} INFO - Filling up the DagBag from /home/airflow/.local/lib/python3.12/site-packages/airflow/example_dags/example_skip_dag.py
[2024-04-21T15:14:48.027+0000] {processor.py:840} INFO - DAG(s) 'example_skip_dag' retrieved from /home/airflow/.local/lib/python3.12/site-packages/airflow/example_dags/example_skip_dag.py
[2024-04-21T15:14:48.039+0000] {logging_mixin.py:188} INFO - [2024-04-21T15:14:48.039+0000] {dag.py:3096} INFO - Sync 1 DAGs
[2024-04-21T15:14:48.048+0000] {logging_mixin.py:188} INFO - [2024-04-21T15:14:48.048+0000] {dag.py:3954} INFO - Setting next_dagrun for example_skip_dag to 2024-04-20 00:00:00+00:00, run_after=2024-04-21 00:00:00+00:00
[2024-04-21T15:14:48.055+0000] {processor.py:183} INFO - Processing /home/airflow/.local/lib/python3.12/site-packages/airflow/example_dags/example_skip_dag.py took 0.037 seconds
[2024-04-21T15:15:18.102+0000] {processor.py:161} INFO - Started process (PID=15470) to work on /home/airflow/.local/lib/python3.12/site-packages/airflow/example_dags/example_skip_dag.py
[2024-04-21T15:15:18.103+0000] {processor.py:830} INFO - Processing file /home/airflow/.local/lib/python3.12/site-packages/airflow/example_dags/example_skip_dag.py for tasks to queue
[2024-04-21T15:15:18.104+0000] {logging_mixin.py:188} INFO - [2024-04-21T15:15:18.103+0000] {dagbag.py:540} INFO - Filling up the DagBag from /home/airflow/.local/lib/python3.12/site-packages/airflow/example_dags/example_skip_dag.py
[2024-04-21T15:15:18.107+0000] {processor.py:840} INFO - DAG(s) 'example_skip_dag' retrieved from /home/airflow/.local/lib/python3.12/site-packages/airflow/example_dags/example_skip_dag.py
[2024-04-21T15:15:18.119+0000] {logging_mixin.py:188} INFO - [2024-04-21T15:15:18.119+0000] {dag.py:3096} INFO - Sync 1 DAGs
[2024-04-21T15:15:18.128+0000] {logging_mixin.py:188} INFO - [2024-04-21T15:15:18.128+0000] {dag.py:3954} INFO - Setting next_dagrun for example_skip_dag to 2024-04-20 00:00:00+00:00, run_after=2024-04-21 00:00:00+00:00
[2024-04-21T15:15:18.137+0000] {processor.py:183} INFO - Processing /home/airflow/.local/lib/python3.12/site-packages/airflow/example_dags/example_skip_dag.py took 0.038 seconds
[2024-04-21T15:15:48.349+0000] {processor.py:161} INFO - Started process (PID=15737) to work on /home/airflow/.local/lib/python3.12/site-packages/airflow/example_dags/example_skip_dag.py
[2024-04-21T15:15:48.349+0000] {processor.py:830} INFO - Processing file /home/airflow/.local/lib/python3.12/site-packages/airflow/example_dags/example_skip_dag.py for tasks to queue
[2024-04-21T15:15:48.350+0000] {logging_mixin.py:188} INFO - [2024-04-21T15:15:48.350+0000] {dagbag.py:540} INFO - Filling up the DagBag from /home/airflow/.local/lib/python3.12/site-packages/airflow/example_dags/example_skip_dag.py
[2024-04-21T15:15:48.354+0000] {processor.py:840} INFO - DAG(s) 'example_skip_dag' retrieved from /home/airflow/.local/lib/python3.12/site-packages/airflow/example_dags/example_skip_dag.py
[2024-04-21T15:15:48.367+0000] {logging_mixin.py:188} INFO - [2024-04-21T15:15:48.367+0000] {dag.py:3096} INFO - Sync 1 DAGs
[2024-04-21T15:15:48.376+0000] {logging_mixin.py:188} INFO - [2024-04-21T15:15:48.376+0000] {dag.py:3954} INFO - Setting next_dagrun for example_skip_dag to 2024-04-20 00:00:00+00:00, run_after=2024-04-21 00:00:00+00:00
[2024-04-21T15:15:48.383+0000] {processor.py:183} INFO - Processing /home/airflow/.local/lib/python3.12/site-packages/airflow/example_dags/example_skip_dag.py took 0.038 seconds
[2024-04-21T15:16:18.597+0000] {processor.py:161} INFO - Started process (PID=16007) to work on /home/airflow/.local/lib/python3.12/site-packages/airflow/example_dags/example_skip_dag.py
[2024-04-21T15:16:18.597+0000] {processor.py:830} INFO - Processing file /home/airflow/.local/lib/python3.12/site-packages/airflow/example_dags/example_skip_dag.py for tasks to queue
[2024-04-21T15:16:18.598+0000] {logging_mixin.py:188} INFO - [2024-04-21T15:16:18.598+0000] {dagbag.py:540} INFO - Filling up the DagBag from /home/airflow/.local/lib/python3.12/site-packages/airflow/example_dags/example_skip_dag.py
[2024-04-21T15:16:18.601+0000] {processor.py:840} INFO - DAG(s) 'example_skip_dag' retrieved from /home/airflow/.local/lib/python3.12/site-packages/airflow/example_dags/example_skip_dag.py
[2024-04-21T15:16:18.614+0000] {logging_mixin.py:188} INFO - [2024-04-21T15:16:18.614+0000] {dag.py:3096} INFO - Sync 1 DAGs
[2024-04-21T15:16:18.623+0000] {logging_mixin.py:188} INFO - [2024-04-21T15:16:18.623+0000] {dag.py:3954} INFO - Setting next_dagrun for example_skip_dag to 2024-04-20 00:00:00+00:00, run_after=2024-04-21 00:00:00+00:00
[2024-04-21T15:16:18.631+0000] {processor.py:183} INFO - Processing /home/airflow/.local/lib/python3.12/site-packages/airflow/example_dags/example_skip_dag.py took 0.037 seconds
[2024-04-21T15:16:48.975+0000] {processor.py:161} INFO - Started process (PID=16277) to work on /home/airflow/.local/lib/python3.12/site-packages/airflow/example_dags/example_skip_dag.py
[2024-04-21T15:16:48.976+0000] {processor.py:830} INFO - Processing file /home/airflow/.local/lib/python3.12/site-packages/airflow/example_dags/example_skip_dag.py for tasks to queue
[2024-04-21T15:16:48.977+0000] {logging_mixin.py:188} INFO - [2024-04-21T15:16:48.977+0000] {dagbag.py:540} INFO - Filling up the DagBag from /home/airflow/.local/lib/python3.12/site-packages/airflow/example_dags/example_skip_dag.py
[2024-04-21T15:16:48.980+0000] {processor.py:840} INFO - DAG(s) 'example_skip_dag' retrieved from /home/airflow/.local/lib/python3.12/site-packages/airflow/example_dags/example_skip_dag.py
[2024-04-21T15:16:48.993+0000] {logging_mixin.py:188} INFO - [2024-04-21T15:16:48.993+0000] {dag.py:3096} INFO - Sync 1 DAGs
[2024-04-21T15:16:49.003+0000] {logging_mixin.py:188} INFO - [2024-04-21T15:16:49.003+0000] {dag.py:3954} INFO - Setting next_dagrun for example_skip_dag to 2024-04-20 00:00:00+00:00, run_after=2024-04-21 00:00:00+00:00
[2024-04-21T15:16:49.010+0000] {processor.py:183} INFO - Processing /home/airflow/.local/lib/python3.12/site-packages/airflow/example_dags/example_skip_dag.py took 0.038 seconds
[2024-04-21T15:17:19.095+0000] {processor.py:161} INFO - Started process (PID=16542) to work on /home/airflow/.local/lib/python3.12/site-packages/airflow/example_dags/example_skip_dag.py
[2024-04-21T15:17:19.095+0000] {processor.py:830} INFO - Processing file /home/airflow/.local/lib/python3.12/site-packages/airflow/example_dags/example_skip_dag.py for tasks to queue
[2024-04-21T15:17:19.096+0000] {logging_mixin.py:188} INFO - [2024-04-21T15:17:19.096+0000] {dagbag.py:540} INFO - Filling up the DagBag from /home/airflow/.local/lib/python3.12/site-packages/airflow/example_dags/example_skip_dag.py
[2024-04-21T15:17:19.099+0000] {processor.py:840} INFO - DAG(s) 'example_skip_dag' retrieved from /home/airflow/.local/lib/python3.12/site-packages/airflow/example_dags/example_skip_dag.py
[2024-04-21T15:17:19.111+0000] {logging_mixin.py:188} INFO - [2024-04-21T15:17:19.111+0000] {dag.py:3096} INFO - Sync 1 DAGs
[2024-04-21T15:17:19.121+0000] {logging_mixin.py:188} INFO - [2024-04-21T15:17:19.121+0000] {dag.py:3954} INFO - Setting next_dagrun for example_skip_dag to 2024-04-20 00:00:00+00:00, run_after=2024-04-21 00:00:00+00:00
[2024-04-21T15:17:19.128+0000] {processor.py:183} INFO - Processing /home/airflow/.local/lib/python3.12/site-packages/airflow/example_dags/example_skip_dag.py took 0.037 seconds
[2024-04-21T15:17:50.168+0000] {processor.py:161} INFO - Started process (PID=16817) to work on /home/airflow/.local/lib/python3.12/site-packages/airflow/example_dags/example_skip_dag.py
[2024-04-21T15:17:50.169+0000] {processor.py:830} INFO - Processing file /home/airflow/.local/lib/python3.12/site-packages/airflow/example_dags/example_skip_dag.py for tasks to queue
[2024-04-21T15:17:50.170+0000] {logging_mixin.py:188} INFO - [2024-04-21T15:17:50.170+0000] {dagbag.py:540} INFO - Filling up the DagBag from /home/airflow/.local/lib/python3.12/site-packages/airflow/example_dags/example_skip_dag.py
[2024-04-21T15:17:50.173+0000] {processor.py:840} INFO - DAG(s) 'example_skip_dag' retrieved from /home/airflow/.local/lib/python3.12/site-packages/airflow/example_dags/example_skip_dag.py
[2024-04-21T15:17:50.186+0000] {logging_mixin.py:188} INFO - [2024-04-21T15:17:50.186+0000] {dag.py:3096} INFO - Sync 1 DAGs
[2024-04-21T15:17:50.195+0000] {logging_mixin.py:188} INFO - [2024-04-21T15:17:50.195+0000] {dag.py:3954} INFO - Setting next_dagrun for example_skip_dag to 2024-04-20 00:00:00+00:00, run_after=2024-04-21 00:00:00+00:00
[2024-04-21T15:17:50.202+0000] {processor.py:183} INFO - Processing /home/airflow/.local/lib/python3.12/site-packages/airflow/example_dags/example_skip_dag.py took 0.037 seconds
[2024-04-21T15:18:20.391+0000] {processor.py:161} INFO - Started process (PID=17083) to work on /home/airflow/.local/lib/python3.12/site-packages/airflow/example_dags/example_skip_dag.py
[2024-04-21T15:18:20.391+0000] {processor.py:830} INFO - Processing file /home/airflow/.local/lib/python3.12/site-packages/airflow/example_dags/example_skip_dag.py for tasks to queue
[2024-04-21T15:18:20.392+0000] {logging_mixin.py:188} INFO - [2024-04-21T15:18:20.392+0000] {dagbag.py:540} INFO - Filling up the DagBag from /home/airflow/.local/lib/python3.12/site-packages/airflow/example_dags/example_skip_dag.py
[2024-04-21T15:18:20.395+0000] {processor.py:840} INFO - DAG(s) 'example_skip_dag' retrieved from /home/airflow/.local/lib/python3.12/site-packages/airflow/example_dags/example_skip_dag.py
[2024-04-21T15:18:20.408+0000] {logging_mixin.py:188} INFO - [2024-04-21T15:18:20.408+0000] {dag.py:3096} INFO - Sync 1 DAGs
[2024-04-21T15:18:20.417+0000] {logging_mixin.py:188} INFO - [2024-04-21T15:18:20.417+0000] {dag.py:3954} INFO - Setting next_dagrun for example_skip_dag to 2024-04-20 00:00:00+00:00, run_after=2024-04-21 00:00:00+00:00
[2024-04-21T15:18:20.423+0000] {processor.py:183} INFO - Processing /home/airflow/.local/lib/python3.12/site-packages/airflow/example_dags/example_skip_dag.py took 0.036 seconds
[2024-04-21T15:18:51.315+0000] {processor.py:161} INFO - Started process (PID=17353) to work on /home/airflow/.local/lib/python3.12/site-packages/airflow/example_dags/example_skip_dag.py
[2024-04-21T15:18:51.316+0000] {processor.py:830} INFO - Processing file /home/airflow/.local/lib/python3.12/site-packages/airflow/example_dags/example_skip_dag.py for tasks to queue
[2024-04-21T15:18:51.317+0000] {logging_mixin.py:188} INFO - [2024-04-21T15:18:51.317+0000] {dagbag.py:540} INFO - Filling up the DagBag from /home/airflow/.local/lib/python3.12/site-packages/airflow/example_dags/example_skip_dag.py
[2024-04-21T15:18:51.320+0000] {processor.py:840} INFO - DAG(s) 'example_skip_dag' retrieved from /home/airflow/.local/lib/python3.12/site-packages/airflow/example_dags/example_skip_dag.py
[2024-04-21T15:18:51.332+0000] {logging_mixin.py:188} INFO - [2024-04-21T15:18:51.332+0000] {dag.py:3096} INFO - Sync 1 DAGs
[2024-04-21T15:18:51.343+0000] {logging_mixin.py:188} INFO - [2024-04-21T15:18:51.343+0000] {dag.py:3954} INFO - Setting next_dagrun for example_skip_dag to 2024-04-20 00:00:00+00:00, run_after=2024-04-21 00:00:00+00:00
[2024-04-21T15:18:51.350+0000] {processor.py:183} INFO - Processing /home/airflow/.local/lib/python3.12/site-packages/airflow/example_dags/example_skip_dag.py took 0.038 seconds
[2024-04-21T15:19:22.285+0000] {processor.py:161} INFO - Started process (PID=17620) to work on /home/airflow/.local/lib/python3.12/site-packages/airflow/example_dags/example_skip_dag.py
[2024-04-21T15:19:22.286+0000] {processor.py:830} INFO - Processing file /home/airflow/.local/lib/python3.12/site-packages/airflow/example_dags/example_skip_dag.py for tasks to queue
[2024-04-21T15:19:22.287+0000] {logging_mixin.py:188} INFO - [2024-04-21T15:19:22.287+0000] {dagbag.py:540} INFO - Filling up the DagBag from /home/airflow/.local/lib/python3.12/site-packages/airflow/example_dags/example_skip_dag.py
[2024-04-21T15:19:22.290+0000] {processor.py:840} INFO - DAG(s) 'example_skip_dag' retrieved from /home/airflow/.local/lib/python3.12/site-packages/airflow/example_dags/example_skip_dag.py
[2024-04-21T15:19:22.302+0000] {logging_mixin.py:188} INFO - [2024-04-21T15:19:22.302+0000] {dag.py:3096} INFO - Sync 1 DAGs
[2024-04-21T15:19:22.312+0000] {logging_mixin.py:188} INFO - [2024-04-21T15:19:22.312+0000] {dag.py:3954} INFO - Setting next_dagrun for example_skip_dag to 2024-04-20 00:00:00+00:00, run_after=2024-04-21 00:00:00+00:00
[2024-04-21T15:19:22.320+0000] {processor.py:183} INFO - Processing /home/airflow/.local/lib/python3.12/site-packages/airflow/example_dags/example_skip_dag.py took 0.038 seconds
[2024-04-21T15:19:52.505+0000] {processor.py:161} INFO - Started process (PID=17889) to work on /home/airflow/.local/lib/python3.12/site-packages/airflow/example_dags/example_skip_dag.py
[2024-04-21T15:19:52.506+0000] {processor.py:830} INFO - Processing file /home/airflow/.local/lib/python3.12/site-packages/airflow/example_dags/example_skip_dag.py for tasks to queue
[2024-04-21T15:19:52.507+0000] {logging_mixin.py:188} INFO - [2024-04-21T15:19:52.507+0000] {dagbag.py:540} INFO - Filling up the DagBag from /home/airflow/.local/lib/python3.12/site-packages/airflow/example_dags/example_skip_dag.py
[2024-04-21T15:19:52.511+0000] {processor.py:840} INFO - DAG(s) 'example_skip_dag' retrieved from /home/airflow/.local/lib/python3.12/site-packages/airflow/example_dags/example_skip_dag.py
[2024-04-21T15:19:52.524+0000] {logging_mixin.py:188} INFO - [2024-04-21T15:19:52.524+0000] {dag.py:3096} INFO - Sync 1 DAGs
[2024-04-21T15:19:52.534+0000] {logging_mixin.py:188} INFO - [2024-04-21T15:19:52.534+0000] {dag.py:3954} INFO - Setting next_dagrun for example_skip_dag to 2024-04-20 00:00:00+00:00, run_after=2024-04-21 00:00:00+00:00
[2024-04-21T15:19:52.543+0000] {processor.py:183} INFO - Processing /home/airflow/.local/lib/python3.12/site-packages/airflow/example_dags/example_skip_dag.py took 0.042 seconds
[2024-04-21T15:20:22.631+0000] {processor.py:161} INFO - Started process (PID=18157) to work on /home/airflow/.local/lib/python3.12/site-packages/airflow/example_dags/example_skip_dag.py
[2024-04-21T15:20:22.631+0000] {processor.py:830} INFO - Processing file /home/airflow/.local/lib/python3.12/site-packages/airflow/example_dags/example_skip_dag.py for tasks to queue
[2024-04-21T15:20:22.632+0000] {logging_mixin.py:188} INFO - [2024-04-21T15:20:22.632+0000] {dagbag.py:540} INFO - Filling up the DagBag from /home/airflow/.local/lib/python3.12/site-packages/airflow/example_dags/example_skip_dag.py
[2024-04-21T15:20:22.635+0000] {processor.py:840} INFO - DAG(s) 'example_skip_dag' retrieved from /home/airflow/.local/lib/python3.12/site-packages/airflow/example_dags/example_skip_dag.py
[2024-04-21T15:20:22.648+0000] {logging_mixin.py:188} INFO - [2024-04-21T15:20:22.648+0000] {dag.py:3096} INFO - Sync 1 DAGs
[2024-04-21T15:20:22.657+0000] {logging_mixin.py:188} INFO - [2024-04-21T15:20:22.657+0000] {dag.py:3954} INFO - Setting next_dagrun for example_skip_dag to 2024-04-20 00:00:00+00:00, run_after=2024-04-21 00:00:00+00:00
[2024-04-21T15:20:22.664+0000] {processor.py:183} INFO - Processing /home/airflow/.local/lib/python3.12/site-packages/airflow/example_dags/example_skip_dag.py took 0.037 seconds
