[2024-04-21T14:30:01.598+0000] {processor.py:161} INFO - Started process (PID=163) to work on /home/airflow/.local/lib/python3.12/site-packages/airflow/example_dags/example_short_circuit_operator.py
[2024-04-21T14:30:01.599+0000] {processor.py:830} INFO - Processing file /home/airflow/.local/lib/python3.12/site-packages/airflow/example_dags/example_short_circuit_operator.py for tasks to queue
[2024-04-21T14:30:01.601+0000] {logging_mixin.py:188} INFO - [2024-04-21T14:30:01.601+0000] {dagbag.py:540} INFO - Filling up the DagBag from /home/airflow/.local/lib/python3.12/site-packages/airflow/example_dags/example_short_circuit_operator.py
[2024-04-21T14:30:01.613+0000] {processor.py:840} INFO - DAG(s) 'example_short_circuit_operator' retrieved from /home/airflow/.local/lib/python3.12/site-packages/airflow/example_dags/example_short_circuit_operator.py
[2024-04-21T14:30:01.641+0000] {logging_mixin.py:188} INFO - [2024-04-21T14:30:01.641+0000] {dag.py:3096} INFO - Sync 1 DAGs
[2024-04-21T14:30:01.657+0000] {logging_mixin.py:188} INFO - [2024-04-21T14:30:01.657+0000] {dag.py:3954} INFO - Setting next_dagrun for example_short_circuit_operator to 2024-04-20 00:00:00+00:00, run_after=2024-04-21 00:00:00+00:00
[2024-04-21T14:30:01.668+0000] {processor.py:183} INFO - Processing /home/airflow/.local/lib/python3.12/site-packages/airflow/example_dags/example_short_circuit_operator.py took 0.076 seconds
[2024-04-21T14:30:31.793+0000] {processor.py:161} INFO - Started process (PID=425) to work on /home/airflow/.local/lib/python3.12/site-packages/airflow/example_dags/example_short_circuit_operator.py
[2024-04-21T14:30:31.794+0000] {processor.py:830} INFO - Processing file /home/airflow/.local/lib/python3.12/site-packages/airflow/example_dags/example_short_circuit_operator.py for tasks to queue
[2024-04-21T14:30:31.796+0000] {logging_mixin.py:188} INFO - [2024-04-21T14:30:31.796+0000] {dagbag.py:540} INFO - Filling up the DagBag from /home/airflow/.local/lib/python3.12/site-packages/airflow/example_dags/example_short_circuit_operator.py
[2024-04-21T14:30:31.805+0000] {processor.py:840} INFO - DAG(s) 'example_short_circuit_operator' retrieved from /home/airflow/.local/lib/python3.12/site-packages/airflow/example_dags/example_short_circuit_operator.py
[2024-04-21T14:30:31.968+0000] {logging_mixin.py:188} INFO - [2024-04-21T14:30:31.968+0000] {dag.py:3096} INFO - Sync 1 DAGs
[2024-04-21T14:30:31.982+0000] {logging_mixin.py:188} INFO - [2024-04-21T14:30:31.982+0000] {dag.py:3954} INFO - Setting next_dagrun for example_short_circuit_operator to 2024-04-20 00:00:00+00:00, run_after=2024-04-21 00:00:00+00:00
[2024-04-21T14:30:31.993+0000] {processor.py:183} INFO - Processing /home/airflow/.local/lib/python3.12/site-packages/airflow/example_dags/example_short_circuit_operator.py took 0.209 seconds
[2024-04-21T14:31:02.190+0000] {processor.py:161} INFO - Started process (PID=687) to work on /home/airflow/.local/lib/python3.12/site-packages/airflow/example_dags/example_short_circuit_operator.py
[2024-04-21T14:31:02.192+0000] {processor.py:830} INFO - Processing file /home/airflow/.local/lib/python3.12/site-packages/airflow/example_dags/example_short_circuit_operator.py for tasks to queue
[2024-04-21T14:31:02.194+0000] {logging_mixin.py:188} INFO - [2024-04-21T14:31:02.194+0000] {dagbag.py:540} INFO - Filling up the DagBag from /home/airflow/.local/lib/python3.12/site-packages/airflow/example_dags/example_short_circuit_operator.py
[2024-04-21T14:31:02.203+0000] {processor.py:840} INFO - DAG(s) 'example_short_circuit_operator' retrieved from /home/airflow/.local/lib/python3.12/site-packages/airflow/example_dags/example_short_circuit_operator.py
[2024-04-21T14:31:02.227+0000] {logging_mixin.py:188} INFO - [2024-04-21T14:31:02.226+0000] {dag.py:3096} INFO - Sync 1 DAGs
[2024-04-21T14:31:02.240+0000] {logging_mixin.py:188} INFO - [2024-04-21T14:31:02.240+0000] {dag.py:3954} INFO - Setting next_dagrun for example_short_circuit_operator to 2024-04-20 00:00:00+00:00, run_after=2024-04-21 00:00:00+00:00
[2024-04-21T14:31:02.250+0000] {processor.py:183} INFO - Processing /home/airflow/.local/lib/python3.12/site-packages/airflow/example_dags/example_short_circuit_operator.py took 0.068 seconds
[2024-04-21T14:31:32.778+0000] {processor.py:161} INFO - Started process (PID=949) to work on /home/airflow/.local/lib/python3.12/site-packages/airflow/example_dags/example_short_circuit_operator.py
[2024-04-21T14:31:32.781+0000] {processor.py:830} INFO - Processing file /home/airflow/.local/lib/python3.12/site-packages/airflow/example_dags/example_short_circuit_operator.py for tasks to queue
[2024-04-21T14:31:32.783+0000] {logging_mixin.py:188} INFO - [2024-04-21T14:31:32.783+0000] {dagbag.py:540} INFO - Filling up the DagBag from /home/airflow/.local/lib/python3.12/site-packages/airflow/example_dags/example_short_circuit_operator.py
[2024-04-21T14:31:32.791+0000] {processor.py:840} INFO - DAG(s) 'example_short_circuit_operator' retrieved from /home/airflow/.local/lib/python3.12/site-packages/airflow/example_dags/example_short_circuit_operator.py
[2024-04-21T14:31:32.812+0000] {logging_mixin.py:188} INFO - [2024-04-21T14:31:32.812+0000] {dag.py:3096} INFO - Sync 1 DAGs
[2024-04-21T14:31:32.826+0000] {logging_mixin.py:188} INFO - [2024-04-21T14:31:32.826+0000] {dag.py:3954} INFO - Setting next_dagrun for example_short_circuit_operator to 2024-04-20 00:00:00+00:00, run_after=2024-04-21 00:00:00+00:00
[2024-04-21T14:31:32.836+0000] {processor.py:183} INFO - Processing /home/airflow/.local/lib/python3.12/site-packages/airflow/example_dags/example_short_circuit_operator.py took 0.066 seconds
[2024-04-21T14:32:03.500+0000] {processor.py:161} INFO - Started process (PID=1210) to work on /home/airflow/.local/lib/python3.12/site-packages/airflow/example_dags/example_short_circuit_operator.py
[2024-04-21T14:32:03.502+0000] {processor.py:830} INFO - Processing file /home/airflow/.local/lib/python3.12/site-packages/airflow/example_dags/example_short_circuit_operator.py for tasks to queue
[2024-04-21T14:32:03.505+0000] {logging_mixin.py:188} INFO - [2024-04-21T14:32:03.505+0000] {dagbag.py:540} INFO - Filling up the DagBag from /home/airflow/.local/lib/python3.12/site-packages/airflow/example_dags/example_short_circuit_operator.py
[2024-04-21T14:32:03.517+0000] {processor.py:840} INFO - DAG(s) 'example_short_circuit_operator' retrieved from /home/airflow/.local/lib/python3.12/site-packages/airflow/example_dags/example_short_circuit_operator.py
[2024-04-21T14:32:03.541+0000] {logging_mixin.py:188} INFO - [2024-04-21T14:32:03.540+0000] {dag.py:3096} INFO - Sync 1 DAGs
[2024-04-21T14:32:03.558+0000] {logging_mixin.py:188} INFO - [2024-04-21T14:32:03.558+0000] {dag.py:3954} INFO - Setting next_dagrun for example_short_circuit_operator to 2024-04-20 00:00:00+00:00, run_after=2024-04-21 00:00:00+00:00
[2024-04-21T14:32:03.568+0000] {processor.py:183} INFO - Processing /home/airflow/.local/lib/python3.12/site-packages/airflow/example_dags/example_short_circuit_operator.py took 0.079 seconds
[2024-04-21T14:32:33.884+0000] {processor.py:161} INFO - Started process (PID=1472) to work on /home/airflow/.local/lib/python3.12/site-packages/airflow/example_dags/example_short_circuit_operator.py
[2024-04-21T14:32:33.885+0000] {processor.py:830} INFO - Processing file /home/airflow/.local/lib/python3.12/site-packages/airflow/example_dags/example_short_circuit_operator.py for tasks to queue
[2024-04-21T14:32:33.888+0000] {logging_mixin.py:188} INFO - [2024-04-21T14:32:33.887+0000] {dagbag.py:540} INFO - Filling up the DagBag from /home/airflow/.local/lib/python3.12/site-packages/airflow/example_dags/example_short_circuit_operator.py
[2024-04-21T14:32:33.894+0000] {processor.py:840} INFO - DAG(s) 'example_short_circuit_operator' retrieved from /home/airflow/.local/lib/python3.12/site-packages/airflow/example_dags/example_short_circuit_operator.py
[2024-04-21T14:32:33.914+0000] {logging_mixin.py:188} INFO - [2024-04-21T14:32:33.914+0000] {dag.py:3096} INFO - Sync 1 DAGs
[2024-04-21T14:32:33.927+0000] {logging_mixin.py:188} INFO - [2024-04-21T14:32:33.927+0000] {dag.py:3954} INFO - Setting next_dagrun for example_short_circuit_operator to 2024-04-20 00:00:00+00:00, run_after=2024-04-21 00:00:00+00:00
[2024-04-21T14:32:33.938+0000] {processor.py:183} INFO - Processing /home/airflow/.local/lib/python3.12/site-packages/airflow/example_dags/example_short_circuit_operator.py took 0.061 seconds
[2024-04-21T14:33:04.367+0000] {processor.py:161} INFO - Started process (PID=1734) to work on /home/airflow/.local/lib/python3.12/site-packages/airflow/example_dags/example_short_circuit_operator.py
[2024-04-21T14:33:04.368+0000] {processor.py:830} INFO - Processing file /home/airflow/.local/lib/python3.12/site-packages/airflow/example_dags/example_short_circuit_operator.py for tasks to queue
[2024-04-21T14:33:04.371+0000] {logging_mixin.py:188} INFO - [2024-04-21T14:33:04.371+0000] {dagbag.py:540} INFO - Filling up the DagBag from /home/airflow/.local/lib/python3.12/site-packages/airflow/example_dags/example_short_circuit_operator.py
[2024-04-21T14:33:04.378+0000] {processor.py:840} INFO - DAG(s) 'example_short_circuit_operator' retrieved from /home/airflow/.local/lib/python3.12/site-packages/airflow/example_dags/example_short_circuit_operator.py
[2024-04-21T14:33:04.405+0000] {logging_mixin.py:188} INFO - [2024-04-21T14:33:04.404+0000] {dag.py:3096} INFO - Sync 1 DAGs
[2024-04-21T14:33:04.421+0000] {logging_mixin.py:188} INFO - [2024-04-21T14:33:04.421+0000] {dag.py:3954} INFO - Setting next_dagrun for example_short_circuit_operator to 2024-04-20 00:00:00+00:00, run_after=2024-04-21 00:00:00+00:00
[2024-04-21T14:33:04.434+0000] {processor.py:183} INFO - Processing /home/airflow/.local/lib/python3.12/site-packages/airflow/example_dags/example_short_circuit_operator.py took 0.074 seconds
[2024-04-21T14:33:34.950+0000] {processor.py:161} INFO - Started process (PID=1997) to work on /home/airflow/.local/lib/python3.12/site-packages/airflow/example_dags/example_short_circuit_operator.py
[2024-04-21T14:33:34.951+0000] {processor.py:830} INFO - Processing file /home/airflow/.local/lib/python3.12/site-packages/airflow/example_dags/example_short_circuit_operator.py for tasks to queue
[2024-04-21T14:33:34.954+0000] {logging_mixin.py:188} INFO - [2024-04-21T14:33:34.953+0000] {dagbag.py:540} INFO - Filling up the DagBag from /home/airflow/.local/lib/python3.12/site-packages/airflow/example_dags/example_short_circuit_operator.py
[2024-04-21T14:33:34.963+0000] {processor.py:840} INFO - DAG(s) 'example_short_circuit_operator' retrieved from /home/airflow/.local/lib/python3.12/site-packages/airflow/example_dags/example_short_circuit_operator.py
[2024-04-21T14:33:34.986+0000] {logging_mixin.py:188} INFO - [2024-04-21T14:33:34.986+0000] {dag.py:3096} INFO - Sync 1 DAGs
[2024-04-21T14:33:35.002+0000] {logging_mixin.py:188} INFO - [2024-04-21T14:33:35.002+0000] {dag.py:3954} INFO - Setting next_dagrun for example_short_circuit_operator to 2024-04-20 00:00:00+00:00, run_after=2024-04-21 00:00:00+00:00
[2024-04-21T14:33:35.013+0000] {processor.py:183} INFO - Processing /home/airflow/.local/lib/python3.12/site-packages/airflow/example_dags/example_short_circuit_operator.py took 0.070 seconds
[2024-04-21T14:34:05.516+0000] {processor.py:161} INFO - Started process (PID=2259) to work on /home/airflow/.local/lib/python3.12/site-packages/airflow/example_dags/example_short_circuit_operator.py
[2024-04-21T14:34:05.517+0000] {processor.py:830} INFO - Processing file /home/airflow/.local/lib/python3.12/site-packages/airflow/example_dags/example_short_circuit_operator.py for tasks to queue
[2024-04-21T14:34:05.519+0000] {logging_mixin.py:188} INFO - [2024-04-21T14:34:05.518+0000] {dagbag.py:540} INFO - Filling up the DagBag from /home/airflow/.local/lib/python3.12/site-packages/airflow/example_dags/example_short_circuit_operator.py
[2024-04-21T14:34:05.525+0000] {processor.py:840} INFO - DAG(s) 'example_short_circuit_operator' retrieved from /home/airflow/.local/lib/python3.12/site-packages/airflow/example_dags/example_short_circuit_operator.py
[2024-04-21T14:34:05.547+0000] {logging_mixin.py:188} INFO - [2024-04-21T14:34:05.547+0000] {dag.py:3096} INFO - Sync 1 DAGs
[2024-04-21T14:34:05.561+0000] {logging_mixin.py:188} INFO - [2024-04-21T14:34:05.561+0000] {dag.py:3954} INFO - Setting next_dagrun for example_short_circuit_operator to 2024-04-20 00:00:00+00:00, run_after=2024-04-21 00:00:00+00:00
[2024-04-21T14:34:05.573+0000] {processor.py:183} INFO - Processing /home/airflow/.local/lib/python3.12/site-packages/airflow/example_dags/example_short_circuit_operator.py took 0.062 seconds
[2024-04-21T14:34:35.941+0000] {processor.py:161} INFO - Started process (PID=2521) to work on /home/airflow/.local/lib/python3.12/site-packages/airflow/example_dags/example_short_circuit_operator.py
[2024-04-21T14:34:35.943+0000] {processor.py:830} INFO - Processing file /home/airflow/.local/lib/python3.12/site-packages/airflow/example_dags/example_short_circuit_operator.py for tasks to queue
[2024-04-21T14:34:35.945+0000] {logging_mixin.py:188} INFO - [2024-04-21T14:34:35.945+0000] {dagbag.py:540} INFO - Filling up the DagBag from /home/airflow/.local/lib/python3.12/site-packages/airflow/example_dags/example_short_circuit_operator.py
[2024-04-21T14:34:35.953+0000] {processor.py:840} INFO - DAG(s) 'example_short_circuit_operator' retrieved from /home/airflow/.local/lib/python3.12/site-packages/airflow/example_dags/example_short_circuit_operator.py
[2024-04-21T14:34:35.979+0000] {logging_mixin.py:188} INFO - [2024-04-21T14:34:35.979+0000] {dag.py:3096} INFO - Sync 1 DAGs
[2024-04-21T14:34:35.997+0000] {logging_mixin.py:188} INFO - [2024-04-21T14:34:35.997+0000] {dag.py:3954} INFO - Setting next_dagrun for example_short_circuit_operator to 2024-04-20 00:00:00+00:00, run_after=2024-04-21 00:00:00+00:00
[2024-04-21T14:34:36.009+0000] {processor.py:183} INFO - Processing /home/airflow/.local/lib/python3.12/site-packages/airflow/example_dags/example_short_circuit_operator.py took 0.076 seconds
[2024-04-21T14:36:09.313+0000] {processor.py:161} INFO - Started process (PID=2785) to work on /home/airflow/.local/lib/python3.12/site-packages/airflow/example_dags/example_short_circuit_operator.py
[2024-04-21T14:36:09.315+0000] {processor.py:830} INFO - Processing file /home/airflow/.local/lib/python3.12/site-packages/airflow/example_dags/example_short_circuit_operator.py for tasks to queue
[2024-04-21T14:36:09.320+0000] {logging_mixin.py:188} INFO - [2024-04-21T14:36:09.319+0000] {dagbag.py:540} INFO - Filling up the DagBag from /home/airflow/.local/lib/python3.12/site-packages/airflow/example_dags/example_short_circuit_operator.py
[2024-04-21T14:36:09.349+0000] {processor.py:840} INFO - DAG(s) 'example_short_circuit_operator' retrieved from /home/airflow/.local/lib/python3.12/site-packages/airflow/example_dags/example_short_circuit_operator.py
[2024-04-21T14:36:09.505+0000] {logging_mixin.py:188} INFO - [2024-04-21T14:36:09.504+0000] {dag.py:3096} INFO - Sync 1 DAGs
[2024-04-21T14:36:09.563+0000] {logging_mixin.py:188} INFO - [2024-04-21T14:36:09.563+0000] {dag.py:3954} INFO - Setting next_dagrun for example_short_circuit_operator to 2024-04-20 00:00:00+00:00, run_after=2024-04-21 00:00:00+00:00
[2024-04-21T14:36:09.585+0000] {processor.py:183} INFO - Processing /home/airflow/.local/lib/python3.12/site-packages/airflow/example_dags/example_short_circuit_operator.py took 0.280 seconds
[2024-04-21T14:36:39.942+0000] {processor.py:161} INFO - Started process (PID=3055) to work on /home/airflow/.local/lib/python3.12/site-packages/airflow/example_dags/example_short_circuit_operator.py
[2024-04-21T14:36:39.943+0000] {processor.py:830} INFO - Processing file /home/airflow/.local/lib/python3.12/site-packages/airflow/example_dags/example_short_circuit_operator.py for tasks to queue
[2024-04-21T14:36:39.944+0000] {logging_mixin.py:188} INFO - [2024-04-21T14:36:39.944+0000] {dagbag.py:540} INFO - Filling up the DagBag from /home/airflow/.local/lib/python3.12/site-packages/airflow/example_dags/example_short_circuit_operator.py
[2024-04-21T14:36:39.950+0000] {processor.py:840} INFO - DAG(s) 'example_short_circuit_operator' retrieved from /home/airflow/.local/lib/python3.12/site-packages/airflow/example_dags/example_short_circuit_operator.py
[2024-04-21T14:36:39.968+0000] {logging_mixin.py:188} INFO - [2024-04-21T14:36:39.968+0000] {dag.py:3096} INFO - Sync 1 DAGs
[2024-04-21T14:36:39.980+0000] {logging_mixin.py:188} INFO - [2024-04-21T14:36:39.980+0000] {dag.py:3954} INFO - Setting next_dagrun for example_short_circuit_operator to 2024-04-20 00:00:00+00:00, run_after=2024-04-21 00:00:00+00:00
[2024-04-21T14:36:39.989+0000] {processor.py:183} INFO - Processing /home/airflow/.local/lib/python3.12/site-packages/airflow/example_dags/example_short_circuit_operator.py took 0.054 seconds
[2024-04-21T14:37:10.200+0000] {processor.py:161} INFO - Started process (PID=3322) to work on /home/airflow/.local/lib/python3.12/site-packages/airflow/example_dags/example_short_circuit_operator.py
[2024-04-21T14:37:10.200+0000] {processor.py:830} INFO - Processing file /home/airflow/.local/lib/python3.12/site-packages/airflow/example_dags/example_short_circuit_operator.py for tasks to queue
[2024-04-21T14:37:10.202+0000] {logging_mixin.py:188} INFO - [2024-04-21T14:37:10.202+0000] {dagbag.py:540} INFO - Filling up the DagBag from /home/airflow/.local/lib/python3.12/site-packages/airflow/example_dags/example_short_circuit_operator.py
[2024-04-21T14:37:10.206+0000] {processor.py:840} INFO - DAG(s) 'example_short_circuit_operator' retrieved from /home/airflow/.local/lib/python3.12/site-packages/airflow/example_dags/example_short_circuit_operator.py
[2024-04-21T14:37:10.221+0000] {logging_mixin.py:188} INFO - [2024-04-21T14:37:10.221+0000] {dag.py:3096} INFO - Sync 1 DAGs
[2024-04-21T14:37:10.231+0000] {logging_mixin.py:188} INFO - [2024-04-21T14:37:10.231+0000] {dag.py:3954} INFO - Setting next_dagrun for example_short_circuit_operator to 2024-04-20 00:00:00+00:00, run_after=2024-04-21 00:00:00+00:00
[2024-04-21T14:37:10.238+0000] {processor.py:183} INFO - Processing /home/airflow/.local/lib/python3.12/site-packages/airflow/example_dags/example_short_circuit_operator.py took 0.043 seconds
[2024-04-21T14:37:40.316+0000] {processor.py:161} INFO - Started process (PID=3589) to work on /home/airflow/.local/lib/python3.12/site-packages/airflow/example_dags/example_short_circuit_operator.py
[2024-04-21T14:37:40.317+0000] {processor.py:830} INFO - Processing file /home/airflow/.local/lib/python3.12/site-packages/airflow/example_dags/example_short_circuit_operator.py for tasks to queue
[2024-04-21T14:37:40.319+0000] {logging_mixin.py:188} INFO - [2024-04-21T14:37:40.318+0000] {dagbag.py:540} INFO - Filling up the DagBag from /home/airflow/.local/lib/python3.12/site-packages/airflow/example_dags/example_short_circuit_operator.py
[2024-04-21T14:37:40.325+0000] {processor.py:840} INFO - DAG(s) 'example_short_circuit_operator' retrieved from /home/airflow/.local/lib/python3.12/site-packages/airflow/example_dags/example_short_circuit_operator.py
[2024-04-21T14:37:40.343+0000] {logging_mixin.py:188} INFO - [2024-04-21T14:37:40.342+0000] {dag.py:3096} INFO - Sync 1 DAGs
[2024-04-21T14:37:40.354+0000] {logging_mixin.py:188} INFO - [2024-04-21T14:37:40.354+0000] {dag.py:3954} INFO - Setting next_dagrun for example_short_circuit_operator to 2024-04-20 00:00:00+00:00, run_after=2024-04-21 00:00:00+00:00
[2024-04-21T14:37:40.362+0000] {processor.py:183} INFO - Processing /home/airflow/.local/lib/python3.12/site-packages/airflow/example_dags/example_short_circuit_operator.py took 0.052 seconds
[2024-04-21T14:53:47.098+0000] {processor.py:161} INFO - Started process (PID=3858) to work on /home/airflow/.local/lib/python3.12/site-packages/airflow/example_dags/example_short_circuit_operator.py
[2024-04-21T14:53:47.098+0000] {processor.py:830} INFO - Processing file /home/airflow/.local/lib/python3.12/site-packages/airflow/example_dags/example_short_circuit_operator.py for tasks to queue
[2024-04-21T14:53:47.100+0000] {logging_mixin.py:188} INFO - [2024-04-21T14:53:47.099+0000] {dagbag.py:540} INFO - Filling up the DagBag from /home/airflow/.local/lib/python3.12/site-packages/airflow/example_dags/example_short_circuit_operator.py
[2024-04-21T14:53:47.103+0000] {processor.py:840} INFO - DAG(s) 'example_short_circuit_operator' retrieved from /home/airflow/.local/lib/python3.12/site-packages/airflow/example_dags/example_short_circuit_operator.py
[2024-04-21T14:53:47.118+0000] {logging_mixin.py:188} INFO - [2024-04-21T14:53:47.118+0000] {dag.py:3096} INFO - Sync 1 DAGs
[2024-04-21T14:53:47.127+0000] {logging_mixin.py:188} INFO - [2024-04-21T14:53:47.127+0000] {dag.py:3954} INFO - Setting next_dagrun for example_short_circuit_operator to 2024-04-20 00:00:00+00:00, run_after=2024-04-21 00:00:00+00:00
[2024-04-21T14:53:47.134+0000] {processor.py:183} INFO - Processing /home/airflow/.local/lib/python3.12/site-packages/airflow/example_dags/example_short_circuit_operator.py took 0.040 seconds
[2024-04-21T14:54:17.831+0000] {processor.py:161} INFO - Started process (PID=4124) to work on /home/airflow/.local/lib/python3.12/site-packages/airflow/example_dags/example_short_circuit_operator.py
[2024-04-21T14:54:17.832+0000] {processor.py:830} INFO - Processing file /home/airflow/.local/lib/python3.12/site-packages/airflow/example_dags/example_short_circuit_operator.py for tasks to queue
[2024-04-21T14:54:17.834+0000] {logging_mixin.py:188} INFO - [2024-04-21T14:54:17.834+0000] {dagbag.py:540} INFO - Filling up the DagBag from /home/airflow/.local/lib/python3.12/site-packages/airflow/example_dags/example_short_circuit_operator.py
[2024-04-21T14:54:17.840+0000] {processor.py:840} INFO - DAG(s) 'example_short_circuit_operator' retrieved from /home/airflow/.local/lib/python3.12/site-packages/airflow/example_dags/example_short_circuit_operator.py
[2024-04-21T14:54:17.857+0000] {logging_mixin.py:188} INFO - [2024-04-21T14:54:17.857+0000] {dag.py:3096} INFO - Sync 1 DAGs
[2024-04-21T14:54:17.868+0000] {logging_mixin.py:188} INFO - [2024-04-21T14:54:17.867+0000] {dag.py:3954} INFO - Setting next_dagrun for example_short_circuit_operator to 2024-04-20 00:00:00+00:00, run_after=2024-04-21 00:00:00+00:00
[2024-04-21T14:54:17.875+0000] {processor.py:183} INFO - Processing /home/airflow/.local/lib/python3.12/site-packages/airflow/example_dags/example_short_circuit_operator.py took 0.049 seconds
[2024-04-21T14:54:47.952+0000] {processor.py:161} INFO - Started process (PID=4392) to work on /home/airflow/.local/lib/python3.12/site-packages/airflow/example_dags/example_short_circuit_operator.py
[2024-04-21T14:54:47.958+0000] {processor.py:830} INFO - Processing file /home/airflow/.local/lib/python3.12/site-packages/airflow/example_dags/example_short_circuit_operator.py for tasks to queue
[2024-04-21T14:54:47.959+0000] {logging_mixin.py:188} INFO - [2024-04-21T14:54:47.959+0000] {dagbag.py:540} INFO - Filling up the DagBag from /home/airflow/.local/lib/python3.12/site-packages/airflow/example_dags/example_short_circuit_operator.py
[2024-04-21T14:54:47.963+0000] {processor.py:840} INFO - DAG(s) 'example_short_circuit_operator' retrieved from /home/airflow/.local/lib/python3.12/site-packages/airflow/example_dags/example_short_circuit_operator.py
[2024-04-21T14:54:47.976+0000] {logging_mixin.py:188} INFO - [2024-04-21T14:54:47.976+0000] {dag.py:3096} INFO - Sync 1 DAGs
[2024-04-21T14:54:47.986+0000] {logging_mixin.py:188} INFO - [2024-04-21T14:54:47.986+0000] {dag.py:3954} INFO - Setting next_dagrun for example_short_circuit_operator to 2024-04-20 00:00:00+00:00, run_after=2024-04-21 00:00:00+00:00
[2024-04-21T14:54:47.994+0000] {processor.py:183} INFO - Processing /home/airflow/.local/lib/python3.12/site-packages/airflow/example_dags/example_short_circuit_operator.py took 0.045 seconds
[2024-04-21T14:55:18.965+0000] {processor.py:161} INFO - Started process (PID=4659) to work on /home/airflow/.local/lib/python3.12/site-packages/airflow/example_dags/example_short_circuit_operator.py
[2024-04-21T14:55:18.966+0000] {processor.py:830} INFO - Processing file /home/airflow/.local/lib/python3.12/site-packages/airflow/example_dags/example_short_circuit_operator.py for tasks to queue
[2024-04-21T14:55:18.968+0000] {logging_mixin.py:188} INFO - [2024-04-21T14:55:18.967+0000] {dagbag.py:540} INFO - Filling up the DagBag from /home/airflow/.local/lib/python3.12/site-packages/airflow/example_dags/example_short_circuit_operator.py
[2024-04-21T14:55:18.973+0000] {processor.py:840} INFO - DAG(s) 'example_short_circuit_operator' retrieved from /home/airflow/.local/lib/python3.12/site-packages/airflow/example_dags/example_short_circuit_operator.py
[2024-04-21T14:55:18.991+0000] {logging_mixin.py:188} INFO - [2024-04-21T14:55:18.991+0000] {dag.py:3096} INFO - Sync 1 DAGs
[2024-04-21T14:55:19.002+0000] {logging_mixin.py:188} INFO - [2024-04-21T14:55:19.002+0000] {dag.py:3954} INFO - Setting next_dagrun for example_short_circuit_operator to 2024-04-20 00:00:00+00:00, run_after=2024-04-21 00:00:00+00:00
[2024-04-21T14:55:19.010+0000] {processor.py:183} INFO - Processing /home/airflow/.local/lib/python3.12/site-packages/airflow/example_dags/example_short_circuit_operator.py took 0.050 seconds
[2024-04-21T14:55:49.803+0000] {processor.py:161} INFO - Started process (PID=4926) to work on /home/airflow/.local/lib/python3.12/site-packages/airflow/example_dags/example_short_circuit_operator.py
[2024-04-21T14:55:49.805+0000] {processor.py:830} INFO - Processing file /home/airflow/.local/lib/python3.12/site-packages/airflow/example_dags/example_short_circuit_operator.py for tasks to queue
[2024-04-21T14:55:49.807+0000] {logging_mixin.py:188} INFO - [2024-04-21T14:55:49.806+0000] {dagbag.py:540} INFO - Filling up the DagBag from /home/airflow/.local/lib/python3.12/site-packages/airflow/example_dags/example_short_circuit_operator.py
[2024-04-21T14:55:49.813+0000] {processor.py:840} INFO - DAG(s) 'example_short_circuit_operator' retrieved from /home/airflow/.local/lib/python3.12/site-packages/airflow/example_dags/example_short_circuit_operator.py
[2024-04-21T14:55:49.832+0000] {logging_mixin.py:188} INFO - [2024-04-21T14:55:49.831+0000] {dag.py:3096} INFO - Sync 1 DAGs
[2024-04-21T14:55:49.843+0000] {logging_mixin.py:188} INFO - [2024-04-21T14:55:49.843+0000] {dag.py:3954} INFO - Setting next_dagrun for example_short_circuit_operator to 2024-04-20 00:00:00+00:00, run_after=2024-04-21 00:00:00+00:00
[2024-04-21T14:55:49.851+0000] {processor.py:183} INFO - Processing /home/airflow/.local/lib/python3.12/site-packages/airflow/example_dags/example_short_circuit_operator.py took 0.054 seconds
[2024-04-21T14:56:20.612+0000] {processor.py:161} INFO - Started process (PID=5193) to work on /home/airflow/.local/lib/python3.12/site-packages/airflow/example_dags/example_short_circuit_operator.py
[2024-04-21T14:56:20.613+0000] {processor.py:830} INFO - Processing file /home/airflow/.local/lib/python3.12/site-packages/airflow/example_dags/example_short_circuit_operator.py for tasks to queue
[2024-04-21T14:56:20.614+0000] {logging_mixin.py:188} INFO - [2024-04-21T14:56:20.614+0000] {dagbag.py:540} INFO - Filling up the DagBag from /home/airflow/.local/lib/python3.12/site-packages/airflow/example_dags/example_short_circuit_operator.py
[2024-04-21T14:56:20.620+0000] {processor.py:840} INFO - DAG(s) 'example_short_circuit_operator' retrieved from /home/airflow/.local/lib/python3.12/site-packages/airflow/example_dags/example_short_circuit_operator.py
[2024-04-21T14:56:20.637+0000] {logging_mixin.py:188} INFO - [2024-04-21T14:56:20.637+0000] {dag.py:3096} INFO - Sync 1 DAGs
[2024-04-21T14:56:20.649+0000] {logging_mixin.py:188} INFO - [2024-04-21T14:56:20.649+0000] {dag.py:3954} INFO - Setting next_dagrun for example_short_circuit_operator to 2024-04-20 00:00:00+00:00, run_after=2024-04-21 00:00:00+00:00
[2024-04-21T14:56:20.657+0000] {processor.py:183} INFO - Processing /home/airflow/.local/lib/python3.12/site-packages/airflow/example_dags/example_short_circuit_operator.py took 0.051 seconds
[2024-04-21T14:56:51.434+0000] {processor.py:161} INFO - Started process (PID=5460) to work on /home/airflow/.local/lib/python3.12/site-packages/airflow/example_dags/example_short_circuit_operator.py
[2024-04-21T14:56:51.435+0000] {processor.py:830} INFO - Processing file /home/airflow/.local/lib/python3.12/site-packages/airflow/example_dags/example_short_circuit_operator.py for tasks to queue
[2024-04-21T14:56:51.437+0000] {logging_mixin.py:188} INFO - [2024-04-21T14:56:51.437+0000] {dagbag.py:540} INFO - Filling up the DagBag from /home/airflow/.local/lib/python3.12/site-packages/airflow/example_dags/example_short_circuit_operator.py
[2024-04-21T14:56:51.443+0000] {processor.py:840} INFO - DAG(s) 'example_short_circuit_operator' retrieved from /home/airflow/.local/lib/python3.12/site-packages/airflow/example_dags/example_short_circuit_operator.py
[2024-04-21T14:56:51.468+0000] {logging_mixin.py:188} INFO - [2024-04-21T14:56:51.468+0000] {dag.py:3096} INFO - Sync 1 DAGs
[2024-04-21T14:56:51.481+0000] {logging_mixin.py:188} INFO - [2024-04-21T14:56:51.481+0000] {dag.py:3954} INFO - Setting next_dagrun for example_short_circuit_operator to 2024-04-20 00:00:00+00:00, run_after=2024-04-21 00:00:00+00:00
[2024-04-21T14:56:51.491+0000] {processor.py:183} INFO - Processing /home/airflow/.local/lib/python3.12/site-packages/airflow/example_dags/example_short_circuit_operator.py took 0.062 seconds
[2024-04-21T14:57:21.552+0000] {processor.py:161} INFO - Started process (PID=5727) to work on /home/airflow/.local/lib/python3.12/site-packages/airflow/example_dags/example_short_circuit_operator.py
[2024-04-21T14:57:21.553+0000] {processor.py:830} INFO - Processing file /home/airflow/.local/lib/python3.12/site-packages/airflow/example_dags/example_short_circuit_operator.py for tasks to queue
[2024-04-21T14:57:21.555+0000] {logging_mixin.py:188} INFO - [2024-04-21T14:57:21.554+0000] {dagbag.py:540} INFO - Filling up the DagBag from /home/airflow/.local/lib/python3.12/site-packages/airflow/example_dags/example_short_circuit_operator.py
[2024-04-21T14:57:21.561+0000] {processor.py:840} INFO - DAG(s) 'example_short_circuit_operator' retrieved from /home/airflow/.local/lib/python3.12/site-packages/airflow/example_dags/example_short_circuit_operator.py
[2024-04-21T14:57:21.581+0000] {logging_mixin.py:188} INFO - [2024-04-21T14:57:21.581+0000] {dag.py:3096} INFO - Sync 1 DAGs
[2024-04-21T14:57:21.593+0000] {logging_mixin.py:188} INFO - [2024-04-21T14:57:21.593+0000] {dag.py:3954} INFO - Setting next_dagrun for example_short_circuit_operator to 2024-04-20 00:00:00+00:00, run_after=2024-04-21 00:00:00+00:00
[2024-04-21T14:57:21.601+0000] {processor.py:183} INFO - Processing /home/airflow/.local/lib/python3.12/site-packages/airflow/example_dags/example_short_circuit_operator.py took 0.056 seconds
[2024-04-21T14:57:51.747+0000] {processor.py:161} INFO - Started process (PID=6003) to work on /home/airflow/.local/lib/python3.12/site-packages/airflow/example_dags/example_short_circuit_operator.py
[2024-04-21T14:57:51.748+0000] {processor.py:830} INFO - Processing file /home/airflow/.local/lib/python3.12/site-packages/airflow/example_dags/example_short_circuit_operator.py for tasks to queue
[2024-04-21T14:57:51.750+0000] {logging_mixin.py:188} INFO - [2024-04-21T14:57:51.750+0000] {dagbag.py:540} INFO - Filling up the DagBag from /home/airflow/.local/lib/python3.12/site-packages/airflow/example_dags/example_short_circuit_operator.py
[2024-04-21T14:57:51.759+0000] {processor.py:840} INFO - DAG(s) 'example_short_circuit_operator' retrieved from /home/airflow/.local/lib/python3.12/site-packages/airflow/example_dags/example_short_circuit_operator.py
[2024-04-21T14:57:51.782+0000] {logging_mixin.py:188} INFO - [2024-04-21T14:57:51.781+0000] {dag.py:3096} INFO - Sync 1 DAGs
[2024-04-21T14:57:51.795+0000] {logging_mixin.py:188} INFO - [2024-04-21T14:57:51.794+0000] {dag.py:3954} INFO - Setting next_dagrun for example_short_circuit_operator to 2024-04-20 00:00:00+00:00, run_after=2024-04-21 00:00:00+00:00
[2024-04-21T14:57:51.804+0000] {processor.py:183} INFO - Processing /home/airflow/.local/lib/python3.12/site-packages/airflow/example_dags/example_short_circuit_operator.py took 0.064 seconds
[2024-04-21T14:58:22.623+0000] {processor.py:161} INFO - Started process (PID=6269) to work on /home/airflow/.local/lib/python3.12/site-packages/airflow/example_dags/example_short_circuit_operator.py
[2024-04-21T14:58:22.624+0000] {processor.py:830} INFO - Processing file /home/airflow/.local/lib/python3.12/site-packages/airflow/example_dags/example_short_circuit_operator.py for tasks to queue
[2024-04-21T14:58:22.625+0000] {logging_mixin.py:188} INFO - [2024-04-21T14:58:22.625+0000] {dagbag.py:540} INFO - Filling up the DagBag from /home/airflow/.local/lib/python3.12/site-packages/airflow/example_dags/example_short_circuit_operator.py
[2024-04-21T14:58:22.630+0000] {processor.py:840} INFO - DAG(s) 'example_short_circuit_operator' retrieved from /home/airflow/.local/lib/python3.12/site-packages/airflow/example_dags/example_short_circuit_operator.py
[2024-04-21T14:58:22.645+0000] {logging_mixin.py:188} INFO - [2024-04-21T14:58:22.645+0000] {dag.py:3096} INFO - Sync 1 DAGs
[2024-04-21T14:58:22.763+0000] {logging_mixin.py:188} INFO - [2024-04-21T14:58:22.762+0000] {dag.py:3954} INFO - Setting next_dagrun for example_short_circuit_operator to 2024-04-20 00:00:00+00:00, run_after=2024-04-21 00:00:00+00:00
[2024-04-21T14:58:22.780+0000] {processor.py:183} INFO - Processing /home/airflow/.local/lib/python3.12/site-packages/airflow/example_dags/example_short_circuit_operator.py took 0.160 seconds
[2024-04-21T14:58:53.352+0000] {processor.py:161} INFO - Started process (PID=6544) to work on /home/airflow/.local/lib/python3.12/site-packages/airflow/example_dags/example_short_circuit_operator.py
[2024-04-21T14:58:53.353+0000] {processor.py:830} INFO - Processing file /home/airflow/.local/lib/python3.12/site-packages/airflow/example_dags/example_short_circuit_operator.py for tasks to queue
[2024-04-21T14:58:53.355+0000] {logging_mixin.py:188} INFO - [2024-04-21T14:58:53.355+0000] {dagbag.py:540} INFO - Filling up the DagBag from /home/airflow/.local/lib/python3.12/site-packages/airflow/example_dags/example_short_circuit_operator.py
[2024-04-21T14:58:53.364+0000] {processor.py:840} INFO - DAG(s) 'example_short_circuit_operator' retrieved from /home/airflow/.local/lib/python3.12/site-packages/airflow/example_dags/example_short_circuit_operator.py
[2024-04-21T14:58:53.384+0000] {logging_mixin.py:188} INFO - [2024-04-21T14:58:53.384+0000] {dag.py:3096} INFO - Sync 1 DAGs
[2024-04-21T14:58:53.480+0000] {logging_mixin.py:188} INFO - [2024-04-21T14:58:53.480+0000] {dag.py:3954} INFO - Setting next_dagrun for example_short_circuit_operator to 2024-04-20 00:00:00+00:00, run_after=2024-04-21 00:00:00+00:00
[2024-04-21T14:58:53.487+0000] {processor.py:183} INFO - Processing /home/airflow/.local/lib/python3.12/site-packages/airflow/example_dags/example_short_circuit_operator.py took 0.143 seconds
[2024-04-21T14:59:23.583+0000] {processor.py:161} INFO - Started process (PID=6815) to work on /home/airflow/.local/lib/python3.12/site-packages/airflow/example_dags/example_short_circuit_operator.py
[2024-04-21T14:59:23.584+0000] {processor.py:830} INFO - Processing file /home/airflow/.local/lib/python3.12/site-packages/airflow/example_dags/example_short_circuit_operator.py for tasks to queue
[2024-04-21T14:59:23.587+0000] {logging_mixin.py:188} INFO - [2024-04-21T14:59:23.586+0000] {dagbag.py:540} INFO - Filling up the DagBag from /home/airflow/.local/lib/python3.12/site-packages/airflow/example_dags/example_short_circuit_operator.py
[2024-04-21T14:59:23.595+0000] {processor.py:840} INFO - DAG(s) 'example_short_circuit_operator' retrieved from /home/airflow/.local/lib/python3.12/site-packages/airflow/example_dags/example_short_circuit_operator.py
[2024-04-21T14:59:23.716+0000] {logging_mixin.py:188} INFO - [2024-04-21T14:59:23.716+0000] {dag.py:3096} INFO - Sync 1 DAGs
[2024-04-21T14:59:23.724+0000] {logging_mixin.py:188} INFO - [2024-04-21T14:59:23.724+0000] {dag.py:3954} INFO - Setting next_dagrun for example_short_circuit_operator to 2024-04-20 00:00:00+00:00, run_after=2024-04-21 00:00:00+00:00
[2024-04-21T14:59:23.731+0000] {processor.py:183} INFO - Processing /home/airflow/.local/lib/python3.12/site-packages/airflow/example_dags/example_short_circuit_operator.py took 0.157 seconds
[2024-04-21T14:59:53.853+0000] {processor.py:161} INFO - Started process (PID=7082) to work on /home/airflow/.local/lib/python3.12/site-packages/airflow/example_dags/example_short_circuit_operator.py
[2024-04-21T14:59:53.854+0000] {processor.py:830} INFO - Processing file /home/airflow/.local/lib/python3.12/site-packages/airflow/example_dags/example_short_circuit_operator.py for tasks to queue
[2024-04-21T14:59:53.856+0000] {logging_mixin.py:188} INFO - [2024-04-21T14:59:53.856+0000] {dagbag.py:540} INFO - Filling up the DagBag from /home/airflow/.local/lib/python3.12/site-packages/airflow/example_dags/example_short_circuit_operator.py
[2024-04-21T14:59:53.863+0000] {processor.py:840} INFO - DAG(s) 'example_short_circuit_operator' retrieved from /home/airflow/.local/lib/python3.12/site-packages/airflow/example_dags/example_short_circuit_operator.py
[2024-04-21T14:59:53.882+0000] {logging_mixin.py:188} INFO - [2024-04-21T14:59:53.882+0000] {dag.py:3096} INFO - Sync 1 DAGs
[2024-04-21T14:59:53.894+0000] {logging_mixin.py:188} INFO - [2024-04-21T14:59:53.894+0000] {dag.py:3954} INFO - Setting next_dagrun for example_short_circuit_operator to 2024-04-20 00:00:00+00:00, run_after=2024-04-21 00:00:00+00:00
[2024-04-21T14:59:53.901+0000] {processor.py:183} INFO - Processing /home/airflow/.local/lib/python3.12/site-packages/airflow/example_dags/example_short_circuit_operator.py took 0.056 seconds
[2024-04-21T15:00:24.756+0000] {processor.py:161} INFO - Started process (PID=7369) to work on /home/airflow/.local/lib/python3.12/site-packages/airflow/example_dags/example_short_circuit_operator.py
[2024-04-21T15:00:24.757+0000] {processor.py:830} INFO - Processing file /home/airflow/.local/lib/python3.12/site-packages/airflow/example_dags/example_short_circuit_operator.py for tasks to queue
[2024-04-21T15:00:24.758+0000] {logging_mixin.py:188} INFO - [2024-04-21T15:00:24.758+0000] {dagbag.py:540} INFO - Filling up the DagBag from /home/airflow/.local/lib/python3.12/site-packages/airflow/example_dags/example_short_circuit_operator.py
[2024-04-21T15:00:24.762+0000] {processor.py:840} INFO - DAG(s) 'example_short_circuit_operator' retrieved from /home/airflow/.local/lib/python3.12/site-packages/airflow/example_dags/example_short_circuit_operator.py
[2024-04-21T15:00:24.776+0000] {logging_mixin.py:188} INFO - [2024-04-21T15:00:24.776+0000] {dag.py:3096} INFO - Sync 1 DAGs
[2024-04-21T15:00:24.786+0000] {logging_mixin.py:188} INFO - [2024-04-21T15:00:24.786+0000] {dag.py:3954} INFO - Setting next_dagrun for example_short_circuit_operator to 2024-04-20 00:00:00+00:00, run_after=2024-04-21 00:00:00+00:00
[2024-04-21T15:00:24.793+0000] {processor.py:183} INFO - Processing /home/airflow/.local/lib/python3.12/site-packages/airflow/example_dags/example_short_circuit_operator.py took 0.040 seconds
[2024-04-21T15:00:55.682+0000] {processor.py:161} INFO - Started process (PID=7641) to work on /home/airflow/.local/lib/python3.12/site-packages/airflow/example_dags/example_short_circuit_operator.py
[2024-04-21T15:00:55.683+0000] {processor.py:830} INFO - Processing file /home/airflow/.local/lib/python3.12/site-packages/airflow/example_dags/example_short_circuit_operator.py for tasks to queue
[2024-04-21T15:00:55.685+0000] {logging_mixin.py:188} INFO - [2024-04-21T15:00:55.685+0000] {dagbag.py:540} INFO - Filling up the DagBag from /home/airflow/.local/lib/python3.12/site-packages/airflow/example_dags/example_short_circuit_operator.py
[2024-04-21T15:00:55.692+0000] {processor.py:840} INFO - DAG(s) 'example_short_circuit_operator' retrieved from /home/airflow/.local/lib/python3.12/site-packages/airflow/example_dags/example_short_circuit_operator.py
[2024-04-21T15:00:55.711+0000] {logging_mixin.py:188} INFO - [2024-04-21T15:00:55.711+0000] {dag.py:3096} INFO - Sync 1 DAGs
[2024-04-21T15:00:55.725+0000] {logging_mixin.py:188} INFO - [2024-04-21T15:00:55.725+0000] {dag.py:3954} INFO - Setting next_dagrun for example_short_circuit_operator to 2024-04-20 00:00:00+00:00, run_after=2024-04-21 00:00:00+00:00
[2024-04-21T15:00:55.734+0000] {processor.py:183} INFO - Processing /home/airflow/.local/lib/python3.12/site-packages/airflow/example_dags/example_short_circuit_operator.py took 0.057 seconds
[2024-04-21T15:01:25.791+0000] {processor.py:161} INFO - Started process (PID=7908) to work on /home/airflow/.local/lib/python3.12/site-packages/airflow/example_dags/example_short_circuit_operator.py
[2024-04-21T15:01:25.792+0000] {processor.py:830} INFO - Processing file /home/airflow/.local/lib/python3.12/site-packages/airflow/example_dags/example_short_circuit_operator.py for tasks to queue
[2024-04-21T15:01:25.794+0000] {logging_mixin.py:188} INFO - [2024-04-21T15:01:25.794+0000] {dagbag.py:540} INFO - Filling up the DagBag from /home/airflow/.local/lib/python3.12/site-packages/airflow/example_dags/example_short_circuit_operator.py
[2024-04-21T15:01:25.801+0000] {processor.py:840} INFO - DAG(s) 'example_short_circuit_operator' retrieved from /home/airflow/.local/lib/python3.12/site-packages/airflow/example_dags/example_short_circuit_operator.py
[2024-04-21T15:01:25.825+0000] {logging_mixin.py:188} INFO - [2024-04-21T15:01:25.824+0000] {dag.py:3096} INFO - Sync 1 DAGs
[2024-04-21T15:01:25.837+0000] {logging_mixin.py:188} INFO - [2024-04-21T15:01:25.837+0000] {dag.py:3954} INFO - Setting next_dagrun for example_short_circuit_operator to 2024-04-20 00:00:00+00:00, run_after=2024-04-21 00:00:00+00:00
[2024-04-21T15:01:25.846+0000] {processor.py:183} INFO - Processing /home/airflow/.local/lib/python3.12/site-packages/airflow/example_dags/example_short_circuit_operator.py took 0.063 seconds
[2024-04-21T15:01:56.004+0000] {processor.py:161} INFO - Started process (PID=8188) to work on /home/airflow/.local/lib/python3.12/site-packages/airflow/example_dags/example_short_circuit_operator.py
[2024-04-21T15:01:56.004+0000] {processor.py:830} INFO - Processing file /home/airflow/.local/lib/python3.12/site-packages/airflow/example_dags/example_short_circuit_operator.py for tasks to queue
[2024-04-21T15:01:56.006+0000] {logging_mixin.py:188} INFO - [2024-04-21T15:01:56.006+0000] {dagbag.py:540} INFO - Filling up the DagBag from /home/airflow/.local/lib/python3.12/site-packages/airflow/example_dags/example_short_circuit_operator.py
[2024-04-21T15:01:56.012+0000] {processor.py:840} INFO - DAG(s) 'example_short_circuit_operator' retrieved from /home/airflow/.local/lib/python3.12/site-packages/airflow/example_dags/example_short_circuit_operator.py
[2024-04-21T15:01:56.033+0000] {logging_mixin.py:188} INFO - [2024-04-21T15:01:56.032+0000] {dag.py:3096} INFO - Sync 1 DAGs
[2024-04-21T15:01:56.045+0000] {logging_mixin.py:188} INFO - [2024-04-21T15:01:56.045+0000] {dag.py:3954} INFO - Setting next_dagrun for example_short_circuit_operator to 2024-04-20 00:00:00+00:00, run_after=2024-04-21 00:00:00+00:00
[2024-04-21T15:01:56.053+0000] {processor.py:183} INFO - Processing /home/airflow/.local/lib/python3.12/site-packages/airflow/example_dags/example_short_circuit_operator.py took 0.056 seconds
[2024-04-21T15:02:26.920+0000] {processor.py:161} INFO - Started process (PID=8462) to work on /home/airflow/.local/lib/python3.12/site-packages/airflow/example_dags/example_short_circuit_operator.py
[2024-04-21T15:02:26.921+0000] {processor.py:830} INFO - Processing file /home/airflow/.local/lib/python3.12/site-packages/airflow/example_dags/example_short_circuit_operator.py for tasks to queue
[2024-04-21T15:02:26.923+0000] {logging_mixin.py:188} INFO - [2024-04-21T15:02:26.922+0000] {dagbag.py:540} INFO - Filling up the DagBag from /home/airflow/.local/lib/python3.12/site-packages/airflow/example_dags/example_short_circuit_operator.py
[2024-04-21T15:02:26.928+0000] {processor.py:840} INFO - DAG(s) 'example_short_circuit_operator' retrieved from /home/airflow/.local/lib/python3.12/site-packages/airflow/example_dags/example_short_circuit_operator.py
[2024-04-21T15:02:26.946+0000] {logging_mixin.py:188} INFO - [2024-04-21T15:02:26.946+0000] {dag.py:3096} INFO - Sync 1 DAGs
[2024-04-21T15:02:26.958+0000] {logging_mixin.py:188} INFO - [2024-04-21T15:02:26.958+0000] {dag.py:3954} INFO - Setting next_dagrun for example_short_circuit_operator to 2024-04-20 00:00:00+00:00, run_after=2024-04-21 00:00:00+00:00
[2024-04-21T15:02:26.966+0000] {processor.py:183} INFO - Processing /home/airflow/.local/lib/python3.12/site-packages/airflow/example_dags/example_short_circuit_operator.py took 0.053 seconds
[2024-04-21T15:02:57.754+0000] {processor.py:161} INFO - Started process (PID=8738) to work on /home/airflow/.local/lib/python3.12/site-packages/airflow/example_dags/example_short_circuit_operator.py
[2024-04-21T15:02:57.755+0000] {processor.py:830} INFO - Processing file /home/airflow/.local/lib/python3.12/site-packages/airflow/example_dags/example_short_circuit_operator.py for tasks to queue
[2024-04-21T15:02:57.757+0000] {logging_mixin.py:188} INFO - [2024-04-21T15:02:57.756+0000] {dagbag.py:540} INFO - Filling up the DagBag from /home/airflow/.local/lib/python3.12/site-packages/airflow/example_dags/example_short_circuit_operator.py
[2024-04-21T15:02:57.763+0000] {processor.py:840} INFO - DAG(s) 'example_short_circuit_operator' retrieved from /home/airflow/.local/lib/python3.12/site-packages/airflow/example_dags/example_short_circuit_operator.py
[2024-04-21T15:02:57.781+0000] {logging_mixin.py:188} INFO - [2024-04-21T15:02:57.781+0000] {dag.py:3096} INFO - Sync 1 DAGs
[2024-04-21T15:02:57.791+0000] {logging_mixin.py:188} INFO - [2024-04-21T15:02:57.791+0000] {dag.py:3954} INFO - Setting next_dagrun for example_short_circuit_operator to 2024-04-20 00:00:00+00:00, run_after=2024-04-21 00:00:00+00:00
[2024-04-21T15:02:57.799+0000] {processor.py:183} INFO - Processing /home/airflow/.local/lib/python3.12/site-packages/airflow/example_dags/example_short_circuit_operator.py took 0.052 seconds
[2024-04-21T15:03:28.646+0000] {processor.py:161} INFO - Started process (PID=9005) to work on /home/airflow/.local/lib/python3.12/site-packages/airflow/example_dags/example_short_circuit_operator.py
[2024-04-21T15:03:28.647+0000] {processor.py:830} INFO - Processing file /home/airflow/.local/lib/python3.12/site-packages/airflow/example_dags/example_short_circuit_operator.py for tasks to queue
[2024-04-21T15:03:28.649+0000] {logging_mixin.py:188} INFO - [2024-04-21T15:03:28.648+0000] {dagbag.py:540} INFO - Filling up the DagBag from /home/airflow/.local/lib/python3.12/site-packages/airflow/example_dags/example_short_circuit_operator.py
[2024-04-21T15:03:28.654+0000] {processor.py:840} INFO - DAG(s) 'example_short_circuit_operator' retrieved from /home/airflow/.local/lib/python3.12/site-packages/airflow/example_dags/example_short_circuit_operator.py
[2024-04-21T15:03:28.671+0000] {logging_mixin.py:188} INFO - [2024-04-21T15:03:28.671+0000] {dag.py:3096} INFO - Sync 1 DAGs
[2024-04-21T15:03:28.682+0000] {logging_mixin.py:188} INFO - [2024-04-21T15:03:28.682+0000] {dag.py:3954} INFO - Setting next_dagrun for example_short_circuit_operator to 2024-04-20 00:00:00+00:00, run_after=2024-04-21 00:00:00+00:00
[2024-04-21T15:03:28.690+0000] {processor.py:183} INFO - Processing /home/airflow/.local/lib/python3.12/site-packages/airflow/example_dags/example_short_circuit_operator.py took 0.051 seconds
[2024-04-21T15:03:59.652+0000] {processor.py:161} INFO - Started process (PID=9272) to work on /home/airflow/.local/lib/python3.12/site-packages/airflow/example_dags/example_short_circuit_operator.py
[2024-04-21T15:03:59.653+0000] {processor.py:830} INFO - Processing file /home/airflow/.local/lib/python3.12/site-packages/airflow/example_dags/example_short_circuit_operator.py for tasks to queue
[2024-04-21T15:03:59.654+0000] {logging_mixin.py:188} INFO - [2024-04-21T15:03:59.654+0000] {dagbag.py:540} INFO - Filling up the DagBag from /home/airflow/.local/lib/python3.12/site-packages/airflow/example_dags/example_short_circuit_operator.py
[2024-04-21T15:03:59.660+0000] {processor.py:840} INFO - DAG(s) 'example_short_circuit_operator' retrieved from /home/airflow/.local/lib/python3.12/site-packages/airflow/example_dags/example_short_circuit_operator.py
[2024-04-21T15:03:59.677+0000] {logging_mixin.py:188} INFO - [2024-04-21T15:03:59.676+0000] {dag.py:3096} INFO - Sync 1 DAGs
[2024-04-21T15:03:59.688+0000] {logging_mixin.py:188} INFO - [2024-04-21T15:03:59.688+0000] {dag.py:3954} INFO - Setting next_dagrun for example_short_circuit_operator to 2024-04-20 00:00:00+00:00, run_after=2024-04-21 00:00:00+00:00
[2024-04-21T15:03:59.696+0000] {processor.py:183} INFO - Processing /home/airflow/.local/lib/python3.12/site-packages/airflow/example_dags/example_short_circuit_operator.py took 0.051 seconds
[2024-04-21T15:04:30.480+0000] {processor.py:161} INFO - Started process (PID=9539) to work on /home/airflow/.local/lib/python3.12/site-packages/airflow/example_dags/example_short_circuit_operator.py
[2024-04-21T15:04:30.481+0000] {processor.py:830} INFO - Processing file /home/airflow/.local/lib/python3.12/site-packages/airflow/example_dags/example_short_circuit_operator.py for tasks to queue
[2024-04-21T15:04:30.484+0000] {logging_mixin.py:188} INFO - [2024-04-21T15:04:30.483+0000] {dagbag.py:540} INFO - Filling up the DagBag from /home/airflow/.local/lib/python3.12/site-packages/airflow/example_dags/example_short_circuit_operator.py
[2024-04-21T15:04:30.489+0000] {processor.py:840} INFO - DAG(s) 'example_short_circuit_operator' retrieved from /home/airflow/.local/lib/python3.12/site-packages/airflow/example_dags/example_short_circuit_operator.py
[2024-04-21T15:04:30.507+0000] {logging_mixin.py:188} INFO - [2024-04-21T15:04:30.506+0000] {dag.py:3096} INFO - Sync 1 DAGs
[2024-04-21T15:04:30.518+0000] {logging_mixin.py:188} INFO - [2024-04-21T15:04:30.518+0000] {dag.py:3954} INFO - Setting next_dagrun for example_short_circuit_operator to 2024-04-20 00:00:00+00:00, run_after=2024-04-21 00:00:00+00:00
[2024-04-21T15:04:30.525+0000] {processor.py:183} INFO - Processing /home/airflow/.local/lib/python3.12/site-packages/airflow/example_dags/example_short_circuit_operator.py took 0.051 seconds
[2024-04-21T15:05:01.315+0000] {processor.py:161} INFO - Started process (PID=9805) to work on /home/airflow/.local/lib/python3.12/site-packages/airflow/example_dags/example_short_circuit_operator.py
[2024-04-21T15:05:01.316+0000] {processor.py:830} INFO - Processing file /home/airflow/.local/lib/python3.12/site-packages/airflow/example_dags/example_short_circuit_operator.py for tasks to queue
[2024-04-21T15:05:01.319+0000] {logging_mixin.py:188} INFO - [2024-04-21T15:05:01.319+0000] {dagbag.py:540} INFO - Filling up the DagBag from /home/airflow/.local/lib/python3.12/site-packages/airflow/example_dags/example_short_circuit_operator.py
[2024-04-21T15:05:01.325+0000] {processor.py:840} INFO - DAG(s) 'example_short_circuit_operator' retrieved from /home/airflow/.local/lib/python3.12/site-packages/airflow/example_dags/example_short_circuit_operator.py
[2024-04-21T15:05:01.342+0000] {logging_mixin.py:188} INFO - [2024-04-21T15:05:01.341+0000] {dag.py:3096} INFO - Sync 1 DAGs
[2024-04-21T15:05:01.353+0000] {logging_mixin.py:188} INFO - [2024-04-21T15:05:01.353+0000] {dag.py:3954} INFO - Setting next_dagrun for example_short_circuit_operator to 2024-04-20 00:00:00+00:00, run_after=2024-04-21 00:00:00+00:00
[2024-04-21T15:05:01.361+0000] {processor.py:183} INFO - Processing /home/airflow/.local/lib/python3.12/site-packages/airflow/example_dags/example_short_circuit_operator.py took 0.052 seconds
[2024-04-21T15:05:32.210+0000] {processor.py:161} INFO - Started process (PID=10072) to work on /home/airflow/.local/lib/python3.12/site-packages/airflow/example_dags/example_short_circuit_operator.py
[2024-04-21T15:05:32.211+0000] {processor.py:830} INFO - Processing file /home/airflow/.local/lib/python3.12/site-packages/airflow/example_dags/example_short_circuit_operator.py for tasks to queue
[2024-04-21T15:05:32.213+0000] {logging_mixin.py:188} INFO - [2024-04-21T15:05:32.213+0000] {dagbag.py:540} INFO - Filling up the DagBag from /home/airflow/.local/lib/python3.12/site-packages/airflow/example_dags/example_short_circuit_operator.py
[2024-04-21T15:05:32.218+0000] {processor.py:840} INFO - DAG(s) 'example_short_circuit_operator' retrieved from /home/airflow/.local/lib/python3.12/site-packages/airflow/example_dags/example_short_circuit_operator.py
[2024-04-21T15:05:32.234+0000] {logging_mixin.py:188} INFO - [2024-04-21T15:05:32.234+0000] {dag.py:3096} INFO - Sync 1 DAGs
[2024-04-21T15:05:32.245+0000] {logging_mixin.py:188} INFO - [2024-04-21T15:05:32.245+0000] {dag.py:3954} INFO - Setting next_dagrun for example_short_circuit_operator to 2024-04-20 00:00:00+00:00, run_after=2024-04-21 00:00:00+00:00
[2024-04-21T15:05:32.254+0000] {processor.py:183} INFO - Processing /home/airflow/.local/lib/python3.12/site-packages/airflow/example_dags/example_short_circuit_operator.py took 0.049 seconds
[2024-04-21T15:06:03.079+0000] {processor.py:161} INFO - Started process (PID=10339) to work on /home/airflow/.local/lib/python3.12/site-packages/airflow/example_dags/example_short_circuit_operator.py
[2024-04-21T15:06:03.080+0000] {processor.py:830} INFO - Processing file /home/airflow/.local/lib/python3.12/site-packages/airflow/example_dags/example_short_circuit_operator.py for tasks to queue
[2024-04-21T15:06:03.083+0000] {logging_mixin.py:188} INFO - [2024-04-21T15:06:03.082+0000] {dagbag.py:540} INFO - Filling up the DagBag from /home/airflow/.local/lib/python3.12/site-packages/airflow/example_dags/example_short_circuit_operator.py
[2024-04-21T15:06:03.089+0000] {processor.py:840} INFO - DAG(s) 'example_short_circuit_operator' retrieved from /home/airflow/.local/lib/python3.12/site-packages/airflow/example_dags/example_short_circuit_operator.py
[2024-04-21T15:06:03.107+0000] {logging_mixin.py:188} INFO - [2024-04-21T15:06:03.107+0000] {dag.py:3096} INFO - Sync 1 DAGs
[2024-04-21T15:06:03.118+0000] {logging_mixin.py:188} INFO - [2024-04-21T15:06:03.118+0000] {dag.py:3954} INFO - Setting next_dagrun for example_short_circuit_operator to 2024-04-20 00:00:00+00:00, run_after=2024-04-21 00:00:00+00:00
[2024-04-21T15:06:03.126+0000] {processor.py:183} INFO - Processing /home/airflow/.local/lib/python3.12/site-packages/airflow/example_dags/example_short_circuit_operator.py took 0.054 seconds
[2024-04-21T15:06:33.956+0000] {processor.py:161} INFO - Started process (PID=10606) to work on /home/airflow/.local/lib/python3.12/site-packages/airflow/example_dags/example_short_circuit_operator.py
[2024-04-21T15:06:33.957+0000] {processor.py:830} INFO - Processing file /home/airflow/.local/lib/python3.12/site-packages/airflow/example_dags/example_short_circuit_operator.py for tasks to queue
[2024-04-21T15:06:33.959+0000] {logging_mixin.py:188} INFO - [2024-04-21T15:06:33.958+0000] {dagbag.py:540} INFO - Filling up the DagBag from /home/airflow/.local/lib/python3.12/site-packages/airflow/example_dags/example_short_circuit_operator.py
[2024-04-21T15:06:33.964+0000] {processor.py:840} INFO - DAG(s) 'example_short_circuit_operator' retrieved from /home/airflow/.local/lib/python3.12/site-packages/airflow/example_dags/example_short_circuit_operator.py
[2024-04-21T15:06:33.982+0000] {logging_mixin.py:188} INFO - [2024-04-21T15:06:33.982+0000] {dag.py:3096} INFO - Sync 1 DAGs
[2024-04-21T15:06:33.993+0000] {logging_mixin.py:188} INFO - [2024-04-21T15:06:33.993+0000] {dag.py:3954} INFO - Setting next_dagrun for example_short_circuit_operator to 2024-04-20 00:00:00+00:00, run_after=2024-04-21 00:00:00+00:00
[2024-04-21T15:06:34.002+0000] {processor.py:183} INFO - Processing /home/airflow/.local/lib/python3.12/site-packages/airflow/example_dags/example_short_circuit_operator.py took 0.052 seconds
[2024-04-21T15:07:04.041+0000] {processor.py:161} INFO - Started process (PID=10873) to work on /home/airflow/.local/lib/python3.12/site-packages/airflow/example_dags/example_short_circuit_operator.py
[2024-04-21T15:07:04.041+0000] {processor.py:830} INFO - Processing file /home/airflow/.local/lib/python3.12/site-packages/airflow/example_dags/example_short_circuit_operator.py for tasks to queue
[2024-04-21T15:07:04.043+0000] {logging_mixin.py:188} INFO - [2024-04-21T15:07:04.043+0000] {dagbag.py:540} INFO - Filling up the DagBag from /home/airflow/.local/lib/python3.12/site-packages/airflow/example_dags/example_short_circuit_operator.py
[2024-04-21T15:07:04.046+0000] {processor.py:840} INFO - DAG(s) 'example_short_circuit_operator' retrieved from /home/airflow/.local/lib/python3.12/site-packages/airflow/example_dags/example_short_circuit_operator.py
[2024-04-21T15:07:04.062+0000] {logging_mixin.py:188} INFO - [2024-04-21T15:07:04.062+0000] {dag.py:3096} INFO - Sync 1 DAGs
[2024-04-21T15:07:04.072+0000] {logging_mixin.py:188} INFO - [2024-04-21T15:07:04.072+0000] {dag.py:3954} INFO - Setting next_dagrun for example_short_circuit_operator to 2024-04-20 00:00:00+00:00, run_after=2024-04-21 00:00:00+00:00
[2024-04-21T15:07:04.080+0000] {processor.py:183} INFO - Processing /home/airflow/.local/lib/python3.12/site-packages/airflow/example_dags/example_short_circuit_operator.py took 0.043 seconds
[2024-04-21T15:07:34.295+0000] {processor.py:161} INFO - Started process (PID=11161) to work on /home/airflow/.local/lib/python3.12/site-packages/airflow/example_dags/example_short_circuit_operator.py
[2024-04-21T15:07:34.297+0000] {processor.py:830} INFO - Processing file /home/airflow/.local/lib/python3.12/site-packages/airflow/example_dags/example_short_circuit_operator.py for tasks to queue
[2024-04-21T15:07:34.300+0000] {logging_mixin.py:188} INFO - [2024-04-21T15:07:34.299+0000] {dagbag.py:540} INFO - Filling up the DagBag from /home/airflow/.local/lib/python3.12/site-packages/airflow/example_dags/example_short_circuit_operator.py
[2024-04-21T15:07:34.309+0000] {processor.py:840} INFO - DAG(s) 'example_short_circuit_operator' retrieved from /home/airflow/.local/lib/python3.12/site-packages/airflow/example_dags/example_short_circuit_operator.py
[2024-04-21T15:07:34.328+0000] {logging_mixin.py:188} INFO - [2024-04-21T15:07:34.328+0000] {dag.py:3096} INFO - Sync 1 DAGs
[2024-04-21T15:07:34.340+0000] {logging_mixin.py:188} INFO - [2024-04-21T15:07:34.340+0000] {dag.py:3954} INFO - Setting next_dagrun for example_short_circuit_operator to 2024-04-20 00:00:00+00:00, run_after=2024-04-21 00:00:00+00:00
[2024-04-21T15:07:34.349+0000] {processor.py:183} INFO - Processing /home/airflow/.local/lib/python3.12/site-packages/airflow/example_dags/example_short_circuit_operator.py took 0.063 seconds
[2024-04-21T15:08:04.456+0000] {processor.py:161} INFO - Started process (PID=11437) to work on /home/airflow/.local/lib/python3.12/site-packages/airflow/example_dags/example_short_circuit_operator.py
[2024-04-21T15:08:04.456+0000] {processor.py:830} INFO - Processing file /home/airflow/.local/lib/python3.12/site-packages/airflow/example_dags/example_short_circuit_operator.py for tasks to queue
[2024-04-21T15:08:04.458+0000] {logging_mixin.py:188} INFO - [2024-04-21T15:08:04.458+0000] {dagbag.py:540} INFO - Filling up the DagBag from /home/airflow/.local/lib/python3.12/site-packages/airflow/example_dags/example_short_circuit_operator.py
[2024-04-21T15:08:04.462+0000] {processor.py:840} INFO - DAG(s) 'example_short_circuit_operator' retrieved from /home/airflow/.local/lib/python3.12/site-packages/airflow/example_dags/example_short_circuit_operator.py
[2024-04-21T15:08:04.476+0000] {logging_mixin.py:188} INFO - [2024-04-21T15:08:04.476+0000] {dag.py:3096} INFO - Sync 1 DAGs
[2024-04-21T15:08:04.486+0000] {logging_mixin.py:188} INFO - [2024-04-21T15:08:04.486+0000] {dag.py:3954} INFO - Setting next_dagrun for example_short_circuit_operator to 2024-04-20 00:00:00+00:00, run_after=2024-04-21 00:00:00+00:00
[2024-04-21T15:08:04.493+0000] {processor.py:183} INFO - Processing /home/airflow/.local/lib/python3.12/site-packages/airflow/example_dags/example_short_circuit_operator.py took 0.041 seconds
[2024-04-21T15:08:35.453+0000] {processor.py:161} INFO - Started process (PID=11723) to work on /home/airflow/.local/lib/python3.12/site-packages/airflow/example_dags/example_short_circuit_operator.py
[2024-04-21T15:08:35.454+0000] {processor.py:830} INFO - Processing file /home/airflow/.local/lib/python3.12/site-packages/airflow/example_dags/example_short_circuit_operator.py for tasks to queue
[2024-04-21T15:08:35.455+0000] {logging_mixin.py:188} INFO - [2024-04-21T15:08:35.455+0000] {dagbag.py:540} INFO - Filling up the DagBag from /home/airflow/.local/lib/python3.12/site-packages/airflow/example_dags/example_short_circuit_operator.py
[2024-04-21T15:08:35.459+0000] {processor.py:840} INFO - DAG(s) 'example_short_circuit_operator' retrieved from /home/airflow/.local/lib/python3.12/site-packages/airflow/example_dags/example_short_circuit_operator.py
[2024-04-21T15:08:35.472+0000] {logging_mixin.py:188} INFO - [2024-04-21T15:08:35.472+0000] {dag.py:3096} INFO - Sync 1 DAGs
[2024-04-21T15:08:35.483+0000] {logging_mixin.py:188} INFO - [2024-04-21T15:08:35.483+0000] {dag.py:3954} INFO - Setting next_dagrun for example_short_circuit_operator to 2024-04-20 00:00:00+00:00, run_after=2024-04-21 00:00:00+00:00
[2024-04-21T15:08:35.490+0000] {processor.py:183} INFO - Processing /home/airflow/.local/lib/python3.12/site-packages/airflow/example_dags/example_short_circuit_operator.py took 0.040 seconds
[2024-04-21T15:09:06.382+0000] {processor.py:161} INFO - Started process (PID=11991) to work on /home/airflow/.local/lib/python3.12/site-packages/airflow/example_dags/example_short_circuit_operator.py
[2024-04-21T15:09:06.383+0000] {processor.py:830} INFO - Processing file /home/airflow/.local/lib/python3.12/site-packages/airflow/example_dags/example_short_circuit_operator.py for tasks to queue
[2024-04-21T15:09:06.384+0000] {logging_mixin.py:188} INFO - [2024-04-21T15:09:06.383+0000] {dagbag.py:540} INFO - Filling up the DagBag from /home/airflow/.local/lib/python3.12/site-packages/airflow/example_dags/example_short_circuit_operator.py
[2024-04-21T15:09:06.388+0000] {processor.py:840} INFO - DAG(s) 'example_short_circuit_operator' retrieved from /home/airflow/.local/lib/python3.12/site-packages/airflow/example_dags/example_short_circuit_operator.py
[2024-04-21T15:09:06.403+0000] {logging_mixin.py:188} INFO - [2024-04-21T15:09:06.403+0000] {dag.py:3096} INFO - Sync 1 DAGs
[2024-04-21T15:09:06.414+0000] {logging_mixin.py:188} INFO - [2024-04-21T15:09:06.414+0000] {dag.py:3954} INFO - Setting next_dagrun for example_short_circuit_operator to 2024-04-20 00:00:00+00:00, run_after=2024-04-21 00:00:00+00:00
[2024-04-21T15:09:06.422+0000] {processor.py:183} INFO - Processing /home/airflow/.local/lib/python3.12/site-packages/airflow/example_dags/example_short_circuit_operator.py took 0.043 seconds
[2024-04-21T15:09:37.253+0000] {processor.py:161} INFO - Started process (PID=12258) to work on /home/airflow/.local/lib/python3.12/site-packages/airflow/example_dags/example_short_circuit_operator.py
[2024-04-21T15:09:37.254+0000] {processor.py:830} INFO - Processing file /home/airflow/.local/lib/python3.12/site-packages/airflow/example_dags/example_short_circuit_operator.py for tasks to queue
[2024-04-21T15:09:37.258+0000] {logging_mixin.py:188} INFO - [2024-04-21T15:09:37.257+0000] {dagbag.py:540} INFO - Filling up the DagBag from /home/airflow/.local/lib/python3.12/site-packages/airflow/example_dags/example_short_circuit_operator.py
[2024-04-21T15:09:37.265+0000] {processor.py:840} INFO - DAG(s) 'example_short_circuit_operator' retrieved from /home/airflow/.local/lib/python3.12/site-packages/airflow/example_dags/example_short_circuit_operator.py
[2024-04-21T15:09:37.286+0000] {logging_mixin.py:188} INFO - [2024-04-21T15:09:37.286+0000] {dag.py:3096} INFO - Sync 1 DAGs
[2024-04-21T15:09:37.298+0000] {logging_mixin.py:188} INFO - [2024-04-21T15:09:37.298+0000] {dag.py:3954} INFO - Setting next_dagrun for example_short_circuit_operator to 2024-04-20 00:00:00+00:00, run_after=2024-04-21 00:00:00+00:00
[2024-04-21T15:09:37.306+0000] {processor.py:183} INFO - Processing /home/airflow/.local/lib/python3.12/site-packages/airflow/example_dags/example_short_circuit_operator.py took 0.062 seconds
[2024-04-21T15:10:08.161+0000] {processor.py:161} INFO - Started process (PID=12525) to work on /home/airflow/.local/lib/python3.12/site-packages/airflow/example_dags/example_short_circuit_operator.py
[2024-04-21T15:10:08.162+0000] {processor.py:830} INFO - Processing file /home/airflow/.local/lib/python3.12/site-packages/airflow/example_dags/example_short_circuit_operator.py for tasks to queue
[2024-04-21T15:10:08.165+0000] {logging_mixin.py:188} INFO - [2024-04-21T15:10:08.164+0000] {dagbag.py:540} INFO - Filling up the DagBag from /home/airflow/.local/lib/python3.12/site-packages/airflow/example_dags/example_short_circuit_operator.py
[2024-04-21T15:10:08.171+0000] {processor.py:840} INFO - DAG(s) 'example_short_circuit_operator' retrieved from /home/airflow/.local/lib/python3.12/site-packages/airflow/example_dags/example_short_circuit_operator.py
[2024-04-21T15:10:08.190+0000] {logging_mixin.py:188} INFO - [2024-04-21T15:10:08.190+0000] {dag.py:3096} INFO - Sync 1 DAGs
[2024-04-21T15:10:08.202+0000] {logging_mixin.py:188} INFO - [2024-04-21T15:10:08.202+0000] {dag.py:3954} INFO - Setting next_dagrun for example_short_circuit_operator to 2024-04-20 00:00:00+00:00, run_after=2024-04-21 00:00:00+00:00
[2024-04-21T15:10:08.210+0000] {processor.py:183} INFO - Processing /home/airflow/.local/lib/python3.12/site-packages/airflow/example_dags/example_short_circuit_operator.py took 0.056 seconds
[2024-04-21T15:10:38.397+0000] {processor.py:161} INFO - Started process (PID=12797) to work on /home/airflow/.local/lib/python3.12/site-packages/airflow/example_dags/example_short_circuit_operator.py
[2024-04-21T15:10:38.399+0000] {processor.py:830} INFO - Processing file /home/airflow/.local/lib/python3.12/site-packages/airflow/example_dags/example_short_circuit_operator.py for tasks to queue
[2024-04-21T15:10:38.402+0000] {logging_mixin.py:188} INFO - [2024-04-21T15:10:38.402+0000] {dagbag.py:540} INFO - Filling up the DagBag from /home/airflow/.local/lib/python3.12/site-packages/airflow/example_dags/example_short_circuit_operator.py
[2024-04-21T15:10:38.410+0000] {processor.py:840} INFO - DAG(s) 'example_short_circuit_operator' retrieved from /home/airflow/.local/lib/python3.12/site-packages/airflow/example_dags/example_short_circuit_operator.py
[2024-04-21T15:10:38.436+0000] {logging_mixin.py:188} INFO - [2024-04-21T15:10:38.435+0000] {dag.py:3096} INFO - Sync 1 DAGs
[2024-04-21T15:10:38.451+0000] {logging_mixin.py:188} INFO - [2024-04-21T15:10:38.451+0000] {dag.py:3954} INFO - Setting next_dagrun for example_short_circuit_operator to 2024-04-20 00:00:00+00:00, run_after=2024-04-21 00:00:00+00:00
[2024-04-21T15:10:38.461+0000] {processor.py:183} INFO - Processing /home/airflow/.local/lib/python3.12/site-packages/airflow/example_dags/example_short_circuit_operator.py took 0.071 seconds
[2024-04-21T15:11:08.578+0000] {processor.py:161} INFO - Started process (PID=13073) to work on /home/airflow/.local/lib/python3.12/site-packages/airflow/example_dags/example_short_circuit_operator.py
[2024-04-21T15:11:08.579+0000] {processor.py:830} INFO - Processing file /home/airflow/.local/lib/python3.12/site-packages/airflow/example_dags/example_short_circuit_operator.py for tasks to queue
[2024-04-21T15:11:08.582+0000] {logging_mixin.py:188} INFO - [2024-04-21T15:11:08.581+0000] {dagbag.py:540} INFO - Filling up the DagBag from /home/airflow/.local/lib/python3.12/site-packages/airflow/example_dags/example_short_circuit_operator.py
[2024-04-21T15:11:08.591+0000] {processor.py:840} INFO - DAG(s) 'example_short_circuit_operator' retrieved from /home/airflow/.local/lib/python3.12/site-packages/airflow/example_dags/example_short_circuit_operator.py
[2024-04-21T15:11:08.611+0000] {logging_mixin.py:188} INFO - [2024-04-21T15:11:08.611+0000] {dag.py:3096} INFO - Sync 1 DAGs
[2024-04-21T15:11:08.623+0000] {logging_mixin.py:188} INFO - [2024-04-21T15:11:08.623+0000] {dag.py:3954} INFO - Setting next_dagrun for example_short_circuit_operator to 2024-04-20 00:00:00+00:00, run_after=2024-04-21 00:00:00+00:00
[2024-04-21T15:11:08.632+0000] {processor.py:183} INFO - Processing /home/airflow/.local/lib/python3.12/site-packages/airflow/example_dags/example_short_circuit_operator.py took 0.063 seconds
[2024-04-21T15:11:39.513+0000] {processor.py:161} INFO - Started process (PID=13350) to work on /home/airflow/.local/lib/python3.12/site-packages/airflow/example_dags/example_short_circuit_operator.py
[2024-04-21T15:11:39.515+0000] {processor.py:830} INFO - Processing file /home/airflow/.local/lib/python3.12/site-packages/airflow/example_dags/example_short_circuit_operator.py for tasks to queue
[2024-04-21T15:11:39.517+0000] {logging_mixin.py:188} INFO - [2024-04-21T15:11:39.517+0000] {dagbag.py:540} INFO - Filling up the DagBag from /home/airflow/.local/lib/python3.12/site-packages/airflow/example_dags/example_short_circuit_operator.py
[2024-04-21T15:11:39.525+0000] {processor.py:840} INFO - DAG(s) 'example_short_circuit_operator' retrieved from /home/airflow/.local/lib/python3.12/site-packages/airflow/example_dags/example_short_circuit_operator.py
[2024-04-21T15:11:39.545+0000] {logging_mixin.py:188} INFO - [2024-04-21T15:11:39.545+0000] {dag.py:3096} INFO - Sync 1 DAGs
[2024-04-21T15:11:39.556+0000] {logging_mixin.py:188} INFO - [2024-04-21T15:11:39.556+0000] {dag.py:3954} INFO - Setting next_dagrun for example_short_circuit_operator to 2024-04-20 00:00:00+00:00, run_after=2024-04-21 00:00:00+00:00
[2024-04-21T15:11:39.565+0000] {processor.py:183} INFO - Processing /home/airflow/.local/lib/python3.12/site-packages/airflow/example_dags/example_short_circuit_operator.py took 0.059 seconds
[2024-04-21T15:12:10.558+0000] {processor.py:161} INFO - Started process (PID=13632) to work on /home/airflow/.local/lib/python3.12/site-packages/airflow/example_dags/example_short_circuit_operator.py
[2024-04-21T15:12:10.560+0000] {processor.py:830} INFO - Processing file /home/airflow/.local/lib/python3.12/site-packages/airflow/example_dags/example_short_circuit_operator.py for tasks to queue
[2024-04-21T15:12:10.564+0000] {logging_mixin.py:188} INFO - [2024-04-21T15:12:10.563+0000] {dagbag.py:540} INFO - Filling up the DagBag from /home/airflow/.local/lib/python3.12/site-packages/airflow/example_dags/example_short_circuit_operator.py
[2024-04-21T15:12:10.572+0000] {processor.py:840} INFO - DAG(s) 'example_short_circuit_operator' retrieved from /home/airflow/.local/lib/python3.12/site-packages/airflow/example_dags/example_short_circuit_operator.py
[2024-04-21T15:12:10.596+0000] {logging_mixin.py:188} INFO - [2024-04-21T15:12:10.596+0000] {dag.py:3096} INFO - Sync 1 DAGs
[2024-04-21T15:12:10.612+0000] {logging_mixin.py:188} INFO - [2024-04-21T15:12:10.612+0000] {dag.py:3954} INFO - Setting next_dagrun for example_short_circuit_operator to 2024-04-20 00:00:00+00:00, run_after=2024-04-21 00:00:00+00:00
[2024-04-21T15:12:10.622+0000] {processor.py:183} INFO - Processing /home/airflow/.local/lib/python3.12/site-packages/airflow/example_dags/example_short_circuit_operator.py took 0.072 seconds
[2024-04-21T15:12:41.430+0000] {processor.py:161} INFO - Started process (PID=13908) to work on /home/airflow/.local/lib/python3.12/site-packages/airflow/example_dags/example_short_circuit_operator.py
[2024-04-21T15:12:41.431+0000] {processor.py:830} INFO - Processing file /home/airflow/.local/lib/python3.12/site-packages/airflow/example_dags/example_short_circuit_operator.py for tasks to queue
[2024-04-21T15:12:41.433+0000] {logging_mixin.py:188} INFO - [2024-04-21T15:12:41.433+0000] {dagbag.py:540} INFO - Filling up the DagBag from /home/airflow/.local/lib/python3.12/site-packages/airflow/example_dags/example_short_circuit_operator.py
[2024-04-21T15:12:41.439+0000] {processor.py:840} INFO - DAG(s) 'example_short_circuit_operator' retrieved from /home/airflow/.local/lib/python3.12/site-packages/airflow/example_dags/example_short_circuit_operator.py
[2024-04-21T15:12:41.457+0000] {logging_mixin.py:188} INFO - [2024-04-21T15:12:41.457+0000] {dag.py:3096} INFO - Sync 1 DAGs
[2024-04-21T15:12:41.468+0000] {logging_mixin.py:188} INFO - [2024-04-21T15:12:41.468+0000] {dag.py:3954} INFO - Setting next_dagrun for example_short_circuit_operator to 2024-04-20 00:00:00+00:00, run_after=2024-04-21 00:00:00+00:00
[2024-04-21T15:12:41.477+0000] {processor.py:183} INFO - Processing /home/airflow/.local/lib/python3.12/site-packages/airflow/example_dags/example_short_circuit_operator.py took 0.054 seconds
[2024-04-21T15:13:12.378+0000] {processor.py:161} INFO - Started process (PID=14194) to work on /home/airflow/.local/lib/python3.12/site-packages/airflow/example_dags/example_short_circuit_operator.py
[2024-04-21T15:13:12.379+0000] {processor.py:830} INFO - Processing file /home/airflow/.local/lib/python3.12/site-packages/airflow/example_dags/example_short_circuit_operator.py for tasks to queue
[2024-04-21T15:13:12.382+0000] {logging_mixin.py:188} INFO - [2024-04-21T15:13:12.382+0000] {dagbag.py:540} INFO - Filling up the DagBag from /home/airflow/.local/lib/python3.12/site-packages/airflow/example_dags/example_short_circuit_operator.py
[2024-04-21T15:13:12.389+0000] {processor.py:840} INFO - DAG(s) 'example_short_circuit_operator' retrieved from /home/airflow/.local/lib/python3.12/site-packages/airflow/example_dags/example_short_circuit_operator.py
[2024-04-21T15:13:12.408+0000] {logging_mixin.py:188} INFO - [2024-04-21T15:13:12.408+0000] {dag.py:3096} INFO - Sync 1 DAGs
[2024-04-21T15:13:12.419+0000] {logging_mixin.py:188} INFO - [2024-04-21T15:13:12.419+0000] {dag.py:3954} INFO - Setting next_dagrun for example_short_circuit_operator to 2024-04-20 00:00:00+00:00, run_after=2024-04-21 00:00:00+00:00
[2024-04-21T15:13:12.428+0000] {processor.py:183} INFO - Processing /home/airflow/.local/lib/python3.12/site-packages/airflow/example_dags/example_short_circuit_operator.py took 0.058 seconds
[2024-04-21T15:13:43.308+0000] {processor.py:161} INFO - Started process (PID=14460) to work on /home/airflow/.local/lib/python3.12/site-packages/airflow/example_dags/example_short_circuit_operator.py
[2024-04-21T15:13:43.309+0000] {processor.py:830} INFO - Processing file /home/airflow/.local/lib/python3.12/site-packages/airflow/example_dags/example_short_circuit_operator.py for tasks to queue
[2024-04-21T15:13:43.312+0000] {logging_mixin.py:188} INFO - [2024-04-21T15:13:43.311+0000] {dagbag.py:540} INFO - Filling up the DagBag from /home/airflow/.local/lib/python3.12/site-packages/airflow/example_dags/example_short_circuit_operator.py
[2024-04-21T15:13:43.320+0000] {processor.py:840} INFO - DAG(s) 'example_short_circuit_operator' retrieved from /home/airflow/.local/lib/python3.12/site-packages/airflow/example_dags/example_short_circuit_operator.py
[2024-04-21T15:13:43.339+0000] {logging_mixin.py:188} INFO - [2024-04-21T15:13:43.338+0000] {dag.py:3096} INFO - Sync 1 DAGs
[2024-04-21T15:13:43.350+0000] {logging_mixin.py:188} INFO - [2024-04-21T15:13:43.350+0000] {dag.py:3954} INFO - Setting next_dagrun for example_short_circuit_operator to 2024-04-20 00:00:00+00:00, run_after=2024-04-21 00:00:00+00:00
[2024-04-21T15:13:43.358+0000] {processor.py:183} INFO - Processing /home/airflow/.local/lib/python3.12/site-packages/airflow/example_dags/example_short_circuit_operator.py took 0.058 seconds
[2024-04-21T15:14:13.426+0000] {processor.py:161} INFO - Started process (PID=14727) to work on /home/airflow/.local/lib/python3.12/site-packages/airflow/example_dags/example_short_circuit_operator.py
[2024-04-21T15:14:13.427+0000] {processor.py:830} INFO - Processing file /home/airflow/.local/lib/python3.12/site-packages/airflow/example_dags/example_short_circuit_operator.py for tasks to queue
[2024-04-21T15:14:13.430+0000] {logging_mixin.py:188} INFO - [2024-04-21T15:14:13.429+0000] {dagbag.py:540} INFO - Filling up the DagBag from /home/airflow/.local/lib/python3.12/site-packages/airflow/example_dags/example_short_circuit_operator.py
[2024-04-21T15:14:13.437+0000] {processor.py:840} INFO - DAG(s) 'example_short_circuit_operator' retrieved from /home/airflow/.local/lib/python3.12/site-packages/airflow/example_dags/example_short_circuit_operator.py
[2024-04-21T15:14:13.456+0000] {logging_mixin.py:188} INFO - [2024-04-21T15:14:13.456+0000] {dag.py:3096} INFO - Sync 1 DAGs
[2024-04-21T15:14:13.468+0000] {logging_mixin.py:188} INFO - [2024-04-21T15:14:13.468+0000] {dag.py:3954} INFO - Setting next_dagrun for example_short_circuit_operator to 2024-04-20 00:00:00+00:00, run_after=2024-04-21 00:00:00+00:00
[2024-04-21T15:14:13.476+0000] {processor.py:183} INFO - Processing /home/airflow/.local/lib/python3.12/site-packages/airflow/example_dags/example_short_circuit_operator.py took 0.057 seconds
[2024-04-21T15:14:43.552+0000] {processor.py:161} INFO - Started process (PID=14993) to work on /home/airflow/.local/lib/python3.12/site-packages/airflow/example_dags/example_short_circuit_operator.py
[2024-04-21T15:14:43.553+0000] {processor.py:830} INFO - Processing file /home/airflow/.local/lib/python3.12/site-packages/airflow/example_dags/example_short_circuit_operator.py for tasks to queue
[2024-04-21T15:14:43.555+0000] {logging_mixin.py:188} INFO - [2024-04-21T15:14:43.555+0000] {dagbag.py:540} INFO - Filling up the DagBag from /home/airflow/.local/lib/python3.12/site-packages/airflow/example_dags/example_short_circuit_operator.py
[2024-04-21T15:14:43.563+0000] {processor.py:840} INFO - DAG(s) 'example_short_circuit_operator' retrieved from /home/airflow/.local/lib/python3.12/site-packages/airflow/example_dags/example_short_circuit_operator.py
[2024-04-21T15:14:43.583+0000] {logging_mixin.py:188} INFO - [2024-04-21T15:14:43.582+0000] {dag.py:3096} INFO - Sync 1 DAGs
[2024-04-21T15:14:43.593+0000] {logging_mixin.py:188} INFO - [2024-04-21T15:14:43.593+0000] {dag.py:3954} INFO - Setting next_dagrun for example_short_circuit_operator to 2024-04-20 00:00:00+00:00, run_after=2024-04-21 00:00:00+00:00
[2024-04-21T15:14:43.601+0000] {processor.py:183} INFO - Processing /home/airflow/.local/lib/python3.12/site-packages/airflow/example_dags/example_short_circuit_operator.py took 0.057 seconds
[2024-04-21T15:15:13.678+0000] {processor.py:161} INFO - Started process (PID=15260) to work on /home/airflow/.local/lib/python3.12/site-packages/airflow/example_dags/example_short_circuit_operator.py
[2024-04-21T15:15:13.680+0000] {processor.py:830} INFO - Processing file /home/airflow/.local/lib/python3.12/site-packages/airflow/example_dags/example_short_circuit_operator.py for tasks to queue
[2024-04-21T15:15:13.682+0000] {logging_mixin.py:188} INFO - [2024-04-21T15:15:13.681+0000] {dagbag.py:540} INFO - Filling up the DagBag from /home/airflow/.local/lib/python3.12/site-packages/airflow/example_dags/example_short_circuit_operator.py
[2024-04-21T15:15:13.690+0000] {processor.py:840} INFO - DAG(s) 'example_short_circuit_operator' retrieved from /home/airflow/.local/lib/python3.12/site-packages/airflow/example_dags/example_short_circuit_operator.py
[2024-04-21T15:15:13.710+0000] {logging_mixin.py:188} INFO - [2024-04-21T15:15:13.710+0000] {dag.py:3096} INFO - Sync 1 DAGs
[2024-04-21T15:15:13.721+0000] {logging_mixin.py:188} INFO - [2024-04-21T15:15:13.721+0000] {dag.py:3954} INFO - Setting next_dagrun for example_short_circuit_operator to 2024-04-20 00:00:00+00:00, run_after=2024-04-21 00:00:00+00:00
[2024-04-21T15:15:13.730+0000] {processor.py:183} INFO - Processing /home/airflow/.local/lib/python3.12/site-packages/airflow/example_dags/example_short_circuit_operator.py took 0.060 seconds
[2024-04-21T15:15:43.838+0000] {processor.py:161} INFO - Started process (PID=15527) to work on /home/airflow/.local/lib/python3.12/site-packages/airflow/example_dags/example_short_circuit_operator.py
[2024-04-21T15:15:43.840+0000] {processor.py:830} INFO - Processing file /home/airflow/.local/lib/python3.12/site-packages/airflow/example_dags/example_short_circuit_operator.py for tasks to queue
[2024-04-21T15:15:43.842+0000] {logging_mixin.py:188} INFO - [2024-04-21T15:15:43.842+0000] {dagbag.py:540} INFO - Filling up the DagBag from /home/airflow/.local/lib/python3.12/site-packages/airflow/example_dags/example_short_circuit_operator.py
[2024-04-21T15:15:43.850+0000] {processor.py:840} INFO - DAG(s) 'example_short_circuit_operator' retrieved from /home/airflow/.local/lib/python3.12/site-packages/airflow/example_dags/example_short_circuit_operator.py
[2024-04-21T15:15:43.872+0000] {logging_mixin.py:188} INFO - [2024-04-21T15:15:43.872+0000] {dag.py:3096} INFO - Sync 1 DAGs
[2024-04-21T15:15:43.886+0000] {logging_mixin.py:188} INFO - [2024-04-21T15:15:43.886+0000] {dag.py:3954} INFO - Setting next_dagrun for example_short_circuit_operator to 2024-04-20 00:00:00+00:00, run_after=2024-04-21 00:00:00+00:00
[2024-04-21T15:15:43.894+0000] {processor.py:183} INFO - Processing /home/airflow/.local/lib/python3.12/site-packages/airflow/example_dags/example_short_circuit_operator.py took 0.064 seconds
[2024-04-21T15:16:14.070+0000] {processor.py:161} INFO - Started process (PID=15794) to work on /home/airflow/.local/lib/python3.12/site-packages/airflow/example_dags/example_short_circuit_operator.py
[2024-04-21T15:16:14.072+0000] {processor.py:830} INFO - Processing file /home/airflow/.local/lib/python3.12/site-packages/airflow/example_dags/example_short_circuit_operator.py for tasks to queue
[2024-04-21T15:16:14.074+0000] {logging_mixin.py:188} INFO - [2024-04-21T15:16:14.074+0000] {dagbag.py:540} INFO - Filling up the DagBag from /home/airflow/.local/lib/python3.12/site-packages/airflow/example_dags/example_short_circuit_operator.py
[2024-04-21T15:16:14.081+0000] {processor.py:840} INFO - DAG(s) 'example_short_circuit_operator' retrieved from /home/airflow/.local/lib/python3.12/site-packages/airflow/example_dags/example_short_circuit_operator.py
[2024-04-21T15:16:14.105+0000] {logging_mixin.py:188} INFO - [2024-04-21T15:16:14.105+0000] {dag.py:3096} INFO - Sync 1 DAGs
[2024-04-21T15:16:14.120+0000] {logging_mixin.py:188} INFO - [2024-04-21T15:16:14.120+0000] {dag.py:3954} INFO - Setting next_dagrun for example_short_circuit_operator to 2024-04-20 00:00:00+00:00, run_after=2024-04-21 00:00:00+00:00
[2024-04-21T15:16:14.130+0000] {processor.py:183} INFO - Processing /home/airflow/.local/lib/python3.12/site-packages/airflow/example_dags/example_short_circuit_operator.py took 0.066 seconds
[2024-04-21T15:16:44.319+0000] {processor.py:161} INFO - Started process (PID=16062) to work on /home/airflow/.local/lib/python3.12/site-packages/airflow/example_dags/example_short_circuit_operator.py
[2024-04-21T15:16:44.320+0000] {processor.py:830} INFO - Processing file /home/airflow/.local/lib/python3.12/site-packages/airflow/example_dags/example_short_circuit_operator.py for tasks to queue
[2024-04-21T15:16:44.323+0000] {logging_mixin.py:188} INFO - [2024-04-21T15:16:44.322+0000] {dagbag.py:540} INFO - Filling up the DagBag from /home/airflow/.local/lib/python3.12/site-packages/airflow/example_dags/example_short_circuit_operator.py
[2024-04-21T15:16:44.331+0000] {processor.py:840} INFO - DAG(s) 'example_short_circuit_operator' retrieved from /home/airflow/.local/lib/python3.12/site-packages/airflow/example_dags/example_short_circuit_operator.py
[2024-04-21T15:16:44.356+0000] {logging_mixin.py:188} INFO - [2024-04-21T15:16:44.356+0000] {dag.py:3096} INFO - Sync 1 DAGs
[2024-04-21T15:16:44.370+0000] {logging_mixin.py:188} INFO - [2024-04-21T15:16:44.370+0000] {dag.py:3954} INFO - Setting next_dagrun for example_short_circuit_operator to 2024-04-20 00:00:00+00:00, run_after=2024-04-21 00:00:00+00:00
[2024-04-21T15:16:44.379+0000] {processor.py:183} INFO - Processing /home/airflow/.local/lib/python3.12/site-packages/airflow/example_dags/example_short_circuit_operator.py took 0.067 seconds
[2024-04-21T15:17:14.522+0000] {processor.py:161} INFO - Started process (PID=16329) to work on /home/airflow/.local/lib/python3.12/site-packages/airflow/example_dags/example_short_circuit_operator.py
[2024-04-21T15:17:14.524+0000] {processor.py:830} INFO - Processing file /home/airflow/.local/lib/python3.12/site-packages/airflow/example_dags/example_short_circuit_operator.py for tasks to queue
[2024-04-21T15:17:14.527+0000] {logging_mixin.py:188} INFO - [2024-04-21T15:17:14.526+0000] {dagbag.py:540} INFO - Filling up the DagBag from /home/airflow/.local/lib/python3.12/site-packages/airflow/example_dags/example_short_circuit_operator.py
[2024-04-21T15:17:14.536+0000] {processor.py:840} INFO - DAG(s) 'example_short_circuit_operator' retrieved from /home/airflow/.local/lib/python3.12/site-packages/airflow/example_dags/example_short_circuit_operator.py
[2024-04-21T15:17:14.556+0000] {logging_mixin.py:188} INFO - [2024-04-21T15:17:14.556+0000] {dag.py:3096} INFO - Sync 1 DAGs
[2024-04-21T15:17:14.568+0000] {logging_mixin.py:188} INFO - [2024-04-21T15:17:14.568+0000] {dag.py:3954} INFO - Setting next_dagrun for example_short_circuit_operator to 2024-04-20 00:00:00+00:00, run_after=2024-04-21 00:00:00+00:00
[2024-04-21T15:17:14.576+0000] {processor.py:183} INFO - Processing /home/airflow/.local/lib/python3.12/site-packages/airflow/example_dags/example_short_circuit_operator.py took 0.062 seconds
[2024-04-21T15:17:44.655+0000] {processor.py:161} INFO - Started process (PID=16596) to work on /home/airflow/.local/lib/python3.12/site-packages/airflow/example_dags/example_short_circuit_operator.py
[2024-04-21T15:17:44.656+0000] {processor.py:830} INFO - Processing file /home/airflow/.local/lib/python3.12/site-packages/airflow/example_dags/example_short_circuit_operator.py for tasks to queue
[2024-04-21T15:17:44.657+0000] {logging_mixin.py:188} INFO - [2024-04-21T15:17:44.657+0000] {dagbag.py:540} INFO - Filling up the DagBag from /home/airflow/.local/lib/python3.12/site-packages/airflow/example_dags/example_short_circuit_operator.py
[2024-04-21T15:17:44.663+0000] {processor.py:840} INFO - DAG(s) 'example_short_circuit_operator' retrieved from /home/airflow/.local/lib/python3.12/site-packages/airflow/example_dags/example_short_circuit_operator.py
[2024-04-21T15:17:44.681+0000] {logging_mixin.py:188} INFO - [2024-04-21T15:17:44.681+0000] {dag.py:3096} INFO - Sync 1 DAGs
[2024-04-21T15:17:44.693+0000] {logging_mixin.py:188} INFO - [2024-04-21T15:17:44.693+0000] {dag.py:3954} INFO - Setting next_dagrun for example_short_circuit_operator to 2024-04-20 00:00:00+00:00, run_after=2024-04-21 00:00:00+00:00
[2024-04-21T15:17:44.701+0000] {processor.py:183} INFO - Processing /home/airflow/.local/lib/python3.12/site-packages/airflow/example_dags/example_short_circuit_operator.py took 0.050 seconds
[2024-04-21T15:18:14.747+0000] {processor.py:161} INFO - Started process (PID=16863) to work on /home/airflow/.local/lib/python3.12/site-packages/airflow/example_dags/example_short_circuit_operator.py
[2024-04-21T15:18:14.748+0000] {processor.py:830} INFO - Processing file /home/airflow/.local/lib/python3.12/site-packages/airflow/example_dags/example_short_circuit_operator.py for tasks to queue
[2024-04-21T15:18:14.750+0000] {logging_mixin.py:188} INFO - [2024-04-21T15:18:14.750+0000] {dagbag.py:540} INFO - Filling up the DagBag from /home/airflow/.local/lib/python3.12/site-packages/airflow/example_dags/example_short_circuit_operator.py
[2024-04-21T15:18:14.757+0000] {processor.py:840} INFO - DAG(s) 'example_short_circuit_operator' retrieved from /home/airflow/.local/lib/python3.12/site-packages/airflow/example_dags/example_short_circuit_operator.py
[2024-04-21T15:18:14.779+0000] {logging_mixin.py:188} INFO - [2024-04-21T15:18:14.779+0000] {dag.py:3096} INFO - Sync 1 DAGs
[2024-04-21T15:18:14.792+0000] {logging_mixin.py:188} INFO - [2024-04-21T15:18:14.792+0000] {dag.py:3954} INFO - Setting next_dagrun for example_short_circuit_operator to 2024-04-20 00:00:00+00:00, run_after=2024-04-21 00:00:00+00:00
[2024-04-21T15:18:14.802+0000] {processor.py:183} INFO - Processing /home/airflow/.local/lib/python3.12/site-packages/airflow/example_dags/example_short_circuit_operator.py took 0.059 seconds
[2024-04-21T15:18:44.872+0000] {processor.py:161} INFO - Started process (PID=17129) to work on /home/airflow/.local/lib/python3.12/site-packages/airflow/example_dags/example_short_circuit_operator.py
[2024-04-21T15:18:44.874+0000] {processor.py:830} INFO - Processing file /home/airflow/.local/lib/python3.12/site-packages/airflow/example_dags/example_short_circuit_operator.py for tasks to queue
[2024-04-21T15:18:44.876+0000] {logging_mixin.py:188} INFO - [2024-04-21T15:18:44.875+0000] {dagbag.py:540} INFO - Filling up the DagBag from /home/airflow/.local/lib/python3.12/site-packages/airflow/example_dags/example_short_circuit_operator.py
[2024-04-21T15:18:44.884+0000] {processor.py:840} INFO - DAG(s) 'example_short_circuit_operator' retrieved from /home/airflow/.local/lib/python3.12/site-packages/airflow/example_dags/example_short_circuit_operator.py
[2024-04-21T15:18:44.903+0000] {logging_mixin.py:188} INFO - [2024-04-21T15:18:44.903+0000] {dag.py:3096} INFO - Sync 1 DAGs
[2024-04-21T15:18:44.914+0000] {logging_mixin.py:188} INFO - [2024-04-21T15:18:44.914+0000] {dag.py:3954} INFO - Setting next_dagrun for example_short_circuit_operator to 2024-04-20 00:00:00+00:00, run_after=2024-04-21 00:00:00+00:00
[2024-04-21T15:18:44.922+0000] {processor.py:183} INFO - Processing /home/airflow/.local/lib/python3.12/site-packages/airflow/example_dags/example_short_circuit_operator.py took 0.057 seconds
[2024-04-21T15:19:15.727+0000] {processor.py:161} INFO - Started process (PID=17396) to work on /home/airflow/.local/lib/python3.12/site-packages/airflow/example_dags/example_short_circuit_operator.py
[2024-04-21T15:19:15.729+0000] {processor.py:830} INFO - Processing file /home/airflow/.local/lib/python3.12/site-packages/airflow/example_dags/example_short_circuit_operator.py for tasks to queue
[2024-04-21T15:19:15.731+0000] {logging_mixin.py:188} INFO - [2024-04-21T15:19:15.731+0000] {dagbag.py:540} INFO - Filling up the DagBag from /home/airflow/.local/lib/python3.12/site-packages/airflow/example_dags/example_short_circuit_operator.py
[2024-04-21T15:19:15.739+0000] {processor.py:840} INFO - DAG(s) 'example_short_circuit_operator' retrieved from /home/airflow/.local/lib/python3.12/site-packages/airflow/example_dags/example_short_circuit_operator.py
[2024-04-21T15:19:15.762+0000] {logging_mixin.py:188} INFO - [2024-04-21T15:19:15.762+0000] {dag.py:3096} INFO - Sync 1 DAGs
[2024-04-21T15:19:15.775+0000] {logging_mixin.py:188} INFO - [2024-04-21T15:19:15.775+0000] {dag.py:3954} INFO - Setting next_dagrun for example_short_circuit_operator to 2024-04-20 00:00:00+00:00, run_after=2024-04-21 00:00:00+00:00
[2024-04-21T15:19:15.784+0000] {processor.py:183} INFO - Processing /home/airflow/.local/lib/python3.12/site-packages/airflow/example_dags/example_short_circuit_operator.py took 0.065 seconds
[2024-04-21T15:19:45.900+0000] {processor.py:161} INFO - Started process (PID=17663) to work on /home/airflow/.local/lib/python3.12/site-packages/airflow/example_dags/example_short_circuit_operator.py
[2024-04-21T15:19:45.901+0000] {processor.py:830} INFO - Processing file /home/airflow/.local/lib/python3.12/site-packages/airflow/example_dags/example_short_circuit_operator.py for tasks to queue
[2024-04-21T15:19:45.904+0000] {logging_mixin.py:188} INFO - [2024-04-21T15:19:45.903+0000] {dagbag.py:540} INFO - Filling up the DagBag from /home/airflow/.local/lib/python3.12/site-packages/airflow/example_dags/example_short_circuit_operator.py
[2024-04-21T15:19:45.913+0000] {processor.py:840} INFO - DAG(s) 'example_short_circuit_operator' retrieved from /home/airflow/.local/lib/python3.12/site-packages/airflow/example_dags/example_short_circuit_operator.py
[2024-04-21T15:19:45.937+0000] {logging_mixin.py:188} INFO - [2024-04-21T15:19:45.936+0000] {dag.py:3096} INFO - Sync 1 DAGs
[2024-04-21T15:19:45.951+0000] {logging_mixin.py:188} INFO - [2024-04-21T15:19:45.951+0000] {dag.py:3954} INFO - Setting next_dagrun for example_short_circuit_operator to 2024-04-20 00:00:00+00:00, run_after=2024-04-21 00:00:00+00:00
[2024-04-21T15:19:45.960+0000] {processor.py:183} INFO - Processing /home/airflow/.local/lib/python3.12/site-packages/airflow/example_dags/example_short_circuit_operator.py took 0.069 seconds
[2024-04-21T15:20:16.103+0000] {processor.py:161} INFO - Started process (PID=17930) to work on /home/airflow/.local/lib/python3.12/site-packages/airflow/example_dags/example_short_circuit_operator.py
[2024-04-21T15:20:16.104+0000] {processor.py:830} INFO - Processing file /home/airflow/.local/lib/python3.12/site-packages/airflow/example_dags/example_short_circuit_operator.py for tasks to queue
[2024-04-21T15:20:16.106+0000] {logging_mixin.py:188} INFO - [2024-04-21T15:20:16.106+0000] {dagbag.py:540} INFO - Filling up the DagBag from /home/airflow/.local/lib/python3.12/site-packages/airflow/example_dags/example_short_circuit_operator.py
[2024-04-21T15:20:16.113+0000] {processor.py:840} INFO - DAG(s) 'example_short_circuit_operator' retrieved from /home/airflow/.local/lib/python3.12/site-packages/airflow/example_dags/example_short_circuit_operator.py
[2024-04-21T15:20:16.133+0000] {logging_mixin.py:188} INFO - [2024-04-21T15:20:16.133+0000] {dag.py:3096} INFO - Sync 1 DAGs
[2024-04-21T15:20:16.145+0000] {logging_mixin.py:188} INFO - [2024-04-21T15:20:16.145+0000] {dag.py:3954} INFO - Setting next_dagrun for example_short_circuit_operator to 2024-04-20 00:00:00+00:00, run_after=2024-04-21 00:00:00+00:00
[2024-04-21T15:20:16.152+0000] {processor.py:183} INFO - Processing /home/airflow/.local/lib/python3.12/site-packages/airflow/example_dags/example_short_circuit_operator.py took 0.057 seconds
