[2024-04-21T14:30:03.012+0000] {processor.py:161} INFO - Started process (PID=326) to work on /home/airflow/.local/lib/python3.12/site-packages/airflow/example_dags/example_trigger_controller_dag.py
[2024-04-21T14:30:03.013+0000] {processor.py:830} INFO - Processing file /home/airflow/.local/lib/python3.12/site-packages/airflow/example_dags/example_trigger_controller_dag.py for tasks to queue
[2024-04-21T14:30:03.014+0000] {logging_mixin.py:188} INFO - [2024-04-21T14:30:03.014+0000] {dagbag.py:540} INFO - Filling up the DagBag from /home/airflow/.local/lib/python3.12/site-packages/airflow/example_dags/example_trigger_controller_dag.py
[2024-04-21T14:30:03.018+0000] {processor.py:840} INFO - DAG(s) 'example_trigger_controller_dag' retrieved from /home/airflow/.local/lib/python3.12/site-packages/airflow/example_dags/example_trigger_controller_dag.py
[2024-04-21T14:30:03.029+0000] {logging_mixin.py:188} INFO - [2024-04-21T14:30:03.029+0000] {dag.py:3096} INFO - Sync 1 DAGs
[2024-04-21T14:30:03.043+0000] {logging_mixin.py:188} INFO - [2024-04-21T14:30:03.043+0000] {dag.py:3954} INFO - Setting next_dagrun for example_trigger_controller_dag to 2021-01-01 00:00:00+00:00, run_after=2021-01-01 00:00:00+00:00
[2024-04-21T14:30:03.053+0000] {processor.py:183} INFO - Processing /home/airflow/.local/lib/python3.12/site-packages/airflow/example_dags/example_trigger_controller_dag.py took 0.045 seconds
[2024-04-21T14:30:33.939+0000] {processor.py:161} INFO - Started process (PID=588) to work on /home/airflow/.local/lib/python3.12/site-packages/airflow/example_dags/example_trigger_controller_dag.py
[2024-04-21T14:30:33.939+0000] {processor.py:830} INFO - Processing file /home/airflow/.local/lib/python3.12/site-packages/airflow/example_dags/example_trigger_controller_dag.py for tasks to queue
[2024-04-21T14:30:33.941+0000] {logging_mixin.py:188} INFO - [2024-04-21T14:30:33.940+0000] {dagbag.py:540} INFO - Filling up the DagBag from /home/airflow/.local/lib/python3.12/site-packages/airflow/example_dags/example_trigger_controller_dag.py
[2024-04-21T14:30:33.944+0000] {processor.py:840} INFO - DAG(s) 'example_trigger_controller_dag' retrieved from /home/airflow/.local/lib/python3.12/site-packages/airflow/example_dags/example_trigger_controller_dag.py
[2024-04-21T14:30:34.009+0000] {logging_mixin.py:188} INFO - [2024-04-21T14:30:34.009+0000] {dag.py:3096} INFO - Sync 1 DAGs
[2024-04-21T14:30:34.020+0000] {logging_mixin.py:188} INFO - [2024-04-21T14:30:34.020+0000] {dag.py:3954} INFO - Setting next_dagrun for example_trigger_controller_dag to 2021-01-01 00:00:00+00:00, run_after=2021-01-01 00:00:00+00:00
[2024-04-21T14:30:34.032+0000] {processor.py:183} INFO - Processing /home/airflow/.local/lib/python3.12/site-packages/airflow/example_dags/example_trigger_controller_dag.py took 0.097 seconds
[2024-04-21T14:31:04.843+0000] {processor.py:161} INFO - Started process (PID=849) to work on /home/airflow/.local/lib/python3.12/site-packages/airflow/example_dags/example_trigger_controller_dag.py
[2024-04-21T14:31:04.844+0000] {processor.py:830} INFO - Processing file /home/airflow/.local/lib/python3.12/site-packages/airflow/example_dags/example_trigger_controller_dag.py for tasks to queue
[2024-04-21T14:31:04.845+0000] {logging_mixin.py:188} INFO - [2024-04-21T14:31:04.845+0000] {dagbag.py:540} INFO - Filling up the DagBag from /home/airflow/.local/lib/python3.12/site-packages/airflow/example_dags/example_trigger_controller_dag.py
[2024-04-21T14:31:04.849+0000] {processor.py:840} INFO - DAG(s) 'example_trigger_controller_dag' retrieved from /home/airflow/.local/lib/python3.12/site-packages/airflow/example_dags/example_trigger_controller_dag.py
[2024-04-21T14:31:04.863+0000] {logging_mixin.py:188} INFO - [2024-04-21T14:31:04.863+0000] {dag.py:3096} INFO - Sync 1 DAGs
[2024-04-21T14:31:04.876+0000] {logging_mixin.py:188} INFO - [2024-04-21T14:31:04.876+0000] {dag.py:3954} INFO - Setting next_dagrun for example_trigger_controller_dag to 2021-01-01 00:00:00+00:00, run_after=2021-01-01 00:00:00+00:00
[2024-04-21T14:31:04.886+0000] {processor.py:183} INFO - Processing /home/airflow/.local/lib/python3.12/site-packages/airflow/example_dags/example_trigger_controller_dag.py took 0.048 seconds
[2024-04-21T14:31:35.340+0000] {processor.py:161} INFO - Started process (PID=1111) to work on /home/airflow/.local/lib/python3.12/site-packages/airflow/example_dags/example_trigger_controller_dag.py
[2024-04-21T14:31:35.341+0000] {processor.py:830} INFO - Processing file /home/airflow/.local/lib/python3.12/site-packages/airflow/example_dags/example_trigger_controller_dag.py for tasks to queue
[2024-04-21T14:31:35.342+0000] {logging_mixin.py:188} INFO - [2024-04-21T14:31:35.342+0000] {dagbag.py:540} INFO - Filling up the DagBag from /home/airflow/.local/lib/python3.12/site-packages/airflow/example_dags/example_trigger_controller_dag.py
[2024-04-21T14:31:35.345+0000] {processor.py:840} INFO - DAG(s) 'example_trigger_controller_dag' retrieved from /home/airflow/.local/lib/python3.12/site-packages/airflow/example_dags/example_trigger_controller_dag.py
[2024-04-21T14:31:35.363+0000] {logging_mixin.py:188} INFO - [2024-04-21T14:31:35.363+0000] {dag.py:3096} INFO - Sync 1 DAGs
[2024-04-21T14:31:35.376+0000] {logging_mixin.py:188} INFO - [2024-04-21T14:31:35.376+0000] {dag.py:3954} INFO - Setting next_dagrun for example_trigger_controller_dag to 2021-01-01 00:00:00+00:00, run_after=2021-01-01 00:00:00+00:00
[2024-04-21T14:31:35.386+0000] {processor.py:183} INFO - Processing /home/airflow/.local/lib/python3.12/site-packages/airflow/example_dags/example_trigger_controller_dag.py took 0.051 seconds
[2024-04-21T14:32:06.075+0000] {processor.py:161} INFO - Started process (PID=1375) to work on /home/airflow/.local/lib/python3.12/site-packages/airflow/example_dags/example_trigger_controller_dag.py
[2024-04-21T14:32:06.075+0000] {processor.py:830} INFO - Processing file /home/airflow/.local/lib/python3.12/site-packages/airflow/example_dags/example_trigger_controller_dag.py for tasks to queue
[2024-04-21T14:32:06.076+0000] {logging_mixin.py:188} INFO - [2024-04-21T14:32:06.076+0000] {dagbag.py:540} INFO - Filling up the DagBag from /home/airflow/.local/lib/python3.12/site-packages/airflow/example_dags/example_trigger_controller_dag.py
[2024-04-21T14:32:06.080+0000] {processor.py:840} INFO - DAG(s) 'example_trigger_controller_dag' retrieved from /home/airflow/.local/lib/python3.12/site-packages/airflow/example_dags/example_trigger_controller_dag.py
[2024-04-21T14:32:06.096+0000] {logging_mixin.py:188} INFO - [2024-04-21T14:32:06.095+0000] {dag.py:3096} INFO - Sync 1 DAGs
[2024-04-21T14:32:06.108+0000] {logging_mixin.py:188} INFO - [2024-04-21T14:32:06.108+0000] {dag.py:3954} INFO - Setting next_dagrun for example_trigger_controller_dag to 2021-01-01 00:00:00+00:00, run_after=2021-01-01 00:00:00+00:00
[2024-04-21T14:32:06.118+0000] {processor.py:183} INFO - Processing /home/airflow/.local/lib/python3.12/site-packages/airflow/example_dags/example_trigger_controller_dag.py took 0.047 seconds
[2024-04-21T14:32:36.451+0000] {processor.py:161} INFO - Started process (PID=1637) to work on /home/airflow/.local/lib/python3.12/site-packages/airflow/example_dags/example_trigger_controller_dag.py
[2024-04-21T14:32:36.451+0000] {processor.py:830} INFO - Processing file /home/airflow/.local/lib/python3.12/site-packages/airflow/example_dags/example_trigger_controller_dag.py for tasks to queue
[2024-04-21T14:32:36.453+0000] {logging_mixin.py:188} INFO - [2024-04-21T14:32:36.452+0000] {dagbag.py:540} INFO - Filling up the DagBag from /home/airflow/.local/lib/python3.12/site-packages/airflow/example_dags/example_trigger_controller_dag.py
[2024-04-21T14:32:36.456+0000] {processor.py:840} INFO - DAG(s) 'example_trigger_controller_dag' retrieved from /home/airflow/.local/lib/python3.12/site-packages/airflow/example_dags/example_trigger_controller_dag.py
[2024-04-21T14:32:36.474+0000] {logging_mixin.py:188} INFO - [2024-04-21T14:32:36.474+0000] {dag.py:3096} INFO - Sync 1 DAGs
[2024-04-21T14:32:36.486+0000] {logging_mixin.py:188} INFO - [2024-04-21T14:32:36.486+0000] {dag.py:3954} INFO - Setting next_dagrun for example_trigger_controller_dag to 2021-01-01 00:00:00+00:00, run_after=2021-01-01 00:00:00+00:00
[2024-04-21T14:32:36.496+0000] {processor.py:183} INFO - Processing /home/airflow/.local/lib/python3.12/site-packages/airflow/example_dags/example_trigger_controller_dag.py took 0.050 seconds
[2024-04-21T14:33:06.904+0000] {processor.py:161} INFO - Started process (PID=1896) to work on /home/airflow/.local/lib/python3.12/site-packages/airflow/example_dags/example_trigger_controller_dag.py
[2024-04-21T14:33:06.905+0000] {processor.py:830} INFO - Processing file /home/airflow/.local/lib/python3.12/site-packages/airflow/example_dags/example_trigger_controller_dag.py for tasks to queue
[2024-04-21T14:33:06.906+0000] {logging_mixin.py:188} INFO - [2024-04-21T14:33:06.906+0000] {dagbag.py:540} INFO - Filling up the DagBag from /home/airflow/.local/lib/python3.12/site-packages/airflow/example_dags/example_trigger_controller_dag.py
[2024-04-21T14:33:06.910+0000] {processor.py:840} INFO - DAG(s) 'example_trigger_controller_dag' retrieved from /home/airflow/.local/lib/python3.12/site-packages/airflow/example_dags/example_trigger_controller_dag.py
[2024-04-21T14:33:06.926+0000] {logging_mixin.py:188} INFO - [2024-04-21T14:33:06.925+0000] {dag.py:3096} INFO - Sync 1 DAGs
[2024-04-21T14:33:06.939+0000] {logging_mixin.py:188} INFO - [2024-04-21T14:33:06.938+0000] {dag.py:3954} INFO - Setting next_dagrun for example_trigger_controller_dag to 2021-01-01 00:00:00+00:00, run_after=2021-01-01 00:00:00+00:00
[2024-04-21T14:33:06.948+0000] {processor.py:183} INFO - Processing /home/airflow/.local/lib/python3.12/site-packages/airflow/example_dags/example_trigger_controller_dag.py took 0.048 seconds
[2024-04-21T14:33:37.579+0000] {processor.py:161} INFO - Started process (PID=2160) to work on /home/airflow/.local/lib/python3.12/site-packages/airflow/example_dags/example_trigger_controller_dag.py
[2024-04-21T14:33:37.580+0000] {processor.py:830} INFO - Processing file /home/airflow/.local/lib/python3.12/site-packages/airflow/example_dags/example_trigger_controller_dag.py for tasks to queue
[2024-04-21T14:33:37.581+0000] {logging_mixin.py:188} INFO - [2024-04-21T14:33:37.581+0000] {dagbag.py:540} INFO - Filling up the DagBag from /home/airflow/.local/lib/python3.12/site-packages/airflow/example_dags/example_trigger_controller_dag.py
[2024-04-21T14:33:37.585+0000] {processor.py:840} INFO - DAG(s) 'example_trigger_controller_dag' retrieved from /home/airflow/.local/lib/python3.12/site-packages/airflow/example_dags/example_trigger_controller_dag.py
[2024-04-21T14:33:37.601+0000] {logging_mixin.py:188} INFO - [2024-04-21T14:33:37.600+0000] {dag.py:3096} INFO - Sync 1 DAGs
[2024-04-21T14:33:37.616+0000] {logging_mixin.py:188} INFO - [2024-04-21T14:33:37.616+0000] {dag.py:3954} INFO - Setting next_dagrun for example_trigger_controller_dag to 2021-01-01 00:00:00+00:00, run_after=2021-01-01 00:00:00+00:00
[2024-04-21T14:33:37.626+0000] {processor.py:183} INFO - Processing /home/airflow/.local/lib/python3.12/site-packages/airflow/example_dags/example_trigger_controller_dag.py took 0.051 seconds
[2024-04-21T14:34:08.274+0000] {processor.py:161} INFO - Started process (PID=2424) to work on /home/airflow/.local/lib/python3.12/site-packages/airflow/example_dags/example_trigger_controller_dag.py
[2024-04-21T14:34:08.274+0000] {processor.py:830} INFO - Processing file /home/airflow/.local/lib/python3.12/site-packages/airflow/example_dags/example_trigger_controller_dag.py for tasks to queue
[2024-04-21T14:34:08.276+0000] {logging_mixin.py:188} INFO - [2024-04-21T14:34:08.276+0000] {dagbag.py:540} INFO - Filling up the DagBag from /home/airflow/.local/lib/python3.12/site-packages/airflow/example_dags/example_trigger_controller_dag.py
[2024-04-21T14:34:08.280+0000] {processor.py:840} INFO - DAG(s) 'example_trigger_controller_dag' retrieved from /home/airflow/.local/lib/python3.12/site-packages/airflow/example_dags/example_trigger_controller_dag.py
[2024-04-21T14:34:08.296+0000] {logging_mixin.py:188} INFO - [2024-04-21T14:34:08.296+0000] {dag.py:3096} INFO - Sync 1 DAGs
[2024-04-21T14:34:08.309+0000] {logging_mixin.py:188} INFO - [2024-04-21T14:34:08.309+0000] {dag.py:3954} INFO - Setting next_dagrun for example_trigger_controller_dag to 2021-01-01 00:00:00+00:00, run_after=2021-01-01 00:00:00+00:00
[2024-04-21T14:34:08.320+0000] {processor.py:183} INFO - Processing /home/airflow/.local/lib/python3.12/site-packages/airflow/example_dags/example_trigger_controller_dag.py took 0.050 seconds
[2024-04-21T14:34:38.481+0000] {processor.py:161} INFO - Started process (PID=2686) to work on /home/airflow/.local/lib/python3.12/site-packages/airflow/example_dags/example_trigger_controller_dag.py
[2024-04-21T14:34:38.482+0000] {processor.py:830} INFO - Processing file /home/airflow/.local/lib/python3.12/site-packages/airflow/example_dags/example_trigger_controller_dag.py for tasks to queue
[2024-04-21T14:34:38.484+0000] {logging_mixin.py:188} INFO - [2024-04-21T14:34:38.483+0000] {dagbag.py:540} INFO - Filling up the DagBag from /home/airflow/.local/lib/python3.12/site-packages/airflow/example_dags/example_trigger_controller_dag.py
[2024-04-21T14:34:38.488+0000] {processor.py:840} INFO - DAG(s) 'example_trigger_controller_dag' retrieved from /home/airflow/.local/lib/python3.12/site-packages/airflow/example_dags/example_trigger_controller_dag.py
[2024-04-21T14:34:38.507+0000] {logging_mixin.py:188} INFO - [2024-04-21T14:34:38.507+0000] {dag.py:3096} INFO - Sync 1 DAGs
[2024-04-21T14:34:38.522+0000] {logging_mixin.py:188} INFO - [2024-04-21T14:34:38.522+0000] {dag.py:3954} INFO - Setting next_dagrun for example_trigger_controller_dag to 2021-01-01 00:00:00+00:00, run_after=2021-01-01 00:00:00+00:00
[2024-04-21T14:34:38.533+0000] {processor.py:183} INFO - Processing /home/airflow/.local/lib/python3.12/site-packages/airflow/example_dags/example_trigger_controller_dag.py took 0.056 seconds
[2024-04-21T14:36:10.957+0000] {processor.py:161} INFO - Started process (PID=2953) to work on /home/airflow/.local/lib/python3.12/site-packages/airflow/example_dags/example_trigger_controller_dag.py
[2024-04-21T14:36:10.958+0000] {processor.py:830} INFO - Processing file /home/airflow/.local/lib/python3.12/site-packages/airflow/example_dags/example_trigger_controller_dag.py for tasks to queue
[2024-04-21T14:36:10.959+0000] {logging_mixin.py:188} INFO - [2024-04-21T14:36:10.959+0000] {dagbag.py:540} INFO - Filling up the DagBag from /home/airflow/.local/lib/python3.12/site-packages/airflow/example_dags/example_trigger_controller_dag.py
[2024-04-21T14:36:10.962+0000] {processor.py:840} INFO - DAG(s) 'example_trigger_controller_dag' retrieved from /home/airflow/.local/lib/python3.12/site-packages/airflow/example_dags/example_trigger_controller_dag.py
[2024-04-21T14:36:10.973+0000] {logging_mixin.py:188} INFO - [2024-04-21T14:36:10.973+0000] {dag.py:3096} INFO - Sync 1 DAGs
[2024-04-21T14:36:10.983+0000] {logging_mixin.py:188} INFO - [2024-04-21T14:36:10.982+0000] {dag.py:3954} INFO - Setting next_dagrun for example_trigger_controller_dag to 2021-01-01 00:00:00+00:00, run_after=2021-01-01 00:00:00+00:00
[2024-04-21T14:36:10.991+0000] {processor.py:183} INFO - Processing /home/airflow/.local/lib/python3.12/site-packages/airflow/example_dags/example_trigger_controller_dag.py took 0.037 seconds
[2024-04-21T14:36:41.959+0000] {processor.py:161} INFO - Started process (PID=3219) to work on /home/airflow/.local/lib/python3.12/site-packages/airflow/example_dags/example_trigger_controller_dag.py
[2024-04-21T14:36:41.960+0000] {processor.py:830} INFO - Processing file /home/airflow/.local/lib/python3.12/site-packages/airflow/example_dags/example_trigger_controller_dag.py for tasks to queue
[2024-04-21T14:36:41.961+0000] {logging_mixin.py:188} INFO - [2024-04-21T14:36:41.961+0000] {dagbag.py:540} INFO - Filling up the DagBag from /home/airflow/.local/lib/python3.12/site-packages/airflow/example_dags/example_trigger_controller_dag.py
[2024-04-21T14:36:41.963+0000] {processor.py:840} INFO - DAG(s) 'example_trigger_controller_dag' retrieved from /home/airflow/.local/lib/python3.12/site-packages/airflow/example_dags/example_trigger_controller_dag.py
[2024-04-21T14:36:41.975+0000] {logging_mixin.py:188} INFO - [2024-04-21T14:36:41.974+0000] {dag.py:3096} INFO - Sync 1 DAGs
[2024-04-21T14:36:41.983+0000] {logging_mixin.py:188} INFO - [2024-04-21T14:36:41.983+0000] {dag.py:3954} INFO - Setting next_dagrun for example_trigger_controller_dag to 2021-01-01 00:00:00+00:00, run_after=2021-01-01 00:00:00+00:00
[2024-04-21T14:36:41.991+0000] {processor.py:183} INFO - Processing /home/airflow/.local/lib/python3.12/site-packages/airflow/example_dags/example_trigger_controller_dag.py took 0.034 seconds
[2024-04-21T14:37:12.249+0000] {processor.py:161} INFO - Started process (PID=3489) to work on /home/airflow/.local/lib/python3.12/site-packages/airflow/example_dags/example_trigger_controller_dag.py
[2024-04-21T14:37:12.249+0000] {processor.py:830} INFO - Processing file /home/airflow/.local/lib/python3.12/site-packages/airflow/example_dags/example_trigger_controller_dag.py for tasks to queue
[2024-04-21T14:37:12.250+0000] {logging_mixin.py:188} INFO - [2024-04-21T14:37:12.250+0000] {dagbag.py:540} INFO - Filling up the DagBag from /home/airflow/.local/lib/python3.12/site-packages/airflow/example_dags/example_trigger_controller_dag.py
[2024-04-21T14:37:12.253+0000] {processor.py:840} INFO - DAG(s) 'example_trigger_controller_dag' retrieved from /home/airflow/.local/lib/python3.12/site-packages/airflow/example_dags/example_trigger_controller_dag.py
[2024-04-21T14:37:12.267+0000] {logging_mixin.py:188} INFO - [2024-04-21T14:37:12.267+0000] {dag.py:3096} INFO - Sync 1 DAGs
[2024-04-21T14:37:12.277+0000] {logging_mixin.py:188} INFO - [2024-04-21T14:37:12.277+0000] {dag.py:3954} INFO - Setting next_dagrun for example_trigger_controller_dag to 2021-01-01 00:00:00+00:00, run_after=2021-01-01 00:00:00+00:00
[2024-04-21T14:37:12.286+0000] {processor.py:183} INFO - Processing /home/airflow/.local/lib/python3.12/site-packages/airflow/example_dags/example_trigger_controller_dag.py took 0.040 seconds
[2024-04-21T14:37:42.361+0000] {processor.py:161} INFO - Started process (PID=3756) to work on /home/airflow/.local/lib/python3.12/site-packages/airflow/example_dags/example_trigger_controller_dag.py
[2024-04-21T14:37:42.361+0000] {processor.py:830} INFO - Processing file /home/airflow/.local/lib/python3.12/site-packages/airflow/example_dags/example_trigger_controller_dag.py for tasks to queue
[2024-04-21T14:37:42.362+0000] {logging_mixin.py:188} INFO - [2024-04-21T14:37:42.362+0000] {dagbag.py:540} INFO - Filling up the DagBag from /home/airflow/.local/lib/python3.12/site-packages/airflow/example_dags/example_trigger_controller_dag.py
[2024-04-21T14:37:42.365+0000] {processor.py:840} INFO - DAG(s) 'example_trigger_controller_dag' retrieved from /home/airflow/.local/lib/python3.12/site-packages/airflow/example_dags/example_trigger_controller_dag.py
[2024-04-21T14:37:42.376+0000] {logging_mixin.py:188} INFO - [2024-04-21T14:37:42.376+0000] {dag.py:3096} INFO - Sync 1 DAGs
[2024-04-21T14:37:42.385+0000] {logging_mixin.py:188} INFO - [2024-04-21T14:37:42.385+0000] {dag.py:3954} INFO - Setting next_dagrun for example_trigger_controller_dag to 2021-01-01 00:00:00+00:00, run_after=2021-01-01 00:00:00+00:00
[2024-04-21T14:37:42.393+0000] {processor.py:183} INFO - Processing /home/airflow/.local/lib/python3.12/site-packages/airflow/example_dags/example_trigger_controller_dag.py took 0.035 seconds
[2024-04-21T14:53:47.998+0000] {processor.py:161} INFO - Started process (PID=4023) to work on /home/airflow/.local/lib/python3.12/site-packages/airflow/example_dags/example_trigger_controller_dag.py
[2024-04-21T14:53:47.998+0000] {processor.py:830} INFO - Processing file /home/airflow/.local/lib/python3.12/site-packages/airflow/example_dags/example_trigger_controller_dag.py for tasks to queue
[2024-04-21T14:53:47.999+0000] {logging_mixin.py:188} INFO - [2024-04-21T14:53:47.999+0000] {dagbag.py:540} INFO - Filling up the DagBag from /home/airflow/.local/lib/python3.12/site-packages/airflow/example_dags/example_trigger_controller_dag.py
[2024-04-21T14:53:48.002+0000] {processor.py:840} INFO - DAG(s) 'example_trigger_controller_dag' retrieved from /home/airflow/.local/lib/python3.12/site-packages/airflow/example_dags/example_trigger_controller_dag.py
[2024-04-21T14:53:48.014+0000] {logging_mixin.py:188} INFO - [2024-04-21T14:53:48.014+0000] {dag.py:3096} INFO - Sync 1 DAGs
[2024-04-21T14:53:48.023+0000] {logging_mixin.py:188} INFO - [2024-04-21T14:53:48.023+0000] {dag.py:3954} INFO - Setting next_dagrun for example_trigger_controller_dag to 2021-01-01 00:00:00+00:00, run_after=2021-01-01 00:00:00+00:00
[2024-04-21T14:53:48.031+0000] {processor.py:183} INFO - Processing /home/airflow/.local/lib/python3.12/site-packages/airflow/example_dags/example_trigger_controller_dag.py took 0.036 seconds
[2024-04-21T14:54:18.821+0000] {processor.py:161} INFO - Started process (PID=4289) to work on /home/airflow/.local/lib/python3.12/site-packages/airflow/example_dags/example_trigger_controller_dag.py
[2024-04-21T14:54:18.821+0000] {processor.py:830} INFO - Processing file /home/airflow/.local/lib/python3.12/site-packages/airflow/example_dags/example_trigger_controller_dag.py for tasks to queue
[2024-04-21T14:54:18.822+0000] {logging_mixin.py:188} INFO - [2024-04-21T14:54:18.822+0000] {dagbag.py:540} INFO - Filling up the DagBag from /home/airflow/.local/lib/python3.12/site-packages/airflow/example_dags/example_trigger_controller_dag.py
[2024-04-21T14:54:18.825+0000] {processor.py:840} INFO - DAG(s) 'example_trigger_controller_dag' retrieved from /home/airflow/.local/lib/python3.12/site-packages/airflow/example_dags/example_trigger_controller_dag.py
[2024-04-21T14:54:18.837+0000] {logging_mixin.py:188} INFO - [2024-04-21T14:54:18.836+0000] {dag.py:3096} INFO - Sync 1 DAGs
[2024-04-21T14:54:18.846+0000] {logging_mixin.py:188} INFO - [2024-04-21T14:54:18.846+0000] {dag.py:3954} INFO - Setting next_dagrun for example_trigger_controller_dag to 2021-01-01 00:00:00+00:00, run_after=2021-01-01 00:00:00+00:00
[2024-04-21T14:54:18.853+0000] {processor.py:183} INFO - Processing /home/airflow/.local/lib/python3.12/site-packages/airflow/example_dags/example_trigger_controller_dag.py took 0.035 seconds
[2024-04-21T14:54:48.893+0000] {processor.py:161} INFO - Started process (PID=4556) to work on /home/airflow/.local/lib/python3.12/site-packages/airflow/example_dags/example_trigger_controller_dag.py
[2024-04-21T14:54:48.894+0000] {processor.py:830} INFO - Processing file /home/airflow/.local/lib/python3.12/site-packages/airflow/example_dags/example_trigger_controller_dag.py for tasks to queue
[2024-04-21T14:54:48.895+0000] {logging_mixin.py:188} INFO - [2024-04-21T14:54:48.894+0000] {dagbag.py:540} INFO - Filling up the DagBag from /home/airflow/.local/lib/python3.12/site-packages/airflow/example_dags/example_trigger_controller_dag.py
[2024-04-21T14:54:48.897+0000] {processor.py:840} INFO - DAG(s) 'example_trigger_controller_dag' retrieved from /home/airflow/.local/lib/python3.12/site-packages/airflow/example_dags/example_trigger_controller_dag.py
[2024-04-21T14:54:48.908+0000] {logging_mixin.py:188} INFO - [2024-04-21T14:54:48.908+0000] {dag.py:3096} INFO - Sync 1 DAGs
[2024-04-21T14:54:48.917+0000] {logging_mixin.py:188} INFO - [2024-04-21T14:54:48.917+0000] {dag.py:3954} INFO - Setting next_dagrun for example_trigger_controller_dag to 2021-01-01 00:00:00+00:00, run_after=2021-01-01 00:00:00+00:00
[2024-04-21T14:54:48.925+0000] {processor.py:183} INFO - Processing /home/airflow/.local/lib/python3.12/site-packages/airflow/example_dags/example_trigger_controller_dag.py took 0.035 seconds
[2024-04-21T14:55:19.850+0000] {processor.py:161} INFO - Started process (PID=4824) to work on /home/airflow/.local/lib/python3.12/site-packages/airflow/example_dags/example_trigger_controller_dag.py
[2024-04-21T14:55:19.851+0000] {processor.py:830} INFO - Processing file /home/airflow/.local/lib/python3.12/site-packages/airflow/example_dags/example_trigger_controller_dag.py for tasks to queue
[2024-04-21T14:55:19.852+0000] {logging_mixin.py:188} INFO - [2024-04-21T14:55:19.851+0000] {dagbag.py:540} INFO - Filling up the DagBag from /home/airflow/.local/lib/python3.12/site-packages/airflow/example_dags/example_trigger_controller_dag.py
[2024-04-21T14:55:19.854+0000] {processor.py:840} INFO - DAG(s) 'example_trigger_controller_dag' retrieved from /home/airflow/.local/lib/python3.12/site-packages/airflow/example_dags/example_trigger_controller_dag.py
[2024-04-21T14:55:19.866+0000] {logging_mixin.py:188} INFO - [2024-04-21T14:55:19.866+0000] {dag.py:3096} INFO - Sync 1 DAGs
[2024-04-21T14:55:19.875+0000] {logging_mixin.py:188} INFO - [2024-04-21T14:55:19.874+0000] {dag.py:3954} INFO - Setting next_dagrun for example_trigger_controller_dag to 2021-01-01 00:00:00+00:00, run_after=2021-01-01 00:00:00+00:00
[2024-04-21T14:55:19.882+0000] {processor.py:183} INFO - Processing /home/airflow/.local/lib/python3.12/site-packages/airflow/example_dags/example_trigger_controller_dag.py took 0.035 seconds
[2024-04-21T14:55:50.700+0000] {processor.py:161} INFO - Started process (PID=5091) to work on /home/airflow/.local/lib/python3.12/site-packages/airflow/example_dags/example_trigger_controller_dag.py
[2024-04-21T14:55:50.701+0000] {processor.py:830} INFO - Processing file /home/airflow/.local/lib/python3.12/site-packages/airflow/example_dags/example_trigger_controller_dag.py for tasks to queue
[2024-04-21T14:55:50.701+0000] {logging_mixin.py:188} INFO - [2024-04-21T14:55:50.701+0000] {dagbag.py:540} INFO - Filling up the DagBag from /home/airflow/.local/lib/python3.12/site-packages/airflow/example_dags/example_trigger_controller_dag.py
[2024-04-21T14:55:50.704+0000] {processor.py:840} INFO - DAG(s) 'example_trigger_controller_dag' retrieved from /home/airflow/.local/lib/python3.12/site-packages/airflow/example_dags/example_trigger_controller_dag.py
[2024-04-21T14:55:50.716+0000] {logging_mixin.py:188} INFO - [2024-04-21T14:55:50.716+0000] {dag.py:3096} INFO - Sync 1 DAGs
[2024-04-21T14:55:50.725+0000] {logging_mixin.py:188} INFO - [2024-04-21T14:55:50.725+0000] {dag.py:3954} INFO - Setting next_dagrun for example_trigger_controller_dag to 2021-01-01 00:00:00+00:00, run_after=2021-01-01 00:00:00+00:00
[2024-04-21T14:55:50.732+0000] {processor.py:183} INFO - Processing /home/airflow/.local/lib/python3.12/site-packages/airflow/example_dags/example_trigger_controller_dag.py took 0.035 seconds
[2024-04-21T14:56:21.514+0000] {processor.py:161} INFO - Started process (PID=5358) to work on /home/airflow/.local/lib/python3.12/site-packages/airflow/example_dags/example_trigger_controller_dag.py
[2024-04-21T14:56:21.515+0000] {processor.py:830} INFO - Processing file /home/airflow/.local/lib/python3.12/site-packages/airflow/example_dags/example_trigger_controller_dag.py for tasks to queue
[2024-04-21T14:56:21.516+0000] {logging_mixin.py:188} INFO - [2024-04-21T14:56:21.516+0000] {dagbag.py:540} INFO - Filling up the DagBag from /home/airflow/.local/lib/python3.12/site-packages/airflow/example_dags/example_trigger_controller_dag.py
[2024-04-21T14:56:21.518+0000] {processor.py:840} INFO - DAG(s) 'example_trigger_controller_dag' retrieved from /home/airflow/.local/lib/python3.12/site-packages/airflow/example_dags/example_trigger_controller_dag.py
[2024-04-21T14:56:21.530+0000] {logging_mixin.py:188} INFO - [2024-04-21T14:56:21.530+0000] {dag.py:3096} INFO - Sync 1 DAGs
[2024-04-21T14:56:21.539+0000] {logging_mixin.py:188} INFO - [2024-04-21T14:56:21.539+0000] {dag.py:3954} INFO - Setting next_dagrun for example_trigger_controller_dag to 2021-01-01 00:00:00+00:00, run_after=2021-01-01 00:00:00+00:00
[2024-04-21T14:56:21.546+0000] {processor.py:183} INFO - Processing /home/airflow/.local/lib/python3.12/site-packages/airflow/example_dags/example_trigger_controller_dag.py took 0.035 seconds
[2024-04-21T14:56:52.529+0000] {processor.py:161} INFO - Started process (PID=5625) to work on /home/airflow/.local/lib/python3.12/site-packages/airflow/example_dags/example_trigger_controller_dag.py
[2024-04-21T14:56:52.530+0000] {processor.py:830} INFO - Processing file /home/airflow/.local/lib/python3.12/site-packages/airflow/example_dags/example_trigger_controller_dag.py for tasks to queue
[2024-04-21T14:56:52.531+0000] {logging_mixin.py:188} INFO - [2024-04-21T14:56:52.530+0000] {dagbag.py:540} INFO - Filling up the DagBag from /home/airflow/.local/lib/python3.12/site-packages/airflow/example_dags/example_trigger_controller_dag.py
[2024-04-21T14:56:52.534+0000] {processor.py:840} INFO - DAG(s) 'example_trigger_controller_dag' retrieved from /home/airflow/.local/lib/python3.12/site-packages/airflow/example_dags/example_trigger_controller_dag.py
[2024-04-21T14:56:52.546+0000] {logging_mixin.py:188} INFO - [2024-04-21T14:56:52.546+0000] {dag.py:3096} INFO - Sync 1 DAGs
[2024-04-21T14:56:52.556+0000] {logging_mixin.py:188} INFO - [2024-04-21T14:56:52.556+0000] {dag.py:3954} INFO - Setting next_dagrun for example_trigger_controller_dag to 2021-01-01 00:00:00+00:00, run_after=2021-01-01 00:00:00+00:00
[2024-04-21T14:56:52.564+0000] {processor.py:183} INFO - Processing /home/airflow/.local/lib/python3.12/site-packages/airflow/example_dags/example_trigger_controller_dag.py took 0.038 seconds
[2024-04-21T14:57:22.593+0000] {processor.py:161} INFO - Started process (PID=5892) to work on /home/airflow/.local/lib/python3.12/site-packages/airflow/example_dags/example_trigger_controller_dag.py
[2024-04-21T14:57:22.594+0000] {processor.py:830} INFO - Processing file /home/airflow/.local/lib/python3.12/site-packages/airflow/example_dags/example_trigger_controller_dag.py for tasks to queue
[2024-04-21T14:57:22.594+0000] {logging_mixin.py:188} INFO - [2024-04-21T14:57:22.594+0000] {dagbag.py:540} INFO - Filling up the DagBag from /home/airflow/.local/lib/python3.12/site-packages/airflow/example_dags/example_trigger_controller_dag.py
[2024-04-21T14:57:22.597+0000] {processor.py:840} INFO - DAG(s) 'example_trigger_controller_dag' retrieved from /home/airflow/.local/lib/python3.12/site-packages/airflow/example_dags/example_trigger_controller_dag.py
[2024-04-21T14:57:22.609+0000] {logging_mixin.py:188} INFO - [2024-04-21T14:57:22.609+0000] {dag.py:3096} INFO - Sync 1 DAGs
[2024-04-21T14:57:22.617+0000] {logging_mixin.py:188} INFO - [2024-04-21T14:57:22.617+0000] {dag.py:3954} INFO - Setting next_dagrun for example_trigger_controller_dag to 2021-01-01 00:00:00+00:00, run_after=2021-01-01 00:00:00+00:00
[2024-04-21T14:57:22.624+0000] {processor.py:183} INFO - Processing /home/airflow/.local/lib/python3.12/site-packages/airflow/example_dags/example_trigger_controller_dag.py took 0.034 seconds
[2024-04-21T14:57:52.776+0000] {processor.py:161} INFO - Started process (PID=6168) to work on /home/airflow/.local/lib/python3.12/site-packages/airflow/example_dags/example_trigger_controller_dag.py
[2024-04-21T14:57:52.777+0000] {processor.py:830} INFO - Processing file /home/airflow/.local/lib/python3.12/site-packages/airflow/example_dags/example_trigger_controller_dag.py for tasks to queue
[2024-04-21T14:57:52.778+0000] {logging_mixin.py:188} INFO - [2024-04-21T14:57:52.777+0000] {dagbag.py:540} INFO - Filling up the DagBag from /home/airflow/.local/lib/python3.12/site-packages/airflow/example_dags/example_trigger_controller_dag.py
[2024-04-21T14:57:52.780+0000] {processor.py:840} INFO - DAG(s) 'example_trigger_controller_dag' retrieved from /home/airflow/.local/lib/python3.12/site-packages/airflow/example_dags/example_trigger_controller_dag.py
[2024-04-21T14:57:52.792+0000] {logging_mixin.py:188} INFO - [2024-04-21T14:57:52.791+0000] {dag.py:3096} INFO - Sync 1 DAGs
[2024-04-21T14:57:52.801+0000] {logging_mixin.py:188} INFO - [2024-04-21T14:57:52.801+0000] {dag.py:3954} INFO - Setting next_dagrun for example_trigger_controller_dag to 2021-01-01 00:00:00+00:00, run_after=2021-01-01 00:00:00+00:00
[2024-04-21T14:57:52.809+0000] {processor.py:183} INFO - Processing /home/airflow/.local/lib/python3.12/site-packages/airflow/example_dags/example_trigger_controller_dag.py took 0.036 seconds
[2024-04-21T14:58:23.805+0000] {processor.py:161} INFO - Started process (PID=6434) to work on /home/airflow/.local/lib/python3.12/site-packages/airflow/example_dags/example_trigger_controller_dag.py
[2024-04-21T14:58:23.806+0000] {processor.py:830} INFO - Processing file /home/airflow/.local/lib/python3.12/site-packages/airflow/example_dags/example_trigger_controller_dag.py for tasks to queue
[2024-04-21T14:58:23.807+0000] {logging_mixin.py:188} INFO - [2024-04-21T14:58:23.807+0000] {dagbag.py:540} INFO - Filling up the DagBag from /home/airflow/.local/lib/python3.12/site-packages/airflow/example_dags/example_trigger_controller_dag.py
[2024-04-21T14:58:23.810+0000] {processor.py:840} INFO - DAG(s) 'example_trigger_controller_dag' retrieved from /home/airflow/.local/lib/python3.12/site-packages/airflow/example_dags/example_trigger_controller_dag.py
[2024-04-21T14:58:23.823+0000] {logging_mixin.py:188} INFO - [2024-04-21T14:58:23.823+0000] {dag.py:3096} INFO - Sync 1 DAGs
[2024-04-21T14:58:23.834+0000] {logging_mixin.py:188} INFO - [2024-04-21T14:58:23.834+0000] {dag.py:3954} INFO - Setting next_dagrun for example_trigger_controller_dag to 2021-01-01 00:00:00+00:00, run_after=2021-01-01 00:00:00+00:00
[2024-04-21T14:58:23.843+0000] {processor.py:183} INFO - Processing /home/airflow/.local/lib/python3.12/site-packages/airflow/example_dags/example_trigger_controller_dag.py took 0.041 seconds
[2024-04-21T14:58:54.369+0000] {processor.py:161} INFO - Started process (PID=6707) to work on /home/airflow/.local/lib/python3.12/site-packages/airflow/example_dags/example_trigger_controller_dag.py
[2024-04-21T14:58:54.370+0000] {processor.py:830} INFO - Processing file /home/airflow/.local/lib/python3.12/site-packages/airflow/example_dags/example_trigger_controller_dag.py for tasks to queue
[2024-04-21T14:58:54.371+0000] {logging_mixin.py:188} INFO - [2024-04-21T14:58:54.371+0000] {dagbag.py:540} INFO - Filling up the DagBag from /home/airflow/.local/lib/python3.12/site-packages/airflow/example_dags/example_trigger_controller_dag.py
[2024-04-21T14:58:54.374+0000] {processor.py:840} INFO - DAG(s) 'example_trigger_controller_dag' retrieved from /home/airflow/.local/lib/python3.12/site-packages/airflow/example_dags/example_trigger_controller_dag.py
[2024-04-21T14:58:54.385+0000] {logging_mixin.py:188} INFO - [2024-04-21T14:58:54.385+0000] {dag.py:3096} INFO - Sync 1 DAGs
[2024-04-21T14:58:54.394+0000] {logging_mixin.py:188} INFO - [2024-04-21T14:58:54.394+0000] {dag.py:3954} INFO - Setting next_dagrun for example_trigger_controller_dag to 2021-01-01 00:00:00+00:00, run_after=2021-01-01 00:00:00+00:00
[2024-04-21T14:58:54.402+0000] {processor.py:183} INFO - Processing /home/airflow/.local/lib/python3.12/site-packages/airflow/example_dags/example_trigger_controller_dag.py took 0.036 seconds
[2024-04-21T14:59:25.085+0000] {processor.py:161} INFO - Started process (PID=6978) to work on /home/airflow/.local/lib/python3.12/site-packages/airflow/example_dags/example_trigger_controller_dag.py
[2024-04-21T14:59:25.086+0000] {processor.py:830} INFO - Processing file /home/airflow/.local/lib/python3.12/site-packages/airflow/example_dags/example_trigger_controller_dag.py for tasks to queue
[2024-04-21T14:59:25.087+0000] {logging_mixin.py:188} INFO - [2024-04-21T14:59:25.087+0000] {dagbag.py:540} INFO - Filling up the DagBag from /home/airflow/.local/lib/python3.12/site-packages/airflow/example_dags/example_trigger_controller_dag.py
[2024-04-21T14:59:25.089+0000] {processor.py:840} INFO - DAG(s) 'example_trigger_controller_dag' retrieved from /home/airflow/.local/lib/python3.12/site-packages/airflow/example_dags/example_trigger_controller_dag.py
[2024-04-21T14:59:25.100+0000] {logging_mixin.py:188} INFO - [2024-04-21T14:59:25.100+0000] {dag.py:3096} INFO - Sync 1 DAGs
[2024-04-21T14:59:25.110+0000] {logging_mixin.py:188} INFO - [2024-04-21T14:59:25.110+0000] {dag.py:3954} INFO - Setting next_dagrun for example_trigger_controller_dag to 2021-01-01 00:00:00+00:00, run_after=2021-01-01 00:00:00+00:00
[2024-04-21T14:59:25.118+0000] {processor.py:183} INFO - Processing /home/airflow/.local/lib/python3.12/site-packages/airflow/example_dags/example_trigger_controller_dag.py took 0.035 seconds
[2024-04-21T14:59:55.883+0000] {processor.py:161} INFO - Started process (PID=7244) to work on /home/airflow/.local/lib/python3.12/site-packages/airflow/example_dags/example_trigger_controller_dag.py
[2024-04-21T14:59:55.884+0000] {processor.py:830} INFO - Processing file /home/airflow/.local/lib/python3.12/site-packages/airflow/example_dags/example_trigger_controller_dag.py for tasks to queue
[2024-04-21T14:59:55.885+0000] {logging_mixin.py:188} INFO - [2024-04-21T14:59:55.884+0000] {dagbag.py:540} INFO - Filling up the DagBag from /home/airflow/.local/lib/python3.12/site-packages/airflow/example_dags/example_trigger_controller_dag.py
[2024-04-21T14:59:55.887+0000] {processor.py:840} INFO - DAG(s) 'example_trigger_controller_dag' retrieved from /home/airflow/.local/lib/python3.12/site-packages/airflow/example_dags/example_trigger_controller_dag.py
[2024-04-21T14:59:55.899+0000] {logging_mixin.py:188} INFO - [2024-04-21T14:59:55.899+0000] {dag.py:3096} INFO - Sync 1 DAGs
[2024-04-21T14:59:55.908+0000] {logging_mixin.py:188} INFO - [2024-04-21T14:59:55.908+0000] {dag.py:3954} INFO - Setting next_dagrun for example_trigger_controller_dag to 2021-01-01 00:00:00+00:00, run_after=2021-01-01 00:00:00+00:00
[2024-04-21T14:59:55.915+0000] {processor.py:183} INFO - Processing /home/airflow/.local/lib/python3.12/site-packages/airflow/example_dags/example_trigger_controller_dag.py took 0.035 seconds
[2024-04-21T15:00:26.788+0000] {processor.py:161} INFO - Started process (PID=7539) to work on /home/airflow/.local/lib/python3.12/site-packages/airflow/example_dags/example_trigger_controller_dag.py
[2024-04-21T15:00:26.789+0000] {processor.py:830} INFO - Processing file /home/airflow/.local/lib/python3.12/site-packages/airflow/example_dags/example_trigger_controller_dag.py for tasks to queue
[2024-04-21T15:00:26.790+0000] {logging_mixin.py:188} INFO - [2024-04-21T15:00:26.790+0000] {dagbag.py:540} INFO - Filling up the DagBag from /home/airflow/.local/lib/python3.12/site-packages/airflow/example_dags/example_trigger_controller_dag.py
[2024-04-21T15:00:26.793+0000] {processor.py:840} INFO - DAG(s) 'example_trigger_controller_dag' retrieved from /home/airflow/.local/lib/python3.12/site-packages/airflow/example_dags/example_trigger_controller_dag.py
[2024-04-21T15:00:26.805+0000] {logging_mixin.py:188} INFO - [2024-04-21T15:00:26.805+0000] {dag.py:3096} INFO - Sync 1 DAGs
[2024-04-21T15:00:26.814+0000] {logging_mixin.py:188} INFO - [2024-04-21T15:00:26.814+0000] {dag.py:3954} INFO - Setting next_dagrun for example_trigger_controller_dag to 2021-01-01 00:00:00+00:00, run_after=2021-01-01 00:00:00+00:00
[2024-04-21T15:00:26.821+0000] {processor.py:183} INFO - Processing /home/airflow/.local/lib/python3.12/site-packages/airflow/example_dags/example_trigger_controller_dag.py took 0.036 seconds
[2024-04-21T15:00:57.817+0000] {processor.py:161} INFO - Started process (PID=7804) to work on /home/airflow/.local/lib/python3.12/site-packages/airflow/example_dags/example_trigger_controller_dag.py
[2024-04-21T15:00:57.818+0000] {processor.py:830} INFO - Processing file /home/airflow/.local/lib/python3.12/site-packages/airflow/example_dags/example_trigger_controller_dag.py for tasks to queue
[2024-04-21T15:00:57.819+0000] {logging_mixin.py:188} INFO - [2024-04-21T15:00:57.819+0000] {dagbag.py:540} INFO - Filling up the DagBag from /home/airflow/.local/lib/python3.12/site-packages/airflow/example_dags/example_trigger_controller_dag.py
[2024-04-21T15:00:57.822+0000] {processor.py:840} INFO - DAG(s) 'example_trigger_controller_dag' retrieved from /home/airflow/.local/lib/python3.12/site-packages/airflow/example_dags/example_trigger_controller_dag.py
[2024-04-21T15:00:57.834+0000] {logging_mixin.py:188} INFO - [2024-04-21T15:00:57.834+0000] {dag.py:3096} INFO - Sync 1 DAGs
[2024-04-21T15:00:57.843+0000] {logging_mixin.py:188} INFO - [2024-04-21T15:00:57.843+0000] {dag.py:3954} INFO - Setting next_dagrun for example_trigger_controller_dag to 2021-01-01 00:00:00+00:00, run_after=2021-01-01 00:00:00+00:00
[2024-04-21T15:00:57.851+0000] {processor.py:183} INFO - Processing /home/airflow/.local/lib/python3.12/site-packages/airflow/example_dags/example_trigger_controller_dag.py took 0.037 seconds
[2024-04-21T15:01:28.015+0000] {processor.py:161} INFO - Started process (PID=8070) to work on /home/airflow/.local/lib/python3.12/site-packages/airflow/example_dags/example_trigger_controller_dag.py
[2024-04-21T15:01:28.016+0000] {processor.py:830} INFO - Processing file /home/airflow/.local/lib/python3.12/site-packages/airflow/example_dags/example_trigger_controller_dag.py for tasks to queue
[2024-04-21T15:01:28.017+0000] {logging_mixin.py:188} INFO - [2024-04-21T15:01:28.016+0000] {dagbag.py:540} INFO - Filling up the DagBag from /home/airflow/.local/lib/python3.12/site-packages/airflow/example_dags/example_trigger_controller_dag.py
[2024-04-21T15:01:28.019+0000] {processor.py:840} INFO - DAG(s) 'example_trigger_controller_dag' retrieved from /home/airflow/.local/lib/python3.12/site-packages/airflow/example_dags/example_trigger_controller_dag.py
[2024-04-21T15:01:28.031+0000] {logging_mixin.py:188} INFO - [2024-04-21T15:01:28.031+0000] {dag.py:3096} INFO - Sync 1 DAGs
[2024-04-21T15:01:28.041+0000] {logging_mixin.py:188} INFO - [2024-04-21T15:01:28.040+0000] {dag.py:3954} INFO - Setting next_dagrun for example_trigger_controller_dag to 2021-01-01 00:00:00+00:00, run_after=2021-01-01 00:00:00+00:00
[2024-04-21T15:01:28.048+0000] {processor.py:183} INFO - Processing /home/airflow/.local/lib/python3.12/site-packages/airflow/example_dags/example_trigger_controller_dag.py took 0.037 seconds
[2024-04-21T15:01:58.129+0000] {processor.py:161} INFO - Started process (PID=8353) to work on /home/airflow/.local/lib/python3.12/site-packages/airflow/example_dags/example_trigger_controller_dag.py
[2024-04-21T15:01:58.130+0000] {processor.py:830} INFO - Processing file /home/airflow/.local/lib/python3.12/site-packages/airflow/example_dags/example_trigger_controller_dag.py for tasks to queue
[2024-04-21T15:01:58.131+0000] {logging_mixin.py:188} INFO - [2024-04-21T15:01:58.130+0000] {dagbag.py:540} INFO - Filling up the DagBag from /home/airflow/.local/lib/python3.12/site-packages/airflow/example_dags/example_trigger_controller_dag.py
[2024-04-21T15:01:58.133+0000] {processor.py:840} INFO - DAG(s) 'example_trigger_controller_dag' retrieved from /home/airflow/.local/lib/python3.12/site-packages/airflow/example_dags/example_trigger_controller_dag.py
[2024-04-21T15:01:58.146+0000] {logging_mixin.py:188} INFO - [2024-04-21T15:01:58.145+0000] {dag.py:3096} INFO - Sync 1 DAGs
[2024-04-21T15:01:58.155+0000] {logging_mixin.py:188} INFO - [2024-04-21T15:01:58.155+0000] {dag.py:3954} INFO - Setting next_dagrun for example_trigger_controller_dag to 2021-01-01 00:00:00+00:00, run_after=2021-01-01 00:00:00+00:00
[2024-04-21T15:01:58.163+0000] {processor.py:183} INFO - Processing /home/airflow/.local/lib/python3.12/site-packages/airflow/example_dags/example_trigger_controller_dag.py took 0.037 seconds
[2024-04-21T15:02:28.974+0000] {processor.py:161} INFO - Started process (PID=8627) to work on /home/airflow/.local/lib/python3.12/site-packages/airflow/example_dags/example_trigger_controller_dag.py
[2024-04-21T15:02:28.975+0000] {processor.py:830} INFO - Processing file /home/airflow/.local/lib/python3.12/site-packages/airflow/example_dags/example_trigger_controller_dag.py for tasks to queue
[2024-04-21T15:02:28.976+0000] {logging_mixin.py:188} INFO - [2024-04-21T15:02:28.975+0000] {dagbag.py:540} INFO - Filling up the DagBag from /home/airflow/.local/lib/python3.12/site-packages/airflow/example_dags/example_trigger_controller_dag.py
[2024-04-21T15:02:28.978+0000] {processor.py:840} INFO - DAG(s) 'example_trigger_controller_dag' retrieved from /home/airflow/.local/lib/python3.12/site-packages/airflow/example_dags/example_trigger_controller_dag.py
[2024-04-21T15:02:28.990+0000] {logging_mixin.py:188} INFO - [2024-04-21T15:02:28.990+0000] {dag.py:3096} INFO - Sync 1 DAGs
[2024-04-21T15:02:28.999+0000] {logging_mixin.py:188} INFO - [2024-04-21T15:02:28.999+0000] {dag.py:3954} INFO - Setting next_dagrun for example_trigger_controller_dag to 2021-01-01 00:00:00+00:00, run_after=2021-01-01 00:00:00+00:00
[2024-04-21T15:02:29.006+0000] {processor.py:183} INFO - Processing /home/airflow/.local/lib/python3.12/site-packages/airflow/example_dags/example_trigger_controller_dag.py took 0.035 seconds
[2024-04-21T15:02:59.852+0000] {processor.py:161} INFO - Started process (PID=8903) to work on /home/airflow/.local/lib/python3.12/site-packages/airflow/example_dags/example_trigger_controller_dag.py
[2024-04-21T15:02:59.852+0000] {processor.py:830} INFO - Processing file /home/airflow/.local/lib/python3.12/site-packages/airflow/example_dags/example_trigger_controller_dag.py for tasks to queue
[2024-04-21T15:02:59.854+0000] {logging_mixin.py:188} INFO - [2024-04-21T15:02:59.853+0000] {dagbag.py:540} INFO - Filling up the DagBag from /home/airflow/.local/lib/python3.12/site-packages/airflow/example_dags/example_trigger_controller_dag.py
[2024-04-21T15:02:59.856+0000] {processor.py:840} INFO - DAG(s) 'example_trigger_controller_dag' retrieved from /home/airflow/.local/lib/python3.12/site-packages/airflow/example_dags/example_trigger_controller_dag.py
[2024-04-21T15:02:59.868+0000] {logging_mixin.py:188} INFO - [2024-04-21T15:02:59.868+0000] {dag.py:3096} INFO - Sync 1 DAGs
[2024-04-21T15:02:59.878+0000] {logging_mixin.py:188} INFO - [2024-04-21T15:02:59.878+0000] {dag.py:3954} INFO - Setting next_dagrun for example_trigger_controller_dag to 2021-01-01 00:00:00+00:00, run_after=2021-01-01 00:00:00+00:00
[2024-04-21T15:02:59.885+0000] {processor.py:183} INFO - Processing /home/airflow/.local/lib/python3.12/site-packages/airflow/example_dags/example_trigger_controller_dag.py took 0.037 seconds
[2024-04-21T15:03:30.742+0000] {processor.py:161} INFO - Started process (PID=9170) to work on /home/airflow/.local/lib/python3.12/site-packages/airflow/example_dags/example_trigger_controller_dag.py
[2024-04-21T15:03:30.742+0000] {processor.py:830} INFO - Processing file /home/airflow/.local/lib/python3.12/site-packages/airflow/example_dags/example_trigger_controller_dag.py for tasks to queue
[2024-04-21T15:03:30.743+0000] {logging_mixin.py:188} INFO - [2024-04-21T15:03:30.743+0000] {dagbag.py:540} INFO - Filling up the DagBag from /home/airflow/.local/lib/python3.12/site-packages/airflow/example_dags/example_trigger_controller_dag.py
[2024-04-21T15:03:30.746+0000] {processor.py:840} INFO - DAG(s) 'example_trigger_controller_dag' retrieved from /home/airflow/.local/lib/python3.12/site-packages/airflow/example_dags/example_trigger_controller_dag.py
[2024-04-21T15:03:30.757+0000] {logging_mixin.py:188} INFO - [2024-04-21T15:03:30.757+0000] {dag.py:3096} INFO - Sync 1 DAGs
[2024-04-21T15:03:30.766+0000] {logging_mixin.py:188} INFO - [2024-04-21T15:03:30.766+0000] {dag.py:3954} INFO - Setting next_dagrun for example_trigger_controller_dag to 2021-01-01 00:00:00+00:00, run_after=2021-01-01 00:00:00+00:00
[2024-04-21T15:03:30.773+0000] {processor.py:183} INFO - Processing /home/airflow/.local/lib/python3.12/site-packages/airflow/example_dags/example_trigger_controller_dag.py took 0.035 seconds
[2024-04-21T15:04:01.683+0000] {processor.py:161} INFO - Started process (PID=9437) to work on /home/airflow/.local/lib/python3.12/site-packages/airflow/example_dags/example_trigger_controller_dag.py
[2024-04-21T15:04:01.684+0000] {processor.py:830} INFO - Processing file /home/airflow/.local/lib/python3.12/site-packages/airflow/example_dags/example_trigger_controller_dag.py for tasks to queue
[2024-04-21T15:04:01.685+0000] {logging_mixin.py:188} INFO - [2024-04-21T15:04:01.685+0000] {dagbag.py:540} INFO - Filling up the DagBag from /home/airflow/.local/lib/python3.12/site-packages/airflow/example_dags/example_trigger_controller_dag.py
[2024-04-21T15:04:01.688+0000] {processor.py:840} INFO - DAG(s) 'example_trigger_controller_dag' retrieved from /home/airflow/.local/lib/python3.12/site-packages/airflow/example_dags/example_trigger_controller_dag.py
[2024-04-21T15:04:01.700+0000] {logging_mixin.py:188} INFO - [2024-04-21T15:04:01.700+0000] {dag.py:3096} INFO - Sync 1 DAGs
[2024-04-21T15:04:01.708+0000] {logging_mixin.py:188} INFO - [2024-04-21T15:04:01.708+0000] {dag.py:3954} INFO - Setting next_dagrun for example_trigger_controller_dag to 2021-01-01 00:00:00+00:00, run_after=2021-01-01 00:00:00+00:00
[2024-04-21T15:04:01.715+0000] {processor.py:183} INFO - Processing /home/airflow/.local/lib/python3.12/site-packages/airflow/example_dags/example_trigger_controller_dag.py took 0.035 seconds
[2024-04-21T15:04:32.524+0000] {processor.py:161} INFO - Started process (PID=9704) to work on /home/airflow/.local/lib/python3.12/site-packages/airflow/example_dags/example_trigger_controller_dag.py
[2024-04-21T15:04:32.525+0000] {processor.py:830} INFO - Processing file /home/airflow/.local/lib/python3.12/site-packages/airflow/example_dags/example_trigger_controller_dag.py for tasks to queue
[2024-04-21T15:04:32.525+0000] {logging_mixin.py:188} INFO - [2024-04-21T15:04:32.525+0000] {dagbag.py:540} INFO - Filling up the DagBag from /home/airflow/.local/lib/python3.12/site-packages/airflow/example_dags/example_trigger_controller_dag.py
[2024-04-21T15:04:32.528+0000] {processor.py:840} INFO - DAG(s) 'example_trigger_controller_dag' retrieved from /home/airflow/.local/lib/python3.12/site-packages/airflow/example_dags/example_trigger_controller_dag.py
[2024-04-21T15:04:32.539+0000] {logging_mixin.py:188} INFO - [2024-04-21T15:04:32.539+0000] {dag.py:3096} INFO - Sync 1 DAGs
[2024-04-21T15:04:32.548+0000] {logging_mixin.py:188} INFO - [2024-04-21T15:04:32.548+0000] {dag.py:3954} INFO - Setting next_dagrun for example_trigger_controller_dag to 2021-01-01 00:00:00+00:00, run_after=2021-01-01 00:00:00+00:00
[2024-04-21T15:04:32.555+0000] {processor.py:183} INFO - Processing /home/airflow/.local/lib/python3.12/site-packages/airflow/example_dags/example_trigger_controller_dag.py took 0.034 seconds
[2024-04-21T15:05:03.393+0000] {processor.py:161} INFO - Started process (PID=9970) to work on /home/airflow/.local/lib/python3.12/site-packages/airflow/example_dags/example_trigger_controller_dag.py
[2024-04-21T15:05:03.394+0000] {processor.py:830} INFO - Processing file /home/airflow/.local/lib/python3.12/site-packages/airflow/example_dags/example_trigger_controller_dag.py for tasks to queue
[2024-04-21T15:05:03.395+0000] {logging_mixin.py:188} INFO - [2024-04-21T15:05:03.395+0000] {dagbag.py:540} INFO - Filling up the DagBag from /home/airflow/.local/lib/python3.12/site-packages/airflow/example_dags/example_trigger_controller_dag.py
[2024-04-21T15:05:03.398+0000] {processor.py:840} INFO - DAG(s) 'example_trigger_controller_dag' retrieved from /home/airflow/.local/lib/python3.12/site-packages/airflow/example_dags/example_trigger_controller_dag.py
[2024-04-21T15:05:03.412+0000] {logging_mixin.py:188} INFO - [2024-04-21T15:05:03.412+0000] {dag.py:3096} INFO - Sync 1 DAGs
[2024-04-21T15:05:03.422+0000] {logging_mixin.py:188} INFO - [2024-04-21T15:05:03.422+0000] {dag.py:3954} INFO - Setting next_dagrun for example_trigger_controller_dag to 2021-01-01 00:00:00+00:00, run_after=2021-01-01 00:00:00+00:00
[2024-04-21T15:05:03.431+0000] {processor.py:183} INFO - Processing /home/airflow/.local/lib/python3.12/site-packages/airflow/example_dags/example_trigger_controller_dag.py took 0.041 seconds
[2024-04-21T15:05:34.243+0000] {processor.py:161} INFO - Started process (PID=10237) to work on /home/airflow/.local/lib/python3.12/site-packages/airflow/example_dags/example_trigger_controller_dag.py
[2024-04-21T15:05:34.243+0000] {processor.py:830} INFO - Processing file /home/airflow/.local/lib/python3.12/site-packages/airflow/example_dags/example_trigger_controller_dag.py for tasks to queue
[2024-04-21T15:05:34.244+0000] {logging_mixin.py:188} INFO - [2024-04-21T15:05:34.244+0000] {dagbag.py:540} INFO - Filling up the DagBag from /home/airflow/.local/lib/python3.12/site-packages/airflow/example_dags/example_trigger_controller_dag.py
[2024-04-21T15:05:34.247+0000] {processor.py:840} INFO - DAG(s) 'example_trigger_controller_dag' retrieved from /home/airflow/.local/lib/python3.12/site-packages/airflow/example_dags/example_trigger_controller_dag.py
[2024-04-21T15:05:34.259+0000] {logging_mixin.py:188} INFO - [2024-04-21T15:05:34.259+0000] {dag.py:3096} INFO - Sync 1 DAGs
[2024-04-21T15:05:34.268+0000] {logging_mixin.py:188} INFO - [2024-04-21T15:05:34.268+0000] {dag.py:3954} INFO - Setting next_dagrun for example_trigger_controller_dag to 2021-01-01 00:00:00+00:00, run_after=2021-01-01 00:00:00+00:00
[2024-04-21T15:05:34.275+0000] {processor.py:183} INFO - Processing /home/airflow/.local/lib/python3.12/site-packages/airflow/example_dags/example_trigger_controller_dag.py took 0.035 seconds
[2024-04-21T15:06:05.113+0000] {processor.py:161} INFO - Started process (PID=10504) to work on /home/airflow/.local/lib/python3.12/site-packages/airflow/example_dags/example_trigger_controller_dag.py
[2024-04-21T15:06:05.113+0000] {processor.py:830} INFO - Processing file /home/airflow/.local/lib/python3.12/site-packages/airflow/example_dags/example_trigger_controller_dag.py for tasks to queue
[2024-04-21T15:06:05.114+0000] {logging_mixin.py:188} INFO - [2024-04-21T15:06:05.114+0000] {dagbag.py:540} INFO - Filling up the DagBag from /home/airflow/.local/lib/python3.12/site-packages/airflow/example_dags/example_trigger_controller_dag.py
[2024-04-21T15:06:05.116+0000] {processor.py:840} INFO - DAG(s) 'example_trigger_controller_dag' retrieved from /home/airflow/.local/lib/python3.12/site-packages/airflow/example_dags/example_trigger_controller_dag.py
[2024-04-21T15:06:05.128+0000] {logging_mixin.py:188} INFO - [2024-04-21T15:06:05.128+0000] {dag.py:3096} INFO - Sync 1 DAGs
[2024-04-21T15:06:05.137+0000] {logging_mixin.py:188} INFO - [2024-04-21T15:06:05.137+0000] {dag.py:3954} INFO - Setting next_dagrun for example_trigger_controller_dag to 2021-01-01 00:00:00+00:00, run_after=2021-01-01 00:00:00+00:00
[2024-04-21T15:06:05.145+0000] {processor.py:183} INFO - Processing /home/airflow/.local/lib/python3.12/site-packages/airflow/example_dags/example_trigger_controller_dag.py took 0.035 seconds
[2024-04-21T15:06:36.013+0000] {processor.py:161} INFO - Started process (PID=10770) to work on /home/airflow/.local/lib/python3.12/site-packages/airflow/example_dags/example_trigger_controller_dag.py
[2024-04-21T15:06:36.014+0000] {processor.py:830} INFO - Processing file /home/airflow/.local/lib/python3.12/site-packages/airflow/example_dags/example_trigger_controller_dag.py for tasks to queue
[2024-04-21T15:06:36.015+0000] {logging_mixin.py:188} INFO - [2024-04-21T15:06:36.015+0000] {dagbag.py:540} INFO - Filling up the DagBag from /home/airflow/.local/lib/python3.12/site-packages/airflow/example_dags/example_trigger_controller_dag.py
[2024-04-21T15:06:36.017+0000] {processor.py:840} INFO - DAG(s) 'example_trigger_controller_dag' retrieved from /home/airflow/.local/lib/python3.12/site-packages/airflow/example_dags/example_trigger_controller_dag.py
[2024-04-21T15:06:36.029+0000] {logging_mixin.py:188} INFO - [2024-04-21T15:06:36.029+0000] {dag.py:3096} INFO - Sync 1 DAGs
[2024-04-21T15:06:36.038+0000] {logging_mixin.py:188} INFO - [2024-04-21T15:06:36.038+0000] {dag.py:3954} INFO - Setting next_dagrun for example_trigger_controller_dag to 2021-01-01 00:00:00+00:00, run_after=2021-01-01 00:00:00+00:00
[2024-04-21T15:06:36.045+0000] {processor.py:183} INFO - Processing /home/airflow/.local/lib/python3.12/site-packages/airflow/example_dags/example_trigger_controller_dag.py took 0.035 seconds
[2024-04-21T15:07:06.189+0000] {processor.py:161} INFO - Started process (PID=11037) to work on /home/airflow/.local/lib/python3.12/site-packages/airflow/example_dags/example_trigger_controller_dag.py
[2024-04-21T15:07:06.189+0000] {processor.py:830} INFO - Processing file /home/airflow/.local/lib/python3.12/site-packages/airflow/example_dags/example_trigger_controller_dag.py for tasks to queue
[2024-04-21T15:07:06.190+0000] {logging_mixin.py:188} INFO - [2024-04-21T15:07:06.190+0000] {dagbag.py:540} INFO - Filling up the DagBag from /home/airflow/.local/lib/python3.12/site-packages/airflow/example_dags/example_trigger_controller_dag.py
[2024-04-21T15:07:06.193+0000] {processor.py:840} INFO - DAG(s) 'example_trigger_controller_dag' retrieved from /home/airflow/.local/lib/python3.12/site-packages/airflow/example_dags/example_trigger_controller_dag.py
[2024-04-21T15:07:06.205+0000] {logging_mixin.py:188} INFO - [2024-04-21T15:07:06.205+0000] {dag.py:3096} INFO - Sync 1 DAGs
[2024-04-21T15:07:06.214+0000] {logging_mixin.py:188} INFO - [2024-04-21T15:07:06.214+0000] {dag.py:3954} INFO - Setting next_dagrun for example_trigger_controller_dag to 2021-01-01 00:00:00+00:00, run_after=2021-01-01 00:00:00+00:00
[2024-04-21T15:07:06.221+0000] {processor.py:183} INFO - Processing /home/airflow/.local/lib/python3.12/site-packages/airflow/example_dags/example_trigger_controller_dag.py took 0.036 seconds
[2024-04-21T15:07:36.474+0000] {processor.py:161} INFO - Started process (PID=11326) to work on /home/airflow/.local/lib/python3.12/site-packages/airflow/example_dags/example_trigger_controller_dag.py
[2024-04-21T15:07:36.475+0000] {processor.py:830} INFO - Processing file /home/airflow/.local/lib/python3.12/site-packages/airflow/example_dags/example_trigger_controller_dag.py for tasks to queue
[2024-04-21T15:07:36.476+0000] {logging_mixin.py:188} INFO - [2024-04-21T15:07:36.475+0000] {dagbag.py:540} INFO - Filling up the DagBag from /home/airflow/.local/lib/python3.12/site-packages/airflow/example_dags/example_trigger_controller_dag.py
[2024-04-21T15:07:36.478+0000] {processor.py:840} INFO - DAG(s) 'example_trigger_controller_dag' retrieved from /home/airflow/.local/lib/python3.12/site-packages/airflow/example_dags/example_trigger_controller_dag.py
[2024-04-21T15:07:36.490+0000] {logging_mixin.py:188} INFO - [2024-04-21T15:07:36.490+0000] {dag.py:3096} INFO - Sync 1 DAGs
[2024-04-21T15:07:36.500+0000] {logging_mixin.py:188} INFO - [2024-04-21T15:07:36.500+0000] {dag.py:3954} INFO - Setting next_dagrun for example_trigger_controller_dag to 2021-01-01 00:00:00+00:00, run_after=2021-01-01 00:00:00+00:00
[2024-04-21T15:07:36.507+0000] {processor.py:183} INFO - Processing /home/airflow/.local/lib/python3.12/site-packages/airflow/example_dags/example_trigger_controller_dag.py took 0.036 seconds
[2024-04-21T15:08:06.564+0000] {processor.py:161} INFO - Started process (PID=11604) to work on /home/airflow/.local/lib/python3.12/site-packages/airflow/example_dags/example_trigger_controller_dag.py
[2024-04-21T15:08:06.564+0000] {processor.py:830} INFO - Processing file /home/airflow/.local/lib/python3.12/site-packages/airflow/example_dags/example_trigger_controller_dag.py for tasks to queue
[2024-04-21T15:08:06.565+0000] {logging_mixin.py:188} INFO - [2024-04-21T15:08:06.565+0000] {dagbag.py:540} INFO - Filling up the DagBag from /home/airflow/.local/lib/python3.12/site-packages/airflow/example_dags/example_trigger_controller_dag.py
[2024-04-21T15:08:06.568+0000] {processor.py:840} INFO - DAG(s) 'example_trigger_controller_dag' retrieved from /home/airflow/.local/lib/python3.12/site-packages/airflow/example_dags/example_trigger_controller_dag.py
[2024-04-21T15:08:06.580+0000] {logging_mixin.py:188} INFO - [2024-04-21T15:08:06.579+0000] {dag.py:3096} INFO - Sync 1 DAGs
[2024-04-21T15:08:06.588+0000] {logging_mixin.py:188} INFO - [2024-04-21T15:08:06.588+0000] {dag.py:3954} INFO - Setting next_dagrun for example_trigger_controller_dag to 2021-01-01 00:00:00+00:00, run_after=2021-01-01 00:00:00+00:00
[2024-04-21T15:08:06.596+0000] {processor.py:183} INFO - Processing /home/airflow/.local/lib/python3.12/site-packages/airflow/example_dags/example_trigger_controller_dag.py took 0.035 seconds
[2024-04-21T15:08:37.526+0000] {processor.py:161} INFO - Started process (PID=11886) to work on /home/airflow/.local/lib/python3.12/site-packages/airflow/example_dags/example_trigger_controller_dag.py
[2024-04-21T15:08:37.527+0000] {processor.py:830} INFO - Processing file /home/airflow/.local/lib/python3.12/site-packages/airflow/example_dags/example_trigger_controller_dag.py for tasks to queue
[2024-04-21T15:08:37.528+0000] {logging_mixin.py:188} INFO - [2024-04-21T15:08:37.528+0000] {dagbag.py:540} INFO - Filling up the DagBag from /home/airflow/.local/lib/python3.12/site-packages/airflow/example_dags/example_trigger_controller_dag.py
[2024-04-21T15:08:37.531+0000] {processor.py:840} INFO - DAG(s) 'example_trigger_controller_dag' retrieved from /home/airflow/.local/lib/python3.12/site-packages/airflow/example_dags/example_trigger_controller_dag.py
[2024-04-21T15:08:37.542+0000] {logging_mixin.py:188} INFO - [2024-04-21T15:08:37.542+0000] {dag.py:3096} INFO - Sync 1 DAGs
[2024-04-21T15:08:37.552+0000] {logging_mixin.py:188} INFO - [2024-04-21T15:08:37.552+0000] {dag.py:3954} INFO - Setting next_dagrun for example_trigger_controller_dag to 2021-01-01 00:00:00+00:00, run_after=2021-01-01 00:00:00+00:00
[2024-04-21T15:08:37.559+0000] {processor.py:183} INFO - Processing /home/airflow/.local/lib/python3.12/site-packages/airflow/example_dags/example_trigger_controller_dag.py took 0.035 seconds
[2024-04-21T15:09:08.481+0000] {processor.py:161} INFO - Started process (PID=12154) to work on /home/airflow/.local/lib/python3.12/site-packages/airflow/example_dags/example_trigger_controller_dag.py
[2024-04-21T15:09:08.481+0000] {processor.py:830} INFO - Processing file /home/airflow/.local/lib/python3.12/site-packages/airflow/example_dags/example_trigger_controller_dag.py for tasks to queue
[2024-04-21T15:09:08.482+0000] {logging_mixin.py:188} INFO - [2024-04-21T15:09:08.482+0000] {dagbag.py:540} INFO - Filling up the DagBag from /home/airflow/.local/lib/python3.12/site-packages/airflow/example_dags/example_trigger_controller_dag.py
[2024-04-21T15:09:08.485+0000] {processor.py:840} INFO - DAG(s) 'example_trigger_controller_dag' retrieved from /home/airflow/.local/lib/python3.12/site-packages/airflow/example_dags/example_trigger_controller_dag.py
[2024-04-21T15:09:08.497+0000] {logging_mixin.py:188} INFO - [2024-04-21T15:09:08.497+0000] {dag.py:3096} INFO - Sync 1 DAGs
[2024-04-21T15:09:08.506+0000] {logging_mixin.py:188} INFO - [2024-04-21T15:09:08.506+0000] {dag.py:3954} INFO - Setting next_dagrun for example_trigger_controller_dag to 2021-01-01 00:00:00+00:00, run_after=2021-01-01 00:00:00+00:00
[2024-04-21T15:09:08.514+0000] {processor.py:183} INFO - Processing /home/airflow/.local/lib/python3.12/site-packages/airflow/example_dags/example_trigger_controller_dag.py took 0.037 seconds
[2024-04-21T15:09:39.253+0000] {processor.py:161} INFO - Started process (PID=12421) to work on /home/airflow/.local/lib/python3.12/site-packages/airflow/example_dags/example_trigger_controller_dag.py
[2024-04-21T15:09:39.254+0000] {processor.py:830} INFO - Processing file /home/airflow/.local/lib/python3.12/site-packages/airflow/example_dags/example_trigger_controller_dag.py for tasks to queue
[2024-04-21T15:09:39.255+0000] {logging_mixin.py:188} INFO - [2024-04-21T15:09:39.254+0000] {dagbag.py:540} INFO - Filling up the DagBag from /home/airflow/.local/lib/python3.12/site-packages/airflow/example_dags/example_trigger_controller_dag.py
[2024-04-21T15:09:39.258+0000] {processor.py:840} INFO - DAG(s) 'example_trigger_controller_dag' retrieved from /home/airflow/.local/lib/python3.12/site-packages/airflow/example_dags/example_trigger_controller_dag.py
[2024-04-21T15:09:39.271+0000] {logging_mixin.py:188} INFO - [2024-04-21T15:09:39.271+0000] {dag.py:3096} INFO - Sync 1 DAGs
[2024-04-21T15:09:39.281+0000] {logging_mixin.py:188} INFO - [2024-04-21T15:09:39.281+0000] {dag.py:3954} INFO - Setting next_dagrun for example_trigger_controller_dag to 2021-01-01 00:00:00+00:00, run_after=2021-01-01 00:00:00+00:00
[2024-04-21T15:09:39.290+0000] {processor.py:183} INFO - Processing /home/airflow/.local/lib/python3.12/site-packages/airflow/example_dags/example_trigger_controller_dag.py took 0.040 seconds
[2024-04-21T15:10:10.287+0000] {processor.py:161} INFO - Started process (PID=12687) to work on /home/airflow/.local/lib/python3.12/site-packages/airflow/example_dags/example_trigger_controller_dag.py
[2024-04-21T15:10:10.287+0000] {processor.py:830} INFO - Processing file /home/airflow/.local/lib/python3.12/site-packages/airflow/example_dags/example_trigger_controller_dag.py for tasks to queue
[2024-04-21T15:10:10.288+0000] {logging_mixin.py:188} INFO - [2024-04-21T15:10:10.288+0000] {dagbag.py:540} INFO - Filling up the DagBag from /home/airflow/.local/lib/python3.12/site-packages/airflow/example_dags/example_trigger_controller_dag.py
[2024-04-21T15:10:10.291+0000] {processor.py:840} INFO - DAG(s) 'example_trigger_controller_dag' retrieved from /home/airflow/.local/lib/python3.12/site-packages/airflow/example_dags/example_trigger_controller_dag.py
[2024-04-21T15:10:10.302+0000] {logging_mixin.py:188} INFO - [2024-04-21T15:10:10.302+0000] {dag.py:3096} INFO - Sync 1 DAGs
[2024-04-21T15:10:10.312+0000] {logging_mixin.py:188} INFO - [2024-04-21T15:10:10.312+0000] {dag.py:3954} INFO - Setting next_dagrun for example_trigger_controller_dag to 2021-01-01 00:00:00+00:00, run_after=2021-01-01 00:00:00+00:00
[2024-04-21T15:10:10.319+0000] {processor.py:183} INFO - Processing /home/airflow/.local/lib/python3.12/site-packages/airflow/example_dags/example_trigger_controller_dag.py took 0.035 seconds
[2024-04-21T15:10:40.645+0000] {processor.py:161} INFO - Started process (PID=12960) to work on /home/airflow/.local/lib/python3.12/site-packages/airflow/example_dags/example_trigger_controller_dag.py
[2024-04-21T15:10:40.646+0000] {processor.py:830} INFO - Processing file /home/airflow/.local/lib/python3.12/site-packages/airflow/example_dags/example_trigger_controller_dag.py for tasks to queue
[2024-04-21T15:10:40.647+0000] {logging_mixin.py:188} INFO - [2024-04-21T15:10:40.647+0000] {dagbag.py:540} INFO - Filling up the DagBag from /home/airflow/.local/lib/python3.12/site-packages/airflow/example_dags/example_trigger_controller_dag.py
[2024-04-21T15:10:40.650+0000] {processor.py:840} INFO - DAG(s) 'example_trigger_controller_dag' retrieved from /home/airflow/.local/lib/python3.12/site-packages/airflow/example_dags/example_trigger_controller_dag.py
[2024-04-21T15:10:40.661+0000] {logging_mixin.py:188} INFO - [2024-04-21T15:10:40.661+0000] {dag.py:3096} INFO - Sync 1 DAGs
[2024-04-21T15:10:40.673+0000] {logging_mixin.py:188} INFO - [2024-04-21T15:10:40.673+0000] {dag.py:3954} INFO - Setting next_dagrun for example_trigger_controller_dag to 2021-01-01 00:00:00+00:00, run_after=2021-01-01 00:00:00+00:00
[2024-04-21T15:10:40.682+0000] {processor.py:183} INFO - Processing /home/airflow/.local/lib/python3.12/site-packages/airflow/example_dags/example_trigger_controller_dag.py took 0.040 seconds
[2024-04-21T15:11:11.596+0000] {processor.py:161} INFO - Started process (PID=13240) to work on /home/airflow/.local/lib/python3.12/site-packages/airflow/example_dags/example_trigger_controller_dag.py
[2024-04-21T15:11:11.596+0000] {processor.py:830} INFO - Processing file /home/airflow/.local/lib/python3.12/site-packages/airflow/example_dags/example_trigger_controller_dag.py for tasks to queue
[2024-04-21T15:11:11.597+0000] {logging_mixin.py:188} INFO - [2024-04-21T15:11:11.597+0000] {dagbag.py:540} INFO - Filling up the DagBag from /home/airflow/.local/lib/python3.12/site-packages/airflow/example_dags/example_trigger_controller_dag.py
[2024-04-21T15:11:11.600+0000] {processor.py:840} INFO - DAG(s) 'example_trigger_controller_dag' retrieved from /home/airflow/.local/lib/python3.12/site-packages/airflow/example_dags/example_trigger_controller_dag.py
[2024-04-21T15:11:11.611+0000] {logging_mixin.py:188} INFO - [2024-04-21T15:11:11.611+0000] {dag.py:3096} INFO - Sync 1 DAGs
[2024-04-21T15:11:11.621+0000] {logging_mixin.py:188} INFO - [2024-04-21T15:11:11.621+0000] {dag.py:3954} INFO - Setting next_dagrun for example_trigger_controller_dag to 2021-01-01 00:00:00+00:00, run_after=2021-01-01 00:00:00+00:00
[2024-04-21T15:11:11.628+0000] {processor.py:183} INFO - Processing /home/airflow/.local/lib/python3.12/site-packages/airflow/example_dags/example_trigger_controller_dag.py took 0.035 seconds
[2024-04-21T15:11:42.598+0000] {processor.py:161} INFO - Started process (PID=13513) to work on /home/airflow/.local/lib/python3.12/site-packages/airflow/example_dags/example_trigger_controller_dag.py
[2024-04-21T15:11:42.598+0000] {processor.py:830} INFO - Processing file /home/airflow/.local/lib/python3.12/site-packages/airflow/example_dags/example_trigger_controller_dag.py for tasks to queue
[2024-04-21T15:11:42.599+0000] {logging_mixin.py:188} INFO - [2024-04-21T15:11:42.599+0000] {dagbag.py:540} INFO - Filling up the DagBag from /home/airflow/.local/lib/python3.12/site-packages/airflow/example_dags/example_trigger_controller_dag.py
[2024-04-21T15:11:42.602+0000] {processor.py:840} INFO - DAG(s) 'example_trigger_controller_dag' retrieved from /home/airflow/.local/lib/python3.12/site-packages/airflow/example_dags/example_trigger_controller_dag.py
[2024-04-21T15:11:42.614+0000] {logging_mixin.py:188} INFO - [2024-04-21T15:11:42.614+0000] {dag.py:3096} INFO - Sync 1 DAGs
[2024-04-21T15:11:42.623+0000] {logging_mixin.py:188} INFO - [2024-04-21T15:11:42.623+0000] {dag.py:3954} INFO - Setting next_dagrun for example_trigger_controller_dag to 2021-01-01 00:00:00+00:00, run_after=2021-01-01 00:00:00+00:00
[2024-04-21T15:11:42.629+0000] {processor.py:183} INFO - Processing /home/airflow/.local/lib/python3.12/site-packages/airflow/example_dags/example_trigger_controller_dag.py took 0.035 seconds
[2024-04-21T15:12:13.676+0000] {processor.py:161} INFO - Started process (PID=13795) to work on /home/airflow/.local/lib/python3.12/site-packages/airflow/example_dags/example_trigger_controller_dag.py
[2024-04-21T15:12:13.677+0000] {processor.py:830} INFO - Processing file /home/airflow/.local/lib/python3.12/site-packages/airflow/example_dags/example_trigger_controller_dag.py for tasks to queue
[2024-04-21T15:12:13.678+0000] {logging_mixin.py:188} INFO - [2024-04-21T15:12:13.678+0000] {dagbag.py:540} INFO - Filling up the DagBag from /home/airflow/.local/lib/python3.12/site-packages/airflow/example_dags/example_trigger_controller_dag.py
[2024-04-21T15:12:13.681+0000] {processor.py:840} INFO - DAG(s) 'example_trigger_controller_dag' retrieved from /home/airflow/.local/lib/python3.12/site-packages/airflow/example_dags/example_trigger_controller_dag.py
[2024-04-21T15:12:13.693+0000] {logging_mixin.py:188} INFO - [2024-04-21T15:12:13.693+0000] {dag.py:3096} INFO - Sync 1 DAGs
[2024-04-21T15:12:13.702+0000] {logging_mixin.py:188} INFO - [2024-04-21T15:12:13.702+0000] {dag.py:3954} INFO - Setting next_dagrun for example_trigger_controller_dag to 2021-01-01 00:00:00+00:00, run_after=2021-01-01 00:00:00+00:00
[2024-04-21T15:12:13.709+0000] {processor.py:183} INFO - Processing /home/airflow/.local/lib/python3.12/site-packages/airflow/example_dags/example_trigger_controller_dag.py took 0.036 seconds
[2024-04-21T15:12:44.402+0000] {processor.py:161} INFO - Started process (PID=14071) to work on /home/airflow/.local/lib/python3.12/site-packages/airflow/example_dags/example_trigger_controller_dag.py
[2024-04-21T15:12:44.402+0000] {processor.py:830} INFO - Processing file /home/airflow/.local/lib/python3.12/site-packages/airflow/example_dags/example_trigger_controller_dag.py for tasks to queue
[2024-04-21T15:12:44.403+0000] {logging_mixin.py:188} INFO - [2024-04-21T15:12:44.403+0000] {dagbag.py:540} INFO - Filling up the DagBag from /home/airflow/.local/lib/python3.12/site-packages/airflow/example_dags/example_trigger_controller_dag.py
[2024-04-21T15:12:44.406+0000] {processor.py:840} INFO - DAG(s) 'example_trigger_controller_dag' retrieved from /home/airflow/.local/lib/python3.12/site-packages/airflow/example_dags/example_trigger_controller_dag.py
[2024-04-21T15:12:44.418+0000] {logging_mixin.py:188} INFO - [2024-04-21T15:12:44.418+0000] {dag.py:3096} INFO - Sync 1 DAGs
[2024-04-21T15:12:44.428+0000] {logging_mixin.py:188} INFO - [2024-04-21T15:12:44.427+0000] {dag.py:3954} INFO - Setting next_dagrun for example_trigger_controller_dag to 2021-01-01 00:00:00+00:00, run_after=2021-01-01 00:00:00+00:00
[2024-04-21T15:12:44.435+0000] {processor.py:183} INFO - Processing /home/airflow/.local/lib/python3.12/site-packages/airflow/example_dags/example_trigger_controller_dag.py took 0.037 seconds
[2024-04-21T15:13:15.436+0000] {processor.py:161} INFO - Started process (PID=14357) to work on /home/airflow/.local/lib/python3.12/site-packages/airflow/example_dags/example_trigger_controller_dag.py
[2024-04-21T15:13:15.437+0000] {processor.py:830} INFO - Processing file /home/airflow/.local/lib/python3.12/site-packages/airflow/example_dags/example_trigger_controller_dag.py for tasks to queue
[2024-04-21T15:13:15.438+0000] {logging_mixin.py:188} INFO - [2024-04-21T15:13:15.437+0000] {dagbag.py:540} INFO - Filling up the DagBag from /home/airflow/.local/lib/python3.12/site-packages/airflow/example_dags/example_trigger_controller_dag.py
[2024-04-21T15:13:15.440+0000] {processor.py:840} INFO - DAG(s) 'example_trigger_controller_dag' retrieved from /home/airflow/.local/lib/python3.12/site-packages/airflow/example_dags/example_trigger_controller_dag.py
[2024-04-21T15:13:15.452+0000] {logging_mixin.py:188} INFO - [2024-04-21T15:13:15.452+0000] {dag.py:3096} INFO - Sync 1 DAGs
[2024-04-21T15:13:15.460+0000] {logging_mixin.py:188} INFO - [2024-04-21T15:13:15.460+0000] {dag.py:3954} INFO - Setting next_dagrun for example_trigger_controller_dag to 2021-01-01 00:00:00+00:00, run_after=2021-01-01 00:00:00+00:00
[2024-04-21T15:13:15.467+0000] {processor.py:183} INFO - Processing /home/airflow/.local/lib/python3.12/site-packages/airflow/example_dags/example_trigger_controller_dag.py took 0.034 seconds
[2024-04-21T15:13:46.488+0000] {processor.py:161} INFO - Started process (PID=14622) to work on /home/airflow/.local/lib/python3.12/site-packages/airflow/example_dags/example_trigger_controller_dag.py
[2024-04-21T15:13:46.489+0000] {processor.py:830} INFO - Processing file /home/airflow/.local/lib/python3.12/site-packages/airflow/example_dags/example_trigger_controller_dag.py for tasks to queue
[2024-04-21T15:13:46.490+0000] {logging_mixin.py:188} INFO - [2024-04-21T15:13:46.490+0000] {dagbag.py:540} INFO - Filling up the DagBag from /home/airflow/.local/lib/python3.12/site-packages/airflow/example_dags/example_trigger_controller_dag.py
[2024-04-21T15:13:46.492+0000] {processor.py:840} INFO - DAG(s) 'example_trigger_controller_dag' retrieved from /home/airflow/.local/lib/python3.12/site-packages/airflow/example_dags/example_trigger_controller_dag.py
[2024-04-21T15:13:46.504+0000] {logging_mixin.py:188} INFO - [2024-04-21T15:13:46.504+0000] {dag.py:3096} INFO - Sync 1 DAGs
[2024-04-21T15:13:46.514+0000] {logging_mixin.py:188} INFO - [2024-04-21T15:13:46.514+0000] {dag.py:3954} INFO - Setting next_dagrun for example_trigger_controller_dag to 2021-01-01 00:00:00+00:00, run_after=2021-01-01 00:00:00+00:00
[2024-04-21T15:13:46.522+0000] {processor.py:183} INFO - Processing /home/airflow/.local/lib/python3.12/site-packages/airflow/example_dags/example_trigger_controller_dag.py took 0.037 seconds
[2024-04-21T15:14:17.585+0000] {processor.py:161} INFO - Started process (PID=14889) to work on /home/airflow/.local/lib/python3.12/site-packages/airflow/example_dags/example_trigger_controller_dag.py
[2024-04-21T15:14:17.586+0000] {processor.py:830} INFO - Processing file /home/airflow/.local/lib/python3.12/site-packages/airflow/example_dags/example_trigger_controller_dag.py for tasks to queue
[2024-04-21T15:14:17.587+0000] {logging_mixin.py:188} INFO - [2024-04-21T15:14:17.587+0000] {dagbag.py:540} INFO - Filling up the DagBag from /home/airflow/.local/lib/python3.12/site-packages/airflow/example_dags/example_trigger_controller_dag.py
[2024-04-21T15:14:17.590+0000] {processor.py:840} INFO - DAG(s) 'example_trigger_controller_dag' retrieved from /home/airflow/.local/lib/python3.12/site-packages/airflow/example_dags/example_trigger_controller_dag.py
[2024-04-21T15:14:17.602+0000] {logging_mixin.py:188} INFO - [2024-04-21T15:14:17.602+0000] {dag.py:3096} INFO - Sync 1 DAGs
[2024-04-21T15:14:17.611+0000] {logging_mixin.py:188} INFO - [2024-04-21T15:14:17.611+0000] {dag.py:3954} INFO - Setting next_dagrun for example_trigger_controller_dag to 2021-01-01 00:00:00+00:00, run_after=2021-01-01 00:00:00+00:00
[2024-04-21T15:14:17.619+0000] {processor.py:183} INFO - Processing /home/airflow/.local/lib/python3.12/site-packages/airflow/example_dags/example_trigger_controller_dag.py took 0.037 seconds
[2024-04-21T15:14:47.722+0000] {processor.py:161} INFO - Started process (PID=15158) to work on /home/airflow/.local/lib/python3.12/site-packages/airflow/example_dags/example_trigger_controller_dag.py
[2024-04-21T15:14:47.723+0000] {processor.py:830} INFO - Processing file /home/airflow/.local/lib/python3.12/site-packages/airflow/example_dags/example_trigger_controller_dag.py for tasks to queue
[2024-04-21T15:14:47.724+0000] {logging_mixin.py:188} INFO - [2024-04-21T15:14:47.723+0000] {dagbag.py:540} INFO - Filling up the DagBag from /home/airflow/.local/lib/python3.12/site-packages/airflow/example_dags/example_trigger_controller_dag.py
[2024-04-21T15:14:47.727+0000] {processor.py:840} INFO - DAG(s) 'example_trigger_controller_dag' retrieved from /home/airflow/.local/lib/python3.12/site-packages/airflow/example_dags/example_trigger_controller_dag.py
[2024-04-21T15:14:47.739+0000] {logging_mixin.py:188} INFO - [2024-04-21T15:14:47.739+0000] {dag.py:3096} INFO - Sync 1 DAGs
[2024-04-21T15:14:47.748+0000] {logging_mixin.py:188} INFO - [2024-04-21T15:14:47.748+0000] {dag.py:3954} INFO - Setting next_dagrun for example_trigger_controller_dag to 2021-01-01 00:00:00+00:00, run_after=2021-01-01 00:00:00+00:00
[2024-04-21T15:14:47.755+0000] {processor.py:183} INFO - Processing /home/airflow/.local/lib/python3.12/site-packages/airflow/example_dags/example_trigger_controller_dag.py took 0.036 seconds
[2024-04-21T15:15:17.812+0000] {processor.py:161} INFO - Started process (PID=15425) to work on /home/airflow/.local/lib/python3.12/site-packages/airflow/example_dags/example_trigger_controller_dag.py
[2024-04-21T15:15:17.813+0000] {processor.py:830} INFO - Processing file /home/airflow/.local/lib/python3.12/site-packages/airflow/example_dags/example_trigger_controller_dag.py for tasks to queue
[2024-04-21T15:15:17.814+0000] {logging_mixin.py:188} INFO - [2024-04-21T15:15:17.813+0000] {dagbag.py:540} INFO - Filling up the DagBag from /home/airflow/.local/lib/python3.12/site-packages/airflow/example_dags/example_trigger_controller_dag.py
[2024-04-21T15:15:17.817+0000] {processor.py:840} INFO - DAG(s) 'example_trigger_controller_dag' retrieved from /home/airflow/.local/lib/python3.12/site-packages/airflow/example_dags/example_trigger_controller_dag.py
[2024-04-21T15:15:17.828+0000] {logging_mixin.py:188} INFO - [2024-04-21T15:15:17.828+0000] {dag.py:3096} INFO - Sync 1 DAGs
[2024-04-21T15:15:17.837+0000] {logging_mixin.py:188} INFO - [2024-04-21T15:15:17.837+0000] {dag.py:3954} INFO - Setting next_dagrun for example_trigger_controller_dag to 2021-01-01 00:00:00+00:00, run_after=2021-01-01 00:00:00+00:00
[2024-04-21T15:15:17.843+0000] {processor.py:183} INFO - Processing /home/airflow/.local/lib/python3.12/site-packages/airflow/example_dags/example_trigger_controller_dag.py took 0.034 seconds
[2024-04-21T15:15:47.996+0000] {processor.py:161} INFO - Started process (PID=15690) to work on /home/airflow/.local/lib/python3.12/site-packages/airflow/example_dags/example_trigger_controller_dag.py
[2024-04-21T15:15:47.997+0000] {processor.py:830} INFO - Processing file /home/airflow/.local/lib/python3.12/site-packages/airflow/example_dags/example_trigger_controller_dag.py for tasks to queue
[2024-04-21T15:15:47.998+0000] {logging_mixin.py:188} INFO - [2024-04-21T15:15:47.997+0000] {dagbag.py:540} INFO - Filling up the DagBag from /home/airflow/.local/lib/python3.12/site-packages/airflow/example_dags/example_trigger_controller_dag.py
[2024-04-21T15:15:48.000+0000] {processor.py:840} INFO - DAG(s) 'example_trigger_controller_dag' retrieved from /home/airflow/.local/lib/python3.12/site-packages/airflow/example_dags/example_trigger_controller_dag.py
[2024-04-21T15:15:48.012+0000] {logging_mixin.py:188} INFO - [2024-04-21T15:15:48.012+0000] {dag.py:3096} INFO - Sync 1 DAGs
[2024-04-21T15:15:48.021+0000] {logging_mixin.py:188} INFO - [2024-04-21T15:15:48.021+0000] {dag.py:3954} INFO - Setting next_dagrun for example_trigger_controller_dag to 2021-01-01 00:00:00+00:00, run_after=2021-01-01 00:00:00+00:00
[2024-04-21T15:15:48.028+0000] {processor.py:183} INFO - Processing /home/airflow/.local/lib/python3.12/site-packages/airflow/example_dags/example_trigger_controller_dag.py took 0.035 seconds
[2024-04-21T15:16:18.255+0000] {processor.py:161} INFO - Started process (PID=15956) to work on /home/airflow/.local/lib/python3.12/site-packages/airflow/example_dags/example_trigger_controller_dag.py
[2024-04-21T15:16:18.256+0000] {processor.py:830} INFO - Processing file /home/airflow/.local/lib/python3.12/site-packages/airflow/example_dags/example_trigger_controller_dag.py for tasks to queue
[2024-04-21T15:16:18.257+0000] {logging_mixin.py:188} INFO - [2024-04-21T15:16:18.256+0000] {dagbag.py:540} INFO - Filling up the DagBag from /home/airflow/.local/lib/python3.12/site-packages/airflow/example_dags/example_trigger_controller_dag.py
[2024-04-21T15:16:18.259+0000] {processor.py:840} INFO - DAG(s) 'example_trigger_controller_dag' retrieved from /home/airflow/.local/lib/python3.12/site-packages/airflow/example_dags/example_trigger_controller_dag.py
[2024-04-21T15:16:18.271+0000] {logging_mixin.py:188} INFO - [2024-04-21T15:16:18.271+0000] {dag.py:3096} INFO - Sync 1 DAGs
[2024-04-21T15:16:18.280+0000] {logging_mixin.py:188} INFO - [2024-04-21T15:16:18.280+0000] {dag.py:3954} INFO - Setting next_dagrun for example_trigger_controller_dag to 2021-01-01 00:00:00+00:00, run_after=2021-01-01 00:00:00+00:00
[2024-04-21T15:16:18.288+0000] {processor.py:183} INFO - Processing /home/airflow/.local/lib/python3.12/site-packages/airflow/example_dags/example_trigger_controller_dag.py took 0.036 seconds
[2024-04-21T15:16:48.558+0000] {processor.py:161} INFO - Started process (PID=16225) to work on /home/airflow/.local/lib/python3.12/site-packages/airflow/example_dags/example_trigger_controller_dag.py
[2024-04-21T15:16:48.558+0000] {processor.py:830} INFO - Processing file /home/airflow/.local/lib/python3.12/site-packages/airflow/example_dags/example_trigger_controller_dag.py for tasks to queue
[2024-04-21T15:16:48.559+0000] {logging_mixin.py:188} INFO - [2024-04-21T15:16:48.559+0000] {dagbag.py:540} INFO - Filling up the DagBag from /home/airflow/.local/lib/python3.12/site-packages/airflow/example_dags/example_trigger_controller_dag.py
[2024-04-21T15:16:48.562+0000] {processor.py:840} INFO - DAG(s) 'example_trigger_controller_dag' retrieved from /home/airflow/.local/lib/python3.12/site-packages/airflow/example_dags/example_trigger_controller_dag.py
[2024-04-21T15:16:48.574+0000] {logging_mixin.py:188} INFO - [2024-04-21T15:16:48.574+0000] {dag.py:3096} INFO - Sync 1 DAGs
[2024-04-21T15:16:48.584+0000] {logging_mixin.py:188} INFO - [2024-04-21T15:16:48.584+0000] {dag.py:3954} INFO - Setting next_dagrun for example_trigger_controller_dag to 2021-01-01 00:00:00+00:00, run_after=2021-01-01 00:00:00+00:00
[2024-04-21T15:16:48.591+0000] {processor.py:183} INFO - Processing /home/airflow/.local/lib/python3.12/site-packages/airflow/example_dags/example_trigger_controller_dag.py took 0.036 seconds
[2024-04-21T15:17:18.706+0000] {processor.py:161} INFO - Started process (PID=16492) to work on /home/airflow/.local/lib/python3.12/site-packages/airflow/example_dags/example_trigger_controller_dag.py
[2024-04-21T15:17:18.706+0000] {processor.py:830} INFO - Processing file /home/airflow/.local/lib/python3.12/site-packages/airflow/example_dags/example_trigger_controller_dag.py for tasks to queue
[2024-04-21T15:17:18.707+0000] {logging_mixin.py:188} INFO - [2024-04-21T15:17:18.707+0000] {dagbag.py:540} INFO - Filling up the DagBag from /home/airflow/.local/lib/python3.12/site-packages/airflow/example_dags/example_trigger_controller_dag.py
[2024-04-21T15:17:18.710+0000] {processor.py:840} INFO - DAG(s) 'example_trigger_controller_dag' retrieved from /home/airflow/.local/lib/python3.12/site-packages/airflow/example_dags/example_trigger_controller_dag.py
[2024-04-21T15:17:18.721+0000] {logging_mixin.py:188} INFO - [2024-04-21T15:17:18.721+0000] {dag.py:3096} INFO - Sync 1 DAGs
[2024-04-21T15:17:18.731+0000] {logging_mixin.py:188} INFO - [2024-04-21T15:17:18.731+0000] {dag.py:3954} INFO - Setting next_dagrun for example_trigger_controller_dag to 2021-01-01 00:00:00+00:00, run_after=2021-01-01 00:00:00+00:00
[2024-04-21T15:17:18.738+0000] {processor.py:183} INFO - Processing /home/airflow/.local/lib/python3.12/site-packages/airflow/example_dags/example_trigger_controller_dag.py took 0.036 seconds
[2024-04-21T15:17:48.823+0000] {processor.py:161} INFO - Started process (PID=16760) to work on /home/airflow/.local/lib/python3.12/site-packages/airflow/example_dags/example_trigger_controller_dag.py
[2024-04-21T15:17:48.824+0000] {processor.py:830} INFO - Processing file /home/airflow/.local/lib/python3.12/site-packages/airflow/example_dags/example_trigger_controller_dag.py for tasks to queue
[2024-04-21T15:17:48.825+0000] {logging_mixin.py:188} INFO - [2024-04-21T15:17:48.825+0000] {dagbag.py:540} INFO - Filling up the DagBag from /home/airflow/.local/lib/python3.12/site-packages/airflow/example_dags/example_trigger_controller_dag.py
[2024-04-21T15:17:48.828+0000] {processor.py:840} INFO - DAG(s) 'example_trigger_controller_dag' retrieved from /home/airflow/.local/lib/python3.12/site-packages/airflow/example_dags/example_trigger_controller_dag.py
[2024-04-21T15:17:48.840+0000] {logging_mixin.py:188} INFO - [2024-04-21T15:17:48.840+0000] {dag.py:3096} INFO - Sync 1 DAGs
[2024-04-21T15:17:48.849+0000] {logging_mixin.py:188} INFO - [2024-04-21T15:17:48.849+0000] {dag.py:3954} INFO - Setting next_dagrun for example_trigger_controller_dag to 2021-01-01 00:00:00+00:00, run_after=2021-01-01 00:00:00+00:00
[2024-04-21T15:17:48.856+0000] {processor.py:183} INFO - Processing /home/airflow/.local/lib/python3.12/site-packages/airflow/example_dags/example_trigger_controller_dag.py took 0.035 seconds
[2024-04-21T15:18:19.043+0000] {processor.py:161} INFO - Started process (PID=17028) to work on /home/airflow/.local/lib/python3.12/site-packages/airflow/example_dags/example_trigger_controller_dag.py
[2024-04-21T15:18:19.043+0000] {processor.py:830} INFO - Processing file /home/airflow/.local/lib/python3.12/site-packages/airflow/example_dags/example_trigger_controller_dag.py for tasks to queue
[2024-04-21T15:18:19.045+0000] {logging_mixin.py:188} INFO - [2024-04-21T15:18:19.044+0000] {dagbag.py:540} INFO - Filling up the DagBag from /home/airflow/.local/lib/python3.12/site-packages/airflow/example_dags/example_trigger_controller_dag.py
[2024-04-21T15:18:19.047+0000] {processor.py:840} INFO - DAG(s) 'example_trigger_controller_dag' retrieved from /home/airflow/.local/lib/python3.12/site-packages/airflow/example_dags/example_trigger_controller_dag.py
[2024-04-21T15:18:19.059+0000] {logging_mixin.py:188} INFO - [2024-04-21T15:18:19.059+0000] {dag.py:3096} INFO - Sync 1 DAGs
[2024-04-21T15:18:19.068+0000] {logging_mixin.py:188} INFO - [2024-04-21T15:18:19.068+0000] {dag.py:3954} INFO - Setting next_dagrun for example_trigger_controller_dag to 2021-01-01 00:00:00+00:00, run_after=2021-01-01 00:00:00+00:00
[2024-04-21T15:18:19.074+0000] {processor.py:183} INFO - Processing /home/airflow/.local/lib/python3.12/site-packages/airflow/example_dags/example_trigger_controller_dag.py took 0.034 seconds
[2024-04-21T15:18:49.994+0000] {processor.py:161} INFO - Started process (PID=17291) to work on /home/airflow/.local/lib/python3.12/site-packages/airflow/example_dags/example_trigger_controller_dag.py
[2024-04-21T15:18:49.995+0000] {processor.py:830} INFO - Processing file /home/airflow/.local/lib/python3.12/site-packages/airflow/example_dags/example_trigger_controller_dag.py for tasks to queue
[2024-04-21T15:18:49.996+0000] {logging_mixin.py:188} INFO - [2024-04-21T15:18:49.995+0000] {dagbag.py:540} INFO - Filling up the DagBag from /home/airflow/.local/lib/python3.12/site-packages/airflow/example_dags/example_trigger_controller_dag.py
[2024-04-21T15:18:49.998+0000] {processor.py:840} INFO - DAG(s) 'example_trigger_controller_dag' retrieved from /home/airflow/.local/lib/python3.12/site-packages/airflow/example_dags/example_trigger_controller_dag.py
[2024-04-21T15:18:50.010+0000] {logging_mixin.py:188} INFO - [2024-04-21T15:18:50.009+0000] {dag.py:3096} INFO - Sync 1 DAGs
[2024-04-21T15:18:50.019+0000] {logging_mixin.py:188} INFO - [2024-04-21T15:18:50.018+0000] {dag.py:3954} INFO - Setting next_dagrun for example_trigger_controller_dag to 2021-01-01 00:00:00+00:00, run_after=2021-01-01 00:00:00+00:00
[2024-04-21T15:18:50.027+0000] {processor.py:183} INFO - Processing /home/airflow/.local/lib/python3.12/site-packages/airflow/example_dags/example_trigger_controller_dag.py took 0.035 seconds
[2024-04-21T15:19:20.924+0000] {processor.py:161} INFO - Started process (PID=17565) to work on /home/airflow/.local/lib/python3.12/site-packages/airflow/example_dags/example_trigger_controller_dag.py
[2024-04-21T15:19:20.925+0000] {processor.py:830} INFO - Processing file /home/airflow/.local/lib/python3.12/site-packages/airflow/example_dags/example_trigger_controller_dag.py for tasks to queue
[2024-04-21T15:19:20.926+0000] {logging_mixin.py:188} INFO - [2024-04-21T15:19:20.926+0000] {dagbag.py:540} INFO - Filling up the DagBag from /home/airflow/.local/lib/python3.12/site-packages/airflow/example_dags/example_trigger_controller_dag.py
[2024-04-21T15:19:20.929+0000] {processor.py:840} INFO - DAG(s) 'example_trigger_controller_dag' retrieved from /home/airflow/.local/lib/python3.12/site-packages/airflow/example_dags/example_trigger_controller_dag.py
[2024-04-21T15:19:20.940+0000] {logging_mixin.py:188} INFO - [2024-04-21T15:19:20.940+0000] {dag.py:3096} INFO - Sync 1 DAGs
[2024-04-21T15:19:20.949+0000] {logging_mixin.py:188} INFO - [2024-04-21T15:19:20.949+0000] {dag.py:3954} INFO - Setting next_dagrun for example_trigger_controller_dag to 2021-01-01 00:00:00+00:00, run_after=2021-01-01 00:00:00+00:00
[2024-04-21T15:19:20.957+0000] {processor.py:183} INFO - Processing /home/airflow/.local/lib/python3.12/site-packages/airflow/example_dags/example_trigger_controller_dag.py took 0.036 seconds
[2024-04-21T15:19:51.141+0000] {processor.py:161} INFO - Started process (PID=17834) to work on /home/airflow/.local/lib/python3.12/site-packages/airflow/example_dags/example_trigger_controller_dag.py
[2024-04-21T15:19:51.142+0000] {processor.py:830} INFO - Processing file /home/airflow/.local/lib/python3.12/site-packages/airflow/example_dags/example_trigger_controller_dag.py for tasks to queue
[2024-04-21T15:19:51.143+0000] {logging_mixin.py:188} INFO - [2024-04-21T15:19:51.143+0000] {dagbag.py:540} INFO - Filling up the DagBag from /home/airflow/.local/lib/python3.12/site-packages/airflow/example_dags/example_trigger_controller_dag.py
[2024-04-21T15:19:51.146+0000] {processor.py:840} INFO - DAG(s) 'example_trigger_controller_dag' retrieved from /home/airflow/.local/lib/python3.12/site-packages/airflow/example_dags/example_trigger_controller_dag.py
[2024-04-21T15:19:51.163+0000] {logging_mixin.py:188} INFO - [2024-04-21T15:19:51.163+0000] {dag.py:3096} INFO - Sync 1 DAGs
[2024-04-21T15:19:51.174+0000] {logging_mixin.py:188} INFO - [2024-04-21T15:19:51.174+0000] {dag.py:3954} INFO - Setting next_dagrun for example_trigger_controller_dag to 2021-01-01 00:00:00+00:00, run_after=2021-01-01 00:00:00+00:00
[2024-04-21T15:19:51.183+0000] {processor.py:183} INFO - Processing /home/airflow/.local/lib/python3.12/site-packages/airflow/example_dags/example_trigger_controller_dag.py took 0.046 seconds
[2024-04-21T15:20:21.281+0000] {processor.py:161} INFO - Started process (PID=18102) to work on /home/airflow/.local/lib/python3.12/site-packages/airflow/example_dags/example_trigger_controller_dag.py
[2024-04-21T15:20:21.281+0000] {processor.py:830} INFO - Processing file /home/airflow/.local/lib/python3.12/site-packages/airflow/example_dags/example_trigger_controller_dag.py for tasks to queue
[2024-04-21T15:20:21.282+0000] {logging_mixin.py:188} INFO - [2024-04-21T15:20:21.282+0000] {dagbag.py:540} INFO - Filling up the DagBag from /home/airflow/.local/lib/python3.12/site-packages/airflow/example_dags/example_trigger_controller_dag.py
[2024-04-21T15:20:21.285+0000] {processor.py:840} INFO - DAG(s) 'example_trigger_controller_dag' retrieved from /home/airflow/.local/lib/python3.12/site-packages/airflow/example_dags/example_trigger_controller_dag.py
[2024-04-21T15:20:21.297+0000] {logging_mixin.py:188} INFO - [2024-04-21T15:20:21.296+0000] {dag.py:3096} INFO - Sync 1 DAGs
[2024-04-21T15:20:21.305+0000] {logging_mixin.py:188} INFO - [2024-04-21T15:20:21.305+0000] {dag.py:3954} INFO - Setting next_dagrun for example_trigger_controller_dag to 2021-01-01 00:00:00+00:00, run_after=2021-01-01 00:00:00+00:00
[2024-04-21T15:20:21.312+0000] {processor.py:183} INFO - Processing /home/airflow/.local/lib/python3.12/site-packages/airflow/example_dags/example_trigger_controller_dag.py took 0.034 seconds
