[2024-04-21T14:30:02.236+0000] {processor.py:161} INFO - Started process (PID=246) to work on /home/airflow/.local/lib/python3.12/site-packages/airflow/example_dags/example_branch_labels.py
[2024-04-21T14:30:02.237+0000] {processor.py:830} INFO - Processing file /home/airflow/.local/lib/python3.12/site-packages/airflow/example_dags/example_branch_labels.py for tasks to queue
[2024-04-21T14:30:02.239+0000] {logging_mixin.py:188} INFO - [2024-04-21T14:30:02.238+0000] {dagbag.py:540} INFO - Filling up the DagBag from /home/airflow/.local/lib/python3.12/site-packages/airflow/example_dags/example_branch_labels.py
[2024-04-21T14:30:02.244+0000] {processor.py:840} INFO - DAG(s) 'example_branch_labels' retrieved from /home/airflow/.local/lib/python3.12/site-packages/airflow/example_dags/example_branch_labels.py
[2024-04-21T14:30:02.254+0000] {logging_mixin.py:188} INFO - [2024-04-21T14:30:02.254+0000] {dag.py:3096} INFO - Sync 1 DAGs
[2024-04-21T14:30:02.268+0000] {logging_mixin.py:188} INFO - [2024-04-21T14:30:02.268+0000] {dag.py:3954} INFO - Setting next_dagrun for example_branch_labels to 2024-04-20 00:00:00+00:00, run_after=2024-04-21 00:00:00+00:00
[2024-04-21T14:30:02.280+0000] {processor.py:183} INFO - Processing /home/airflow/.local/lib/python3.12/site-packages/airflow/example_dags/example_branch_labels.py took 0.047 seconds
[2024-04-21T14:30:32.962+0000] {processor.py:161} INFO - Started process (PID=508) to work on /home/airflow/.local/lib/python3.12/site-packages/airflow/example_dags/example_branch_labels.py
[2024-04-21T14:30:32.963+0000] {processor.py:830} INFO - Processing file /home/airflow/.local/lib/python3.12/site-packages/airflow/example_dags/example_branch_labels.py for tasks to queue
[2024-04-21T14:30:32.965+0000] {logging_mixin.py:188} INFO - [2024-04-21T14:30:32.964+0000] {dagbag.py:540} INFO - Filling up the DagBag from /home/airflow/.local/lib/python3.12/site-packages/airflow/example_dags/example_branch_labels.py
[2024-04-21T14:30:32.970+0000] {processor.py:840} INFO - DAG(s) 'example_branch_labels' retrieved from /home/airflow/.local/lib/python3.12/site-packages/airflow/example_dags/example_branch_labels.py
[2024-04-21T14:30:33.037+0000] {logging_mixin.py:188} INFO - [2024-04-21T14:30:33.037+0000] {dag.py:3096} INFO - Sync 1 DAGs
[2024-04-21T14:30:33.049+0000] {logging_mixin.py:188} INFO - [2024-04-21T14:30:33.049+0000] {dag.py:3954} INFO - Setting next_dagrun for example_branch_labels to 2024-04-20 00:00:00+00:00, run_after=2024-04-21 00:00:00+00:00
[2024-04-21T14:30:33.059+0000] {processor.py:183} INFO - Processing /home/airflow/.local/lib/python3.12/site-packages/airflow/example_dags/example_branch_labels.py took 0.101 seconds
[2024-04-21T14:31:03.150+0000] {processor.py:161} INFO - Started process (PID=772) to work on /home/airflow/.local/lib/python3.12/site-packages/airflow/example_dags/example_branch_labels.py
[2024-04-21T14:31:03.151+0000] {processor.py:830} INFO - Processing file /home/airflow/.local/lib/python3.12/site-packages/airflow/example_dags/example_branch_labels.py for tasks to queue
[2024-04-21T14:31:03.153+0000] {logging_mixin.py:188} INFO - [2024-04-21T14:31:03.152+0000] {dagbag.py:540} INFO - Filling up the DagBag from /home/airflow/.local/lib/python3.12/site-packages/airflow/example_dags/example_branch_labels.py
[2024-04-21T14:31:03.158+0000] {processor.py:840} INFO - DAG(s) 'example_branch_labels' retrieved from /home/airflow/.local/lib/python3.12/site-packages/airflow/example_dags/example_branch_labels.py
[2024-04-21T14:31:03.177+0000] {logging_mixin.py:188} INFO - [2024-04-21T14:31:03.177+0000] {dag.py:3096} INFO - Sync 1 DAGs
[2024-04-21T14:31:03.191+0000] {logging_mixin.py:188} INFO - [2024-04-21T14:31:03.191+0000] {dag.py:3954} INFO - Setting next_dagrun for example_branch_labels to 2024-04-20 00:00:00+00:00, run_after=2024-04-21 00:00:00+00:00
[2024-04-21T14:31:03.201+0000] {processor.py:183} INFO - Processing /home/airflow/.local/lib/python3.12/site-packages/airflow/example_dags/example_branch_labels.py took 0.055 seconds
[2024-04-21T14:31:33.652+0000] {processor.py:161} INFO - Started process (PID=1032) to work on /home/airflow/.local/lib/python3.12/site-packages/airflow/example_dags/example_branch_labels.py
[2024-04-21T14:31:33.652+0000] {processor.py:830} INFO - Processing file /home/airflow/.local/lib/python3.12/site-packages/airflow/example_dags/example_branch_labels.py for tasks to queue
[2024-04-21T14:31:33.654+0000] {logging_mixin.py:188} INFO - [2024-04-21T14:31:33.654+0000] {dagbag.py:540} INFO - Filling up the DagBag from /home/airflow/.local/lib/python3.12/site-packages/airflow/example_dags/example_branch_labels.py
[2024-04-21T14:31:33.659+0000] {processor.py:840} INFO - DAG(s) 'example_branch_labels' retrieved from /home/airflow/.local/lib/python3.12/site-packages/airflow/example_dags/example_branch_labels.py
[2024-04-21T14:31:33.677+0000] {logging_mixin.py:188} INFO - [2024-04-21T14:31:33.677+0000] {dag.py:3096} INFO - Sync 1 DAGs
[2024-04-21T14:31:33.691+0000] {logging_mixin.py:188} INFO - [2024-04-21T14:31:33.691+0000] {dag.py:3954} INFO - Setting next_dagrun for example_branch_labels to 2024-04-20 00:00:00+00:00, run_after=2024-04-21 00:00:00+00:00
[2024-04-21T14:31:33.701+0000] {processor.py:183} INFO - Processing /home/airflow/.local/lib/python3.12/site-packages/airflow/example_dags/example_branch_labels.py took 0.054 seconds
[2024-04-21T14:32:04.376+0000] {processor.py:161} INFO - Started process (PID=1295) to work on /home/airflow/.local/lib/python3.12/site-packages/airflow/example_dags/example_branch_labels.py
[2024-04-21T14:32:04.376+0000] {processor.py:830} INFO - Processing file /home/airflow/.local/lib/python3.12/site-packages/airflow/example_dags/example_branch_labels.py for tasks to queue
[2024-04-21T14:32:04.378+0000] {logging_mixin.py:188} INFO - [2024-04-21T14:32:04.378+0000] {dagbag.py:540} INFO - Filling up the DagBag from /home/airflow/.local/lib/python3.12/site-packages/airflow/example_dags/example_branch_labels.py
[2024-04-21T14:32:04.383+0000] {processor.py:840} INFO - DAG(s) 'example_branch_labels' retrieved from /home/airflow/.local/lib/python3.12/site-packages/airflow/example_dags/example_branch_labels.py
[2024-04-21T14:32:04.401+0000] {logging_mixin.py:188} INFO - [2024-04-21T14:32:04.401+0000] {dag.py:3096} INFO - Sync 1 DAGs
[2024-04-21T14:32:04.415+0000] {logging_mixin.py:188} INFO - [2024-04-21T14:32:04.415+0000] {dag.py:3954} INFO - Setting next_dagrun for example_branch_labels to 2024-04-20 00:00:00+00:00, run_after=2024-04-21 00:00:00+00:00
[2024-04-21T14:32:04.424+0000] {processor.py:183} INFO - Processing /home/airflow/.local/lib/python3.12/site-packages/airflow/example_dags/example_branch_labels.py took 0.053 seconds
[2024-04-21T14:32:34.716+0000] {processor.py:161} INFO - Started process (PID=1557) to work on /home/airflow/.local/lib/python3.12/site-packages/airflow/example_dags/example_branch_labels.py
[2024-04-21T14:32:34.716+0000] {processor.py:830} INFO - Processing file /home/airflow/.local/lib/python3.12/site-packages/airflow/example_dags/example_branch_labels.py for tasks to queue
[2024-04-21T14:32:34.718+0000] {logging_mixin.py:188} INFO - [2024-04-21T14:32:34.717+0000] {dagbag.py:540} INFO - Filling up the DagBag from /home/airflow/.local/lib/python3.12/site-packages/airflow/example_dags/example_branch_labels.py
[2024-04-21T14:32:34.723+0000] {processor.py:840} INFO - DAG(s) 'example_branch_labels' retrieved from /home/airflow/.local/lib/python3.12/site-packages/airflow/example_dags/example_branch_labels.py
[2024-04-21T14:32:34.741+0000] {logging_mixin.py:188} INFO - [2024-04-21T14:32:34.741+0000] {dag.py:3096} INFO - Sync 1 DAGs
[2024-04-21T14:32:34.754+0000] {logging_mixin.py:188} INFO - [2024-04-21T14:32:34.754+0000] {dag.py:3954} INFO - Setting next_dagrun for example_branch_labels to 2024-04-20 00:00:00+00:00, run_after=2024-04-21 00:00:00+00:00
[2024-04-21T14:32:34.764+0000] {processor.py:183} INFO - Processing /home/airflow/.local/lib/python3.12/site-packages/airflow/example_dags/example_branch_labels.py took 0.053 seconds
[2024-04-21T14:33:05.236+0000] {processor.py:161} INFO - Started process (PID=1819) to work on /home/airflow/.local/lib/python3.12/site-packages/airflow/example_dags/example_branch_labels.py
[2024-04-21T14:33:05.237+0000] {processor.py:830} INFO - Processing file /home/airflow/.local/lib/python3.12/site-packages/airflow/example_dags/example_branch_labels.py for tasks to queue
[2024-04-21T14:33:05.238+0000] {logging_mixin.py:188} INFO - [2024-04-21T14:33:05.238+0000] {dagbag.py:540} INFO - Filling up the DagBag from /home/airflow/.local/lib/python3.12/site-packages/airflow/example_dags/example_branch_labels.py
[2024-04-21T14:33:05.244+0000] {processor.py:840} INFO - DAG(s) 'example_branch_labels' retrieved from /home/airflow/.local/lib/python3.12/site-packages/airflow/example_dags/example_branch_labels.py
[2024-04-21T14:33:05.263+0000] {logging_mixin.py:188} INFO - [2024-04-21T14:33:05.263+0000] {dag.py:3096} INFO - Sync 1 DAGs
[2024-04-21T14:33:05.278+0000] {logging_mixin.py:188} INFO - [2024-04-21T14:33:05.278+0000] {dag.py:3954} INFO - Setting next_dagrun for example_branch_labels to 2024-04-20 00:00:00+00:00, run_after=2024-04-21 00:00:00+00:00
[2024-04-21T14:33:05.288+0000] {processor.py:183} INFO - Processing /home/airflow/.local/lib/python3.12/site-packages/airflow/example_dags/example_branch_labels.py took 0.056 seconds
[2024-04-21T14:33:35.879+0000] {processor.py:161} INFO - Started process (PID=2082) to work on /home/airflow/.local/lib/python3.12/site-packages/airflow/example_dags/example_branch_labels.py
[2024-04-21T14:33:35.880+0000] {processor.py:830} INFO - Processing file /home/airflow/.local/lib/python3.12/site-packages/airflow/example_dags/example_branch_labels.py for tasks to queue
[2024-04-21T14:33:35.881+0000] {logging_mixin.py:188} INFO - [2024-04-21T14:33:35.881+0000] {dagbag.py:540} INFO - Filling up the DagBag from /home/airflow/.local/lib/python3.12/site-packages/airflow/example_dags/example_branch_labels.py
[2024-04-21T14:33:35.886+0000] {processor.py:840} INFO - DAG(s) 'example_branch_labels' retrieved from /home/airflow/.local/lib/python3.12/site-packages/airflow/example_dags/example_branch_labels.py
[2024-04-21T14:33:35.903+0000] {logging_mixin.py:188} INFO - [2024-04-21T14:33:35.903+0000] {dag.py:3096} INFO - Sync 1 DAGs
[2024-04-21T14:33:35.917+0000] {logging_mixin.py:188} INFO - [2024-04-21T14:33:35.917+0000] {dag.py:3954} INFO - Setting next_dagrun for example_branch_labels to 2024-04-20 00:00:00+00:00, run_after=2024-04-21 00:00:00+00:00
[2024-04-21T14:33:35.926+0000] {processor.py:183} INFO - Processing /home/airflow/.local/lib/python3.12/site-packages/airflow/example_dags/example_branch_labels.py took 0.051 seconds
[2024-04-21T14:34:06.404+0000] {processor.py:161} INFO - Started process (PID=2344) to work on /home/airflow/.local/lib/python3.12/site-packages/airflow/example_dags/example_branch_labels.py
[2024-04-21T14:34:06.405+0000] {processor.py:830} INFO - Processing file /home/airflow/.local/lib/python3.12/site-packages/airflow/example_dags/example_branch_labels.py for tasks to queue
[2024-04-21T14:34:06.406+0000] {logging_mixin.py:188} INFO - [2024-04-21T14:34:06.406+0000] {dagbag.py:540} INFO - Filling up the DagBag from /home/airflow/.local/lib/python3.12/site-packages/airflow/example_dags/example_branch_labels.py
[2024-04-21T14:34:06.413+0000] {processor.py:840} INFO - DAG(s) 'example_branch_labels' retrieved from /home/airflow/.local/lib/python3.12/site-packages/airflow/example_dags/example_branch_labels.py
[2024-04-21T14:34:06.432+0000] {logging_mixin.py:188} INFO - [2024-04-21T14:34:06.431+0000] {dag.py:3096} INFO - Sync 1 DAGs
[2024-04-21T14:34:06.450+0000] {logging_mixin.py:188} INFO - [2024-04-21T14:34:06.450+0000] {dag.py:3954} INFO - Setting next_dagrun for example_branch_labels to 2024-04-20 00:00:00+00:00, run_after=2024-04-21 00:00:00+00:00
[2024-04-21T14:34:06.467+0000] {processor.py:183} INFO - Processing /home/airflow/.local/lib/python3.12/site-packages/airflow/example_dags/example_branch_labels.py took 0.067 seconds
[2024-04-21T14:34:36.751+0000] {processor.py:161} INFO - Started process (PID=2604) to work on /home/airflow/.local/lib/python3.12/site-packages/airflow/example_dags/example_branch_labels.py
[2024-04-21T14:34:36.752+0000] {processor.py:830} INFO - Processing file /home/airflow/.local/lib/python3.12/site-packages/airflow/example_dags/example_branch_labels.py for tasks to queue
[2024-04-21T14:34:36.753+0000] {logging_mixin.py:188} INFO - [2024-04-21T14:34:36.753+0000] {dagbag.py:540} INFO - Filling up the DagBag from /home/airflow/.local/lib/python3.12/site-packages/airflow/example_dags/example_branch_labels.py
[2024-04-21T14:34:36.759+0000] {processor.py:840} INFO - DAG(s) 'example_branch_labels' retrieved from /home/airflow/.local/lib/python3.12/site-packages/airflow/example_dags/example_branch_labels.py
[2024-04-21T14:34:36.776+0000] {logging_mixin.py:188} INFO - [2024-04-21T14:34:36.776+0000] {dag.py:3096} INFO - Sync 1 DAGs
[2024-04-21T14:34:36.790+0000] {logging_mixin.py:188} INFO - [2024-04-21T14:34:36.789+0000] {dag.py:3954} INFO - Setting next_dagrun for example_branch_labels to 2024-04-20 00:00:00+00:00, run_after=2024-04-21 00:00:00+00:00
[2024-04-21T14:34:36.799+0000] {processor.py:183} INFO - Processing /home/airflow/.local/lib/python3.12/site-packages/airflow/example_dags/example_branch_labels.py took 0.053 seconds
[2024-04-21T14:36:10.448+0000] {processor.py:161} INFO - Started process (PID=2875) to work on /home/airflow/.local/lib/python3.12/site-packages/airflow/example_dags/example_branch_labels.py
[2024-04-21T14:36:10.449+0000] {processor.py:830} INFO - Processing file /home/airflow/.local/lib/python3.12/site-packages/airflow/example_dags/example_branch_labels.py for tasks to queue
[2024-04-21T14:36:10.450+0000] {logging_mixin.py:188} INFO - [2024-04-21T14:36:10.450+0000] {dagbag.py:540} INFO - Filling up the DagBag from /home/airflow/.local/lib/python3.12/site-packages/airflow/example_dags/example_branch_labels.py
[2024-04-21T14:36:10.454+0000] {processor.py:840} INFO - DAG(s) 'example_branch_labels' retrieved from /home/airflow/.local/lib/python3.12/site-packages/airflow/example_dags/example_branch_labels.py
[2024-04-21T14:36:10.470+0000] {logging_mixin.py:188} INFO - [2024-04-21T14:36:10.469+0000] {dag.py:3096} INFO - Sync 1 DAGs
[2024-04-21T14:36:10.480+0000] {logging_mixin.py:188} INFO - [2024-04-21T14:36:10.480+0000] {dag.py:3954} INFO - Setting next_dagrun for example_branch_labels to 2024-04-20 00:00:00+00:00, run_after=2024-04-21 00:00:00+00:00
[2024-04-21T14:36:10.488+0000] {processor.py:183} INFO - Processing /home/airflow/.local/lib/python3.12/site-packages/airflow/example_dags/example_branch_labels.py took 0.043 seconds
[2024-04-21T14:36:40.512+0000] {processor.py:161} INFO - Started process (PID=3140) to work on /home/airflow/.local/lib/python3.12/site-packages/airflow/example_dags/example_branch_labels.py
[2024-04-21T14:36:40.513+0000] {processor.py:830} INFO - Processing file /home/airflow/.local/lib/python3.12/site-packages/airflow/example_dags/example_branch_labels.py for tasks to queue
[2024-04-21T14:36:40.514+0000] {logging_mixin.py:188} INFO - [2024-04-21T14:36:40.514+0000] {dagbag.py:540} INFO - Filling up the DagBag from /home/airflow/.local/lib/python3.12/site-packages/airflow/example_dags/example_branch_labels.py
[2024-04-21T14:36:40.518+0000] {processor.py:840} INFO - DAG(s) 'example_branch_labels' retrieved from /home/airflow/.local/lib/python3.12/site-packages/airflow/example_dags/example_branch_labels.py
[2024-04-21T14:36:40.529+0000] {logging_mixin.py:188} INFO - [2024-04-21T14:36:40.529+0000] {dag.py:3096} INFO - Sync 1 DAGs
[2024-04-21T14:36:40.539+0000] {logging_mixin.py:188} INFO - [2024-04-21T14:36:40.539+0000] {dag.py:3954} INFO - Setting next_dagrun for example_branch_labels to 2024-04-20 00:00:00+00:00, run_after=2024-04-21 00:00:00+00:00
[2024-04-21T14:36:40.546+0000] {processor.py:183} INFO - Processing /home/airflow/.local/lib/python3.12/site-packages/airflow/example_dags/example_branch_labels.py took 0.037 seconds
[2024-04-21T14:37:10.684+0000] {processor.py:161} INFO - Started process (PID=3407) to work on /home/airflow/.local/lib/python3.12/site-packages/airflow/example_dags/example_branch_labels.py
[2024-04-21T14:37:10.684+0000] {processor.py:830} INFO - Processing file /home/airflow/.local/lib/python3.12/site-packages/airflow/example_dags/example_branch_labels.py for tasks to queue
[2024-04-21T14:37:10.685+0000] {logging_mixin.py:188} INFO - [2024-04-21T14:37:10.685+0000] {dagbag.py:540} INFO - Filling up the DagBag from /home/airflow/.local/lib/python3.12/site-packages/airflow/example_dags/example_branch_labels.py
[2024-04-21T14:37:10.689+0000] {processor.py:840} INFO - DAG(s) 'example_branch_labels' retrieved from /home/airflow/.local/lib/python3.12/site-packages/airflow/example_dags/example_branch_labels.py
[2024-04-21T14:37:10.702+0000] {logging_mixin.py:188} INFO - [2024-04-21T14:37:10.702+0000] {dag.py:3096} INFO - Sync 1 DAGs
[2024-04-21T14:37:10.712+0000] {logging_mixin.py:188} INFO - [2024-04-21T14:37:10.712+0000] {dag.py:3954} INFO - Setting next_dagrun for example_branch_labels to 2024-04-20 00:00:00+00:00, run_after=2024-04-21 00:00:00+00:00
[2024-04-21T14:37:10.721+0000] {processor.py:183} INFO - Processing /home/airflow/.local/lib/python3.12/site-packages/airflow/example_dags/example_branch_labels.py took 0.040 seconds
[2024-04-21T14:37:40.791+0000] {processor.py:161} INFO - Started process (PID=3674) to work on /home/airflow/.local/lib/python3.12/site-packages/airflow/example_dags/example_branch_labels.py
[2024-04-21T14:37:40.792+0000] {processor.py:830} INFO - Processing file /home/airflow/.local/lib/python3.12/site-packages/airflow/example_dags/example_branch_labels.py for tasks to queue
[2024-04-21T14:37:40.793+0000] {logging_mixin.py:188} INFO - [2024-04-21T14:37:40.792+0000] {dagbag.py:540} INFO - Filling up the DagBag from /home/airflow/.local/lib/python3.12/site-packages/airflow/example_dags/example_branch_labels.py
[2024-04-21T14:37:40.796+0000] {processor.py:840} INFO - DAG(s) 'example_branch_labels' retrieved from /home/airflow/.local/lib/python3.12/site-packages/airflow/example_dags/example_branch_labels.py
[2024-04-21T14:37:40.809+0000] {logging_mixin.py:188} INFO - [2024-04-21T14:37:40.809+0000] {dag.py:3096} INFO - Sync 1 DAGs
[2024-04-21T14:37:40.818+0000] {logging_mixin.py:188} INFO - [2024-04-21T14:37:40.818+0000] {dag.py:3954} INFO - Setting next_dagrun for example_branch_labels to 2024-04-20 00:00:00+00:00, run_after=2024-04-21 00:00:00+00:00
[2024-04-21T14:37:40.825+0000] {processor.py:183} INFO - Processing /home/airflow/.local/lib/python3.12/site-packages/airflow/example_dags/example_branch_labels.py took 0.037 seconds
[2024-04-21T14:53:47.579+0000] {processor.py:161} INFO - Started process (PID=3943) to work on /home/airflow/.local/lib/python3.12/site-packages/airflow/example_dags/example_branch_labels.py
[2024-04-21T14:53:47.580+0000] {processor.py:830} INFO - Processing file /home/airflow/.local/lib/python3.12/site-packages/airflow/example_dags/example_branch_labels.py for tasks to queue
[2024-04-21T14:53:47.581+0000] {logging_mixin.py:188} INFO - [2024-04-21T14:53:47.580+0000] {dagbag.py:540} INFO - Filling up the DagBag from /home/airflow/.local/lib/python3.12/site-packages/airflow/example_dags/example_branch_labels.py
[2024-04-21T14:53:47.584+0000] {processor.py:840} INFO - DAG(s) 'example_branch_labels' retrieved from /home/airflow/.local/lib/python3.12/site-packages/airflow/example_dags/example_branch_labels.py
[2024-04-21T14:53:47.597+0000] {logging_mixin.py:188} INFO - [2024-04-21T14:53:47.597+0000] {dag.py:3096} INFO - Sync 1 DAGs
[2024-04-21T14:53:47.606+0000] {logging_mixin.py:188} INFO - [2024-04-21T14:53:47.606+0000] {dag.py:3954} INFO - Setting next_dagrun for example_branch_labels to 2024-04-20 00:00:00+00:00, run_after=2024-04-21 00:00:00+00:00
[2024-04-21T14:53:47.614+0000] {processor.py:183} INFO - Processing /home/airflow/.local/lib/python3.12/site-packages/airflow/example_dags/example_branch_labels.py took 0.038 seconds
[2024-04-21T14:54:18.340+0000] {processor.py:161} INFO - Started process (PID=4212) to work on /home/airflow/.local/lib/python3.12/site-packages/airflow/example_dags/example_branch_labels.py
[2024-04-21T14:54:18.341+0000] {processor.py:830} INFO - Processing file /home/airflow/.local/lib/python3.12/site-packages/airflow/example_dags/example_branch_labels.py for tasks to queue
[2024-04-21T14:54:18.342+0000] {logging_mixin.py:188} INFO - [2024-04-21T14:54:18.342+0000] {dagbag.py:540} INFO - Filling up the DagBag from /home/airflow/.local/lib/python3.12/site-packages/airflow/example_dags/example_branch_labels.py
[2024-04-21T14:54:18.346+0000] {processor.py:840} INFO - DAG(s) 'example_branch_labels' retrieved from /home/airflow/.local/lib/python3.12/site-packages/airflow/example_dags/example_branch_labels.py
[2024-04-21T14:54:18.358+0000] {logging_mixin.py:188} INFO - [2024-04-21T14:54:18.358+0000] {dag.py:3096} INFO - Sync 1 DAGs
[2024-04-21T14:54:18.367+0000] {logging_mixin.py:188} INFO - [2024-04-21T14:54:18.367+0000] {dag.py:3954} INFO - Setting next_dagrun for example_branch_labels to 2024-04-20 00:00:00+00:00, run_after=2024-04-21 00:00:00+00:00
[2024-04-21T14:54:18.373+0000] {processor.py:183} INFO - Processing /home/airflow/.local/lib/python3.12/site-packages/airflow/example_dags/example_branch_labels.py took 0.036 seconds
[2024-04-21T14:54:48.446+0000] {processor.py:161} INFO - Started process (PID=4477) to work on /home/airflow/.local/lib/python3.12/site-packages/airflow/example_dags/example_branch_labels.py
[2024-04-21T14:54:48.447+0000] {processor.py:830} INFO - Processing file /home/airflow/.local/lib/python3.12/site-packages/airflow/example_dags/example_branch_labels.py for tasks to queue
[2024-04-21T14:54:48.448+0000] {logging_mixin.py:188} INFO - [2024-04-21T14:54:48.447+0000] {dagbag.py:540} INFO - Filling up the DagBag from /home/airflow/.local/lib/python3.12/site-packages/airflow/example_dags/example_branch_labels.py
[2024-04-21T14:54:48.451+0000] {processor.py:840} INFO - DAG(s) 'example_branch_labels' retrieved from /home/airflow/.local/lib/python3.12/site-packages/airflow/example_dags/example_branch_labels.py
[2024-04-21T14:54:48.464+0000] {logging_mixin.py:188} INFO - [2024-04-21T14:54:48.464+0000] {dag.py:3096} INFO - Sync 1 DAGs
[2024-04-21T14:54:48.474+0000] {logging_mixin.py:188} INFO - [2024-04-21T14:54:48.474+0000] {dag.py:3954} INFO - Setting next_dagrun for example_branch_labels to 2024-04-20 00:00:00+00:00, run_after=2024-04-21 00:00:00+00:00
[2024-04-21T14:54:48.481+0000] {processor.py:183} INFO - Processing /home/airflow/.local/lib/python3.12/site-packages/airflow/example_dags/example_branch_labels.py took 0.038 seconds
[2024-04-21T14:55:19.441+0000] {processor.py:161} INFO - Started process (PID=4744) to work on /home/airflow/.local/lib/python3.12/site-packages/airflow/example_dags/example_branch_labels.py
[2024-04-21T14:55:19.441+0000] {processor.py:830} INFO - Processing file /home/airflow/.local/lib/python3.12/site-packages/airflow/example_dags/example_branch_labels.py for tasks to queue
[2024-04-21T14:55:19.442+0000] {logging_mixin.py:188} INFO - [2024-04-21T14:55:19.442+0000] {dagbag.py:540} INFO - Filling up the DagBag from /home/airflow/.local/lib/python3.12/site-packages/airflow/example_dags/example_branch_labels.py
[2024-04-21T14:55:19.446+0000] {processor.py:840} INFO - DAG(s) 'example_branch_labels' retrieved from /home/airflow/.local/lib/python3.12/site-packages/airflow/example_dags/example_branch_labels.py
[2024-04-21T14:55:19.459+0000] {logging_mixin.py:188} INFO - [2024-04-21T14:55:19.459+0000] {dag.py:3096} INFO - Sync 1 DAGs
[2024-04-21T14:55:19.468+0000] {logging_mixin.py:188} INFO - [2024-04-21T14:55:19.468+0000] {dag.py:3954} INFO - Setting next_dagrun for example_branch_labels to 2024-04-20 00:00:00+00:00, run_after=2024-04-21 00:00:00+00:00
[2024-04-21T14:55:19.475+0000] {processor.py:183} INFO - Processing /home/airflow/.local/lib/python3.12/site-packages/airflow/example_dags/example_branch_labels.py took 0.037 seconds
[2024-04-21T14:55:50.286+0000] {processor.py:161} INFO - Started process (PID=5011) to work on /home/airflow/.local/lib/python3.12/site-packages/airflow/example_dags/example_branch_labels.py
[2024-04-21T14:55:50.287+0000] {processor.py:830} INFO - Processing file /home/airflow/.local/lib/python3.12/site-packages/airflow/example_dags/example_branch_labels.py for tasks to queue
[2024-04-21T14:55:50.288+0000] {logging_mixin.py:188} INFO - [2024-04-21T14:55:50.287+0000] {dagbag.py:540} INFO - Filling up the DagBag from /home/airflow/.local/lib/python3.12/site-packages/airflow/example_dags/example_branch_labels.py
[2024-04-21T14:55:50.291+0000] {processor.py:840} INFO - DAG(s) 'example_branch_labels' retrieved from /home/airflow/.local/lib/python3.12/site-packages/airflow/example_dags/example_branch_labels.py
[2024-04-21T14:55:50.304+0000] {logging_mixin.py:188} INFO - [2024-04-21T14:55:50.304+0000] {dag.py:3096} INFO - Sync 1 DAGs
[2024-04-21T14:55:50.313+0000] {logging_mixin.py:188} INFO - [2024-04-21T14:55:50.313+0000] {dag.py:3954} INFO - Setting next_dagrun for example_branch_labels to 2024-04-20 00:00:00+00:00, run_after=2024-04-21 00:00:00+00:00
[2024-04-21T14:55:50.320+0000] {processor.py:183} INFO - Processing /home/airflow/.local/lib/python3.12/site-packages/airflow/example_dags/example_branch_labels.py took 0.037 seconds
[2024-04-21T14:56:21.102+0000] {processor.py:161} INFO - Started process (PID=5278) to work on /home/airflow/.local/lib/python3.12/site-packages/airflow/example_dags/example_branch_labels.py
[2024-04-21T14:56:21.103+0000] {processor.py:830} INFO - Processing file /home/airflow/.local/lib/python3.12/site-packages/airflow/example_dags/example_branch_labels.py for tasks to queue
[2024-04-21T14:56:21.104+0000] {logging_mixin.py:188} INFO - [2024-04-21T14:56:21.104+0000] {dagbag.py:540} INFO - Filling up the DagBag from /home/airflow/.local/lib/python3.12/site-packages/airflow/example_dags/example_branch_labels.py
[2024-04-21T14:56:21.108+0000] {processor.py:840} INFO - DAG(s) 'example_branch_labels' retrieved from /home/airflow/.local/lib/python3.12/site-packages/airflow/example_dags/example_branch_labels.py
[2024-04-21T14:56:21.122+0000] {logging_mixin.py:188} INFO - [2024-04-21T14:56:21.122+0000] {dag.py:3096} INFO - Sync 1 DAGs
[2024-04-21T14:56:21.132+0000] {logging_mixin.py:188} INFO - [2024-04-21T14:56:21.132+0000] {dag.py:3954} INFO - Setting next_dagrun for example_branch_labels to 2024-04-20 00:00:00+00:00, run_after=2024-04-21 00:00:00+00:00
[2024-04-21T14:56:21.139+0000] {processor.py:183} INFO - Processing /home/airflow/.local/lib/python3.12/site-packages/airflow/example_dags/example_branch_labels.py took 0.040 seconds
[2024-04-21T14:56:52.007+0000] {processor.py:161} INFO - Started process (PID=5545) to work on /home/airflow/.local/lib/python3.12/site-packages/airflow/example_dags/example_branch_labels.py
[2024-04-21T14:56:52.008+0000] {processor.py:830} INFO - Processing file /home/airflow/.local/lib/python3.12/site-packages/airflow/example_dags/example_branch_labels.py for tasks to queue
[2024-04-21T14:56:52.009+0000] {logging_mixin.py:188} INFO - [2024-04-21T14:56:52.009+0000] {dagbag.py:540} INFO - Filling up the DagBag from /home/airflow/.local/lib/python3.12/site-packages/airflow/example_dags/example_branch_labels.py
[2024-04-21T14:56:52.013+0000] {processor.py:840} INFO - DAG(s) 'example_branch_labels' retrieved from /home/airflow/.local/lib/python3.12/site-packages/airflow/example_dags/example_branch_labels.py
[2024-04-21T14:56:52.027+0000] {logging_mixin.py:188} INFO - [2024-04-21T14:56:52.027+0000] {dag.py:3096} INFO - Sync 1 DAGs
[2024-04-21T14:56:52.039+0000] {logging_mixin.py:188} INFO - [2024-04-21T14:56:52.038+0000] {dag.py:3954} INFO - Setting next_dagrun for example_branch_labels to 2024-04-20 00:00:00+00:00, run_after=2024-04-21 00:00:00+00:00
[2024-04-21T14:56:52.048+0000] {processor.py:183} INFO - Processing /home/airflow/.local/lib/python3.12/site-packages/airflow/example_dags/example_branch_labels.py took 0.044 seconds
[2024-04-21T14:57:22.081+0000] {processor.py:161} INFO - Started process (PID=5812) to work on /home/airflow/.local/lib/python3.12/site-packages/airflow/example_dags/example_branch_labels.py
[2024-04-21T14:57:22.081+0000] {processor.py:830} INFO - Processing file /home/airflow/.local/lib/python3.12/site-packages/airflow/example_dags/example_branch_labels.py for tasks to queue
[2024-04-21T14:57:22.082+0000] {logging_mixin.py:188} INFO - [2024-04-21T14:57:22.082+0000] {dagbag.py:540} INFO - Filling up the DagBag from /home/airflow/.local/lib/python3.12/site-packages/airflow/example_dags/example_branch_labels.py
[2024-04-21T14:57:22.086+0000] {processor.py:840} INFO - DAG(s) 'example_branch_labels' retrieved from /home/airflow/.local/lib/python3.12/site-packages/airflow/example_dags/example_branch_labels.py
[2024-04-21T14:57:22.097+0000] {logging_mixin.py:188} INFO - [2024-04-21T14:57:22.097+0000] {dag.py:3096} INFO - Sync 1 DAGs
[2024-04-21T14:57:22.107+0000] {logging_mixin.py:188} INFO - [2024-04-21T14:57:22.107+0000] {dag.py:3954} INFO - Setting next_dagrun for example_branch_labels to 2024-04-20 00:00:00+00:00, run_after=2024-04-21 00:00:00+00:00
[2024-04-21T14:57:22.114+0000] {processor.py:183} INFO - Processing /home/airflow/.local/lib/python3.12/site-packages/airflow/example_dags/example_branch_labels.py took 0.036 seconds
[2024-04-21T14:57:52.322+0000] {processor.py:161} INFO - Started process (PID=6088) to work on /home/airflow/.local/lib/python3.12/site-packages/airflow/example_dags/example_branch_labels.py
[2024-04-21T14:57:52.322+0000] {processor.py:830} INFO - Processing file /home/airflow/.local/lib/python3.12/site-packages/airflow/example_dags/example_branch_labels.py for tasks to queue
[2024-04-21T14:57:52.323+0000] {logging_mixin.py:188} INFO - [2024-04-21T14:57:52.323+0000] {dagbag.py:540} INFO - Filling up the DagBag from /home/airflow/.local/lib/python3.12/site-packages/airflow/example_dags/example_branch_labels.py
[2024-04-21T14:57:52.328+0000] {processor.py:840} INFO - DAG(s) 'example_branch_labels' retrieved from /home/airflow/.local/lib/python3.12/site-packages/airflow/example_dags/example_branch_labels.py
[2024-04-21T14:57:52.340+0000] {logging_mixin.py:188} INFO - [2024-04-21T14:57:52.340+0000] {dag.py:3096} INFO - Sync 1 DAGs
[2024-04-21T14:57:52.350+0000] {logging_mixin.py:188} INFO - [2024-04-21T14:57:52.350+0000] {dag.py:3954} INFO - Setting next_dagrun for example_branch_labels to 2024-04-20 00:00:00+00:00, run_after=2024-04-21 00:00:00+00:00
[2024-04-21T14:57:52.358+0000] {processor.py:183} INFO - Processing /home/airflow/.local/lib/python3.12/site-packages/airflow/example_dags/example_branch_labels.py took 0.039 seconds
[2024-04-21T14:58:23.373+0000] {processor.py:161} INFO - Started process (PID=6354) to work on /home/airflow/.local/lib/python3.12/site-packages/airflow/example_dags/example_branch_labels.py
[2024-04-21T14:58:23.373+0000] {processor.py:830} INFO - Processing file /home/airflow/.local/lib/python3.12/site-packages/airflow/example_dags/example_branch_labels.py for tasks to queue
[2024-04-21T14:58:23.374+0000] {logging_mixin.py:188} INFO - [2024-04-21T14:58:23.374+0000] {dagbag.py:540} INFO - Filling up the DagBag from /home/airflow/.local/lib/python3.12/site-packages/airflow/example_dags/example_branch_labels.py
[2024-04-21T14:58:23.378+0000] {processor.py:840} INFO - DAG(s) 'example_branch_labels' retrieved from /home/airflow/.local/lib/python3.12/site-packages/airflow/example_dags/example_branch_labels.py
[2024-04-21T14:58:23.390+0000] {logging_mixin.py:188} INFO - [2024-04-21T14:58:23.390+0000] {dag.py:3096} INFO - Sync 1 DAGs
[2024-04-21T14:58:23.399+0000] {logging_mixin.py:188} INFO - [2024-04-21T14:58:23.399+0000] {dag.py:3954} INFO - Setting next_dagrun for example_branch_labels to 2024-04-20 00:00:00+00:00, run_after=2024-04-21 00:00:00+00:00
[2024-04-21T14:58:23.406+0000] {processor.py:183} INFO - Processing /home/airflow/.local/lib/python3.12/site-packages/airflow/example_dags/example_branch_labels.py took 0.037 seconds
[2024-04-21T14:58:53.961+0000] {processor.py:161} INFO - Started process (PID=6627) to work on /home/airflow/.local/lib/python3.12/site-packages/airflow/example_dags/example_branch_labels.py
[2024-04-21T14:58:53.962+0000] {processor.py:830} INFO - Processing file /home/airflow/.local/lib/python3.12/site-packages/airflow/example_dags/example_branch_labels.py for tasks to queue
[2024-04-21T14:58:53.963+0000] {logging_mixin.py:188} INFO - [2024-04-21T14:58:53.962+0000] {dagbag.py:540} INFO - Filling up the DagBag from /home/airflow/.local/lib/python3.12/site-packages/airflow/example_dags/example_branch_labels.py
[2024-04-21T14:58:53.966+0000] {processor.py:840} INFO - DAG(s) 'example_branch_labels' retrieved from /home/airflow/.local/lib/python3.12/site-packages/airflow/example_dags/example_branch_labels.py
[2024-04-21T14:58:53.979+0000] {logging_mixin.py:188} INFO - [2024-04-21T14:58:53.979+0000] {dag.py:3096} INFO - Sync 1 DAGs
[2024-04-21T14:58:53.988+0000] {logging_mixin.py:188} INFO - [2024-04-21T14:58:53.988+0000] {dag.py:3954} INFO - Setting next_dagrun for example_branch_labels to 2024-04-20 00:00:00+00:00, run_after=2024-04-21 00:00:00+00:00
[2024-04-21T14:58:53.995+0000] {processor.py:183} INFO - Processing /home/airflow/.local/lib/python3.12/site-packages/airflow/example_dags/example_branch_labels.py took 0.037 seconds
[2024-04-21T14:59:24.631+0000] {processor.py:161} INFO - Started process (PID=6898) to work on /home/airflow/.local/lib/python3.12/site-packages/airflow/example_dags/example_branch_labels.py
[2024-04-21T14:59:24.631+0000] {processor.py:830} INFO - Processing file /home/airflow/.local/lib/python3.12/site-packages/airflow/example_dags/example_branch_labels.py for tasks to queue
[2024-04-21T14:59:24.632+0000] {logging_mixin.py:188} INFO - [2024-04-21T14:59:24.632+0000] {dagbag.py:540} INFO - Filling up the DagBag from /home/airflow/.local/lib/python3.12/site-packages/airflow/example_dags/example_branch_labels.py
[2024-04-21T14:59:24.637+0000] {processor.py:840} INFO - DAG(s) 'example_branch_labels' retrieved from /home/airflow/.local/lib/python3.12/site-packages/airflow/example_dags/example_branch_labels.py
[2024-04-21T14:59:24.649+0000] {logging_mixin.py:188} INFO - [2024-04-21T14:59:24.649+0000] {dag.py:3096} INFO - Sync 1 DAGs
[2024-04-21T14:59:24.659+0000] {logging_mixin.py:188} INFO - [2024-04-21T14:59:24.659+0000] {dag.py:3954} INFO - Setting next_dagrun for example_branch_labels to 2024-04-20 00:00:00+00:00, run_after=2024-04-21 00:00:00+00:00
[2024-04-21T14:59:24.666+0000] {processor.py:183} INFO - Processing /home/airflow/.local/lib/python3.12/site-packages/airflow/example_dags/example_branch_labels.py took 0.038 seconds
[2024-04-21T14:59:55.416+0000] {processor.py:161} INFO - Started process (PID=7165) to work on /home/airflow/.local/lib/python3.12/site-packages/airflow/example_dags/example_branch_labels.py
[2024-04-21T14:59:55.417+0000] {processor.py:830} INFO - Processing file /home/airflow/.local/lib/python3.12/site-packages/airflow/example_dags/example_branch_labels.py for tasks to queue
[2024-04-21T14:59:55.418+0000] {logging_mixin.py:188} INFO - [2024-04-21T14:59:55.418+0000] {dagbag.py:540} INFO - Filling up the DagBag from /home/airflow/.local/lib/python3.12/site-packages/airflow/example_dags/example_branch_labels.py
[2024-04-21T14:59:55.422+0000] {processor.py:840} INFO - DAG(s) 'example_branch_labels' retrieved from /home/airflow/.local/lib/python3.12/site-packages/airflow/example_dags/example_branch_labels.py
[2024-04-21T14:59:55.434+0000] {logging_mixin.py:188} INFO - [2024-04-21T14:59:55.434+0000] {dag.py:3096} INFO - Sync 1 DAGs
[2024-04-21T14:59:55.444+0000] {logging_mixin.py:188} INFO - [2024-04-21T14:59:55.444+0000] {dag.py:3954} INFO - Setting next_dagrun for example_branch_labels to 2024-04-20 00:00:00+00:00, run_after=2024-04-21 00:00:00+00:00
[2024-04-21T14:59:55.451+0000] {processor.py:183} INFO - Processing /home/airflow/.local/lib/python3.12/site-packages/airflow/example_dags/example_branch_labels.py took 0.038 seconds
[2024-04-21T15:00:26.308+0000] {processor.py:161} INFO - Started process (PID=7457) to work on /home/airflow/.local/lib/python3.12/site-packages/airflow/example_dags/example_branch_labels.py
[2024-04-21T15:00:26.308+0000] {processor.py:830} INFO - Processing file /home/airflow/.local/lib/python3.12/site-packages/airflow/example_dags/example_branch_labels.py for tasks to queue
[2024-04-21T15:00:26.309+0000] {logging_mixin.py:188} INFO - [2024-04-21T15:00:26.309+0000] {dagbag.py:540} INFO - Filling up the DagBag from /home/airflow/.local/lib/python3.12/site-packages/airflow/example_dags/example_branch_labels.py
[2024-04-21T15:00:26.313+0000] {processor.py:840} INFO - DAG(s) 'example_branch_labels' retrieved from /home/airflow/.local/lib/python3.12/site-packages/airflow/example_dags/example_branch_labels.py
[2024-04-21T15:00:26.326+0000] {logging_mixin.py:188} INFO - [2024-04-21T15:00:26.326+0000] {dag.py:3096} INFO - Sync 1 DAGs
[2024-04-21T15:00:26.336+0000] {logging_mixin.py:188} INFO - [2024-04-21T15:00:26.336+0000] {dag.py:3954} INFO - Setting next_dagrun for example_branch_labels to 2024-04-20 00:00:00+00:00, run_after=2024-04-21 00:00:00+00:00
[2024-04-21T15:00:26.344+0000] {processor.py:183} INFO - Processing /home/airflow/.local/lib/python3.12/site-packages/airflow/example_dags/example_branch_labels.py took 0.040 seconds
[2024-04-21T15:00:57.349+0000] {processor.py:161} INFO - Started process (PID=7726) to work on /home/airflow/.local/lib/python3.12/site-packages/airflow/example_dags/example_branch_labels.py
[2024-04-21T15:00:57.350+0000] {processor.py:830} INFO - Processing file /home/airflow/.local/lib/python3.12/site-packages/airflow/example_dags/example_branch_labels.py for tasks to queue
[2024-04-21T15:00:57.351+0000] {logging_mixin.py:188} INFO - [2024-04-21T15:00:57.350+0000] {dagbag.py:540} INFO - Filling up the DagBag from /home/airflow/.local/lib/python3.12/site-packages/airflow/example_dags/example_branch_labels.py
[2024-04-21T15:00:57.354+0000] {processor.py:840} INFO - DAG(s) 'example_branch_labels' retrieved from /home/airflow/.local/lib/python3.12/site-packages/airflow/example_dags/example_branch_labels.py
[2024-04-21T15:00:57.367+0000] {logging_mixin.py:188} INFO - [2024-04-21T15:00:57.367+0000] {dag.py:3096} INFO - Sync 1 DAGs
[2024-04-21T15:00:57.377+0000] {logging_mixin.py:188} INFO - [2024-04-21T15:00:57.377+0000] {dag.py:3954} INFO - Setting next_dagrun for example_branch_labels to 2024-04-20 00:00:00+00:00, run_after=2024-04-21 00:00:00+00:00
[2024-04-21T15:00:57.383+0000] {processor.py:183} INFO - Processing /home/airflow/.local/lib/python3.12/site-packages/airflow/example_dags/example_branch_labels.py took 0.037 seconds
[2024-04-21T15:01:27.501+0000] {processor.py:161} INFO - Started process (PID=7993) to work on /home/airflow/.local/lib/python3.12/site-packages/airflow/example_dags/example_branch_labels.py
[2024-04-21T15:01:27.501+0000] {processor.py:830} INFO - Processing file /home/airflow/.local/lib/python3.12/site-packages/airflow/example_dags/example_branch_labels.py for tasks to queue
[2024-04-21T15:01:27.503+0000] {logging_mixin.py:188} INFO - [2024-04-21T15:01:27.502+0000] {dagbag.py:540} INFO - Filling up the DagBag from /home/airflow/.local/lib/python3.12/site-packages/airflow/example_dags/example_branch_labels.py
[2024-04-21T15:01:27.507+0000] {processor.py:840} INFO - DAG(s) 'example_branch_labels' retrieved from /home/airflow/.local/lib/python3.12/site-packages/airflow/example_dags/example_branch_labels.py
[2024-04-21T15:01:27.519+0000] {logging_mixin.py:188} INFO - [2024-04-21T15:01:27.519+0000] {dag.py:3096} INFO - Sync 1 DAGs
[2024-04-21T15:01:27.529+0000] {logging_mixin.py:188} INFO - [2024-04-21T15:01:27.529+0000] {dag.py:3954} INFO - Setting next_dagrun for example_branch_labels to 2024-04-20 00:00:00+00:00, run_after=2024-04-21 00:00:00+00:00
[2024-04-21T15:01:27.536+0000] {processor.py:183} INFO - Processing /home/airflow/.local/lib/python3.12/site-packages/airflow/example_dags/example_branch_labels.py took 0.039 seconds
[2024-04-21T15:01:57.655+0000] {processor.py:161} INFO - Started process (PID=8273) to work on /home/airflow/.local/lib/python3.12/site-packages/airflow/example_dags/example_branch_labels.py
[2024-04-21T15:01:57.656+0000] {processor.py:830} INFO - Processing file /home/airflow/.local/lib/python3.12/site-packages/airflow/example_dags/example_branch_labels.py for tasks to queue
[2024-04-21T15:01:57.657+0000] {logging_mixin.py:188} INFO - [2024-04-21T15:01:57.656+0000] {dagbag.py:540} INFO - Filling up the DagBag from /home/airflow/.local/lib/python3.12/site-packages/airflow/example_dags/example_branch_labels.py
[2024-04-21T15:01:57.661+0000] {processor.py:840} INFO - DAG(s) 'example_branch_labels' retrieved from /home/airflow/.local/lib/python3.12/site-packages/airflow/example_dags/example_branch_labels.py
[2024-04-21T15:01:57.673+0000] {logging_mixin.py:188} INFO - [2024-04-21T15:01:57.673+0000] {dag.py:3096} INFO - Sync 1 DAGs
[2024-04-21T15:01:57.682+0000] {logging_mixin.py:188} INFO - [2024-04-21T15:01:57.682+0000] {dag.py:3954} INFO - Setting next_dagrun for example_branch_labels to 2024-04-20 00:00:00+00:00, run_after=2024-04-21 00:00:00+00:00
[2024-04-21T15:01:57.690+0000] {processor.py:183} INFO - Processing /home/airflow/.local/lib/python3.12/site-packages/airflow/example_dags/example_branch_labels.py took 0.037 seconds
[2024-04-21T15:02:28.504+0000] {processor.py:161} INFO - Started process (PID=8547) to work on /home/airflow/.local/lib/python3.12/site-packages/airflow/example_dags/example_branch_labels.py
[2024-04-21T15:02:28.505+0000] {processor.py:830} INFO - Processing file /home/airflow/.local/lib/python3.12/site-packages/airflow/example_dags/example_branch_labels.py for tasks to queue
[2024-04-21T15:02:28.506+0000] {logging_mixin.py:188} INFO - [2024-04-21T15:02:28.505+0000] {dagbag.py:540} INFO - Filling up the DagBag from /home/airflow/.local/lib/python3.12/site-packages/airflow/example_dags/example_branch_labels.py
[2024-04-21T15:02:28.510+0000] {processor.py:840} INFO - DAG(s) 'example_branch_labels' retrieved from /home/airflow/.local/lib/python3.12/site-packages/airflow/example_dags/example_branch_labels.py
[2024-04-21T15:02:28.523+0000] {logging_mixin.py:188} INFO - [2024-04-21T15:02:28.523+0000] {dag.py:3096} INFO - Sync 1 DAGs
[2024-04-21T15:02:28.533+0000] {logging_mixin.py:188} INFO - [2024-04-21T15:02:28.533+0000] {dag.py:3954} INFO - Setting next_dagrun for example_branch_labels to 2024-04-20 00:00:00+00:00, run_after=2024-04-21 00:00:00+00:00
[2024-04-21T15:02:28.540+0000] {processor.py:183} INFO - Processing /home/airflow/.local/lib/python3.12/site-packages/airflow/example_dags/example_branch_labels.py took 0.040 seconds
[2024-04-21T15:02:59.378+0000] {processor.py:161} INFO - Started process (PID=8825) to work on /home/airflow/.local/lib/python3.12/site-packages/airflow/example_dags/example_branch_labels.py
[2024-04-21T15:02:59.378+0000] {processor.py:830} INFO - Processing file /home/airflow/.local/lib/python3.12/site-packages/airflow/example_dags/example_branch_labels.py for tasks to queue
[2024-04-21T15:02:59.379+0000] {logging_mixin.py:188} INFO - [2024-04-21T15:02:59.379+0000] {dagbag.py:540} INFO - Filling up the DagBag from /home/airflow/.local/lib/python3.12/site-packages/airflow/example_dags/example_branch_labels.py
[2024-04-21T15:02:59.383+0000] {processor.py:840} INFO - DAG(s) 'example_branch_labels' retrieved from /home/airflow/.local/lib/python3.12/site-packages/airflow/example_dags/example_branch_labels.py
[2024-04-21T15:02:59.395+0000] {logging_mixin.py:188} INFO - [2024-04-21T15:02:59.395+0000] {dag.py:3096} INFO - Sync 1 DAGs
[2024-04-21T15:02:59.405+0000] {logging_mixin.py:188} INFO - [2024-04-21T15:02:59.405+0000] {dag.py:3954} INFO - Setting next_dagrun for example_branch_labels to 2024-04-20 00:00:00+00:00, run_after=2024-04-21 00:00:00+00:00
[2024-04-21T15:02:59.412+0000] {processor.py:183} INFO - Processing /home/airflow/.local/lib/python3.12/site-packages/airflow/example_dags/example_branch_labels.py took 0.038 seconds
[2024-04-21T15:03:30.274+0000] {processor.py:161} INFO - Started process (PID=9092) to work on /home/airflow/.local/lib/python3.12/site-packages/airflow/example_dags/example_branch_labels.py
[2024-04-21T15:03:30.275+0000] {processor.py:830} INFO - Processing file /home/airflow/.local/lib/python3.12/site-packages/airflow/example_dags/example_branch_labels.py for tasks to queue
[2024-04-21T15:03:30.276+0000] {logging_mixin.py:188} INFO - [2024-04-21T15:03:30.276+0000] {dagbag.py:540} INFO - Filling up the DagBag from /home/airflow/.local/lib/python3.12/site-packages/airflow/example_dags/example_branch_labels.py
[2024-04-21T15:03:30.280+0000] {processor.py:840} INFO - DAG(s) 'example_branch_labels' retrieved from /home/airflow/.local/lib/python3.12/site-packages/airflow/example_dags/example_branch_labels.py
[2024-04-21T15:03:30.293+0000] {logging_mixin.py:188} INFO - [2024-04-21T15:03:30.292+0000] {dag.py:3096} INFO - Sync 1 DAGs
[2024-04-21T15:03:30.302+0000] {logging_mixin.py:188} INFO - [2024-04-21T15:03:30.302+0000] {dag.py:3954} INFO - Setting next_dagrun for example_branch_labels to 2024-04-20 00:00:00+00:00, run_after=2024-04-21 00:00:00+00:00
[2024-04-21T15:03:30.308+0000] {processor.py:183} INFO - Processing /home/airflow/.local/lib/python3.12/site-packages/airflow/example_dags/example_branch_labels.py took 0.037 seconds
[2024-04-21T15:04:01.228+0000] {processor.py:161} INFO - Started process (PID=9357) to work on /home/airflow/.local/lib/python3.12/site-packages/airflow/example_dags/example_branch_labels.py
[2024-04-21T15:04:01.228+0000] {processor.py:830} INFO - Processing file /home/airflow/.local/lib/python3.12/site-packages/airflow/example_dags/example_branch_labels.py for tasks to queue
[2024-04-21T15:04:01.229+0000] {logging_mixin.py:188} INFO - [2024-04-21T15:04:01.229+0000] {dagbag.py:540} INFO - Filling up the DagBag from /home/airflow/.local/lib/python3.12/site-packages/airflow/example_dags/example_branch_labels.py
[2024-04-21T15:04:01.233+0000] {processor.py:840} INFO - DAG(s) 'example_branch_labels' retrieved from /home/airflow/.local/lib/python3.12/site-packages/airflow/example_dags/example_branch_labels.py
[2024-04-21T15:04:01.246+0000] {logging_mixin.py:188} INFO - [2024-04-21T15:04:01.246+0000] {dag.py:3096} INFO - Sync 1 DAGs
[2024-04-21T15:04:01.255+0000] {logging_mixin.py:188} INFO - [2024-04-21T15:04:01.255+0000] {dag.py:3954} INFO - Setting next_dagrun for example_branch_labels to 2024-04-20 00:00:00+00:00, run_after=2024-04-21 00:00:00+00:00
[2024-04-21T15:04:01.262+0000] {processor.py:183} INFO - Processing /home/airflow/.local/lib/python3.12/site-packages/airflow/example_dags/example_branch_labels.py took 0.037 seconds
[2024-04-21T15:04:32.050+0000] {processor.py:161} INFO - Started process (PID=9624) to work on /home/airflow/.local/lib/python3.12/site-packages/airflow/example_dags/example_branch_labels.py
[2024-04-21T15:04:32.051+0000] {processor.py:830} INFO - Processing file /home/airflow/.local/lib/python3.12/site-packages/airflow/example_dags/example_branch_labels.py for tasks to queue
[2024-04-21T15:04:32.052+0000] {logging_mixin.py:188} INFO - [2024-04-21T15:04:32.052+0000] {dagbag.py:540} INFO - Filling up the DagBag from /home/airflow/.local/lib/python3.12/site-packages/airflow/example_dags/example_branch_labels.py
[2024-04-21T15:04:32.056+0000] {processor.py:840} INFO - DAG(s) 'example_branch_labels' retrieved from /home/airflow/.local/lib/python3.12/site-packages/airflow/example_dags/example_branch_labels.py
[2024-04-21T15:04:32.068+0000] {logging_mixin.py:188} INFO - [2024-04-21T15:04:32.068+0000] {dag.py:3096} INFO - Sync 1 DAGs
[2024-04-21T15:04:32.077+0000] {logging_mixin.py:188} INFO - [2024-04-21T15:04:32.077+0000] {dag.py:3954} INFO - Setting next_dagrun for example_branch_labels to 2024-04-20 00:00:00+00:00, run_after=2024-04-21 00:00:00+00:00
[2024-04-21T15:04:32.084+0000] {processor.py:183} INFO - Processing /home/airflow/.local/lib/python3.12/site-packages/airflow/example_dags/example_branch_labels.py took 0.036 seconds
[2024-04-21T15:05:02.891+0000] {processor.py:161} INFO - Started process (PID=9890) to work on /home/airflow/.local/lib/python3.12/site-packages/airflow/example_dags/example_branch_labels.py
[2024-04-21T15:05:02.891+0000] {processor.py:830} INFO - Processing file /home/airflow/.local/lib/python3.12/site-packages/airflow/example_dags/example_branch_labels.py for tasks to queue
[2024-04-21T15:05:02.892+0000] {logging_mixin.py:188} INFO - [2024-04-21T15:05:02.892+0000] {dagbag.py:540} INFO - Filling up the DagBag from /home/airflow/.local/lib/python3.12/site-packages/airflow/example_dags/example_branch_labels.py
[2024-04-21T15:05:02.897+0000] {processor.py:840} INFO - DAG(s) 'example_branch_labels' retrieved from /home/airflow/.local/lib/python3.12/site-packages/airflow/example_dags/example_branch_labels.py
[2024-04-21T15:05:02.909+0000] {logging_mixin.py:188} INFO - [2024-04-21T15:05:02.909+0000] {dag.py:3096} INFO - Sync 1 DAGs
[2024-04-21T15:05:02.919+0000] {logging_mixin.py:188} INFO - [2024-04-21T15:05:02.919+0000] {dag.py:3954} INFO - Setting next_dagrun for example_branch_labels to 2024-04-20 00:00:00+00:00, run_after=2024-04-21 00:00:00+00:00
[2024-04-21T15:05:02.927+0000] {processor.py:183} INFO - Processing /home/airflow/.local/lib/python3.12/site-packages/airflow/example_dags/example_branch_labels.py took 0.039 seconds
[2024-04-21T15:05:33.785+0000] {processor.py:161} INFO - Started process (PID=10157) to work on /home/airflow/.local/lib/python3.12/site-packages/airflow/example_dags/example_branch_labels.py
[2024-04-21T15:05:33.786+0000] {processor.py:830} INFO - Processing file /home/airflow/.local/lib/python3.12/site-packages/airflow/example_dags/example_branch_labels.py for tasks to queue
[2024-04-21T15:05:33.787+0000] {logging_mixin.py:188} INFO - [2024-04-21T15:05:33.787+0000] {dagbag.py:540} INFO - Filling up the DagBag from /home/airflow/.local/lib/python3.12/site-packages/airflow/example_dags/example_branch_labels.py
[2024-04-21T15:05:33.791+0000] {processor.py:840} INFO - DAG(s) 'example_branch_labels' retrieved from /home/airflow/.local/lib/python3.12/site-packages/airflow/example_dags/example_branch_labels.py
[2024-04-21T15:05:33.802+0000] {logging_mixin.py:188} INFO - [2024-04-21T15:05:33.802+0000] {dag.py:3096} INFO - Sync 1 DAGs
[2024-04-21T15:05:33.812+0000] {logging_mixin.py:188} INFO - [2024-04-21T15:05:33.812+0000] {dag.py:3954} INFO - Setting next_dagrun for example_branch_labels to 2024-04-20 00:00:00+00:00, run_after=2024-04-21 00:00:00+00:00
[2024-04-21T15:05:33.818+0000] {processor.py:183} INFO - Processing /home/airflow/.local/lib/python3.12/site-packages/airflow/example_dags/example_branch_labels.py took 0.036 seconds
[2024-04-21T15:06:04.664+0000] {processor.py:161} INFO - Started process (PID=10424) to work on /home/airflow/.local/lib/python3.12/site-packages/airflow/example_dags/example_branch_labels.py
[2024-04-21T15:06:04.664+0000] {processor.py:830} INFO - Processing file /home/airflow/.local/lib/python3.12/site-packages/airflow/example_dags/example_branch_labels.py for tasks to queue
[2024-04-21T15:06:04.665+0000] {logging_mixin.py:188} INFO - [2024-04-21T15:06:04.665+0000] {dagbag.py:540} INFO - Filling up the DagBag from /home/airflow/.local/lib/python3.12/site-packages/airflow/example_dags/example_branch_labels.py
[2024-04-21T15:06:04.669+0000] {processor.py:840} INFO - DAG(s) 'example_branch_labels' retrieved from /home/airflow/.local/lib/python3.12/site-packages/airflow/example_dags/example_branch_labels.py
[2024-04-21T15:06:04.681+0000] {logging_mixin.py:188} INFO - [2024-04-21T15:06:04.681+0000] {dag.py:3096} INFO - Sync 1 DAGs
[2024-04-21T15:06:04.691+0000] {logging_mixin.py:188} INFO - [2024-04-21T15:06:04.691+0000] {dag.py:3954} INFO - Setting next_dagrun for example_branch_labels to 2024-04-20 00:00:00+00:00, run_after=2024-04-21 00:00:00+00:00
[2024-04-21T15:06:04.698+0000] {processor.py:183} INFO - Processing /home/airflow/.local/lib/python3.12/site-packages/airflow/example_dags/example_branch_labels.py took 0.037 seconds
[2024-04-21T15:06:35.507+0000] {processor.py:161} INFO - Started process (PID=10691) to work on /home/airflow/.local/lib/python3.12/site-packages/airflow/example_dags/example_branch_labels.py
[2024-04-21T15:06:35.508+0000] {processor.py:830} INFO - Processing file /home/airflow/.local/lib/python3.12/site-packages/airflow/example_dags/example_branch_labels.py for tasks to queue
[2024-04-21T15:06:35.509+0000] {logging_mixin.py:188} INFO - [2024-04-21T15:06:35.509+0000] {dagbag.py:540} INFO - Filling up the DagBag from /home/airflow/.local/lib/python3.12/site-packages/airflow/example_dags/example_branch_labels.py
[2024-04-21T15:06:35.513+0000] {processor.py:840} INFO - DAG(s) 'example_branch_labels' retrieved from /home/airflow/.local/lib/python3.12/site-packages/airflow/example_dags/example_branch_labels.py
[2024-04-21T15:06:35.525+0000] {logging_mixin.py:188} INFO - [2024-04-21T15:06:35.525+0000] {dag.py:3096} INFO - Sync 1 DAGs
[2024-04-21T15:06:35.535+0000] {logging_mixin.py:188} INFO - [2024-04-21T15:06:35.534+0000] {dag.py:3954} INFO - Setting next_dagrun for example_branch_labels to 2024-04-20 00:00:00+00:00, run_after=2024-04-21 00:00:00+00:00
[2024-04-21T15:06:35.541+0000] {processor.py:183} INFO - Processing /home/airflow/.local/lib/python3.12/site-packages/airflow/example_dags/example_branch_labels.py took 0.037 seconds
[2024-04-21T15:07:05.627+0000] {processor.py:161} INFO - Started process (PID=10958) to work on /home/airflow/.local/lib/python3.12/site-packages/airflow/example_dags/example_branch_labels.py
[2024-04-21T15:07:05.627+0000] {processor.py:830} INFO - Processing file /home/airflow/.local/lib/python3.12/site-packages/airflow/example_dags/example_branch_labels.py for tasks to queue
[2024-04-21T15:07:05.628+0000] {logging_mixin.py:188} INFO - [2024-04-21T15:07:05.628+0000] {dagbag.py:540} INFO - Filling up the DagBag from /home/airflow/.local/lib/python3.12/site-packages/airflow/example_dags/example_branch_labels.py
[2024-04-21T15:07:05.632+0000] {processor.py:840} INFO - DAG(s) 'example_branch_labels' retrieved from /home/airflow/.local/lib/python3.12/site-packages/airflow/example_dags/example_branch_labels.py
[2024-04-21T15:07:05.645+0000] {logging_mixin.py:188} INFO - [2024-04-21T15:07:05.645+0000] {dag.py:3096} INFO - Sync 1 DAGs
[2024-04-21T15:07:05.655+0000] {logging_mixin.py:188} INFO - [2024-04-21T15:07:05.655+0000] {dag.py:3954} INFO - Setting next_dagrun for example_branch_labels to 2024-04-20 00:00:00+00:00, run_after=2024-04-21 00:00:00+00:00
[2024-04-21T15:07:05.662+0000] {processor.py:183} INFO - Processing /home/airflow/.local/lib/python3.12/site-packages/airflow/example_dags/example_branch_labels.py took 0.038 seconds
[2024-04-21T15:07:35.919+0000] {processor.py:161} INFO - Started process (PID=11246) to work on /home/airflow/.local/lib/python3.12/site-packages/airflow/example_dags/example_branch_labels.py
[2024-04-21T15:07:35.920+0000] {processor.py:830} INFO - Processing file /home/airflow/.local/lib/python3.12/site-packages/airflow/example_dags/example_branch_labels.py for tasks to queue
[2024-04-21T15:07:35.921+0000] {logging_mixin.py:188} INFO - [2024-04-21T15:07:35.921+0000] {dagbag.py:540} INFO - Filling up the DagBag from /home/airflow/.local/lib/python3.12/site-packages/airflow/example_dags/example_branch_labels.py
[2024-04-21T15:07:35.925+0000] {processor.py:840} INFO - DAG(s) 'example_branch_labels' retrieved from /home/airflow/.local/lib/python3.12/site-packages/airflow/example_dags/example_branch_labels.py
[2024-04-21T15:07:35.938+0000] {logging_mixin.py:188} INFO - [2024-04-21T15:07:35.938+0000] {dag.py:3096} INFO - Sync 1 DAGs
[2024-04-21T15:07:35.949+0000] {logging_mixin.py:188} INFO - [2024-04-21T15:07:35.949+0000] {dag.py:3954} INFO - Setting next_dagrun for example_branch_labels to 2024-04-20 00:00:00+00:00, run_after=2024-04-21 00:00:00+00:00
[2024-04-21T15:07:35.958+0000] {processor.py:183} INFO - Processing /home/airflow/.local/lib/python3.12/site-packages/airflow/example_dags/example_branch_labels.py took 0.042 seconds
[2024-04-21T15:08:06.002+0000] {processor.py:161} INFO - Started process (PID=11525) to work on /home/airflow/.local/lib/python3.12/site-packages/airflow/example_dags/example_branch_labels.py
[2024-04-21T15:08:06.002+0000] {processor.py:830} INFO - Processing file /home/airflow/.local/lib/python3.12/site-packages/airflow/example_dags/example_branch_labels.py for tasks to queue
[2024-04-21T15:08:06.003+0000] {logging_mixin.py:188} INFO - [2024-04-21T15:08:06.003+0000] {dagbag.py:540} INFO - Filling up the DagBag from /home/airflow/.local/lib/python3.12/site-packages/airflow/example_dags/example_branch_labels.py
[2024-04-21T15:08:06.007+0000] {processor.py:840} INFO - DAG(s) 'example_branch_labels' retrieved from /home/airflow/.local/lib/python3.12/site-packages/airflow/example_dags/example_branch_labels.py
[2024-04-21T15:08:06.019+0000] {logging_mixin.py:188} INFO - [2024-04-21T15:08:06.019+0000] {dag.py:3096} INFO - Sync 1 DAGs
[2024-04-21T15:08:06.028+0000] {logging_mixin.py:188} INFO - [2024-04-21T15:08:06.028+0000] {dag.py:3954} INFO - Setting next_dagrun for example_branch_labels to 2024-04-20 00:00:00+00:00, run_after=2024-04-21 00:00:00+00:00
[2024-04-21T15:08:06.034+0000] {processor.py:183} INFO - Processing /home/airflow/.local/lib/python3.12/site-packages/airflow/example_dags/example_branch_labels.py took 0.035 seconds
[2024-04-21T15:08:37.055+0000] {processor.py:161} INFO - Started process (PID=11808) to work on /home/airflow/.local/lib/python3.12/site-packages/airflow/example_dags/example_branch_labels.py
[2024-04-21T15:08:37.056+0000] {processor.py:830} INFO - Processing file /home/airflow/.local/lib/python3.12/site-packages/airflow/example_dags/example_branch_labels.py for tasks to queue
[2024-04-21T15:08:37.057+0000] {logging_mixin.py:188} INFO - [2024-04-21T15:08:37.057+0000] {dagbag.py:540} INFO - Filling up the DagBag from /home/airflow/.local/lib/python3.12/site-packages/airflow/example_dags/example_branch_labels.py
[2024-04-21T15:08:37.061+0000] {processor.py:840} INFO - DAG(s) 'example_branch_labels' retrieved from /home/airflow/.local/lib/python3.12/site-packages/airflow/example_dags/example_branch_labels.py
[2024-04-21T15:08:37.073+0000] {logging_mixin.py:188} INFO - [2024-04-21T15:08:37.073+0000] {dag.py:3096} INFO - Sync 1 DAGs
[2024-04-21T15:08:37.083+0000] {logging_mixin.py:188} INFO - [2024-04-21T15:08:37.083+0000] {dag.py:3954} INFO - Setting next_dagrun for example_branch_labels to 2024-04-20 00:00:00+00:00, run_after=2024-04-21 00:00:00+00:00
[2024-04-21T15:08:37.090+0000] {processor.py:183} INFO - Processing /home/airflow/.local/lib/python3.12/site-packages/airflow/example_dags/example_branch_labels.py took 0.038 seconds
[2024-04-21T15:09:07.971+0000] {processor.py:161} INFO - Started process (PID=12076) to work on /home/airflow/.local/lib/python3.12/site-packages/airflow/example_dags/example_branch_labels.py
[2024-04-21T15:09:07.972+0000] {processor.py:830} INFO - Processing file /home/airflow/.local/lib/python3.12/site-packages/airflow/example_dags/example_branch_labels.py for tasks to queue
[2024-04-21T15:09:07.973+0000] {logging_mixin.py:188} INFO - [2024-04-21T15:09:07.972+0000] {dagbag.py:540} INFO - Filling up the DagBag from /home/airflow/.local/lib/python3.12/site-packages/airflow/example_dags/example_branch_labels.py
[2024-04-21T15:09:07.977+0000] {processor.py:840} INFO - DAG(s) 'example_branch_labels' retrieved from /home/airflow/.local/lib/python3.12/site-packages/airflow/example_dags/example_branch_labels.py
[2024-04-21T15:09:07.991+0000] {logging_mixin.py:188} INFO - [2024-04-21T15:09:07.991+0000] {dag.py:3096} INFO - Sync 1 DAGs
[2024-04-21T15:09:08.002+0000] {logging_mixin.py:188} INFO - [2024-04-21T15:09:08.002+0000] {dag.py:3954} INFO - Setting next_dagrun for example_branch_labels to 2024-04-20 00:00:00+00:00, run_after=2024-04-21 00:00:00+00:00
[2024-04-21T15:09:08.010+0000] {processor.py:183} INFO - Processing /home/airflow/.local/lib/python3.12/site-packages/airflow/example_dags/example_branch_labels.py took 0.042 seconds
[2024-04-21T15:09:38.795+0000] {processor.py:161} INFO - Started process (PID=12341) to work on /home/airflow/.local/lib/python3.12/site-packages/airflow/example_dags/example_branch_labels.py
[2024-04-21T15:09:38.796+0000] {processor.py:830} INFO - Processing file /home/airflow/.local/lib/python3.12/site-packages/airflow/example_dags/example_branch_labels.py for tasks to queue
[2024-04-21T15:09:38.797+0000] {logging_mixin.py:188} INFO - [2024-04-21T15:09:38.796+0000] {dagbag.py:540} INFO - Filling up the DagBag from /home/airflow/.local/lib/python3.12/site-packages/airflow/example_dags/example_branch_labels.py
[2024-04-21T15:09:38.800+0000] {processor.py:840} INFO - DAG(s) 'example_branch_labels' retrieved from /home/airflow/.local/lib/python3.12/site-packages/airflow/example_dags/example_branch_labels.py
[2024-04-21T15:09:38.812+0000] {logging_mixin.py:188} INFO - [2024-04-21T15:09:38.812+0000] {dag.py:3096} INFO - Sync 1 DAGs
[2024-04-21T15:09:38.822+0000] {logging_mixin.py:188} INFO - [2024-04-21T15:09:38.822+0000] {dag.py:3954} INFO - Setting next_dagrun for example_branch_labels to 2024-04-20 00:00:00+00:00, run_after=2024-04-21 00:00:00+00:00
[2024-04-21T15:09:38.829+0000] {processor.py:183} INFO - Processing /home/airflow/.local/lib/python3.12/site-packages/airflow/example_dags/example_branch_labels.py took 0.037 seconds
[2024-04-21T15:10:09.747+0000] {processor.py:161} INFO - Started process (PID=12610) to work on /home/airflow/.local/lib/python3.12/site-packages/airflow/example_dags/example_branch_labels.py
[2024-04-21T15:10:09.747+0000] {processor.py:830} INFO - Processing file /home/airflow/.local/lib/python3.12/site-packages/airflow/example_dags/example_branch_labels.py for tasks to queue
[2024-04-21T15:10:09.748+0000] {logging_mixin.py:188} INFO - [2024-04-21T15:10:09.748+0000] {dagbag.py:540} INFO - Filling up the DagBag from /home/airflow/.local/lib/python3.12/site-packages/airflow/example_dags/example_branch_labels.py
[2024-04-21T15:10:09.752+0000] {processor.py:840} INFO - DAG(s) 'example_branch_labels' retrieved from /home/airflow/.local/lib/python3.12/site-packages/airflow/example_dags/example_branch_labels.py
[2024-04-21T15:10:09.765+0000] {logging_mixin.py:188} INFO - [2024-04-21T15:10:09.765+0000] {dag.py:3096} INFO - Sync 1 DAGs
[2024-04-21T15:10:09.775+0000] {logging_mixin.py:188} INFO - [2024-04-21T15:10:09.775+0000] {dag.py:3954} INFO - Setting next_dagrun for example_branch_labels to 2024-04-20 00:00:00+00:00, run_after=2024-04-21 00:00:00+00:00
[2024-04-21T15:10:09.783+0000] {processor.py:183} INFO - Processing /home/airflow/.local/lib/python3.12/site-packages/airflow/example_dags/example_branch_labels.py took 0.039 seconds
[2024-04-21T15:10:40.110+0000] {processor.py:161} INFO - Started process (PID=12882) to work on /home/airflow/.local/lib/python3.12/site-packages/airflow/example_dags/example_branch_labels.py
[2024-04-21T15:10:40.110+0000] {processor.py:830} INFO - Processing file /home/airflow/.local/lib/python3.12/site-packages/airflow/example_dags/example_branch_labels.py for tasks to queue
[2024-04-21T15:10:40.111+0000] {logging_mixin.py:188} INFO - [2024-04-21T15:10:40.111+0000] {dagbag.py:540} INFO - Filling up the DagBag from /home/airflow/.local/lib/python3.12/site-packages/airflow/example_dags/example_branch_labels.py
[2024-04-21T15:10:40.116+0000] {processor.py:840} INFO - DAG(s) 'example_branch_labels' retrieved from /home/airflow/.local/lib/python3.12/site-packages/airflow/example_dags/example_branch_labels.py
[2024-04-21T15:10:40.130+0000] {logging_mixin.py:188} INFO - [2024-04-21T15:10:40.129+0000] {dag.py:3096} INFO - Sync 1 DAGs
[2024-04-21T15:10:40.141+0000] {logging_mixin.py:188} INFO - [2024-04-21T15:10:40.140+0000] {dag.py:3954} INFO - Setting next_dagrun for example_branch_labels to 2024-04-20 00:00:00+00:00, run_after=2024-04-21 00:00:00+00:00
[2024-04-21T15:10:40.149+0000] {processor.py:183} INFO - Processing /home/airflow/.local/lib/python3.12/site-packages/airflow/example_dags/example_branch_labels.py took 0.043 seconds
[2024-04-21T15:11:11.115+0000] {processor.py:161} INFO - Started process (PID=13161) to work on /home/airflow/.local/lib/python3.12/site-packages/airflow/example_dags/example_branch_labels.py
[2024-04-21T15:11:11.116+0000] {processor.py:830} INFO - Processing file /home/airflow/.local/lib/python3.12/site-packages/airflow/example_dags/example_branch_labels.py for tasks to queue
[2024-04-21T15:11:11.117+0000] {logging_mixin.py:188} INFO - [2024-04-21T15:11:11.117+0000] {dagbag.py:540} INFO - Filling up the DagBag from /home/airflow/.local/lib/python3.12/site-packages/airflow/example_dags/example_branch_labels.py
[2024-04-21T15:11:11.121+0000] {processor.py:840} INFO - DAG(s) 'example_branch_labels' retrieved from /home/airflow/.local/lib/python3.12/site-packages/airflow/example_dags/example_branch_labels.py
[2024-04-21T15:11:11.134+0000] {logging_mixin.py:188} INFO - [2024-04-21T15:11:11.134+0000] {dag.py:3096} INFO - Sync 1 DAGs
[2024-04-21T15:11:11.143+0000] {logging_mixin.py:188} INFO - [2024-04-21T15:11:11.143+0000] {dag.py:3954} INFO - Setting next_dagrun for example_branch_labels to 2024-04-20 00:00:00+00:00, run_after=2024-04-21 00:00:00+00:00
[2024-04-21T15:11:11.149+0000] {processor.py:183} INFO - Processing /home/airflow/.local/lib/python3.12/site-packages/airflow/example_dags/example_branch_labels.py took 0.037 seconds
[2024-04-21T15:11:42.130+0000] {processor.py:161} INFO - Started process (PID=13435) to work on /home/airflow/.local/lib/python3.12/site-packages/airflow/example_dags/example_branch_labels.py
[2024-04-21T15:11:42.130+0000] {processor.py:830} INFO - Processing file /home/airflow/.local/lib/python3.12/site-packages/airflow/example_dags/example_branch_labels.py for tasks to queue
[2024-04-21T15:11:42.131+0000] {logging_mixin.py:188} INFO - [2024-04-21T15:11:42.131+0000] {dagbag.py:540} INFO - Filling up the DagBag from /home/airflow/.local/lib/python3.12/site-packages/airflow/example_dags/example_branch_labels.py
[2024-04-21T15:11:42.135+0000] {processor.py:840} INFO - DAG(s) 'example_branch_labels' retrieved from /home/airflow/.local/lib/python3.12/site-packages/airflow/example_dags/example_branch_labels.py
[2024-04-21T15:11:42.147+0000] {logging_mixin.py:188} INFO - [2024-04-21T15:11:42.147+0000] {dag.py:3096} INFO - Sync 1 DAGs
[2024-04-21T15:11:42.157+0000] {logging_mixin.py:188} INFO - [2024-04-21T15:11:42.157+0000] {dag.py:3954} INFO - Setting next_dagrun for example_branch_labels to 2024-04-20 00:00:00+00:00, run_after=2024-04-21 00:00:00+00:00
[2024-04-21T15:11:42.163+0000] {processor.py:183} INFO - Processing /home/airflow/.local/lib/python3.12/site-packages/airflow/example_dags/example_branch_labels.py took 0.037 seconds
[2024-04-21T15:12:13.204+0000] {processor.py:161} INFO - Started process (PID=13717) to work on /home/airflow/.local/lib/python3.12/site-packages/airflow/example_dags/example_branch_labels.py
[2024-04-21T15:12:13.205+0000] {processor.py:830} INFO - Processing file /home/airflow/.local/lib/python3.12/site-packages/airflow/example_dags/example_branch_labels.py for tasks to queue
[2024-04-21T15:12:13.206+0000] {logging_mixin.py:188} INFO - [2024-04-21T15:12:13.206+0000] {dagbag.py:540} INFO - Filling up the DagBag from /home/airflow/.local/lib/python3.12/site-packages/airflow/example_dags/example_branch_labels.py
[2024-04-21T15:12:13.210+0000] {processor.py:840} INFO - DAG(s) 'example_branch_labels' retrieved from /home/airflow/.local/lib/python3.12/site-packages/airflow/example_dags/example_branch_labels.py
[2024-04-21T15:12:13.222+0000] {logging_mixin.py:188} INFO - [2024-04-21T15:12:13.222+0000] {dag.py:3096} INFO - Sync 1 DAGs
[2024-04-21T15:12:13.231+0000] {logging_mixin.py:188} INFO - [2024-04-21T15:12:13.231+0000] {dag.py:3954} INFO - Setting next_dagrun for example_branch_labels to 2024-04-20 00:00:00+00:00, run_after=2024-04-21 00:00:00+00:00
[2024-04-21T15:12:13.238+0000] {processor.py:183} INFO - Processing /home/airflow/.local/lib/python3.12/site-packages/airflow/example_dags/example_branch_labels.py took 0.037 seconds
[2024-04-21T15:12:43.934+0000] {processor.py:161} INFO - Started process (PID=13993) to work on /home/airflow/.local/lib/python3.12/site-packages/airflow/example_dags/example_branch_labels.py
[2024-04-21T15:12:43.934+0000] {processor.py:830} INFO - Processing file /home/airflow/.local/lib/python3.12/site-packages/airflow/example_dags/example_branch_labels.py for tasks to queue
[2024-04-21T15:12:43.935+0000] {logging_mixin.py:188} INFO - [2024-04-21T15:12:43.935+0000] {dagbag.py:540} INFO - Filling up the DagBag from /home/airflow/.local/lib/python3.12/site-packages/airflow/example_dags/example_branch_labels.py
[2024-04-21T15:12:43.939+0000] {processor.py:840} INFO - DAG(s) 'example_branch_labels' retrieved from /home/airflow/.local/lib/python3.12/site-packages/airflow/example_dags/example_branch_labels.py
[2024-04-21T15:12:43.952+0000] {logging_mixin.py:188} INFO - [2024-04-21T15:12:43.952+0000] {dag.py:3096} INFO - Sync 1 DAGs
[2024-04-21T15:12:43.962+0000] {logging_mixin.py:188} INFO - [2024-04-21T15:12:43.962+0000] {dag.py:3954} INFO - Setting next_dagrun for example_branch_labels to 2024-04-20 00:00:00+00:00, run_after=2024-04-21 00:00:00+00:00
[2024-04-21T15:12:43.969+0000] {processor.py:183} INFO - Processing /home/airflow/.local/lib/python3.12/site-packages/airflow/example_dags/example_branch_labels.py took 0.038 seconds
[2024-04-21T15:13:14.975+0000] {processor.py:161} INFO - Started process (PID=14279) to work on /home/airflow/.local/lib/python3.12/site-packages/airflow/example_dags/example_branch_labels.py
[2024-04-21T15:13:14.976+0000] {processor.py:830} INFO - Processing file /home/airflow/.local/lib/python3.12/site-packages/airflow/example_dags/example_branch_labels.py for tasks to queue
[2024-04-21T15:13:14.977+0000] {logging_mixin.py:188} INFO - [2024-04-21T15:13:14.977+0000] {dagbag.py:540} INFO - Filling up the DagBag from /home/airflow/.local/lib/python3.12/site-packages/airflow/example_dags/example_branch_labels.py
[2024-04-21T15:13:14.981+0000] {processor.py:840} INFO - DAG(s) 'example_branch_labels' retrieved from /home/airflow/.local/lib/python3.12/site-packages/airflow/example_dags/example_branch_labels.py
[2024-04-21T15:13:14.993+0000] {logging_mixin.py:188} INFO - [2024-04-21T15:13:14.993+0000] {dag.py:3096} INFO - Sync 1 DAGs
[2024-04-21T15:13:15.003+0000] {logging_mixin.py:188} INFO - [2024-04-21T15:13:15.003+0000] {dag.py:3954} INFO - Setting next_dagrun for example_branch_labels to 2024-04-20 00:00:00+00:00, run_after=2024-04-21 00:00:00+00:00
[2024-04-21T15:13:15.009+0000] {processor.py:183} INFO - Processing /home/airflow/.local/lib/python3.12/site-packages/airflow/example_dags/example_branch_labels.py took 0.037 seconds
[2024-04-21T15:13:45.885+0000] {processor.py:161} INFO - Started process (PID=14545) to work on /home/airflow/.local/lib/python3.12/site-packages/airflow/example_dags/example_branch_labels.py
[2024-04-21T15:13:45.886+0000] {processor.py:830} INFO - Processing file /home/airflow/.local/lib/python3.12/site-packages/airflow/example_dags/example_branch_labels.py for tasks to queue
[2024-04-21T15:13:45.887+0000] {logging_mixin.py:188} INFO - [2024-04-21T15:13:45.887+0000] {dagbag.py:540} INFO - Filling up the DagBag from /home/airflow/.local/lib/python3.12/site-packages/airflow/example_dags/example_branch_labels.py
[2024-04-21T15:13:45.892+0000] {processor.py:840} INFO - DAG(s) 'example_branch_labels' retrieved from /home/airflow/.local/lib/python3.12/site-packages/airflow/example_dags/example_branch_labels.py
[2024-04-21T15:13:45.908+0000] {logging_mixin.py:188} INFO - [2024-04-21T15:13:45.908+0000] {dag.py:3096} INFO - Sync 1 DAGs
[2024-04-21T15:13:45.920+0000] {logging_mixin.py:188} INFO - [2024-04-21T15:13:45.920+0000] {dag.py:3954} INFO - Setting next_dagrun for example_branch_labels to 2024-04-20 00:00:00+00:00, run_after=2024-04-21 00:00:00+00:00
[2024-04-21T15:13:45.930+0000] {processor.py:183} INFO - Processing /home/airflow/.local/lib/python3.12/site-packages/airflow/example_dags/example_branch_labels.py took 0.048 seconds
[2024-04-21T15:14:16.025+0000] {processor.py:161} INFO - Started process (PID=14812) to work on /home/airflow/.local/lib/python3.12/site-packages/airflow/example_dags/example_branch_labels.py
[2024-04-21T15:14:16.026+0000] {processor.py:830} INFO - Processing file /home/airflow/.local/lib/python3.12/site-packages/airflow/example_dags/example_branch_labels.py for tasks to queue
[2024-04-21T15:14:16.027+0000] {logging_mixin.py:188} INFO - [2024-04-21T15:14:16.026+0000] {dagbag.py:540} INFO - Filling up the DagBag from /home/airflow/.local/lib/python3.12/site-packages/airflow/example_dags/example_branch_labels.py
[2024-04-21T15:14:16.030+0000] {processor.py:840} INFO - DAG(s) 'example_branch_labels' retrieved from /home/airflow/.local/lib/python3.12/site-packages/airflow/example_dags/example_branch_labels.py
[2024-04-21T15:14:16.043+0000] {logging_mixin.py:188} INFO - [2024-04-21T15:14:16.043+0000] {dag.py:3096} INFO - Sync 1 DAGs
[2024-04-21T15:14:16.053+0000] {logging_mixin.py:188} INFO - [2024-04-21T15:14:16.053+0000] {dag.py:3954} INFO - Setting next_dagrun for example_branch_labels to 2024-04-20 00:00:00+00:00, run_after=2024-04-21 00:00:00+00:00
[2024-04-21T15:14:16.059+0000] {processor.py:183} INFO - Processing /home/airflow/.local/lib/python3.12/site-packages/airflow/example_dags/example_branch_labels.py took 0.037 seconds
[2024-04-21T15:14:46.214+0000] {processor.py:161} INFO - Started process (PID=15078) to work on /home/airflow/.local/lib/python3.12/site-packages/airflow/example_dags/example_branch_labels.py
[2024-04-21T15:14:46.215+0000] {processor.py:830} INFO - Processing file /home/airflow/.local/lib/python3.12/site-packages/airflow/example_dags/example_branch_labels.py for tasks to queue
[2024-04-21T15:14:46.216+0000] {logging_mixin.py:188} INFO - [2024-04-21T15:14:46.216+0000] {dagbag.py:540} INFO - Filling up the DagBag from /home/airflow/.local/lib/python3.12/site-packages/airflow/example_dags/example_branch_labels.py
[2024-04-21T15:14:46.220+0000] {processor.py:840} INFO - DAG(s) 'example_branch_labels' retrieved from /home/airflow/.local/lib/python3.12/site-packages/airflow/example_dags/example_branch_labels.py
[2024-04-21T15:14:46.234+0000] {logging_mixin.py:188} INFO - [2024-04-21T15:14:46.234+0000] {dag.py:3096} INFO - Sync 1 DAGs
[2024-04-21T15:14:46.243+0000] {logging_mixin.py:188} INFO - [2024-04-21T15:14:46.243+0000] {dag.py:3954} INFO - Setting next_dagrun for example_branch_labels to 2024-04-20 00:00:00+00:00, run_after=2024-04-21 00:00:00+00:00
[2024-04-21T15:14:46.250+0000] {processor.py:183} INFO - Processing /home/airflow/.local/lib/python3.12/site-packages/airflow/example_dags/example_branch_labels.py took 0.039 seconds
[2024-04-21T15:15:16.331+0000] {processor.py:161} INFO - Started process (PID=15345) to work on /home/airflow/.local/lib/python3.12/site-packages/airflow/example_dags/example_branch_labels.py
[2024-04-21T15:15:16.331+0000] {processor.py:830} INFO - Processing file /home/airflow/.local/lib/python3.12/site-packages/airflow/example_dags/example_branch_labels.py for tasks to queue
[2024-04-21T15:15:16.332+0000] {logging_mixin.py:188} INFO - [2024-04-21T15:15:16.332+0000] {dagbag.py:540} INFO - Filling up the DagBag from /home/airflow/.local/lib/python3.12/site-packages/airflow/example_dags/example_branch_labels.py
[2024-04-21T15:15:16.336+0000] {processor.py:840} INFO - DAG(s) 'example_branch_labels' retrieved from /home/airflow/.local/lib/python3.12/site-packages/airflow/example_dags/example_branch_labels.py
[2024-04-21T15:15:16.348+0000] {logging_mixin.py:188} INFO - [2024-04-21T15:15:16.348+0000] {dag.py:3096} INFO - Sync 1 DAGs
[2024-04-21T15:15:16.358+0000] {logging_mixin.py:188} INFO - [2024-04-21T15:15:16.358+0000] {dag.py:3954} INFO - Setting next_dagrun for example_branch_labels to 2024-04-20 00:00:00+00:00, run_after=2024-04-21 00:00:00+00:00
[2024-04-21T15:15:16.364+0000] {processor.py:183} INFO - Processing /home/airflow/.local/lib/python3.12/site-packages/airflow/example_dags/example_branch_labels.py took 0.037 seconds
[2024-04-21T15:15:46.516+0000] {processor.py:161} INFO - Started process (PID=15612) to work on /home/airflow/.local/lib/python3.12/site-packages/airflow/example_dags/example_branch_labels.py
[2024-04-21T15:15:46.517+0000] {processor.py:830} INFO - Processing file /home/airflow/.local/lib/python3.12/site-packages/airflow/example_dags/example_branch_labels.py for tasks to queue
[2024-04-21T15:15:46.518+0000] {logging_mixin.py:188} INFO - [2024-04-21T15:15:46.518+0000] {dagbag.py:540} INFO - Filling up the DagBag from /home/airflow/.local/lib/python3.12/site-packages/airflow/example_dags/example_branch_labels.py
[2024-04-21T15:15:46.522+0000] {processor.py:840} INFO - DAG(s) 'example_branch_labels' retrieved from /home/airflow/.local/lib/python3.12/site-packages/airflow/example_dags/example_branch_labels.py
[2024-04-21T15:15:46.535+0000] {logging_mixin.py:188} INFO - [2024-04-21T15:15:46.535+0000] {dag.py:3096} INFO - Sync 1 DAGs
[2024-04-21T15:15:46.545+0000] {logging_mixin.py:188} INFO - [2024-04-21T15:15:46.545+0000] {dag.py:3954} INFO - Setting next_dagrun for example_branch_labels to 2024-04-20 00:00:00+00:00, run_after=2024-04-21 00:00:00+00:00
[2024-04-21T15:15:46.552+0000] {processor.py:183} INFO - Processing /home/airflow/.local/lib/python3.12/site-packages/airflow/example_dags/example_branch_labels.py took 0.039 seconds
[2024-04-21T15:16:16.753+0000] {processor.py:161} INFO - Started process (PID=15879) to work on /home/airflow/.local/lib/python3.12/site-packages/airflow/example_dags/example_branch_labels.py
[2024-04-21T15:16:16.754+0000] {processor.py:830} INFO - Processing file /home/airflow/.local/lib/python3.12/site-packages/airflow/example_dags/example_branch_labels.py for tasks to queue
[2024-04-21T15:16:16.755+0000] {logging_mixin.py:188} INFO - [2024-04-21T15:16:16.755+0000] {dagbag.py:540} INFO - Filling up the DagBag from /home/airflow/.local/lib/python3.12/site-packages/airflow/example_dags/example_branch_labels.py
[2024-04-21T15:16:16.759+0000] {processor.py:840} INFO - DAG(s) 'example_branch_labels' retrieved from /home/airflow/.local/lib/python3.12/site-packages/airflow/example_dags/example_branch_labels.py
[2024-04-21T15:16:16.774+0000] {logging_mixin.py:188} INFO - [2024-04-21T15:16:16.774+0000] {dag.py:3096} INFO - Sync 1 DAGs
[2024-04-21T15:16:16.785+0000] {logging_mixin.py:188} INFO - [2024-04-21T15:16:16.785+0000] {dag.py:3954} INFO - Setting next_dagrun for example_branch_labels to 2024-04-20 00:00:00+00:00, run_after=2024-04-21 00:00:00+00:00
[2024-04-21T15:16:16.793+0000] {processor.py:183} INFO - Processing /home/airflow/.local/lib/python3.12/site-packages/airflow/example_dags/example_branch_labels.py took 0.043 seconds
[2024-04-21T15:16:47.008+0000] {processor.py:161} INFO - Started process (PID=16147) to work on /home/airflow/.local/lib/python3.12/site-packages/airflow/example_dags/example_branch_labels.py
[2024-04-21T15:16:47.008+0000] {processor.py:830} INFO - Processing file /home/airflow/.local/lib/python3.12/site-packages/airflow/example_dags/example_branch_labels.py for tasks to queue
[2024-04-21T15:16:47.009+0000] {logging_mixin.py:188} INFO - [2024-04-21T15:16:47.009+0000] {dagbag.py:540} INFO - Filling up the DagBag from /home/airflow/.local/lib/python3.12/site-packages/airflow/example_dags/example_branch_labels.py
[2024-04-21T15:16:47.014+0000] {processor.py:840} INFO - DAG(s) 'example_branch_labels' retrieved from /home/airflow/.local/lib/python3.12/site-packages/airflow/example_dags/example_branch_labels.py
[2024-04-21T15:16:47.028+0000] {logging_mixin.py:188} INFO - [2024-04-21T15:16:47.028+0000] {dag.py:3096} INFO - Sync 1 DAGs
[2024-04-21T15:16:47.039+0000] {logging_mixin.py:188} INFO - [2024-04-21T15:16:47.039+0000] {dag.py:3954} INFO - Setting next_dagrun for example_branch_labels to 2024-04-20 00:00:00+00:00, run_after=2024-04-21 00:00:00+00:00
[2024-04-21T15:16:47.048+0000] {processor.py:183} INFO - Processing /home/airflow/.local/lib/python3.12/site-packages/airflow/example_dags/example_branch_labels.py took 0.044 seconds
[2024-04-21T15:17:17.111+0000] {processor.py:161} INFO - Started process (PID=16414) to work on /home/airflow/.local/lib/python3.12/site-packages/airflow/example_dags/example_branch_labels.py
[2024-04-21T15:17:17.111+0000] {processor.py:830} INFO - Processing file /home/airflow/.local/lib/python3.12/site-packages/airflow/example_dags/example_branch_labels.py for tasks to queue
[2024-04-21T15:17:17.112+0000] {logging_mixin.py:188} INFO - [2024-04-21T15:17:17.112+0000] {dagbag.py:540} INFO - Filling up the DagBag from /home/airflow/.local/lib/python3.12/site-packages/airflow/example_dags/example_branch_labels.py
[2024-04-21T15:17:17.116+0000] {processor.py:840} INFO - DAG(s) 'example_branch_labels' retrieved from /home/airflow/.local/lib/python3.12/site-packages/airflow/example_dags/example_branch_labels.py
[2024-04-21T15:17:17.130+0000] {logging_mixin.py:188} INFO - [2024-04-21T15:17:17.130+0000] {dag.py:3096} INFO - Sync 1 DAGs
[2024-04-21T15:17:17.140+0000] {logging_mixin.py:188} INFO - [2024-04-21T15:17:17.140+0000] {dag.py:3954} INFO - Setting next_dagrun for example_branch_labels to 2024-04-20 00:00:00+00:00, run_after=2024-04-21 00:00:00+00:00
[2024-04-21T15:17:17.148+0000] {processor.py:183} INFO - Processing /home/airflow/.local/lib/python3.12/site-packages/airflow/example_dags/example_branch_labels.py took 0.041 seconds
[2024-04-21T15:17:47.289+0000] {processor.py:161} INFO - Started process (PID=16681) to work on /home/airflow/.local/lib/python3.12/site-packages/airflow/example_dags/example_branch_labels.py
[2024-04-21T15:17:47.290+0000] {processor.py:830} INFO - Processing file /home/airflow/.local/lib/python3.12/site-packages/airflow/example_dags/example_branch_labels.py for tasks to queue
[2024-04-21T15:17:47.291+0000] {logging_mixin.py:188} INFO - [2024-04-21T15:17:47.290+0000] {dagbag.py:540} INFO - Filling up the DagBag from /home/airflow/.local/lib/python3.12/site-packages/airflow/example_dags/example_branch_labels.py
[2024-04-21T15:17:47.295+0000] {processor.py:840} INFO - DAG(s) 'example_branch_labels' retrieved from /home/airflow/.local/lib/python3.12/site-packages/airflow/example_dags/example_branch_labels.py
[2024-04-21T15:17:47.308+0000] {logging_mixin.py:188} INFO - [2024-04-21T15:17:47.308+0000] {dag.py:3096} INFO - Sync 1 DAGs
[2024-04-21T15:17:47.318+0000] {logging_mixin.py:188} INFO - [2024-04-21T15:17:47.318+0000] {dag.py:3954} INFO - Setting next_dagrun for example_branch_labels to 2024-04-20 00:00:00+00:00, run_after=2024-04-21 00:00:00+00:00
[2024-04-21T15:17:47.325+0000] {processor.py:183} INFO - Processing /home/airflow/.local/lib/python3.12/site-packages/airflow/example_dags/example_branch_labels.py took 0.040 seconds
[2024-04-21T15:18:17.428+0000] {processor.py:161} INFO - Started process (PID=16948) to work on /home/airflow/.local/lib/python3.12/site-packages/airflow/example_dags/example_branch_labels.py
[2024-04-21T15:18:17.429+0000] {processor.py:830} INFO - Processing file /home/airflow/.local/lib/python3.12/site-packages/airflow/example_dags/example_branch_labels.py for tasks to queue
[2024-04-21T15:18:17.430+0000] {logging_mixin.py:188} INFO - [2024-04-21T15:18:17.430+0000] {dagbag.py:540} INFO - Filling up the DagBag from /home/airflow/.local/lib/python3.12/site-packages/airflow/example_dags/example_branch_labels.py
[2024-04-21T15:18:17.434+0000] {processor.py:840} INFO - DAG(s) 'example_branch_labels' retrieved from /home/airflow/.local/lib/python3.12/site-packages/airflow/example_dags/example_branch_labels.py
[2024-04-21T15:18:17.449+0000] {logging_mixin.py:188} INFO - [2024-04-21T15:18:17.449+0000] {dag.py:3096} INFO - Sync 1 DAGs
[2024-04-21T15:18:17.459+0000] {logging_mixin.py:188} INFO - [2024-04-21T15:18:17.459+0000] {dag.py:3954} INFO - Setting next_dagrun for example_branch_labels to 2024-04-20 00:00:00+00:00, run_after=2024-04-21 00:00:00+00:00
[2024-04-21T15:18:17.467+0000] {processor.py:183} INFO - Processing /home/airflow/.local/lib/python3.12/site-packages/airflow/example_dags/example_branch_labels.py took 0.042 seconds
[2024-04-21T15:18:48.477+0000] {processor.py:161} INFO - Started process (PID=17214) to work on /home/airflow/.local/lib/python3.12/site-packages/airflow/example_dags/example_branch_labels.py
[2024-04-21T15:18:48.478+0000] {processor.py:830} INFO - Processing file /home/airflow/.local/lib/python3.12/site-packages/airflow/example_dags/example_branch_labels.py for tasks to queue
[2024-04-21T15:18:48.479+0000] {logging_mixin.py:188} INFO - [2024-04-21T15:18:48.479+0000] {dagbag.py:540} INFO - Filling up the DagBag from /home/airflow/.local/lib/python3.12/site-packages/airflow/example_dags/example_branch_labels.py
[2024-04-21T15:18:48.483+0000] {processor.py:840} INFO - DAG(s) 'example_branch_labels' retrieved from /home/airflow/.local/lib/python3.12/site-packages/airflow/example_dags/example_branch_labels.py
[2024-04-21T15:18:48.495+0000] {logging_mixin.py:188} INFO - [2024-04-21T15:18:48.495+0000] {dag.py:3096} INFO - Sync 1 DAGs
[2024-04-21T15:18:48.504+0000] {logging_mixin.py:188} INFO - [2024-04-21T15:18:48.504+0000] {dag.py:3954} INFO - Setting next_dagrun for example_branch_labels to 2024-04-20 00:00:00+00:00, run_after=2024-04-21 00:00:00+00:00
[2024-04-21T15:18:48.511+0000] {processor.py:183} INFO - Processing /home/airflow/.local/lib/python3.12/site-packages/airflow/example_dags/example_branch_labels.py took 0.036 seconds
[2024-04-21T15:19:19.394+0000] {processor.py:161} INFO - Started process (PID=17481) to work on /home/airflow/.local/lib/python3.12/site-packages/airflow/example_dags/example_branch_labels.py
[2024-04-21T15:19:19.394+0000] {processor.py:830} INFO - Processing file /home/airflow/.local/lib/python3.12/site-packages/airflow/example_dags/example_branch_labels.py for tasks to queue
[2024-04-21T15:19:19.395+0000] {logging_mixin.py:188} INFO - [2024-04-21T15:19:19.395+0000] {dagbag.py:540} INFO - Filling up the DagBag from /home/airflow/.local/lib/python3.12/site-packages/airflow/example_dags/example_branch_labels.py
[2024-04-21T15:19:19.399+0000] {processor.py:840} INFO - DAG(s) 'example_branch_labels' retrieved from /home/airflow/.local/lib/python3.12/site-packages/airflow/example_dags/example_branch_labels.py
[2024-04-21T15:19:19.413+0000] {logging_mixin.py:188} INFO - [2024-04-21T15:19:19.413+0000] {dag.py:3096} INFO - Sync 1 DAGs
[2024-04-21T15:19:19.423+0000] {logging_mixin.py:188} INFO - [2024-04-21T15:19:19.423+0000] {dag.py:3954} INFO - Setting next_dagrun for example_branch_labels to 2024-04-20 00:00:00+00:00, run_after=2024-04-21 00:00:00+00:00
[2024-04-21T15:19:19.431+0000] {processor.py:183} INFO - Processing /home/airflow/.local/lib/python3.12/site-packages/airflow/example_dags/example_branch_labels.py took 0.041 seconds
[2024-04-21T15:19:49.534+0000] {processor.py:161} INFO - Started process (PID=17748) to work on /home/airflow/.local/lib/python3.12/site-packages/airflow/example_dags/example_branch_labels.py
[2024-04-21T15:19:49.535+0000] {processor.py:830} INFO - Processing file /home/airflow/.local/lib/python3.12/site-packages/airflow/example_dags/example_branch_labels.py for tasks to queue
[2024-04-21T15:19:49.536+0000] {logging_mixin.py:188} INFO - [2024-04-21T15:19:49.536+0000] {dagbag.py:540} INFO - Filling up the DagBag from /home/airflow/.local/lib/python3.12/site-packages/airflow/example_dags/example_branch_labels.py
[2024-04-21T15:19:49.540+0000] {processor.py:840} INFO - DAG(s) 'example_branch_labels' retrieved from /home/airflow/.local/lib/python3.12/site-packages/airflow/example_dags/example_branch_labels.py
[2024-04-21T15:19:49.554+0000] {logging_mixin.py:188} INFO - [2024-04-21T15:19:49.553+0000] {dag.py:3096} INFO - Sync 1 DAGs
[2024-04-21T15:19:49.565+0000] {logging_mixin.py:188} INFO - [2024-04-21T15:19:49.565+0000] {dag.py:3954} INFO - Setting next_dagrun for example_branch_labels to 2024-04-20 00:00:00+00:00, run_after=2024-04-21 00:00:00+00:00
[2024-04-21T15:19:49.574+0000] {processor.py:183} INFO - Processing /home/airflow/.local/lib/python3.12/site-packages/airflow/example_dags/example_branch_labels.py took 0.043 seconds
[2024-04-21T15:20:19.703+0000] {processor.py:161} INFO - Started process (PID=18015) to work on /home/airflow/.local/lib/python3.12/site-packages/airflow/example_dags/example_branch_labels.py
[2024-04-21T15:20:19.704+0000] {processor.py:830} INFO - Processing file /home/airflow/.local/lib/python3.12/site-packages/airflow/example_dags/example_branch_labels.py for tasks to queue
[2024-04-21T15:20:19.705+0000] {logging_mixin.py:188} INFO - [2024-04-21T15:20:19.704+0000] {dagbag.py:540} INFO - Filling up the DagBag from /home/airflow/.local/lib/python3.12/site-packages/airflow/example_dags/example_branch_labels.py
[2024-04-21T15:20:19.708+0000] {processor.py:840} INFO - DAG(s) 'example_branch_labels' retrieved from /home/airflow/.local/lib/python3.12/site-packages/airflow/example_dags/example_branch_labels.py
[2024-04-21T15:20:19.721+0000] {logging_mixin.py:188} INFO - [2024-04-21T15:20:19.721+0000] {dag.py:3096} INFO - Sync 1 DAGs
[2024-04-21T15:20:19.731+0000] {logging_mixin.py:188} INFO - [2024-04-21T15:20:19.731+0000] {dag.py:3954} INFO - Setting next_dagrun for example_branch_labels to 2024-04-20 00:00:00+00:00, run_after=2024-04-21 00:00:00+00:00
[2024-04-21T15:20:19.737+0000] {processor.py:183} INFO - Processing /home/airflow/.local/lib/python3.12/site-packages/airflow/example_dags/example_branch_labels.py took 0.037 seconds
