[2024-04-21T14:30:03.268+0000] {processor.py:161} INFO - Started process (PID=361) to work on /home/airflow/.local/lib/python3.12/site-packages/airflow/example_dags/example_dag_decorator.py
[2024-04-21T14:30:03.268+0000] {processor.py:830} INFO - Processing file /home/airflow/.local/lib/python3.12/site-packages/airflow/example_dags/example_dag_decorator.py for tasks to queue
[2024-04-21T14:30:03.270+0000] {logging_mixin.py:188} INFO - [2024-04-21T14:30:03.269+0000] {dagbag.py:540} INFO - Filling up the DagBag from /home/airflow/.local/lib/python3.12/site-packages/airflow/example_dags/example_dag_decorator.py
[2024-04-21T14:30:03.420+0000] {processor.py:840} INFO - DAG(s) 'example_dag_decorator' retrieved from /home/airflow/.local/lib/python3.12/site-packages/airflow/example_dags/example_dag_decorator.py
[2024-04-21T14:30:03.431+0000] {logging_mixin.py:188} INFO - [2024-04-21T14:30:03.430+0000] {dag.py:3096} INFO - Sync 1 DAGs
[2024-04-21T14:30:03.439+0000] {logging_mixin.py:188} INFO - [2024-04-21T14:30:03.438+0000] {dag.py:3954} INFO - Setting next_dagrun for example_dag_decorator to None, run_after=None
[2024-04-21T14:30:03.449+0000] {processor.py:183} INFO - Processing /home/airflow/.local/lib/python3.12/site-packages/airflow/example_dags/example_dag_decorator.py took 0.186 seconds
[2024-04-21T14:30:34.343+0000] {processor.py:161} INFO - Started process (PID=623) to work on /home/airflow/.local/lib/python3.12/site-packages/airflow/example_dags/example_dag_decorator.py
[2024-04-21T14:30:34.344+0000] {processor.py:830} INFO - Processing file /home/airflow/.local/lib/python3.12/site-packages/airflow/example_dags/example_dag_decorator.py for tasks to queue
[2024-04-21T14:30:34.345+0000] {logging_mixin.py:188} INFO - [2024-04-21T14:30:34.345+0000] {dagbag.py:540} INFO - Filling up the DagBag from /home/airflow/.local/lib/python3.12/site-packages/airflow/example_dags/example_dag_decorator.py
[2024-04-21T14:30:34.426+0000] {processor.py:840} INFO - DAG(s) 'example_dag_decorator' retrieved from /home/airflow/.local/lib/python3.12/site-packages/airflow/example_dags/example_dag_decorator.py
[2024-04-21T14:30:34.499+0000] {logging_mixin.py:188} INFO - [2024-04-21T14:30:34.499+0000] {dag.py:3096} INFO - Sync 1 DAGs
[2024-04-21T14:30:34.507+0000] {logging_mixin.py:188} INFO - [2024-04-21T14:30:34.507+0000] {dag.py:3954} INFO - Setting next_dagrun for example_dag_decorator to None, run_after=None
[2024-04-21T14:30:34.520+0000] {processor.py:183} INFO - Processing /home/airflow/.local/lib/python3.12/site-packages/airflow/example_dags/example_dag_decorator.py took 0.180 seconds
[2024-04-21T14:31:05.133+0000] {processor.py:161} INFO - Started process (PID=885) to work on /home/airflow/.local/lib/python3.12/site-packages/airflow/example_dags/example_dag_decorator.py
[2024-04-21T14:31:05.133+0000] {processor.py:830} INFO - Processing file /home/airflow/.local/lib/python3.12/site-packages/airflow/example_dags/example_dag_decorator.py for tasks to queue
[2024-04-21T14:31:05.135+0000] {logging_mixin.py:188} INFO - [2024-04-21T14:31:05.134+0000] {dagbag.py:540} INFO - Filling up the DagBag from /home/airflow/.local/lib/python3.12/site-packages/airflow/example_dags/example_dag_decorator.py
[2024-04-21T14:31:05.187+0000] {processor.py:840} INFO - DAG(s) 'example_dag_decorator' retrieved from /home/airflow/.local/lib/python3.12/site-packages/airflow/example_dags/example_dag_decorator.py
[2024-04-21T14:31:05.253+0000] {logging_mixin.py:188} INFO - [2024-04-21T14:31:05.253+0000] {dag.py:3096} INFO - Sync 1 DAGs
[2024-04-21T14:31:05.264+0000] {logging_mixin.py:188} INFO - [2024-04-21T14:31:05.264+0000] {dag.py:3954} INFO - Setting next_dagrun for example_dag_decorator to None, run_after=None
[2024-04-21T14:31:05.282+0000] {processor.py:183} INFO - Processing /home/airflow/.local/lib/python3.12/site-packages/airflow/example_dags/example_dag_decorator.py took 0.153 seconds
[2024-04-21T14:31:35.694+0000] {processor.py:161} INFO - Started process (PID=1149) to work on /home/airflow/.local/lib/python3.12/site-packages/airflow/example_dags/example_dag_decorator.py
[2024-04-21T14:31:35.695+0000] {processor.py:830} INFO - Processing file /home/airflow/.local/lib/python3.12/site-packages/airflow/example_dags/example_dag_decorator.py for tasks to queue
[2024-04-21T14:31:35.696+0000] {logging_mixin.py:188} INFO - [2024-04-21T14:31:35.696+0000] {dagbag.py:540} INFO - Filling up the DagBag from /home/airflow/.local/lib/python3.12/site-packages/airflow/example_dags/example_dag_decorator.py
[2024-04-21T14:31:35.750+0000] {processor.py:840} INFO - DAG(s) 'example_dag_decorator' retrieved from /home/airflow/.local/lib/python3.12/site-packages/airflow/example_dags/example_dag_decorator.py
[2024-04-21T14:31:35.818+0000] {logging_mixin.py:188} INFO - [2024-04-21T14:31:35.818+0000] {dag.py:3096} INFO - Sync 1 DAGs
[2024-04-21T14:31:35.824+0000] {logging_mixin.py:188} INFO - [2024-04-21T14:31:35.824+0000] {dag.py:3954} INFO - Setting next_dagrun for example_dag_decorator to None, run_after=None
[2024-04-21T14:31:35.834+0000] {processor.py:183} INFO - Processing /home/airflow/.local/lib/python3.12/site-packages/airflow/example_dags/example_dag_decorator.py took 0.145 seconds
[2024-04-21T14:32:06.298+0000] {processor.py:161} INFO - Started process (PID=1408) to work on /home/airflow/.local/lib/python3.12/site-packages/airflow/example_dags/example_dag_decorator.py
[2024-04-21T14:32:06.299+0000] {processor.py:830} INFO - Processing file /home/airflow/.local/lib/python3.12/site-packages/airflow/example_dags/example_dag_decorator.py for tasks to queue
[2024-04-21T14:32:06.300+0000] {logging_mixin.py:188} INFO - [2024-04-21T14:32:06.300+0000] {dagbag.py:540} INFO - Filling up the DagBag from /home/airflow/.local/lib/python3.12/site-packages/airflow/example_dags/example_dag_decorator.py
[2024-04-21T14:32:06.357+0000] {processor.py:840} INFO - DAG(s) 'example_dag_decorator' retrieved from /home/airflow/.local/lib/python3.12/site-packages/airflow/example_dags/example_dag_decorator.py
[2024-04-21T14:32:06.422+0000] {logging_mixin.py:188} INFO - [2024-04-21T14:32:06.422+0000] {dag.py:3096} INFO - Sync 1 DAGs
[2024-04-21T14:32:06.428+0000] {logging_mixin.py:188} INFO - [2024-04-21T14:32:06.428+0000] {dag.py:3954} INFO - Setting next_dagrun for example_dag_decorator to None, run_after=None
[2024-04-21T14:32:06.438+0000] {processor.py:183} INFO - Processing /home/airflow/.local/lib/python3.12/site-packages/airflow/example_dags/example_dag_decorator.py took 0.145 seconds
[2024-04-21T14:32:36.784+0000] {processor.py:161} INFO - Started process (PID=1672) to work on /home/airflow/.local/lib/python3.12/site-packages/airflow/example_dags/example_dag_decorator.py
[2024-04-21T14:32:36.785+0000] {processor.py:830} INFO - Processing file /home/airflow/.local/lib/python3.12/site-packages/airflow/example_dags/example_dag_decorator.py for tasks to queue
[2024-04-21T14:32:36.787+0000] {logging_mixin.py:188} INFO - [2024-04-21T14:32:36.786+0000] {dagbag.py:540} INFO - Filling up the DagBag from /home/airflow/.local/lib/python3.12/site-packages/airflow/example_dags/example_dag_decorator.py
[2024-04-21T14:32:36.842+0000] {processor.py:840} INFO - DAG(s) 'example_dag_decorator' retrieved from /home/airflow/.local/lib/python3.12/site-packages/airflow/example_dags/example_dag_decorator.py
[2024-04-21T14:32:36.908+0000] {logging_mixin.py:188} INFO - [2024-04-21T14:32:36.908+0000] {dag.py:3096} INFO - Sync 1 DAGs
[2024-04-21T14:32:36.914+0000] {logging_mixin.py:188} INFO - [2024-04-21T14:32:36.914+0000] {dag.py:3954} INFO - Setting next_dagrun for example_dag_decorator to None, run_after=None
[2024-04-21T14:32:36.924+0000] {processor.py:183} INFO - Processing /home/airflow/.local/lib/python3.12/site-packages/airflow/example_dags/example_dag_decorator.py took 0.145 seconds
[2024-04-21T14:33:07.273+0000] {processor.py:161} INFO - Started process (PID=1932) to work on /home/airflow/.local/lib/python3.12/site-packages/airflow/example_dags/example_dag_decorator.py
[2024-04-21T14:33:07.274+0000] {processor.py:830} INFO - Processing file /home/airflow/.local/lib/python3.12/site-packages/airflow/example_dags/example_dag_decorator.py for tasks to queue
[2024-04-21T14:33:07.276+0000] {logging_mixin.py:188} INFO - [2024-04-21T14:33:07.275+0000] {dagbag.py:540} INFO - Filling up the DagBag from /home/airflow/.local/lib/python3.12/site-packages/airflow/example_dags/example_dag_decorator.py
[2024-04-21T14:33:07.332+0000] {processor.py:840} INFO - DAG(s) 'example_dag_decorator' retrieved from /home/airflow/.local/lib/python3.12/site-packages/airflow/example_dags/example_dag_decorator.py
[2024-04-21T14:33:07.401+0000] {logging_mixin.py:188} INFO - [2024-04-21T14:33:07.401+0000] {dag.py:3096} INFO - Sync 1 DAGs
[2024-04-21T14:33:07.407+0000] {logging_mixin.py:188} INFO - [2024-04-21T14:33:07.407+0000] {dag.py:3954} INFO - Setting next_dagrun for example_dag_decorator to None, run_after=None
[2024-04-21T14:33:07.417+0000] {processor.py:183} INFO - Processing /home/airflow/.local/lib/python3.12/site-packages/airflow/example_dags/example_dag_decorator.py took 0.148 seconds
[2024-04-21T14:33:37.859+0000] {processor.py:161} INFO - Started process (PID=2195) to work on /home/airflow/.local/lib/python3.12/site-packages/airflow/example_dags/example_dag_decorator.py
[2024-04-21T14:33:37.860+0000] {processor.py:830} INFO - Processing file /home/airflow/.local/lib/python3.12/site-packages/airflow/example_dags/example_dag_decorator.py for tasks to queue
[2024-04-21T14:33:37.861+0000] {logging_mixin.py:188} INFO - [2024-04-21T14:33:37.861+0000] {dagbag.py:540} INFO - Filling up the DagBag from /home/airflow/.local/lib/python3.12/site-packages/airflow/example_dags/example_dag_decorator.py
[2024-04-21T14:33:37.923+0000] {processor.py:840} INFO - DAG(s) 'example_dag_decorator' retrieved from /home/airflow/.local/lib/python3.12/site-packages/airflow/example_dags/example_dag_decorator.py
[2024-04-21T14:33:37.995+0000] {logging_mixin.py:188} INFO - [2024-04-21T14:33:37.994+0000] {dag.py:3096} INFO - Sync 1 DAGs
[2024-04-21T14:33:38.000+0000] {logging_mixin.py:188} INFO - [2024-04-21T14:33:38.000+0000] {dag.py:3954} INFO - Setting next_dagrun for example_dag_decorator to None, run_after=None
[2024-04-21T14:33:38.011+0000] {processor.py:183} INFO - Processing /home/airflow/.local/lib/python3.12/site-packages/airflow/example_dags/example_dag_decorator.py took 0.157 seconds
[2024-04-21T14:34:08.589+0000] {processor.py:161} INFO - Started process (PID=2459) to work on /home/airflow/.local/lib/python3.12/site-packages/airflow/example_dags/example_dag_decorator.py
[2024-04-21T14:34:08.590+0000] {processor.py:830} INFO - Processing file /home/airflow/.local/lib/python3.12/site-packages/airflow/example_dags/example_dag_decorator.py for tasks to queue
[2024-04-21T14:34:08.591+0000] {logging_mixin.py:188} INFO - [2024-04-21T14:34:08.591+0000] {dagbag.py:540} INFO - Filling up the DagBag from /home/airflow/.local/lib/python3.12/site-packages/airflow/example_dags/example_dag_decorator.py
[2024-04-21T14:34:08.658+0000] {processor.py:840} INFO - DAG(s) 'example_dag_decorator' retrieved from /home/airflow/.local/lib/python3.12/site-packages/airflow/example_dags/example_dag_decorator.py
[2024-04-21T14:34:08.879+0000] {logging_mixin.py:188} INFO - [2024-04-21T14:34:08.879+0000] {dag.py:3096} INFO - Sync 1 DAGs
[2024-04-21T14:34:08.887+0000] {logging_mixin.py:188} INFO - [2024-04-21T14:34:08.887+0000] {dag.py:3954} INFO - Setting next_dagrun for example_dag_decorator to None, run_after=None
[2024-04-21T14:34:08.899+0000] {processor.py:183} INFO - Processing /home/airflow/.local/lib/python3.12/site-packages/airflow/example_dags/example_dag_decorator.py took 0.314 seconds
[2024-04-21T14:34:39.731+0000] {processor.py:161} INFO - Started process (PID=2721) to work on /home/airflow/.local/lib/python3.12/site-packages/airflow/example_dags/example_dag_decorator.py
[2024-04-21T14:34:39.732+0000] {processor.py:830} INFO - Processing file /home/airflow/.local/lib/python3.12/site-packages/airflow/example_dags/example_dag_decorator.py for tasks to queue
[2024-04-21T14:34:39.734+0000] {logging_mixin.py:188} INFO - [2024-04-21T14:34:39.733+0000] {dagbag.py:540} INFO - Filling up the DagBag from /home/airflow/.local/lib/python3.12/site-packages/airflow/example_dags/example_dag_decorator.py
[2024-04-21T14:34:39.794+0000] {processor.py:840} INFO - DAG(s) 'example_dag_decorator' retrieved from /home/airflow/.local/lib/python3.12/site-packages/airflow/example_dags/example_dag_decorator.py
[2024-04-21T14:34:39.865+0000] {logging_mixin.py:188} INFO - [2024-04-21T14:34:39.865+0000] {dag.py:3096} INFO - Sync 1 DAGs
[2024-04-21T14:34:39.987+0000] {logging_mixin.py:188} INFO - [2024-04-21T14:34:39.987+0000] {dag.py:3954} INFO - Setting next_dagrun for example_dag_decorator to None, run_after=None
[2024-04-21T14:34:39.998+0000] {processor.py:183} INFO - Processing /home/airflow/.local/lib/python3.12/site-packages/airflow/example_dags/example_dag_decorator.py took 0.272 seconds
[2024-04-21T14:36:11.224+0000] {processor.py:161} INFO - Started process (PID=2990) to work on /home/airflow/.local/lib/python3.12/site-packages/airflow/example_dags/example_dag_decorator.py
[2024-04-21T14:36:11.225+0000] {processor.py:830} INFO - Processing file /home/airflow/.local/lib/python3.12/site-packages/airflow/example_dags/example_dag_decorator.py for tasks to queue
[2024-04-21T14:36:11.226+0000] {logging_mixin.py:188} INFO - [2024-04-21T14:36:11.226+0000] {dagbag.py:540} INFO - Filling up the DagBag from /home/airflow/.local/lib/python3.12/site-packages/airflow/example_dags/example_dag_decorator.py
[2024-04-21T14:36:11.270+0000] {processor.py:840} INFO - DAG(s) 'example_dag_decorator' retrieved from /home/airflow/.local/lib/python3.12/site-packages/airflow/example_dags/example_dag_decorator.py
[2024-04-21T14:36:11.315+0000] {logging_mixin.py:188} INFO - [2024-04-21T14:36:11.315+0000] {dag.py:3096} INFO - Sync 1 DAGs
[2024-04-21T14:36:11.507+0000] {logging_mixin.py:188} INFO - [2024-04-21T14:36:11.507+0000] {dag.py:3954} INFO - Setting next_dagrun for example_dag_decorator to None, run_after=None
[2024-04-21T14:36:11.516+0000] {processor.py:183} INFO - Processing /home/airflow/.local/lib/python3.12/site-packages/airflow/example_dags/example_dag_decorator.py took 0.295 seconds
[2024-04-21T14:36:42.197+0000] {processor.py:161} INFO - Started process (PID=3257) to work on /home/airflow/.local/lib/python3.12/site-packages/airflow/example_dags/example_dag_decorator.py
[2024-04-21T14:36:42.198+0000] {processor.py:830} INFO - Processing file /home/airflow/.local/lib/python3.12/site-packages/airflow/example_dags/example_dag_decorator.py for tasks to queue
[2024-04-21T14:36:42.199+0000] {logging_mixin.py:188} INFO - [2024-04-21T14:36:42.198+0000] {dagbag.py:540} INFO - Filling up the DagBag from /home/airflow/.local/lib/python3.12/site-packages/airflow/example_dags/example_dag_decorator.py
[2024-04-21T14:36:42.234+0000] {processor.py:840} INFO - DAG(s) 'example_dag_decorator' retrieved from /home/airflow/.local/lib/python3.12/site-packages/airflow/example_dags/example_dag_decorator.py
[2024-04-21T14:36:42.278+0000] {logging_mixin.py:188} INFO - [2024-04-21T14:36:42.278+0000] {dag.py:3096} INFO - Sync 1 DAGs
[2024-04-21T14:36:42.282+0000] {logging_mixin.py:188} INFO - [2024-04-21T14:36:42.282+0000] {dag.py:3954} INFO - Setting next_dagrun for example_dag_decorator to None, run_after=None
[2024-04-21T14:36:42.360+0000] {processor.py:183} INFO - Processing /home/airflow/.local/lib/python3.12/site-packages/airflow/example_dags/example_dag_decorator.py took 0.166 seconds
[2024-04-21T14:37:12.518+0000] {processor.py:161} INFO - Started process (PID=3524) to work on /home/airflow/.local/lib/python3.12/site-packages/airflow/example_dags/example_dag_decorator.py
[2024-04-21T14:37:12.519+0000] {processor.py:830} INFO - Processing file /home/airflow/.local/lib/python3.12/site-packages/airflow/example_dags/example_dag_decorator.py for tasks to queue
[2024-04-21T14:37:12.520+0000] {logging_mixin.py:188} INFO - [2024-04-21T14:37:12.520+0000] {dagbag.py:540} INFO - Filling up the DagBag from /home/airflow/.local/lib/python3.12/site-packages/airflow/example_dags/example_dag_decorator.py
[2024-04-21T14:37:12.564+0000] {processor.py:840} INFO - DAG(s) 'example_dag_decorator' retrieved from /home/airflow/.local/lib/python3.12/site-packages/airflow/example_dags/example_dag_decorator.py
[2024-04-21T14:37:12.614+0000] {logging_mixin.py:188} INFO - [2024-04-21T14:37:12.614+0000] {dag.py:3096} INFO - Sync 1 DAGs
[2024-04-21T14:37:12.619+0000] {logging_mixin.py:188} INFO - [2024-04-21T14:37:12.619+0000] {dag.py:3954} INFO - Setting next_dagrun for example_dag_decorator to None, run_after=None
[2024-04-21T14:37:12.628+0000] {processor.py:183} INFO - Processing /home/airflow/.local/lib/python3.12/site-packages/airflow/example_dags/example_dag_decorator.py took 0.114 seconds
[2024-04-21T14:37:43.547+0000] {processor.py:161} INFO - Started process (PID=3789) to work on /home/airflow/.local/lib/python3.12/site-packages/airflow/example_dags/example_dag_decorator.py
[2024-04-21T14:37:43.548+0000] {processor.py:830} INFO - Processing file /home/airflow/.local/lib/python3.12/site-packages/airflow/example_dags/example_dag_decorator.py for tasks to queue
[2024-04-21T14:37:43.550+0000] {logging_mixin.py:188} INFO - [2024-04-21T14:37:43.550+0000] {dagbag.py:540} INFO - Filling up the DagBag from /home/airflow/.local/lib/python3.12/site-packages/airflow/example_dags/example_dag_decorator.py
[2024-04-21T14:37:43.599+0000] {processor.py:840} INFO - DAG(s) 'example_dag_decorator' retrieved from /home/airflow/.local/lib/python3.12/site-packages/airflow/example_dags/example_dag_decorator.py
[2024-04-21T14:37:43.612+0000] {logging_mixin.py:188} INFO - [2024-04-21T14:37:43.611+0000] {dag.py:3096} INFO - Sync 1 DAGs
[2024-04-21T14:37:43.617+0000] {logging_mixin.py:188} INFO - [2024-04-21T14:37:43.617+0000] {dag.py:3954} INFO - Setting next_dagrun for example_dag_decorator to None, run_after=None
[2024-04-21T14:37:43.625+0000] {processor.py:183} INFO - Processing /home/airflow/.local/lib/python3.12/site-packages/airflow/example_dags/example_dag_decorator.py took 0.084 seconds
[2024-04-21T14:53:48.165+0000] {processor.py:161} INFO - Started process (PID=4058) to work on /home/airflow/.local/lib/python3.12/site-packages/airflow/example_dags/example_dag_decorator.py
[2024-04-21T14:53:48.165+0000] {processor.py:830} INFO - Processing file /home/airflow/.local/lib/python3.12/site-packages/airflow/example_dags/example_dag_decorator.py for tasks to queue
[2024-04-21T14:53:48.166+0000] {logging_mixin.py:188} INFO - [2024-04-21T14:53:48.166+0000] {dagbag.py:540} INFO - Filling up the DagBag from /home/airflow/.local/lib/python3.12/site-packages/airflow/example_dags/example_dag_decorator.py
[2024-04-21T14:53:48.204+0000] {processor.py:840} INFO - DAG(s) 'example_dag_decorator' retrieved from /home/airflow/.local/lib/python3.12/site-packages/airflow/example_dags/example_dag_decorator.py
[2024-04-21T14:53:48.332+0000] {logging_mixin.py:188} INFO - [2024-04-21T14:53:48.332+0000] {dag.py:3096} INFO - Sync 1 DAGs
[2024-04-21T14:53:48.336+0000] {logging_mixin.py:188} INFO - [2024-04-21T14:53:48.336+0000] {dag.py:3954} INFO - Setting next_dagrun for example_dag_decorator to None, run_after=None
[2024-04-21T14:53:48.342+0000] {processor.py:183} INFO - Processing /home/airflow/.local/lib/python3.12/site-packages/airflow/example_dags/example_dag_decorator.py took 0.181 seconds
[2024-04-21T14:54:19.072+0000] {processor.py:161} INFO - Started process (PID=4327) to work on /home/airflow/.local/lib/python3.12/site-packages/airflow/example_dags/example_dag_decorator.py
[2024-04-21T14:54:19.072+0000] {processor.py:830} INFO - Processing file /home/airflow/.local/lib/python3.12/site-packages/airflow/example_dags/example_dag_decorator.py for tasks to queue
[2024-04-21T14:54:19.073+0000] {logging_mixin.py:188} INFO - [2024-04-21T14:54:19.073+0000] {dagbag.py:540} INFO - Filling up the DagBag from /home/airflow/.local/lib/python3.12/site-packages/airflow/example_dags/example_dag_decorator.py
[2024-04-21T14:54:19.109+0000] {processor.py:840} INFO - DAG(s) 'example_dag_decorator' retrieved from /home/airflow/.local/lib/python3.12/site-packages/airflow/example_dags/example_dag_decorator.py
[2024-04-21T14:54:19.221+0000] {logging_mixin.py:188} INFO - [2024-04-21T14:54:19.221+0000] {dag.py:3096} INFO - Sync 1 DAGs
[2024-04-21T14:54:19.225+0000] {logging_mixin.py:188} INFO - [2024-04-21T14:54:19.225+0000] {dag.py:3954} INFO - Setting next_dagrun for example_dag_decorator to None, run_after=None
[2024-04-21T14:54:19.231+0000] {processor.py:183} INFO - Processing /home/airflow/.local/lib/python3.12/site-packages/airflow/example_dags/example_dag_decorator.py took 0.163 seconds
[2024-04-21T14:54:50.178+0000] {processor.py:161} INFO - Started process (PID=4594) to work on /home/airflow/.local/lib/python3.12/site-packages/airflow/example_dags/example_dag_decorator.py
[2024-04-21T14:54:50.179+0000] {processor.py:830} INFO - Processing file /home/airflow/.local/lib/python3.12/site-packages/airflow/example_dags/example_dag_decorator.py for tasks to queue
[2024-04-21T14:54:50.182+0000] {logging_mixin.py:188} INFO - [2024-04-21T14:54:50.181+0000] {dagbag.py:540} INFO - Filling up the DagBag from /home/airflow/.local/lib/python3.12/site-packages/airflow/example_dags/example_dag_decorator.py
[2024-04-21T14:54:50.232+0000] {processor.py:840} INFO - DAG(s) 'example_dag_decorator' retrieved from /home/airflow/.local/lib/python3.12/site-packages/airflow/example_dags/example_dag_decorator.py
[2024-04-21T14:54:50.358+0000] {logging_mixin.py:188} INFO - [2024-04-21T14:54:50.358+0000] {dag.py:3096} INFO - Sync 1 DAGs
[2024-04-21T14:54:50.362+0000] {logging_mixin.py:188} INFO - [2024-04-21T14:54:50.361+0000] {dag.py:3954} INFO - Setting next_dagrun for example_dag_decorator to None, run_after=None
[2024-04-21T14:54:50.368+0000] {processor.py:183} INFO - Processing /home/airflow/.local/lib/python3.12/site-packages/airflow/example_dags/example_dag_decorator.py took 0.197 seconds
[2024-04-21T14:55:21.068+0000] {processor.py:161} INFO - Started process (PID=4861) to work on /home/airflow/.local/lib/python3.12/site-packages/airflow/example_dags/example_dag_decorator.py
[2024-04-21T14:55:21.069+0000] {processor.py:830} INFO - Processing file /home/airflow/.local/lib/python3.12/site-packages/airflow/example_dags/example_dag_decorator.py for tasks to queue
[2024-04-21T14:55:21.072+0000] {logging_mixin.py:188} INFO - [2024-04-21T14:55:21.071+0000] {dagbag.py:540} INFO - Filling up the DagBag from /home/airflow/.local/lib/python3.12/site-packages/airflow/example_dags/example_dag_decorator.py
[2024-04-21T14:55:21.122+0000] {processor.py:840} INFO - DAG(s) 'example_dag_decorator' retrieved from /home/airflow/.local/lib/python3.12/site-packages/airflow/example_dags/example_dag_decorator.py
[2024-04-21T14:55:21.246+0000] {logging_mixin.py:188} INFO - [2024-04-21T14:55:21.246+0000] {dag.py:3096} INFO - Sync 1 DAGs
[2024-04-21T14:55:21.250+0000] {logging_mixin.py:188} INFO - [2024-04-21T14:55:21.250+0000] {dag.py:3954} INFO - Setting next_dagrun for example_dag_decorator to None, run_after=None
[2024-04-21T14:55:21.257+0000] {processor.py:183} INFO - Processing /home/airflow/.local/lib/python3.12/site-packages/airflow/example_dags/example_dag_decorator.py took 0.196 seconds
[2024-04-21T14:55:51.908+0000] {processor.py:161} INFO - Started process (PID=5128) to work on /home/airflow/.local/lib/python3.12/site-packages/airflow/example_dags/example_dag_decorator.py
[2024-04-21T14:55:51.909+0000] {processor.py:830} INFO - Processing file /home/airflow/.local/lib/python3.12/site-packages/airflow/example_dags/example_dag_decorator.py for tasks to queue
[2024-04-21T14:55:51.910+0000] {logging_mixin.py:188} INFO - [2024-04-21T14:55:51.910+0000] {dagbag.py:540} INFO - Filling up the DagBag from /home/airflow/.local/lib/python3.12/site-packages/airflow/example_dags/example_dag_decorator.py
[2024-04-21T14:55:51.960+0000] {processor.py:840} INFO - DAG(s) 'example_dag_decorator' retrieved from /home/airflow/.local/lib/python3.12/site-packages/airflow/example_dags/example_dag_decorator.py
[2024-04-21T14:55:51.973+0000] {logging_mixin.py:188} INFO - [2024-04-21T14:55:51.973+0000] {dag.py:3096} INFO - Sync 1 DAGs
[2024-04-21T14:55:51.979+0000] {logging_mixin.py:188} INFO - [2024-04-21T14:55:51.979+0000] {dag.py:3954} INFO - Setting next_dagrun for example_dag_decorator to None, run_after=None
[2024-04-21T14:55:51.987+0000] {processor.py:183} INFO - Processing /home/airflow/.local/lib/python3.12/site-packages/airflow/example_dags/example_dag_decorator.py took 0.085 seconds
[2024-04-21T14:56:22.694+0000] {processor.py:161} INFO - Started process (PID=5395) to work on /home/airflow/.local/lib/python3.12/site-packages/airflow/example_dags/example_dag_decorator.py
[2024-04-21T14:56:22.695+0000] {processor.py:830} INFO - Processing file /home/airflow/.local/lib/python3.12/site-packages/airflow/example_dags/example_dag_decorator.py for tasks to queue
[2024-04-21T14:56:22.697+0000] {logging_mixin.py:188} INFO - [2024-04-21T14:56:22.697+0000] {dagbag.py:540} INFO - Filling up the DagBag from /home/airflow/.local/lib/python3.12/site-packages/airflow/example_dags/example_dag_decorator.py
[2024-04-21T14:56:22.749+0000] {processor.py:840} INFO - DAG(s) 'example_dag_decorator' retrieved from /home/airflow/.local/lib/python3.12/site-packages/airflow/example_dags/example_dag_decorator.py
[2024-04-21T14:56:22.875+0000] {logging_mixin.py:188} INFO - [2024-04-21T14:56:22.875+0000] {dag.py:3096} INFO - Sync 1 DAGs
[2024-04-21T14:56:22.879+0000] {logging_mixin.py:188} INFO - [2024-04-21T14:56:22.879+0000] {dag.py:3954} INFO - Setting next_dagrun for example_dag_decorator to None, run_after=None
[2024-04-21T14:56:22.887+0000] {processor.py:183} INFO - Processing /home/airflow/.local/lib/python3.12/site-packages/airflow/example_dags/example_dag_decorator.py took 0.201 seconds
[2024-04-21T14:56:53.745+0000] {processor.py:161} INFO - Started process (PID=5662) to work on /home/airflow/.local/lib/python3.12/site-packages/airflow/example_dags/example_dag_decorator.py
[2024-04-21T14:56:53.746+0000] {processor.py:830} INFO - Processing file /home/airflow/.local/lib/python3.12/site-packages/airflow/example_dags/example_dag_decorator.py for tasks to queue
[2024-04-21T14:56:53.748+0000] {logging_mixin.py:188} INFO - [2024-04-21T14:56:53.747+0000] {dagbag.py:540} INFO - Filling up the DagBag from /home/airflow/.local/lib/python3.12/site-packages/airflow/example_dags/example_dag_decorator.py
[2024-04-21T14:56:53.908+0000] {processor.py:840} INFO - DAG(s) 'example_dag_decorator' retrieved from /home/airflow/.local/lib/python3.12/site-packages/airflow/example_dags/example_dag_decorator.py
[2024-04-21T14:56:53.958+0000] {logging_mixin.py:188} INFO - [2024-04-21T14:56:53.958+0000] {dag.py:3096} INFO - Sync 1 DAGs
[2024-04-21T14:56:53.963+0000] {logging_mixin.py:188} INFO - [2024-04-21T14:56:53.963+0000] {dag.py:3954} INFO - Setting next_dagrun for example_dag_decorator to None, run_after=None
[2024-04-21T14:56:53.975+0000] {processor.py:183} INFO - Processing /home/airflow/.local/lib/python3.12/site-packages/airflow/example_dags/example_dag_decorator.py took 0.237 seconds
[2024-04-21T14:57:24.033+0000] {processor.py:161} INFO - Started process (PID=5944) to work on /home/airflow/.local/lib/python3.12/site-packages/airflow/example_dags/example_dag_decorator.py
[2024-04-21T14:57:24.034+0000] {processor.py:830} INFO - Processing file /home/airflow/.local/lib/python3.12/site-packages/airflow/example_dags/example_dag_decorator.py for tasks to queue
[2024-04-21T14:57:24.035+0000] {logging_mixin.py:188} INFO - [2024-04-21T14:57:24.035+0000] {dagbag.py:540} INFO - Filling up the DagBag from /home/airflow/.local/lib/python3.12/site-packages/airflow/example_dags/example_dag_decorator.py
[2024-04-21T14:57:24.154+0000] {processor.py:840} INFO - DAG(s) 'example_dag_decorator' retrieved from /home/airflow/.local/lib/python3.12/site-packages/airflow/example_dags/example_dag_decorator.py
[2024-04-21T14:57:24.202+0000] {logging_mixin.py:188} INFO - [2024-04-21T14:57:24.202+0000] {dag.py:3096} INFO - Sync 1 DAGs
[2024-04-21T14:57:24.207+0000] {logging_mixin.py:188} INFO - [2024-04-21T14:57:24.207+0000] {dag.py:3954} INFO - Setting next_dagrun for example_dag_decorator to None, run_after=None
[2024-04-21T14:57:24.216+0000] {processor.py:183} INFO - Processing /home/airflow/.local/lib/python3.12/site-packages/airflow/example_dags/example_dag_decorator.py took 0.186 seconds
[2024-04-21T14:57:55.130+0000] {processor.py:161} INFO - Started process (PID=6225) to work on /home/airflow/.local/lib/python3.12/site-packages/airflow/example_dags/example_dag_decorator.py
[2024-04-21T14:57:55.131+0000] {processor.py:830} INFO - Processing file /home/airflow/.local/lib/python3.12/site-packages/airflow/example_dags/example_dag_decorator.py for tasks to queue
[2024-04-21T14:57:55.133+0000] {logging_mixin.py:188} INFO - [2024-04-21T14:57:55.133+0000] {dagbag.py:540} INFO - Filling up the DagBag from /home/airflow/.local/lib/python3.12/site-packages/airflow/example_dags/example_dag_decorator.py
[2024-04-21T14:57:55.274+0000] {processor.py:840} INFO - DAG(s) 'example_dag_decorator' retrieved from /home/airflow/.local/lib/python3.12/site-packages/airflow/example_dags/example_dag_decorator.py
[2024-04-21T14:57:55.286+0000] {logging_mixin.py:188} INFO - [2024-04-21T14:57:55.285+0000] {dag.py:3096} INFO - Sync 1 DAGs
[2024-04-21T14:57:55.290+0000] {logging_mixin.py:188} INFO - [2024-04-21T14:57:55.290+0000] {dag.py:3954} INFO - Setting next_dagrun for example_dag_decorator to None, run_after=None
[2024-04-21T14:57:55.297+0000] {processor.py:183} INFO - Processing /home/airflow/.local/lib/python3.12/site-packages/airflow/example_dags/example_dag_decorator.py took 0.174 seconds
[2024-04-21T14:58:25.324+0000] {processor.py:161} INFO - Started process (PID=6506) to work on /home/airflow/.local/lib/python3.12/site-packages/airflow/example_dags/example_dag_decorator.py
[2024-04-21T14:58:25.325+0000] {processor.py:830} INFO - Processing file /home/airflow/.local/lib/python3.12/site-packages/airflow/example_dags/example_dag_decorator.py for tasks to queue
[2024-04-21T14:58:25.326+0000] {logging_mixin.py:188} INFO - [2024-04-21T14:58:25.326+0000] {dagbag.py:540} INFO - Filling up the DagBag from /home/airflow/.local/lib/python3.12/site-packages/airflow/example_dags/example_dag_decorator.py
[2024-04-21T14:58:25.447+0000] {processor.py:840} INFO - DAG(s) 'example_dag_decorator' retrieved from /home/airflow/.local/lib/python3.12/site-packages/airflow/example_dags/example_dag_decorator.py
[2024-04-21T14:58:25.459+0000] {logging_mixin.py:188} INFO - [2024-04-21T14:58:25.459+0000] {dag.py:3096} INFO - Sync 1 DAGs
[2024-04-21T14:58:25.463+0000] {logging_mixin.py:188} INFO - [2024-04-21T14:58:25.463+0000] {dag.py:3954} INFO - Setting next_dagrun for example_dag_decorator to None, run_after=None
[2024-04-21T14:58:25.471+0000] {processor.py:183} INFO - Processing /home/airflow/.local/lib/python3.12/site-packages/airflow/example_dags/example_dag_decorator.py took 0.150 seconds
[2024-04-21T14:58:55.542+0000] {processor.py:161} INFO - Started process (PID=6744) to work on /home/airflow/.local/lib/python3.12/site-packages/airflow/example_dags/example_dag_decorator.py
[2024-04-21T14:58:55.543+0000] {processor.py:830} INFO - Processing file /home/airflow/.local/lib/python3.12/site-packages/airflow/example_dags/example_dag_decorator.py for tasks to queue
[2024-04-21T14:58:55.545+0000] {logging_mixin.py:188} INFO - [2024-04-21T14:58:55.545+0000] {dagbag.py:540} INFO - Filling up the DagBag from /home/airflow/.local/lib/python3.12/site-packages/airflow/example_dags/example_dag_decorator.py
[2024-04-21T14:58:55.683+0000] {processor.py:840} INFO - DAG(s) 'example_dag_decorator' retrieved from /home/airflow/.local/lib/python3.12/site-packages/airflow/example_dags/example_dag_decorator.py
[2024-04-21T14:58:55.725+0000] {logging_mixin.py:188} INFO - [2024-04-21T14:58:55.725+0000] {dag.py:3096} INFO - Sync 1 DAGs
[2024-04-21T14:58:55.730+0000] {logging_mixin.py:188} INFO - [2024-04-21T14:58:55.729+0000] {dag.py:3954} INFO - Setting next_dagrun for example_dag_decorator to None, run_after=None
[2024-04-21T14:58:55.737+0000] {processor.py:183} INFO - Processing /home/airflow/.local/lib/python3.12/site-packages/airflow/example_dags/example_dag_decorator.py took 0.203 seconds
[2024-04-21T14:59:26.345+0000] {processor.py:161} INFO - Started process (PID=7015) to work on /home/airflow/.local/lib/python3.12/site-packages/airflow/example_dags/example_dag_decorator.py
[2024-04-21T14:59:26.346+0000] {processor.py:830} INFO - Processing file /home/airflow/.local/lib/python3.12/site-packages/airflow/example_dags/example_dag_decorator.py for tasks to queue
[2024-04-21T14:59:26.347+0000] {logging_mixin.py:188} INFO - [2024-04-21T14:59:26.346+0000] {dagbag.py:540} INFO - Filling up the DagBag from /home/airflow/.local/lib/python3.12/site-packages/airflow/example_dags/example_dag_decorator.py
[2024-04-21T14:59:26.385+0000] {processor.py:840} INFO - DAG(s) 'example_dag_decorator' retrieved from /home/airflow/.local/lib/python3.12/site-packages/airflow/example_dags/example_dag_decorator.py
[2024-04-21T14:59:26.398+0000] {logging_mixin.py:188} INFO - [2024-04-21T14:59:26.398+0000] {dag.py:3096} INFO - Sync 1 DAGs
[2024-04-21T14:59:26.405+0000] {logging_mixin.py:188} INFO - [2024-04-21T14:59:26.404+0000] {dag.py:3954} INFO - Setting next_dagrun for example_dag_decorator to None, run_after=None
[2024-04-21T14:59:26.412+0000] {processor.py:183} INFO - Processing /home/airflow/.local/lib/python3.12/site-packages/airflow/example_dags/example_dag_decorator.py took 0.071 seconds
[2024-04-21T14:59:57.129+0000] {processor.py:161} INFO - Started process (PID=7282) to work on /home/airflow/.local/lib/python3.12/site-packages/airflow/example_dags/example_dag_decorator.py
[2024-04-21T14:59:57.131+0000] {processor.py:830} INFO - Processing file /home/airflow/.local/lib/python3.12/site-packages/airflow/example_dags/example_dag_decorator.py for tasks to queue
[2024-04-21T14:59:57.133+0000] {logging_mixin.py:188} INFO - [2024-04-21T14:59:57.132+0000] {dagbag.py:540} INFO - Filling up the DagBag from /home/airflow/.local/lib/python3.12/site-packages/airflow/example_dags/example_dag_decorator.py
[2024-04-21T14:59:57.184+0000] {processor.py:840} INFO - DAG(s) 'example_dag_decorator' retrieved from /home/airflow/.local/lib/python3.12/site-packages/airflow/example_dags/example_dag_decorator.py
[2024-04-21T14:59:57.197+0000] {logging_mixin.py:188} INFO - [2024-04-21T14:59:57.197+0000] {dag.py:3096} INFO - Sync 1 DAGs
[2024-04-21T14:59:57.203+0000] {logging_mixin.py:188} INFO - [2024-04-21T14:59:57.203+0000] {dag.py:3954} INFO - Setting next_dagrun for example_dag_decorator to None, run_after=None
[2024-04-21T14:59:57.211+0000] {processor.py:183} INFO - Processing /home/airflow/.local/lib/python3.12/site-packages/airflow/example_dags/example_dag_decorator.py took 0.089 seconds
[2024-04-21T15:00:28.029+0000] {processor.py:161} INFO - Started process (PID=7574) to work on /home/airflow/.local/lib/python3.12/site-packages/airflow/example_dags/example_dag_decorator.py
[2024-04-21T15:00:28.030+0000] {processor.py:830} INFO - Processing file /home/airflow/.local/lib/python3.12/site-packages/airflow/example_dags/example_dag_decorator.py for tasks to queue
[2024-04-21T15:00:28.032+0000] {logging_mixin.py:188} INFO - [2024-04-21T15:00:28.032+0000] {dagbag.py:540} INFO - Filling up the DagBag from /home/airflow/.local/lib/python3.12/site-packages/airflow/example_dags/example_dag_decorator.py
[2024-04-21T15:00:28.081+0000] {processor.py:840} INFO - DAG(s) 'example_dag_decorator' retrieved from /home/airflow/.local/lib/python3.12/site-packages/airflow/example_dags/example_dag_decorator.py
[2024-04-21T15:00:28.093+0000] {logging_mixin.py:188} INFO - [2024-04-21T15:00:28.093+0000] {dag.py:3096} INFO - Sync 1 DAGs
[2024-04-21T15:00:28.100+0000] {logging_mixin.py:188} INFO - [2024-04-21T15:00:28.099+0000] {dag.py:3954} INFO - Setting next_dagrun for example_dag_decorator to None, run_after=None
[2024-04-21T15:00:28.106+0000] {processor.py:183} INFO - Processing /home/airflow/.local/lib/python3.12/site-packages/airflow/example_dags/example_dag_decorator.py took 0.085 seconds
[2024-04-21T15:00:59.035+0000] {processor.py:161} INFO - Started process (PID=7841) to work on /home/airflow/.local/lib/python3.12/site-packages/airflow/example_dags/example_dag_decorator.py
[2024-04-21T15:00:59.036+0000] {processor.py:830} INFO - Processing file /home/airflow/.local/lib/python3.12/site-packages/airflow/example_dags/example_dag_decorator.py for tasks to queue
[2024-04-21T15:00:59.037+0000] {logging_mixin.py:188} INFO - [2024-04-21T15:00:59.037+0000] {dagbag.py:540} INFO - Filling up the DagBag from /home/airflow/.local/lib/python3.12/site-packages/airflow/example_dags/example_dag_decorator.py
[2024-04-21T15:00:59.089+0000] {processor.py:840} INFO - DAG(s) 'example_dag_decorator' retrieved from /home/airflow/.local/lib/python3.12/site-packages/airflow/example_dags/example_dag_decorator.py
[2024-04-21T15:00:59.142+0000] {logging_mixin.py:188} INFO - [2024-04-21T15:00:59.142+0000] {dag.py:3096} INFO - Sync 1 DAGs
[2024-04-21T15:00:59.147+0000] {logging_mixin.py:188} INFO - [2024-04-21T15:00:59.147+0000] {dag.py:3954} INFO - Setting next_dagrun for example_dag_decorator to None, run_after=None
[2024-04-21T15:00:59.156+0000] {processor.py:183} INFO - Processing /home/airflow/.local/lib/python3.12/site-packages/airflow/example_dags/example_dag_decorator.py took 0.130 seconds
[2024-04-21T15:01:29.297+0000] {processor.py:161} INFO - Started process (PID=8108) to work on /home/airflow/.local/lib/python3.12/site-packages/airflow/example_dags/example_dag_decorator.py
[2024-04-21T15:01:29.298+0000] {processor.py:830} INFO - Processing file /home/airflow/.local/lib/python3.12/site-packages/airflow/example_dags/example_dag_decorator.py for tasks to queue
[2024-04-21T15:01:29.301+0000] {logging_mixin.py:188} INFO - [2024-04-21T15:01:29.300+0000] {dagbag.py:540} INFO - Filling up the DagBag from /home/airflow/.local/lib/python3.12/site-packages/airflow/example_dags/example_dag_decorator.py
[2024-04-21T15:01:29.353+0000] {processor.py:840} INFO - DAG(s) 'example_dag_decorator' retrieved from /home/airflow/.local/lib/python3.12/site-packages/airflow/example_dags/example_dag_decorator.py
[2024-04-21T15:01:29.400+0000] {logging_mixin.py:188} INFO - [2024-04-21T15:01:29.400+0000] {dag.py:3096} INFO - Sync 1 DAGs
[2024-04-21T15:01:29.405+0000] {logging_mixin.py:188} INFO - [2024-04-21T15:01:29.404+0000] {dag.py:3954} INFO - Setting next_dagrun for example_dag_decorator to None, run_after=None
[2024-04-21T15:01:29.412+0000] {processor.py:183} INFO - Processing /home/airflow/.local/lib/python3.12/site-packages/airflow/example_dags/example_dag_decorator.py took 0.122 seconds
[2024-04-21T15:02:00.375+0000] {processor.py:161} INFO - Started process (PID=8390) to work on /home/airflow/.local/lib/python3.12/site-packages/airflow/example_dags/example_dag_decorator.py
[2024-04-21T15:02:00.376+0000] {processor.py:830} INFO - Processing file /home/airflow/.local/lib/python3.12/site-packages/airflow/example_dags/example_dag_decorator.py for tasks to queue
[2024-04-21T15:02:00.379+0000] {logging_mixin.py:188} INFO - [2024-04-21T15:02:00.378+0000] {dagbag.py:540} INFO - Filling up the DagBag from /home/airflow/.local/lib/python3.12/site-packages/airflow/example_dags/example_dag_decorator.py
[2024-04-21T15:02:00.430+0000] {processor.py:840} INFO - DAG(s) 'example_dag_decorator' retrieved from /home/airflow/.local/lib/python3.12/site-packages/airflow/example_dags/example_dag_decorator.py
[2024-04-21T15:02:00.476+0000] {logging_mixin.py:188} INFO - [2024-04-21T15:02:00.476+0000] {dag.py:3096} INFO - Sync 1 DAGs
[2024-04-21T15:02:00.480+0000] {logging_mixin.py:188} INFO - [2024-04-21T15:02:00.480+0000] {dag.py:3954} INFO - Setting next_dagrun for example_dag_decorator to None, run_after=None
[2024-04-21T15:02:00.488+0000] {processor.py:183} INFO - Processing /home/airflow/.local/lib/python3.12/site-packages/airflow/example_dags/example_dag_decorator.py took 0.121 seconds
[2024-04-21T15:02:31.211+0000] {processor.py:161} INFO - Started process (PID=8664) to work on /home/airflow/.local/lib/python3.12/site-packages/airflow/example_dags/example_dag_decorator.py
[2024-04-21T15:02:31.212+0000] {processor.py:830} INFO - Processing file /home/airflow/.local/lib/python3.12/site-packages/airflow/example_dags/example_dag_decorator.py for tasks to queue
[2024-04-21T15:02:31.214+0000] {logging_mixin.py:188} INFO - [2024-04-21T15:02:31.213+0000] {dagbag.py:540} INFO - Filling up the DagBag from /home/airflow/.local/lib/python3.12/site-packages/airflow/example_dags/example_dag_decorator.py
[2024-04-21T15:02:31.266+0000] {processor.py:840} INFO - DAG(s) 'example_dag_decorator' retrieved from /home/airflow/.local/lib/python3.12/site-packages/airflow/example_dags/example_dag_decorator.py
[2024-04-21T15:02:31.312+0000] {logging_mixin.py:188} INFO - [2024-04-21T15:02:31.312+0000] {dag.py:3096} INFO - Sync 1 DAGs
[2024-04-21T15:02:31.316+0000] {logging_mixin.py:188} INFO - [2024-04-21T15:02:31.316+0000] {dag.py:3954} INFO - Setting next_dagrun for example_dag_decorator to None, run_after=None
[2024-04-21T15:02:31.324+0000] {processor.py:183} INFO - Processing /home/airflow/.local/lib/python3.12/site-packages/airflow/example_dags/example_dag_decorator.py took 0.121 seconds
[2024-04-21T15:03:02.100+0000] {processor.py:161} INFO - Started process (PID=8940) to work on /home/airflow/.local/lib/python3.12/site-packages/airflow/example_dags/example_dag_decorator.py
[2024-04-21T15:03:02.101+0000] {processor.py:830} INFO - Processing file /home/airflow/.local/lib/python3.12/site-packages/airflow/example_dags/example_dag_decorator.py for tasks to queue
[2024-04-21T15:03:02.103+0000] {logging_mixin.py:188} INFO - [2024-04-21T15:03:02.103+0000] {dagbag.py:540} INFO - Filling up the DagBag from /home/airflow/.local/lib/python3.12/site-packages/airflow/example_dags/example_dag_decorator.py
[2024-04-21T15:03:02.153+0000] {processor.py:840} INFO - DAG(s) 'example_dag_decorator' retrieved from /home/airflow/.local/lib/python3.12/site-packages/airflow/example_dags/example_dag_decorator.py
[2024-04-21T15:03:02.200+0000] {logging_mixin.py:188} INFO - [2024-04-21T15:03:02.200+0000] {dag.py:3096} INFO - Sync 1 DAGs
[2024-04-21T15:03:02.204+0000] {logging_mixin.py:188} INFO - [2024-04-21T15:03:02.204+0000] {dag.py:3954} INFO - Setting next_dagrun for example_dag_decorator to None, run_after=None
[2024-04-21T15:03:02.211+0000] {processor.py:183} INFO - Processing /home/airflow/.local/lib/python3.12/site-packages/airflow/example_dags/example_dag_decorator.py took 0.119 seconds
[2024-04-21T15:03:32.984+0000] {processor.py:161} INFO - Started process (PID=9207) to work on /home/airflow/.local/lib/python3.12/site-packages/airflow/example_dags/example_dag_decorator.py
[2024-04-21T15:03:32.985+0000] {processor.py:830} INFO - Processing file /home/airflow/.local/lib/python3.12/site-packages/airflow/example_dags/example_dag_decorator.py for tasks to queue
[2024-04-21T15:03:32.987+0000] {logging_mixin.py:188} INFO - [2024-04-21T15:03:32.986+0000] {dagbag.py:540} INFO - Filling up the DagBag from /home/airflow/.local/lib/python3.12/site-packages/airflow/example_dags/example_dag_decorator.py
[2024-04-21T15:03:33.036+0000] {processor.py:840} INFO - DAG(s) 'example_dag_decorator' retrieved from /home/airflow/.local/lib/python3.12/site-packages/airflow/example_dags/example_dag_decorator.py
[2024-04-21T15:03:33.081+0000] {logging_mixin.py:188} INFO - [2024-04-21T15:03:33.081+0000] {dag.py:3096} INFO - Sync 1 DAGs
[2024-04-21T15:03:33.085+0000] {logging_mixin.py:188} INFO - [2024-04-21T15:03:33.085+0000] {dag.py:3954} INFO - Setting next_dagrun for example_dag_decorator to None, run_after=None
[2024-04-21T15:03:33.092+0000] {processor.py:183} INFO - Processing /home/airflow/.local/lib/python3.12/site-packages/airflow/example_dags/example_dag_decorator.py took 0.116 seconds
[2024-04-21T15:04:03.923+0000] {processor.py:161} INFO - Started process (PID=9474) to work on /home/airflow/.local/lib/python3.12/site-packages/airflow/example_dags/example_dag_decorator.py
[2024-04-21T15:04:03.925+0000] {processor.py:830} INFO - Processing file /home/airflow/.local/lib/python3.12/site-packages/airflow/example_dags/example_dag_decorator.py for tasks to queue
[2024-04-21T15:04:03.927+0000] {logging_mixin.py:188} INFO - [2024-04-21T15:04:03.926+0000] {dagbag.py:540} INFO - Filling up the DagBag from /home/airflow/.local/lib/python3.12/site-packages/airflow/example_dags/example_dag_decorator.py
[2024-04-21T15:04:03.976+0000] {processor.py:840} INFO - DAG(s) 'example_dag_decorator' retrieved from /home/airflow/.local/lib/python3.12/site-packages/airflow/example_dags/example_dag_decorator.py
[2024-04-21T15:04:04.022+0000] {logging_mixin.py:188} INFO - [2024-04-21T15:04:04.022+0000] {dag.py:3096} INFO - Sync 1 DAGs
[2024-04-21T15:04:04.026+0000] {logging_mixin.py:188} INFO - [2024-04-21T15:04:04.026+0000] {dag.py:3954} INFO - Setting next_dagrun for example_dag_decorator to None, run_after=None
[2024-04-21T15:04:04.033+0000] {processor.py:183} INFO - Processing /home/airflow/.local/lib/python3.12/site-packages/airflow/example_dags/example_dag_decorator.py took 0.117 seconds
[2024-04-21T15:04:34.739+0000] {processor.py:161} INFO - Started process (PID=9741) to work on /home/airflow/.local/lib/python3.12/site-packages/airflow/example_dags/example_dag_decorator.py
[2024-04-21T15:04:34.739+0000] {processor.py:830} INFO - Processing file /home/airflow/.local/lib/python3.12/site-packages/airflow/example_dags/example_dag_decorator.py for tasks to queue
[2024-04-21T15:04:34.741+0000] {logging_mixin.py:188} INFO - [2024-04-21T15:04:34.740+0000] {dagbag.py:540} INFO - Filling up the DagBag from /home/airflow/.local/lib/python3.12/site-packages/airflow/example_dags/example_dag_decorator.py
[2024-04-21T15:04:34.784+0000] {processor.py:840} INFO - DAG(s) 'example_dag_decorator' retrieved from /home/airflow/.local/lib/python3.12/site-packages/airflow/example_dags/example_dag_decorator.py
[2024-04-21T15:04:34.831+0000] {logging_mixin.py:188} INFO - [2024-04-21T15:04:34.831+0000] {dag.py:3096} INFO - Sync 1 DAGs
[2024-04-21T15:04:34.835+0000] {logging_mixin.py:188} INFO - [2024-04-21T15:04:34.835+0000] {dag.py:3954} INFO - Setting next_dagrun for example_dag_decorator to None, run_after=None
[2024-04-21T15:04:34.842+0000] {processor.py:183} INFO - Processing /home/airflow/.local/lib/python3.12/site-packages/airflow/example_dags/example_dag_decorator.py took 0.107 seconds
[2024-04-21T15:05:05.622+0000] {processor.py:161} INFO - Started process (PID=10007) to work on /home/airflow/.local/lib/python3.12/site-packages/airflow/example_dags/example_dag_decorator.py
[2024-04-21T15:05:05.622+0000] {processor.py:830} INFO - Processing file /home/airflow/.local/lib/python3.12/site-packages/airflow/example_dags/example_dag_decorator.py for tasks to queue
[2024-04-21T15:05:05.624+0000] {logging_mixin.py:188} INFO - [2024-04-21T15:05:05.624+0000] {dagbag.py:540} INFO - Filling up the DagBag from /home/airflow/.local/lib/python3.12/site-packages/airflow/example_dags/example_dag_decorator.py
[2024-04-21T15:05:05.670+0000] {processor.py:840} INFO - DAG(s) 'example_dag_decorator' retrieved from /home/airflow/.local/lib/python3.12/site-packages/airflow/example_dags/example_dag_decorator.py
[2024-04-21T15:05:05.723+0000] {logging_mixin.py:188} INFO - [2024-04-21T15:05:05.723+0000] {dag.py:3096} INFO - Sync 1 DAGs
[2024-04-21T15:05:05.728+0000] {logging_mixin.py:188} INFO - [2024-04-21T15:05:05.728+0000] {dag.py:3954} INFO - Setting next_dagrun for example_dag_decorator to None, run_after=None
[2024-04-21T15:05:05.737+0000] {processor.py:183} INFO - Processing /home/airflow/.local/lib/python3.12/site-packages/airflow/example_dags/example_dag_decorator.py took 0.120 seconds
[2024-04-21T15:05:36.483+0000] {processor.py:161} INFO - Started process (PID=10274) to work on /home/airflow/.local/lib/python3.12/site-packages/airflow/example_dags/example_dag_decorator.py
[2024-04-21T15:05:36.485+0000] {processor.py:830} INFO - Processing file /home/airflow/.local/lib/python3.12/site-packages/airflow/example_dags/example_dag_decorator.py for tasks to queue
[2024-04-21T15:05:36.487+0000] {logging_mixin.py:188} INFO - [2024-04-21T15:05:36.487+0000] {dagbag.py:540} INFO - Filling up the DagBag from /home/airflow/.local/lib/python3.12/site-packages/airflow/example_dags/example_dag_decorator.py
[2024-04-21T15:05:36.538+0000] {processor.py:840} INFO - DAG(s) 'example_dag_decorator' retrieved from /home/airflow/.local/lib/python3.12/site-packages/airflow/example_dags/example_dag_decorator.py
[2024-04-21T15:05:36.582+0000] {logging_mixin.py:188} INFO - [2024-04-21T15:05:36.582+0000] {dag.py:3096} INFO - Sync 1 DAGs
[2024-04-21T15:05:36.587+0000] {logging_mixin.py:188} INFO - [2024-04-21T15:05:36.586+0000] {dag.py:3954} INFO - Setting next_dagrun for example_dag_decorator to None, run_after=None
[2024-04-21T15:05:36.593+0000] {processor.py:183} INFO - Processing /home/airflow/.local/lib/python3.12/site-packages/airflow/example_dags/example_dag_decorator.py took 0.118 seconds
[2024-04-21T15:06:07.405+0000] {processor.py:161} INFO - Started process (PID=10541) to work on /home/airflow/.local/lib/python3.12/site-packages/airflow/example_dags/example_dag_decorator.py
[2024-04-21T15:06:07.407+0000] {processor.py:830} INFO - Processing file /home/airflow/.local/lib/python3.12/site-packages/airflow/example_dags/example_dag_decorator.py for tasks to queue
[2024-04-21T15:06:07.409+0000] {logging_mixin.py:188} INFO - [2024-04-21T15:06:07.408+0000] {dagbag.py:540} INFO - Filling up the DagBag from /home/airflow/.local/lib/python3.12/site-packages/airflow/example_dags/example_dag_decorator.py
[2024-04-21T15:06:07.457+0000] {processor.py:840} INFO - DAG(s) 'example_dag_decorator' retrieved from /home/airflow/.local/lib/python3.12/site-packages/airflow/example_dags/example_dag_decorator.py
[2024-04-21T15:06:07.470+0000] {logging_mixin.py:188} INFO - [2024-04-21T15:06:07.470+0000] {dag.py:3096} INFO - Sync 1 DAGs
[2024-04-21T15:06:07.475+0000] {logging_mixin.py:188} INFO - [2024-04-21T15:06:07.475+0000] {dag.py:3954} INFO - Setting next_dagrun for example_dag_decorator to None, run_after=None
[2024-04-21T15:06:07.482+0000] {processor.py:183} INFO - Processing /home/airflow/.local/lib/python3.12/site-packages/airflow/example_dags/example_dag_decorator.py took 0.084 seconds
[2024-04-21T15:06:38.310+0000] {processor.py:161} INFO - Started process (PID=10808) to work on /home/airflow/.local/lib/python3.12/site-packages/airflow/example_dags/example_dag_decorator.py
[2024-04-21T15:06:38.312+0000] {processor.py:830} INFO - Processing file /home/airflow/.local/lib/python3.12/site-packages/airflow/example_dags/example_dag_decorator.py for tasks to queue
[2024-04-21T15:06:38.314+0000] {logging_mixin.py:188} INFO - [2024-04-21T15:06:38.313+0000] {dagbag.py:540} INFO - Filling up the DagBag from /home/airflow/.local/lib/python3.12/site-packages/airflow/example_dags/example_dag_decorator.py
[2024-04-21T15:06:38.358+0000] {processor.py:840} INFO - DAG(s) 'example_dag_decorator' retrieved from /home/airflow/.local/lib/python3.12/site-packages/airflow/example_dags/example_dag_decorator.py
[2024-04-21T15:06:38.404+0000] {logging_mixin.py:188} INFO - [2024-04-21T15:06:38.403+0000] {dag.py:3096} INFO - Sync 1 DAGs
[2024-04-21T15:06:38.408+0000] {logging_mixin.py:188} INFO - [2024-04-21T15:06:38.408+0000] {dag.py:3954} INFO - Setting next_dagrun for example_dag_decorator to None, run_after=None
[2024-04-21T15:06:38.415+0000] {processor.py:183} INFO - Processing /home/airflow/.local/lib/python3.12/site-packages/airflow/example_dags/example_dag_decorator.py took 0.112 seconds
[2024-04-21T15:07:08.452+0000] {processor.py:161} INFO - Started process (PID=11078) to work on /home/airflow/.local/lib/python3.12/site-packages/airflow/example_dags/example_dag_decorator.py
[2024-04-21T15:07:08.452+0000] {processor.py:830} INFO - Processing file /home/airflow/.local/lib/python3.12/site-packages/airflow/example_dags/example_dag_decorator.py for tasks to queue
[2024-04-21T15:07:08.454+0000] {logging_mixin.py:188} INFO - [2024-04-21T15:07:08.453+0000] {dagbag.py:540} INFO - Filling up the DagBag from /home/airflow/.local/lib/python3.12/site-packages/airflow/example_dags/example_dag_decorator.py
[2024-04-21T15:07:08.496+0000] {processor.py:840} INFO - DAG(s) 'example_dag_decorator' retrieved from /home/airflow/.local/lib/python3.12/site-packages/airflow/example_dags/example_dag_decorator.py
[2024-04-21T15:07:08.542+0000] {logging_mixin.py:188} INFO - [2024-04-21T15:07:08.542+0000] {dag.py:3096} INFO - Sync 1 DAGs
[2024-04-21T15:07:08.546+0000] {logging_mixin.py:188} INFO - [2024-04-21T15:07:08.546+0000] {dag.py:3954} INFO - Setting next_dagrun for example_dag_decorator to None, run_after=None
[2024-04-21T15:07:08.554+0000] {processor.py:183} INFO - Processing /home/airflow/.local/lib/python3.12/site-packages/airflow/example_dags/example_dag_decorator.py took 0.107 seconds
[2024-04-21T15:07:38.691+0000] {processor.py:161} INFO - Started process (PID=11370) to work on /home/airflow/.local/lib/python3.12/site-packages/airflow/example_dags/example_dag_decorator.py
[2024-04-21T15:07:38.692+0000] {processor.py:830} INFO - Processing file /home/airflow/.local/lib/python3.12/site-packages/airflow/example_dags/example_dag_decorator.py for tasks to queue
[2024-04-21T15:07:38.693+0000] {logging_mixin.py:188} INFO - [2024-04-21T15:07:38.693+0000] {dagbag.py:540} INFO - Filling up the DagBag from /home/airflow/.local/lib/python3.12/site-packages/airflow/example_dags/example_dag_decorator.py
[2024-04-21T15:07:38.733+0000] {processor.py:840} INFO - DAG(s) 'example_dag_decorator' retrieved from /home/airflow/.local/lib/python3.12/site-packages/airflow/example_dags/example_dag_decorator.py
[2024-04-21T15:07:38.780+0000] {logging_mixin.py:188} INFO - [2024-04-21T15:07:38.780+0000] {dag.py:3096} INFO - Sync 1 DAGs
[2024-04-21T15:07:38.784+0000] {logging_mixin.py:188} INFO - [2024-04-21T15:07:38.784+0000] {dag.py:3954} INFO - Setting next_dagrun for example_dag_decorator to None, run_after=None
[2024-04-21T15:07:38.791+0000] {processor.py:183} INFO - Processing /home/airflow/.local/lib/python3.12/site-packages/airflow/example_dags/example_dag_decorator.py took 0.104 seconds
[2024-04-21T15:08:08.855+0000] {processor.py:161} INFO - Started process (PID=11642) to work on /home/airflow/.local/lib/python3.12/site-packages/airflow/example_dags/example_dag_decorator.py
[2024-04-21T15:08:08.857+0000] {processor.py:830} INFO - Processing file /home/airflow/.local/lib/python3.12/site-packages/airflow/example_dags/example_dag_decorator.py for tasks to queue
[2024-04-21T15:08:08.859+0000] {logging_mixin.py:188} INFO - [2024-04-21T15:08:08.859+0000] {dagbag.py:540} INFO - Filling up the DagBag from /home/airflow/.local/lib/python3.12/site-packages/airflow/example_dags/example_dag_decorator.py
[2024-04-21T15:08:08.909+0000] {processor.py:840} INFO - DAG(s) 'example_dag_decorator' retrieved from /home/airflow/.local/lib/python3.12/site-packages/airflow/example_dags/example_dag_decorator.py
[2024-04-21T15:08:08.957+0000] {logging_mixin.py:188} INFO - [2024-04-21T15:08:08.956+0000] {dag.py:3096} INFO - Sync 1 DAGs
[2024-04-21T15:08:08.961+0000] {logging_mixin.py:188} INFO - [2024-04-21T15:08:08.961+0000] {dag.py:3954} INFO - Setting next_dagrun for example_dag_decorator to None, run_after=None
[2024-04-21T15:08:08.969+0000] {processor.py:183} INFO - Processing /home/airflow/.local/lib/python3.12/site-packages/airflow/example_dags/example_dag_decorator.py took 0.121 seconds
[2024-04-21T15:08:39.767+0000] {processor.py:161} INFO - Started process (PID=11923) to work on /home/airflow/.local/lib/python3.12/site-packages/airflow/example_dags/example_dag_decorator.py
[2024-04-21T15:08:39.769+0000] {processor.py:830} INFO - Processing file /home/airflow/.local/lib/python3.12/site-packages/airflow/example_dags/example_dag_decorator.py for tasks to queue
[2024-04-21T15:08:39.771+0000] {logging_mixin.py:188} INFO - [2024-04-21T15:08:39.770+0000] {dagbag.py:540} INFO - Filling up the DagBag from /home/airflow/.local/lib/python3.12/site-packages/airflow/example_dags/example_dag_decorator.py
[2024-04-21T15:08:39.819+0000] {processor.py:840} INFO - DAG(s) 'example_dag_decorator' retrieved from /home/airflow/.local/lib/python3.12/site-packages/airflow/example_dags/example_dag_decorator.py
[2024-04-21T15:08:39.866+0000] {logging_mixin.py:188} INFO - [2024-04-21T15:08:39.866+0000] {dag.py:3096} INFO - Sync 1 DAGs
[2024-04-21T15:08:39.870+0000] {logging_mixin.py:188} INFO - [2024-04-21T15:08:39.870+0000] {dag.py:3954} INFO - Setting next_dagrun for example_dag_decorator to None, run_after=None
[2024-04-21T15:08:39.877+0000] {processor.py:183} INFO - Processing /home/airflow/.local/lib/python3.12/site-packages/airflow/example_dags/example_dag_decorator.py took 0.117 seconds
[2024-04-21T15:09:10.669+0000] {processor.py:161} INFO - Started process (PID=12191) to work on /home/airflow/.local/lib/python3.12/site-packages/airflow/example_dags/example_dag_decorator.py
[2024-04-21T15:09:10.670+0000] {processor.py:830} INFO - Processing file /home/airflow/.local/lib/python3.12/site-packages/airflow/example_dags/example_dag_decorator.py for tasks to queue
[2024-04-21T15:09:10.672+0000] {logging_mixin.py:188} INFO - [2024-04-21T15:09:10.671+0000] {dagbag.py:540} INFO - Filling up the DagBag from /home/airflow/.local/lib/python3.12/site-packages/airflow/example_dags/example_dag_decorator.py
[2024-04-21T15:09:10.730+0000] {processor.py:840} INFO - DAG(s) 'example_dag_decorator' retrieved from /home/airflow/.local/lib/python3.12/site-packages/airflow/example_dags/example_dag_decorator.py
[2024-04-21T15:09:10.744+0000] {logging_mixin.py:188} INFO - [2024-04-21T15:09:10.744+0000] {dag.py:3096} INFO - Sync 1 DAGs
[2024-04-21T15:09:10.750+0000] {logging_mixin.py:188} INFO - [2024-04-21T15:09:10.750+0000] {dag.py:3954} INFO - Setting next_dagrun for example_dag_decorator to None, run_after=None
[2024-04-21T15:09:10.759+0000] {processor.py:183} INFO - Processing /home/airflow/.local/lib/python3.12/site-packages/airflow/example_dags/example_dag_decorator.py took 0.097 seconds
[2024-04-21T15:09:41.514+0000] {processor.py:161} INFO - Started process (PID=12458) to work on /home/airflow/.local/lib/python3.12/site-packages/airflow/example_dags/example_dag_decorator.py
[2024-04-21T15:09:41.515+0000] {processor.py:830} INFO - Processing file /home/airflow/.local/lib/python3.12/site-packages/airflow/example_dags/example_dag_decorator.py for tasks to queue
[2024-04-21T15:09:41.517+0000] {logging_mixin.py:188} INFO - [2024-04-21T15:09:41.517+0000] {dagbag.py:540} INFO - Filling up the DagBag from /home/airflow/.local/lib/python3.12/site-packages/airflow/example_dags/example_dag_decorator.py
[2024-04-21T15:09:41.567+0000] {processor.py:840} INFO - DAG(s) 'example_dag_decorator' retrieved from /home/airflow/.local/lib/python3.12/site-packages/airflow/example_dags/example_dag_decorator.py
[2024-04-21T15:09:41.616+0000] {logging_mixin.py:188} INFO - [2024-04-21T15:09:41.615+0000] {dag.py:3096} INFO - Sync 1 DAGs
[2024-04-21T15:09:41.620+0000] {logging_mixin.py:188} INFO - [2024-04-21T15:09:41.620+0000] {dag.py:3954} INFO - Setting next_dagrun for example_dag_decorator to None, run_after=None
[2024-04-21T15:09:41.641+0000] {processor.py:183} INFO - Processing /home/airflow/.local/lib/python3.12/site-packages/airflow/example_dags/example_dag_decorator.py took 0.135 seconds
[2024-04-21T15:10:12.582+0000] {processor.py:161} INFO - Started process (PID=12725) to work on /home/airflow/.local/lib/python3.12/site-packages/airflow/example_dags/example_dag_decorator.py
[2024-04-21T15:10:12.583+0000] {processor.py:830} INFO - Processing file /home/airflow/.local/lib/python3.12/site-packages/airflow/example_dags/example_dag_decorator.py for tasks to queue
[2024-04-21T15:10:12.585+0000] {logging_mixin.py:188} INFO - [2024-04-21T15:10:12.585+0000] {dagbag.py:540} INFO - Filling up the DagBag from /home/airflow/.local/lib/python3.12/site-packages/airflow/example_dags/example_dag_decorator.py
[2024-04-21T15:10:12.637+0000] {processor.py:840} INFO - DAG(s) 'example_dag_decorator' retrieved from /home/airflow/.local/lib/python3.12/site-packages/airflow/example_dags/example_dag_decorator.py
[2024-04-21T15:10:12.686+0000] {logging_mixin.py:188} INFO - [2024-04-21T15:10:12.686+0000] {dag.py:3096} INFO - Sync 1 DAGs
[2024-04-21T15:10:12.690+0000] {logging_mixin.py:188} INFO - [2024-04-21T15:10:12.690+0000] {dag.py:3954} INFO - Setting next_dagrun for example_dag_decorator to None, run_after=None
[2024-04-21T15:10:12.698+0000] {processor.py:183} INFO - Processing /home/airflow/.local/lib/python3.12/site-packages/airflow/example_dags/example_dag_decorator.py took 0.123 seconds
[2024-04-21T15:10:42.940+0000] {processor.py:161} INFO - Started process (PID=12997) to work on /home/airflow/.local/lib/python3.12/site-packages/airflow/example_dags/example_dag_decorator.py
[2024-04-21T15:10:42.941+0000] {processor.py:830} INFO - Processing file /home/airflow/.local/lib/python3.12/site-packages/airflow/example_dags/example_dag_decorator.py for tasks to queue
[2024-04-21T15:10:42.944+0000] {logging_mixin.py:188} INFO - [2024-04-21T15:10:42.943+0000] {dagbag.py:540} INFO - Filling up the DagBag from /home/airflow/.local/lib/python3.12/site-packages/airflow/example_dags/example_dag_decorator.py
[2024-04-21T15:10:43.000+0000] {processor.py:840} INFO - DAG(s) 'example_dag_decorator' retrieved from /home/airflow/.local/lib/python3.12/site-packages/airflow/example_dags/example_dag_decorator.py
[2024-04-21T15:10:43.053+0000] {logging_mixin.py:188} INFO - [2024-04-21T15:10:43.053+0000] {dag.py:3096} INFO - Sync 1 DAGs
[2024-04-21T15:10:43.059+0000] {logging_mixin.py:188} INFO - [2024-04-21T15:10:43.059+0000] {dag.py:3954} INFO - Setting next_dagrun for example_dag_decorator to None, run_after=None
[2024-04-21T15:10:43.067+0000] {processor.py:183} INFO - Processing /home/airflow/.local/lib/python3.12/site-packages/airflow/example_dags/example_dag_decorator.py took 0.135 seconds
[2024-04-21T15:11:13.822+0000] {processor.py:161} INFO - Started process (PID=13281) to work on /home/airflow/.local/lib/python3.12/site-packages/airflow/example_dags/example_dag_decorator.py
[2024-04-21T15:11:13.823+0000] {processor.py:830} INFO - Processing file /home/airflow/.local/lib/python3.12/site-packages/airflow/example_dags/example_dag_decorator.py for tasks to queue
[2024-04-21T15:11:13.824+0000] {logging_mixin.py:188} INFO - [2024-04-21T15:11:13.824+0000] {dagbag.py:540} INFO - Filling up the DagBag from /home/airflow/.local/lib/python3.12/site-packages/airflow/example_dags/example_dag_decorator.py
[2024-04-21T15:11:13.864+0000] {processor.py:840} INFO - DAG(s) 'example_dag_decorator' retrieved from /home/airflow/.local/lib/python3.12/site-packages/airflow/example_dags/example_dag_decorator.py
[2024-04-21T15:11:13.917+0000] {logging_mixin.py:188} INFO - [2024-04-21T15:11:13.917+0000] {dag.py:3096} INFO - Sync 1 DAGs
[2024-04-21T15:11:13.922+0000] {logging_mixin.py:188} INFO - [2024-04-21T15:11:13.922+0000] {dag.py:3954} INFO - Setting next_dagrun for example_dag_decorator to None, run_after=None
[2024-04-21T15:11:13.930+0000] {processor.py:183} INFO - Processing /home/airflow/.local/lib/python3.12/site-packages/airflow/example_dags/example_dag_decorator.py took 0.111 seconds
[2024-04-21T15:11:44.825+0000] {processor.py:161} INFO - Started process (PID=13550) to work on /home/airflow/.local/lib/python3.12/site-packages/airflow/example_dags/example_dag_decorator.py
[2024-04-21T15:11:44.826+0000] {processor.py:830} INFO - Processing file /home/airflow/.local/lib/python3.12/site-packages/airflow/example_dags/example_dag_decorator.py for tasks to queue
[2024-04-21T15:11:44.828+0000] {logging_mixin.py:188} INFO - [2024-04-21T15:11:44.828+0000] {dagbag.py:540} INFO - Filling up the DagBag from /home/airflow/.local/lib/python3.12/site-packages/airflow/example_dags/example_dag_decorator.py
[2024-04-21T15:11:44.877+0000] {processor.py:840} INFO - DAG(s) 'example_dag_decorator' retrieved from /home/airflow/.local/lib/python3.12/site-packages/airflow/example_dags/example_dag_decorator.py
[2024-04-21T15:11:44.924+0000] {logging_mixin.py:188} INFO - [2024-04-21T15:11:44.923+0000] {dag.py:3096} INFO - Sync 1 DAGs
[2024-04-21T15:11:44.928+0000] {logging_mixin.py:188} INFO - [2024-04-21T15:11:44.928+0000] {dag.py:3954} INFO - Setting next_dagrun for example_dag_decorator to None, run_after=None
[2024-04-21T15:11:44.935+0000] {processor.py:183} INFO - Processing /home/airflow/.local/lib/python3.12/site-packages/airflow/example_dags/example_dag_decorator.py took 0.117 seconds
[2024-04-21T15:12:15.878+0000] {processor.py:161} INFO - Started process (PID=13832) to work on /home/airflow/.local/lib/python3.12/site-packages/airflow/example_dags/example_dag_decorator.py
[2024-04-21T15:12:15.879+0000] {processor.py:830} INFO - Processing file /home/airflow/.local/lib/python3.12/site-packages/airflow/example_dags/example_dag_decorator.py for tasks to queue
[2024-04-21T15:12:15.881+0000] {logging_mixin.py:188} INFO - [2024-04-21T15:12:15.880+0000] {dagbag.py:540} INFO - Filling up the DagBag from /home/airflow/.local/lib/python3.12/site-packages/airflow/example_dags/example_dag_decorator.py
[2024-04-21T15:12:15.932+0000] {processor.py:840} INFO - DAG(s) 'example_dag_decorator' retrieved from /home/airflow/.local/lib/python3.12/site-packages/airflow/example_dags/example_dag_decorator.py
[2024-04-21T15:12:15.976+0000] {logging_mixin.py:188} INFO - [2024-04-21T15:12:15.976+0000] {dag.py:3096} INFO - Sync 1 DAGs
[2024-04-21T15:12:15.980+0000] {logging_mixin.py:188} INFO - [2024-04-21T15:12:15.980+0000] {dag.py:3954} INFO - Setting next_dagrun for example_dag_decorator to None, run_after=None
[2024-04-21T15:12:15.987+0000] {processor.py:183} INFO - Processing /home/airflow/.local/lib/python3.12/site-packages/airflow/example_dags/example_dag_decorator.py took 0.116 seconds
[2024-04-21T15:12:46.653+0000] {processor.py:161} INFO - Started process (PID=14108) to work on /home/airflow/.local/lib/python3.12/site-packages/airflow/example_dags/example_dag_decorator.py
[2024-04-21T15:12:46.653+0000] {processor.py:830} INFO - Processing file /home/airflow/.local/lib/python3.12/site-packages/airflow/example_dags/example_dag_decorator.py for tasks to queue
[2024-04-21T15:12:46.655+0000] {logging_mixin.py:188} INFO - [2024-04-21T15:12:46.654+0000] {dagbag.py:540} INFO - Filling up the DagBag from /home/airflow/.local/lib/python3.12/site-packages/airflow/example_dags/example_dag_decorator.py
[2024-04-21T15:12:46.695+0000] {processor.py:840} INFO - DAG(s) 'example_dag_decorator' retrieved from /home/airflow/.local/lib/python3.12/site-packages/airflow/example_dags/example_dag_decorator.py
[2024-04-21T15:12:46.742+0000] {logging_mixin.py:188} INFO - [2024-04-21T15:12:46.742+0000] {dag.py:3096} INFO - Sync 1 DAGs
[2024-04-21T15:12:46.746+0000] {logging_mixin.py:188} INFO - [2024-04-21T15:12:46.746+0000] {dag.py:3954} INFO - Setting next_dagrun for example_dag_decorator to None, run_after=None
[2024-04-21T15:12:46.753+0000] {processor.py:183} INFO - Processing /home/airflow/.local/lib/python3.12/site-packages/airflow/example_dags/example_dag_decorator.py took 0.104 seconds
[2024-04-21T15:13:17.638+0000] {processor.py:161} INFO - Started process (PID=14394) to work on /home/airflow/.local/lib/python3.12/site-packages/airflow/example_dags/example_dag_decorator.py
[2024-04-21T15:13:17.639+0000] {processor.py:830} INFO - Processing file /home/airflow/.local/lib/python3.12/site-packages/airflow/example_dags/example_dag_decorator.py for tasks to queue
[2024-04-21T15:13:17.640+0000] {logging_mixin.py:188} INFO - [2024-04-21T15:13:17.640+0000] {dagbag.py:540} INFO - Filling up the DagBag from /home/airflow/.local/lib/python3.12/site-packages/airflow/example_dags/example_dag_decorator.py
[2024-04-21T15:13:17.682+0000] {processor.py:840} INFO - DAG(s) 'example_dag_decorator' retrieved from /home/airflow/.local/lib/python3.12/site-packages/airflow/example_dags/example_dag_decorator.py
[2024-04-21T15:13:17.731+0000] {logging_mixin.py:188} INFO - [2024-04-21T15:13:17.731+0000] {dag.py:3096} INFO - Sync 1 DAGs
[2024-04-21T15:13:17.736+0000] {logging_mixin.py:188} INFO - [2024-04-21T15:13:17.735+0000] {dag.py:3954} INFO - Setting next_dagrun for example_dag_decorator to None, run_after=None
[2024-04-21T15:13:17.744+0000] {processor.py:183} INFO - Processing /home/airflow/.local/lib/python3.12/site-packages/airflow/example_dags/example_dag_decorator.py took 0.109 seconds
[2024-04-21T15:13:47.805+0000] {processor.py:161} INFO - Started process (PID=14665) to work on /home/airflow/.local/lib/python3.12/site-packages/airflow/example_dags/example_dag_decorator.py
[2024-04-21T15:13:47.805+0000] {processor.py:830} INFO - Processing file /home/airflow/.local/lib/python3.12/site-packages/airflow/example_dags/example_dag_decorator.py for tasks to queue
[2024-04-21T15:13:47.806+0000] {logging_mixin.py:188} INFO - [2024-04-21T15:13:47.806+0000] {dagbag.py:540} INFO - Filling up the DagBag from /home/airflow/.local/lib/python3.12/site-packages/airflow/example_dags/example_dag_decorator.py
[2024-04-21T15:13:47.844+0000] {processor.py:840} INFO - DAG(s) 'example_dag_decorator' retrieved from /home/airflow/.local/lib/python3.12/site-packages/airflow/example_dags/example_dag_decorator.py
[2024-04-21T15:13:47.891+0000] {logging_mixin.py:188} INFO - [2024-04-21T15:13:47.891+0000] {dag.py:3096} INFO - Sync 1 DAGs
[2024-04-21T15:13:47.895+0000] {logging_mixin.py:188} INFO - [2024-04-21T15:13:47.895+0000] {dag.py:3954} INFO - Setting next_dagrun for example_dag_decorator to None, run_after=None
[2024-04-21T15:13:47.902+0000] {processor.py:183} INFO - Processing /home/airflow/.local/lib/python3.12/site-packages/airflow/example_dags/example_dag_decorator.py took 0.101 seconds
[2024-04-21T15:14:17.942+0000] {processor.py:161} INFO - Started process (PID=14937) to work on /home/airflow/.local/lib/python3.12/site-packages/airflow/example_dags/example_dag_decorator.py
[2024-04-21T15:14:17.943+0000] {processor.py:830} INFO - Processing file /home/airflow/.local/lib/python3.12/site-packages/airflow/example_dags/example_dag_decorator.py for tasks to queue
[2024-04-21T15:14:17.944+0000] {logging_mixin.py:188} INFO - [2024-04-21T15:14:17.944+0000] {dagbag.py:540} INFO - Filling up the DagBag from /home/airflow/.local/lib/python3.12/site-packages/airflow/example_dags/example_dag_decorator.py
[2024-04-21T15:14:17.982+0000] {processor.py:840} INFO - DAG(s) 'example_dag_decorator' retrieved from /home/airflow/.local/lib/python3.12/site-packages/airflow/example_dags/example_dag_decorator.py
[2024-04-21T15:14:17.995+0000] {logging_mixin.py:188} INFO - [2024-04-21T15:14:17.995+0000] {dag.py:3096} INFO - Sync 1 DAGs
[2024-04-21T15:14:18.000+0000] {logging_mixin.py:188} INFO - [2024-04-21T15:14:18.000+0000] {dag.py:3954} INFO - Setting next_dagrun for example_dag_decorator to None, run_after=None
[2024-04-21T15:14:18.009+0000] {processor.py:183} INFO - Processing /home/airflow/.local/lib/python3.12/site-packages/airflow/example_dags/example_dag_decorator.py took 0.069 seconds
[2024-04-21T15:14:48.070+0000] {processor.py:161} INFO - Started process (PID=15208) to work on /home/airflow/.local/lib/python3.12/site-packages/airflow/example_dags/example_dag_decorator.py
[2024-04-21T15:14:48.070+0000] {processor.py:830} INFO - Processing file /home/airflow/.local/lib/python3.12/site-packages/airflow/example_dags/example_dag_decorator.py for tasks to queue
[2024-04-21T15:14:48.071+0000] {logging_mixin.py:188} INFO - [2024-04-21T15:14:48.071+0000] {dagbag.py:540} INFO - Filling up the DagBag from /home/airflow/.local/lib/python3.12/site-packages/airflow/example_dags/example_dag_decorator.py
[2024-04-21T15:14:48.109+0000] {processor.py:840} INFO - DAG(s) 'example_dag_decorator' retrieved from /home/airflow/.local/lib/python3.12/site-packages/airflow/example_dags/example_dag_decorator.py
[2024-04-21T15:14:48.154+0000] {logging_mixin.py:188} INFO - [2024-04-21T15:14:48.154+0000] {dag.py:3096} INFO - Sync 1 DAGs
[2024-04-21T15:14:48.159+0000] {logging_mixin.py:188} INFO - [2024-04-21T15:14:48.159+0000] {dag.py:3954} INFO - Setting next_dagrun for example_dag_decorator to None, run_after=None
[2024-04-21T15:14:48.166+0000] {processor.py:183} INFO - Processing /home/airflow/.local/lib/python3.12/site-packages/airflow/example_dags/example_dag_decorator.py took 0.099 seconds
[2024-04-21T15:15:18.207+0000] {processor.py:161} INFO - Started process (PID=15480) to work on /home/airflow/.local/lib/python3.12/site-packages/airflow/example_dags/example_dag_decorator.py
[2024-04-21T15:15:18.208+0000] {processor.py:830} INFO - Processing file /home/airflow/.local/lib/python3.12/site-packages/airflow/example_dags/example_dag_decorator.py for tasks to queue
[2024-04-21T15:15:18.209+0000] {logging_mixin.py:188} INFO - [2024-04-21T15:15:18.208+0000] {dagbag.py:540} INFO - Filling up the DagBag from /home/airflow/.local/lib/python3.12/site-packages/airflow/example_dags/example_dag_decorator.py
[2024-04-21T15:15:18.246+0000] {processor.py:840} INFO - DAG(s) 'example_dag_decorator' retrieved from /home/airflow/.local/lib/python3.12/site-packages/airflow/example_dags/example_dag_decorator.py
[2024-04-21T15:15:18.291+0000] {logging_mixin.py:188} INFO - [2024-04-21T15:15:18.291+0000] {dag.py:3096} INFO - Sync 1 DAGs
[2024-04-21T15:15:18.296+0000] {logging_mixin.py:188} INFO - [2024-04-21T15:15:18.296+0000] {dag.py:3954} INFO - Setting next_dagrun for example_dag_decorator to None, run_after=None
[2024-04-21T15:15:18.304+0000] {processor.py:183} INFO - Processing /home/airflow/.local/lib/python3.12/site-packages/airflow/example_dags/example_dag_decorator.py took 0.100 seconds
[2024-04-21T15:15:48.400+0000] {processor.py:161} INFO - Started process (PID=15747) to work on /home/airflow/.local/lib/python3.12/site-packages/airflow/example_dags/example_dag_decorator.py
[2024-04-21T15:15:48.401+0000] {processor.py:830} INFO - Processing file /home/airflow/.local/lib/python3.12/site-packages/airflow/example_dags/example_dag_decorator.py for tasks to queue
[2024-04-21T15:15:48.402+0000] {logging_mixin.py:188} INFO - [2024-04-21T15:15:48.402+0000] {dagbag.py:540} INFO - Filling up the DagBag from /home/airflow/.local/lib/python3.12/site-packages/airflow/example_dags/example_dag_decorator.py
[2024-04-21T15:15:48.438+0000] {processor.py:840} INFO - DAG(s) 'example_dag_decorator' retrieved from /home/airflow/.local/lib/python3.12/site-packages/airflow/example_dags/example_dag_decorator.py
[2024-04-21T15:15:48.453+0000] {logging_mixin.py:188} INFO - [2024-04-21T15:15:48.452+0000] {dag.py:3096} INFO - Sync 1 DAGs
[2024-04-21T15:15:48.458+0000] {logging_mixin.py:188} INFO - [2024-04-21T15:15:48.458+0000] {dag.py:3954} INFO - Setting next_dagrun for example_dag_decorator to None, run_after=None
[2024-04-21T15:15:48.465+0000] {processor.py:183} INFO - Processing /home/airflow/.local/lib/python3.12/site-packages/airflow/example_dags/example_dag_decorator.py took 0.068 seconds
[2024-04-21T15:16:18.595+0000] {processor.py:161} INFO - Started process (PID=16004) to work on /home/airflow/.local/lib/python3.12/site-packages/airflow/example_dags/example_dag_decorator.py
[2024-04-21T15:16:18.595+0000] {processor.py:830} INFO - Processing file /home/airflow/.local/lib/python3.12/site-packages/airflow/example_dags/example_dag_decorator.py for tasks to queue
[2024-04-21T15:16:18.596+0000] {logging_mixin.py:188} INFO - [2024-04-21T15:16:18.596+0000] {dagbag.py:540} INFO - Filling up the DagBag from /home/airflow/.local/lib/python3.12/site-packages/airflow/example_dags/example_dag_decorator.py
[2024-04-21T15:16:18.634+0000] {processor.py:840} INFO - DAG(s) 'example_dag_decorator' retrieved from /home/airflow/.local/lib/python3.12/site-packages/airflow/example_dags/example_dag_decorator.py
[2024-04-21T15:16:18.680+0000] {logging_mixin.py:188} INFO - [2024-04-21T15:16:18.679+0000] {dag.py:3096} INFO - Sync 1 DAGs
[2024-04-21T15:16:18.684+0000] {logging_mixin.py:188} INFO - [2024-04-21T15:16:18.684+0000] {dag.py:3954} INFO - Setting next_dagrun for example_dag_decorator to None, run_after=None
[2024-04-21T15:16:18.691+0000] {processor.py:183} INFO - Processing /home/airflow/.local/lib/python3.12/site-packages/airflow/example_dags/example_dag_decorator.py took 0.099 seconds
[2024-04-21T15:16:48.811+0000] {processor.py:161} INFO - Started process (PID=16262) to work on /home/airflow/.local/lib/python3.12/site-packages/airflow/example_dags/example_dag_decorator.py
[2024-04-21T15:16:48.812+0000] {processor.py:830} INFO - Processing file /home/airflow/.local/lib/python3.12/site-packages/airflow/example_dags/example_dag_decorator.py for tasks to queue
[2024-04-21T15:16:48.813+0000] {logging_mixin.py:188} INFO - [2024-04-21T15:16:48.812+0000] {dagbag.py:540} INFO - Filling up the DagBag from /home/airflow/.local/lib/python3.12/site-packages/airflow/example_dags/example_dag_decorator.py
[2024-04-21T15:16:48.850+0000] {processor.py:840} INFO - DAG(s) 'example_dag_decorator' retrieved from /home/airflow/.local/lib/python3.12/site-packages/airflow/example_dags/example_dag_decorator.py
[2024-04-21T15:16:48.894+0000] {logging_mixin.py:188} INFO - [2024-04-21T15:16:48.894+0000] {dag.py:3096} INFO - Sync 1 DAGs
[2024-04-21T15:16:48.898+0000] {logging_mixin.py:188} INFO - [2024-04-21T15:16:48.898+0000] {dag.py:3954} INFO - Setting next_dagrun for example_dag_decorator to None, run_after=None
[2024-04-21T15:16:48.906+0000] {processor.py:183} INFO - Processing /home/airflow/.local/lib/python3.12/site-packages/airflow/example_dags/example_dag_decorator.py took 0.098 seconds
[2024-04-21T15:17:18.999+0000] {processor.py:161} INFO - Started process (PID=16527) to work on /home/airflow/.local/lib/python3.12/site-packages/airflow/example_dags/example_dag_decorator.py
[2024-04-21T15:17:18.999+0000] {processor.py:830} INFO - Processing file /home/airflow/.local/lib/python3.12/site-packages/airflow/example_dags/example_dag_decorator.py for tasks to queue
[2024-04-21T15:17:19.000+0000] {logging_mixin.py:188} INFO - [2024-04-21T15:17:19.000+0000] {dagbag.py:540} INFO - Filling up the DagBag from /home/airflow/.local/lib/python3.12/site-packages/airflow/example_dags/example_dag_decorator.py
[2024-04-21T15:17:19.041+0000] {processor.py:840} INFO - DAG(s) 'example_dag_decorator' retrieved from /home/airflow/.local/lib/python3.12/site-packages/airflow/example_dags/example_dag_decorator.py
[2024-04-21T15:17:19.056+0000] {logging_mixin.py:188} INFO - [2024-04-21T15:17:19.055+0000] {dag.py:3096} INFO - Sync 1 DAGs
[2024-04-21T15:17:19.061+0000] {logging_mixin.py:188} INFO - [2024-04-21T15:17:19.061+0000] {dag.py:3954} INFO - Setting next_dagrun for example_dag_decorator to None, run_after=None
[2024-04-21T15:17:19.069+0000] {processor.py:183} INFO - Processing /home/airflow/.local/lib/python3.12/site-packages/airflow/example_dags/example_dag_decorator.py took 0.074 seconds
[2024-04-21T15:17:50.002+0000] {processor.py:161} INFO - Started process (PID=16794) to work on /home/airflow/.local/lib/python3.12/site-packages/airflow/example_dags/example_dag_decorator.py
[2024-04-21T15:17:50.002+0000] {processor.py:830} INFO - Processing file /home/airflow/.local/lib/python3.12/site-packages/airflow/example_dags/example_dag_decorator.py for tasks to queue
[2024-04-21T15:17:50.003+0000] {logging_mixin.py:188} INFO - [2024-04-21T15:17:50.003+0000] {dagbag.py:540} INFO - Filling up the DagBag from /home/airflow/.local/lib/python3.12/site-packages/airflow/example_dags/example_dag_decorator.py
[2024-04-21T15:17:50.043+0000] {processor.py:840} INFO - DAG(s) 'example_dag_decorator' retrieved from /home/airflow/.local/lib/python3.12/site-packages/airflow/example_dags/example_dag_decorator.py
[2024-04-21T15:17:50.094+0000] {logging_mixin.py:188} INFO - [2024-04-21T15:17:50.094+0000] {dag.py:3096} INFO - Sync 1 DAGs
[2024-04-21T15:17:50.098+0000] {logging_mixin.py:188} INFO - [2024-04-21T15:17:50.098+0000] {dag.py:3954} INFO - Setting next_dagrun for example_dag_decorator to None, run_after=None
[2024-04-21T15:17:50.105+0000] {processor.py:183} INFO - Processing /home/airflow/.local/lib/python3.12/site-packages/airflow/example_dags/example_dag_decorator.py took 0.107 seconds
[2024-04-21T15:18:20.226+0000] {processor.py:161} INFO - Started process (PID=17068) to work on /home/airflow/.local/lib/python3.12/site-packages/airflow/example_dags/example_dag_decorator.py
[2024-04-21T15:18:20.227+0000] {processor.py:830} INFO - Processing file /home/airflow/.local/lib/python3.12/site-packages/airflow/example_dags/example_dag_decorator.py for tasks to queue
[2024-04-21T15:18:20.228+0000] {logging_mixin.py:188} INFO - [2024-04-21T15:18:20.227+0000] {dagbag.py:540} INFO - Filling up the DagBag from /home/airflow/.local/lib/python3.12/site-packages/airflow/example_dags/example_dag_decorator.py
[2024-04-21T15:18:20.263+0000] {processor.py:840} INFO - DAG(s) 'example_dag_decorator' retrieved from /home/airflow/.local/lib/python3.12/site-packages/airflow/example_dags/example_dag_decorator.py
[2024-04-21T15:18:20.309+0000] {logging_mixin.py:188} INFO - [2024-04-21T15:18:20.309+0000] {dag.py:3096} INFO - Sync 1 DAGs
[2024-04-21T15:18:20.314+0000] {logging_mixin.py:188} INFO - [2024-04-21T15:18:20.314+0000] {dag.py:3954} INFO - Setting next_dagrun for example_dag_decorator to None, run_after=None
[2024-04-21T15:18:20.321+0000] {processor.py:183} INFO - Processing /home/airflow/.local/lib/python3.12/site-packages/airflow/example_dags/example_dag_decorator.py took 0.098 seconds
[2024-04-21T15:18:51.200+0000] {processor.py:161} INFO - Started process (PID=17338) to work on /home/airflow/.local/lib/python3.12/site-packages/airflow/example_dags/example_dag_decorator.py
[2024-04-21T15:18:51.200+0000] {processor.py:830} INFO - Processing file /home/airflow/.local/lib/python3.12/site-packages/airflow/example_dags/example_dag_decorator.py for tasks to queue
[2024-04-21T15:18:51.201+0000] {logging_mixin.py:188} INFO - [2024-04-21T15:18:51.201+0000] {dagbag.py:540} INFO - Filling up the DagBag from /home/airflow/.local/lib/python3.12/site-packages/airflow/example_dags/example_dag_decorator.py
[2024-04-21T15:18:51.239+0000] {processor.py:840} INFO - DAG(s) 'example_dag_decorator' retrieved from /home/airflow/.local/lib/python3.12/site-packages/airflow/example_dags/example_dag_decorator.py
[2024-04-21T15:18:51.285+0000] {logging_mixin.py:188} INFO - [2024-04-21T15:18:51.285+0000] {dag.py:3096} INFO - Sync 1 DAGs
[2024-04-21T15:18:51.290+0000] {logging_mixin.py:188} INFO - [2024-04-21T15:18:51.290+0000] {dag.py:3954} INFO - Setting next_dagrun for example_dag_decorator to None, run_after=None
[2024-04-21T15:18:51.298+0000] {processor.py:183} INFO - Processing /home/airflow/.local/lib/python3.12/site-packages/airflow/example_dags/example_dag_decorator.py took 0.101 seconds
[2024-04-21T15:19:22.170+0000] {processor.py:161} INFO - Started process (PID=17605) to work on /home/airflow/.local/lib/python3.12/site-packages/airflow/example_dags/example_dag_decorator.py
[2024-04-21T15:19:22.171+0000] {processor.py:830} INFO - Processing file /home/airflow/.local/lib/python3.12/site-packages/airflow/example_dags/example_dag_decorator.py for tasks to queue
[2024-04-21T15:19:22.172+0000] {logging_mixin.py:188} INFO - [2024-04-21T15:19:22.172+0000] {dagbag.py:540} INFO - Filling up the DagBag from /home/airflow/.local/lib/python3.12/site-packages/airflow/example_dags/example_dag_decorator.py
[2024-04-21T15:19:22.210+0000] {processor.py:840} INFO - DAG(s) 'example_dag_decorator' retrieved from /home/airflow/.local/lib/python3.12/site-packages/airflow/example_dags/example_dag_decorator.py
[2024-04-21T15:19:22.256+0000] {logging_mixin.py:188} INFO - [2024-04-21T15:19:22.255+0000] {dag.py:3096} INFO - Sync 1 DAGs
[2024-04-21T15:19:22.260+0000] {logging_mixin.py:188} INFO - [2024-04-21T15:19:22.260+0000] {dag.py:3954} INFO - Setting next_dagrun for example_dag_decorator to None, run_after=None
[2024-04-21T15:19:22.268+0000] {processor.py:183} INFO - Processing /home/airflow/.local/lib/python3.12/site-packages/airflow/example_dags/example_dag_decorator.py took 0.102 seconds
[2024-04-21T15:19:52.356+0000] {processor.py:161} INFO - Started process (PID=17872) to work on /home/airflow/.local/lib/python3.12/site-packages/airflow/example_dags/example_dag_decorator.py
[2024-04-21T15:19:52.356+0000] {processor.py:830} INFO - Processing file /home/airflow/.local/lib/python3.12/site-packages/airflow/example_dags/example_dag_decorator.py for tasks to queue
[2024-04-21T15:19:52.358+0000] {logging_mixin.py:188} INFO - [2024-04-21T15:19:52.357+0000] {dagbag.py:540} INFO - Filling up the DagBag from /home/airflow/.local/lib/python3.12/site-packages/airflow/example_dags/example_dag_decorator.py
[2024-04-21T15:19:52.399+0000] {processor.py:840} INFO - DAG(s) 'example_dag_decorator' retrieved from /home/airflow/.local/lib/python3.12/site-packages/airflow/example_dags/example_dag_decorator.py
[2024-04-21T15:19:52.413+0000] {logging_mixin.py:188} INFO - [2024-04-21T15:19:52.413+0000] {dag.py:3096} INFO - Sync 1 DAGs
[2024-04-21T15:19:52.419+0000] {logging_mixin.py:188} INFO - [2024-04-21T15:19:52.419+0000] {dag.py:3954} INFO - Setting next_dagrun for example_dag_decorator to None, run_after=None
[2024-04-21T15:19:52.428+0000] {processor.py:183} INFO - Processing /home/airflow/.local/lib/python3.12/site-packages/airflow/example_dags/example_dag_decorator.py took 0.076 seconds
[2024-04-21T15:20:22.501+0000] {processor.py:161} INFO - Started process (PID=18140) to work on /home/airflow/.local/lib/python3.12/site-packages/airflow/example_dags/example_dag_decorator.py
[2024-04-21T15:20:22.502+0000] {processor.py:830} INFO - Processing file /home/airflow/.local/lib/python3.12/site-packages/airflow/example_dags/example_dag_decorator.py for tasks to queue
[2024-04-21T15:20:22.503+0000] {logging_mixin.py:188} INFO - [2024-04-21T15:20:22.503+0000] {dagbag.py:540} INFO - Filling up the DagBag from /home/airflow/.local/lib/python3.12/site-packages/airflow/example_dags/example_dag_decorator.py
[2024-04-21T15:20:22.542+0000] {processor.py:840} INFO - DAG(s) 'example_dag_decorator' retrieved from /home/airflow/.local/lib/python3.12/site-packages/airflow/example_dags/example_dag_decorator.py
[2024-04-21T15:20:22.554+0000] {logging_mixin.py:188} INFO - [2024-04-21T15:20:22.554+0000] {dag.py:3096} INFO - Sync 1 DAGs
[2024-04-21T15:20:22.559+0000] {logging_mixin.py:188} INFO - [2024-04-21T15:20:22.559+0000] {dag.py:3954} INFO - Setting next_dagrun for example_dag_decorator to None, run_after=None
[2024-04-21T15:20:22.567+0000] {processor.py:183} INFO - Processing /home/airflow/.local/lib/python3.12/site-packages/airflow/example_dags/example_dag_decorator.py took 0.069 seconds
