[2024-04-21T14:30:01.902+0000] {processor.py:161} INFO - Started process (PID=198) to work on /home/airflow/.local/lib/python3.12/site-packages/airflow/example_dags/example_time_delta_sensor_async.py
[2024-04-21T14:30:01.903+0000] {processor.py:830} INFO - Processing file /home/airflow/.local/lib/python3.12/site-packages/airflow/example_dags/example_time_delta_sensor_async.py for tasks to queue
[2024-04-21T14:30:01.904+0000] {logging_mixin.py:188} INFO - [2024-04-21T14:30:01.904+0000] {dagbag.py:540} INFO - Filling up the DagBag from /home/airflow/.local/lib/python3.12/site-packages/airflow/example_dags/example_time_delta_sensor_async.py
[2024-04-21T14:30:01.909+0000] {processor.py:840} INFO - DAG(s) 'example_time_delta_sensor_async' retrieved from /home/airflow/.local/lib/python3.12/site-packages/airflow/example_dags/example_time_delta_sensor_async.py
[2024-04-21T14:30:01.922+0000] {logging_mixin.py:188} INFO - [2024-04-21T14:30:01.922+0000] {dag.py:3096} INFO - Sync 1 DAGs
[2024-04-21T14:30:01.931+0000] {logging_mixin.py:188} INFO - [2024-04-21T14:30:01.931+0000] {dag.py:3954} INFO - Setting next_dagrun for example_time_delta_sensor_async to None, run_after=None
[2024-04-21T14:30:01.944+0000] {processor.py:183} INFO - Processing /home/airflow/.local/lib/python3.12/site-packages/airflow/example_dags/example_time_delta_sensor_async.py took 0.046 seconds
[2024-04-21T14:30:32.341+0000] {processor.py:161} INFO - Started process (PID=458) to work on /home/airflow/.local/lib/python3.12/site-packages/airflow/example_dags/example_time_delta_sensor_async.py
[2024-04-21T14:30:32.342+0000] {processor.py:830} INFO - Processing file /home/airflow/.local/lib/python3.12/site-packages/airflow/example_dags/example_time_delta_sensor_async.py for tasks to queue
[2024-04-21T14:30:32.344+0000] {logging_mixin.py:188} INFO - [2024-04-21T14:30:32.343+0000] {dagbag.py:540} INFO - Filling up the DagBag from /home/airflow/.local/lib/python3.12/site-packages/airflow/example_dags/example_time_delta_sensor_async.py
[2024-04-21T14:30:32.348+0000] {processor.py:840} INFO - DAG(s) 'example_time_delta_sensor_async' retrieved from /home/airflow/.local/lib/python3.12/site-packages/airflow/example_dags/example_time_delta_sensor_async.py
[2024-04-21T14:30:32.416+0000] {logging_mixin.py:188} INFO - [2024-04-21T14:30:32.416+0000] {dag.py:3096} INFO - Sync 1 DAGs
[2024-04-21T14:30:32.422+0000] {logging_mixin.py:188} INFO - [2024-04-21T14:30:32.422+0000] {dag.py:3954} INFO - Setting next_dagrun for example_time_delta_sensor_async to None, run_after=None
[2024-04-21T14:30:32.433+0000] {processor.py:183} INFO - Processing /home/airflow/.local/lib/python3.12/site-packages/airflow/example_dags/example_time_delta_sensor_async.py took 0.097 seconds
[2024-04-21T14:31:02.459+0000] {processor.py:161} INFO - Started process (PID=722) to work on /home/airflow/.local/lib/python3.12/site-packages/airflow/example_dags/example_time_delta_sensor_async.py
[2024-04-21T14:31:02.460+0000] {processor.py:830} INFO - Processing file /home/airflow/.local/lib/python3.12/site-packages/airflow/example_dags/example_time_delta_sensor_async.py for tasks to queue
[2024-04-21T14:31:02.461+0000] {logging_mixin.py:188} INFO - [2024-04-21T14:31:02.461+0000] {dagbag.py:540} INFO - Filling up the DagBag from /home/airflow/.local/lib/python3.12/site-packages/airflow/example_dags/example_time_delta_sensor_async.py
[2024-04-21T14:31:02.465+0000] {processor.py:840} INFO - DAG(s) 'example_time_delta_sensor_async' retrieved from /home/airflow/.local/lib/python3.12/site-packages/airflow/example_dags/example_time_delta_sensor_async.py
[2024-04-21T14:31:02.481+0000] {logging_mixin.py:188} INFO - [2024-04-21T14:31:02.481+0000] {dag.py:3096} INFO - Sync 1 DAGs
[2024-04-21T14:31:02.489+0000] {logging_mixin.py:188} INFO - [2024-04-21T14:31:02.488+0000] {dag.py:3954} INFO - Setting next_dagrun for example_time_delta_sensor_async to None, run_after=None
[2024-04-21T14:31:02.498+0000] {processor.py:183} INFO - Processing /home/airflow/.local/lib/python3.12/site-packages/airflow/example_dags/example_time_delta_sensor_async.py took 0.043 seconds
[2024-04-21T14:31:33.115+0000] {processor.py:161} INFO - Started process (PID=981) to work on /home/airflow/.local/lib/python3.12/site-packages/airflow/example_dags/example_time_delta_sensor_async.py
[2024-04-21T14:31:33.116+0000] {processor.py:830} INFO - Processing file /home/airflow/.local/lib/python3.12/site-packages/airflow/example_dags/example_time_delta_sensor_async.py for tasks to queue
[2024-04-21T14:31:33.117+0000] {logging_mixin.py:188} INFO - [2024-04-21T14:31:33.117+0000] {dagbag.py:540} INFO - Filling up the DagBag from /home/airflow/.local/lib/python3.12/site-packages/airflow/example_dags/example_time_delta_sensor_async.py
[2024-04-21T14:31:33.120+0000] {processor.py:840} INFO - DAG(s) 'example_time_delta_sensor_async' retrieved from /home/airflow/.local/lib/python3.12/site-packages/airflow/example_dags/example_time_delta_sensor_async.py
[2024-04-21T14:31:33.137+0000] {logging_mixin.py:188} INFO - [2024-04-21T14:31:33.137+0000] {dag.py:3096} INFO - Sync 1 DAGs
[2024-04-21T14:31:33.144+0000] {logging_mixin.py:188} INFO - [2024-04-21T14:31:33.144+0000] {dag.py:3954} INFO - Setting next_dagrun for example_time_delta_sensor_async to None, run_after=None
[2024-04-21T14:31:33.155+0000] {processor.py:183} INFO - Processing /home/airflow/.local/lib/python3.12/site-packages/airflow/example_dags/example_time_delta_sensor_async.py took 0.044 seconds
[2024-04-21T14:32:03.848+0000] {processor.py:161} INFO - Started process (PID=1242) to work on /home/airflow/.local/lib/python3.12/site-packages/airflow/example_dags/example_time_delta_sensor_async.py
[2024-04-21T14:32:03.849+0000] {processor.py:830} INFO - Processing file /home/airflow/.local/lib/python3.12/site-packages/airflow/example_dags/example_time_delta_sensor_async.py for tasks to queue
[2024-04-21T14:32:03.850+0000] {logging_mixin.py:188} INFO - [2024-04-21T14:32:03.850+0000] {dagbag.py:540} INFO - Filling up the DagBag from /home/airflow/.local/lib/python3.12/site-packages/airflow/example_dags/example_time_delta_sensor_async.py
[2024-04-21T14:32:03.853+0000] {processor.py:840} INFO - DAG(s) 'example_time_delta_sensor_async' retrieved from /home/airflow/.local/lib/python3.12/site-packages/airflow/example_dags/example_time_delta_sensor_async.py
[2024-04-21T14:32:03.871+0000] {logging_mixin.py:188} INFO - [2024-04-21T14:32:03.871+0000] {dag.py:3096} INFO - Sync 1 DAGs
[2024-04-21T14:32:03.879+0000] {logging_mixin.py:188} INFO - [2024-04-21T14:32:03.879+0000] {dag.py:3954} INFO - Setting next_dagrun for example_time_delta_sensor_async to None, run_after=None
[2024-04-21T14:32:03.890+0000] {processor.py:183} INFO - Processing /home/airflow/.local/lib/python3.12/site-packages/airflow/example_dags/example_time_delta_sensor_async.py took 0.046 seconds
[2024-04-21T14:32:34.207+0000] {processor.py:161} INFO - Started process (PID=1504) to work on /home/airflow/.local/lib/python3.12/site-packages/airflow/example_dags/example_time_delta_sensor_async.py
[2024-04-21T14:32:34.208+0000] {processor.py:830} INFO - Processing file /home/airflow/.local/lib/python3.12/site-packages/airflow/example_dags/example_time_delta_sensor_async.py for tasks to queue
[2024-04-21T14:32:34.209+0000] {logging_mixin.py:188} INFO - [2024-04-21T14:32:34.209+0000] {dagbag.py:540} INFO - Filling up the DagBag from /home/airflow/.local/lib/python3.12/site-packages/airflow/example_dags/example_time_delta_sensor_async.py
[2024-04-21T14:32:34.212+0000] {processor.py:840} INFO - DAG(s) 'example_time_delta_sensor_async' retrieved from /home/airflow/.local/lib/python3.12/site-packages/airflow/example_dags/example_time_delta_sensor_async.py
[2024-04-21T14:32:34.229+0000] {logging_mixin.py:188} INFO - [2024-04-21T14:32:34.229+0000] {dag.py:3096} INFO - Sync 1 DAGs
[2024-04-21T14:32:34.236+0000] {logging_mixin.py:188} INFO - [2024-04-21T14:32:34.236+0000] {dag.py:3954} INFO - Setting next_dagrun for example_time_delta_sensor_async to None, run_after=None
[2024-04-21T14:32:34.247+0000] {processor.py:183} INFO - Processing /home/airflow/.local/lib/python3.12/site-packages/airflow/example_dags/example_time_delta_sensor_async.py took 0.044 seconds
[2024-04-21T14:33:04.721+0000] {processor.py:161} INFO - Started process (PID=1766) to work on /home/airflow/.local/lib/python3.12/site-packages/airflow/example_dags/example_time_delta_sensor_async.py
[2024-04-21T14:33:04.722+0000] {processor.py:830} INFO - Processing file /home/airflow/.local/lib/python3.12/site-packages/airflow/example_dags/example_time_delta_sensor_async.py for tasks to queue
[2024-04-21T14:33:04.723+0000] {logging_mixin.py:188} INFO - [2024-04-21T14:33:04.723+0000] {dagbag.py:540} INFO - Filling up the DagBag from /home/airflow/.local/lib/python3.12/site-packages/airflow/example_dags/example_time_delta_sensor_async.py
[2024-04-21T14:33:04.726+0000] {processor.py:840} INFO - DAG(s) 'example_time_delta_sensor_async' retrieved from /home/airflow/.local/lib/python3.12/site-packages/airflow/example_dags/example_time_delta_sensor_async.py
[2024-04-21T14:33:04.744+0000] {logging_mixin.py:188} INFO - [2024-04-21T14:33:04.744+0000] {dag.py:3096} INFO - Sync 1 DAGs
[2024-04-21T14:33:04.752+0000] {logging_mixin.py:188} INFO - [2024-04-21T14:33:04.752+0000] {dag.py:3954} INFO - Setting next_dagrun for example_time_delta_sensor_async to None, run_after=None
[2024-04-21T14:33:04.763+0000] {processor.py:183} INFO - Processing /home/airflow/.local/lib/python3.12/site-packages/airflow/example_dags/example_time_delta_sensor_async.py took 0.046 seconds
[2024-04-21T14:33:35.276+0000] {processor.py:161} INFO - Started process (PID=2029) to work on /home/airflow/.local/lib/python3.12/site-packages/airflow/example_dags/example_time_delta_sensor_async.py
[2024-04-21T14:33:35.276+0000] {processor.py:830} INFO - Processing file /home/airflow/.local/lib/python3.12/site-packages/airflow/example_dags/example_time_delta_sensor_async.py for tasks to queue
[2024-04-21T14:33:35.278+0000] {logging_mixin.py:188} INFO - [2024-04-21T14:33:35.277+0000] {dagbag.py:540} INFO - Filling up the DagBag from /home/airflow/.local/lib/python3.12/site-packages/airflow/example_dags/example_time_delta_sensor_async.py
[2024-04-21T14:33:35.281+0000] {processor.py:840} INFO - DAG(s) 'example_time_delta_sensor_async' retrieved from /home/airflow/.local/lib/python3.12/site-packages/airflow/example_dags/example_time_delta_sensor_async.py
[2024-04-21T14:33:35.297+0000] {logging_mixin.py:188} INFO - [2024-04-21T14:33:35.297+0000] {dag.py:3096} INFO - Sync 1 DAGs
[2024-04-21T14:33:35.304+0000] {logging_mixin.py:188} INFO - [2024-04-21T14:33:35.304+0000] {dag.py:3954} INFO - Setting next_dagrun for example_time_delta_sensor_async to None, run_after=None
[2024-04-21T14:33:35.314+0000] {processor.py:183} INFO - Processing /home/airflow/.local/lib/python3.12/site-packages/airflow/example_dags/example_time_delta_sensor_async.py took 0.042 seconds
[2024-04-21T14:34:05.860+0000] {processor.py:161} INFO - Started process (PID=2292) to work on /home/airflow/.local/lib/python3.12/site-packages/airflow/example_dags/example_time_delta_sensor_async.py
[2024-04-21T14:34:05.861+0000] {processor.py:830} INFO - Processing file /home/airflow/.local/lib/python3.12/site-packages/airflow/example_dags/example_time_delta_sensor_async.py for tasks to queue
[2024-04-21T14:34:05.862+0000] {logging_mixin.py:188} INFO - [2024-04-21T14:34:05.862+0000] {dagbag.py:540} INFO - Filling up the DagBag from /home/airflow/.local/lib/python3.12/site-packages/airflow/example_dags/example_time_delta_sensor_async.py
[2024-04-21T14:34:05.865+0000] {processor.py:840} INFO - DAG(s) 'example_time_delta_sensor_async' retrieved from /home/airflow/.local/lib/python3.12/site-packages/airflow/example_dags/example_time_delta_sensor_async.py
[2024-04-21T14:34:05.882+0000] {logging_mixin.py:188} INFO - [2024-04-21T14:34:05.882+0000] {dag.py:3096} INFO - Sync 1 DAGs
[2024-04-21T14:34:05.891+0000] {logging_mixin.py:188} INFO - [2024-04-21T14:34:05.890+0000] {dag.py:3954} INFO - Setting next_dagrun for example_time_delta_sensor_async to None, run_after=None
[2024-04-21T14:34:05.902+0000] {processor.py:183} INFO - Processing /home/airflow/.local/lib/python3.12/site-packages/airflow/example_dags/example_time_delta_sensor_async.py took 0.047 seconds
[2024-04-21T14:34:36.233+0000] {processor.py:161} INFO - Started process (PID=2549) to work on /home/airflow/.local/lib/python3.12/site-packages/airflow/example_dags/example_time_delta_sensor_async.py
[2024-04-21T14:34:36.234+0000] {processor.py:830} INFO - Processing file /home/airflow/.local/lib/python3.12/site-packages/airflow/example_dags/example_time_delta_sensor_async.py for tasks to queue
[2024-04-21T14:34:36.236+0000] {logging_mixin.py:188} INFO - [2024-04-21T14:34:36.235+0000] {dagbag.py:540} INFO - Filling up the DagBag from /home/airflow/.local/lib/python3.12/site-packages/airflow/example_dags/example_time_delta_sensor_async.py
[2024-04-21T14:34:36.239+0000] {processor.py:840} INFO - DAG(s) 'example_time_delta_sensor_async' retrieved from /home/airflow/.local/lib/python3.12/site-packages/airflow/example_dags/example_time_delta_sensor_async.py
[2024-04-21T14:34:36.254+0000] {logging_mixin.py:188} INFO - [2024-04-21T14:34:36.254+0000] {dag.py:3096} INFO - Sync 1 DAGs
[2024-04-21T14:34:36.263+0000] {logging_mixin.py:188} INFO - [2024-04-21T14:34:36.262+0000] {dag.py:3954} INFO - Setting next_dagrun for example_time_delta_sensor_async to None, run_after=None
[2024-04-21T14:34:36.275+0000] {processor.py:183} INFO - Processing /home/airflow/.local/lib/python3.12/site-packages/airflow/example_dags/example_time_delta_sensor_async.py took 0.045 seconds
[2024-04-21T14:36:10.037+0000] {processor.py:161} INFO - Started process (PID=2823) to work on /home/airflow/.local/lib/python3.12/site-packages/airflow/example_dags/example_time_delta_sensor_async.py
[2024-04-21T14:36:10.037+0000] {processor.py:830} INFO - Processing file /home/airflow/.local/lib/python3.12/site-packages/airflow/example_dags/example_time_delta_sensor_async.py for tasks to queue
[2024-04-21T14:36:10.039+0000] {logging_mixin.py:188} INFO - [2024-04-21T14:36:10.038+0000] {dagbag.py:540} INFO - Filling up the DagBag from /home/airflow/.local/lib/python3.12/site-packages/airflow/example_dags/example_time_delta_sensor_async.py
[2024-04-21T14:36:10.041+0000] {processor.py:840} INFO - DAG(s) 'example_time_delta_sensor_async' retrieved from /home/airflow/.local/lib/python3.12/site-packages/airflow/example_dags/example_time_delta_sensor_async.py
[2024-04-21T14:36:10.053+0000] {logging_mixin.py:188} INFO - [2024-04-21T14:36:10.053+0000] {dag.py:3096} INFO - Sync 1 DAGs
[2024-04-21T14:36:10.059+0000] {logging_mixin.py:188} INFO - [2024-04-21T14:36:10.059+0000] {dag.py:3954} INFO - Setting next_dagrun for example_time_delta_sensor_async to None, run_after=None
[2024-04-21T14:36:10.066+0000] {processor.py:183} INFO - Processing /home/airflow/.local/lib/python3.12/site-packages/airflow/example_dags/example_time_delta_sensor_async.py took 0.033 seconds
[2024-04-21T14:36:40.215+0000] {processor.py:161} INFO - Started process (PID=3092) to work on /home/airflow/.local/lib/python3.12/site-packages/airflow/example_dags/example_time_delta_sensor_async.py
[2024-04-21T14:36:40.216+0000] {processor.py:830} INFO - Processing file /home/airflow/.local/lib/python3.12/site-packages/airflow/example_dags/example_time_delta_sensor_async.py for tasks to queue
[2024-04-21T14:36:40.217+0000] {logging_mixin.py:188} INFO - [2024-04-21T14:36:40.217+0000] {dagbag.py:540} INFO - Filling up the DagBag from /home/airflow/.local/lib/python3.12/site-packages/airflow/example_dags/example_time_delta_sensor_async.py
[2024-04-21T14:36:40.219+0000] {processor.py:840} INFO - DAG(s) 'example_time_delta_sensor_async' retrieved from /home/airflow/.local/lib/python3.12/site-packages/airflow/example_dags/example_time_delta_sensor_async.py
[2024-04-21T14:36:40.232+0000] {logging_mixin.py:188} INFO - [2024-04-21T14:36:40.232+0000] {dag.py:3096} INFO - Sync 1 DAGs
[2024-04-21T14:36:40.237+0000] {logging_mixin.py:188} INFO - [2024-04-21T14:36:40.237+0000] {dag.py:3954} INFO - Setting next_dagrun for example_time_delta_sensor_async to None, run_after=None
[2024-04-21T14:36:40.244+0000] {processor.py:183} INFO - Processing /home/airflow/.local/lib/python3.12/site-packages/airflow/example_dags/example_time_delta_sensor_async.py took 0.032 seconds
[2024-04-21T14:37:10.427+0000] {processor.py:161} INFO - Started process (PID=3357) to work on /home/airflow/.local/lib/python3.12/site-packages/airflow/example_dags/example_time_delta_sensor_async.py
[2024-04-21T14:37:10.427+0000] {processor.py:830} INFO - Processing file /home/airflow/.local/lib/python3.12/site-packages/airflow/example_dags/example_time_delta_sensor_async.py for tasks to queue
[2024-04-21T14:37:10.428+0000] {logging_mixin.py:188} INFO - [2024-04-21T14:37:10.428+0000] {dagbag.py:540} INFO - Filling up the DagBag from /home/airflow/.local/lib/python3.12/site-packages/airflow/example_dags/example_time_delta_sensor_async.py
[2024-04-21T14:37:10.431+0000] {processor.py:840} INFO - DAG(s) 'example_time_delta_sensor_async' retrieved from /home/airflow/.local/lib/python3.12/site-packages/airflow/example_dags/example_time_delta_sensor_async.py
[2024-04-21T14:37:10.443+0000] {logging_mixin.py:188} INFO - [2024-04-21T14:37:10.443+0000] {dag.py:3096} INFO - Sync 1 DAGs
[2024-04-21T14:37:10.449+0000] {logging_mixin.py:188} INFO - [2024-04-21T14:37:10.448+0000] {dag.py:3954} INFO - Setting next_dagrun for example_time_delta_sensor_async to None, run_after=None
[2024-04-21T14:37:10.456+0000] {processor.py:183} INFO - Processing /home/airflow/.local/lib/python3.12/site-packages/airflow/example_dags/example_time_delta_sensor_async.py took 0.032 seconds
[2024-04-21T14:37:40.544+0000] {processor.py:161} INFO - Started process (PID=3624) to work on /home/airflow/.local/lib/python3.12/site-packages/airflow/example_dags/example_time_delta_sensor_async.py
[2024-04-21T14:37:40.545+0000] {processor.py:830} INFO - Processing file /home/airflow/.local/lib/python3.12/site-packages/airflow/example_dags/example_time_delta_sensor_async.py for tasks to queue
[2024-04-21T14:37:40.546+0000] {logging_mixin.py:188} INFO - [2024-04-21T14:37:40.545+0000] {dagbag.py:540} INFO - Filling up the DagBag from /home/airflow/.local/lib/python3.12/site-packages/airflow/example_dags/example_time_delta_sensor_async.py
[2024-04-21T14:37:40.548+0000] {processor.py:840} INFO - DAG(s) 'example_time_delta_sensor_async' retrieved from /home/airflow/.local/lib/python3.12/site-packages/airflow/example_dags/example_time_delta_sensor_async.py
[2024-04-21T14:37:40.560+0000] {logging_mixin.py:188} INFO - [2024-04-21T14:37:40.560+0000] {dag.py:3096} INFO - Sync 1 DAGs
[2024-04-21T14:37:40.565+0000] {logging_mixin.py:188} INFO - [2024-04-21T14:37:40.565+0000] {dag.py:3954} INFO - Setting next_dagrun for example_time_delta_sensor_async to None, run_after=None
[2024-04-21T14:37:40.573+0000] {processor.py:183} INFO - Processing /home/airflow/.local/lib/python3.12/site-packages/airflow/example_dags/example_time_delta_sensor_async.py took 0.031 seconds
[2024-04-21T14:53:47.323+0000] {processor.py:161} INFO - Started process (PID=3893) to work on /home/airflow/.local/lib/python3.12/site-packages/airflow/example_dags/example_time_delta_sensor_async.py
[2024-04-21T14:53:47.324+0000] {processor.py:830} INFO - Processing file /home/airflow/.local/lib/python3.12/site-packages/airflow/example_dags/example_time_delta_sensor_async.py for tasks to queue
[2024-04-21T14:53:47.325+0000] {logging_mixin.py:188} INFO - [2024-04-21T14:53:47.325+0000] {dagbag.py:540} INFO - Filling up the DagBag from /home/airflow/.local/lib/python3.12/site-packages/airflow/example_dags/example_time_delta_sensor_async.py
[2024-04-21T14:53:47.327+0000] {processor.py:840} INFO - DAG(s) 'example_time_delta_sensor_async' retrieved from /home/airflow/.local/lib/python3.12/site-packages/airflow/example_dags/example_time_delta_sensor_async.py
[2024-04-21T14:53:47.339+0000] {logging_mixin.py:188} INFO - [2024-04-21T14:53:47.339+0000] {dag.py:3096} INFO - Sync 1 DAGs
[2024-04-21T14:53:47.345+0000] {logging_mixin.py:188} INFO - [2024-04-21T14:53:47.345+0000] {dag.py:3954} INFO - Setting next_dagrun for example_time_delta_sensor_async to None, run_after=None
[2024-04-21T14:53:47.353+0000] {processor.py:183} INFO - Processing /home/airflow/.local/lib/python3.12/site-packages/airflow/example_dags/example_time_delta_sensor_async.py took 0.033 seconds
[2024-04-21T14:54:18.059+0000] {processor.py:161} INFO - Started process (PID=4160) to work on /home/airflow/.local/lib/python3.12/site-packages/airflow/example_dags/example_time_delta_sensor_async.py
[2024-04-21T14:54:18.060+0000] {processor.py:830} INFO - Processing file /home/airflow/.local/lib/python3.12/site-packages/airflow/example_dags/example_time_delta_sensor_async.py for tasks to queue
[2024-04-21T14:54:18.061+0000] {logging_mixin.py:188} INFO - [2024-04-21T14:54:18.060+0000] {dagbag.py:540} INFO - Filling up the DagBag from /home/airflow/.local/lib/python3.12/site-packages/airflow/example_dags/example_time_delta_sensor_async.py
[2024-04-21T14:54:18.063+0000] {processor.py:840} INFO - DAG(s) 'example_time_delta_sensor_async' retrieved from /home/airflow/.local/lib/python3.12/site-packages/airflow/example_dags/example_time_delta_sensor_async.py
[2024-04-21T14:54:18.075+0000] {logging_mixin.py:188} INFO - [2024-04-21T14:54:18.075+0000] {dag.py:3096} INFO - Sync 1 DAGs
[2024-04-21T14:54:18.080+0000] {logging_mixin.py:188} INFO - [2024-04-21T14:54:18.080+0000] {dag.py:3954} INFO - Setting next_dagrun for example_time_delta_sensor_async to None, run_after=None
[2024-04-21T14:54:18.088+0000] {processor.py:183} INFO - Processing /home/airflow/.local/lib/python3.12/site-packages/airflow/example_dags/example_time_delta_sensor_async.py took 0.031 seconds
[2024-04-21T14:54:48.188+0000] {processor.py:161} INFO - Started process (PID=4427) to work on /home/airflow/.local/lib/python3.12/site-packages/airflow/example_dags/example_time_delta_sensor_async.py
[2024-04-21T14:54:48.188+0000] {processor.py:830} INFO - Processing file /home/airflow/.local/lib/python3.12/site-packages/airflow/example_dags/example_time_delta_sensor_async.py for tasks to queue
[2024-04-21T14:54:48.189+0000] {logging_mixin.py:188} INFO - [2024-04-21T14:54:48.189+0000] {dagbag.py:540} INFO - Filling up the DagBag from /home/airflow/.local/lib/python3.12/site-packages/airflow/example_dags/example_time_delta_sensor_async.py
[2024-04-21T14:54:48.192+0000] {processor.py:840} INFO - DAG(s) 'example_time_delta_sensor_async' retrieved from /home/airflow/.local/lib/python3.12/site-packages/airflow/example_dags/example_time_delta_sensor_async.py
[2024-04-21T14:54:48.203+0000] {logging_mixin.py:188} INFO - [2024-04-21T14:54:48.203+0000] {dag.py:3096} INFO - Sync 1 DAGs
[2024-04-21T14:54:48.209+0000] {logging_mixin.py:188} INFO - [2024-04-21T14:54:48.209+0000] {dag.py:3954} INFO - Setting next_dagrun for example_time_delta_sensor_async to None, run_after=None
[2024-04-21T14:54:48.217+0000] {processor.py:183} INFO - Processing /home/airflow/.local/lib/python3.12/site-packages/airflow/example_dags/example_time_delta_sensor_async.py took 0.032 seconds
[2024-04-21T14:55:19.190+0000] {processor.py:161} INFO - Started process (PID=4694) to work on /home/airflow/.local/lib/python3.12/site-packages/airflow/example_dags/example_time_delta_sensor_async.py
[2024-04-21T14:55:19.191+0000] {processor.py:830} INFO - Processing file /home/airflow/.local/lib/python3.12/site-packages/airflow/example_dags/example_time_delta_sensor_async.py for tasks to queue
[2024-04-21T14:55:19.192+0000] {logging_mixin.py:188} INFO - [2024-04-21T14:55:19.191+0000] {dagbag.py:540} INFO - Filling up the DagBag from /home/airflow/.local/lib/python3.12/site-packages/airflow/example_dags/example_time_delta_sensor_async.py
[2024-04-21T14:55:19.194+0000] {processor.py:840} INFO - DAG(s) 'example_time_delta_sensor_async' retrieved from /home/airflow/.local/lib/python3.12/site-packages/airflow/example_dags/example_time_delta_sensor_async.py
[2024-04-21T14:55:19.206+0000] {logging_mixin.py:188} INFO - [2024-04-21T14:55:19.206+0000] {dag.py:3096} INFO - Sync 1 DAGs
[2024-04-21T14:55:19.211+0000] {logging_mixin.py:188} INFO - [2024-04-21T14:55:19.211+0000] {dag.py:3954} INFO - Setting next_dagrun for example_time_delta_sensor_async to None, run_after=None
[2024-04-21T14:55:19.220+0000] {processor.py:183} INFO - Processing /home/airflow/.local/lib/python3.12/site-packages/airflow/example_dags/example_time_delta_sensor_async.py took 0.033 seconds
[2024-04-21T14:55:50.037+0000] {processor.py:161} INFO - Started process (PID=4961) to work on /home/airflow/.local/lib/python3.12/site-packages/airflow/example_dags/example_time_delta_sensor_async.py
[2024-04-21T14:55:50.038+0000] {processor.py:830} INFO - Processing file /home/airflow/.local/lib/python3.12/site-packages/airflow/example_dags/example_time_delta_sensor_async.py for tasks to queue
[2024-04-21T14:55:50.038+0000] {logging_mixin.py:188} INFO - [2024-04-21T14:55:50.038+0000] {dagbag.py:540} INFO - Filling up the DagBag from /home/airflow/.local/lib/python3.12/site-packages/airflow/example_dags/example_time_delta_sensor_async.py
[2024-04-21T14:55:50.041+0000] {processor.py:840} INFO - DAG(s) 'example_time_delta_sensor_async' retrieved from /home/airflow/.local/lib/python3.12/site-packages/airflow/example_dags/example_time_delta_sensor_async.py
[2024-04-21T14:55:50.053+0000] {logging_mixin.py:188} INFO - [2024-04-21T14:55:50.053+0000] {dag.py:3096} INFO - Sync 1 DAGs
[2024-04-21T14:55:50.059+0000] {logging_mixin.py:188} INFO - [2024-04-21T14:55:50.059+0000] {dag.py:3954} INFO - Setting next_dagrun for example_time_delta_sensor_async to None, run_after=None
[2024-04-21T14:55:50.066+0000] {processor.py:183} INFO - Processing /home/airflow/.local/lib/python3.12/site-packages/airflow/example_dags/example_time_delta_sensor_async.py took 0.032 seconds
[2024-04-21T14:56:20.846+0000] {processor.py:161} INFO - Started process (PID=5228) to work on /home/airflow/.local/lib/python3.12/site-packages/airflow/example_dags/example_time_delta_sensor_async.py
[2024-04-21T14:56:20.847+0000] {processor.py:830} INFO - Processing file /home/airflow/.local/lib/python3.12/site-packages/airflow/example_dags/example_time_delta_sensor_async.py for tasks to queue
[2024-04-21T14:56:20.848+0000] {logging_mixin.py:188} INFO - [2024-04-21T14:56:20.848+0000] {dagbag.py:540} INFO - Filling up the DagBag from /home/airflow/.local/lib/python3.12/site-packages/airflow/example_dags/example_time_delta_sensor_async.py
[2024-04-21T14:56:20.850+0000] {processor.py:840} INFO - DAG(s) 'example_time_delta_sensor_async' retrieved from /home/airflow/.local/lib/python3.12/site-packages/airflow/example_dags/example_time_delta_sensor_async.py
[2024-04-21T14:56:20.863+0000] {logging_mixin.py:188} INFO - [2024-04-21T14:56:20.862+0000] {dag.py:3096} INFO - Sync 1 DAGs
[2024-04-21T14:56:20.868+0000] {logging_mixin.py:188} INFO - [2024-04-21T14:56:20.868+0000] {dag.py:3954} INFO - Setting next_dagrun for example_time_delta_sensor_async to None, run_after=None
[2024-04-21T14:56:20.876+0000] {processor.py:183} INFO - Processing /home/airflow/.local/lib/python3.12/site-packages/airflow/example_dags/example_time_delta_sensor_async.py took 0.032 seconds
[2024-04-21T14:56:51.714+0000] {processor.py:161} INFO - Started process (PID=5495) to work on /home/airflow/.local/lib/python3.12/site-packages/airflow/example_dags/example_time_delta_sensor_async.py
[2024-04-21T14:56:51.715+0000] {processor.py:830} INFO - Processing file /home/airflow/.local/lib/python3.12/site-packages/airflow/example_dags/example_time_delta_sensor_async.py for tasks to queue
[2024-04-21T14:56:51.716+0000] {logging_mixin.py:188} INFO - [2024-04-21T14:56:51.716+0000] {dagbag.py:540} INFO - Filling up the DagBag from /home/airflow/.local/lib/python3.12/site-packages/airflow/example_dags/example_time_delta_sensor_async.py
[2024-04-21T14:56:51.719+0000] {processor.py:840} INFO - DAG(s) 'example_time_delta_sensor_async' retrieved from /home/airflow/.local/lib/python3.12/site-packages/airflow/example_dags/example_time_delta_sensor_async.py
[2024-04-21T14:56:51.732+0000] {logging_mixin.py:188} INFO - [2024-04-21T14:56:51.732+0000] {dag.py:3096} INFO - Sync 1 DAGs
[2024-04-21T14:56:51.739+0000] {logging_mixin.py:188} INFO - [2024-04-21T14:56:51.739+0000] {dag.py:3954} INFO - Setting next_dagrun for example_time_delta_sensor_async to None, run_after=None
[2024-04-21T14:56:51.748+0000] {processor.py:183} INFO - Processing /home/airflow/.local/lib/python3.12/site-packages/airflow/example_dags/example_time_delta_sensor_async.py took 0.037 seconds
[2024-04-21T14:57:21.789+0000] {processor.py:161} INFO - Started process (PID=5762) to work on /home/airflow/.local/lib/python3.12/site-packages/airflow/example_dags/example_time_delta_sensor_async.py
[2024-04-21T14:57:21.789+0000] {processor.py:830} INFO - Processing file /home/airflow/.local/lib/python3.12/site-packages/airflow/example_dags/example_time_delta_sensor_async.py for tasks to queue
[2024-04-21T14:57:21.790+0000] {logging_mixin.py:188} INFO - [2024-04-21T14:57:21.790+0000] {dagbag.py:540} INFO - Filling up the DagBag from /home/airflow/.local/lib/python3.12/site-packages/airflow/example_dags/example_time_delta_sensor_async.py
[2024-04-21T14:57:21.793+0000] {processor.py:840} INFO - DAG(s) 'example_time_delta_sensor_async' retrieved from /home/airflow/.local/lib/python3.12/site-packages/airflow/example_dags/example_time_delta_sensor_async.py
[2024-04-21T14:57:21.805+0000] {logging_mixin.py:188} INFO - [2024-04-21T14:57:21.805+0000] {dag.py:3096} INFO - Sync 1 DAGs
[2024-04-21T14:57:21.810+0000] {logging_mixin.py:188} INFO - [2024-04-21T14:57:21.810+0000] {dag.py:3954} INFO - Setting next_dagrun for example_time_delta_sensor_async to None, run_after=None
[2024-04-21T14:57:21.818+0000] {processor.py:183} INFO - Processing /home/airflow/.local/lib/python3.12/site-packages/airflow/example_dags/example_time_delta_sensor_async.py took 0.032 seconds
[2024-04-21T14:57:52.041+0000] {processor.py:161} INFO - Started process (PID=6038) to work on /home/airflow/.local/lib/python3.12/site-packages/airflow/example_dags/example_time_delta_sensor_async.py
[2024-04-21T14:57:52.042+0000] {processor.py:830} INFO - Processing file /home/airflow/.local/lib/python3.12/site-packages/airflow/example_dags/example_time_delta_sensor_async.py for tasks to queue
[2024-04-21T14:57:52.043+0000] {logging_mixin.py:188} INFO - [2024-04-21T14:57:52.043+0000] {dagbag.py:540} INFO - Filling up the DagBag from /home/airflow/.local/lib/python3.12/site-packages/airflow/example_dags/example_time_delta_sensor_async.py
[2024-04-21T14:57:52.046+0000] {processor.py:840} INFO - DAG(s) 'example_time_delta_sensor_async' retrieved from /home/airflow/.local/lib/python3.12/site-packages/airflow/example_dags/example_time_delta_sensor_async.py
[2024-04-21T14:57:52.060+0000] {logging_mixin.py:188} INFO - [2024-04-21T14:57:52.060+0000] {dag.py:3096} INFO - Sync 1 DAGs
[2024-04-21T14:57:52.067+0000] {logging_mixin.py:188} INFO - [2024-04-21T14:57:52.066+0000] {dag.py:3954} INFO - Setting next_dagrun for example_time_delta_sensor_async to None, run_after=None
[2024-04-21T14:57:52.076+0000] {processor.py:183} INFO - Processing /home/airflow/.local/lib/python3.12/site-packages/airflow/example_dags/example_time_delta_sensor_async.py took 0.039 seconds
[2024-04-21T14:58:23.097+0000] {processor.py:161} INFO - Started process (PID=6304) to work on /home/airflow/.local/lib/python3.12/site-packages/airflow/example_dags/example_time_delta_sensor_async.py
[2024-04-21T14:58:23.098+0000] {processor.py:830} INFO - Processing file /home/airflow/.local/lib/python3.12/site-packages/airflow/example_dags/example_time_delta_sensor_async.py for tasks to queue
[2024-04-21T14:58:23.099+0000] {logging_mixin.py:188} INFO - [2024-04-21T14:58:23.099+0000] {dagbag.py:540} INFO - Filling up the DagBag from /home/airflow/.local/lib/python3.12/site-packages/airflow/example_dags/example_time_delta_sensor_async.py
[2024-04-21T14:58:23.102+0000] {processor.py:840} INFO - DAG(s) 'example_time_delta_sensor_async' retrieved from /home/airflow/.local/lib/python3.12/site-packages/airflow/example_dags/example_time_delta_sensor_async.py
[2024-04-21T14:58:23.114+0000] {logging_mixin.py:188} INFO - [2024-04-21T14:58:23.114+0000] {dag.py:3096} INFO - Sync 1 DAGs
[2024-04-21T14:58:23.120+0000] {logging_mixin.py:188} INFO - [2024-04-21T14:58:23.120+0000] {dag.py:3954} INFO - Setting next_dagrun for example_time_delta_sensor_async to None, run_after=None
[2024-04-21T14:58:23.128+0000] {processor.py:183} INFO - Processing /home/airflow/.local/lib/python3.12/site-packages/airflow/example_dags/example_time_delta_sensor_async.py took 0.034 seconds
[2024-04-21T14:58:53.706+0000] {processor.py:161} INFO - Started process (PID=6577) to work on /home/airflow/.local/lib/python3.12/site-packages/airflow/example_dags/example_time_delta_sensor_async.py
[2024-04-21T14:58:53.707+0000] {processor.py:830} INFO - Processing file /home/airflow/.local/lib/python3.12/site-packages/airflow/example_dags/example_time_delta_sensor_async.py for tasks to queue
[2024-04-21T14:58:53.708+0000] {logging_mixin.py:188} INFO - [2024-04-21T14:58:53.708+0000] {dagbag.py:540} INFO - Filling up the DagBag from /home/airflow/.local/lib/python3.12/site-packages/airflow/example_dags/example_time_delta_sensor_async.py
[2024-04-21T14:58:53.711+0000] {processor.py:840} INFO - DAG(s) 'example_time_delta_sensor_async' retrieved from /home/airflow/.local/lib/python3.12/site-packages/airflow/example_dags/example_time_delta_sensor_async.py
[2024-04-21T14:58:53.725+0000] {logging_mixin.py:188} INFO - [2024-04-21T14:58:53.725+0000] {dag.py:3096} INFO - Sync 1 DAGs
[2024-04-21T14:58:53.731+0000] {logging_mixin.py:188} INFO - [2024-04-21T14:58:53.731+0000] {dag.py:3954} INFO - Setting next_dagrun for example_time_delta_sensor_async to None, run_after=None
[2024-04-21T14:58:53.739+0000] {processor.py:183} INFO - Processing /home/airflow/.local/lib/python3.12/site-packages/airflow/example_dags/example_time_delta_sensor_async.py took 0.036 seconds
[2024-04-21T14:59:24.041+0000] {processor.py:161} INFO - Started process (PID=6848) to work on /home/airflow/.local/lib/python3.12/site-packages/airflow/example_dags/example_time_delta_sensor_async.py
[2024-04-21T14:59:24.042+0000] {processor.py:830} INFO - Processing file /home/airflow/.local/lib/python3.12/site-packages/airflow/example_dags/example_time_delta_sensor_async.py for tasks to queue
[2024-04-21T14:59:24.043+0000] {logging_mixin.py:188} INFO - [2024-04-21T14:59:24.043+0000] {dagbag.py:540} INFO - Filling up the DagBag from /home/airflow/.local/lib/python3.12/site-packages/airflow/example_dags/example_time_delta_sensor_async.py
[2024-04-21T14:59:24.045+0000] {processor.py:840} INFO - DAG(s) 'example_time_delta_sensor_async' retrieved from /home/airflow/.local/lib/python3.12/site-packages/airflow/example_dags/example_time_delta_sensor_async.py
[2024-04-21T14:59:24.137+0000] {logging_mixin.py:188} INFO - [2024-04-21T14:59:24.137+0000] {dag.py:3096} INFO - Sync 1 DAGs
[2024-04-21T14:59:24.142+0000] {logging_mixin.py:188} INFO - [2024-04-21T14:59:24.142+0000] {dag.py:3954} INFO - Setting next_dagrun for example_time_delta_sensor_async to None, run_after=None
[2024-04-21T14:59:24.149+0000] {processor.py:183} INFO - Processing /home/airflow/.local/lib/python3.12/site-packages/airflow/example_dags/example_time_delta_sensor_async.py took 0.111 seconds
[2024-04-21T14:59:55.087+0000] {processor.py:161} INFO - Started process (PID=7115) to work on /home/airflow/.local/lib/python3.12/site-packages/airflow/example_dags/example_time_delta_sensor_async.py
[2024-04-21T14:59:55.088+0000] {processor.py:830} INFO - Processing file /home/airflow/.local/lib/python3.12/site-packages/airflow/example_dags/example_time_delta_sensor_async.py for tasks to queue
[2024-04-21T14:59:55.090+0000] {logging_mixin.py:188} INFO - [2024-04-21T14:59:55.090+0000] {dagbag.py:540} INFO - Filling up the DagBag from /home/airflow/.local/lib/python3.12/site-packages/airflow/example_dags/example_time_delta_sensor_async.py
[2024-04-21T14:59:55.094+0000] {processor.py:840} INFO - DAG(s) 'example_time_delta_sensor_async' retrieved from /home/airflow/.local/lib/python3.12/site-packages/airflow/example_dags/example_time_delta_sensor_async.py
[2024-04-21T14:59:55.110+0000] {logging_mixin.py:188} INFO - [2024-04-21T14:59:55.110+0000] {dag.py:3096} INFO - Sync 1 DAGs
[2024-04-21T14:59:55.116+0000] {logging_mixin.py:188} INFO - [2024-04-21T14:59:55.116+0000] {dag.py:3954} INFO - Setting next_dagrun for example_time_delta_sensor_async to None, run_after=None
[2024-04-21T14:59:55.126+0000] {processor.py:183} INFO - Processing /home/airflow/.local/lib/python3.12/site-packages/airflow/example_dags/example_time_delta_sensor_async.py took 0.045 seconds
[2024-04-21T15:00:26.034+0000] {processor.py:161} INFO - Started process (PID=7409) to work on /home/airflow/.local/lib/python3.12/site-packages/airflow/example_dags/example_time_delta_sensor_async.py
[2024-04-21T15:00:26.034+0000] {processor.py:830} INFO - Processing file /home/airflow/.local/lib/python3.12/site-packages/airflow/example_dags/example_time_delta_sensor_async.py for tasks to queue
[2024-04-21T15:00:26.035+0000] {logging_mixin.py:188} INFO - [2024-04-21T15:00:26.035+0000] {dagbag.py:540} INFO - Filling up the DagBag from /home/airflow/.local/lib/python3.12/site-packages/airflow/example_dags/example_time_delta_sensor_async.py
[2024-04-21T15:00:26.038+0000] {processor.py:840} INFO - DAG(s) 'example_time_delta_sensor_async' retrieved from /home/airflow/.local/lib/python3.12/site-packages/airflow/example_dags/example_time_delta_sensor_async.py
[2024-04-21T15:00:26.051+0000] {logging_mixin.py:188} INFO - [2024-04-21T15:00:26.051+0000] {dag.py:3096} INFO - Sync 1 DAGs
[2024-04-21T15:00:26.056+0000] {logging_mixin.py:188} INFO - [2024-04-21T15:00:26.056+0000] {dag.py:3954} INFO - Setting next_dagrun for example_time_delta_sensor_async to None, run_after=None
[2024-04-21T15:00:26.064+0000] {processor.py:183} INFO - Processing /home/airflow/.local/lib/python3.12/site-packages/airflow/example_dags/example_time_delta_sensor_async.py took 0.033 seconds
[2024-04-21T15:00:56.926+0000] {processor.py:161} INFO - Started process (PID=7674) to work on /home/airflow/.local/lib/python3.12/site-packages/airflow/example_dags/example_time_delta_sensor_async.py
[2024-04-21T15:00:56.927+0000] {processor.py:830} INFO - Processing file /home/airflow/.local/lib/python3.12/site-packages/airflow/example_dags/example_time_delta_sensor_async.py for tasks to queue
[2024-04-21T15:00:56.930+0000] {logging_mixin.py:188} INFO - [2024-04-21T15:00:56.929+0000] {dagbag.py:540} INFO - Filling up the DagBag from /home/airflow/.local/lib/python3.12/site-packages/airflow/example_dags/example_time_delta_sensor_async.py
[2024-04-21T15:00:56.935+0000] {processor.py:840} INFO - DAG(s) 'example_time_delta_sensor_async' retrieved from /home/airflow/.local/lib/python3.12/site-packages/airflow/example_dags/example_time_delta_sensor_async.py
[2024-04-21T15:00:56.955+0000] {logging_mixin.py:188} INFO - [2024-04-21T15:00:56.954+0000] {dag.py:3096} INFO - Sync 1 DAGs
[2024-04-21T15:00:56.964+0000] {logging_mixin.py:188} INFO - [2024-04-21T15:00:56.964+0000] {dag.py:3954} INFO - Setting next_dagrun for example_time_delta_sensor_async to None, run_after=None
[2024-04-21T15:00:56.976+0000] {processor.py:183} INFO - Processing /home/airflow/.local/lib/python3.12/site-packages/airflow/example_dags/example_time_delta_sensor_async.py took 0.057 seconds
[2024-04-21T15:01:27.073+0000] {processor.py:161} INFO - Started process (PID=7941) to work on /home/airflow/.local/lib/python3.12/site-packages/airflow/example_dags/example_time_delta_sensor_async.py
[2024-04-21T15:01:27.074+0000] {processor.py:830} INFO - Processing file /home/airflow/.local/lib/python3.12/site-packages/airflow/example_dags/example_time_delta_sensor_async.py for tasks to queue
[2024-04-21T15:01:27.076+0000] {logging_mixin.py:188} INFO - [2024-04-21T15:01:27.075+0000] {dagbag.py:540} INFO - Filling up the DagBag from /home/airflow/.local/lib/python3.12/site-packages/airflow/example_dags/example_time_delta_sensor_async.py
[2024-04-21T15:01:27.081+0000] {processor.py:840} INFO - DAG(s) 'example_time_delta_sensor_async' retrieved from /home/airflow/.local/lib/python3.12/site-packages/airflow/example_dags/example_time_delta_sensor_async.py
[2024-04-21T15:01:27.102+0000] {logging_mixin.py:188} INFO - [2024-04-21T15:01:27.101+0000] {dag.py:3096} INFO - Sync 1 DAGs
[2024-04-21T15:01:27.109+0000] {logging_mixin.py:188} INFO - [2024-04-21T15:01:27.109+0000] {dag.py:3954} INFO - Setting next_dagrun for example_time_delta_sensor_async to None, run_after=None
[2024-04-21T15:01:27.118+0000] {processor.py:183} INFO - Processing /home/airflow/.local/lib/python3.12/site-packages/airflow/example_dags/example_time_delta_sensor_async.py took 0.052 seconds
[2024-04-21T15:01:57.287+0000] {processor.py:161} INFO - Started process (PID=8223) to work on /home/airflow/.local/lib/python3.12/site-packages/airflow/example_dags/example_time_delta_sensor_async.py
[2024-04-21T15:01:57.288+0000] {processor.py:830} INFO - Processing file /home/airflow/.local/lib/python3.12/site-packages/airflow/example_dags/example_time_delta_sensor_async.py for tasks to queue
[2024-04-21T15:01:57.289+0000] {logging_mixin.py:188} INFO - [2024-04-21T15:01:57.289+0000] {dagbag.py:540} INFO - Filling up the DagBag from /home/airflow/.local/lib/python3.12/site-packages/airflow/example_dags/example_time_delta_sensor_async.py
[2024-04-21T15:01:57.294+0000] {processor.py:840} INFO - DAG(s) 'example_time_delta_sensor_async' retrieved from /home/airflow/.local/lib/python3.12/site-packages/airflow/example_dags/example_time_delta_sensor_async.py
[2024-04-21T15:01:57.311+0000] {logging_mixin.py:188} INFO - [2024-04-21T15:01:57.311+0000] {dag.py:3096} INFO - Sync 1 DAGs
[2024-04-21T15:01:57.318+0000] {logging_mixin.py:188} INFO - [2024-04-21T15:01:57.318+0000] {dag.py:3954} INFO - Setting next_dagrun for example_time_delta_sensor_async to None, run_after=None
[2024-04-21T15:01:57.326+0000] {processor.py:183} INFO - Processing /home/airflow/.local/lib/python3.12/site-packages/airflow/example_dags/example_time_delta_sensor_async.py took 0.046 seconds
[2024-04-21T15:02:28.174+0000] {processor.py:161} INFO - Started process (PID=8497) to work on /home/airflow/.local/lib/python3.12/site-packages/airflow/example_dags/example_time_delta_sensor_async.py
[2024-04-21T15:02:28.175+0000] {processor.py:830} INFO - Processing file /home/airflow/.local/lib/python3.12/site-packages/airflow/example_dags/example_time_delta_sensor_async.py for tasks to queue
[2024-04-21T15:02:28.177+0000] {logging_mixin.py:188} INFO - [2024-04-21T15:02:28.176+0000] {dagbag.py:540} INFO - Filling up the DagBag from /home/airflow/.local/lib/python3.12/site-packages/airflow/example_dags/example_time_delta_sensor_async.py
[2024-04-21T15:02:28.181+0000] {processor.py:840} INFO - DAG(s) 'example_time_delta_sensor_async' retrieved from /home/airflow/.local/lib/python3.12/site-packages/airflow/example_dags/example_time_delta_sensor_async.py
[2024-04-21T15:02:28.197+0000] {logging_mixin.py:188} INFO - [2024-04-21T15:02:28.196+0000] {dag.py:3096} INFO - Sync 1 DAGs
[2024-04-21T15:02:28.204+0000] {logging_mixin.py:188} INFO - [2024-04-21T15:02:28.204+0000] {dag.py:3954} INFO - Setting next_dagrun for example_time_delta_sensor_async to None, run_after=None
[2024-04-21T15:02:28.213+0000] {processor.py:183} INFO - Processing /home/airflow/.local/lib/python3.12/site-packages/airflow/example_dags/example_time_delta_sensor_async.py took 0.046 seconds
[2024-04-21T15:02:59.010+0000] {processor.py:161} INFO - Started process (PID=8773) to work on /home/airflow/.local/lib/python3.12/site-packages/airflow/example_dags/example_time_delta_sensor_async.py
[2024-04-21T15:02:59.010+0000] {processor.py:830} INFO - Processing file /home/airflow/.local/lib/python3.12/site-packages/airflow/example_dags/example_time_delta_sensor_async.py for tasks to queue
[2024-04-21T15:02:59.012+0000] {logging_mixin.py:188} INFO - [2024-04-21T15:02:59.012+0000] {dagbag.py:540} INFO - Filling up the DagBag from /home/airflow/.local/lib/python3.12/site-packages/airflow/example_dags/example_time_delta_sensor_async.py
[2024-04-21T15:02:59.016+0000] {processor.py:840} INFO - DAG(s) 'example_time_delta_sensor_async' retrieved from /home/airflow/.local/lib/python3.12/site-packages/airflow/example_dags/example_time_delta_sensor_async.py
[2024-04-21T15:02:59.033+0000] {logging_mixin.py:188} INFO - [2024-04-21T15:02:59.033+0000] {dag.py:3096} INFO - Sync 1 DAGs
[2024-04-21T15:02:59.040+0000] {logging_mixin.py:188} INFO - [2024-04-21T15:02:59.040+0000] {dag.py:3954} INFO - Setting next_dagrun for example_time_delta_sensor_async to None, run_after=None
[2024-04-21T15:02:59.049+0000] {processor.py:183} INFO - Processing /home/airflow/.local/lib/python3.12/site-packages/airflow/example_dags/example_time_delta_sensor_async.py took 0.046 seconds
[2024-04-21T15:03:29.899+0000] {processor.py:161} INFO - Started process (PID=9040) to work on /home/airflow/.local/lib/python3.12/site-packages/airflow/example_dags/example_time_delta_sensor_async.py
[2024-04-21T15:03:29.900+0000] {processor.py:830} INFO - Processing file /home/airflow/.local/lib/python3.12/site-packages/airflow/example_dags/example_time_delta_sensor_async.py for tasks to queue
[2024-04-21T15:03:29.902+0000] {logging_mixin.py:188} INFO - [2024-04-21T15:03:29.902+0000] {dagbag.py:540} INFO - Filling up the DagBag from /home/airflow/.local/lib/python3.12/site-packages/airflow/example_dags/example_time_delta_sensor_async.py
[2024-04-21T15:03:29.906+0000] {processor.py:840} INFO - DAG(s) 'example_time_delta_sensor_async' retrieved from /home/airflow/.local/lib/python3.12/site-packages/airflow/example_dags/example_time_delta_sensor_async.py
[2024-04-21T15:03:29.923+0000] {logging_mixin.py:188} INFO - [2024-04-21T15:03:29.922+0000] {dag.py:3096} INFO - Sync 1 DAGs
[2024-04-21T15:03:29.930+0000] {logging_mixin.py:188} INFO - [2024-04-21T15:03:29.930+0000] {dag.py:3954} INFO - Setting next_dagrun for example_time_delta_sensor_async to None, run_after=None
[2024-04-21T15:03:29.939+0000] {processor.py:183} INFO - Processing /home/airflow/.local/lib/python3.12/site-packages/airflow/example_dags/example_time_delta_sensor_async.py took 0.047 seconds
[2024-04-21T15:04:00.901+0000] {processor.py:161} INFO - Started process (PID=9307) to work on /home/airflow/.local/lib/python3.12/site-packages/airflow/example_dags/example_time_delta_sensor_async.py
[2024-04-21T15:04:00.902+0000] {processor.py:830} INFO - Processing file /home/airflow/.local/lib/python3.12/site-packages/airflow/example_dags/example_time_delta_sensor_async.py for tasks to queue
[2024-04-21T15:04:00.903+0000] {logging_mixin.py:188} INFO - [2024-04-21T15:04:00.903+0000] {dagbag.py:540} INFO - Filling up the DagBag from /home/airflow/.local/lib/python3.12/site-packages/airflow/example_dags/example_time_delta_sensor_async.py
[2024-04-21T15:04:00.907+0000] {processor.py:840} INFO - DAG(s) 'example_time_delta_sensor_async' retrieved from /home/airflow/.local/lib/python3.12/site-packages/airflow/example_dags/example_time_delta_sensor_async.py
[2024-04-21T15:04:00.924+0000] {logging_mixin.py:188} INFO - [2024-04-21T15:04:00.924+0000] {dag.py:3096} INFO - Sync 1 DAGs
[2024-04-21T15:04:00.931+0000] {logging_mixin.py:188} INFO - [2024-04-21T15:04:00.931+0000] {dag.py:3954} INFO - Setting next_dagrun for example_time_delta_sensor_async to None, run_after=None
[2024-04-21T15:04:00.940+0000] {processor.py:183} INFO - Processing /home/airflow/.local/lib/python3.12/site-packages/airflow/example_dags/example_time_delta_sensor_async.py took 0.046 seconds
[2024-04-21T15:04:31.734+0000] {processor.py:161} INFO - Started process (PID=9574) to work on /home/airflow/.local/lib/python3.12/site-packages/airflow/example_dags/example_time_delta_sensor_async.py
[2024-04-21T15:04:31.735+0000] {processor.py:830} INFO - Processing file /home/airflow/.local/lib/python3.12/site-packages/airflow/example_dags/example_time_delta_sensor_async.py for tasks to queue
[2024-04-21T15:04:31.737+0000] {logging_mixin.py:188} INFO - [2024-04-21T15:04:31.737+0000] {dagbag.py:540} INFO - Filling up the DagBag from /home/airflow/.local/lib/python3.12/site-packages/airflow/example_dags/example_time_delta_sensor_async.py
[2024-04-21T15:04:31.741+0000] {processor.py:840} INFO - DAG(s) 'example_time_delta_sensor_async' retrieved from /home/airflow/.local/lib/python3.12/site-packages/airflow/example_dags/example_time_delta_sensor_async.py
[2024-04-21T15:04:31.758+0000] {logging_mixin.py:188} INFO - [2024-04-21T15:04:31.758+0000] {dag.py:3096} INFO - Sync 1 DAGs
[2024-04-21T15:04:31.765+0000] {logging_mixin.py:188} INFO - [2024-04-21T15:04:31.765+0000] {dag.py:3954} INFO - Setting next_dagrun for example_time_delta_sensor_async to None, run_after=None
[2024-04-21T15:04:31.775+0000] {processor.py:183} INFO - Processing /home/airflow/.local/lib/python3.12/site-packages/airflow/example_dags/example_time_delta_sensor_async.py took 0.047 seconds
[2024-04-21T15:05:02.550+0000] {processor.py:161} INFO - Started process (PID=9840) to work on /home/airflow/.local/lib/python3.12/site-packages/airflow/example_dags/example_time_delta_sensor_async.py
[2024-04-21T15:05:02.551+0000] {processor.py:830} INFO - Processing file /home/airflow/.local/lib/python3.12/site-packages/airflow/example_dags/example_time_delta_sensor_async.py for tasks to queue
[2024-04-21T15:05:02.552+0000] {logging_mixin.py:188} INFO - [2024-04-21T15:05:02.552+0000] {dagbag.py:540} INFO - Filling up the DagBag from /home/airflow/.local/lib/python3.12/site-packages/airflow/example_dags/example_time_delta_sensor_async.py
[2024-04-21T15:05:02.554+0000] {processor.py:840} INFO - DAG(s) 'example_time_delta_sensor_async' retrieved from /home/airflow/.local/lib/python3.12/site-packages/airflow/example_dags/example_time_delta_sensor_async.py
[2024-04-21T15:05:02.567+0000] {logging_mixin.py:188} INFO - [2024-04-21T15:05:02.567+0000] {dag.py:3096} INFO - Sync 1 DAGs
[2024-04-21T15:05:02.573+0000] {logging_mixin.py:188} INFO - [2024-04-21T15:05:02.573+0000] {dag.py:3954} INFO - Setting next_dagrun for example_time_delta_sensor_async to None, run_after=None
[2024-04-21T15:05:02.582+0000] {processor.py:183} INFO - Processing /home/airflow/.local/lib/python3.12/site-packages/airflow/example_dags/example_time_delta_sensor_async.py took 0.035 seconds
[2024-04-21T15:05:33.466+0000] {processor.py:161} INFO - Started process (PID=10107) to work on /home/airflow/.local/lib/python3.12/site-packages/airflow/example_dags/example_time_delta_sensor_async.py
[2024-04-21T15:05:33.467+0000] {processor.py:830} INFO - Processing file /home/airflow/.local/lib/python3.12/site-packages/airflow/example_dags/example_time_delta_sensor_async.py for tasks to queue
[2024-04-21T15:05:33.468+0000] {logging_mixin.py:188} INFO - [2024-04-21T15:05:33.468+0000] {dagbag.py:540} INFO - Filling up the DagBag from /home/airflow/.local/lib/python3.12/site-packages/airflow/example_dags/example_time_delta_sensor_async.py
[2024-04-21T15:05:33.472+0000] {processor.py:840} INFO - DAG(s) 'example_time_delta_sensor_async' retrieved from /home/airflow/.local/lib/python3.12/site-packages/airflow/example_dags/example_time_delta_sensor_async.py
[2024-04-21T15:05:33.488+0000] {logging_mixin.py:188} INFO - [2024-04-21T15:05:33.488+0000] {dag.py:3096} INFO - Sync 1 DAGs
[2024-04-21T15:05:33.495+0000] {logging_mixin.py:188} INFO - [2024-04-21T15:05:33.495+0000] {dag.py:3954} INFO - Setting next_dagrun for example_time_delta_sensor_async to None, run_after=None
[2024-04-21T15:05:33.504+0000] {processor.py:183} INFO - Processing /home/airflow/.local/lib/python3.12/site-packages/airflow/example_dags/example_time_delta_sensor_async.py took 0.045 seconds
[2024-04-21T15:06:04.340+0000] {processor.py:161} INFO - Started process (PID=10374) to work on /home/airflow/.local/lib/python3.12/site-packages/airflow/example_dags/example_time_delta_sensor_async.py
[2024-04-21T15:06:04.341+0000] {processor.py:830} INFO - Processing file /home/airflow/.local/lib/python3.12/site-packages/airflow/example_dags/example_time_delta_sensor_async.py for tasks to queue
[2024-04-21T15:06:04.343+0000] {logging_mixin.py:188} INFO - [2024-04-21T15:06:04.342+0000] {dagbag.py:540} INFO - Filling up the DagBag from /home/airflow/.local/lib/python3.12/site-packages/airflow/example_dags/example_time_delta_sensor_async.py
[2024-04-21T15:06:04.347+0000] {processor.py:840} INFO - DAG(s) 'example_time_delta_sensor_async' retrieved from /home/airflow/.local/lib/python3.12/site-packages/airflow/example_dags/example_time_delta_sensor_async.py
[2024-04-21T15:06:04.364+0000] {logging_mixin.py:188} INFO - [2024-04-21T15:06:04.364+0000] {dag.py:3096} INFO - Sync 1 DAGs
[2024-04-21T15:06:04.372+0000] {logging_mixin.py:188} INFO - [2024-04-21T15:06:04.371+0000] {dag.py:3954} INFO - Setting next_dagrun for example_time_delta_sensor_async to None, run_after=None
[2024-04-21T15:06:04.381+0000] {processor.py:183} INFO - Processing /home/airflow/.local/lib/python3.12/site-packages/airflow/example_dags/example_time_delta_sensor_async.py took 0.048 seconds
[2024-04-21T15:06:35.191+0000] {processor.py:161} INFO - Started process (PID=10641) to work on /home/airflow/.local/lib/python3.12/site-packages/airflow/example_dags/example_time_delta_sensor_async.py
[2024-04-21T15:06:35.192+0000] {processor.py:830} INFO - Processing file /home/airflow/.local/lib/python3.12/site-packages/airflow/example_dags/example_time_delta_sensor_async.py for tasks to queue
[2024-04-21T15:06:35.194+0000] {logging_mixin.py:188} INFO - [2024-04-21T15:06:35.193+0000] {dagbag.py:540} INFO - Filling up the DagBag from /home/airflow/.local/lib/python3.12/site-packages/airflow/example_dags/example_time_delta_sensor_async.py
[2024-04-21T15:06:35.197+0000] {processor.py:840} INFO - DAG(s) 'example_time_delta_sensor_async' retrieved from /home/airflow/.local/lib/python3.12/site-packages/airflow/example_dags/example_time_delta_sensor_async.py
[2024-04-21T15:06:35.215+0000] {logging_mixin.py:188} INFO - [2024-04-21T15:06:35.215+0000] {dag.py:3096} INFO - Sync 1 DAGs
[2024-04-21T15:06:35.222+0000] {logging_mixin.py:188} INFO - [2024-04-21T15:06:35.222+0000] {dag.py:3954} INFO - Setting next_dagrun for example_time_delta_sensor_async to None, run_after=None
[2024-04-21T15:06:35.231+0000] {processor.py:183} INFO - Processing /home/airflow/.local/lib/python3.12/site-packages/airflow/example_dags/example_time_delta_sensor_async.py took 0.046 seconds
[2024-04-21T15:07:05.293+0000] {processor.py:161} INFO - Started process (PID=10908) to work on /home/airflow/.local/lib/python3.12/site-packages/airflow/example_dags/example_time_delta_sensor_async.py
[2024-04-21T15:07:05.294+0000] {processor.py:830} INFO - Processing file /home/airflow/.local/lib/python3.12/site-packages/airflow/example_dags/example_time_delta_sensor_async.py for tasks to queue
[2024-04-21T15:07:05.296+0000] {logging_mixin.py:188} INFO - [2024-04-21T15:07:05.295+0000] {dagbag.py:540} INFO - Filling up the DagBag from /home/airflow/.local/lib/python3.12/site-packages/airflow/example_dags/example_time_delta_sensor_async.py
[2024-04-21T15:07:05.300+0000] {processor.py:840} INFO - DAG(s) 'example_time_delta_sensor_async' retrieved from /home/airflow/.local/lib/python3.12/site-packages/airflow/example_dags/example_time_delta_sensor_async.py
[2024-04-21T15:07:05.318+0000] {logging_mixin.py:188} INFO - [2024-04-21T15:07:05.318+0000] {dag.py:3096} INFO - Sync 1 DAGs
[2024-04-21T15:07:05.325+0000] {logging_mixin.py:188} INFO - [2024-04-21T15:07:05.324+0000] {dag.py:3954} INFO - Setting next_dagrun for example_time_delta_sensor_async to None, run_after=None
[2024-04-21T15:07:05.333+0000] {processor.py:183} INFO - Processing /home/airflow/.local/lib/python3.12/site-packages/airflow/example_dags/example_time_delta_sensor_async.py took 0.047 seconds
[2024-04-21T15:07:35.535+0000] {processor.py:161} INFO - Started process (PID=11194) to work on /home/airflow/.local/lib/python3.12/site-packages/airflow/example_dags/example_time_delta_sensor_async.py
[2024-04-21T15:07:35.536+0000] {processor.py:830} INFO - Processing file /home/airflow/.local/lib/python3.12/site-packages/airflow/example_dags/example_time_delta_sensor_async.py for tasks to queue
[2024-04-21T15:07:35.538+0000] {logging_mixin.py:188} INFO - [2024-04-21T15:07:35.537+0000] {dagbag.py:540} INFO - Filling up the DagBag from /home/airflow/.local/lib/python3.12/site-packages/airflow/example_dags/example_time_delta_sensor_async.py
[2024-04-21T15:07:35.542+0000] {processor.py:840} INFO - DAG(s) 'example_time_delta_sensor_async' retrieved from /home/airflow/.local/lib/python3.12/site-packages/airflow/example_dags/example_time_delta_sensor_async.py
[2024-04-21T15:07:35.562+0000] {logging_mixin.py:188} INFO - [2024-04-21T15:07:35.562+0000] {dag.py:3096} INFO - Sync 1 DAGs
[2024-04-21T15:07:35.570+0000] {logging_mixin.py:188} INFO - [2024-04-21T15:07:35.570+0000] {dag.py:3954} INFO - Setting next_dagrun for example_time_delta_sensor_async to None, run_after=None
[2024-04-21T15:07:35.580+0000] {processor.py:183} INFO - Processing /home/airflow/.local/lib/python3.12/site-packages/airflow/example_dags/example_time_delta_sensor_async.py took 0.052 seconds
[2024-04-21T15:08:05.740+0000] {processor.py:161} INFO - Started process (PID=11477) to work on /home/airflow/.local/lib/python3.12/site-packages/airflow/example_dags/example_time_delta_sensor_async.py
[2024-04-21T15:08:05.741+0000] {processor.py:830} INFO - Processing file /home/airflow/.local/lib/python3.12/site-packages/airflow/example_dags/example_time_delta_sensor_async.py for tasks to queue
[2024-04-21T15:08:05.742+0000] {logging_mixin.py:188} INFO - [2024-04-21T15:08:05.741+0000] {dagbag.py:540} INFO - Filling up the DagBag from /home/airflow/.local/lib/python3.12/site-packages/airflow/example_dags/example_time_delta_sensor_async.py
[2024-04-21T15:08:05.744+0000] {processor.py:840} INFO - DAG(s) 'example_time_delta_sensor_async' retrieved from /home/airflow/.local/lib/python3.12/site-packages/airflow/example_dags/example_time_delta_sensor_async.py
[2024-04-21T15:08:05.757+0000] {logging_mixin.py:188} INFO - [2024-04-21T15:08:05.757+0000] {dag.py:3096} INFO - Sync 1 DAGs
[2024-04-21T15:08:05.762+0000] {logging_mixin.py:188} INFO - [2024-04-21T15:08:05.762+0000] {dag.py:3954} INFO - Setting next_dagrun for example_time_delta_sensor_async to None, run_after=None
[2024-04-21T15:08:05.770+0000] {processor.py:183} INFO - Processing /home/airflow/.local/lib/python3.12/site-packages/airflow/example_dags/example_time_delta_sensor_async.py took 0.033 seconds
[2024-04-21T15:08:36.677+0000] {processor.py:161} INFO - Started process (PID=11756) to work on /home/airflow/.local/lib/python3.12/site-packages/airflow/example_dags/example_time_delta_sensor_async.py
[2024-04-21T15:08:36.677+0000] {processor.py:830} INFO - Processing file /home/airflow/.local/lib/python3.12/site-packages/airflow/example_dags/example_time_delta_sensor_async.py for tasks to queue
[2024-04-21T15:08:36.679+0000] {logging_mixin.py:188} INFO - [2024-04-21T15:08:36.679+0000] {dagbag.py:540} INFO - Filling up the DagBag from /home/airflow/.local/lib/python3.12/site-packages/airflow/example_dags/example_time_delta_sensor_async.py
[2024-04-21T15:08:36.683+0000] {processor.py:840} INFO - DAG(s) 'example_time_delta_sensor_async' retrieved from /home/airflow/.local/lib/python3.12/site-packages/airflow/example_dags/example_time_delta_sensor_async.py
[2024-04-21T15:08:36.699+0000] {logging_mixin.py:188} INFO - [2024-04-21T15:08:36.699+0000] {dag.py:3096} INFO - Sync 1 DAGs
[2024-04-21T15:08:36.706+0000] {logging_mixin.py:188} INFO - [2024-04-21T15:08:36.706+0000] {dag.py:3954} INFO - Setting next_dagrun for example_time_delta_sensor_async to None, run_after=None
[2024-04-21T15:08:36.715+0000] {processor.py:183} INFO - Processing /home/airflow/.local/lib/python3.12/site-packages/airflow/example_dags/example_time_delta_sensor_async.py took 0.045 seconds
[2024-04-21T15:09:07.584+0000] {processor.py:161} INFO - Started process (PID=12023) to work on /home/airflow/.local/lib/python3.12/site-packages/airflow/example_dags/example_time_delta_sensor_async.py
[2024-04-21T15:09:07.585+0000] {processor.py:830} INFO - Processing file /home/airflow/.local/lib/python3.12/site-packages/airflow/example_dags/example_time_delta_sensor_async.py for tasks to queue
[2024-04-21T15:09:07.586+0000] {logging_mixin.py:188} INFO - [2024-04-21T15:09:07.586+0000] {dagbag.py:540} INFO - Filling up the DagBag from /home/airflow/.local/lib/python3.12/site-packages/airflow/example_dags/example_time_delta_sensor_async.py
[2024-04-21T15:09:07.590+0000] {processor.py:840} INFO - DAG(s) 'example_time_delta_sensor_async' retrieved from /home/airflow/.local/lib/python3.12/site-packages/airflow/example_dags/example_time_delta_sensor_async.py
[2024-04-21T15:09:07.605+0000] {logging_mixin.py:188} INFO - [2024-04-21T15:09:07.605+0000] {dag.py:3096} INFO - Sync 1 DAGs
[2024-04-21T15:09:07.612+0000] {logging_mixin.py:188} INFO - [2024-04-21T15:09:07.611+0000] {dag.py:3954} INFO - Setting next_dagrun for example_time_delta_sensor_async to None, run_after=None
[2024-04-21T15:09:07.620+0000] {processor.py:183} INFO - Processing /home/airflow/.local/lib/python3.12/site-packages/airflow/example_dags/example_time_delta_sensor_async.py took 0.041 seconds
[2024-04-21T15:09:38.462+0000] {processor.py:161} INFO - Started process (PID=12291) to work on /home/airflow/.local/lib/python3.12/site-packages/airflow/example_dags/example_time_delta_sensor_async.py
[2024-04-21T15:09:38.463+0000] {processor.py:830} INFO - Processing file /home/airflow/.local/lib/python3.12/site-packages/airflow/example_dags/example_time_delta_sensor_async.py for tasks to queue
[2024-04-21T15:09:38.464+0000] {logging_mixin.py:188} INFO - [2024-04-21T15:09:38.463+0000] {dagbag.py:540} INFO - Filling up the DagBag from /home/airflow/.local/lib/python3.12/site-packages/airflow/example_dags/example_time_delta_sensor_async.py
[2024-04-21T15:09:38.466+0000] {processor.py:840} INFO - DAG(s) 'example_time_delta_sensor_async' retrieved from /home/airflow/.local/lib/python3.12/site-packages/airflow/example_dags/example_time_delta_sensor_async.py
[2024-04-21T15:09:38.478+0000] {logging_mixin.py:188} INFO - [2024-04-21T15:09:38.477+0000] {dag.py:3096} INFO - Sync 1 DAGs
[2024-04-21T15:09:38.483+0000] {logging_mixin.py:188} INFO - [2024-04-21T15:09:38.483+0000] {dag.py:3954} INFO - Setting next_dagrun for example_time_delta_sensor_async to None, run_after=None
[2024-04-21T15:09:38.493+0000] {processor.py:183} INFO - Processing /home/airflow/.local/lib/python3.12/site-packages/airflow/example_dags/example_time_delta_sensor_async.py took 0.033 seconds
[2024-04-21T15:10:09.360+0000] {processor.py:161} INFO - Started process (PID=12558) to work on /home/airflow/.local/lib/python3.12/site-packages/airflow/example_dags/example_time_delta_sensor_async.py
[2024-04-21T15:10:09.360+0000] {processor.py:830} INFO - Processing file /home/airflow/.local/lib/python3.12/site-packages/airflow/example_dags/example_time_delta_sensor_async.py for tasks to queue
[2024-04-21T15:10:09.361+0000] {logging_mixin.py:188} INFO - [2024-04-21T15:10:09.361+0000] {dagbag.py:540} INFO - Filling up the DagBag from /home/airflow/.local/lib/python3.12/site-packages/airflow/example_dags/example_time_delta_sensor_async.py
[2024-04-21T15:10:09.363+0000] {processor.py:840} INFO - DAG(s) 'example_time_delta_sensor_async' retrieved from /home/airflow/.local/lib/python3.12/site-packages/airflow/example_dags/example_time_delta_sensor_async.py
[2024-04-21T15:10:09.376+0000] {logging_mixin.py:188} INFO - [2024-04-21T15:10:09.376+0000] {dag.py:3096} INFO - Sync 1 DAGs
[2024-04-21T15:10:09.381+0000] {logging_mixin.py:188} INFO - [2024-04-21T15:10:09.381+0000] {dag.py:3954} INFO - Setting next_dagrun for example_time_delta_sensor_async to None, run_after=None
[2024-04-21T15:10:09.391+0000] {processor.py:183} INFO - Processing /home/airflow/.local/lib/python3.12/site-packages/airflow/example_dags/example_time_delta_sensor_async.py took 0.034 seconds
[2024-04-21T15:10:39.656+0000] {processor.py:161} INFO - Started process (PID=12830) to work on /home/airflow/.local/lib/python3.12/site-packages/airflow/example_dags/example_time_delta_sensor_async.py
[2024-04-21T15:10:39.658+0000] {processor.py:830} INFO - Processing file /home/airflow/.local/lib/python3.12/site-packages/airflow/example_dags/example_time_delta_sensor_async.py for tasks to queue
[2024-04-21T15:10:39.660+0000] {logging_mixin.py:188} INFO - [2024-04-21T15:10:39.660+0000] {dagbag.py:540} INFO - Filling up the DagBag from /home/airflow/.local/lib/python3.12/site-packages/airflow/example_dags/example_time_delta_sensor_async.py
[2024-04-21T15:10:39.667+0000] {processor.py:840} INFO - DAG(s) 'example_time_delta_sensor_async' retrieved from /home/airflow/.local/lib/python3.12/site-packages/airflow/example_dags/example_time_delta_sensor_async.py
[2024-04-21T15:10:39.690+0000] {logging_mixin.py:188} INFO - [2024-04-21T15:10:39.690+0000] {dag.py:3096} INFO - Sync 1 DAGs
[2024-04-21T15:10:39.698+0000] {logging_mixin.py:188} INFO - [2024-04-21T15:10:39.698+0000] {dag.py:3954} INFO - Setting next_dagrun for example_time_delta_sensor_async to None, run_after=None
[2024-04-21T15:10:39.709+0000] {processor.py:183} INFO - Processing /home/airflow/.local/lib/python3.12/site-packages/airflow/example_dags/example_time_delta_sensor_async.py took 0.059 seconds
[2024-04-21T15:11:09.782+0000] {processor.py:161} INFO - Started process (PID=13106) to work on /home/airflow/.local/lib/python3.12/site-packages/airflow/example_dags/example_time_delta_sensor_async.py
[2024-04-21T15:11:09.782+0000] {processor.py:830} INFO - Processing file /home/airflow/.local/lib/python3.12/site-packages/airflow/example_dags/example_time_delta_sensor_async.py for tasks to queue
[2024-04-21T15:11:09.784+0000] {logging_mixin.py:188} INFO - [2024-04-21T15:11:09.783+0000] {dagbag.py:540} INFO - Filling up the DagBag from /home/airflow/.local/lib/python3.12/site-packages/airflow/example_dags/example_time_delta_sensor_async.py
[2024-04-21T15:11:09.786+0000] {processor.py:840} INFO - DAG(s) 'example_time_delta_sensor_async' retrieved from /home/airflow/.local/lib/python3.12/site-packages/airflow/example_dags/example_time_delta_sensor_async.py
[2024-04-21T15:11:09.799+0000] {logging_mixin.py:188} INFO - [2024-04-21T15:11:09.799+0000] {dag.py:3096} INFO - Sync 1 DAGs
[2024-04-21T15:11:09.805+0000] {logging_mixin.py:188} INFO - [2024-04-21T15:11:09.805+0000] {dag.py:3954} INFO - Setting next_dagrun for example_time_delta_sensor_async to None, run_after=None
[2024-04-21T15:11:09.813+0000] {processor.py:183} INFO - Processing /home/airflow/.local/lib/python3.12/site-packages/airflow/example_dags/example_time_delta_sensor_async.py took 0.035 seconds
[2024-04-21T15:11:40.748+0000] {processor.py:161} INFO - Started process (PID=13383) to work on /home/airflow/.local/lib/python3.12/site-packages/airflow/example_dags/example_time_delta_sensor_async.py
[2024-04-21T15:11:40.749+0000] {processor.py:830} INFO - Processing file /home/airflow/.local/lib/python3.12/site-packages/airflow/example_dags/example_time_delta_sensor_async.py for tasks to queue
[2024-04-21T15:11:40.751+0000] {logging_mixin.py:188} INFO - [2024-04-21T15:11:40.751+0000] {dagbag.py:540} INFO - Filling up the DagBag from /home/airflow/.local/lib/python3.12/site-packages/airflow/example_dags/example_time_delta_sensor_async.py
[2024-04-21T15:11:40.754+0000] {processor.py:840} INFO - DAG(s) 'example_time_delta_sensor_async' retrieved from /home/airflow/.local/lib/python3.12/site-packages/airflow/example_dags/example_time_delta_sensor_async.py
[2024-04-21T15:11:40.771+0000] {logging_mixin.py:188} INFO - [2024-04-21T15:11:40.771+0000] {dag.py:3096} INFO - Sync 1 DAGs
[2024-04-21T15:11:40.778+0000] {logging_mixin.py:188} INFO - [2024-04-21T15:11:40.778+0000] {dag.py:3954} INFO - Setting next_dagrun for example_time_delta_sensor_async to None, run_after=None
[2024-04-21T15:11:40.787+0000] {processor.py:183} INFO - Processing /home/airflow/.local/lib/python3.12/site-packages/airflow/example_dags/example_time_delta_sensor_async.py took 0.045 seconds
[2024-04-21T15:12:10.821+0000] {processor.py:161} INFO - Started process (PID=13664) to work on /home/airflow/.local/lib/python3.12/site-packages/airflow/example_dags/example_time_delta_sensor_async.py
[2024-04-21T15:12:10.821+0000] {processor.py:830} INFO - Processing file /home/airflow/.local/lib/python3.12/site-packages/airflow/example_dags/example_time_delta_sensor_async.py for tasks to queue
[2024-04-21T15:12:10.822+0000] {logging_mixin.py:188} INFO - [2024-04-21T15:12:10.822+0000] {dagbag.py:540} INFO - Filling up the DagBag from /home/airflow/.local/lib/python3.12/site-packages/airflow/example_dags/example_time_delta_sensor_async.py
[2024-04-21T15:12:10.825+0000] {processor.py:840} INFO - DAG(s) 'example_time_delta_sensor_async' retrieved from /home/airflow/.local/lib/python3.12/site-packages/airflow/example_dags/example_time_delta_sensor_async.py
[2024-04-21T15:12:10.836+0000] {logging_mixin.py:188} INFO - [2024-04-21T15:12:10.836+0000] {dag.py:3096} INFO - Sync 1 DAGs
[2024-04-21T15:12:10.842+0000] {logging_mixin.py:188} INFO - [2024-04-21T15:12:10.842+0000] {dag.py:3954} INFO - Setting next_dagrun for example_time_delta_sensor_async to None, run_after=None
[2024-04-21T15:12:10.850+0000] {processor.py:183} INFO - Processing /home/airflow/.local/lib/python3.12/site-packages/airflow/example_dags/example_time_delta_sensor_async.py took 0.032 seconds
[2024-04-21T15:12:41.616+0000] {processor.py:161} INFO - Started process (PID=13941) to work on /home/airflow/.local/lib/python3.12/site-packages/airflow/example_dags/example_time_delta_sensor_async.py
[2024-04-21T15:12:41.617+0000] {processor.py:830} INFO - Processing file /home/airflow/.local/lib/python3.12/site-packages/airflow/example_dags/example_time_delta_sensor_async.py for tasks to queue
[2024-04-21T15:12:41.618+0000] {logging_mixin.py:188} INFO - [2024-04-21T15:12:41.618+0000] {dagbag.py:540} INFO - Filling up the DagBag from /home/airflow/.local/lib/python3.12/site-packages/airflow/example_dags/example_time_delta_sensor_async.py
[2024-04-21T15:12:41.621+0000] {processor.py:840} INFO - DAG(s) 'example_time_delta_sensor_async' retrieved from /home/airflow/.local/lib/python3.12/site-packages/airflow/example_dags/example_time_delta_sensor_async.py
[2024-04-21T15:12:41.633+0000] {logging_mixin.py:188} INFO - [2024-04-21T15:12:41.632+0000] {dag.py:3096} INFO - Sync 1 DAGs
[2024-04-21T15:12:41.638+0000] {logging_mixin.py:188} INFO - [2024-04-21T15:12:41.638+0000] {dag.py:3954} INFO - Setting next_dagrun for example_time_delta_sensor_async to None, run_after=None
[2024-04-21T15:12:41.646+0000] {processor.py:183} INFO - Processing /home/airflow/.local/lib/python3.12/site-packages/airflow/example_dags/example_time_delta_sensor_async.py took 0.033 seconds
[2024-04-21T15:13:12.613+0000] {processor.py:161} INFO - Started process (PID=14227) to work on /home/airflow/.local/lib/python3.12/site-packages/airflow/example_dags/example_time_delta_sensor_async.py
[2024-04-21T15:13:12.614+0000] {processor.py:830} INFO - Processing file /home/airflow/.local/lib/python3.12/site-packages/airflow/example_dags/example_time_delta_sensor_async.py for tasks to queue
[2024-04-21T15:13:12.615+0000] {logging_mixin.py:188} INFO - [2024-04-21T15:13:12.614+0000] {dagbag.py:540} INFO - Filling up the DagBag from /home/airflow/.local/lib/python3.12/site-packages/airflow/example_dags/example_time_delta_sensor_async.py
[2024-04-21T15:13:12.617+0000] {processor.py:840} INFO - DAG(s) 'example_time_delta_sensor_async' retrieved from /home/airflow/.local/lib/python3.12/site-packages/airflow/example_dags/example_time_delta_sensor_async.py
[2024-04-21T15:13:12.628+0000] {logging_mixin.py:188} INFO - [2024-04-21T15:13:12.628+0000] {dag.py:3096} INFO - Sync 1 DAGs
[2024-04-21T15:13:12.634+0000] {logging_mixin.py:188} INFO - [2024-04-21T15:13:12.634+0000] {dag.py:3954} INFO - Setting next_dagrun for example_time_delta_sensor_async to None, run_after=None
[2024-04-21T15:13:12.641+0000] {processor.py:183} INFO - Processing /home/airflow/.local/lib/python3.12/site-packages/airflow/example_dags/example_time_delta_sensor_async.py took 0.031 seconds
[2024-04-21T15:13:43.543+0000] {processor.py:161} INFO - Started process (PID=14495) to work on /home/airflow/.local/lib/python3.12/site-packages/airflow/example_dags/example_time_delta_sensor_async.py
[2024-04-21T15:13:43.543+0000] {processor.py:830} INFO - Processing file /home/airflow/.local/lib/python3.12/site-packages/airflow/example_dags/example_time_delta_sensor_async.py for tasks to queue
[2024-04-21T15:13:43.545+0000] {logging_mixin.py:188} INFO - [2024-04-21T15:13:43.544+0000] {dagbag.py:540} INFO - Filling up the DagBag from /home/airflow/.local/lib/python3.12/site-packages/airflow/example_dags/example_time_delta_sensor_async.py
[2024-04-21T15:13:43.547+0000] {processor.py:840} INFO - DAG(s) 'example_time_delta_sensor_async' retrieved from /home/airflow/.local/lib/python3.12/site-packages/airflow/example_dags/example_time_delta_sensor_async.py
[2024-04-21T15:13:43.560+0000] {logging_mixin.py:188} INFO - [2024-04-21T15:13:43.559+0000] {dag.py:3096} INFO - Sync 1 DAGs
[2024-04-21T15:13:43.565+0000] {logging_mixin.py:188} INFO - [2024-04-21T15:13:43.565+0000] {dag.py:3954} INFO - Setting next_dagrun for example_time_delta_sensor_async to None, run_after=None
[2024-04-21T15:13:43.573+0000] {processor.py:183} INFO - Processing /home/airflow/.local/lib/python3.12/site-packages/airflow/example_dags/example_time_delta_sensor_async.py took 0.033 seconds
[2024-04-21T15:14:13.701+0000] {processor.py:161} INFO - Started process (PID=14762) to work on /home/airflow/.local/lib/python3.12/site-packages/airflow/example_dags/example_time_delta_sensor_async.py
[2024-04-21T15:14:13.702+0000] {processor.py:830} INFO - Processing file /home/airflow/.local/lib/python3.12/site-packages/airflow/example_dags/example_time_delta_sensor_async.py for tasks to queue
[2024-04-21T15:14:13.703+0000] {logging_mixin.py:188} INFO - [2024-04-21T15:14:13.702+0000] {dagbag.py:540} INFO - Filling up the DagBag from /home/airflow/.local/lib/python3.12/site-packages/airflow/example_dags/example_time_delta_sensor_async.py
[2024-04-21T15:14:13.705+0000] {processor.py:840} INFO - DAG(s) 'example_time_delta_sensor_async' retrieved from /home/airflow/.local/lib/python3.12/site-packages/airflow/example_dags/example_time_delta_sensor_async.py
[2024-04-21T15:14:13.717+0000] {logging_mixin.py:188} INFO - [2024-04-21T15:14:13.717+0000] {dag.py:3096} INFO - Sync 1 DAGs
[2024-04-21T15:14:13.723+0000] {logging_mixin.py:188} INFO - [2024-04-21T15:14:13.723+0000] {dag.py:3954} INFO - Setting next_dagrun for example_time_delta_sensor_async to None, run_after=None
[2024-04-21T15:14:13.730+0000] {processor.py:183} INFO - Processing /home/airflow/.local/lib/python3.12/site-packages/airflow/example_dags/example_time_delta_sensor_async.py took 0.032 seconds
[2024-04-21T15:14:43.789+0000] {processor.py:161} INFO - Started process (PID=15028) to work on /home/airflow/.local/lib/python3.12/site-packages/airflow/example_dags/example_time_delta_sensor_async.py
[2024-04-21T15:14:43.790+0000] {processor.py:830} INFO - Processing file /home/airflow/.local/lib/python3.12/site-packages/airflow/example_dags/example_time_delta_sensor_async.py for tasks to queue
[2024-04-21T15:14:43.791+0000] {logging_mixin.py:188} INFO - [2024-04-21T15:14:43.791+0000] {dagbag.py:540} INFO - Filling up the DagBag from /home/airflow/.local/lib/python3.12/site-packages/airflow/example_dags/example_time_delta_sensor_async.py
[2024-04-21T15:14:43.793+0000] {processor.py:840} INFO - DAG(s) 'example_time_delta_sensor_async' retrieved from /home/airflow/.local/lib/python3.12/site-packages/airflow/example_dags/example_time_delta_sensor_async.py
[2024-04-21T15:14:43.806+0000] {logging_mixin.py:188} INFO - [2024-04-21T15:14:43.806+0000] {dag.py:3096} INFO - Sync 1 DAGs
[2024-04-21T15:14:43.811+0000] {logging_mixin.py:188} INFO - [2024-04-21T15:14:43.811+0000] {dag.py:3954} INFO - Setting next_dagrun for example_time_delta_sensor_async to None, run_after=None
[2024-04-21T15:14:43.819+0000] {processor.py:183} INFO - Processing /home/airflow/.local/lib/python3.12/site-packages/airflow/example_dags/example_time_delta_sensor_async.py took 0.032 seconds
[2024-04-21T15:15:13.961+0000] {processor.py:161} INFO - Started process (PID=15295) to work on /home/airflow/.local/lib/python3.12/site-packages/airflow/example_dags/example_time_delta_sensor_async.py
[2024-04-21T15:15:13.962+0000] {processor.py:830} INFO - Processing file /home/airflow/.local/lib/python3.12/site-packages/airflow/example_dags/example_time_delta_sensor_async.py for tasks to queue
[2024-04-21T15:15:13.963+0000] {logging_mixin.py:188} INFO - [2024-04-21T15:15:13.962+0000] {dagbag.py:540} INFO - Filling up the DagBag from /home/airflow/.local/lib/python3.12/site-packages/airflow/example_dags/example_time_delta_sensor_async.py
[2024-04-21T15:15:13.965+0000] {processor.py:840} INFO - DAG(s) 'example_time_delta_sensor_async' retrieved from /home/airflow/.local/lib/python3.12/site-packages/airflow/example_dags/example_time_delta_sensor_async.py
[2024-04-21T15:15:13.976+0000] {logging_mixin.py:188} INFO - [2024-04-21T15:15:13.976+0000] {dag.py:3096} INFO - Sync 1 DAGs
[2024-04-21T15:15:13.982+0000] {logging_mixin.py:188} INFO - [2024-04-21T15:15:13.982+0000] {dag.py:3954} INFO - Setting next_dagrun for example_time_delta_sensor_async to None, run_after=None
[2024-04-21T15:15:13.988+0000] {processor.py:183} INFO - Processing /home/airflow/.local/lib/python3.12/site-packages/airflow/example_dags/example_time_delta_sensor_async.py took 0.030 seconds
[2024-04-21T15:15:44.138+0000] {processor.py:161} INFO - Started process (PID=15562) to work on /home/airflow/.local/lib/python3.12/site-packages/airflow/example_dags/example_time_delta_sensor_async.py
[2024-04-21T15:15:44.139+0000] {processor.py:830} INFO - Processing file /home/airflow/.local/lib/python3.12/site-packages/airflow/example_dags/example_time_delta_sensor_async.py for tasks to queue
[2024-04-21T15:15:44.140+0000] {logging_mixin.py:188} INFO - [2024-04-21T15:15:44.139+0000] {dagbag.py:540} INFO - Filling up the DagBag from /home/airflow/.local/lib/python3.12/site-packages/airflow/example_dags/example_time_delta_sensor_async.py
[2024-04-21T15:15:44.142+0000] {processor.py:840} INFO - DAG(s) 'example_time_delta_sensor_async' retrieved from /home/airflow/.local/lib/python3.12/site-packages/airflow/example_dags/example_time_delta_sensor_async.py
[2024-04-21T15:15:44.154+0000] {logging_mixin.py:188} INFO - [2024-04-21T15:15:44.154+0000] {dag.py:3096} INFO - Sync 1 DAGs
[2024-04-21T15:15:44.160+0000] {logging_mixin.py:188} INFO - [2024-04-21T15:15:44.160+0000] {dag.py:3954} INFO - Setting next_dagrun for example_time_delta_sensor_async to None, run_after=None
[2024-04-21T15:15:44.167+0000] {processor.py:183} INFO - Processing /home/airflow/.local/lib/python3.12/site-packages/airflow/example_dags/example_time_delta_sensor_async.py took 0.032 seconds
[2024-04-21T15:16:14.365+0000] {processor.py:161} INFO - Started process (PID=15827) to work on /home/airflow/.local/lib/python3.12/site-packages/airflow/example_dags/example_time_delta_sensor_async.py
[2024-04-21T15:16:14.366+0000] {processor.py:830} INFO - Processing file /home/airflow/.local/lib/python3.12/site-packages/airflow/example_dags/example_time_delta_sensor_async.py for tasks to queue
[2024-04-21T15:16:14.366+0000] {logging_mixin.py:188} INFO - [2024-04-21T15:16:14.366+0000] {dagbag.py:540} INFO - Filling up the DagBag from /home/airflow/.local/lib/python3.12/site-packages/airflow/example_dags/example_time_delta_sensor_async.py
[2024-04-21T15:16:14.369+0000] {processor.py:840} INFO - DAG(s) 'example_time_delta_sensor_async' retrieved from /home/airflow/.local/lib/python3.12/site-packages/airflow/example_dags/example_time_delta_sensor_async.py
[2024-04-21T15:16:14.382+0000] {logging_mixin.py:188} INFO - [2024-04-21T15:16:14.382+0000] {dag.py:3096} INFO - Sync 1 DAGs
[2024-04-21T15:16:14.388+0000] {logging_mixin.py:188} INFO - [2024-04-21T15:16:14.388+0000] {dag.py:3954} INFO - Setting next_dagrun for example_time_delta_sensor_async to None, run_after=None
[2024-04-21T15:16:14.397+0000] {processor.py:183} INFO - Processing /home/airflow/.local/lib/python3.12/site-packages/airflow/example_dags/example_time_delta_sensor_async.py took 0.035 seconds
[2024-04-21T15:16:44.594+0000] {processor.py:161} INFO - Started process (PID=16094) to work on /home/airflow/.local/lib/python3.12/site-packages/airflow/example_dags/example_time_delta_sensor_async.py
[2024-04-21T15:16:44.595+0000] {processor.py:830} INFO - Processing file /home/airflow/.local/lib/python3.12/site-packages/airflow/example_dags/example_time_delta_sensor_async.py for tasks to queue
[2024-04-21T15:16:44.596+0000] {logging_mixin.py:188} INFO - [2024-04-21T15:16:44.596+0000] {dagbag.py:540} INFO - Filling up the DagBag from /home/airflow/.local/lib/python3.12/site-packages/airflow/example_dags/example_time_delta_sensor_async.py
[2024-04-21T15:16:44.599+0000] {processor.py:840} INFO - DAG(s) 'example_time_delta_sensor_async' retrieved from /home/airflow/.local/lib/python3.12/site-packages/airflow/example_dags/example_time_delta_sensor_async.py
[2024-04-21T15:16:44.611+0000] {logging_mixin.py:188} INFO - [2024-04-21T15:16:44.611+0000] {dag.py:3096} INFO - Sync 1 DAGs
[2024-04-21T15:16:44.617+0000] {logging_mixin.py:188} INFO - [2024-04-21T15:16:44.617+0000] {dag.py:3954} INFO - Setting next_dagrun for example_time_delta_sensor_async to None, run_after=None
[2024-04-21T15:16:44.627+0000] {processor.py:183} INFO - Processing /home/airflow/.local/lib/python3.12/site-packages/airflow/example_dags/example_time_delta_sensor_async.py took 0.036 seconds
[2024-04-21T15:17:14.764+0000] {processor.py:161} INFO - Started process (PID=16361) to work on /home/airflow/.local/lib/python3.12/site-packages/airflow/example_dags/example_time_delta_sensor_async.py
[2024-04-21T15:17:14.764+0000] {processor.py:830} INFO - Processing file /home/airflow/.local/lib/python3.12/site-packages/airflow/example_dags/example_time_delta_sensor_async.py for tasks to queue
[2024-04-21T15:17:14.765+0000] {logging_mixin.py:188} INFO - [2024-04-21T15:17:14.765+0000] {dagbag.py:540} INFO - Filling up the DagBag from /home/airflow/.local/lib/python3.12/site-packages/airflow/example_dags/example_time_delta_sensor_async.py
[2024-04-21T15:17:14.768+0000] {processor.py:840} INFO - DAG(s) 'example_time_delta_sensor_async' retrieved from /home/airflow/.local/lib/python3.12/site-packages/airflow/example_dags/example_time_delta_sensor_async.py
[2024-04-21T15:17:14.779+0000] {logging_mixin.py:188} INFO - [2024-04-21T15:17:14.779+0000] {dag.py:3096} INFO - Sync 1 DAGs
[2024-04-21T15:17:14.784+0000] {logging_mixin.py:188} INFO - [2024-04-21T15:17:14.784+0000] {dag.py:3954} INFO - Setting next_dagrun for example_time_delta_sensor_async to None, run_after=None
[2024-04-21T15:17:14.792+0000] {processor.py:183} INFO - Processing /home/airflow/.local/lib/python3.12/site-packages/airflow/example_dags/example_time_delta_sensor_async.py took 0.031 seconds
[2024-04-21T15:17:44.942+0000] {processor.py:161} INFO - Started process (PID=16631) to work on /home/airflow/.local/lib/python3.12/site-packages/airflow/example_dags/example_time_delta_sensor_async.py
[2024-04-21T15:17:44.943+0000] {processor.py:830} INFO - Processing file /home/airflow/.local/lib/python3.12/site-packages/airflow/example_dags/example_time_delta_sensor_async.py for tasks to queue
[2024-04-21T15:17:44.944+0000] {logging_mixin.py:188} INFO - [2024-04-21T15:17:44.944+0000] {dagbag.py:540} INFO - Filling up the DagBag from /home/airflow/.local/lib/python3.12/site-packages/airflow/example_dags/example_time_delta_sensor_async.py
[2024-04-21T15:17:44.947+0000] {processor.py:840} INFO - DAG(s) 'example_time_delta_sensor_async' retrieved from /home/airflow/.local/lib/python3.12/site-packages/airflow/example_dags/example_time_delta_sensor_async.py
[2024-04-21T15:17:44.959+0000] {logging_mixin.py:188} INFO - [2024-04-21T15:17:44.958+0000] {dag.py:3096} INFO - Sync 1 DAGs
[2024-04-21T15:17:44.964+0000] {logging_mixin.py:188} INFO - [2024-04-21T15:17:44.964+0000] {dag.py:3954} INFO - Setting next_dagrun for example_time_delta_sensor_async to None, run_after=None
[2024-04-21T15:17:44.971+0000] {processor.py:183} INFO - Processing /home/airflow/.local/lib/python3.12/site-packages/airflow/example_dags/example_time_delta_sensor_async.py took 0.032 seconds
[2024-04-21T15:18:15.058+0000] {processor.py:161} INFO - Started process (PID=16898) to work on /home/airflow/.local/lib/python3.12/site-packages/airflow/example_dags/example_time_delta_sensor_async.py
[2024-04-21T15:18:15.059+0000] {processor.py:830} INFO - Processing file /home/airflow/.local/lib/python3.12/site-packages/airflow/example_dags/example_time_delta_sensor_async.py for tasks to queue
[2024-04-21T15:18:15.060+0000] {logging_mixin.py:188} INFO - [2024-04-21T15:18:15.060+0000] {dagbag.py:540} INFO - Filling up the DagBag from /home/airflow/.local/lib/python3.12/site-packages/airflow/example_dags/example_time_delta_sensor_async.py
[2024-04-21T15:18:15.063+0000] {processor.py:840} INFO - DAG(s) 'example_time_delta_sensor_async' retrieved from /home/airflow/.local/lib/python3.12/site-packages/airflow/example_dags/example_time_delta_sensor_async.py
[2024-04-21T15:18:15.076+0000] {logging_mixin.py:188} INFO - [2024-04-21T15:18:15.076+0000] {dag.py:3096} INFO - Sync 1 DAGs
[2024-04-21T15:18:15.082+0000] {logging_mixin.py:188} INFO - [2024-04-21T15:18:15.082+0000] {dag.py:3954} INFO - Setting next_dagrun for example_time_delta_sensor_async to None, run_after=None
[2024-04-21T15:18:15.090+0000] {processor.py:183} INFO - Processing /home/airflow/.local/lib/python3.12/site-packages/airflow/example_dags/example_time_delta_sensor_async.py took 0.035 seconds
[2024-04-21T15:18:45.149+0000] {processor.py:161} INFO - Started process (PID=17164) to work on /home/airflow/.local/lib/python3.12/site-packages/airflow/example_dags/example_time_delta_sensor_async.py
[2024-04-21T15:18:45.150+0000] {processor.py:830} INFO - Processing file /home/airflow/.local/lib/python3.12/site-packages/airflow/example_dags/example_time_delta_sensor_async.py for tasks to queue
[2024-04-21T15:18:45.151+0000] {logging_mixin.py:188} INFO - [2024-04-21T15:18:45.151+0000] {dagbag.py:540} INFO - Filling up the DagBag from /home/airflow/.local/lib/python3.12/site-packages/airflow/example_dags/example_time_delta_sensor_async.py
[2024-04-21T15:18:45.154+0000] {processor.py:840} INFO - DAG(s) 'example_time_delta_sensor_async' retrieved from /home/airflow/.local/lib/python3.12/site-packages/airflow/example_dags/example_time_delta_sensor_async.py
[2024-04-21T15:18:45.166+0000] {logging_mixin.py:188} INFO - [2024-04-21T15:18:45.166+0000] {dag.py:3096} INFO - Sync 1 DAGs
[2024-04-21T15:18:45.172+0000] {logging_mixin.py:188} INFO - [2024-04-21T15:18:45.171+0000] {dag.py:3954} INFO - Setting next_dagrun for example_time_delta_sensor_async to None, run_after=None
[2024-04-21T15:18:45.179+0000] {processor.py:183} INFO - Processing /home/airflow/.local/lib/python3.12/site-packages/airflow/example_dags/example_time_delta_sensor_async.py took 0.032 seconds
[2024-04-21T15:19:15.993+0000] {processor.py:161} INFO - Started process (PID=17429) to work on /home/airflow/.local/lib/python3.12/site-packages/airflow/example_dags/example_time_delta_sensor_async.py
[2024-04-21T15:19:15.994+0000] {processor.py:830} INFO - Processing file /home/airflow/.local/lib/python3.12/site-packages/airflow/example_dags/example_time_delta_sensor_async.py for tasks to queue
[2024-04-21T15:19:15.995+0000] {logging_mixin.py:188} INFO - [2024-04-21T15:19:15.995+0000] {dagbag.py:540} INFO - Filling up the DagBag from /home/airflow/.local/lib/python3.12/site-packages/airflow/example_dags/example_time_delta_sensor_async.py
[2024-04-21T15:19:15.997+0000] {processor.py:840} INFO - DAG(s) 'example_time_delta_sensor_async' retrieved from /home/airflow/.local/lib/python3.12/site-packages/airflow/example_dags/example_time_delta_sensor_async.py
[2024-04-21T15:19:16.010+0000] {logging_mixin.py:188} INFO - [2024-04-21T15:19:16.010+0000] {dag.py:3096} INFO - Sync 1 DAGs
[2024-04-21T15:19:16.016+0000] {logging_mixin.py:188} INFO - [2024-04-21T15:19:16.016+0000] {dag.py:3954} INFO - Setting next_dagrun for example_time_delta_sensor_async to None, run_after=None
[2024-04-21T15:19:16.024+0000] {processor.py:183} INFO - Processing /home/airflow/.local/lib/python3.12/site-packages/airflow/example_dags/example_time_delta_sensor_async.py took 0.034 seconds
[2024-04-21T15:19:46.161+0000] {processor.py:161} INFO - Started process (PID=17695) to work on /home/airflow/.local/lib/python3.12/site-packages/airflow/example_dags/example_time_delta_sensor_async.py
[2024-04-21T15:19:46.161+0000] {processor.py:830} INFO - Processing file /home/airflow/.local/lib/python3.12/site-packages/airflow/example_dags/example_time_delta_sensor_async.py for tasks to queue
[2024-04-21T15:19:46.162+0000] {logging_mixin.py:188} INFO - [2024-04-21T15:19:46.162+0000] {dagbag.py:540} INFO - Filling up the DagBag from /home/airflow/.local/lib/python3.12/site-packages/airflow/example_dags/example_time_delta_sensor_async.py
[2024-04-21T15:19:46.165+0000] {processor.py:840} INFO - DAG(s) 'example_time_delta_sensor_async' retrieved from /home/airflow/.local/lib/python3.12/site-packages/airflow/example_dags/example_time_delta_sensor_async.py
[2024-04-21T15:19:46.177+0000] {logging_mixin.py:188} INFO - [2024-04-21T15:19:46.177+0000] {dag.py:3096} INFO - Sync 1 DAGs
[2024-04-21T15:19:46.182+0000] {logging_mixin.py:188} INFO - [2024-04-21T15:19:46.182+0000] {dag.py:3954} INFO - Setting next_dagrun for example_time_delta_sensor_async to None, run_after=None
[2024-04-21T15:19:46.190+0000] {processor.py:183} INFO - Processing /home/airflow/.local/lib/python3.12/site-packages/airflow/example_dags/example_time_delta_sensor_async.py took 0.032 seconds
[2024-04-21T15:20:16.345+0000] {processor.py:161} INFO - Started process (PID=17962) to work on /home/airflow/.local/lib/python3.12/site-packages/airflow/example_dags/example_time_delta_sensor_async.py
[2024-04-21T15:20:16.345+0000] {processor.py:830} INFO - Processing file /home/airflow/.local/lib/python3.12/site-packages/airflow/example_dags/example_time_delta_sensor_async.py for tasks to queue
[2024-04-21T15:20:16.346+0000] {logging_mixin.py:188} INFO - [2024-04-21T15:20:16.346+0000] {dagbag.py:540} INFO - Filling up the DagBag from /home/airflow/.local/lib/python3.12/site-packages/airflow/example_dags/example_time_delta_sensor_async.py
[2024-04-21T15:20:16.349+0000] {processor.py:840} INFO - DAG(s) 'example_time_delta_sensor_async' retrieved from /home/airflow/.local/lib/python3.12/site-packages/airflow/example_dags/example_time_delta_sensor_async.py
[2024-04-21T15:20:16.361+0000] {logging_mixin.py:188} INFO - [2024-04-21T15:20:16.360+0000] {dag.py:3096} INFO - Sync 1 DAGs
[2024-04-21T15:20:16.366+0000] {logging_mixin.py:188} INFO - [2024-04-21T15:20:16.366+0000] {dag.py:3954} INFO - Setting next_dagrun for example_time_delta_sensor_async to None, run_after=None
[2024-04-21T15:20:16.374+0000] {processor.py:183} INFO - Processing /home/airflow/.local/lib/python3.12/site-packages/airflow/example_dags/example_time_delta_sensor_async.py took 0.031 seconds
