[2024-04-21T14:30:03.470+0000] {processor.py:161} INFO - Started process (PID=381) to work on /home/airflow/.local/lib/python3.12/site-packages/airflow/example_dags/example_bash_operator.py
[2024-04-21T14:30:03.471+0000] {processor.py:830} INFO - Processing file /home/airflow/.local/lib/python3.12/site-packages/airflow/example_dags/example_bash_operator.py for tasks to queue
[2024-04-21T14:30:03.472+0000] {logging_mixin.py:188} INFO - [2024-04-21T14:30:03.472+0000] {dagbag.py:540} INFO - Filling up the DagBag from /home/airflow/.local/lib/python3.12/site-packages/airflow/example_dags/example_bash_operator.py
[2024-04-21T14:30:03.480+0000] {processor.py:840} INFO - DAG(s) 'example_bash_operator' retrieved from /home/airflow/.local/lib/python3.12/site-packages/airflow/example_dags/example_bash_operator.py
[2024-04-21T14:30:03.491+0000] {logging_mixin.py:188} INFO - [2024-04-21T14:30:03.491+0000] {dag.py:3096} INFO - Sync 1 DAGs
[2024-04-21T14:30:03.505+0000] {logging_mixin.py:188} INFO - [2024-04-21T14:30:03.505+0000] {dag.py:3954} INFO - Setting next_dagrun for example_bash_operator to 2024-04-20 00:00:00+00:00, run_after=2024-04-21 00:00:00+00:00
[2024-04-21T14:30:03.516+0000] {processor.py:183} INFO - Processing /home/airflow/.local/lib/python3.12/site-packages/airflow/example_dags/example_bash_operator.py took 0.050 seconds
[2024-04-21T14:30:34.660+0000] {processor.py:161} INFO - Started process (PID=645) to work on /home/airflow/.local/lib/python3.12/site-packages/airflow/example_dags/example_bash_operator.py
[2024-04-21T14:30:34.661+0000] {processor.py:830} INFO - Processing file /home/airflow/.local/lib/python3.12/site-packages/airflow/example_dags/example_bash_operator.py for tasks to queue
[2024-04-21T14:30:34.662+0000] {logging_mixin.py:188} INFO - [2024-04-21T14:30:34.662+0000] {dagbag.py:540} INFO - Filling up the DagBag from /home/airflow/.local/lib/python3.12/site-packages/airflow/example_dags/example_bash_operator.py
[2024-04-21T14:30:34.670+0000] {processor.py:840} INFO - DAG(s) 'example_bash_operator' retrieved from /home/airflow/.local/lib/python3.12/site-packages/airflow/example_dags/example_bash_operator.py
[2024-04-21T14:30:34.746+0000] {logging_mixin.py:188} INFO - [2024-04-21T14:30:34.745+0000] {dag.py:3096} INFO - Sync 1 DAGs
[2024-04-21T14:30:34.763+0000] {logging_mixin.py:188} INFO - [2024-04-21T14:30:34.763+0000] {dag.py:3954} INFO - Setting next_dagrun for example_bash_operator to 2024-04-20 00:00:00+00:00, run_after=2024-04-21 00:00:00+00:00
[2024-04-21T14:30:34.776+0000] {processor.py:183} INFO - Processing /home/airflow/.local/lib/python3.12/site-packages/airflow/example_dags/example_bash_operator.py took 0.120 seconds
[2024-04-21T14:31:05.342+0000] {processor.py:161} INFO - Started process (PID=905) to work on /home/airflow/.local/lib/python3.12/site-packages/airflow/example_dags/example_bash_operator.py
[2024-04-21T14:31:05.343+0000] {processor.py:830} INFO - Processing file /home/airflow/.local/lib/python3.12/site-packages/airflow/example_dags/example_bash_operator.py for tasks to queue
[2024-04-21T14:31:05.344+0000] {logging_mixin.py:188} INFO - [2024-04-21T14:31:05.344+0000] {dagbag.py:540} INFO - Filling up the DagBag from /home/airflow/.local/lib/python3.12/site-packages/airflow/example_dags/example_bash_operator.py
[2024-04-21T14:31:05.351+0000] {processor.py:840} INFO - DAG(s) 'example_bash_operator' retrieved from /home/airflow/.local/lib/python3.12/site-packages/airflow/example_dags/example_bash_operator.py
[2024-04-21T14:31:05.370+0000] {logging_mixin.py:188} INFO - [2024-04-21T14:31:05.370+0000] {dag.py:3096} INFO - Sync 1 DAGs
[2024-04-21T14:31:05.384+0000] {logging_mixin.py:188} INFO - [2024-04-21T14:31:05.384+0000] {dag.py:3954} INFO - Setting next_dagrun for example_bash_operator to 2024-04-20 00:00:00+00:00, run_after=2024-04-21 00:00:00+00:00
[2024-04-21T14:31:05.394+0000] {processor.py:183} INFO - Processing /home/airflow/.local/lib/python3.12/site-packages/airflow/example_dags/example_bash_operator.py took 0.056 seconds
[2024-04-21T14:31:36.010+0000] {processor.py:161} INFO - Started process (PID=1169) to work on /home/airflow/.local/lib/python3.12/site-packages/airflow/example_dags/example_bash_operator.py
[2024-04-21T14:31:36.011+0000] {processor.py:830} INFO - Processing file /home/airflow/.local/lib/python3.12/site-packages/airflow/example_dags/example_bash_operator.py for tasks to queue
[2024-04-21T14:31:36.013+0000] {logging_mixin.py:188} INFO - [2024-04-21T14:31:36.013+0000] {dagbag.py:540} INFO - Filling up the DagBag from /home/airflow/.local/lib/python3.12/site-packages/airflow/example_dags/example_bash_operator.py
[2024-04-21T14:31:36.022+0000] {processor.py:840} INFO - DAG(s) 'example_bash_operator' retrieved from /home/airflow/.local/lib/python3.12/site-packages/airflow/example_dags/example_bash_operator.py
[2024-04-21T14:31:36.049+0000] {logging_mixin.py:188} INFO - [2024-04-21T14:31:36.049+0000] {dag.py:3096} INFO - Sync 1 DAGs
[2024-04-21T14:31:36.069+0000] {logging_mixin.py:188} INFO - [2024-04-21T14:31:36.069+0000] {dag.py:3954} INFO - Setting next_dagrun for example_bash_operator to 2024-04-20 00:00:00+00:00, run_after=2024-04-21 00:00:00+00:00
[2024-04-21T14:31:36.081+0000] {processor.py:183} INFO - Processing /home/airflow/.local/lib/python3.12/site-packages/airflow/example_dags/example_bash_operator.py took 0.076 seconds
[2024-04-21T14:32:06.471+0000] {processor.py:161} INFO - Started process (PID=1428) to work on /home/airflow/.local/lib/python3.12/site-packages/airflow/example_dags/example_bash_operator.py
[2024-04-21T14:32:06.471+0000] {processor.py:830} INFO - Processing file /home/airflow/.local/lib/python3.12/site-packages/airflow/example_dags/example_bash_operator.py for tasks to queue
[2024-04-21T14:32:06.473+0000] {logging_mixin.py:188} INFO - [2024-04-21T14:32:06.472+0000] {dagbag.py:540} INFO - Filling up the DagBag from /home/airflow/.local/lib/python3.12/site-packages/airflow/example_dags/example_bash_operator.py
[2024-04-21T14:32:06.480+0000] {processor.py:840} INFO - DAG(s) 'example_bash_operator' retrieved from /home/airflow/.local/lib/python3.12/site-packages/airflow/example_dags/example_bash_operator.py
[2024-04-21T14:32:06.499+0000] {logging_mixin.py:188} INFO - [2024-04-21T14:32:06.499+0000] {dag.py:3096} INFO - Sync 1 DAGs
[2024-04-21T14:32:06.511+0000] {logging_mixin.py:188} INFO - [2024-04-21T14:32:06.511+0000] {dag.py:3954} INFO - Setting next_dagrun for example_bash_operator to 2024-04-20 00:00:00+00:00, run_after=2024-04-21 00:00:00+00:00
[2024-04-21T14:32:06.520+0000] {processor.py:183} INFO - Processing /home/airflow/.local/lib/python3.12/site-packages/airflow/example_dags/example_bash_operator.py took 0.054 seconds
[2024-04-21T14:32:36.944+0000] {processor.py:161} INFO - Started process (PID=1690) to work on /home/airflow/.local/lib/python3.12/site-packages/airflow/example_dags/example_bash_operator.py
[2024-04-21T14:32:36.945+0000] {processor.py:830} INFO - Processing file /home/airflow/.local/lib/python3.12/site-packages/airflow/example_dags/example_bash_operator.py for tasks to queue
[2024-04-21T14:32:36.946+0000] {logging_mixin.py:188} INFO - [2024-04-21T14:32:36.946+0000] {dagbag.py:540} INFO - Filling up the DagBag from /home/airflow/.local/lib/python3.12/site-packages/airflow/example_dags/example_bash_operator.py
[2024-04-21T14:32:36.953+0000] {processor.py:840} INFO - DAG(s) 'example_bash_operator' retrieved from /home/airflow/.local/lib/python3.12/site-packages/airflow/example_dags/example_bash_operator.py
[2024-04-21T14:32:36.971+0000] {logging_mixin.py:188} INFO - [2024-04-21T14:32:36.971+0000] {dag.py:3096} INFO - Sync 1 DAGs
[2024-04-21T14:32:36.984+0000] {logging_mixin.py:188} INFO - [2024-04-21T14:32:36.984+0000] {dag.py:3954} INFO - Setting next_dagrun for example_bash_operator to 2024-04-20 00:00:00+00:00, run_after=2024-04-21 00:00:00+00:00
[2024-04-21T14:32:36.993+0000] {processor.py:183} INFO - Processing /home/airflow/.local/lib/python3.12/site-packages/airflow/example_dags/example_bash_operator.py took 0.053 seconds
[2024-04-21T14:33:07.484+0000] {processor.py:161} INFO - Started process (PID=1952) to work on /home/airflow/.local/lib/python3.12/site-packages/airflow/example_dags/example_bash_operator.py
[2024-04-21T14:33:07.485+0000] {processor.py:830} INFO - Processing file /home/airflow/.local/lib/python3.12/site-packages/airflow/example_dags/example_bash_operator.py for tasks to queue
[2024-04-21T14:33:07.486+0000] {logging_mixin.py:188} INFO - [2024-04-21T14:33:07.486+0000] {dagbag.py:540} INFO - Filling up the DagBag from /home/airflow/.local/lib/python3.12/site-packages/airflow/example_dags/example_bash_operator.py
[2024-04-21T14:33:07.493+0000] {processor.py:840} INFO - DAG(s) 'example_bash_operator' retrieved from /home/airflow/.local/lib/python3.12/site-packages/airflow/example_dags/example_bash_operator.py
[2024-04-21T14:33:07.511+0000] {logging_mixin.py:188} INFO - [2024-04-21T14:33:07.511+0000] {dag.py:3096} INFO - Sync 1 DAGs
[2024-04-21T14:33:07.525+0000] {logging_mixin.py:188} INFO - [2024-04-21T14:33:07.525+0000] {dag.py:3954} INFO - Setting next_dagrun for example_bash_operator to 2024-04-20 00:00:00+00:00, run_after=2024-04-21 00:00:00+00:00
[2024-04-21T14:33:07.534+0000] {processor.py:183} INFO - Processing /home/airflow/.local/lib/python3.12/site-packages/airflow/example_dags/example_bash_operator.py took 0.054 seconds
[2024-04-21T14:33:38.075+0000] {processor.py:161} INFO - Started process (PID=2215) to work on /home/airflow/.local/lib/python3.12/site-packages/airflow/example_dags/example_bash_operator.py
[2024-04-21T14:33:38.076+0000] {processor.py:830} INFO - Processing file /home/airflow/.local/lib/python3.12/site-packages/airflow/example_dags/example_bash_operator.py for tasks to queue
[2024-04-21T14:33:38.078+0000] {logging_mixin.py:188} INFO - [2024-04-21T14:33:38.077+0000] {dagbag.py:540} INFO - Filling up the DagBag from /home/airflow/.local/lib/python3.12/site-packages/airflow/example_dags/example_bash_operator.py
[2024-04-21T14:33:38.085+0000] {processor.py:840} INFO - DAG(s) 'example_bash_operator' retrieved from /home/airflow/.local/lib/python3.12/site-packages/airflow/example_dags/example_bash_operator.py
[2024-04-21T14:33:38.103+0000] {logging_mixin.py:188} INFO - [2024-04-21T14:33:38.103+0000] {dag.py:3096} INFO - Sync 1 DAGs
[2024-04-21T14:33:38.117+0000] {logging_mixin.py:188} INFO - [2024-04-21T14:33:38.117+0000] {dag.py:3954} INFO - Setting next_dagrun for example_bash_operator to 2024-04-20 00:00:00+00:00, run_after=2024-04-21 00:00:00+00:00
[2024-04-21T14:33:38.127+0000] {processor.py:183} INFO - Processing /home/airflow/.local/lib/python3.12/site-packages/airflow/example_dags/example_bash_operator.py took 0.056 seconds
[2024-04-21T14:34:09.104+0000] {processor.py:161} INFO - Started process (PID=2479) to work on /home/airflow/.local/lib/python3.12/site-packages/airflow/example_dags/example_bash_operator.py
[2024-04-21T14:34:09.105+0000] {processor.py:830} INFO - Processing file /home/airflow/.local/lib/python3.12/site-packages/airflow/example_dags/example_bash_operator.py for tasks to queue
[2024-04-21T14:34:09.107+0000] {logging_mixin.py:188} INFO - [2024-04-21T14:34:09.107+0000] {dagbag.py:540} INFO - Filling up the DagBag from /home/airflow/.local/lib/python3.12/site-packages/airflow/example_dags/example_bash_operator.py
[2024-04-21T14:34:09.117+0000] {processor.py:840} INFO - DAG(s) 'example_bash_operator' retrieved from /home/airflow/.local/lib/python3.12/site-packages/airflow/example_dags/example_bash_operator.py
[2024-04-21T14:34:09.138+0000] {logging_mixin.py:188} INFO - [2024-04-21T14:34:09.138+0000] {dag.py:3096} INFO - Sync 1 DAGs
[2024-04-21T14:34:09.153+0000] {logging_mixin.py:188} INFO - [2024-04-21T14:34:09.153+0000] {dag.py:3954} INFO - Setting next_dagrun for example_bash_operator to 2024-04-20 00:00:00+00:00, run_after=2024-04-21 00:00:00+00:00
[2024-04-21T14:34:09.162+0000] {processor.py:183} INFO - Processing /home/airflow/.local/lib/python3.12/site-packages/airflow/example_dags/example_bash_operator.py took 0.064 seconds
[2024-04-21T14:34:39.982+0000] {processor.py:161} INFO - Started process (PID=2739) to work on /home/airflow/.local/lib/python3.12/site-packages/airflow/example_dags/example_bash_operator.py
[2024-04-21T14:34:39.983+0000] {processor.py:830} INFO - Processing file /home/airflow/.local/lib/python3.12/site-packages/airflow/example_dags/example_bash_operator.py for tasks to queue
[2024-04-21T14:34:39.984+0000] {logging_mixin.py:188} INFO - [2024-04-21T14:34:39.984+0000] {dagbag.py:540} INFO - Filling up the DagBag from /home/airflow/.local/lib/python3.12/site-packages/airflow/example_dags/example_bash_operator.py
[2024-04-21T14:34:39.992+0000] {processor.py:840} INFO - DAG(s) 'example_bash_operator' retrieved from /home/airflow/.local/lib/python3.12/site-packages/airflow/example_dags/example_bash_operator.py
[2024-04-21T14:34:40.012+0000] {logging_mixin.py:188} INFO - [2024-04-21T14:34:40.011+0000] {dag.py:3096} INFO - Sync 1 DAGs
[2024-04-21T14:34:40.026+0000] {logging_mixin.py:188} INFO - [2024-04-21T14:34:40.026+0000] {dag.py:3954} INFO - Setting next_dagrun for example_bash_operator to 2024-04-20 00:00:00+00:00, run_after=2024-04-21 00:00:00+00:00
[2024-04-21T14:34:40.036+0000] {processor.py:183} INFO - Processing /home/airflow/.local/lib/python3.12/site-packages/airflow/example_dags/example_bash_operator.py took 0.062 seconds
[2024-04-21T14:36:11.639+0000] {processor.py:161} INFO - Started process (PID=3010) to work on /home/airflow/.local/lib/python3.12/site-packages/airflow/example_dags/example_bash_operator.py
[2024-04-21T14:36:11.639+0000] {processor.py:830} INFO - Processing file /home/airflow/.local/lib/python3.12/site-packages/airflow/example_dags/example_bash_operator.py for tasks to queue
[2024-04-21T14:36:11.640+0000] {logging_mixin.py:188} INFO - [2024-04-21T14:36:11.640+0000] {dagbag.py:540} INFO - Filling up the DagBag from /home/airflow/.local/lib/python3.12/site-packages/airflow/example_dags/example_bash_operator.py
[2024-04-21T14:36:11.646+0000] {processor.py:840} INFO - DAG(s) 'example_bash_operator' retrieved from /home/airflow/.local/lib/python3.12/site-packages/airflow/example_dags/example_bash_operator.py
[2024-04-21T14:36:11.660+0000] {logging_mixin.py:188} INFO - [2024-04-21T14:36:11.660+0000] {dag.py:3096} INFO - Sync 1 DAGs
[2024-04-21T14:36:11.671+0000] {logging_mixin.py:188} INFO - [2024-04-21T14:36:11.671+0000] {dag.py:3954} INFO - Setting next_dagrun for example_bash_operator to 2024-04-20 00:00:00+00:00, run_after=2024-04-21 00:00:00+00:00
[2024-04-21T14:36:11.683+0000] {processor.py:183} INFO - Processing /home/airflow/.local/lib/python3.12/site-packages/airflow/example_dags/example_bash_operator.py took 0.048 seconds
[2024-04-21T14:36:42.478+0000] {processor.py:161} INFO - Started process (PID=3277) to work on /home/airflow/.local/lib/python3.12/site-packages/airflow/example_dags/example_bash_operator.py
[2024-04-21T14:36:42.479+0000] {processor.py:830} INFO - Processing file /home/airflow/.local/lib/python3.12/site-packages/airflow/example_dags/example_bash_operator.py for tasks to queue
[2024-04-21T14:36:42.480+0000] {logging_mixin.py:188} INFO - [2024-04-21T14:36:42.479+0000] {dagbag.py:540} INFO - Filling up the DagBag from /home/airflow/.local/lib/python3.12/site-packages/airflow/example_dags/example_bash_operator.py
[2024-04-21T14:36:42.485+0000] {processor.py:840} INFO - DAG(s) 'example_bash_operator' retrieved from /home/airflow/.local/lib/python3.12/site-packages/airflow/example_dags/example_bash_operator.py
[2024-04-21T14:36:42.499+0000] {logging_mixin.py:188} INFO - [2024-04-21T14:36:42.499+0000] {dag.py:3096} INFO - Sync 1 DAGs
[2024-04-21T14:36:42.509+0000] {logging_mixin.py:188} INFO - [2024-04-21T14:36:42.508+0000] {dag.py:3954} INFO - Setting next_dagrun for example_bash_operator to 2024-04-20 00:00:00+00:00, run_after=2024-04-21 00:00:00+00:00
[2024-04-21T14:36:42.516+0000] {processor.py:183} INFO - Processing /home/airflow/.local/lib/python3.12/site-packages/airflow/example_dags/example_bash_operator.py took 0.041 seconds
[2024-04-21T14:37:12.649+0000] {processor.py:161} INFO - Started process (PID=3542) to work on /home/airflow/.local/lib/python3.12/site-packages/airflow/example_dags/example_bash_operator.py
[2024-04-21T14:37:12.649+0000] {processor.py:830} INFO - Processing file /home/airflow/.local/lib/python3.12/site-packages/airflow/example_dags/example_bash_operator.py for tasks to queue
[2024-04-21T14:37:12.650+0000] {logging_mixin.py:188} INFO - [2024-04-21T14:37:12.650+0000] {dagbag.py:540} INFO - Filling up the DagBag from /home/airflow/.local/lib/python3.12/site-packages/airflow/example_dags/example_bash_operator.py
[2024-04-21T14:37:12.656+0000] {processor.py:840} INFO - DAG(s) 'example_bash_operator' retrieved from /home/airflow/.local/lib/python3.12/site-packages/airflow/example_dags/example_bash_operator.py
[2024-04-21T14:37:12.672+0000] {logging_mixin.py:188} INFO - [2024-04-21T14:37:12.672+0000] {dag.py:3096} INFO - Sync 1 DAGs
[2024-04-21T14:37:12.683+0000] {logging_mixin.py:188} INFO - [2024-04-21T14:37:12.683+0000] {dag.py:3954} INFO - Setting next_dagrun for example_bash_operator to 2024-04-20 00:00:00+00:00, run_after=2024-04-21 00:00:00+00:00
[2024-04-21T14:37:12.691+0000] {processor.py:183} INFO - Processing /home/airflow/.local/lib/python3.12/site-packages/airflow/example_dags/example_bash_operator.py took 0.045 seconds
[2024-04-21T14:37:43.692+0000] {processor.py:161} INFO - Started process (PID=3809) to work on /home/airflow/.local/lib/python3.12/site-packages/airflow/example_dags/example_bash_operator.py
[2024-04-21T14:37:43.693+0000] {processor.py:830} INFO - Processing file /home/airflow/.local/lib/python3.12/site-packages/airflow/example_dags/example_bash_operator.py for tasks to queue
[2024-04-21T14:37:43.693+0000] {logging_mixin.py:188} INFO - [2024-04-21T14:37:43.693+0000] {dagbag.py:540} INFO - Filling up the DagBag from /home/airflow/.local/lib/python3.12/site-packages/airflow/example_dags/example_bash_operator.py
[2024-04-21T14:37:43.699+0000] {processor.py:840} INFO - DAG(s) 'example_bash_operator' retrieved from /home/airflow/.local/lib/python3.12/site-packages/airflow/example_dags/example_bash_operator.py
[2024-04-21T14:37:43.712+0000] {logging_mixin.py:188} INFO - [2024-04-21T14:37:43.712+0000] {dag.py:3096} INFO - Sync 1 DAGs
[2024-04-21T14:37:43.723+0000] {logging_mixin.py:188} INFO - [2024-04-21T14:37:43.723+0000] {dag.py:3954} INFO - Setting next_dagrun for example_bash_operator to 2024-04-20 00:00:00+00:00, run_after=2024-04-21 00:00:00+00:00
[2024-04-21T14:37:43.730+0000] {processor.py:183} INFO - Processing /home/airflow/.local/lib/python3.12/site-packages/airflow/example_dags/example_bash_operator.py took 0.041 seconds
[2024-04-21T14:53:48.350+0000] {processor.py:161} INFO - Started process (PID=4079) to work on /home/airflow/.local/lib/python3.12/site-packages/airflow/example_dags/example_bash_operator.py
[2024-04-21T14:53:48.350+0000] {processor.py:830} INFO - Processing file /home/airflow/.local/lib/python3.12/site-packages/airflow/example_dags/example_bash_operator.py for tasks to queue
[2024-04-21T14:53:48.351+0000] {logging_mixin.py:188} INFO - [2024-04-21T14:53:48.351+0000] {dagbag.py:540} INFO - Filling up the DagBag from /home/airflow/.local/lib/python3.12/site-packages/airflow/example_dags/example_bash_operator.py
[2024-04-21T14:53:48.357+0000] {processor.py:840} INFO - DAG(s) 'example_bash_operator' retrieved from /home/airflow/.local/lib/python3.12/site-packages/airflow/example_dags/example_bash_operator.py
[2024-04-21T14:53:48.372+0000] {logging_mixin.py:188} INFO - [2024-04-21T14:53:48.371+0000] {dag.py:3096} INFO - Sync 1 DAGs
[2024-04-21T14:53:48.382+0000] {logging_mixin.py:188} INFO - [2024-04-21T14:53:48.382+0000] {dag.py:3954} INFO - Setting next_dagrun for example_bash_operator to 2024-04-20 00:00:00+00:00, run_after=2024-04-21 00:00:00+00:00
[2024-04-21T14:53:48.389+0000] {processor.py:183} INFO - Processing /home/airflow/.local/lib/python3.12/site-packages/airflow/example_dags/example_bash_operator.py took 0.042 seconds
[2024-04-21T14:54:19.348+0000] {processor.py:161} INFO - Started process (PID=4347) to work on /home/airflow/.local/lib/python3.12/site-packages/airflow/example_dags/example_bash_operator.py
[2024-04-21T14:54:19.348+0000] {processor.py:830} INFO - Processing file /home/airflow/.local/lib/python3.12/site-packages/airflow/example_dags/example_bash_operator.py for tasks to queue
[2024-04-21T14:54:19.349+0000] {logging_mixin.py:188} INFO - [2024-04-21T14:54:19.349+0000] {dagbag.py:540} INFO - Filling up the DagBag from /home/airflow/.local/lib/python3.12/site-packages/airflow/example_dags/example_bash_operator.py
[2024-04-21T14:54:19.355+0000] {processor.py:840} INFO - DAG(s) 'example_bash_operator' retrieved from /home/airflow/.local/lib/python3.12/site-packages/airflow/example_dags/example_bash_operator.py
[2024-04-21T14:54:19.369+0000] {logging_mixin.py:188} INFO - [2024-04-21T14:54:19.369+0000] {dag.py:3096} INFO - Sync 1 DAGs
[2024-04-21T14:54:19.378+0000] {logging_mixin.py:188} INFO - [2024-04-21T14:54:19.378+0000] {dag.py:3954} INFO - Setting next_dagrun for example_bash_operator to 2024-04-20 00:00:00+00:00, run_after=2024-04-21 00:00:00+00:00
[2024-04-21T14:54:19.386+0000] {processor.py:183} INFO - Processing /home/airflow/.local/lib/python3.12/site-packages/airflow/example_dags/example_bash_operator.py took 0.041 seconds
[2024-04-21T14:54:50.356+0000] {processor.py:161} INFO - Started process (PID=4612) to work on /home/airflow/.local/lib/python3.12/site-packages/airflow/example_dags/example_bash_operator.py
[2024-04-21T14:54:50.357+0000] {processor.py:830} INFO - Processing file /home/airflow/.local/lib/python3.12/site-packages/airflow/example_dags/example_bash_operator.py for tasks to queue
[2024-04-21T14:54:50.358+0000] {logging_mixin.py:188} INFO - [2024-04-21T14:54:50.358+0000] {dagbag.py:540} INFO - Filling up the DagBag from /home/airflow/.local/lib/python3.12/site-packages/airflow/example_dags/example_bash_operator.py
[2024-04-21T14:54:50.363+0000] {processor.py:840} INFO - DAG(s) 'example_bash_operator' retrieved from /home/airflow/.local/lib/python3.12/site-packages/airflow/example_dags/example_bash_operator.py
[2024-04-21T14:54:50.377+0000] {logging_mixin.py:188} INFO - [2024-04-21T14:54:50.377+0000] {dag.py:3096} INFO - Sync 1 DAGs
[2024-04-21T14:54:50.387+0000] {logging_mixin.py:188} INFO - [2024-04-21T14:54:50.387+0000] {dag.py:3954} INFO - Setting next_dagrun for example_bash_operator to 2024-04-20 00:00:00+00:00, run_after=2024-04-21 00:00:00+00:00
[2024-04-21T14:54:50.395+0000] {processor.py:183} INFO - Processing /home/airflow/.local/lib/python3.12/site-packages/airflow/example_dags/example_bash_operator.py took 0.042 seconds
[2024-04-21T14:55:21.244+0000] {processor.py:161} INFO - Started process (PID=4879) to work on /home/airflow/.local/lib/python3.12/site-packages/airflow/example_dags/example_bash_operator.py
[2024-04-21T14:55:21.245+0000] {processor.py:830} INFO - Processing file /home/airflow/.local/lib/python3.12/site-packages/airflow/example_dags/example_bash_operator.py for tasks to queue
[2024-04-21T14:55:21.246+0000] {logging_mixin.py:188} INFO - [2024-04-21T14:55:21.246+0000] {dagbag.py:540} INFO - Filling up the DagBag from /home/airflow/.local/lib/python3.12/site-packages/airflow/example_dags/example_bash_operator.py
[2024-04-21T14:55:21.251+0000] {processor.py:840} INFO - DAG(s) 'example_bash_operator' retrieved from /home/airflow/.local/lib/python3.12/site-packages/airflow/example_dags/example_bash_operator.py
[2024-04-21T14:55:21.266+0000] {logging_mixin.py:188} INFO - [2024-04-21T14:55:21.265+0000] {dag.py:3096} INFO - Sync 1 DAGs
[2024-04-21T14:55:21.275+0000] {logging_mixin.py:188} INFO - [2024-04-21T14:55:21.275+0000] {dag.py:3954} INFO - Setting next_dagrun for example_bash_operator to 2024-04-20 00:00:00+00:00, run_after=2024-04-21 00:00:00+00:00
[2024-04-21T14:55:21.283+0000] {processor.py:183} INFO - Processing /home/airflow/.local/lib/python3.12/site-packages/airflow/example_dags/example_bash_operator.py took 0.042 seconds
[2024-04-21T14:55:52.025+0000] {processor.py:161} INFO - Started process (PID=5146) to work on /home/airflow/.local/lib/python3.12/site-packages/airflow/example_dags/example_bash_operator.py
[2024-04-21T14:55:52.026+0000] {processor.py:830} INFO - Processing file /home/airflow/.local/lib/python3.12/site-packages/airflow/example_dags/example_bash_operator.py for tasks to queue
[2024-04-21T14:55:52.027+0000] {logging_mixin.py:188} INFO - [2024-04-21T14:55:52.027+0000] {dagbag.py:540} INFO - Filling up the DagBag from /home/airflow/.local/lib/python3.12/site-packages/airflow/example_dags/example_bash_operator.py
[2024-04-21T14:55:52.032+0000] {processor.py:840} INFO - DAG(s) 'example_bash_operator' retrieved from /home/airflow/.local/lib/python3.12/site-packages/airflow/example_dags/example_bash_operator.py
[2024-04-21T14:55:52.047+0000] {logging_mixin.py:188} INFO - [2024-04-21T14:55:52.047+0000] {dag.py:3096} INFO - Sync 1 DAGs
[2024-04-21T14:55:52.057+0000] {logging_mixin.py:188} INFO - [2024-04-21T14:55:52.057+0000] {dag.py:3954} INFO - Setting next_dagrun for example_bash_operator to 2024-04-20 00:00:00+00:00, run_after=2024-04-21 00:00:00+00:00
[2024-04-21T14:55:52.066+0000] {processor.py:183} INFO - Processing /home/airflow/.local/lib/python3.12/site-packages/airflow/example_dags/example_bash_operator.py took 0.044 seconds
[2024-04-21T14:56:22.872+0000] {processor.py:161} INFO - Started process (PID=5413) to work on /home/airflow/.local/lib/python3.12/site-packages/airflow/example_dags/example_bash_operator.py
[2024-04-21T14:56:22.872+0000] {processor.py:830} INFO - Processing file /home/airflow/.local/lib/python3.12/site-packages/airflow/example_dags/example_bash_operator.py for tasks to queue
[2024-04-21T14:56:22.874+0000] {logging_mixin.py:188} INFO - [2024-04-21T14:56:22.873+0000] {dagbag.py:540} INFO - Filling up the DagBag from /home/airflow/.local/lib/python3.12/site-packages/airflow/example_dags/example_bash_operator.py
[2024-04-21T14:56:22.879+0000] {processor.py:840} INFO - DAG(s) 'example_bash_operator' retrieved from /home/airflow/.local/lib/python3.12/site-packages/airflow/example_dags/example_bash_operator.py
[2024-04-21T14:56:22.893+0000] {logging_mixin.py:188} INFO - [2024-04-21T14:56:22.893+0000] {dag.py:3096} INFO - Sync 1 DAGs
[2024-04-21T14:56:22.904+0000] {logging_mixin.py:188} INFO - [2024-04-21T14:56:22.904+0000] {dag.py:3954} INFO - Setting next_dagrun for example_bash_operator to 2024-04-20 00:00:00+00:00, run_after=2024-04-21 00:00:00+00:00
[2024-04-21T14:56:22.912+0000] {processor.py:183} INFO - Processing /home/airflow/.local/lib/python3.12/site-packages/airflow/example_dags/example_bash_operator.py took 0.044 seconds
[2024-04-21T14:56:53.968+0000] {processor.py:161} INFO - Started process (PID=5680) to work on /home/airflow/.local/lib/python3.12/site-packages/airflow/example_dags/example_bash_operator.py
[2024-04-21T14:56:53.969+0000] {processor.py:830} INFO - Processing file /home/airflow/.local/lib/python3.12/site-packages/airflow/example_dags/example_bash_operator.py for tasks to queue
[2024-04-21T14:56:53.970+0000] {logging_mixin.py:188} INFO - [2024-04-21T14:56:53.970+0000] {dagbag.py:540} INFO - Filling up the DagBag from /home/airflow/.local/lib/python3.12/site-packages/airflow/example_dags/example_bash_operator.py
[2024-04-21T14:56:53.977+0000] {processor.py:840} INFO - DAG(s) 'example_bash_operator' retrieved from /home/airflow/.local/lib/python3.12/site-packages/airflow/example_dags/example_bash_operator.py
[2024-04-21T14:56:53.993+0000] {logging_mixin.py:188} INFO - [2024-04-21T14:56:53.993+0000] {dag.py:3096} INFO - Sync 1 DAGs
[2024-04-21T14:56:54.005+0000] {logging_mixin.py:188} INFO - [2024-04-21T14:56:54.005+0000] {dag.py:3954} INFO - Setting next_dagrun for example_bash_operator to 2024-04-20 00:00:00+00:00, run_after=2024-04-21 00:00:00+00:00
[2024-04-21T14:56:54.014+0000] {processor.py:183} INFO - Processing /home/airflow/.local/lib/python3.12/site-packages/airflow/example_dags/example_bash_operator.py took 0.050 seconds
[2024-04-21T14:57:24.035+0000] {processor.py:161} INFO - Started process (PID=5947) to work on /home/airflow/.local/lib/python3.12/site-packages/airflow/example_dags/example_bash_operator.py
[2024-04-21T14:57:24.036+0000] {processor.py:830} INFO - Processing file /home/airflow/.local/lib/python3.12/site-packages/airflow/example_dags/example_bash_operator.py for tasks to queue
[2024-04-21T14:57:24.037+0000] {logging_mixin.py:188} INFO - [2024-04-21T14:57:24.036+0000] {dagbag.py:540} INFO - Filling up the DagBag from /home/airflow/.local/lib/python3.12/site-packages/airflow/example_dags/example_bash_operator.py
[2024-04-21T14:57:24.042+0000] {processor.py:840} INFO - DAG(s) 'example_bash_operator' retrieved from /home/airflow/.local/lib/python3.12/site-packages/airflow/example_dags/example_bash_operator.py
[2024-04-21T14:57:24.057+0000] {logging_mixin.py:188} INFO - [2024-04-21T14:57:24.056+0000] {dag.py:3096} INFO - Sync 1 DAGs
[2024-04-21T14:57:24.066+0000] {logging_mixin.py:188} INFO - [2024-04-21T14:57:24.066+0000] {dag.py:3954} INFO - Setting next_dagrun for example_bash_operator to 2024-04-20 00:00:00+00:00, run_after=2024-04-21 00:00:00+00:00
[2024-04-21T14:57:24.074+0000] {processor.py:183} INFO - Processing /home/airflow/.local/lib/python3.12/site-packages/airflow/example_dags/example_bash_operator.py took 0.042 seconds
[2024-04-21T14:57:54.090+0000] {processor.py:161} INFO - Started process (PID=6220) to work on /home/airflow/.local/lib/python3.12/site-packages/airflow/example_dags/example_bash_operator.py
[2024-04-21T14:57:54.091+0000] {processor.py:830} INFO - Processing file /home/airflow/.local/lib/python3.12/site-packages/airflow/example_dags/example_bash_operator.py for tasks to queue
[2024-04-21T14:57:54.092+0000] {logging_mixin.py:188} INFO - [2024-04-21T14:57:54.092+0000] {dagbag.py:540} INFO - Filling up the DagBag from /home/airflow/.local/lib/python3.12/site-packages/airflow/example_dags/example_bash_operator.py
[2024-04-21T14:57:54.098+0000] {processor.py:840} INFO - DAG(s) 'example_bash_operator' retrieved from /home/airflow/.local/lib/python3.12/site-packages/airflow/example_dags/example_bash_operator.py
[2024-04-21T14:57:54.113+0000] {logging_mixin.py:188} INFO - [2024-04-21T14:57:54.112+0000] {dag.py:3096} INFO - Sync 1 DAGs
[2024-04-21T14:57:54.123+0000] {logging_mixin.py:188} INFO - [2024-04-21T14:57:54.122+0000] {dag.py:3954} INFO - Setting next_dagrun for example_bash_operator to 2024-04-20 00:00:00+00:00, run_after=2024-04-21 00:00:00+00:00
[2024-04-21T14:57:54.131+0000] {processor.py:183} INFO - Processing /home/airflow/.local/lib/python3.12/site-packages/airflow/example_dags/example_bash_operator.py took 0.043 seconds
[2024-04-21T14:58:25.165+0000] {processor.py:161} INFO - Started process (PID=6486) to work on /home/airflow/.local/lib/python3.12/site-packages/airflow/example_dags/example_bash_operator.py
[2024-04-21T14:58:25.166+0000] {processor.py:830} INFO - Processing file /home/airflow/.local/lib/python3.12/site-packages/airflow/example_dags/example_bash_operator.py for tasks to queue
[2024-04-21T14:58:25.167+0000] {logging_mixin.py:188} INFO - [2024-04-21T14:58:25.167+0000] {dagbag.py:540} INFO - Filling up the DagBag from /home/airflow/.local/lib/python3.12/site-packages/airflow/example_dags/example_bash_operator.py
[2024-04-21T14:58:25.172+0000] {processor.py:840} INFO - DAG(s) 'example_bash_operator' retrieved from /home/airflow/.local/lib/python3.12/site-packages/airflow/example_dags/example_bash_operator.py
[2024-04-21T14:58:25.188+0000] {logging_mixin.py:188} INFO - [2024-04-21T14:58:25.188+0000] {dag.py:3096} INFO - Sync 1 DAGs
[2024-04-21T14:58:25.199+0000] {logging_mixin.py:188} INFO - [2024-04-21T14:58:25.199+0000] {dag.py:3954} INFO - Setting next_dagrun for example_bash_operator to 2024-04-20 00:00:00+00:00, run_after=2024-04-21 00:00:00+00:00
[2024-04-21T14:58:25.208+0000] {processor.py:183} INFO - Processing /home/airflow/.local/lib/python3.12/site-packages/airflow/example_dags/example_bash_operator.py took 0.046 seconds
[2024-04-21T14:58:55.756+0000] {processor.py:161} INFO - Started process (PID=6762) to work on /home/airflow/.local/lib/python3.12/site-packages/airflow/example_dags/example_bash_operator.py
[2024-04-21T14:58:55.757+0000] {processor.py:830} INFO - Processing file /home/airflow/.local/lib/python3.12/site-packages/airflow/example_dags/example_bash_operator.py for tasks to queue
[2024-04-21T14:58:55.758+0000] {logging_mixin.py:188} INFO - [2024-04-21T14:58:55.758+0000] {dagbag.py:540} INFO - Filling up the DagBag from /home/airflow/.local/lib/python3.12/site-packages/airflow/example_dags/example_bash_operator.py
[2024-04-21T14:58:55.764+0000] {processor.py:840} INFO - DAG(s) 'example_bash_operator' retrieved from /home/airflow/.local/lib/python3.12/site-packages/airflow/example_dags/example_bash_operator.py
[2024-04-21T14:58:55.780+0000] {logging_mixin.py:188} INFO - [2024-04-21T14:58:55.780+0000] {dag.py:3096} INFO - Sync 1 DAGs
[2024-04-21T14:58:55.792+0000] {logging_mixin.py:188} INFO - [2024-04-21T14:58:55.792+0000] {dag.py:3954} INFO - Setting next_dagrun for example_bash_operator to 2024-04-20 00:00:00+00:00, run_after=2024-04-21 00:00:00+00:00
[2024-04-21T14:58:55.879+0000] {processor.py:183} INFO - Processing /home/airflow/.local/lib/python3.12/site-packages/airflow/example_dags/example_bash_operator.py took 0.126 seconds
[2024-04-21T14:59:26.452+0000] {processor.py:161} INFO - Started process (PID=7033) to work on /home/airflow/.local/lib/python3.12/site-packages/airflow/example_dags/example_bash_operator.py
[2024-04-21T14:59:26.453+0000] {processor.py:830} INFO - Processing file /home/airflow/.local/lib/python3.12/site-packages/airflow/example_dags/example_bash_operator.py for tasks to queue
[2024-04-21T14:59:26.454+0000] {logging_mixin.py:188} INFO - [2024-04-21T14:59:26.454+0000] {dagbag.py:540} INFO - Filling up the DagBag from /home/airflow/.local/lib/python3.12/site-packages/airflow/example_dags/example_bash_operator.py
[2024-04-21T14:59:26.459+0000] {processor.py:840} INFO - DAG(s) 'example_bash_operator' retrieved from /home/airflow/.local/lib/python3.12/site-packages/airflow/example_dags/example_bash_operator.py
[2024-04-21T14:59:26.474+0000] {logging_mixin.py:188} INFO - [2024-04-21T14:59:26.473+0000] {dag.py:3096} INFO - Sync 1 DAGs
[2024-04-21T14:59:26.484+0000] {logging_mixin.py:188} INFO - [2024-04-21T14:59:26.484+0000] {dag.py:3954} INFO - Setting next_dagrun for example_bash_operator to 2024-04-20 00:00:00+00:00, run_after=2024-04-21 00:00:00+00:00
[2024-04-21T14:59:26.492+0000] {processor.py:183} INFO - Processing /home/airflow/.local/lib/python3.12/site-packages/airflow/example_dags/example_bash_operator.py took 0.043 seconds
[2024-04-21T14:59:57.249+0000] {processor.py:161} INFO - Started process (PID=7300) to work on /home/airflow/.local/lib/python3.12/site-packages/airflow/example_dags/example_bash_operator.py
[2024-04-21T14:59:57.250+0000] {processor.py:830} INFO - Processing file /home/airflow/.local/lib/python3.12/site-packages/airflow/example_dags/example_bash_operator.py for tasks to queue
[2024-04-21T14:59:57.251+0000] {logging_mixin.py:188} INFO - [2024-04-21T14:59:57.251+0000] {dagbag.py:540} INFO - Filling up the DagBag from /home/airflow/.local/lib/python3.12/site-packages/airflow/example_dags/example_bash_operator.py
[2024-04-21T14:59:57.257+0000] {processor.py:840} INFO - DAG(s) 'example_bash_operator' retrieved from /home/airflow/.local/lib/python3.12/site-packages/airflow/example_dags/example_bash_operator.py
[2024-04-21T14:59:57.271+0000] {logging_mixin.py:188} INFO - [2024-04-21T14:59:57.270+0000] {dag.py:3096} INFO - Sync 1 DAGs
[2024-04-21T14:59:57.281+0000] {logging_mixin.py:188} INFO - [2024-04-21T14:59:57.281+0000] {dag.py:3954} INFO - Setting next_dagrun for example_bash_operator to 2024-04-20 00:00:00+00:00, run_after=2024-04-21 00:00:00+00:00
[2024-04-21T14:59:57.289+0000] {processor.py:183} INFO - Processing /home/airflow/.local/lib/python3.12/site-packages/airflow/example_dags/example_bash_operator.py took 0.043 seconds
[2024-04-21T15:00:28.149+0000] {processor.py:161} INFO - Started process (PID=7592) to work on /home/airflow/.local/lib/python3.12/site-packages/airflow/example_dags/example_bash_operator.py
[2024-04-21T15:00:28.150+0000] {processor.py:830} INFO - Processing file /home/airflow/.local/lib/python3.12/site-packages/airflow/example_dags/example_bash_operator.py for tasks to queue
[2024-04-21T15:00:28.150+0000] {logging_mixin.py:188} INFO - [2024-04-21T15:00:28.150+0000] {dagbag.py:540} INFO - Filling up the DagBag from /home/airflow/.local/lib/python3.12/site-packages/airflow/example_dags/example_bash_operator.py
[2024-04-21T15:00:28.156+0000] {processor.py:840} INFO - DAG(s) 'example_bash_operator' retrieved from /home/airflow/.local/lib/python3.12/site-packages/airflow/example_dags/example_bash_operator.py
[2024-04-21T15:00:28.170+0000] {logging_mixin.py:188} INFO - [2024-04-21T15:00:28.170+0000] {dag.py:3096} INFO - Sync 1 DAGs
[2024-04-21T15:00:28.180+0000] {logging_mixin.py:188} INFO - [2024-04-21T15:00:28.180+0000] {dag.py:3954} INFO - Setting next_dagrun for example_bash_operator to 2024-04-20 00:00:00+00:00, run_after=2024-04-21 00:00:00+00:00
[2024-04-21T15:00:28.187+0000] {processor.py:183} INFO - Processing /home/airflow/.local/lib/python3.12/site-packages/airflow/example_dags/example_bash_operator.py took 0.042 seconds
[2024-04-21T15:00:59.223+0000] {processor.py:161} INFO - Started process (PID=7861) to work on /home/airflow/.local/lib/python3.12/site-packages/airflow/example_dags/example_bash_operator.py
[2024-04-21T15:00:59.224+0000] {processor.py:830} INFO - Processing file /home/airflow/.local/lib/python3.12/site-packages/airflow/example_dags/example_bash_operator.py for tasks to queue
[2024-04-21T15:00:59.225+0000] {logging_mixin.py:188} INFO - [2024-04-21T15:00:59.225+0000] {dagbag.py:540} INFO - Filling up the DagBag from /home/airflow/.local/lib/python3.12/site-packages/airflow/example_dags/example_bash_operator.py
[2024-04-21T15:00:59.231+0000] {processor.py:840} INFO - DAG(s) 'example_bash_operator' retrieved from /home/airflow/.local/lib/python3.12/site-packages/airflow/example_dags/example_bash_operator.py
[2024-04-21T15:00:59.245+0000] {logging_mixin.py:188} INFO - [2024-04-21T15:00:59.245+0000] {dag.py:3096} INFO - Sync 1 DAGs
[2024-04-21T15:00:59.255+0000] {logging_mixin.py:188} INFO - [2024-04-21T15:00:59.255+0000] {dag.py:3954} INFO - Setting next_dagrun for example_bash_operator to 2024-04-20 00:00:00+00:00, run_after=2024-04-21 00:00:00+00:00
[2024-04-21T15:00:59.263+0000] {processor.py:183} INFO - Processing /home/airflow/.local/lib/python3.12/site-packages/airflow/example_dags/example_bash_operator.py took 0.043 seconds
[2024-04-21T15:01:29.474+0000] {processor.py:161} INFO - Started process (PID=8128) to work on /home/airflow/.local/lib/python3.12/site-packages/airflow/example_dags/example_bash_operator.py
[2024-04-21T15:01:29.474+0000] {processor.py:830} INFO - Processing file /home/airflow/.local/lib/python3.12/site-packages/airflow/example_dags/example_bash_operator.py for tasks to queue
[2024-04-21T15:01:29.476+0000] {logging_mixin.py:188} INFO - [2024-04-21T15:01:29.475+0000] {dagbag.py:540} INFO - Filling up the DagBag from /home/airflow/.local/lib/python3.12/site-packages/airflow/example_dags/example_bash_operator.py
[2024-04-21T15:01:29.481+0000] {processor.py:840} INFO - DAG(s) 'example_bash_operator' retrieved from /home/airflow/.local/lib/python3.12/site-packages/airflow/example_dags/example_bash_operator.py
[2024-04-21T15:01:29.495+0000] {logging_mixin.py:188} INFO - [2024-04-21T15:01:29.495+0000] {dag.py:3096} INFO - Sync 1 DAGs
[2024-04-21T15:01:29.506+0000] {logging_mixin.py:188} INFO - [2024-04-21T15:01:29.506+0000] {dag.py:3954} INFO - Setting next_dagrun for example_bash_operator to 2024-04-20 00:00:00+00:00, run_after=2024-04-21 00:00:00+00:00
[2024-04-21T15:01:29.513+0000] {processor.py:183} INFO - Processing /home/airflow/.local/lib/python3.12/site-packages/airflow/example_dags/example_bash_operator.py took 0.043 seconds
[2024-04-21T15:02:00.507+0000] {processor.py:161} INFO - Started process (PID=8408) to work on /home/airflow/.local/lib/python3.12/site-packages/airflow/example_dags/example_bash_operator.py
[2024-04-21T15:02:00.507+0000] {processor.py:830} INFO - Processing file /home/airflow/.local/lib/python3.12/site-packages/airflow/example_dags/example_bash_operator.py for tasks to queue
[2024-04-21T15:02:00.508+0000] {logging_mixin.py:188} INFO - [2024-04-21T15:02:00.508+0000] {dagbag.py:540} INFO - Filling up the DagBag from /home/airflow/.local/lib/python3.12/site-packages/airflow/example_dags/example_bash_operator.py
[2024-04-21T15:02:00.513+0000] {processor.py:840} INFO - DAG(s) 'example_bash_operator' retrieved from /home/airflow/.local/lib/python3.12/site-packages/airflow/example_dags/example_bash_operator.py
[2024-04-21T15:02:00.527+0000] {logging_mixin.py:188} INFO - [2024-04-21T15:02:00.527+0000] {dag.py:3096} INFO - Sync 1 DAGs
[2024-04-21T15:02:00.537+0000] {logging_mixin.py:188} INFO - [2024-04-21T15:02:00.536+0000] {dag.py:3954} INFO - Setting next_dagrun for example_bash_operator to 2024-04-20 00:00:00+00:00, run_after=2024-04-21 00:00:00+00:00
[2024-04-21T15:02:00.544+0000] {processor.py:183} INFO - Processing /home/airflow/.local/lib/python3.12/site-packages/airflow/example_dags/example_bash_operator.py took 0.040 seconds
[2024-04-21T15:02:31.342+0000] {processor.py:161} INFO - Started process (PID=8682) to work on /home/airflow/.local/lib/python3.12/site-packages/airflow/example_dags/example_bash_operator.py
[2024-04-21T15:02:31.343+0000] {processor.py:830} INFO - Processing file /home/airflow/.local/lib/python3.12/site-packages/airflow/example_dags/example_bash_operator.py for tasks to queue
[2024-04-21T15:02:31.344+0000] {logging_mixin.py:188} INFO - [2024-04-21T15:02:31.343+0000] {dagbag.py:540} INFO - Filling up the DagBag from /home/airflow/.local/lib/python3.12/site-packages/airflow/example_dags/example_bash_operator.py
[2024-04-21T15:02:31.349+0000] {processor.py:840} INFO - DAG(s) 'example_bash_operator' retrieved from /home/airflow/.local/lib/python3.12/site-packages/airflow/example_dags/example_bash_operator.py
[2024-04-21T15:02:31.362+0000] {logging_mixin.py:188} INFO - [2024-04-21T15:02:31.362+0000] {dag.py:3096} INFO - Sync 1 DAGs
[2024-04-21T15:02:31.372+0000] {logging_mixin.py:188} INFO - [2024-04-21T15:02:31.372+0000] {dag.py:3954} INFO - Setting next_dagrun for example_bash_operator to 2024-04-20 00:00:00+00:00, run_after=2024-04-21 00:00:00+00:00
[2024-04-21T15:02:31.379+0000] {processor.py:183} INFO - Processing /home/airflow/.local/lib/python3.12/site-packages/airflow/example_dags/example_bash_operator.py took 0.040 seconds
[2024-04-21T15:03:02.229+0000] {processor.py:161} INFO - Started process (PID=8958) to work on /home/airflow/.local/lib/python3.12/site-packages/airflow/example_dags/example_bash_operator.py
[2024-04-21T15:03:02.230+0000] {processor.py:830} INFO - Processing file /home/airflow/.local/lib/python3.12/site-packages/airflow/example_dags/example_bash_operator.py for tasks to queue
[2024-04-21T15:03:02.231+0000] {logging_mixin.py:188} INFO - [2024-04-21T15:03:02.230+0000] {dagbag.py:540} INFO - Filling up the DagBag from /home/airflow/.local/lib/python3.12/site-packages/airflow/example_dags/example_bash_operator.py
[2024-04-21T15:03:02.236+0000] {processor.py:840} INFO - DAG(s) 'example_bash_operator' retrieved from /home/airflow/.local/lib/python3.12/site-packages/airflow/example_dags/example_bash_operator.py
[2024-04-21T15:03:02.250+0000] {logging_mixin.py:188} INFO - [2024-04-21T15:03:02.250+0000] {dag.py:3096} INFO - Sync 1 DAGs
[2024-04-21T15:03:02.260+0000] {logging_mixin.py:188} INFO - [2024-04-21T15:03:02.260+0000] {dag.py:3954} INFO - Setting next_dagrun for example_bash_operator to 2024-04-20 00:00:00+00:00, run_after=2024-04-21 00:00:00+00:00
[2024-04-21T15:03:02.268+0000] {processor.py:183} INFO - Processing /home/airflow/.local/lib/python3.12/site-packages/airflow/example_dags/example_bash_operator.py took 0.042 seconds
[2024-04-21T15:03:33.154+0000] {processor.py:161} INFO - Started process (PID=9227) to work on /home/airflow/.local/lib/python3.12/site-packages/airflow/example_dags/example_bash_operator.py
[2024-04-21T15:03:33.155+0000] {processor.py:830} INFO - Processing file /home/airflow/.local/lib/python3.12/site-packages/airflow/example_dags/example_bash_operator.py for tasks to queue
[2024-04-21T15:03:33.156+0000] {logging_mixin.py:188} INFO - [2024-04-21T15:03:33.156+0000] {dagbag.py:540} INFO - Filling up the DagBag from /home/airflow/.local/lib/python3.12/site-packages/airflow/example_dags/example_bash_operator.py
[2024-04-21T15:03:33.162+0000] {processor.py:840} INFO - DAG(s) 'example_bash_operator' retrieved from /home/airflow/.local/lib/python3.12/site-packages/airflow/example_dags/example_bash_operator.py
[2024-04-21T15:03:33.176+0000] {logging_mixin.py:188} INFO - [2024-04-21T15:03:33.176+0000] {dag.py:3096} INFO - Sync 1 DAGs
[2024-04-21T15:03:33.185+0000] {logging_mixin.py:188} INFO - [2024-04-21T15:03:33.185+0000] {dag.py:3954} INFO - Setting next_dagrun for example_bash_operator to 2024-04-20 00:00:00+00:00, run_after=2024-04-21 00:00:00+00:00
[2024-04-21T15:03:33.193+0000] {processor.py:183} INFO - Processing /home/airflow/.local/lib/python3.12/site-packages/airflow/example_dags/example_bash_operator.py took 0.041 seconds
[2024-04-21T15:04:04.051+0000] {processor.py:161} INFO - Started process (PID=9492) to work on /home/airflow/.local/lib/python3.12/site-packages/airflow/example_dags/example_bash_operator.py
[2024-04-21T15:04:04.052+0000] {processor.py:830} INFO - Processing file /home/airflow/.local/lib/python3.12/site-packages/airflow/example_dags/example_bash_operator.py for tasks to queue
[2024-04-21T15:04:04.053+0000] {logging_mixin.py:188} INFO - [2024-04-21T15:04:04.052+0000] {dagbag.py:540} INFO - Filling up the DagBag from /home/airflow/.local/lib/python3.12/site-packages/airflow/example_dags/example_bash_operator.py
[2024-04-21T15:04:04.058+0000] {processor.py:840} INFO - DAG(s) 'example_bash_operator' retrieved from /home/airflow/.local/lib/python3.12/site-packages/airflow/example_dags/example_bash_operator.py
[2024-04-21T15:04:04.072+0000] {logging_mixin.py:188} INFO - [2024-04-21T15:04:04.071+0000] {dag.py:3096} INFO - Sync 1 DAGs
[2024-04-21T15:04:04.081+0000] {logging_mixin.py:188} INFO - [2024-04-21T15:04:04.081+0000] {dag.py:3954} INFO - Setting next_dagrun for example_bash_operator to 2024-04-20 00:00:00+00:00, run_after=2024-04-21 00:00:00+00:00
[2024-04-21T15:04:04.088+0000] {processor.py:183} INFO - Processing /home/airflow/.local/lib/python3.12/site-packages/airflow/example_dags/example_bash_operator.py took 0.040 seconds
[2024-04-21T15:04:34.907+0000] {processor.py:161} INFO - Started process (PID=9761) to work on /home/airflow/.local/lib/python3.12/site-packages/airflow/example_dags/example_bash_operator.py
[2024-04-21T15:04:34.907+0000] {processor.py:830} INFO - Processing file /home/airflow/.local/lib/python3.12/site-packages/airflow/example_dags/example_bash_operator.py for tasks to queue
[2024-04-21T15:04:34.908+0000] {logging_mixin.py:188} INFO - [2024-04-21T15:04:34.908+0000] {dagbag.py:540} INFO - Filling up the DagBag from /home/airflow/.local/lib/python3.12/site-packages/airflow/example_dags/example_bash_operator.py
[2024-04-21T15:04:34.914+0000] {processor.py:840} INFO - DAG(s) 'example_bash_operator' retrieved from /home/airflow/.local/lib/python3.12/site-packages/airflow/example_dags/example_bash_operator.py
[2024-04-21T15:04:34.928+0000] {logging_mixin.py:188} INFO - [2024-04-21T15:04:34.928+0000] {dag.py:3096} INFO - Sync 1 DAGs
[2024-04-21T15:04:34.938+0000] {logging_mixin.py:188} INFO - [2024-04-21T15:04:34.938+0000] {dag.py:3954} INFO - Setting next_dagrun for example_bash_operator to 2024-04-20 00:00:00+00:00, run_after=2024-04-21 00:00:00+00:00
[2024-04-21T15:04:34.945+0000] {processor.py:183} INFO - Processing /home/airflow/.local/lib/python3.12/site-packages/airflow/example_dags/example_bash_operator.py took 0.041 seconds
[2024-04-21T15:05:05.814+0000] {processor.py:161} INFO - Started process (PID=10027) to work on /home/airflow/.local/lib/python3.12/site-packages/airflow/example_dags/example_bash_operator.py
[2024-04-21T15:05:05.814+0000] {processor.py:830} INFO - Processing file /home/airflow/.local/lib/python3.12/site-packages/airflow/example_dags/example_bash_operator.py for tasks to queue
[2024-04-21T15:05:05.816+0000] {logging_mixin.py:188} INFO - [2024-04-21T15:05:05.815+0000] {dagbag.py:540} INFO - Filling up the DagBag from /home/airflow/.local/lib/python3.12/site-packages/airflow/example_dags/example_bash_operator.py
[2024-04-21T15:05:05.822+0000] {processor.py:840} INFO - DAG(s) 'example_bash_operator' retrieved from /home/airflow/.local/lib/python3.12/site-packages/airflow/example_dags/example_bash_operator.py
[2024-04-21T15:05:05.837+0000] {logging_mixin.py:188} INFO - [2024-04-21T15:05:05.837+0000] {dag.py:3096} INFO - Sync 1 DAGs
[2024-04-21T15:05:05.848+0000] {logging_mixin.py:188} INFO - [2024-04-21T15:05:05.848+0000] {dag.py:3954} INFO - Setting next_dagrun for example_bash_operator to 2024-04-20 00:00:00+00:00, run_after=2024-04-21 00:00:00+00:00
[2024-04-21T15:05:05.856+0000] {processor.py:183} INFO - Processing /home/airflow/.local/lib/python3.12/site-packages/airflow/example_dags/example_bash_operator.py took 0.046 seconds
[2024-04-21T15:05:36.653+0000] {processor.py:161} INFO - Started process (PID=10294) to work on /home/airflow/.local/lib/python3.12/site-packages/airflow/example_dags/example_bash_operator.py
[2024-04-21T15:05:36.654+0000] {processor.py:830} INFO - Processing file /home/airflow/.local/lib/python3.12/site-packages/airflow/example_dags/example_bash_operator.py for tasks to queue
[2024-04-21T15:05:36.655+0000] {logging_mixin.py:188} INFO - [2024-04-21T15:05:36.654+0000] {dagbag.py:540} INFO - Filling up the DagBag from /home/airflow/.local/lib/python3.12/site-packages/airflow/example_dags/example_bash_operator.py
[2024-04-21T15:05:36.660+0000] {processor.py:840} INFO - DAG(s) 'example_bash_operator' retrieved from /home/airflow/.local/lib/python3.12/site-packages/airflow/example_dags/example_bash_operator.py
[2024-04-21T15:05:36.675+0000] {logging_mixin.py:188} INFO - [2024-04-21T15:05:36.674+0000] {dag.py:3096} INFO - Sync 1 DAGs
[2024-04-21T15:05:36.684+0000] {logging_mixin.py:188} INFO - [2024-04-21T15:05:36.684+0000] {dag.py:3954} INFO - Setting next_dagrun for example_bash_operator to 2024-04-20 00:00:00+00:00, run_after=2024-04-21 00:00:00+00:00
[2024-04-21T15:05:36.692+0000] {processor.py:183} INFO - Processing /home/airflow/.local/lib/python3.12/site-packages/airflow/example_dags/example_bash_operator.py took 0.042 seconds
[2024-04-21T15:06:07.524+0000] {processor.py:161} INFO - Started process (PID=10559) to work on /home/airflow/.local/lib/python3.12/site-packages/airflow/example_dags/example_bash_operator.py
[2024-04-21T15:06:07.524+0000] {processor.py:830} INFO - Processing file /home/airflow/.local/lib/python3.12/site-packages/airflow/example_dags/example_bash_operator.py for tasks to queue
[2024-04-21T15:06:07.525+0000] {logging_mixin.py:188} INFO - [2024-04-21T15:06:07.525+0000] {dagbag.py:540} INFO - Filling up the DagBag from /home/airflow/.local/lib/python3.12/site-packages/airflow/example_dags/example_bash_operator.py
[2024-04-21T15:06:07.531+0000] {processor.py:840} INFO - DAG(s) 'example_bash_operator' retrieved from /home/airflow/.local/lib/python3.12/site-packages/airflow/example_dags/example_bash_operator.py
[2024-04-21T15:06:07.545+0000] {logging_mixin.py:188} INFO - [2024-04-21T15:06:07.544+0000] {dag.py:3096} INFO - Sync 1 DAGs
[2024-04-21T15:06:07.555+0000] {logging_mixin.py:188} INFO - [2024-04-21T15:06:07.555+0000] {dag.py:3954} INFO - Setting next_dagrun for example_bash_operator to 2024-04-20 00:00:00+00:00, run_after=2024-04-21 00:00:00+00:00
[2024-04-21T15:06:07.562+0000] {processor.py:183} INFO - Processing /home/airflow/.local/lib/python3.12/site-packages/airflow/example_dags/example_bash_operator.py took 0.042 seconds
[2024-04-21T15:06:38.476+0000] {processor.py:161} INFO - Started process (PID=10828) to work on /home/airflow/.local/lib/python3.12/site-packages/airflow/example_dags/example_bash_operator.py
[2024-04-21T15:06:38.477+0000] {processor.py:830} INFO - Processing file /home/airflow/.local/lib/python3.12/site-packages/airflow/example_dags/example_bash_operator.py for tasks to queue
[2024-04-21T15:06:38.478+0000] {logging_mixin.py:188} INFO - [2024-04-21T15:06:38.478+0000] {dagbag.py:540} INFO - Filling up the DagBag from /home/airflow/.local/lib/python3.12/site-packages/airflow/example_dags/example_bash_operator.py
[2024-04-21T15:06:38.483+0000] {processor.py:840} INFO - DAG(s) 'example_bash_operator' retrieved from /home/airflow/.local/lib/python3.12/site-packages/airflow/example_dags/example_bash_operator.py
[2024-04-21T15:06:38.498+0000] {logging_mixin.py:188} INFO - [2024-04-21T15:06:38.498+0000] {dag.py:3096} INFO - Sync 1 DAGs
[2024-04-21T15:06:38.507+0000] {logging_mixin.py:188} INFO - [2024-04-21T15:06:38.507+0000] {dag.py:3954} INFO - Setting next_dagrun for example_bash_operator to 2024-04-20 00:00:00+00:00, run_after=2024-04-21 00:00:00+00:00
[2024-04-21T15:06:38.515+0000] {processor.py:183} INFO - Processing /home/airflow/.local/lib/python3.12/site-packages/airflow/example_dags/example_bash_operator.py took 0.042 seconds
[2024-04-21T15:07:08.573+0000] {processor.py:161} INFO - Started process (PID=11093) to work on /home/airflow/.local/lib/python3.12/site-packages/airflow/example_dags/example_bash_operator.py
[2024-04-21T15:07:08.573+0000] {processor.py:830} INFO - Processing file /home/airflow/.local/lib/python3.12/site-packages/airflow/example_dags/example_bash_operator.py for tasks to queue
[2024-04-21T15:07:08.574+0000] {logging_mixin.py:188} INFO - [2024-04-21T15:07:08.574+0000] {dagbag.py:540} INFO - Filling up the DagBag from /home/airflow/.local/lib/python3.12/site-packages/airflow/example_dags/example_bash_operator.py
[2024-04-21T15:07:08.580+0000] {processor.py:840} INFO - DAG(s) 'example_bash_operator' retrieved from /home/airflow/.local/lib/python3.12/site-packages/airflow/example_dags/example_bash_operator.py
[2024-04-21T15:07:08.593+0000] {logging_mixin.py:188} INFO - [2024-04-21T15:07:08.593+0000] {dag.py:3096} INFO - Sync 1 DAGs
[2024-04-21T15:07:08.604+0000] {logging_mixin.py:188} INFO - [2024-04-21T15:07:08.603+0000] {dag.py:3954} INFO - Setting next_dagrun for example_bash_operator to 2024-04-20 00:00:00+00:00, run_after=2024-04-21 00:00:00+00:00
[2024-04-21T15:07:08.611+0000] {processor.py:183} INFO - Processing /home/airflow/.local/lib/python3.12/site-packages/airflow/example_dags/example_bash_operator.py took 0.042 seconds
[2024-04-21T15:07:38.811+0000] {processor.py:161} INFO - Started process (PID=11388) to work on /home/airflow/.local/lib/python3.12/site-packages/airflow/example_dags/example_bash_operator.py
[2024-04-21T15:07:38.811+0000] {processor.py:830} INFO - Processing file /home/airflow/.local/lib/python3.12/site-packages/airflow/example_dags/example_bash_operator.py for tasks to queue
[2024-04-21T15:07:38.812+0000] {logging_mixin.py:188} INFO - [2024-04-21T15:07:38.812+0000] {dagbag.py:540} INFO - Filling up the DagBag from /home/airflow/.local/lib/python3.12/site-packages/airflow/example_dags/example_bash_operator.py
[2024-04-21T15:07:38.817+0000] {processor.py:840} INFO - DAG(s) 'example_bash_operator' retrieved from /home/airflow/.local/lib/python3.12/site-packages/airflow/example_dags/example_bash_operator.py
[2024-04-21T15:07:38.831+0000] {logging_mixin.py:188} INFO - [2024-04-21T15:07:38.831+0000] {dag.py:3096} INFO - Sync 1 DAGs
[2024-04-21T15:07:38.841+0000] {logging_mixin.py:188} INFO - [2024-04-21T15:07:38.841+0000] {dag.py:3954} INFO - Setting next_dagrun for example_bash_operator to 2024-04-20 00:00:00+00:00, run_after=2024-04-21 00:00:00+00:00
[2024-04-21T15:07:38.847+0000] {processor.py:183} INFO - Processing /home/airflow/.local/lib/python3.12/site-packages/airflow/example_dags/example_bash_operator.py took 0.040 seconds
[2024-04-21T15:08:08.985+0000] {processor.py:161} INFO - Started process (PID=11660) to work on /home/airflow/.local/lib/python3.12/site-packages/airflow/example_dags/example_bash_operator.py
[2024-04-21T15:08:08.985+0000] {processor.py:830} INFO - Processing file /home/airflow/.local/lib/python3.12/site-packages/airflow/example_dags/example_bash_operator.py for tasks to queue
[2024-04-21T15:08:08.986+0000] {logging_mixin.py:188} INFO - [2024-04-21T15:08:08.986+0000] {dagbag.py:540} INFO - Filling up the DagBag from /home/airflow/.local/lib/python3.12/site-packages/airflow/example_dags/example_bash_operator.py
[2024-04-21T15:08:08.991+0000] {processor.py:840} INFO - DAG(s) 'example_bash_operator' retrieved from /home/airflow/.local/lib/python3.12/site-packages/airflow/example_dags/example_bash_operator.py
[2024-04-21T15:08:09.005+0000] {logging_mixin.py:188} INFO - [2024-04-21T15:08:09.005+0000] {dag.py:3096} INFO - Sync 1 DAGs
[2024-04-21T15:08:09.014+0000] {logging_mixin.py:188} INFO - [2024-04-21T15:08:09.014+0000] {dag.py:3954} INFO - Setting next_dagrun for example_bash_operator to 2024-04-20 00:00:00+00:00, run_after=2024-04-21 00:00:00+00:00
[2024-04-21T15:08:09.022+0000] {processor.py:183} INFO - Processing /home/airflow/.local/lib/python3.12/site-packages/airflow/example_dags/example_bash_operator.py took 0.040 seconds
[2024-04-21T15:08:39.893+0000] {processor.py:161} INFO - Started process (PID=11941) to work on /home/airflow/.local/lib/python3.12/site-packages/airflow/example_dags/example_bash_operator.py
[2024-04-21T15:08:39.894+0000] {processor.py:830} INFO - Processing file /home/airflow/.local/lib/python3.12/site-packages/airflow/example_dags/example_bash_operator.py for tasks to queue
[2024-04-21T15:08:39.895+0000] {logging_mixin.py:188} INFO - [2024-04-21T15:08:39.895+0000] {dagbag.py:540} INFO - Filling up the DagBag from /home/airflow/.local/lib/python3.12/site-packages/airflow/example_dags/example_bash_operator.py
[2024-04-21T15:08:39.900+0000] {processor.py:840} INFO - DAG(s) 'example_bash_operator' retrieved from /home/airflow/.local/lib/python3.12/site-packages/airflow/example_dags/example_bash_operator.py
[2024-04-21T15:08:39.914+0000] {logging_mixin.py:188} INFO - [2024-04-21T15:08:39.914+0000] {dag.py:3096} INFO - Sync 1 DAGs
[2024-04-21T15:08:39.923+0000] {logging_mixin.py:188} INFO - [2024-04-21T15:08:39.923+0000] {dag.py:3954} INFO - Setting next_dagrun for example_bash_operator to 2024-04-20 00:00:00+00:00, run_after=2024-04-21 00:00:00+00:00
[2024-04-21T15:08:39.931+0000] {processor.py:183} INFO - Processing /home/airflow/.local/lib/python3.12/site-packages/airflow/example_dags/example_bash_operator.py took 0.040 seconds
[2024-04-21T15:09:10.805+0000] {processor.py:161} INFO - Started process (PID=12209) to work on /home/airflow/.local/lib/python3.12/site-packages/airflow/example_dags/example_bash_operator.py
[2024-04-21T15:09:10.806+0000] {processor.py:830} INFO - Processing file /home/airflow/.local/lib/python3.12/site-packages/airflow/example_dags/example_bash_operator.py for tasks to queue
[2024-04-21T15:09:10.807+0000] {logging_mixin.py:188} INFO - [2024-04-21T15:09:10.807+0000] {dagbag.py:540} INFO - Filling up the DagBag from /home/airflow/.local/lib/python3.12/site-packages/airflow/example_dags/example_bash_operator.py
[2024-04-21T15:09:10.813+0000] {processor.py:840} INFO - DAG(s) 'example_bash_operator' retrieved from /home/airflow/.local/lib/python3.12/site-packages/airflow/example_dags/example_bash_operator.py
[2024-04-21T15:09:10.827+0000] {logging_mixin.py:188} INFO - [2024-04-21T15:09:10.826+0000] {dag.py:3096} INFO - Sync 1 DAGs
[2024-04-21T15:09:10.837+0000] {logging_mixin.py:188} INFO - [2024-04-21T15:09:10.837+0000] {dag.py:3954} INFO - Setting next_dagrun for example_bash_operator to 2024-04-20 00:00:00+00:00, run_after=2024-04-21 00:00:00+00:00
[2024-04-21T15:09:10.844+0000] {processor.py:183} INFO - Processing /home/airflow/.local/lib/python3.12/site-packages/airflow/example_dags/example_bash_operator.py took 0.042 seconds
[2024-04-21T15:09:41.664+0000] {processor.py:161} INFO - Started process (PID=12476) to work on /home/airflow/.local/lib/python3.12/site-packages/airflow/example_dags/example_bash_operator.py
[2024-04-21T15:09:41.664+0000] {processor.py:830} INFO - Processing file /home/airflow/.local/lib/python3.12/site-packages/airflow/example_dags/example_bash_operator.py for tasks to queue
[2024-04-21T15:09:41.666+0000] {logging_mixin.py:188} INFO - [2024-04-21T15:09:41.665+0000] {dagbag.py:540} INFO - Filling up the DagBag from /home/airflow/.local/lib/python3.12/site-packages/airflow/example_dags/example_bash_operator.py
[2024-04-21T15:09:41.672+0000] {processor.py:840} INFO - DAG(s) 'example_bash_operator' retrieved from /home/airflow/.local/lib/python3.12/site-packages/airflow/example_dags/example_bash_operator.py
[2024-04-21T15:09:41.688+0000] {logging_mixin.py:188} INFO - [2024-04-21T15:09:41.688+0000] {dag.py:3096} INFO - Sync 1 DAGs
[2024-04-21T15:09:41.698+0000] {logging_mixin.py:188} INFO - [2024-04-21T15:09:41.698+0000] {dag.py:3954} INFO - Setting next_dagrun for example_bash_operator to 2024-04-20 00:00:00+00:00, run_after=2024-04-21 00:00:00+00:00
[2024-04-21T15:09:41.707+0000] {processor.py:183} INFO - Processing /home/airflow/.local/lib/python3.12/site-packages/airflow/example_dags/example_bash_operator.py took 0.047 seconds
[2024-04-21T15:10:12.766+0000] {processor.py:161} INFO - Started process (PID=12745) to work on /home/airflow/.local/lib/python3.12/site-packages/airflow/example_dags/example_bash_operator.py
[2024-04-21T15:10:12.767+0000] {processor.py:830} INFO - Processing file /home/airflow/.local/lib/python3.12/site-packages/airflow/example_dags/example_bash_operator.py for tasks to queue
[2024-04-21T15:10:12.768+0000] {logging_mixin.py:188} INFO - [2024-04-21T15:10:12.768+0000] {dagbag.py:540} INFO - Filling up the DagBag from /home/airflow/.local/lib/python3.12/site-packages/airflow/example_dags/example_bash_operator.py
[2024-04-21T15:10:12.774+0000] {processor.py:840} INFO - DAG(s) 'example_bash_operator' retrieved from /home/airflow/.local/lib/python3.12/site-packages/airflow/example_dags/example_bash_operator.py
[2024-04-21T15:10:12.789+0000] {logging_mixin.py:188} INFO - [2024-04-21T15:10:12.789+0000] {dag.py:3096} INFO - Sync 1 DAGs
[2024-04-21T15:10:12.799+0000] {logging_mixin.py:188} INFO - [2024-04-21T15:10:12.798+0000] {dag.py:3954} INFO - Setting next_dagrun for example_bash_operator to 2024-04-20 00:00:00+00:00, run_after=2024-04-21 00:00:00+00:00
[2024-04-21T15:10:12.806+0000] {processor.py:183} INFO - Processing /home/airflow/.local/lib/python3.12/site-packages/airflow/example_dags/example_bash_operator.py took 0.043 seconds
[2024-04-21T15:10:43.139+0000] {processor.py:161} INFO - Started process (PID=13017) to work on /home/airflow/.local/lib/python3.12/site-packages/airflow/example_dags/example_bash_operator.py
[2024-04-21T15:10:43.140+0000] {processor.py:830} INFO - Processing file /home/airflow/.local/lib/python3.12/site-packages/airflow/example_dags/example_bash_operator.py for tasks to queue
[2024-04-21T15:10:43.141+0000] {logging_mixin.py:188} INFO - [2024-04-21T15:10:43.141+0000] {dagbag.py:540} INFO - Filling up the DagBag from /home/airflow/.local/lib/python3.12/site-packages/airflow/example_dags/example_bash_operator.py
[2024-04-21T15:10:43.147+0000] {processor.py:840} INFO - DAG(s) 'example_bash_operator' retrieved from /home/airflow/.local/lib/python3.12/site-packages/airflow/example_dags/example_bash_operator.py
[2024-04-21T15:10:43.163+0000] {logging_mixin.py:188} INFO - [2024-04-21T15:10:43.163+0000] {dag.py:3096} INFO - Sync 1 DAGs
[2024-04-21T15:10:43.173+0000] {logging_mixin.py:188} INFO - [2024-04-21T15:10:43.173+0000] {dag.py:3954} INFO - Setting next_dagrun for example_bash_operator to 2024-04-20 00:00:00+00:00, run_after=2024-04-21 00:00:00+00:00
[2024-04-21T15:10:43.182+0000] {processor.py:183} INFO - Processing /home/airflow/.local/lib/python3.12/site-packages/airflow/example_dags/example_bash_operator.py took 0.046 seconds
[2024-04-21T15:11:14.004+0000] {processor.py:161} INFO - Started process (PID=13301) to work on /home/airflow/.local/lib/python3.12/site-packages/airflow/example_dags/example_bash_operator.py
[2024-04-21T15:11:14.005+0000] {processor.py:830} INFO - Processing file /home/airflow/.local/lib/python3.12/site-packages/airflow/example_dags/example_bash_operator.py for tasks to queue
[2024-04-21T15:11:14.006+0000] {logging_mixin.py:188} INFO - [2024-04-21T15:11:14.006+0000] {dagbag.py:540} INFO - Filling up the DagBag from /home/airflow/.local/lib/python3.12/site-packages/airflow/example_dags/example_bash_operator.py
[2024-04-21T15:11:14.012+0000] {processor.py:840} INFO - DAG(s) 'example_bash_operator' retrieved from /home/airflow/.local/lib/python3.12/site-packages/airflow/example_dags/example_bash_operator.py
[2024-04-21T15:11:14.026+0000] {logging_mixin.py:188} INFO - [2024-04-21T15:11:14.026+0000] {dag.py:3096} INFO - Sync 1 DAGs
[2024-04-21T15:11:14.036+0000] {logging_mixin.py:188} INFO - [2024-04-21T15:11:14.036+0000] {dag.py:3954} INFO - Setting next_dagrun for example_bash_operator to 2024-04-20 00:00:00+00:00, run_after=2024-04-21 00:00:00+00:00
[2024-04-21T15:11:14.045+0000] {processor.py:183} INFO - Processing /home/airflow/.local/lib/python3.12/site-packages/airflow/example_dags/example_bash_operator.py took 0.044 seconds
[2024-04-21T15:11:44.953+0000] {processor.py:161} INFO - Started process (PID=13568) to work on /home/airflow/.local/lib/python3.12/site-packages/airflow/example_dags/example_bash_operator.py
[2024-04-21T15:11:44.954+0000] {processor.py:830} INFO - Processing file /home/airflow/.local/lib/python3.12/site-packages/airflow/example_dags/example_bash_operator.py for tasks to queue
[2024-04-21T15:11:44.955+0000] {logging_mixin.py:188} INFO - [2024-04-21T15:11:44.954+0000] {dagbag.py:540} INFO - Filling up the DagBag from /home/airflow/.local/lib/python3.12/site-packages/airflow/example_dags/example_bash_operator.py
[2024-04-21T15:11:44.960+0000] {processor.py:840} INFO - DAG(s) 'example_bash_operator' retrieved from /home/airflow/.local/lib/python3.12/site-packages/airflow/example_dags/example_bash_operator.py
[2024-04-21T15:11:44.973+0000] {logging_mixin.py:188} INFO - [2024-04-21T15:11:44.973+0000] {dag.py:3096} INFO - Sync 1 DAGs
[2024-04-21T15:11:44.983+0000] {logging_mixin.py:188} INFO - [2024-04-21T15:11:44.983+0000] {dag.py:3954} INFO - Setting next_dagrun for example_bash_operator to 2024-04-20 00:00:00+00:00, run_after=2024-04-21 00:00:00+00:00
[2024-04-21T15:11:44.990+0000] {processor.py:183} INFO - Processing /home/airflow/.local/lib/python3.12/site-packages/airflow/example_dags/example_bash_operator.py took 0.040 seconds
[2024-04-21T15:12:16.004+0000] {processor.py:161} INFO - Started process (PID=13850) to work on /home/airflow/.local/lib/python3.12/site-packages/airflow/example_dags/example_bash_operator.py
[2024-04-21T15:12:16.005+0000] {processor.py:830} INFO - Processing file /home/airflow/.local/lib/python3.12/site-packages/airflow/example_dags/example_bash_operator.py for tasks to queue
[2024-04-21T15:12:16.006+0000] {logging_mixin.py:188} INFO - [2024-04-21T15:12:16.005+0000] {dagbag.py:540} INFO - Filling up the DagBag from /home/airflow/.local/lib/python3.12/site-packages/airflow/example_dags/example_bash_operator.py
[2024-04-21T15:12:16.011+0000] {processor.py:840} INFO - DAG(s) 'example_bash_operator' retrieved from /home/airflow/.local/lib/python3.12/site-packages/airflow/example_dags/example_bash_operator.py
[2024-04-21T15:12:16.024+0000] {logging_mixin.py:188} INFO - [2024-04-21T15:12:16.024+0000] {dag.py:3096} INFO - Sync 1 DAGs
[2024-04-21T15:12:16.034+0000] {logging_mixin.py:188} INFO - [2024-04-21T15:12:16.034+0000] {dag.py:3954} INFO - Setting next_dagrun for example_bash_operator to 2024-04-20 00:00:00+00:00, run_after=2024-04-21 00:00:00+00:00
[2024-04-21T15:12:16.040+0000] {processor.py:183} INFO - Processing /home/airflow/.local/lib/python3.12/site-packages/airflow/example_dags/example_bash_operator.py took 0.039 seconds
[2024-04-21T15:12:46.771+0000] {processor.py:161} INFO - Started process (PID=14126) to work on /home/airflow/.local/lib/python3.12/site-packages/airflow/example_dags/example_bash_operator.py
[2024-04-21T15:12:46.771+0000] {processor.py:830} INFO - Processing file /home/airflow/.local/lib/python3.12/site-packages/airflow/example_dags/example_bash_operator.py for tasks to queue
[2024-04-21T15:12:46.772+0000] {logging_mixin.py:188} INFO - [2024-04-21T15:12:46.772+0000] {dagbag.py:540} INFO - Filling up the DagBag from /home/airflow/.local/lib/python3.12/site-packages/airflow/example_dags/example_bash_operator.py
[2024-04-21T15:12:46.778+0000] {processor.py:840} INFO - DAG(s) 'example_bash_operator' retrieved from /home/airflow/.local/lib/python3.12/site-packages/airflow/example_dags/example_bash_operator.py
[2024-04-21T15:12:46.791+0000] {logging_mixin.py:188} INFO - [2024-04-21T15:12:46.791+0000] {dag.py:3096} INFO - Sync 1 DAGs
[2024-04-21T15:12:46.802+0000] {logging_mixin.py:188} INFO - [2024-04-21T15:12:46.802+0000] {dag.py:3954} INFO - Setting next_dagrun for example_bash_operator to 2024-04-20 00:00:00+00:00, run_after=2024-04-21 00:00:00+00:00
[2024-04-21T15:12:46.811+0000] {processor.py:183} INFO - Processing /home/airflow/.local/lib/python3.12/site-packages/airflow/example_dags/example_bash_operator.py took 0.043 seconds
[2024-04-21T15:13:17.811+0000] {processor.py:161} INFO - Started process (PID=14414) to work on /home/airflow/.local/lib/python3.12/site-packages/airflow/example_dags/example_bash_operator.py
[2024-04-21T15:13:17.811+0000] {processor.py:830} INFO - Processing file /home/airflow/.local/lib/python3.12/site-packages/airflow/example_dags/example_bash_operator.py for tasks to queue
[2024-04-21T15:13:17.813+0000] {logging_mixin.py:188} INFO - [2024-04-21T15:13:17.812+0000] {dagbag.py:540} INFO - Filling up the DagBag from /home/airflow/.local/lib/python3.12/site-packages/airflow/example_dags/example_bash_operator.py
[2024-04-21T15:13:17.818+0000] {processor.py:840} INFO - DAG(s) 'example_bash_operator' retrieved from /home/airflow/.local/lib/python3.12/site-packages/airflow/example_dags/example_bash_operator.py
[2024-04-21T15:13:17.832+0000] {logging_mixin.py:188} INFO - [2024-04-21T15:13:17.832+0000] {dag.py:3096} INFO - Sync 1 DAGs
[2024-04-21T15:13:17.842+0000] {logging_mixin.py:188} INFO - [2024-04-21T15:13:17.842+0000] {dag.py:3954} INFO - Setting next_dagrun for example_bash_operator to 2024-04-20 00:00:00+00:00, run_after=2024-04-21 00:00:00+00:00
[2024-04-21T15:13:17.849+0000] {processor.py:183} INFO - Processing /home/airflow/.local/lib/python3.12/site-packages/airflow/example_dags/example_bash_operator.py took 0.041 seconds
[2024-04-21T15:13:47.909+0000] {processor.py:161} INFO - Started process (PID=14678) to work on /home/airflow/.local/lib/python3.12/site-packages/airflow/example_dags/example_bash_operator.py
[2024-04-21T15:13:47.909+0000] {processor.py:830} INFO - Processing file /home/airflow/.local/lib/python3.12/site-packages/airflow/example_dags/example_bash_operator.py for tasks to queue
[2024-04-21T15:13:47.910+0000] {logging_mixin.py:188} INFO - [2024-04-21T15:13:47.910+0000] {dagbag.py:540} INFO - Filling up the DagBag from /home/airflow/.local/lib/python3.12/site-packages/airflow/example_dags/example_bash_operator.py
[2024-04-21T15:13:47.916+0000] {processor.py:840} INFO - DAG(s) 'example_bash_operator' retrieved from /home/airflow/.local/lib/python3.12/site-packages/airflow/example_dags/example_bash_operator.py
[2024-04-21T15:13:47.930+0000] {logging_mixin.py:188} INFO - [2024-04-21T15:13:47.930+0000] {dag.py:3096} INFO - Sync 1 DAGs
[2024-04-21T15:13:47.940+0000] {logging_mixin.py:188} INFO - [2024-04-21T15:13:47.940+0000] {dag.py:3954} INFO - Setting next_dagrun for example_bash_operator to 2024-04-20 00:00:00+00:00, run_after=2024-04-21 00:00:00+00:00
[2024-04-21T15:13:47.948+0000] {processor.py:183} INFO - Processing /home/airflow/.local/lib/python3.12/site-packages/airflow/example_dags/example_bash_operator.py took 0.042 seconds
[2024-04-21T15:14:17.997+0000] {processor.py:161} INFO - Started process (PID=14945) to work on /home/airflow/.local/lib/python3.12/site-packages/airflow/example_dags/example_bash_operator.py
[2024-04-21T15:14:17.997+0000] {processor.py:830} INFO - Processing file /home/airflow/.local/lib/python3.12/site-packages/airflow/example_dags/example_bash_operator.py for tasks to queue
[2024-04-21T15:14:17.998+0000] {logging_mixin.py:188} INFO - [2024-04-21T15:14:17.998+0000] {dagbag.py:540} INFO - Filling up the DagBag from /home/airflow/.local/lib/python3.12/site-packages/airflow/example_dags/example_bash_operator.py
[2024-04-21T15:14:18.004+0000] {processor.py:840} INFO - DAG(s) 'example_bash_operator' retrieved from /home/airflow/.local/lib/python3.12/site-packages/airflow/example_dags/example_bash_operator.py
[2024-04-21T15:14:18.019+0000] {logging_mixin.py:188} INFO - [2024-04-21T15:14:18.019+0000] {dag.py:3096} INFO - Sync 1 DAGs
[2024-04-21T15:14:18.029+0000] {logging_mixin.py:188} INFO - [2024-04-21T15:14:18.029+0000] {dag.py:3954} INFO - Setting next_dagrun for example_bash_operator to 2024-04-20 00:00:00+00:00, run_after=2024-04-21 00:00:00+00:00
[2024-04-21T15:14:18.037+0000] {processor.py:183} INFO - Processing /home/airflow/.local/lib/python3.12/site-packages/airflow/example_dags/example_bash_operator.py took 0.043 seconds
[2024-04-21T15:14:48.072+0000] {processor.py:161} INFO - Started process (PID=15211) to work on /home/airflow/.local/lib/python3.12/site-packages/airflow/example_dags/example_bash_operator.py
[2024-04-21T15:14:48.072+0000] {processor.py:830} INFO - Processing file /home/airflow/.local/lib/python3.12/site-packages/airflow/example_dags/example_bash_operator.py for tasks to queue
[2024-04-21T15:14:48.073+0000] {logging_mixin.py:188} INFO - [2024-04-21T15:14:48.073+0000] {dagbag.py:540} INFO - Filling up the DagBag from /home/airflow/.local/lib/python3.12/site-packages/airflow/example_dags/example_bash_operator.py
[2024-04-21T15:14:48.079+0000] {processor.py:840} INFO - DAG(s) 'example_bash_operator' retrieved from /home/airflow/.local/lib/python3.12/site-packages/airflow/example_dags/example_bash_operator.py
[2024-04-21T15:14:48.093+0000] {logging_mixin.py:188} INFO - [2024-04-21T15:14:48.093+0000] {dag.py:3096} INFO - Sync 1 DAGs
[2024-04-21T15:14:48.102+0000] {logging_mixin.py:188} INFO - [2024-04-21T15:14:48.102+0000] {dag.py:3954} INFO - Setting next_dagrun for example_bash_operator to 2024-04-20 00:00:00+00:00, run_after=2024-04-21 00:00:00+00:00
[2024-04-21T15:14:48.110+0000] {processor.py:183} INFO - Processing /home/airflow/.local/lib/python3.12/site-packages/airflow/example_dags/example_bash_operator.py took 0.041 seconds
[2024-04-21T15:15:18.152+0000] {processor.py:161} INFO - Started process (PID=15475) to work on /home/airflow/.local/lib/python3.12/site-packages/airflow/example_dags/example_bash_operator.py
[2024-04-21T15:15:18.153+0000] {processor.py:830} INFO - Processing file /home/airflow/.local/lib/python3.12/site-packages/airflow/example_dags/example_bash_operator.py for tasks to queue
[2024-04-21T15:15:18.154+0000] {logging_mixin.py:188} INFO - [2024-04-21T15:15:18.154+0000] {dagbag.py:540} INFO - Filling up the DagBag from /home/airflow/.local/lib/python3.12/site-packages/airflow/example_dags/example_bash_operator.py
[2024-04-21T15:15:18.160+0000] {processor.py:840} INFO - DAG(s) 'example_bash_operator' retrieved from /home/airflow/.local/lib/python3.12/site-packages/airflow/example_dags/example_bash_operator.py
[2024-04-21T15:15:18.173+0000] {logging_mixin.py:188} INFO - [2024-04-21T15:15:18.173+0000] {dag.py:3096} INFO - Sync 1 DAGs
[2024-04-21T15:15:18.183+0000] {logging_mixin.py:188} INFO - [2024-04-21T15:15:18.183+0000] {dag.py:3954} INFO - Setting next_dagrun for example_bash_operator to 2024-04-20 00:00:00+00:00, run_after=2024-04-21 00:00:00+00:00
[2024-04-21T15:15:18.191+0000] {processor.py:183} INFO - Processing /home/airflow/.local/lib/python3.12/site-packages/airflow/example_dags/example_bash_operator.py took 0.042 seconds
[2024-04-21T15:15:48.351+0000] {processor.py:161} INFO - Started process (PID=15740) to work on /home/airflow/.local/lib/python3.12/site-packages/airflow/example_dags/example_bash_operator.py
[2024-04-21T15:15:48.352+0000] {processor.py:830} INFO - Processing file /home/airflow/.local/lib/python3.12/site-packages/airflow/example_dags/example_bash_operator.py for tasks to queue
[2024-04-21T15:15:48.352+0000] {logging_mixin.py:188} INFO - [2024-04-21T15:15:48.352+0000] {dagbag.py:540} INFO - Filling up the DagBag from /home/airflow/.local/lib/python3.12/site-packages/airflow/example_dags/example_bash_operator.py
[2024-04-21T15:15:48.358+0000] {processor.py:840} INFO - DAG(s) 'example_bash_operator' retrieved from /home/airflow/.local/lib/python3.12/site-packages/airflow/example_dags/example_bash_operator.py
[2024-04-21T15:15:48.371+0000] {logging_mixin.py:188} INFO - [2024-04-21T15:15:48.371+0000] {dag.py:3096} INFO - Sync 1 DAGs
[2024-04-21T15:15:48.380+0000] {logging_mixin.py:188} INFO - [2024-04-21T15:15:48.380+0000] {dag.py:3954} INFO - Setting next_dagrun for example_bash_operator to 2024-04-20 00:00:00+00:00, run_after=2024-04-21 00:00:00+00:00
[2024-04-21T15:15:48.387+0000] {processor.py:183} INFO - Processing /home/airflow/.local/lib/python3.12/site-packages/airflow/example_dags/example_bash_operator.py took 0.039 seconds
[2024-04-21T15:16:18.646+0000] {processor.py:161} INFO - Started process (PID=16012) to work on /home/airflow/.local/lib/python3.12/site-packages/airflow/example_dags/example_bash_operator.py
[2024-04-21T15:16:18.647+0000] {processor.py:830} INFO - Processing file /home/airflow/.local/lib/python3.12/site-packages/airflow/example_dags/example_bash_operator.py for tasks to queue
[2024-04-21T15:16:18.648+0000] {logging_mixin.py:188} INFO - [2024-04-21T15:16:18.648+0000] {dagbag.py:540} INFO - Filling up the DagBag from /home/airflow/.local/lib/python3.12/site-packages/airflow/example_dags/example_bash_operator.py
[2024-04-21T15:16:18.654+0000] {processor.py:840} INFO - DAG(s) 'example_bash_operator' retrieved from /home/airflow/.local/lib/python3.12/site-packages/airflow/example_dags/example_bash_operator.py
[2024-04-21T15:16:18.668+0000] {logging_mixin.py:188} INFO - [2024-04-21T15:16:18.668+0000] {dag.py:3096} INFO - Sync 1 DAGs
[2024-04-21T15:16:18.677+0000] {logging_mixin.py:188} INFO - [2024-04-21T15:16:18.677+0000] {dag.py:3954} INFO - Setting next_dagrun for example_bash_operator to 2024-04-20 00:00:00+00:00, run_after=2024-04-21 00:00:00+00:00
[2024-04-21T15:16:18.685+0000] {processor.py:183} INFO - Processing /home/airflow/.local/lib/python3.12/site-packages/airflow/example_dags/example_bash_operator.py took 0.041 seconds
[2024-04-21T15:16:49.025+0000] {processor.py:161} INFO - Started process (PID=16282) to work on /home/airflow/.local/lib/python3.12/site-packages/airflow/example_dags/example_bash_operator.py
[2024-04-21T15:16:49.026+0000] {processor.py:830} INFO - Processing file /home/airflow/.local/lib/python3.12/site-packages/airflow/example_dags/example_bash_operator.py for tasks to queue
[2024-04-21T15:16:49.027+0000] {logging_mixin.py:188} INFO - [2024-04-21T15:16:49.026+0000] {dagbag.py:540} INFO - Filling up the DagBag from /home/airflow/.local/lib/python3.12/site-packages/airflow/example_dags/example_bash_operator.py
[2024-04-21T15:16:49.032+0000] {processor.py:840} INFO - DAG(s) 'example_bash_operator' retrieved from /home/airflow/.local/lib/python3.12/site-packages/airflow/example_dags/example_bash_operator.py
[2024-04-21T15:16:49.045+0000] {logging_mixin.py:188} INFO - [2024-04-21T15:16:49.045+0000] {dag.py:3096} INFO - Sync 1 DAGs
[2024-04-21T15:16:49.055+0000] {logging_mixin.py:188} INFO - [2024-04-21T15:16:49.054+0000] {dag.py:3954} INFO - Setting next_dagrun for example_bash_operator to 2024-04-20 00:00:00+00:00, run_after=2024-04-21 00:00:00+00:00
[2024-04-21T15:16:49.062+0000] {processor.py:183} INFO - Processing /home/airflow/.local/lib/python3.12/site-packages/airflow/example_dags/example_bash_operator.py took 0.040 seconds
[2024-04-21T15:17:19.138+0000] {processor.py:161} INFO - Started process (PID=16549) to work on /home/airflow/.local/lib/python3.12/site-packages/airflow/example_dags/example_bash_operator.py
[2024-04-21T15:17:19.138+0000] {processor.py:830} INFO - Processing file /home/airflow/.local/lib/python3.12/site-packages/airflow/example_dags/example_bash_operator.py for tasks to queue
[2024-04-21T15:17:19.139+0000] {logging_mixin.py:188} INFO - [2024-04-21T15:17:19.139+0000] {dagbag.py:540} INFO - Filling up the DagBag from /home/airflow/.local/lib/python3.12/site-packages/airflow/example_dags/example_bash_operator.py
[2024-04-21T15:17:19.145+0000] {processor.py:840} INFO - DAG(s) 'example_bash_operator' retrieved from /home/airflow/.local/lib/python3.12/site-packages/airflow/example_dags/example_bash_operator.py
[2024-04-21T15:17:19.159+0000] {logging_mixin.py:188} INFO - [2024-04-21T15:17:19.159+0000] {dag.py:3096} INFO - Sync 1 DAGs
[2024-04-21T15:17:19.169+0000] {logging_mixin.py:188} INFO - [2024-04-21T15:17:19.169+0000] {dag.py:3954} INFO - Setting next_dagrun for example_bash_operator to 2024-04-20 00:00:00+00:00, run_after=2024-04-21 00:00:00+00:00
[2024-04-21T15:17:19.177+0000] {processor.py:183} INFO - Processing /home/airflow/.local/lib/python3.12/site-packages/airflow/example_dags/example_bash_operator.py took 0.042 seconds
[2024-04-21T15:17:50.170+0000] {processor.py:161} INFO - Started process (PID=16820) to work on /home/airflow/.local/lib/python3.12/site-packages/airflow/example_dags/example_bash_operator.py
[2024-04-21T15:17:50.171+0000] {processor.py:830} INFO - Processing file /home/airflow/.local/lib/python3.12/site-packages/airflow/example_dags/example_bash_operator.py for tasks to queue
[2024-04-21T15:17:50.172+0000] {logging_mixin.py:188} INFO - [2024-04-21T15:17:50.172+0000] {dagbag.py:540} INFO - Filling up the DagBag from /home/airflow/.local/lib/python3.12/site-packages/airflow/example_dags/example_bash_operator.py
[2024-04-21T15:17:50.177+0000] {processor.py:840} INFO - DAG(s) 'example_bash_operator' retrieved from /home/airflow/.local/lib/python3.12/site-packages/airflow/example_dags/example_bash_operator.py
[2024-04-21T15:17:50.190+0000] {logging_mixin.py:188} INFO - [2024-04-21T15:17:50.190+0000] {dag.py:3096} INFO - Sync 1 DAGs
[2024-04-21T15:17:50.199+0000] {logging_mixin.py:188} INFO - [2024-04-21T15:17:50.199+0000] {dag.py:3954} INFO - Setting next_dagrun for example_bash_operator to 2024-04-20 00:00:00+00:00, run_after=2024-04-21 00:00:00+00:00
[2024-04-21T15:17:50.207+0000] {processor.py:183} INFO - Processing /home/airflow/.local/lib/python3.12/site-packages/airflow/example_dags/example_bash_operator.py took 0.039 seconds
[2024-04-21T15:18:20.438+0000] {processor.py:161} INFO - Started process (PID=17088) to work on /home/airflow/.local/lib/python3.12/site-packages/airflow/example_dags/example_bash_operator.py
[2024-04-21T15:18:20.438+0000] {processor.py:830} INFO - Processing file /home/airflow/.local/lib/python3.12/site-packages/airflow/example_dags/example_bash_operator.py for tasks to queue
[2024-04-21T15:18:20.439+0000] {logging_mixin.py:188} INFO - [2024-04-21T15:18:20.439+0000] {dagbag.py:540} INFO - Filling up the DagBag from /home/airflow/.local/lib/python3.12/site-packages/airflow/example_dags/example_bash_operator.py
[2024-04-21T15:18:20.445+0000] {processor.py:840} INFO - DAG(s) 'example_bash_operator' retrieved from /home/airflow/.local/lib/python3.12/site-packages/airflow/example_dags/example_bash_operator.py
[2024-04-21T15:18:20.459+0000] {logging_mixin.py:188} INFO - [2024-04-21T15:18:20.459+0000] {dag.py:3096} INFO - Sync 1 DAGs
[2024-04-21T15:18:20.469+0000] {logging_mixin.py:188} INFO - [2024-04-21T15:18:20.469+0000] {dag.py:3954} INFO - Setting next_dagrun for example_bash_operator to 2024-04-20 00:00:00+00:00, run_after=2024-04-21 00:00:00+00:00
[2024-04-21T15:18:20.476+0000] {processor.py:183} INFO - Processing /home/airflow/.local/lib/python3.12/site-packages/airflow/example_dags/example_bash_operator.py took 0.042 seconds
[2024-04-21T15:18:51.337+0000] {processor.py:161} INFO - Started process (PID=17358) to work on /home/airflow/.local/lib/python3.12/site-packages/airflow/example_dags/example_bash_operator.py
[2024-04-21T15:18:51.337+0000] {processor.py:830} INFO - Processing file /home/airflow/.local/lib/python3.12/site-packages/airflow/example_dags/example_bash_operator.py for tasks to queue
[2024-04-21T15:18:51.338+0000] {logging_mixin.py:188} INFO - [2024-04-21T15:18:51.338+0000] {dagbag.py:540} INFO - Filling up the DagBag from /home/airflow/.local/lib/python3.12/site-packages/airflow/example_dags/example_bash_operator.py
[2024-04-21T15:18:51.344+0000] {processor.py:840} INFO - DAG(s) 'example_bash_operator' retrieved from /home/airflow/.local/lib/python3.12/site-packages/airflow/example_dags/example_bash_operator.py
[2024-04-21T15:18:51.357+0000] {logging_mixin.py:188} INFO - [2024-04-21T15:18:51.357+0000] {dag.py:3096} INFO - Sync 1 DAGs
[2024-04-21T15:18:51.368+0000] {logging_mixin.py:188} INFO - [2024-04-21T15:18:51.367+0000] {dag.py:3954} INFO - Setting next_dagrun for example_bash_operator to 2024-04-20 00:00:00+00:00, run_after=2024-04-21 00:00:00+00:00
[2024-04-21T15:18:51.375+0000] {processor.py:183} INFO - Processing /home/airflow/.local/lib/python3.12/site-packages/airflow/example_dags/example_bash_operator.py took 0.042 seconds
[2024-04-21T15:19:22.313+0000] {processor.py:161} INFO - Started process (PID=17625) to work on /home/airflow/.local/lib/python3.12/site-packages/airflow/example_dags/example_bash_operator.py
[2024-04-21T15:19:22.314+0000] {processor.py:830} INFO - Processing file /home/airflow/.local/lib/python3.12/site-packages/airflow/example_dags/example_bash_operator.py for tasks to queue
[2024-04-21T15:19:22.315+0000] {logging_mixin.py:188} INFO - [2024-04-21T15:19:22.314+0000] {dagbag.py:540} INFO - Filling up the DagBag from /home/airflow/.local/lib/python3.12/site-packages/airflow/example_dags/example_bash_operator.py
[2024-04-21T15:19:22.320+0000] {processor.py:840} INFO - DAG(s) 'example_bash_operator' retrieved from /home/airflow/.local/lib/python3.12/site-packages/airflow/example_dags/example_bash_operator.py
[2024-04-21T15:19:22.335+0000] {logging_mixin.py:188} INFO - [2024-04-21T15:19:22.335+0000] {dag.py:3096} INFO - Sync 1 DAGs
[2024-04-21T15:19:22.346+0000] {logging_mixin.py:188} INFO - [2024-04-21T15:19:22.346+0000] {dag.py:3954} INFO - Setting next_dagrun for example_bash_operator to 2024-04-20 00:00:00+00:00, run_after=2024-04-21 00:00:00+00:00
[2024-04-21T15:19:22.354+0000] {processor.py:183} INFO - Processing /home/airflow/.local/lib/python3.12/site-packages/airflow/example_dags/example_bash_operator.py took 0.045 seconds
[2024-04-21T15:19:52.507+0000] {processor.py:161} INFO - Started process (PID=17892) to work on /home/airflow/.local/lib/python3.12/site-packages/airflow/example_dags/example_bash_operator.py
[2024-04-21T15:19:52.508+0000] {processor.py:830} INFO - Processing file /home/airflow/.local/lib/python3.12/site-packages/airflow/example_dags/example_bash_operator.py for tasks to queue
[2024-04-21T15:19:52.509+0000] {logging_mixin.py:188} INFO - [2024-04-21T15:19:52.509+0000] {dagbag.py:540} INFO - Filling up the DagBag from /home/airflow/.local/lib/python3.12/site-packages/airflow/example_dags/example_bash_operator.py
[2024-04-21T15:19:52.514+0000] {processor.py:840} INFO - DAG(s) 'example_bash_operator' retrieved from /home/airflow/.local/lib/python3.12/site-packages/airflow/example_dags/example_bash_operator.py
[2024-04-21T15:19:52.528+0000] {logging_mixin.py:188} INFO - [2024-04-21T15:19:52.528+0000] {dag.py:3096} INFO - Sync 1 DAGs
[2024-04-21T15:19:52.538+0000] {logging_mixin.py:188} INFO - [2024-04-21T15:19:52.538+0000] {dag.py:3954} INFO - Setting next_dagrun for example_bash_operator to 2024-04-20 00:00:00+00:00, run_after=2024-04-21 00:00:00+00:00
[2024-04-21T15:19:52.546+0000] {processor.py:183} INFO - Processing /home/airflow/.local/lib/python3.12/site-packages/airflow/example_dags/example_bash_operator.py took 0.042 seconds
[2024-04-21T15:20:22.633+0000] {processor.py:161} INFO - Started process (PID=18160) to work on /home/airflow/.local/lib/python3.12/site-packages/airflow/example_dags/example_bash_operator.py
[2024-04-21T15:20:22.633+0000] {processor.py:830} INFO - Processing file /home/airflow/.local/lib/python3.12/site-packages/airflow/example_dags/example_bash_operator.py for tasks to queue
[2024-04-21T15:20:22.634+0000] {logging_mixin.py:188} INFO - [2024-04-21T15:20:22.634+0000] {dagbag.py:540} INFO - Filling up the DagBag from /home/airflow/.local/lib/python3.12/site-packages/airflow/example_dags/example_bash_operator.py
[2024-04-21T15:20:22.640+0000] {processor.py:840} INFO - DAG(s) 'example_bash_operator' retrieved from /home/airflow/.local/lib/python3.12/site-packages/airflow/example_dags/example_bash_operator.py
[2024-04-21T15:20:22.653+0000] {logging_mixin.py:188} INFO - [2024-04-21T15:20:22.653+0000] {dag.py:3096} INFO - Sync 1 DAGs
[2024-04-21T15:20:22.662+0000] {logging_mixin.py:188} INFO - [2024-04-21T15:20:22.662+0000] {dag.py:3954} INFO - Setting next_dagrun for example_bash_operator to 2024-04-20 00:00:00+00:00, run_after=2024-04-21 00:00:00+00:00
[2024-04-21T15:20:22.668+0000] {processor.py:183} INFO - Processing /home/airflow/.local/lib/python3.12/site-packages/airflow/example_dags/example_bash_operator.py took 0.038 seconds
