[2024-04-21T14:30:03.136+0000] {processor.py:161} INFO - Started process (PID=340) to work on /home/airflow/.local/lib/python3.12/site-packages/airflow/example_dags/example_latest_only.py
[2024-04-21T14:30:03.137+0000] {processor.py:830} INFO - Processing file /home/airflow/.local/lib/python3.12/site-packages/airflow/example_dags/example_latest_only.py for tasks to queue
[2024-04-21T14:30:03.138+0000] {logging_mixin.py:188} INFO - [2024-04-21T14:30:03.138+0000] {dagbag.py:540} INFO - Filling up the DagBag from /home/airflow/.local/lib/python3.12/site-packages/airflow/example_dags/example_latest_only.py
[2024-04-21T14:30:03.142+0000] {processor.py:840} INFO - DAG(s) 'latest_only' retrieved from /home/airflow/.local/lib/python3.12/site-packages/airflow/example_dags/example_latest_only.py
[2024-04-21T14:30:03.153+0000] {logging_mixin.py:188} INFO - [2024-04-21T14:30:03.152+0000] {dag.py:3096} INFO - Sync 1 DAGs
[2024-04-21T14:30:03.166+0000] {logging_mixin.py:188} INFO - [2024-04-21T14:30:03.166+0000] {dag.py:3954} INFO - Setting next_dagrun for latest_only to 2024-04-21 08:00:00+00:00, run_after=2024-04-21 12:00:00+00:00
[2024-04-21T14:30:03.176+0000] {processor.py:183} INFO - Processing /home/airflow/.local/lib/python3.12/site-packages/airflow/example_dags/example_latest_only.py took 0.044 seconds
[2024-04-21T14:30:34.109+0000] {processor.py:161} INFO - Started process (PID=603) to work on /home/airflow/.local/lib/python3.12/site-packages/airflow/example_dags/example_latest_only.py
[2024-04-21T14:30:34.110+0000] {processor.py:830} INFO - Processing file /home/airflow/.local/lib/python3.12/site-packages/airflow/example_dags/example_latest_only.py for tasks to queue
[2024-04-21T14:30:34.112+0000] {logging_mixin.py:188} INFO - [2024-04-21T14:30:34.111+0000] {dagbag.py:540} INFO - Filling up the DagBag from /home/airflow/.local/lib/python3.12/site-packages/airflow/example_dags/example_latest_only.py
[2024-04-21T14:30:34.115+0000] {processor.py:840} INFO - DAG(s) 'latest_only' retrieved from /home/airflow/.local/lib/python3.12/site-packages/airflow/example_dags/example_latest_only.py
[2024-04-21T14:30:34.179+0000] {logging_mixin.py:188} INFO - [2024-04-21T14:30:34.179+0000] {dag.py:3096} INFO - Sync 1 DAGs
[2024-04-21T14:30:34.192+0000] {logging_mixin.py:188} INFO - [2024-04-21T14:30:34.192+0000] {dag.py:3954} INFO - Setting next_dagrun for latest_only to 2024-04-21 08:00:00+00:00, run_after=2024-04-21 12:00:00+00:00
[2024-04-21T14:30:34.202+0000] {processor.py:183} INFO - Processing /home/airflow/.local/lib/python3.12/site-packages/airflow/example_dags/example_latest_only.py took 0.097 seconds
[2024-04-21T14:31:04.996+0000] {processor.py:161} INFO - Started process (PID=864) to work on /home/airflow/.local/lib/python3.12/site-packages/airflow/example_dags/example_latest_only.py
[2024-04-21T14:31:04.996+0000] {processor.py:830} INFO - Processing file /home/airflow/.local/lib/python3.12/site-packages/airflow/example_dags/example_latest_only.py for tasks to queue
[2024-04-21T14:31:04.998+0000] {logging_mixin.py:188} INFO - [2024-04-21T14:31:04.997+0000] {dagbag.py:540} INFO - Filling up the DagBag from /home/airflow/.local/lib/python3.12/site-packages/airflow/example_dags/example_latest_only.py
[2024-04-21T14:31:05.001+0000] {processor.py:840} INFO - DAG(s) 'latest_only' retrieved from /home/airflow/.local/lib/python3.12/site-packages/airflow/example_dags/example_latest_only.py
[2024-04-21T14:31:05.017+0000] {logging_mixin.py:188} INFO - [2024-04-21T14:31:05.017+0000] {dag.py:3096} INFO - Sync 1 DAGs
[2024-04-21T14:31:05.030+0000] {logging_mixin.py:188} INFO - [2024-04-21T14:31:05.030+0000] {dag.py:3954} INFO - Setting next_dagrun for latest_only to 2024-04-21 08:00:00+00:00, run_after=2024-04-21 12:00:00+00:00
[2024-04-21T14:31:05.040+0000] {processor.py:183} INFO - Processing /home/airflow/.local/lib/python3.12/site-packages/airflow/example_dags/example_latest_only.py took 0.048 seconds
[2024-04-21T14:31:35.499+0000] {processor.py:161} INFO - Started process (PID=1126) to work on /home/airflow/.local/lib/python3.12/site-packages/airflow/example_dags/example_latest_only.py
[2024-04-21T14:31:35.499+0000] {processor.py:830} INFO - Processing file /home/airflow/.local/lib/python3.12/site-packages/airflow/example_dags/example_latest_only.py for tasks to queue
[2024-04-21T14:31:35.501+0000] {logging_mixin.py:188} INFO - [2024-04-21T14:31:35.501+0000] {dagbag.py:540} INFO - Filling up the DagBag from /home/airflow/.local/lib/python3.12/site-packages/airflow/example_dags/example_latest_only.py
[2024-04-21T14:31:35.504+0000] {processor.py:840} INFO - DAG(s) 'latest_only' retrieved from /home/airflow/.local/lib/python3.12/site-packages/airflow/example_dags/example_latest_only.py
[2024-04-21T14:31:35.520+0000] {logging_mixin.py:188} INFO - [2024-04-21T14:31:35.520+0000] {dag.py:3096} INFO - Sync 1 DAGs
[2024-04-21T14:31:35.534+0000] {logging_mixin.py:188} INFO - [2024-04-21T14:31:35.534+0000] {dag.py:3954} INFO - Setting next_dagrun for latest_only to 2024-04-21 08:00:00+00:00, run_after=2024-04-21 12:00:00+00:00
[2024-04-21T14:31:35.544+0000] {processor.py:183} INFO - Processing /home/airflow/.local/lib/python3.12/site-packages/airflow/example_dags/example_latest_only.py took 0.049 seconds
[2024-04-21T14:32:06.164+0000] {processor.py:161} INFO - Started process (PID=1388) to work on /home/airflow/.local/lib/python3.12/site-packages/airflow/example_dags/example_latest_only.py
[2024-04-21T14:32:06.165+0000] {processor.py:830} INFO - Processing file /home/airflow/.local/lib/python3.12/site-packages/airflow/example_dags/example_latest_only.py for tasks to queue
[2024-04-21T14:32:06.167+0000] {logging_mixin.py:188} INFO - [2024-04-21T14:32:06.166+0000] {dagbag.py:540} INFO - Filling up the DagBag from /home/airflow/.local/lib/python3.12/site-packages/airflow/example_dags/example_latest_only.py
[2024-04-21T14:32:06.170+0000] {processor.py:840} INFO - DAG(s) 'latest_only' retrieved from /home/airflow/.local/lib/python3.12/site-packages/airflow/example_dags/example_latest_only.py
[2024-04-21T14:32:06.187+0000] {logging_mixin.py:188} INFO - [2024-04-21T14:32:06.187+0000] {dag.py:3096} INFO - Sync 1 DAGs
[2024-04-21T14:32:06.200+0000] {logging_mixin.py:188} INFO - [2024-04-21T14:32:06.200+0000] {dag.py:3954} INFO - Setting next_dagrun for latest_only to 2024-04-21 08:00:00+00:00, run_after=2024-04-21 12:00:00+00:00
[2024-04-21T14:32:06.210+0000] {processor.py:183} INFO - Processing /home/airflow/.local/lib/python3.12/site-packages/airflow/example_dags/example_latest_only.py took 0.050 seconds
[2024-04-21T14:32:36.584+0000] {processor.py:161} INFO - Started process (PID=1652) to work on /home/airflow/.local/lib/python3.12/site-packages/airflow/example_dags/example_latest_only.py
[2024-04-21T14:32:36.585+0000] {processor.py:830} INFO - Processing file /home/airflow/.local/lib/python3.12/site-packages/airflow/example_dags/example_latest_only.py for tasks to queue
[2024-04-21T14:32:36.587+0000] {logging_mixin.py:188} INFO - [2024-04-21T14:32:36.586+0000] {dagbag.py:540} INFO - Filling up the DagBag from /home/airflow/.local/lib/python3.12/site-packages/airflow/example_dags/example_latest_only.py
[2024-04-21T14:32:36.590+0000] {processor.py:840} INFO - DAG(s) 'latest_only' retrieved from /home/airflow/.local/lib/python3.12/site-packages/airflow/example_dags/example_latest_only.py
[2024-04-21T14:32:36.607+0000] {logging_mixin.py:188} INFO - [2024-04-21T14:32:36.607+0000] {dag.py:3096} INFO - Sync 1 DAGs
[2024-04-21T14:32:36.620+0000] {logging_mixin.py:188} INFO - [2024-04-21T14:32:36.620+0000] {dag.py:3954} INFO - Setting next_dagrun for latest_only to 2024-04-21 08:00:00+00:00, run_after=2024-04-21 12:00:00+00:00
[2024-04-21T14:32:36.630+0000] {processor.py:183} INFO - Processing /home/airflow/.local/lib/python3.12/site-packages/airflow/example_dags/example_latest_only.py took 0.049 seconds
[2024-04-21T14:33:07.124+0000] {processor.py:161} INFO - Started process (PID=1914) to work on /home/airflow/.local/lib/python3.12/site-packages/airflow/example_dags/example_latest_only.py
[2024-04-21T14:33:07.125+0000] {processor.py:830} INFO - Processing file /home/airflow/.local/lib/python3.12/site-packages/airflow/example_dags/example_latest_only.py for tasks to queue
[2024-04-21T14:33:07.127+0000] {logging_mixin.py:188} INFO - [2024-04-21T14:33:07.127+0000] {dagbag.py:540} INFO - Filling up the DagBag from /home/airflow/.local/lib/python3.12/site-packages/airflow/example_dags/example_latest_only.py
[2024-04-21T14:33:07.131+0000] {processor.py:840} INFO - DAG(s) 'latest_only' retrieved from /home/airflow/.local/lib/python3.12/site-packages/airflow/example_dags/example_latest_only.py
[2024-04-21T14:33:07.147+0000] {logging_mixin.py:188} INFO - [2024-04-21T14:33:07.147+0000] {dag.py:3096} INFO - Sync 1 DAGs
[2024-04-21T14:33:07.162+0000] {logging_mixin.py:188} INFO - [2024-04-21T14:33:07.162+0000] {dag.py:3954} INFO - Setting next_dagrun for latest_only to 2024-04-21 08:00:00+00:00, run_after=2024-04-21 12:00:00+00:00
[2024-04-21T14:33:07.172+0000] {processor.py:183} INFO - Processing /home/airflow/.local/lib/python3.12/site-packages/airflow/example_dags/example_latest_only.py took 0.053 seconds
[2024-04-21T14:33:37.711+0000] {processor.py:161} INFO - Started process (PID=2177) to work on /home/airflow/.local/lib/python3.12/site-packages/airflow/example_dags/example_latest_only.py
[2024-04-21T14:33:37.712+0000] {processor.py:830} INFO - Processing file /home/airflow/.local/lib/python3.12/site-packages/airflow/example_dags/example_latest_only.py for tasks to queue
[2024-04-21T14:33:37.713+0000] {logging_mixin.py:188} INFO - [2024-04-21T14:33:37.713+0000] {dagbag.py:540} INFO - Filling up the DagBag from /home/airflow/.local/lib/python3.12/site-packages/airflow/example_dags/example_latest_only.py
[2024-04-21T14:33:37.716+0000] {processor.py:840} INFO - DAG(s) 'latest_only' retrieved from /home/airflow/.local/lib/python3.12/site-packages/airflow/example_dags/example_latest_only.py
[2024-04-21T14:33:37.733+0000] {logging_mixin.py:188} INFO - [2024-04-21T14:33:37.732+0000] {dag.py:3096} INFO - Sync 1 DAGs
[2024-04-21T14:33:37.746+0000] {logging_mixin.py:188} INFO - [2024-04-21T14:33:37.746+0000] {dag.py:3954} INFO - Setting next_dagrun for latest_only to 2024-04-21 08:00:00+00:00, run_after=2024-04-21 12:00:00+00:00
[2024-04-21T14:33:37.756+0000] {processor.py:183} INFO - Processing /home/airflow/.local/lib/python3.12/site-packages/airflow/example_dags/example_latest_only.py took 0.049 seconds
[2024-04-21T14:34:08.436+0000] {processor.py:161} INFO - Started process (PID=2437) to work on /home/airflow/.local/lib/python3.12/site-packages/airflow/example_dags/example_latest_only.py
[2024-04-21T14:34:08.437+0000] {processor.py:830} INFO - Processing file /home/airflow/.local/lib/python3.12/site-packages/airflow/example_dags/example_latest_only.py for tasks to queue
[2024-04-21T14:34:08.438+0000] {logging_mixin.py:188} INFO - [2024-04-21T14:34:08.438+0000] {dagbag.py:540} INFO - Filling up the DagBag from /home/airflow/.local/lib/python3.12/site-packages/airflow/example_dags/example_latest_only.py
[2024-04-21T14:34:08.441+0000] {processor.py:840} INFO - DAG(s) 'latest_only' retrieved from /home/airflow/.local/lib/python3.12/site-packages/airflow/example_dags/example_latest_only.py
[2024-04-21T14:34:08.459+0000] {logging_mixin.py:188} INFO - [2024-04-21T14:34:08.459+0000] {dag.py:3096} INFO - Sync 1 DAGs
[2024-04-21T14:34:08.473+0000] {logging_mixin.py:188} INFO - [2024-04-21T14:34:08.473+0000] {dag.py:3954} INFO - Setting next_dagrun for latest_only to 2024-04-21 08:00:00+00:00, run_after=2024-04-21 12:00:00+00:00
[2024-04-21T14:34:08.483+0000] {processor.py:183} INFO - Processing /home/airflow/.local/lib/python3.12/site-packages/airflow/example_dags/example_latest_only.py took 0.052 seconds
[2024-04-21T14:34:38.568+0000] {processor.py:161} INFO - Started process (PID=2699) to work on /home/airflow/.local/lib/python3.12/site-packages/airflow/example_dags/example_latest_only.py
[2024-04-21T14:34:38.569+0000] {processor.py:830} INFO - Processing file /home/airflow/.local/lib/python3.12/site-packages/airflow/example_dags/example_latest_only.py for tasks to queue
[2024-04-21T14:34:38.570+0000] {logging_mixin.py:188} INFO - [2024-04-21T14:34:38.570+0000] {dagbag.py:540} INFO - Filling up the DagBag from /home/airflow/.local/lib/python3.12/site-packages/airflow/example_dags/example_latest_only.py
[2024-04-21T14:34:38.574+0000] {processor.py:840} INFO - DAG(s) 'latest_only' retrieved from /home/airflow/.local/lib/python3.12/site-packages/airflow/example_dags/example_latest_only.py
[2024-04-21T14:34:38.592+0000] {logging_mixin.py:188} INFO - [2024-04-21T14:34:38.591+0000] {dag.py:3096} INFO - Sync 1 DAGs
[2024-04-21T14:34:38.605+0000] {logging_mixin.py:188} INFO - [2024-04-21T14:34:38.605+0000] {dag.py:3954} INFO - Setting next_dagrun for latest_only to 2024-04-21 08:00:00+00:00, run_after=2024-04-21 12:00:00+00:00
[2024-04-21T14:34:38.617+0000] {processor.py:183} INFO - Processing /home/airflow/.local/lib/python3.12/site-packages/airflow/example_dags/example_latest_only.py took 0.053 seconds
[2024-04-21T14:36:11.080+0000] {processor.py:161} INFO - Started process (PID=2968) to work on /home/airflow/.local/lib/python3.12/site-packages/airflow/example_dags/example_latest_only.py
[2024-04-21T14:36:11.081+0000] {processor.py:830} INFO - Processing file /home/airflow/.local/lib/python3.12/site-packages/airflow/example_dags/example_latest_only.py for tasks to queue
[2024-04-21T14:36:11.082+0000] {logging_mixin.py:188} INFO - [2024-04-21T14:36:11.082+0000] {dagbag.py:540} INFO - Filling up the DagBag from /home/airflow/.local/lib/python3.12/site-packages/airflow/example_dags/example_latest_only.py
[2024-04-21T14:36:11.085+0000] {processor.py:840} INFO - DAG(s) 'latest_only' retrieved from /home/airflow/.local/lib/python3.12/site-packages/airflow/example_dags/example_latest_only.py
[2024-04-21T14:36:11.097+0000] {logging_mixin.py:188} INFO - [2024-04-21T14:36:11.097+0000] {dag.py:3096} INFO - Sync 1 DAGs
[2024-04-21T14:36:11.107+0000] {logging_mixin.py:188} INFO - [2024-04-21T14:36:11.107+0000] {dag.py:3954} INFO - Setting next_dagrun for latest_only to 2024-04-21 08:00:00+00:00, run_after=2024-04-21 12:00:00+00:00
[2024-04-21T14:36:11.114+0000] {processor.py:183} INFO - Processing /home/airflow/.local/lib/python3.12/site-packages/airflow/example_dags/example_latest_only.py took 0.037 seconds
[2024-04-21T14:36:42.062+0000] {processor.py:161} INFO - Started process (PID=3234) to work on /home/airflow/.local/lib/python3.12/site-packages/airflow/example_dags/example_latest_only.py
[2024-04-21T14:36:42.062+0000] {processor.py:830} INFO - Processing file /home/airflow/.local/lib/python3.12/site-packages/airflow/example_dags/example_latest_only.py for tasks to queue
[2024-04-21T14:36:42.063+0000] {logging_mixin.py:188} INFO - [2024-04-21T14:36:42.063+0000] {dagbag.py:540} INFO - Filling up the DagBag from /home/airflow/.local/lib/python3.12/site-packages/airflow/example_dags/example_latest_only.py
[2024-04-21T14:36:42.066+0000] {processor.py:840} INFO - DAG(s) 'latest_only' retrieved from /home/airflow/.local/lib/python3.12/site-packages/airflow/example_dags/example_latest_only.py
[2024-04-21T14:36:42.077+0000] {logging_mixin.py:188} INFO - [2024-04-21T14:36:42.077+0000] {dag.py:3096} INFO - Sync 1 DAGs
[2024-04-21T14:36:42.086+0000] {logging_mixin.py:188} INFO - [2024-04-21T14:36:42.086+0000] {dag.py:3954} INFO - Setting next_dagrun for latest_only to 2024-04-21 08:00:00+00:00, run_after=2024-04-21 12:00:00+00:00
[2024-04-21T14:36:42.094+0000] {processor.py:183} INFO - Processing /home/airflow/.local/lib/python3.12/site-packages/airflow/example_dags/example_latest_only.py took 0.035 seconds
[2024-04-21T14:37:12.352+0000] {processor.py:161} INFO - Started process (PID=3502) to work on /home/airflow/.local/lib/python3.12/site-packages/airflow/example_dags/example_latest_only.py
[2024-04-21T14:37:12.353+0000] {processor.py:830} INFO - Processing file /home/airflow/.local/lib/python3.12/site-packages/airflow/example_dags/example_latest_only.py for tasks to queue
[2024-04-21T14:37:12.354+0000] {logging_mixin.py:188} INFO - [2024-04-21T14:37:12.354+0000] {dagbag.py:540} INFO - Filling up the DagBag from /home/airflow/.local/lib/python3.12/site-packages/airflow/example_dags/example_latest_only.py
[2024-04-21T14:37:12.357+0000] {processor.py:840} INFO - DAG(s) 'latest_only' retrieved from /home/airflow/.local/lib/python3.12/site-packages/airflow/example_dags/example_latest_only.py
[2024-04-21T14:37:12.370+0000] {logging_mixin.py:188} INFO - [2024-04-21T14:37:12.370+0000] {dag.py:3096} INFO - Sync 1 DAGs
[2024-04-21T14:37:12.381+0000] {logging_mixin.py:188} INFO - [2024-04-21T14:37:12.381+0000] {dag.py:3954} INFO - Setting next_dagrun for latest_only to 2024-04-21 08:00:00+00:00, run_after=2024-04-21 12:00:00+00:00
[2024-04-21T14:37:12.390+0000] {processor.py:183} INFO - Processing /home/airflow/.local/lib/python3.12/site-packages/airflow/example_dags/example_latest_only.py took 0.041 seconds
[2024-04-21T14:37:42.418+0000] {processor.py:161} INFO - Started process (PID=3769) to work on /home/airflow/.local/lib/python3.12/site-packages/airflow/example_dags/example_latest_only.py
[2024-04-21T14:37:42.419+0000] {processor.py:830} INFO - Processing file /home/airflow/.local/lib/python3.12/site-packages/airflow/example_dags/example_latest_only.py for tasks to queue
[2024-04-21T14:37:42.420+0000] {logging_mixin.py:188} INFO - [2024-04-21T14:37:42.419+0000] {dagbag.py:540} INFO - Filling up the DagBag from /home/airflow/.local/lib/python3.12/site-packages/airflow/example_dags/example_latest_only.py
[2024-04-21T14:37:42.422+0000] {processor.py:840} INFO - DAG(s) 'latest_only' retrieved from /home/airflow/.local/lib/python3.12/site-packages/airflow/example_dags/example_latest_only.py
[2024-04-21T14:37:42.433+0000] {logging_mixin.py:188} INFO - [2024-04-21T14:37:42.433+0000] {dag.py:3096} INFO - Sync 1 DAGs
[2024-04-21T14:37:42.442+0000] {logging_mixin.py:188} INFO - [2024-04-21T14:37:42.442+0000] {dag.py:3954} INFO - Setting next_dagrun for latest_only to 2024-04-21 08:00:00+00:00, run_after=2024-04-21 12:00:00+00:00
[2024-04-21T14:37:42.449+0000] {processor.py:183} INFO - Processing /home/airflow/.local/lib/python3.12/site-packages/airflow/example_dags/example_latest_only.py took 0.034 seconds
[2024-04-21T14:53:48.064+0000] {processor.py:161} INFO - Started process (PID=4038) to work on /home/airflow/.local/lib/python3.12/site-packages/airflow/example_dags/example_latest_only.py
[2024-04-21T14:53:48.065+0000] {processor.py:830} INFO - Processing file /home/airflow/.local/lib/python3.12/site-packages/airflow/example_dags/example_latest_only.py for tasks to queue
[2024-04-21T14:53:48.066+0000] {logging_mixin.py:188} INFO - [2024-04-21T14:53:48.065+0000] {dagbag.py:540} INFO - Filling up the DagBag from /home/airflow/.local/lib/python3.12/site-packages/airflow/example_dags/example_latest_only.py
[2024-04-21T14:53:48.068+0000] {processor.py:840} INFO - DAG(s) 'latest_only' retrieved from /home/airflow/.local/lib/python3.12/site-packages/airflow/example_dags/example_latest_only.py
[2024-04-21T14:53:48.079+0000] {logging_mixin.py:188} INFO - [2024-04-21T14:53:48.079+0000] {dag.py:3096} INFO - Sync 1 DAGs
[2024-04-21T14:53:48.089+0000] {logging_mixin.py:188} INFO - [2024-04-21T14:53:48.089+0000] {dag.py:3954} INFO - Setting next_dagrun for latest_only to 2024-04-21 08:00:00+00:00, run_after=2024-04-21 12:00:00+00:00
[2024-04-21T14:53:48.096+0000] {processor.py:183} INFO - Processing /home/airflow/.local/lib/python3.12/site-packages/airflow/example_dags/example_latest_only.py took 0.036 seconds
[2024-04-21T14:54:18.924+0000] {processor.py:161} INFO - Started process (PID=4304) to work on /home/airflow/.local/lib/python3.12/site-packages/airflow/example_dags/example_latest_only.py
[2024-04-21T14:54:18.925+0000] {processor.py:830} INFO - Processing file /home/airflow/.local/lib/python3.12/site-packages/airflow/example_dags/example_latest_only.py for tasks to queue
[2024-04-21T14:54:18.926+0000] {logging_mixin.py:188} INFO - [2024-04-21T14:54:18.926+0000] {dagbag.py:540} INFO - Filling up the DagBag from /home/airflow/.local/lib/python3.12/site-packages/airflow/example_dags/example_latest_only.py
[2024-04-21T14:54:18.928+0000] {processor.py:840} INFO - DAG(s) 'latest_only' retrieved from /home/airflow/.local/lib/python3.12/site-packages/airflow/example_dags/example_latest_only.py
[2024-04-21T14:54:18.940+0000] {logging_mixin.py:188} INFO - [2024-04-21T14:54:18.939+0000] {dag.py:3096} INFO - Sync 1 DAGs
[2024-04-21T14:54:18.949+0000] {logging_mixin.py:188} INFO - [2024-04-21T14:54:18.948+0000] {dag.py:3954} INFO - Setting next_dagrun for latest_only to 2024-04-21 08:00:00+00:00, run_after=2024-04-21 12:00:00+00:00
[2024-04-21T14:54:18.956+0000] {processor.py:183} INFO - Processing /home/airflow/.local/lib/python3.12/site-packages/airflow/example_dags/example_latest_only.py took 0.034 seconds
[2024-04-21T14:54:49.000+0000] {processor.py:161} INFO - Started process (PID=4571) to work on /home/airflow/.local/lib/python3.12/site-packages/airflow/example_dags/example_latest_only.py
[2024-04-21T14:54:49.000+0000] {processor.py:830} INFO - Processing file /home/airflow/.local/lib/python3.12/site-packages/airflow/example_dags/example_latest_only.py for tasks to queue
[2024-04-21T14:54:49.001+0000] {logging_mixin.py:188} INFO - [2024-04-21T14:54:49.001+0000] {dagbag.py:540} INFO - Filling up the DagBag from /home/airflow/.local/lib/python3.12/site-packages/airflow/example_dags/example_latest_only.py
[2024-04-21T14:54:49.004+0000] {processor.py:840} INFO - DAG(s) 'latest_only' retrieved from /home/airflow/.local/lib/python3.12/site-packages/airflow/example_dags/example_latest_only.py
[2024-04-21T14:54:49.016+0000] {logging_mixin.py:188} INFO - [2024-04-21T14:54:49.016+0000] {dag.py:3096} INFO - Sync 1 DAGs
[2024-04-21T14:54:49.025+0000] {logging_mixin.py:188} INFO - [2024-04-21T14:54:49.025+0000] {dag.py:3954} INFO - Setting next_dagrun for latest_only to 2024-04-21 08:00:00+00:00, run_after=2024-04-21 12:00:00+00:00
[2024-04-21T14:54:49.032+0000] {processor.py:183} INFO - Processing /home/airflow/.local/lib/python3.12/site-packages/airflow/example_dags/example_latest_only.py took 0.035 seconds
[2024-04-21T14:55:19.925+0000] {processor.py:161} INFO - Started process (PID=4839) to work on /home/airflow/.local/lib/python3.12/site-packages/airflow/example_dags/example_latest_only.py
[2024-04-21T14:55:19.926+0000] {processor.py:830} INFO - Processing file /home/airflow/.local/lib/python3.12/site-packages/airflow/example_dags/example_latest_only.py for tasks to queue
[2024-04-21T14:55:19.927+0000] {logging_mixin.py:188} INFO - [2024-04-21T14:55:19.927+0000] {dagbag.py:540} INFO - Filling up the DagBag from /home/airflow/.local/lib/python3.12/site-packages/airflow/example_dags/example_latest_only.py
[2024-04-21T14:55:19.929+0000] {processor.py:840} INFO - DAG(s) 'latest_only' retrieved from /home/airflow/.local/lib/python3.12/site-packages/airflow/example_dags/example_latest_only.py
[2024-04-21T14:55:19.941+0000] {logging_mixin.py:188} INFO - [2024-04-21T14:55:19.941+0000] {dag.py:3096} INFO - Sync 1 DAGs
[2024-04-21T14:55:19.951+0000] {logging_mixin.py:188} INFO - [2024-04-21T14:55:19.951+0000] {dag.py:3954} INFO - Setting next_dagrun for latest_only to 2024-04-21 08:00:00+00:00, run_after=2024-04-21 12:00:00+00:00
[2024-04-21T14:55:19.958+0000] {processor.py:183} INFO - Processing /home/airflow/.local/lib/python3.12/site-packages/airflow/example_dags/example_latest_only.py took 0.036 seconds
[2024-04-21T14:55:50.778+0000] {processor.py:161} INFO - Started process (PID=5106) to work on /home/airflow/.local/lib/python3.12/site-packages/airflow/example_dags/example_latest_only.py
[2024-04-21T14:55:50.778+0000] {processor.py:830} INFO - Processing file /home/airflow/.local/lib/python3.12/site-packages/airflow/example_dags/example_latest_only.py for tasks to queue
[2024-04-21T14:55:50.779+0000] {logging_mixin.py:188} INFO - [2024-04-21T14:55:50.779+0000] {dagbag.py:540} INFO - Filling up the DagBag from /home/airflow/.local/lib/python3.12/site-packages/airflow/example_dags/example_latest_only.py
[2024-04-21T14:55:50.782+0000] {processor.py:840} INFO - DAG(s) 'latest_only' retrieved from /home/airflow/.local/lib/python3.12/site-packages/airflow/example_dags/example_latest_only.py
[2024-04-21T14:55:50.793+0000] {logging_mixin.py:188} INFO - [2024-04-21T14:55:50.793+0000] {dag.py:3096} INFO - Sync 1 DAGs
[2024-04-21T14:55:50.803+0000] {logging_mixin.py:188} INFO - [2024-04-21T14:55:50.803+0000] {dag.py:3954} INFO - Setting next_dagrun for latest_only to 2024-04-21 08:00:00+00:00, run_after=2024-04-21 12:00:00+00:00
[2024-04-21T14:55:50.811+0000] {processor.py:183} INFO - Processing /home/airflow/.local/lib/python3.12/site-packages/airflow/example_dags/example_latest_only.py took 0.037 seconds
[2024-04-21T14:56:21.594+0000] {processor.py:161} INFO - Started process (PID=5373) to work on /home/airflow/.local/lib/python3.12/site-packages/airflow/example_dags/example_latest_only.py
[2024-04-21T14:56:21.595+0000] {processor.py:830} INFO - Processing file /home/airflow/.local/lib/python3.12/site-packages/airflow/example_dags/example_latest_only.py for tasks to queue
[2024-04-21T14:56:21.596+0000] {logging_mixin.py:188} INFO - [2024-04-21T14:56:21.595+0000] {dagbag.py:540} INFO - Filling up the DagBag from /home/airflow/.local/lib/python3.12/site-packages/airflow/example_dags/example_latest_only.py
[2024-04-21T14:56:21.598+0000] {processor.py:840} INFO - DAG(s) 'latest_only' retrieved from /home/airflow/.local/lib/python3.12/site-packages/airflow/example_dags/example_latest_only.py
[2024-04-21T14:56:21.610+0000] {logging_mixin.py:188} INFO - [2024-04-21T14:56:21.610+0000] {dag.py:3096} INFO - Sync 1 DAGs
[2024-04-21T14:56:21.620+0000] {logging_mixin.py:188} INFO - [2024-04-21T14:56:21.620+0000] {dag.py:3954} INFO - Setting next_dagrun for latest_only to 2024-04-21 08:00:00+00:00, run_after=2024-04-21 12:00:00+00:00
[2024-04-21T14:56:21.628+0000] {processor.py:183} INFO - Processing /home/airflow/.local/lib/python3.12/site-packages/airflow/example_dags/example_latest_only.py took 0.037 seconds
[2024-04-21T14:56:52.604+0000] {processor.py:161} INFO - Started process (PID=5640) to work on /home/airflow/.local/lib/python3.12/site-packages/airflow/example_dags/example_latest_only.py
[2024-04-21T14:56:52.605+0000] {processor.py:830} INFO - Processing file /home/airflow/.local/lib/python3.12/site-packages/airflow/example_dags/example_latest_only.py for tasks to queue
[2024-04-21T14:56:52.606+0000] {logging_mixin.py:188} INFO - [2024-04-21T14:56:52.606+0000] {dagbag.py:540} INFO - Filling up the DagBag from /home/airflow/.local/lib/python3.12/site-packages/airflow/example_dags/example_latest_only.py
[2024-04-21T14:56:52.609+0000] {processor.py:840} INFO - DAG(s) 'latest_only' retrieved from /home/airflow/.local/lib/python3.12/site-packages/airflow/example_dags/example_latest_only.py
[2024-04-21T14:56:52.621+0000] {logging_mixin.py:188} INFO - [2024-04-21T14:56:52.621+0000] {dag.py:3096} INFO - Sync 1 DAGs
[2024-04-21T14:56:52.631+0000] {logging_mixin.py:188} INFO - [2024-04-21T14:56:52.631+0000] {dag.py:3954} INFO - Setting next_dagrun for latest_only to 2024-04-21 08:00:00+00:00, run_after=2024-04-21 12:00:00+00:00
[2024-04-21T14:56:52.640+0000] {processor.py:183} INFO - Processing /home/airflow/.local/lib/python3.12/site-packages/airflow/example_dags/example_latest_only.py took 0.039 seconds
[2024-04-21T14:57:22.685+0000] {processor.py:161} INFO - Started process (PID=5909) to work on /home/airflow/.local/lib/python3.12/site-packages/airflow/example_dags/example_latest_only.py
[2024-04-21T14:57:22.685+0000] {processor.py:830} INFO - Processing file /home/airflow/.local/lib/python3.12/site-packages/airflow/example_dags/example_latest_only.py for tasks to queue
[2024-04-21T14:57:22.686+0000] {logging_mixin.py:188} INFO - [2024-04-21T14:57:22.686+0000] {dagbag.py:540} INFO - Filling up the DagBag from /home/airflow/.local/lib/python3.12/site-packages/airflow/example_dags/example_latest_only.py
[2024-04-21T14:57:22.689+0000] {processor.py:840} INFO - DAG(s) 'latest_only' retrieved from /home/airflow/.local/lib/python3.12/site-packages/airflow/example_dags/example_latest_only.py
[2024-04-21T14:57:22.701+0000] {logging_mixin.py:188} INFO - [2024-04-21T14:57:22.700+0000] {dag.py:3096} INFO - Sync 1 DAGs
[2024-04-21T14:57:22.709+0000] {logging_mixin.py:188} INFO - [2024-04-21T14:57:22.709+0000] {dag.py:3954} INFO - Setting next_dagrun for latest_only to 2024-04-21 08:00:00+00:00, run_after=2024-04-21 12:00:00+00:00
[2024-04-21T14:57:22.716+0000] {processor.py:183} INFO - Processing /home/airflow/.local/lib/python3.12/site-packages/airflow/example_dags/example_latest_only.py took 0.034 seconds
[2024-04-21T14:57:52.853+0000] {processor.py:161} INFO - Started process (PID=6183) to work on /home/airflow/.local/lib/python3.12/site-packages/airflow/example_dags/example_latest_only.py
[2024-04-21T14:57:52.854+0000] {processor.py:830} INFO - Processing file /home/airflow/.local/lib/python3.12/site-packages/airflow/example_dags/example_latest_only.py for tasks to queue
[2024-04-21T14:57:52.855+0000] {logging_mixin.py:188} INFO - [2024-04-21T14:57:52.855+0000] {dagbag.py:540} INFO - Filling up the DagBag from /home/airflow/.local/lib/python3.12/site-packages/airflow/example_dags/example_latest_only.py
[2024-04-21T14:57:52.858+0000] {processor.py:840} INFO - DAG(s) 'latest_only' retrieved from /home/airflow/.local/lib/python3.12/site-packages/airflow/example_dags/example_latest_only.py
[2024-04-21T14:57:52.869+0000] {logging_mixin.py:188} INFO - [2024-04-21T14:57:52.869+0000] {dag.py:3096} INFO - Sync 1 DAGs
[2024-04-21T14:57:52.879+0000] {logging_mixin.py:188} INFO - [2024-04-21T14:57:52.879+0000] {dag.py:3954} INFO - Setting next_dagrun for latest_only to 2024-04-21 08:00:00+00:00, run_after=2024-04-21 12:00:00+00:00
[2024-04-21T14:57:52.887+0000] {processor.py:183} INFO - Processing /home/airflow/.local/lib/python3.12/site-packages/airflow/example_dags/example_latest_only.py took 0.037 seconds
[2024-04-21T14:58:23.890+0000] {processor.py:161} INFO - Started process (PID=6449) to work on /home/airflow/.local/lib/python3.12/site-packages/airflow/example_dags/example_latest_only.py
[2024-04-21T14:58:23.890+0000] {processor.py:830} INFO - Processing file /home/airflow/.local/lib/python3.12/site-packages/airflow/example_dags/example_latest_only.py for tasks to queue
[2024-04-21T14:58:23.891+0000] {logging_mixin.py:188} INFO - [2024-04-21T14:58:23.891+0000] {dagbag.py:540} INFO - Filling up the DagBag from /home/airflow/.local/lib/python3.12/site-packages/airflow/example_dags/example_latest_only.py
[2024-04-21T14:58:23.894+0000] {processor.py:840} INFO - DAG(s) 'latest_only' retrieved from /home/airflow/.local/lib/python3.12/site-packages/airflow/example_dags/example_latest_only.py
[2024-04-21T14:58:23.908+0000] {logging_mixin.py:188} INFO - [2024-04-21T14:58:23.908+0000] {dag.py:3096} INFO - Sync 1 DAGs
[2024-04-21T14:58:23.919+0000] {logging_mixin.py:188} INFO - [2024-04-21T14:58:23.919+0000] {dag.py:3954} INFO - Setting next_dagrun for latest_only to 2024-04-21 08:00:00+00:00, run_after=2024-04-21 12:00:00+00:00
[2024-04-21T14:58:23.928+0000] {processor.py:183} INFO - Processing /home/airflow/.local/lib/python3.12/site-packages/airflow/example_dags/example_latest_only.py took 0.042 seconds
[2024-04-21T14:58:54.451+0000] {processor.py:161} INFO - Started process (PID=6722) to work on /home/airflow/.local/lib/python3.12/site-packages/airflow/example_dags/example_latest_only.py
[2024-04-21T14:58:54.452+0000] {processor.py:830} INFO - Processing file /home/airflow/.local/lib/python3.12/site-packages/airflow/example_dags/example_latest_only.py for tasks to queue
[2024-04-21T14:58:54.453+0000] {logging_mixin.py:188} INFO - [2024-04-21T14:58:54.453+0000] {dagbag.py:540} INFO - Filling up the DagBag from /home/airflow/.local/lib/python3.12/site-packages/airflow/example_dags/example_latest_only.py
[2024-04-21T14:58:54.455+0000] {processor.py:840} INFO - DAG(s) 'latest_only' retrieved from /home/airflow/.local/lib/python3.12/site-packages/airflow/example_dags/example_latest_only.py
[2024-04-21T14:58:54.467+0000] {logging_mixin.py:188} INFO - [2024-04-21T14:58:54.467+0000] {dag.py:3096} INFO - Sync 1 DAGs
[2024-04-21T14:58:54.476+0000] {logging_mixin.py:188} INFO - [2024-04-21T14:58:54.476+0000] {dag.py:3954} INFO - Setting next_dagrun for latest_only to 2024-04-21 08:00:00+00:00, run_after=2024-04-21 12:00:00+00:00
[2024-04-21T14:58:54.484+0000] {processor.py:183} INFO - Processing /home/airflow/.local/lib/python3.12/site-packages/airflow/example_dags/example_latest_only.py took 0.036 seconds
[2024-04-21T14:59:25.195+0000] {processor.py:161} INFO - Started process (PID=6993) to work on /home/airflow/.local/lib/python3.12/site-packages/airflow/example_dags/example_latest_only.py
[2024-04-21T14:59:25.195+0000] {processor.py:830} INFO - Processing file /home/airflow/.local/lib/python3.12/site-packages/airflow/example_dags/example_latest_only.py for tasks to queue
[2024-04-21T14:59:25.196+0000] {logging_mixin.py:188} INFO - [2024-04-21T14:59:25.196+0000] {dagbag.py:540} INFO - Filling up the DagBag from /home/airflow/.local/lib/python3.12/site-packages/airflow/example_dags/example_latest_only.py
[2024-04-21T14:59:25.199+0000] {processor.py:840} INFO - DAG(s) 'latest_only' retrieved from /home/airflow/.local/lib/python3.12/site-packages/airflow/example_dags/example_latest_only.py
[2024-04-21T14:59:25.210+0000] {logging_mixin.py:188} INFO - [2024-04-21T14:59:25.210+0000] {dag.py:3096} INFO - Sync 1 DAGs
[2024-04-21T14:59:25.221+0000] {logging_mixin.py:188} INFO - [2024-04-21T14:59:25.221+0000] {dag.py:3954} INFO - Setting next_dagrun for latest_only to 2024-04-21 08:00:00+00:00, run_after=2024-04-21 12:00:00+00:00
[2024-04-21T14:59:25.228+0000] {processor.py:183} INFO - Processing /home/airflow/.local/lib/python3.12/site-packages/airflow/example_dags/example_latest_only.py took 0.036 seconds
[2024-04-21T14:59:55.993+0000] {processor.py:161} INFO - Started process (PID=7260) to work on /home/airflow/.local/lib/python3.12/site-packages/airflow/example_dags/example_latest_only.py
[2024-04-21T14:59:55.993+0000] {processor.py:830} INFO - Processing file /home/airflow/.local/lib/python3.12/site-packages/airflow/example_dags/example_latest_only.py for tasks to queue
[2024-04-21T14:59:55.994+0000] {logging_mixin.py:188} INFO - [2024-04-21T14:59:55.994+0000] {dagbag.py:540} INFO - Filling up the DagBag from /home/airflow/.local/lib/python3.12/site-packages/airflow/example_dags/example_latest_only.py
[2024-04-21T14:59:55.997+0000] {processor.py:840} INFO - DAG(s) 'latest_only' retrieved from /home/airflow/.local/lib/python3.12/site-packages/airflow/example_dags/example_latest_only.py
[2024-04-21T14:59:56.008+0000] {logging_mixin.py:188} INFO - [2024-04-21T14:59:56.008+0000] {dag.py:3096} INFO - Sync 1 DAGs
[2024-04-21T14:59:56.017+0000] {logging_mixin.py:188} INFO - [2024-04-21T14:59:56.017+0000] {dag.py:3954} INFO - Setting next_dagrun for latest_only to 2024-04-21 08:00:00+00:00, run_after=2024-04-21 12:00:00+00:00
[2024-04-21T14:59:56.024+0000] {processor.py:183} INFO - Processing /home/airflow/.local/lib/python3.12/site-packages/airflow/example_dags/example_latest_only.py took 0.035 seconds
[2024-04-21T15:00:26.886+0000] {processor.py:161} INFO - Started process (PID=7554) to work on /home/airflow/.local/lib/python3.12/site-packages/airflow/example_dags/example_latest_only.py
[2024-04-21T15:00:26.887+0000] {processor.py:830} INFO - Processing file /home/airflow/.local/lib/python3.12/site-packages/airflow/example_dags/example_latest_only.py for tasks to queue
[2024-04-21T15:00:26.888+0000] {logging_mixin.py:188} INFO - [2024-04-21T15:00:26.888+0000] {dagbag.py:540} INFO - Filling up the DagBag from /home/airflow/.local/lib/python3.12/site-packages/airflow/example_dags/example_latest_only.py
[2024-04-21T15:00:26.890+0000] {processor.py:840} INFO - DAG(s) 'latest_only' retrieved from /home/airflow/.local/lib/python3.12/site-packages/airflow/example_dags/example_latest_only.py
[2024-04-21T15:00:26.903+0000] {logging_mixin.py:188} INFO - [2024-04-21T15:00:26.903+0000] {dag.py:3096} INFO - Sync 1 DAGs
[2024-04-21T15:00:26.912+0000] {logging_mixin.py:188} INFO - [2024-04-21T15:00:26.912+0000] {dag.py:3954} INFO - Setting next_dagrun for latest_only to 2024-04-21 08:00:00+00:00, run_after=2024-04-21 12:00:00+00:00
[2024-04-21T15:00:26.919+0000] {processor.py:183} INFO - Processing /home/airflow/.local/lib/python3.12/site-packages/airflow/example_dags/example_latest_only.py took 0.036 seconds
[2024-04-21T15:00:57.898+0000] {processor.py:161} INFO - Started process (PID=7819) to work on /home/airflow/.local/lib/python3.12/site-packages/airflow/example_dags/example_latest_only.py
[2024-04-21T15:00:57.898+0000] {processor.py:830} INFO - Processing file /home/airflow/.local/lib/python3.12/site-packages/airflow/example_dags/example_latest_only.py for tasks to queue
[2024-04-21T15:00:57.899+0000] {logging_mixin.py:188} INFO - [2024-04-21T15:00:57.899+0000] {dagbag.py:540} INFO - Filling up the DagBag from /home/airflow/.local/lib/python3.12/site-packages/airflow/example_dags/example_latest_only.py
[2024-04-21T15:00:57.902+0000] {processor.py:840} INFO - DAG(s) 'latest_only' retrieved from /home/airflow/.local/lib/python3.12/site-packages/airflow/example_dags/example_latest_only.py
[2024-04-21T15:00:57.915+0000] {logging_mixin.py:188} INFO - [2024-04-21T15:00:57.915+0000] {dag.py:3096} INFO - Sync 1 DAGs
[2024-04-21T15:00:57.926+0000] {logging_mixin.py:188} INFO - [2024-04-21T15:00:57.926+0000] {dag.py:3954} INFO - Setting next_dagrun for latest_only to 2024-04-21 08:00:00+00:00, run_after=2024-04-21 12:00:00+00:00
[2024-04-21T15:00:57.935+0000] {processor.py:183} INFO - Processing /home/airflow/.local/lib/python3.12/site-packages/airflow/example_dags/example_latest_only.py took 0.041 seconds
[2024-04-21T15:01:28.114+0000] {processor.py:161} INFO - Started process (PID=8085) to work on /home/airflow/.local/lib/python3.12/site-packages/airflow/example_dags/example_latest_only.py
[2024-04-21T15:01:28.115+0000] {processor.py:830} INFO - Processing file /home/airflow/.local/lib/python3.12/site-packages/airflow/example_dags/example_latest_only.py for tasks to queue
[2024-04-21T15:01:28.116+0000] {logging_mixin.py:188} INFO - [2024-04-21T15:01:28.115+0000] {dagbag.py:540} INFO - Filling up the DagBag from /home/airflow/.local/lib/python3.12/site-packages/airflow/example_dags/example_latest_only.py
[2024-04-21T15:01:28.118+0000] {processor.py:840} INFO - DAG(s) 'latest_only' retrieved from /home/airflow/.local/lib/python3.12/site-packages/airflow/example_dags/example_latest_only.py
[2024-04-21T15:01:28.132+0000] {logging_mixin.py:188} INFO - [2024-04-21T15:01:28.132+0000] {dag.py:3096} INFO - Sync 1 DAGs
[2024-04-21T15:01:28.142+0000] {logging_mixin.py:188} INFO - [2024-04-21T15:01:28.142+0000] {dag.py:3954} INFO - Setting next_dagrun for latest_only to 2024-04-21 08:00:00+00:00, run_after=2024-04-21 12:00:00+00:00
[2024-04-21T15:01:28.151+0000] {processor.py:183} INFO - Processing /home/airflow/.local/lib/python3.12/site-packages/airflow/example_dags/example_latest_only.py took 0.040 seconds
[2024-04-21T15:01:58.201+0000] {processor.py:161} INFO - Started process (PID=8368) to work on /home/airflow/.local/lib/python3.12/site-packages/airflow/example_dags/example_latest_only.py
[2024-04-21T15:01:58.202+0000] {processor.py:830} INFO - Processing file /home/airflow/.local/lib/python3.12/site-packages/airflow/example_dags/example_latest_only.py for tasks to queue
[2024-04-21T15:01:58.203+0000] {logging_mixin.py:188} INFO - [2024-04-21T15:01:58.203+0000] {dagbag.py:540} INFO - Filling up the DagBag from /home/airflow/.local/lib/python3.12/site-packages/airflow/example_dags/example_latest_only.py
[2024-04-21T15:01:58.205+0000] {processor.py:840} INFO - DAG(s) 'latest_only' retrieved from /home/airflow/.local/lib/python3.12/site-packages/airflow/example_dags/example_latest_only.py
[2024-04-21T15:01:58.217+0000] {logging_mixin.py:188} INFO - [2024-04-21T15:01:58.217+0000] {dag.py:3096} INFO - Sync 1 DAGs
[2024-04-21T15:01:58.227+0000] {logging_mixin.py:188} INFO - [2024-04-21T15:01:58.227+0000] {dag.py:3954} INFO - Setting next_dagrun for latest_only to 2024-04-21 08:00:00+00:00, run_after=2024-04-21 12:00:00+00:00
[2024-04-21T15:01:58.233+0000] {processor.py:183} INFO - Processing /home/airflow/.local/lib/python3.12/site-packages/airflow/example_dags/example_latest_only.py took 0.035 seconds
[2024-04-21T15:02:29.064+0000] {processor.py:161} INFO - Started process (PID=8644) to work on /home/airflow/.local/lib/python3.12/site-packages/airflow/example_dags/example_latest_only.py
[2024-04-21T15:02:29.064+0000] {processor.py:830} INFO - Processing file /home/airflow/.local/lib/python3.12/site-packages/airflow/example_dags/example_latest_only.py for tasks to queue
[2024-04-21T15:02:29.065+0000] {logging_mixin.py:188} INFO - [2024-04-21T15:02:29.065+0000] {dagbag.py:540} INFO - Filling up the DagBag from /home/airflow/.local/lib/python3.12/site-packages/airflow/example_dags/example_latest_only.py
[2024-04-21T15:02:29.068+0000] {processor.py:840} INFO - DAG(s) 'latest_only' retrieved from /home/airflow/.local/lib/python3.12/site-packages/airflow/example_dags/example_latest_only.py
[2024-04-21T15:02:29.080+0000] {logging_mixin.py:188} INFO - [2024-04-21T15:02:29.080+0000] {dag.py:3096} INFO - Sync 1 DAGs
[2024-04-21T15:02:29.089+0000] {logging_mixin.py:188} INFO - [2024-04-21T15:02:29.089+0000] {dag.py:3954} INFO - Setting next_dagrun for latest_only to 2024-04-21 08:00:00+00:00, run_after=2024-04-21 12:00:00+00:00
[2024-04-21T15:02:29.095+0000] {processor.py:183} INFO - Processing /home/airflow/.local/lib/python3.12/site-packages/airflow/example_dags/example_latest_only.py took 0.035 seconds
[2024-04-21T15:02:59.943+0000] {processor.py:161} INFO - Started process (PID=8920) to work on /home/airflow/.local/lib/python3.12/site-packages/airflow/example_dags/example_latest_only.py
[2024-04-21T15:02:59.944+0000] {processor.py:830} INFO - Processing file /home/airflow/.local/lib/python3.12/site-packages/airflow/example_dags/example_latest_only.py for tasks to queue
[2024-04-21T15:02:59.945+0000] {logging_mixin.py:188} INFO - [2024-04-21T15:02:59.945+0000] {dagbag.py:540} INFO - Filling up the DagBag from /home/airflow/.local/lib/python3.12/site-packages/airflow/example_dags/example_latest_only.py
[2024-04-21T15:02:59.947+0000] {processor.py:840} INFO - DAG(s) 'latest_only' retrieved from /home/airflow/.local/lib/python3.12/site-packages/airflow/example_dags/example_latest_only.py
[2024-04-21T15:02:59.960+0000] {logging_mixin.py:188} INFO - [2024-04-21T15:02:59.960+0000] {dag.py:3096} INFO - Sync 1 DAGs
[2024-04-21T15:02:59.969+0000] {logging_mixin.py:188} INFO - [2024-04-21T15:02:59.969+0000] {dag.py:3954} INFO - Setting next_dagrun for latest_only to 2024-04-21 08:00:00+00:00, run_after=2024-04-21 12:00:00+00:00
[2024-04-21T15:02:59.977+0000] {processor.py:183} INFO - Processing /home/airflow/.local/lib/python3.12/site-packages/airflow/example_dags/example_latest_only.py took 0.036 seconds
[2024-04-21T15:03:30.835+0000] {processor.py:161} INFO - Started process (PID=9187) to work on /home/airflow/.local/lib/python3.12/site-packages/airflow/example_dags/example_latest_only.py
[2024-04-21T15:03:30.836+0000] {processor.py:830} INFO - Processing file /home/airflow/.local/lib/python3.12/site-packages/airflow/example_dags/example_latest_only.py for tasks to queue
[2024-04-21T15:03:30.837+0000] {logging_mixin.py:188} INFO - [2024-04-21T15:03:30.837+0000] {dagbag.py:540} INFO - Filling up the DagBag from /home/airflow/.local/lib/python3.12/site-packages/airflow/example_dags/example_latest_only.py
[2024-04-21T15:03:30.839+0000] {processor.py:840} INFO - DAG(s) 'latest_only' retrieved from /home/airflow/.local/lib/python3.12/site-packages/airflow/example_dags/example_latest_only.py
[2024-04-21T15:03:30.851+0000] {logging_mixin.py:188} INFO - [2024-04-21T15:03:30.851+0000] {dag.py:3096} INFO - Sync 1 DAGs
[2024-04-21T15:03:30.860+0000] {logging_mixin.py:188} INFO - [2024-04-21T15:03:30.860+0000] {dag.py:3954} INFO - Setting next_dagrun for latest_only to 2024-04-21 08:00:00+00:00, run_after=2024-04-21 12:00:00+00:00
[2024-04-21T15:03:30.867+0000] {processor.py:183} INFO - Processing /home/airflow/.local/lib/python3.12/site-packages/airflow/example_dags/example_latest_only.py took 0.034 seconds
[2024-04-21T15:04:01.774+0000] {processor.py:161} INFO - Started process (PID=9454) to work on /home/airflow/.local/lib/python3.12/site-packages/airflow/example_dags/example_latest_only.py
[2024-04-21T15:04:01.774+0000] {processor.py:830} INFO - Processing file /home/airflow/.local/lib/python3.12/site-packages/airflow/example_dags/example_latest_only.py for tasks to queue
[2024-04-21T15:04:01.776+0000] {logging_mixin.py:188} INFO - [2024-04-21T15:04:01.775+0000] {dagbag.py:540} INFO - Filling up the DagBag from /home/airflow/.local/lib/python3.12/site-packages/airflow/example_dags/example_latest_only.py
[2024-04-21T15:04:01.778+0000] {processor.py:840} INFO - DAG(s) 'latest_only' retrieved from /home/airflow/.local/lib/python3.12/site-packages/airflow/example_dags/example_latest_only.py
[2024-04-21T15:04:01.790+0000] {logging_mixin.py:188} INFO - [2024-04-21T15:04:01.790+0000] {dag.py:3096} INFO - Sync 1 DAGs
[2024-04-21T15:04:01.800+0000] {logging_mixin.py:188} INFO - [2024-04-21T15:04:01.800+0000] {dag.py:3954} INFO - Setting next_dagrun for latest_only to 2024-04-21 08:00:00+00:00, run_after=2024-04-21 12:00:00+00:00
[2024-04-21T15:04:01.807+0000] {processor.py:183} INFO - Processing /home/airflow/.local/lib/python3.12/site-packages/airflow/example_dags/example_latest_only.py took 0.036 seconds
[2024-04-21T15:04:32.614+0000] {processor.py:161} INFO - Started process (PID=9721) to work on /home/airflow/.local/lib/python3.12/site-packages/airflow/example_dags/example_latest_only.py
[2024-04-21T15:04:32.615+0000] {processor.py:830} INFO - Processing file /home/airflow/.local/lib/python3.12/site-packages/airflow/example_dags/example_latest_only.py for tasks to queue
[2024-04-21T15:04:32.615+0000] {logging_mixin.py:188} INFO - [2024-04-21T15:04:32.615+0000] {dagbag.py:540} INFO - Filling up the DagBag from /home/airflow/.local/lib/python3.12/site-packages/airflow/example_dags/example_latest_only.py
[2024-04-21T15:04:32.618+0000] {processor.py:840} INFO - DAG(s) 'latest_only' retrieved from /home/airflow/.local/lib/python3.12/site-packages/airflow/example_dags/example_latest_only.py
[2024-04-21T15:04:32.630+0000] {logging_mixin.py:188} INFO - [2024-04-21T15:04:32.630+0000] {dag.py:3096} INFO - Sync 1 DAGs
[2024-04-21T15:04:32.639+0000] {logging_mixin.py:188} INFO - [2024-04-21T15:04:32.639+0000] {dag.py:3954} INFO - Setting next_dagrun for latest_only to 2024-04-21 08:00:00+00:00, run_after=2024-04-21 12:00:00+00:00
[2024-04-21T15:04:32.647+0000] {processor.py:183} INFO - Processing /home/airflow/.local/lib/python3.12/site-packages/airflow/example_dags/example_latest_only.py took 0.035 seconds
[2024-04-21T15:05:03.490+0000] {processor.py:161} INFO - Started process (PID=9987) to work on /home/airflow/.local/lib/python3.12/site-packages/airflow/example_dags/example_latest_only.py
[2024-04-21T15:05:03.491+0000] {processor.py:830} INFO - Processing file /home/airflow/.local/lib/python3.12/site-packages/airflow/example_dags/example_latest_only.py for tasks to queue
[2024-04-21T15:05:03.492+0000] {logging_mixin.py:188} INFO - [2024-04-21T15:05:03.492+0000] {dagbag.py:540} INFO - Filling up the DagBag from /home/airflow/.local/lib/python3.12/site-packages/airflow/example_dags/example_latest_only.py
[2024-04-21T15:05:03.495+0000] {processor.py:840} INFO - DAG(s) 'latest_only' retrieved from /home/airflow/.local/lib/python3.12/site-packages/airflow/example_dags/example_latest_only.py
[2024-04-21T15:05:03.508+0000] {logging_mixin.py:188} INFO - [2024-04-21T15:05:03.508+0000] {dag.py:3096} INFO - Sync 1 DAGs
[2024-04-21T15:05:03.518+0000] {logging_mixin.py:188} INFO - [2024-04-21T15:05:03.518+0000] {dag.py:3954} INFO - Setting next_dagrun for latest_only to 2024-04-21 08:00:00+00:00, run_after=2024-04-21 12:00:00+00:00
[2024-04-21T15:05:03.527+0000] {processor.py:183} INFO - Processing /home/airflow/.local/lib/python3.12/site-packages/airflow/example_dags/example_latest_only.py took 0.040 seconds
[2024-04-21T15:05:34.331+0000] {processor.py:161} INFO - Started process (PID=10254) to work on /home/airflow/.local/lib/python3.12/site-packages/airflow/example_dags/example_latest_only.py
[2024-04-21T15:05:34.331+0000] {processor.py:830} INFO - Processing file /home/airflow/.local/lib/python3.12/site-packages/airflow/example_dags/example_latest_only.py for tasks to queue
[2024-04-21T15:05:34.332+0000] {logging_mixin.py:188} INFO - [2024-04-21T15:05:34.332+0000] {dagbag.py:540} INFO - Filling up the DagBag from /home/airflow/.local/lib/python3.12/site-packages/airflow/example_dags/example_latest_only.py
[2024-04-21T15:05:34.335+0000] {processor.py:840} INFO - DAG(s) 'latest_only' retrieved from /home/airflow/.local/lib/python3.12/site-packages/airflow/example_dags/example_latest_only.py
[2024-04-21T15:05:34.347+0000] {logging_mixin.py:188} INFO - [2024-04-21T15:05:34.347+0000] {dag.py:3096} INFO - Sync 1 DAGs
[2024-04-21T15:05:34.357+0000] {logging_mixin.py:188} INFO - [2024-04-21T15:05:34.356+0000] {dag.py:3954} INFO - Setting next_dagrun for latest_only to 2024-04-21 08:00:00+00:00, run_after=2024-04-21 12:00:00+00:00
[2024-04-21T15:05:34.364+0000] {processor.py:183} INFO - Processing /home/airflow/.local/lib/python3.12/site-packages/airflow/example_dags/example_latest_only.py took 0.036 seconds
[2024-04-21T15:06:05.219+0000] {processor.py:161} INFO - Started process (PID=10518) to work on /home/airflow/.local/lib/python3.12/site-packages/airflow/example_dags/example_latest_only.py
[2024-04-21T15:06:05.220+0000] {processor.py:830} INFO - Processing file /home/airflow/.local/lib/python3.12/site-packages/airflow/example_dags/example_latest_only.py for tasks to queue
[2024-04-21T15:06:05.221+0000] {logging_mixin.py:188} INFO - [2024-04-21T15:06:05.220+0000] {dagbag.py:540} INFO - Filling up the DagBag from /home/airflow/.local/lib/python3.12/site-packages/airflow/example_dags/example_latest_only.py
[2024-04-21T15:06:05.223+0000] {processor.py:840} INFO - DAG(s) 'latest_only' retrieved from /home/airflow/.local/lib/python3.12/site-packages/airflow/example_dags/example_latest_only.py
[2024-04-21T15:06:05.234+0000] {logging_mixin.py:188} INFO - [2024-04-21T15:06:05.234+0000] {dag.py:3096} INFO - Sync 1 DAGs
[2024-04-21T15:06:05.244+0000] {logging_mixin.py:188} INFO - [2024-04-21T15:06:05.244+0000] {dag.py:3954} INFO - Setting next_dagrun for latest_only to 2024-04-21 08:00:00+00:00, run_after=2024-04-21 12:00:00+00:00
[2024-04-21T15:06:05.251+0000] {processor.py:183} INFO - Processing /home/airflow/.local/lib/python3.12/site-packages/airflow/example_dags/example_latest_only.py took 0.035 seconds
[2024-04-21T15:06:36.122+0000] {processor.py:161} INFO - Started process (PID=10786) to work on /home/airflow/.local/lib/python3.12/site-packages/airflow/example_dags/example_latest_only.py
[2024-04-21T15:06:36.122+0000] {processor.py:830} INFO - Processing file /home/airflow/.local/lib/python3.12/site-packages/airflow/example_dags/example_latest_only.py for tasks to queue
[2024-04-21T15:06:36.123+0000] {logging_mixin.py:188} INFO - [2024-04-21T15:06:36.123+0000] {dagbag.py:540} INFO - Filling up the DagBag from /home/airflow/.local/lib/python3.12/site-packages/airflow/example_dags/example_latest_only.py
[2024-04-21T15:06:36.126+0000] {processor.py:840} INFO - DAG(s) 'latest_only' retrieved from /home/airflow/.local/lib/python3.12/site-packages/airflow/example_dags/example_latest_only.py
[2024-04-21T15:06:36.137+0000] {logging_mixin.py:188} INFO - [2024-04-21T15:06:36.137+0000] {dag.py:3096} INFO - Sync 1 DAGs
[2024-04-21T15:06:36.146+0000] {logging_mixin.py:188} INFO - [2024-04-21T15:06:36.146+0000] {dag.py:3954} INFO - Setting next_dagrun for latest_only to 2024-04-21 08:00:00+00:00, run_after=2024-04-21 12:00:00+00:00
[2024-04-21T15:06:36.153+0000] {processor.py:183} INFO - Processing /home/airflow/.local/lib/python3.12/site-packages/airflow/example_dags/example_latest_only.py took 0.034 seconds
[2024-04-21T15:07:06.298+0000] {processor.py:161} INFO - Started process (PID=11052) to work on /home/airflow/.local/lib/python3.12/site-packages/airflow/example_dags/example_latest_only.py
[2024-04-21T15:07:06.299+0000] {processor.py:830} INFO - Processing file /home/airflow/.local/lib/python3.12/site-packages/airflow/example_dags/example_latest_only.py for tasks to queue
[2024-04-21T15:07:06.300+0000] {logging_mixin.py:188} INFO - [2024-04-21T15:07:06.299+0000] {dagbag.py:540} INFO - Filling up the DagBag from /home/airflow/.local/lib/python3.12/site-packages/airflow/example_dags/example_latest_only.py
[2024-04-21T15:07:06.302+0000] {processor.py:840} INFO - DAG(s) 'latest_only' retrieved from /home/airflow/.local/lib/python3.12/site-packages/airflow/example_dags/example_latest_only.py
[2024-04-21T15:07:06.313+0000] {logging_mixin.py:188} INFO - [2024-04-21T15:07:06.313+0000] {dag.py:3096} INFO - Sync 1 DAGs
[2024-04-21T15:07:06.323+0000] {logging_mixin.py:188} INFO - [2024-04-21T15:07:06.323+0000] {dag.py:3954} INFO - Setting next_dagrun for latest_only to 2024-04-21 08:00:00+00:00, run_after=2024-04-21 12:00:00+00:00
[2024-04-21T15:07:06.330+0000] {processor.py:183} INFO - Processing /home/airflow/.local/lib/python3.12/site-packages/airflow/example_dags/example_latest_only.py took 0.034 seconds
[2024-04-21T15:07:36.584+0000] {processor.py:161} INFO - Started process (PID=11342) to work on /home/airflow/.local/lib/python3.12/site-packages/airflow/example_dags/example_latest_only.py
[2024-04-21T15:07:36.585+0000] {processor.py:830} INFO - Processing file /home/airflow/.local/lib/python3.12/site-packages/airflow/example_dags/example_latest_only.py for tasks to queue
[2024-04-21T15:07:36.586+0000] {logging_mixin.py:188} INFO - [2024-04-21T15:07:36.586+0000] {dagbag.py:540} INFO - Filling up the DagBag from /home/airflow/.local/lib/python3.12/site-packages/airflow/example_dags/example_latest_only.py
[2024-04-21T15:07:36.588+0000] {processor.py:840} INFO - DAG(s) 'latest_only' retrieved from /home/airflow/.local/lib/python3.12/site-packages/airflow/example_dags/example_latest_only.py
[2024-04-21T15:07:36.600+0000] {logging_mixin.py:188} INFO - [2024-04-21T15:07:36.599+0000] {dag.py:3096} INFO - Sync 1 DAGs
[2024-04-21T15:07:36.609+0000] {logging_mixin.py:188} INFO - [2024-04-21T15:07:36.609+0000] {dag.py:3954} INFO - Setting next_dagrun for latest_only to 2024-04-21 08:00:00+00:00, run_after=2024-04-21 12:00:00+00:00
[2024-04-21T15:07:36.616+0000] {processor.py:183} INFO - Processing /home/airflow/.local/lib/python3.12/site-packages/airflow/example_dags/example_latest_only.py took 0.035 seconds
[2024-04-21T15:08:06.674+0000] {processor.py:161} INFO - Started process (PID=11620) to work on /home/airflow/.local/lib/python3.12/site-packages/airflow/example_dags/example_latest_only.py
[2024-04-21T15:08:06.674+0000] {processor.py:830} INFO - Processing file /home/airflow/.local/lib/python3.12/site-packages/airflow/example_dags/example_latest_only.py for tasks to queue
[2024-04-21T15:08:06.675+0000] {logging_mixin.py:188} INFO - [2024-04-21T15:08:06.675+0000] {dagbag.py:540} INFO - Filling up the DagBag from /home/airflow/.local/lib/python3.12/site-packages/airflow/example_dags/example_latest_only.py
[2024-04-21T15:08:06.677+0000] {processor.py:840} INFO - DAG(s) 'latest_only' retrieved from /home/airflow/.local/lib/python3.12/site-packages/airflow/example_dags/example_latest_only.py
[2024-04-21T15:08:06.689+0000] {logging_mixin.py:188} INFO - [2024-04-21T15:08:06.689+0000] {dag.py:3096} INFO - Sync 1 DAGs
[2024-04-21T15:08:06.698+0000] {logging_mixin.py:188} INFO - [2024-04-21T15:08:06.698+0000] {dag.py:3954} INFO - Setting next_dagrun for latest_only to 2024-04-21 08:00:00+00:00, run_after=2024-04-21 12:00:00+00:00
[2024-04-21T15:08:06.705+0000] {processor.py:183} INFO - Processing /home/airflow/.local/lib/python3.12/site-packages/airflow/example_dags/example_latest_only.py took 0.035 seconds
[2024-04-21T15:08:37.619+0000] {processor.py:161} INFO - Started process (PID=11903) to work on /home/airflow/.local/lib/python3.12/site-packages/airflow/example_dags/example_latest_only.py
[2024-04-21T15:08:37.620+0000] {processor.py:830} INFO - Processing file /home/airflow/.local/lib/python3.12/site-packages/airflow/example_dags/example_latest_only.py for tasks to queue
[2024-04-21T15:08:37.621+0000] {logging_mixin.py:188} INFO - [2024-04-21T15:08:37.620+0000] {dagbag.py:540} INFO - Filling up the DagBag from /home/airflow/.local/lib/python3.12/site-packages/airflow/example_dags/example_latest_only.py
[2024-04-21T15:08:37.623+0000] {processor.py:840} INFO - DAG(s) 'latest_only' retrieved from /home/airflow/.local/lib/python3.12/site-packages/airflow/example_dags/example_latest_only.py
[2024-04-21T15:08:37.636+0000] {logging_mixin.py:188} INFO - [2024-04-21T15:08:37.636+0000] {dag.py:3096} INFO - Sync 1 DAGs
[2024-04-21T15:08:37.645+0000] {logging_mixin.py:188} INFO - [2024-04-21T15:08:37.645+0000] {dag.py:3954} INFO - Setting next_dagrun for latest_only to 2024-04-21 08:00:00+00:00, run_after=2024-04-21 12:00:00+00:00
[2024-04-21T15:08:37.652+0000] {processor.py:183} INFO - Processing /home/airflow/.local/lib/python3.12/site-packages/airflow/example_dags/example_latest_only.py took 0.036 seconds
[2024-04-21T15:09:08.571+0000] {processor.py:161} INFO - Started process (PID=12171) to work on /home/airflow/.local/lib/python3.12/site-packages/airflow/example_dags/example_latest_only.py
[2024-04-21T15:09:08.571+0000] {processor.py:830} INFO - Processing file /home/airflow/.local/lib/python3.12/site-packages/airflow/example_dags/example_latest_only.py for tasks to queue
[2024-04-21T15:09:08.572+0000] {logging_mixin.py:188} INFO - [2024-04-21T15:09:08.572+0000] {dagbag.py:540} INFO - Filling up the DagBag from /home/airflow/.local/lib/python3.12/site-packages/airflow/example_dags/example_latest_only.py
[2024-04-21T15:09:08.575+0000] {processor.py:840} INFO - DAG(s) 'latest_only' retrieved from /home/airflow/.local/lib/python3.12/site-packages/airflow/example_dags/example_latest_only.py
[2024-04-21T15:09:08.587+0000] {logging_mixin.py:188} INFO - [2024-04-21T15:09:08.587+0000] {dag.py:3096} INFO - Sync 1 DAGs
[2024-04-21T15:09:08.597+0000] {logging_mixin.py:188} INFO - [2024-04-21T15:09:08.597+0000] {dag.py:3954} INFO - Setting next_dagrun for latest_only to 2024-04-21 08:00:00+00:00, run_after=2024-04-21 12:00:00+00:00
[2024-04-21T15:09:08.604+0000] {processor.py:183} INFO - Processing /home/airflow/.local/lib/python3.12/site-packages/airflow/example_dags/example_latest_only.py took 0.037 seconds
[2024-04-21T15:09:39.347+0000] {processor.py:161} INFO - Started process (PID=12436) to work on /home/airflow/.local/lib/python3.12/site-packages/airflow/example_dags/example_latest_only.py
[2024-04-21T15:09:39.348+0000] {processor.py:830} INFO - Processing file /home/airflow/.local/lib/python3.12/site-packages/airflow/example_dags/example_latest_only.py for tasks to queue
[2024-04-21T15:09:39.349+0000] {logging_mixin.py:188} INFO - [2024-04-21T15:09:39.348+0000] {dagbag.py:540} INFO - Filling up the DagBag from /home/airflow/.local/lib/python3.12/site-packages/airflow/example_dags/example_latest_only.py
[2024-04-21T15:09:39.352+0000] {processor.py:840} INFO - DAG(s) 'latest_only' retrieved from /home/airflow/.local/lib/python3.12/site-packages/airflow/example_dags/example_latest_only.py
[2024-04-21T15:09:39.365+0000] {logging_mixin.py:188} INFO - [2024-04-21T15:09:39.365+0000] {dag.py:3096} INFO - Sync 1 DAGs
[2024-04-21T15:09:39.376+0000] {logging_mixin.py:188} INFO - [2024-04-21T15:09:39.376+0000] {dag.py:3954} INFO - Setting next_dagrun for latest_only to 2024-04-21 08:00:00+00:00, run_after=2024-04-21 12:00:00+00:00
[2024-04-21T15:09:39.384+0000] {processor.py:183} INFO - Processing /home/airflow/.local/lib/python3.12/site-packages/airflow/example_dags/example_latest_only.py took 0.041 seconds
[2024-04-21T15:10:10.394+0000] {processor.py:161} INFO - Started process (PID=12703) to work on /home/airflow/.local/lib/python3.12/site-packages/airflow/example_dags/example_latest_only.py
[2024-04-21T15:10:10.395+0000] {processor.py:830} INFO - Processing file /home/airflow/.local/lib/python3.12/site-packages/airflow/example_dags/example_latest_only.py for tasks to queue
[2024-04-21T15:10:10.396+0000] {logging_mixin.py:188} INFO - [2024-04-21T15:10:10.396+0000] {dagbag.py:540} INFO - Filling up the DagBag from /home/airflow/.local/lib/python3.12/site-packages/airflow/example_dags/example_latest_only.py
[2024-04-21T15:10:10.398+0000] {processor.py:840} INFO - DAG(s) 'latest_only' retrieved from /home/airflow/.local/lib/python3.12/site-packages/airflow/example_dags/example_latest_only.py
[2024-04-21T15:10:10.410+0000] {logging_mixin.py:188} INFO - [2024-04-21T15:10:10.410+0000] {dag.py:3096} INFO - Sync 1 DAGs
[2024-04-21T15:10:10.419+0000] {logging_mixin.py:188} INFO - [2024-04-21T15:10:10.419+0000] {dag.py:3954} INFO - Setting next_dagrun for latest_only to 2024-04-21 08:00:00+00:00, run_after=2024-04-21 12:00:00+00:00
[2024-04-21T15:10:10.426+0000] {processor.py:183} INFO - Processing /home/airflow/.local/lib/python3.12/site-packages/airflow/example_dags/example_latest_only.py took 0.035 seconds
[2024-04-21T15:10:40.783+0000] {processor.py:161} INFO - Started process (PID=12975) to work on /home/airflow/.local/lib/python3.12/site-packages/airflow/example_dags/example_latest_only.py
[2024-04-21T15:10:40.784+0000] {processor.py:830} INFO - Processing file /home/airflow/.local/lib/python3.12/site-packages/airflow/example_dags/example_latest_only.py for tasks to queue
[2024-04-21T15:10:40.785+0000] {logging_mixin.py:188} INFO - [2024-04-21T15:10:40.785+0000] {dagbag.py:540} INFO - Filling up the DagBag from /home/airflow/.local/lib/python3.12/site-packages/airflow/example_dags/example_latest_only.py
[2024-04-21T15:10:40.788+0000] {processor.py:840} INFO - DAG(s) 'latest_only' retrieved from /home/airflow/.local/lib/python3.12/site-packages/airflow/example_dags/example_latest_only.py
[2024-04-21T15:10:40.802+0000] {logging_mixin.py:188} INFO - [2024-04-21T15:10:40.802+0000] {dag.py:3096} INFO - Sync 1 DAGs
[2024-04-21T15:10:40.814+0000] {logging_mixin.py:188} INFO - [2024-04-21T15:10:40.814+0000] {dag.py:3954} INFO - Setting next_dagrun for latest_only to 2024-04-21 08:00:00+00:00, run_after=2024-04-21 12:00:00+00:00
[2024-04-21T15:10:40.823+0000] {processor.py:183} INFO - Processing /home/airflow/.local/lib/python3.12/site-packages/airflow/example_dags/example_latest_only.py took 0.045 seconds
[2024-04-21T15:11:11.710+0000] {processor.py:161} INFO - Started process (PID=13255) to work on /home/airflow/.local/lib/python3.12/site-packages/airflow/example_dags/example_latest_only.py
[2024-04-21T15:11:11.711+0000] {processor.py:830} INFO - Processing file /home/airflow/.local/lib/python3.12/site-packages/airflow/example_dags/example_latest_only.py for tasks to queue
[2024-04-21T15:11:11.712+0000] {logging_mixin.py:188} INFO - [2024-04-21T15:11:11.712+0000] {dagbag.py:540} INFO - Filling up the DagBag from /home/airflow/.local/lib/python3.12/site-packages/airflow/example_dags/example_latest_only.py
[2024-04-21T15:11:11.714+0000] {processor.py:840} INFO - DAG(s) 'latest_only' retrieved from /home/airflow/.local/lib/python3.12/site-packages/airflow/example_dags/example_latest_only.py
[2024-04-21T15:11:11.727+0000] {logging_mixin.py:188} INFO - [2024-04-21T15:11:11.727+0000] {dag.py:3096} INFO - Sync 1 DAGs
[2024-04-21T15:11:11.736+0000] {logging_mixin.py:188} INFO - [2024-04-21T15:11:11.736+0000] {dag.py:3954} INFO - Setting next_dagrun for latest_only to 2024-04-21 08:00:00+00:00, run_after=2024-04-21 12:00:00+00:00
[2024-04-21T15:11:11.743+0000] {processor.py:183} INFO - Processing /home/airflow/.local/lib/python3.12/site-packages/airflow/example_dags/example_latest_only.py took 0.037 seconds
[2024-04-21T15:11:42.692+0000] {processor.py:161} INFO - Started process (PID=13530) to work on /home/airflow/.local/lib/python3.12/site-packages/airflow/example_dags/example_latest_only.py
[2024-04-21T15:11:42.693+0000] {processor.py:830} INFO - Processing file /home/airflow/.local/lib/python3.12/site-packages/airflow/example_dags/example_latest_only.py for tasks to queue
[2024-04-21T15:11:42.694+0000] {logging_mixin.py:188} INFO - [2024-04-21T15:11:42.694+0000] {dagbag.py:540} INFO - Filling up the DagBag from /home/airflow/.local/lib/python3.12/site-packages/airflow/example_dags/example_latest_only.py
[2024-04-21T15:11:42.696+0000] {processor.py:840} INFO - DAG(s) 'latest_only' retrieved from /home/airflow/.local/lib/python3.12/site-packages/airflow/example_dags/example_latest_only.py
[2024-04-21T15:11:42.708+0000] {logging_mixin.py:188} INFO - [2024-04-21T15:11:42.708+0000] {dag.py:3096} INFO - Sync 1 DAGs
[2024-04-21T15:11:42.717+0000] {logging_mixin.py:188} INFO - [2024-04-21T15:11:42.717+0000] {dag.py:3954} INFO - Setting next_dagrun for latest_only to 2024-04-21 08:00:00+00:00, run_after=2024-04-21 12:00:00+00:00
[2024-04-21T15:11:42.724+0000] {processor.py:183} INFO - Processing /home/airflow/.local/lib/python3.12/site-packages/airflow/example_dags/example_latest_only.py took 0.035 seconds
[2024-04-21T15:12:13.772+0000] {processor.py:161} INFO - Started process (PID=13812) to work on /home/airflow/.local/lib/python3.12/site-packages/airflow/example_dags/example_latest_only.py
[2024-04-21T15:12:13.772+0000] {processor.py:830} INFO - Processing file /home/airflow/.local/lib/python3.12/site-packages/airflow/example_dags/example_latest_only.py for tasks to queue
[2024-04-21T15:12:13.774+0000] {logging_mixin.py:188} INFO - [2024-04-21T15:12:13.773+0000] {dagbag.py:540} INFO - Filling up the DagBag from /home/airflow/.local/lib/python3.12/site-packages/airflow/example_dags/example_latest_only.py
[2024-04-21T15:12:13.777+0000] {processor.py:840} INFO - DAG(s) 'latest_only' retrieved from /home/airflow/.local/lib/python3.12/site-packages/airflow/example_dags/example_latest_only.py
[2024-04-21T15:12:13.792+0000] {logging_mixin.py:188} INFO - [2024-04-21T15:12:13.792+0000] {dag.py:3096} INFO - Sync 1 DAGs
[2024-04-21T15:12:13.803+0000] {logging_mixin.py:188} INFO - [2024-04-21T15:12:13.803+0000] {dag.py:3954} INFO - Setting next_dagrun for latest_only to 2024-04-21 08:00:00+00:00, run_after=2024-04-21 12:00:00+00:00
[2024-04-21T15:12:13.811+0000] {processor.py:183} INFO - Processing /home/airflow/.local/lib/python3.12/site-packages/airflow/example_dags/example_latest_only.py took 0.044 seconds
[2024-04-21T15:12:44.494+0000] {processor.py:161} INFO - Started process (PID=14088) to work on /home/airflow/.local/lib/python3.12/site-packages/airflow/example_dags/example_latest_only.py
[2024-04-21T15:12:44.494+0000] {processor.py:830} INFO - Processing file /home/airflow/.local/lib/python3.12/site-packages/airflow/example_dags/example_latest_only.py for tasks to queue
[2024-04-21T15:12:44.495+0000] {logging_mixin.py:188} INFO - [2024-04-21T15:12:44.495+0000] {dagbag.py:540} INFO - Filling up the DagBag from /home/airflow/.local/lib/python3.12/site-packages/airflow/example_dags/example_latest_only.py
[2024-04-21T15:12:44.497+0000] {processor.py:840} INFO - DAG(s) 'latest_only' retrieved from /home/airflow/.local/lib/python3.12/site-packages/airflow/example_dags/example_latest_only.py
[2024-04-21T15:12:44.509+0000] {logging_mixin.py:188} INFO - [2024-04-21T15:12:44.509+0000] {dag.py:3096} INFO - Sync 1 DAGs
[2024-04-21T15:12:44.519+0000] {logging_mixin.py:188} INFO - [2024-04-21T15:12:44.519+0000] {dag.py:3954} INFO - Setting next_dagrun for latest_only to 2024-04-21 08:00:00+00:00, run_after=2024-04-21 12:00:00+00:00
[2024-04-21T15:12:44.525+0000] {processor.py:183} INFO - Processing /home/airflow/.local/lib/python3.12/site-packages/airflow/example_dags/example_latest_only.py took 0.035 seconds
[2024-04-21T15:13:15.528+0000] {processor.py:161} INFO - Started process (PID=14374) to work on /home/airflow/.local/lib/python3.12/site-packages/airflow/example_dags/example_latest_only.py
[2024-04-21T15:13:15.529+0000] {processor.py:830} INFO - Processing file /home/airflow/.local/lib/python3.12/site-packages/airflow/example_dags/example_latest_only.py for tasks to queue
[2024-04-21T15:13:15.530+0000] {logging_mixin.py:188} INFO - [2024-04-21T15:13:15.529+0000] {dagbag.py:540} INFO - Filling up the DagBag from /home/airflow/.local/lib/python3.12/site-packages/airflow/example_dags/example_latest_only.py
[2024-04-21T15:13:15.532+0000] {processor.py:840} INFO - DAG(s) 'latest_only' retrieved from /home/airflow/.local/lib/python3.12/site-packages/airflow/example_dags/example_latest_only.py
[2024-04-21T15:13:15.544+0000] {logging_mixin.py:188} INFO - [2024-04-21T15:13:15.544+0000] {dag.py:3096} INFO - Sync 1 DAGs
[2024-04-21T15:13:15.553+0000] {logging_mixin.py:188} INFO - [2024-04-21T15:13:15.553+0000] {dag.py:3954} INFO - Setting next_dagrun for latest_only to 2024-04-21 08:00:00+00:00, run_after=2024-04-21 12:00:00+00:00
[2024-04-21T15:13:15.560+0000] {processor.py:183} INFO - Processing /home/airflow/.local/lib/python3.12/site-packages/airflow/example_dags/example_latest_only.py took 0.035 seconds
[2024-04-21T15:13:46.588+0000] {processor.py:161} INFO - Started process (PID=14640) to work on /home/airflow/.local/lib/python3.12/site-packages/airflow/example_dags/example_latest_only.py
[2024-04-21T15:13:46.588+0000] {processor.py:830} INFO - Processing file /home/airflow/.local/lib/python3.12/site-packages/airflow/example_dags/example_latest_only.py for tasks to queue
[2024-04-21T15:13:46.589+0000] {logging_mixin.py:188} INFO - [2024-04-21T15:13:46.589+0000] {dagbag.py:540} INFO - Filling up the DagBag from /home/airflow/.local/lib/python3.12/site-packages/airflow/example_dags/example_latest_only.py
[2024-04-21T15:13:46.592+0000] {processor.py:840} INFO - DAG(s) 'latest_only' retrieved from /home/airflow/.local/lib/python3.12/site-packages/airflow/example_dags/example_latest_only.py
[2024-04-21T15:13:46.604+0000] {logging_mixin.py:188} INFO - [2024-04-21T15:13:46.604+0000] {dag.py:3096} INFO - Sync 1 DAGs
[2024-04-21T15:13:46.613+0000] {logging_mixin.py:188} INFO - [2024-04-21T15:13:46.613+0000] {dag.py:3954} INFO - Setting next_dagrun for latest_only to 2024-04-21 08:00:00+00:00, run_after=2024-04-21 12:00:00+00:00
[2024-04-21T15:13:46.620+0000] {processor.py:183} INFO - Processing /home/airflow/.local/lib/python3.12/site-packages/airflow/example_dags/example_latest_only.py took 0.036 seconds
[2024-04-21T15:14:17.690+0000] {processor.py:161} INFO - Started process (PID=14907) to work on /home/airflow/.local/lib/python3.12/site-packages/airflow/example_dags/example_latest_only.py
[2024-04-21T15:14:17.691+0000] {processor.py:830} INFO - Processing file /home/airflow/.local/lib/python3.12/site-packages/airflow/example_dags/example_latest_only.py for tasks to queue
[2024-04-21T15:14:17.692+0000] {logging_mixin.py:188} INFO - [2024-04-21T15:14:17.692+0000] {dagbag.py:540} INFO - Filling up the DagBag from /home/airflow/.local/lib/python3.12/site-packages/airflow/example_dags/example_latest_only.py
[2024-04-21T15:14:17.695+0000] {processor.py:840} INFO - DAG(s) 'latest_only' retrieved from /home/airflow/.local/lib/python3.12/site-packages/airflow/example_dags/example_latest_only.py
[2024-04-21T15:14:17.707+0000] {logging_mixin.py:188} INFO - [2024-04-21T15:14:17.707+0000] {dag.py:3096} INFO - Sync 1 DAGs
[2024-04-21T15:14:17.717+0000] {logging_mixin.py:188} INFO - [2024-04-21T15:14:17.717+0000] {dag.py:3954} INFO - Setting next_dagrun for latest_only to 2024-04-21 08:00:00+00:00, run_after=2024-04-21 12:00:00+00:00
[2024-04-21T15:14:17.724+0000] {processor.py:183} INFO - Processing /home/airflow/.local/lib/python3.12/site-packages/airflow/example_dags/example_latest_only.py took 0.037 seconds
[2024-04-21T15:14:47.821+0000] {processor.py:161} INFO - Started process (PID=15173) to work on /home/airflow/.local/lib/python3.12/site-packages/airflow/example_dags/example_latest_only.py
[2024-04-21T15:14:47.821+0000] {processor.py:830} INFO - Processing file /home/airflow/.local/lib/python3.12/site-packages/airflow/example_dags/example_latest_only.py for tasks to queue
[2024-04-21T15:14:47.822+0000] {logging_mixin.py:188} INFO - [2024-04-21T15:14:47.822+0000] {dagbag.py:540} INFO - Filling up the DagBag from /home/airflow/.local/lib/python3.12/site-packages/airflow/example_dags/example_latest_only.py
[2024-04-21T15:14:47.825+0000] {processor.py:840} INFO - DAG(s) 'latest_only' retrieved from /home/airflow/.local/lib/python3.12/site-packages/airflow/example_dags/example_latest_only.py
[2024-04-21T15:14:47.837+0000] {logging_mixin.py:188} INFO - [2024-04-21T15:14:47.836+0000] {dag.py:3096} INFO - Sync 1 DAGs
[2024-04-21T15:14:47.847+0000] {logging_mixin.py:188} INFO - [2024-04-21T15:14:47.846+0000] {dag.py:3954} INFO - Setting next_dagrun for latest_only to 2024-04-21 08:00:00+00:00, run_after=2024-04-21 12:00:00+00:00
[2024-04-21T15:14:47.854+0000] {processor.py:183} INFO - Processing /home/airflow/.local/lib/python3.12/site-packages/airflow/example_dags/example_latest_only.py took 0.036 seconds
[2024-04-21T15:15:17.906+0000] {processor.py:161} INFO - Started process (PID=15440) to work on /home/airflow/.local/lib/python3.12/site-packages/airflow/example_dags/example_latest_only.py
[2024-04-21T15:15:17.906+0000] {processor.py:830} INFO - Processing file /home/airflow/.local/lib/python3.12/site-packages/airflow/example_dags/example_latest_only.py for tasks to queue
[2024-04-21T15:15:17.907+0000] {logging_mixin.py:188} INFO - [2024-04-21T15:15:17.907+0000] {dagbag.py:540} INFO - Filling up the DagBag from /home/airflow/.local/lib/python3.12/site-packages/airflow/example_dags/example_latest_only.py
[2024-04-21T15:15:17.910+0000] {processor.py:840} INFO - DAG(s) 'latest_only' retrieved from /home/airflow/.local/lib/python3.12/site-packages/airflow/example_dags/example_latest_only.py
[2024-04-21T15:15:17.922+0000] {logging_mixin.py:188} INFO - [2024-04-21T15:15:17.922+0000] {dag.py:3096} INFO - Sync 1 DAGs
[2024-04-21T15:15:17.931+0000] {logging_mixin.py:188} INFO - [2024-04-21T15:15:17.931+0000] {dag.py:3954} INFO - Setting next_dagrun for latest_only to 2024-04-21 08:00:00+00:00, run_after=2024-04-21 12:00:00+00:00
[2024-04-21T15:15:17.939+0000] {processor.py:183} INFO - Processing /home/airflow/.local/lib/python3.12/site-packages/airflow/example_dags/example_latest_only.py took 0.037 seconds
[2024-04-21T15:15:48.104+0000] {processor.py:161} INFO - Started process (PID=15705) to work on /home/airflow/.local/lib/python3.12/site-packages/airflow/example_dags/example_latest_only.py
[2024-04-21T15:15:48.105+0000] {processor.py:830} INFO - Processing file /home/airflow/.local/lib/python3.12/site-packages/airflow/example_dags/example_latest_only.py for tasks to queue
[2024-04-21T15:15:48.106+0000] {logging_mixin.py:188} INFO - [2024-04-21T15:15:48.106+0000] {dagbag.py:540} INFO - Filling up the DagBag from /home/airflow/.local/lib/python3.12/site-packages/airflow/example_dags/example_latest_only.py
[2024-04-21T15:15:48.108+0000] {processor.py:840} INFO - DAG(s) 'latest_only' retrieved from /home/airflow/.local/lib/python3.12/site-packages/airflow/example_dags/example_latest_only.py
[2024-04-21T15:15:48.121+0000] {logging_mixin.py:188} INFO - [2024-04-21T15:15:48.121+0000] {dag.py:3096} INFO - Sync 1 DAGs
[2024-04-21T15:15:48.131+0000] {logging_mixin.py:188} INFO - [2024-04-21T15:15:48.131+0000] {dag.py:3954} INFO - Setting next_dagrun for latest_only to 2024-04-21 08:00:00+00:00, run_after=2024-04-21 12:00:00+00:00
[2024-04-21T15:15:48.139+0000] {processor.py:183} INFO - Processing /home/airflow/.local/lib/python3.12/site-packages/airflow/example_dags/example_latest_only.py took 0.037 seconds
[2024-04-21T15:16:18.362+0000] {processor.py:161} INFO - Started process (PID=15971) to work on /home/airflow/.local/lib/python3.12/site-packages/airflow/example_dags/example_latest_only.py
[2024-04-21T15:16:18.363+0000] {processor.py:830} INFO - Processing file /home/airflow/.local/lib/python3.12/site-packages/airflow/example_dags/example_latest_only.py for tasks to queue
[2024-04-21T15:16:18.364+0000] {logging_mixin.py:188} INFO - [2024-04-21T15:16:18.363+0000] {dagbag.py:540} INFO - Filling up the DagBag from /home/airflow/.local/lib/python3.12/site-packages/airflow/example_dags/example_latest_only.py
[2024-04-21T15:16:18.366+0000] {processor.py:840} INFO - DAG(s) 'latest_only' retrieved from /home/airflow/.local/lib/python3.12/site-packages/airflow/example_dags/example_latest_only.py
[2024-04-21T15:16:18.377+0000] {logging_mixin.py:188} INFO - [2024-04-21T15:16:18.377+0000] {dag.py:3096} INFO - Sync 1 DAGs
[2024-04-21T15:16:18.386+0000] {logging_mixin.py:188} INFO - [2024-04-21T15:16:18.386+0000] {dag.py:3954} INFO - Setting next_dagrun for latest_only to 2024-04-21 08:00:00+00:00, run_after=2024-04-21 12:00:00+00:00
[2024-04-21T15:16:18.394+0000] {processor.py:183} INFO - Processing /home/airflow/.local/lib/python3.12/site-packages/airflow/example_dags/example_latest_only.py took 0.035 seconds
[2024-04-21T15:16:48.671+0000] {processor.py:161} INFO - Started process (PID=16240) to work on /home/airflow/.local/lib/python3.12/site-packages/airflow/example_dags/example_latest_only.py
[2024-04-21T15:16:48.671+0000] {processor.py:830} INFO - Processing file /home/airflow/.local/lib/python3.12/site-packages/airflow/example_dags/example_latest_only.py for tasks to queue
[2024-04-21T15:16:48.672+0000] {logging_mixin.py:188} INFO - [2024-04-21T15:16:48.672+0000] {dagbag.py:540} INFO - Filling up the DagBag from /home/airflow/.local/lib/python3.12/site-packages/airflow/example_dags/example_latest_only.py
[2024-04-21T15:16:48.675+0000] {processor.py:840} INFO - DAG(s) 'latest_only' retrieved from /home/airflow/.local/lib/python3.12/site-packages/airflow/example_dags/example_latest_only.py
[2024-04-21T15:16:48.687+0000] {logging_mixin.py:188} INFO - [2024-04-21T15:16:48.687+0000] {dag.py:3096} INFO - Sync 1 DAGs
[2024-04-21T15:16:48.696+0000] {logging_mixin.py:188} INFO - [2024-04-21T15:16:48.696+0000] {dag.py:3954} INFO - Setting next_dagrun for latest_only to 2024-04-21 08:00:00+00:00, run_after=2024-04-21 12:00:00+00:00
[2024-04-21T15:16:48.703+0000] {processor.py:183} INFO - Processing /home/airflow/.local/lib/python3.12/site-packages/airflow/example_dags/example_latest_only.py took 0.036 seconds
[2024-04-21T15:17:18.888+0000] {processor.py:161} INFO - Started process (PID=16507) to work on /home/airflow/.local/lib/python3.12/site-packages/airflow/example_dags/example_latest_only.py
[2024-04-21T15:17:18.888+0000] {processor.py:830} INFO - Processing file /home/airflow/.local/lib/python3.12/site-packages/airflow/example_dags/example_latest_only.py for tasks to queue
[2024-04-21T15:17:18.890+0000] {logging_mixin.py:188} INFO - [2024-04-21T15:17:18.890+0000] {dagbag.py:540} INFO - Filling up the DagBag from /home/airflow/.local/lib/python3.12/site-packages/airflow/example_dags/example_latest_only.py
[2024-04-21T15:17:18.893+0000] {processor.py:840} INFO - DAG(s) 'latest_only' retrieved from /home/airflow/.local/lib/python3.12/site-packages/airflow/example_dags/example_latest_only.py
[2024-04-21T15:17:18.906+0000] {logging_mixin.py:188} INFO - [2024-04-21T15:17:18.906+0000] {dag.py:3096} INFO - Sync 1 DAGs
[2024-04-21T15:17:18.916+0000] {logging_mixin.py:188} INFO - [2024-04-21T15:17:18.916+0000] {dag.py:3954} INFO - Setting next_dagrun for latest_only to 2024-04-21 08:00:00+00:00, run_after=2024-04-21 12:00:00+00:00
[2024-04-21T15:17:18.923+0000] {processor.py:183} INFO - Processing /home/airflow/.local/lib/python3.12/site-packages/airflow/example_dags/example_latest_only.py took 0.039 seconds
[2024-04-21T15:17:49.897+0000] {processor.py:161} INFO - Started process (PID=16776) to work on /home/airflow/.local/lib/python3.12/site-packages/airflow/example_dags/example_latest_only.py
[2024-04-21T15:17:49.897+0000] {processor.py:830} INFO - Processing file /home/airflow/.local/lib/python3.12/site-packages/airflow/example_dags/example_latest_only.py for tasks to queue
[2024-04-21T15:17:49.898+0000] {logging_mixin.py:188} INFO - [2024-04-21T15:17:49.898+0000] {dagbag.py:540} INFO - Filling up the DagBag from /home/airflow/.local/lib/python3.12/site-packages/airflow/example_dags/example_latest_only.py
[2024-04-21T15:17:49.901+0000] {processor.py:840} INFO - DAG(s) 'latest_only' retrieved from /home/airflow/.local/lib/python3.12/site-packages/airflow/example_dags/example_latest_only.py
[2024-04-21T15:17:49.914+0000] {logging_mixin.py:188} INFO - [2024-04-21T15:17:49.914+0000] {dag.py:3096} INFO - Sync 1 DAGs
[2024-04-21T15:17:49.924+0000] {logging_mixin.py:188} INFO - [2024-04-21T15:17:49.923+0000] {dag.py:3954} INFO - Setting next_dagrun for latest_only to 2024-04-21 08:00:00+00:00, run_after=2024-04-21 12:00:00+00:00
[2024-04-21T15:17:49.931+0000] {processor.py:183} INFO - Processing /home/airflow/.local/lib/python3.12/site-packages/airflow/example_dags/example_latest_only.py took 0.037 seconds
[2024-04-21T15:18:20.126+0000] {processor.py:161} INFO - Started process (PID=17048) to work on /home/airflow/.local/lib/python3.12/site-packages/airflow/example_dags/example_latest_only.py
[2024-04-21T15:18:20.126+0000] {processor.py:830} INFO - Processing file /home/airflow/.local/lib/python3.12/site-packages/airflow/example_dags/example_latest_only.py for tasks to queue
[2024-04-21T15:18:20.127+0000] {logging_mixin.py:188} INFO - [2024-04-21T15:18:20.127+0000] {dagbag.py:540} INFO - Filling up the DagBag from /home/airflow/.local/lib/python3.12/site-packages/airflow/example_dags/example_latest_only.py
[2024-04-21T15:18:20.130+0000] {processor.py:840} INFO - DAG(s) 'latest_only' retrieved from /home/airflow/.local/lib/python3.12/site-packages/airflow/example_dags/example_latest_only.py
[2024-04-21T15:18:20.142+0000] {logging_mixin.py:188} INFO - [2024-04-21T15:18:20.141+0000] {dag.py:3096} INFO - Sync 1 DAGs
[2024-04-21T15:18:20.151+0000] {logging_mixin.py:188} INFO - [2024-04-21T15:18:20.151+0000] {dag.py:3954} INFO - Setting next_dagrun for latest_only to 2024-04-21 08:00:00+00:00, run_after=2024-04-21 12:00:00+00:00
[2024-04-21T15:18:20.158+0000] {processor.py:183} INFO - Processing /home/airflow/.local/lib/python3.12/site-packages/airflow/example_dags/example_latest_only.py took 0.036 seconds
[2024-04-21T15:18:51.099+0000] {processor.py:161} INFO - Started process (PID=17318) to work on /home/airflow/.local/lib/python3.12/site-packages/airflow/example_dags/example_latest_only.py
[2024-04-21T15:18:51.099+0000] {processor.py:830} INFO - Processing file /home/airflow/.local/lib/python3.12/site-packages/airflow/example_dags/example_latest_only.py for tasks to queue
[2024-04-21T15:18:51.100+0000] {logging_mixin.py:188} INFO - [2024-04-21T15:18:51.100+0000] {dagbag.py:540} INFO - Filling up the DagBag from /home/airflow/.local/lib/python3.12/site-packages/airflow/example_dags/example_latest_only.py
[2024-04-21T15:18:51.103+0000] {processor.py:840} INFO - DAG(s) 'latest_only' retrieved from /home/airflow/.local/lib/python3.12/site-packages/airflow/example_dags/example_latest_only.py
[2024-04-21T15:18:51.114+0000] {logging_mixin.py:188} INFO - [2024-04-21T15:18:51.114+0000] {dag.py:3096} INFO - Sync 1 DAGs
[2024-04-21T15:18:51.124+0000] {logging_mixin.py:188} INFO - [2024-04-21T15:18:51.124+0000] {dag.py:3954} INFO - Setting next_dagrun for latest_only to 2024-04-21 08:00:00+00:00, run_after=2024-04-21 12:00:00+00:00
[2024-04-21T15:18:51.130+0000] {processor.py:183} INFO - Processing /home/airflow/.local/lib/python3.12/site-packages/airflow/example_dags/example_latest_only.py took 0.034 seconds
[2024-04-21T15:19:22.060+0000] {processor.py:161} INFO - Started process (PID=17585) to work on /home/airflow/.local/lib/python3.12/site-packages/airflow/example_dags/example_latest_only.py
[2024-04-21T15:19:22.061+0000] {processor.py:830} INFO - Processing file /home/airflow/.local/lib/python3.12/site-packages/airflow/example_dags/example_latest_only.py for tasks to queue
[2024-04-21T15:19:22.062+0000] {logging_mixin.py:188} INFO - [2024-04-21T15:19:22.062+0000] {dagbag.py:540} INFO - Filling up the DagBag from /home/airflow/.local/lib/python3.12/site-packages/airflow/example_dags/example_latest_only.py
[2024-04-21T15:19:22.066+0000] {processor.py:840} INFO - DAG(s) 'latest_only' retrieved from /home/airflow/.local/lib/python3.12/site-packages/airflow/example_dags/example_latest_only.py
[2024-04-21T15:19:22.079+0000] {logging_mixin.py:188} INFO - [2024-04-21T15:19:22.079+0000] {dag.py:3096} INFO - Sync 1 DAGs
[2024-04-21T15:19:22.089+0000] {logging_mixin.py:188} INFO - [2024-04-21T15:19:22.089+0000] {dag.py:3954} INFO - Setting next_dagrun for latest_only to 2024-04-21 08:00:00+00:00, run_after=2024-04-21 12:00:00+00:00
[2024-04-21T15:19:22.097+0000] {processor.py:183} INFO - Processing /home/airflow/.local/lib/python3.12/site-packages/airflow/example_dags/example_latest_only.py took 0.041 seconds
[2024-04-21T15:19:52.249+0000] {processor.py:161} INFO - Started process (PID=17852) to work on /home/airflow/.local/lib/python3.12/site-packages/airflow/example_dags/example_latest_only.py
[2024-04-21T15:19:52.250+0000] {processor.py:830} INFO - Processing file /home/airflow/.local/lib/python3.12/site-packages/airflow/example_dags/example_latest_only.py for tasks to queue
[2024-04-21T15:19:52.251+0000] {logging_mixin.py:188} INFO - [2024-04-21T15:19:52.251+0000] {dagbag.py:540} INFO - Filling up the DagBag from /home/airflow/.local/lib/python3.12/site-packages/airflow/example_dags/example_latest_only.py
[2024-04-21T15:19:52.254+0000] {processor.py:840} INFO - DAG(s) 'latest_only' retrieved from /home/airflow/.local/lib/python3.12/site-packages/airflow/example_dags/example_latest_only.py
[2024-04-21T15:19:52.266+0000] {logging_mixin.py:188} INFO - [2024-04-21T15:19:52.266+0000] {dag.py:3096} INFO - Sync 1 DAGs
[2024-04-21T15:19:52.276+0000] {logging_mixin.py:188} INFO - [2024-04-21T15:19:52.276+0000] {dag.py:3954} INFO - Setting next_dagrun for latest_only to 2024-04-21 08:00:00+00:00, run_after=2024-04-21 12:00:00+00:00
[2024-04-21T15:19:52.283+0000] {processor.py:183} INFO - Processing /home/airflow/.local/lib/python3.12/site-packages/airflow/example_dags/example_latest_only.py took 0.037 seconds
[2024-04-21T15:20:22.398+0000] {processor.py:161} INFO - Started process (PID=18120) to work on /home/airflow/.local/lib/python3.12/site-packages/airflow/example_dags/example_latest_only.py
[2024-04-21T15:20:22.398+0000] {processor.py:830} INFO - Processing file /home/airflow/.local/lib/python3.12/site-packages/airflow/example_dags/example_latest_only.py for tasks to queue
[2024-04-21T15:20:22.399+0000] {logging_mixin.py:188} INFO - [2024-04-21T15:20:22.399+0000] {dagbag.py:540} INFO - Filling up the DagBag from /home/airflow/.local/lib/python3.12/site-packages/airflow/example_dags/example_latest_only.py
[2024-04-21T15:20:22.402+0000] {processor.py:840} INFO - DAG(s) 'latest_only' retrieved from /home/airflow/.local/lib/python3.12/site-packages/airflow/example_dags/example_latest_only.py
[2024-04-21T15:20:22.414+0000] {logging_mixin.py:188} INFO - [2024-04-21T15:20:22.414+0000] {dag.py:3096} INFO - Sync 1 DAGs
[2024-04-21T15:20:22.423+0000] {logging_mixin.py:188} INFO - [2024-04-21T15:20:22.423+0000] {dag.py:3954} INFO - Setting next_dagrun for latest_only to 2024-04-21 08:00:00+00:00, run_after=2024-04-21 12:00:00+00:00
[2024-04-21T15:20:22.430+0000] {processor.py:183} INFO - Processing /home/airflow/.local/lib/python3.12/site-packages/airflow/example_dags/example_latest_only.py took 0.036 seconds
