[2024-04-21T14:30:01.974+0000] {processor.py:161} INFO - Started process (PID=211) to work on /home/airflow/.local/lib/python3.12/site-packages/airflow/example_dags/example_setup_teardown.py
[2024-04-21T14:30:01.975+0000] {processor.py:830} INFO - Processing file /home/airflow/.local/lib/python3.12/site-packages/airflow/example_dags/example_setup_teardown.py for tasks to queue
[2024-04-21T14:30:01.976+0000] {logging_mixin.py:188} INFO - [2024-04-21T14:30:01.975+0000] {dagbag.py:540} INFO - Filling up the DagBag from /home/airflow/.local/lib/python3.12/site-packages/airflow/example_dags/example_setup_teardown.py
[2024-04-21T14:30:01.982+0000] {processor.py:840} INFO - DAG(s) 'example_setup_teardown' retrieved from /home/airflow/.local/lib/python3.12/site-packages/airflow/example_dags/example_setup_teardown.py
[2024-04-21T14:30:01.993+0000] {logging_mixin.py:188} INFO - [2024-04-21T14:30:01.993+0000] {dag.py:3096} INFO - Sync 1 DAGs
[2024-04-21T14:30:02.006+0000] {logging_mixin.py:188} INFO - [2024-04-21T14:30:02.006+0000] {dag.py:3954} INFO - Setting next_dagrun for example_setup_teardown to 2024-04-20 00:00:00+00:00, run_after=2024-04-21 00:00:00+00:00
[2024-04-21T14:30:02.016+0000] {processor.py:183} INFO - Processing /home/airflow/.local/lib/python3.12/site-packages/airflow/example_dags/example_setup_teardown.py took 0.046 seconds
[2024-04-21T14:30:32.513+0000] {processor.py:161} INFO - Started process (PID=473) to work on /home/airflow/.local/lib/python3.12/site-packages/airflow/example_dags/example_setup_teardown.py
[2024-04-21T14:30:32.514+0000] {processor.py:830} INFO - Processing file /home/airflow/.local/lib/python3.12/site-packages/airflow/example_dags/example_setup_teardown.py for tasks to queue
[2024-04-21T14:30:32.515+0000] {logging_mixin.py:188} INFO - [2024-04-21T14:30:32.515+0000] {dagbag.py:540} INFO - Filling up the DagBag from /home/airflow/.local/lib/python3.12/site-packages/airflow/example_dags/example_setup_teardown.py
[2024-04-21T14:30:32.520+0000] {processor.py:840} INFO - DAG(s) 'example_setup_teardown' retrieved from /home/airflow/.local/lib/python3.12/site-packages/airflow/example_dags/example_setup_teardown.py
[2024-04-21T14:30:32.587+0000] {logging_mixin.py:188} INFO - [2024-04-21T14:30:32.587+0000] {dag.py:3096} INFO - Sync 1 DAGs
[2024-04-21T14:30:32.599+0000] {logging_mixin.py:188} INFO - [2024-04-21T14:30:32.599+0000] {dag.py:3954} INFO - Setting next_dagrun for example_setup_teardown to 2024-04-20 00:00:00+00:00, run_after=2024-04-21 00:00:00+00:00
[2024-04-21T14:30:32.610+0000] {processor.py:183} INFO - Processing /home/airflow/.local/lib/python3.12/site-packages/airflow/example_dags/example_setup_teardown.py took 0.101 seconds
[2024-04-21T14:31:02.678+0000] {processor.py:161} INFO - Started process (PID=737) to work on /home/airflow/.local/lib/python3.12/site-packages/airflow/example_dags/example_setup_teardown.py
[2024-04-21T14:31:02.679+0000] {processor.py:830} INFO - Processing file /home/airflow/.local/lib/python3.12/site-packages/airflow/example_dags/example_setup_teardown.py for tasks to queue
[2024-04-21T14:31:02.681+0000] {logging_mixin.py:188} INFO - [2024-04-21T14:31:02.681+0000] {dagbag.py:540} INFO - Filling up the DagBag from /home/airflow/.local/lib/python3.12/site-packages/airflow/example_dags/example_setup_teardown.py
[2024-04-21T14:31:02.687+0000] {processor.py:840} INFO - DAG(s) 'example_setup_teardown' retrieved from /home/airflow/.local/lib/python3.12/site-packages/airflow/example_dags/example_setup_teardown.py
[2024-04-21T14:31:02.706+0000] {logging_mixin.py:188} INFO - [2024-04-21T14:31:02.706+0000] {dag.py:3096} INFO - Sync 1 DAGs
[2024-04-21T14:31:02.721+0000] {logging_mixin.py:188} INFO - [2024-04-21T14:31:02.721+0000] {dag.py:3954} INFO - Setting next_dagrun for example_setup_teardown to 2024-04-20 00:00:00+00:00, run_after=2024-04-21 00:00:00+00:00
[2024-04-21T14:31:02.733+0000] {processor.py:183} INFO - Processing /home/airflow/.local/lib/python3.12/site-packages/airflow/example_dags/example_setup_teardown.py took 0.059 seconds
[2024-04-21T14:31:33.333+0000] {processor.py:161} INFO - Started process (PID=999) to work on /home/airflow/.local/lib/python3.12/site-packages/airflow/example_dags/example_setup_teardown.py
[2024-04-21T14:31:33.334+0000] {processor.py:830} INFO - Processing file /home/airflow/.local/lib/python3.12/site-packages/airflow/example_dags/example_setup_teardown.py for tasks to queue
[2024-04-21T14:31:33.335+0000] {logging_mixin.py:188} INFO - [2024-04-21T14:31:33.335+0000] {dagbag.py:540} INFO - Filling up the DagBag from /home/airflow/.local/lib/python3.12/site-packages/airflow/example_dags/example_setup_teardown.py
[2024-04-21T14:31:33.340+0000] {processor.py:840} INFO - DAG(s) 'example_setup_teardown' retrieved from /home/airflow/.local/lib/python3.12/site-packages/airflow/example_dags/example_setup_teardown.py
[2024-04-21T14:31:33.359+0000] {logging_mixin.py:188} INFO - [2024-04-21T14:31:33.359+0000] {dag.py:3096} INFO - Sync 1 DAGs
[2024-04-21T14:31:33.373+0000] {logging_mixin.py:188} INFO - [2024-04-21T14:31:33.373+0000] {dag.py:3954} INFO - Setting next_dagrun for example_setup_teardown to 2024-04-20 00:00:00+00:00, run_after=2024-04-21 00:00:00+00:00
[2024-04-21T14:31:33.385+0000] {processor.py:183} INFO - Processing /home/airflow/.local/lib/python3.12/site-packages/airflow/example_dags/example_setup_teardown.py took 0.057 seconds
[2024-04-21T14:32:04.000+0000] {processor.py:161} INFO - Started process (PID=1258) to work on /home/airflow/.local/lib/python3.12/site-packages/airflow/example_dags/example_setup_teardown.py
[2024-04-21T14:32:04.001+0000] {processor.py:830} INFO - Processing file /home/airflow/.local/lib/python3.12/site-packages/airflow/example_dags/example_setup_teardown.py for tasks to queue
[2024-04-21T14:32:04.002+0000] {logging_mixin.py:188} INFO - [2024-04-21T14:32:04.002+0000] {dagbag.py:540} INFO - Filling up the DagBag from /home/airflow/.local/lib/python3.12/site-packages/airflow/example_dags/example_setup_teardown.py
[2024-04-21T14:32:04.007+0000] {processor.py:840} INFO - DAG(s) 'example_setup_teardown' retrieved from /home/airflow/.local/lib/python3.12/site-packages/airflow/example_dags/example_setup_teardown.py
[2024-04-21T14:32:04.025+0000] {logging_mixin.py:188} INFO - [2024-04-21T14:32:04.024+0000] {dag.py:3096} INFO - Sync 1 DAGs
[2024-04-21T14:32:04.038+0000] {logging_mixin.py:188} INFO - [2024-04-21T14:32:04.038+0000] {dag.py:3954} INFO - Setting next_dagrun for example_setup_teardown to 2024-04-20 00:00:00+00:00, run_after=2024-04-21 00:00:00+00:00
[2024-04-21T14:32:04.049+0000] {processor.py:183} INFO - Processing /home/airflow/.local/lib/python3.12/site-packages/airflow/example_dags/example_setup_teardown.py took 0.053 seconds
[2024-04-21T14:32:34.357+0000] {processor.py:161} INFO - Started process (PID=1520) to work on /home/airflow/.local/lib/python3.12/site-packages/airflow/example_dags/example_setup_teardown.py
[2024-04-21T14:32:34.358+0000] {processor.py:830} INFO - Processing file /home/airflow/.local/lib/python3.12/site-packages/airflow/example_dags/example_setup_teardown.py for tasks to queue
[2024-04-21T14:32:34.359+0000] {logging_mixin.py:188} INFO - [2024-04-21T14:32:34.359+0000] {dagbag.py:540} INFO - Filling up the DagBag from /home/airflow/.local/lib/python3.12/site-packages/airflow/example_dags/example_setup_teardown.py
[2024-04-21T14:32:34.364+0000] {processor.py:840} INFO - DAG(s) 'example_setup_teardown' retrieved from /home/airflow/.local/lib/python3.12/site-packages/airflow/example_dags/example_setup_teardown.py
[2024-04-21T14:32:34.381+0000] {logging_mixin.py:188} INFO - [2024-04-21T14:32:34.380+0000] {dag.py:3096} INFO - Sync 1 DAGs
[2024-04-21T14:32:34.393+0000] {logging_mixin.py:188} INFO - [2024-04-21T14:32:34.393+0000] {dag.py:3954} INFO - Setting next_dagrun for example_setup_teardown to 2024-04-20 00:00:00+00:00, run_after=2024-04-21 00:00:00+00:00
[2024-04-21T14:32:34.402+0000] {processor.py:183} INFO - Processing /home/airflow/.local/lib/python3.12/site-packages/airflow/example_dags/example_setup_teardown.py took 0.050 seconds
[2024-04-21T14:33:04.875+0000] {processor.py:161} INFO - Started process (PID=1782) to work on /home/airflow/.local/lib/python3.12/site-packages/airflow/example_dags/example_setup_teardown.py
[2024-04-21T14:33:04.876+0000] {processor.py:830} INFO - Processing file /home/airflow/.local/lib/python3.12/site-packages/airflow/example_dags/example_setup_teardown.py for tasks to queue
[2024-04-21T14:33:04.877+0000] {logging_mixin.py:188} INFO - [2024-04-21T14:33:04.877+0000] {dagbag.py:540} INFO - Filling up the DagBag from /home/airflow/.local/lib/python3.12/site-packages/airflow/example_dags/example_setup_teardown.py
[2024-04-21T14:33:04.882+0000] {processor.py:840} INFO - DAG(s) 'example_setup_teardown' retrieved from /home/airflow/.local/lib/python3.12/site-packages/airflow/example_dags/example_setup_teardown.py
[2024-04-21T14:33:04.898+0000] {logging_mixin.py:188} INFO - [2024-04-21T14:33:04.898+0000] {dag.py:3096} INFO - Sync 1 DAGs
[2024-04-21T14:33:04.910+0000] {logging_mixin.py:188} INFO - [2024-04-21T14:33:04.910+0000] {dag.py:3954} INFO - Setting next_dagrun for example_setup_teardown to 2024-04-20 00:00:00+00:00, run_after=2024-04-21 00:00:00+00:00
[2024-04-21T14:33:04.920+0000] {processor.py:183} INFO - Processing /home/airflow/.local/lib/python3.12/site-packages/airflow/example_dags/example_setup_teardown.py took 0.049 seconds
[2024-04-21T14:33:35.492+0000] {processor.py:161} INFO - Started process (PID=2047) to work on /home/airflow/.local/lib/python3.12/site-packages/airflow/example_dags/example_setup_teardown.py
[2024-04-21T14:33:35.493+0000] {processor.py:830} INFO - Processing file /home/airflow/.local/lib/python3.12/site-packages/airflow/example_dags/example_setup_teardown.py for tasks to queue
[2024-04-21T14:33:35.495+0000] {logging_mixin.py:188} INFO - [2024-04-21T14:33:35.494+0000] {dagbag.py:540} INFO - Filling up the DagBag from /home/airflow/.local/lib/python3.12/site-packages/airflow/example_dags/example_setup_teardown.py
[2024-04-21T14:33:35.499+0000] {processor.py:840} INFO - DAG(s) 'example_setup_teardown' retrieved from /home/airflow/.local/lib/python3.12/site-packages/airflow/example_dags/example_setup_teardown.py
[2024-04-21T14:33:35.565+0000] {logging_mixin.py:188} INFO - [2024-04-21T14:33:35.564+0000] {dag.py:3096} INFO - Sync 1 DAGs
[2024-04-21T14:33:35.582+0000] {logging_mixin.py:188} INFO - [2024-04-21T14:33:35.582+0000] {dag.py:3954} INFO - Setting next_dagrun for example_setup_teardown to 2024-04-20 00:00:00+00:00, run_after=2024-04-21 00:00:00+00:00
[2024-04-21T14:33:35.600+0000] {processor.py:183} INFO - Processing /home/airflow/.local/lib/python3.12/site-packages/airflow/example_dags/example_setup_teardown.py took 0.112 seconds
[2024-04-21T14:34:06.102+0000] {processor.py:161} INFO - Started process (PID=2309) to work on /home/airflow/.local/lib/python3.12/site-packages/airflow/example_dags/example_setup_teardown.py
[2024-04-21T14:34:06.103+0000] {processor.py:830} INFO - Processing file /home/airflow/.local/lib/python3.12/site-packages/airflow/example_dags/example_setup_teardown.py for tasks to queue
[2024-04-21T14:34:06.104+0000] {logging_mixin.py:188} INFO - [2024-04-21T14:34:06.104+0000] {dagbag.py:540} INFO - Filling up the DagBag from /home/airflow/.local/lib/python3.12/site-packages/airflow/example_dags/example_setup_teardown.py
[2024-04-21T14:34:06.110+0000] {processor.py:840} INFO - DAG(s) 'example_setup_teardown' retrieved from /home/airflow/.local/lib/python3.12/site-packages/airflow/example_dags/example_setup_teardown.py
[2024-04-21T14:34:06.130+0000] {logging_mixin.py:188} INFO - [2024-04-21T14:34:06.130+0000] {dag.py:3096} INFO - Sync 1 DAGs
[2024-04-21T14:34:06.145+0000] {logging_mixin.py:188} INFO - [2024-04-21T14:34:06.144+0000] {dag.py:3954} INFO - Setting next_dagrun for example_setup_teardown to 2024-04-20 00:00:00+00:00, run_after=2024-04-21 00:00:00+00:00
[2024-04-21T14:34:06.156+0000] {processor.py:183} INFO - Processing /home/airflow/.local/lib/python3.12/site-packages/airflow/example_dags/example_setup_teardown.py took 0.059 seconds
[2024-04-21T14:34:36.438+0000] {processor.py:161} INFO - Started process (PID=2571) to work on /home/airflow/.local/lib/python3.12/site-packages/airflow/example_dags/example_setup_teardown.py
[2024-04-21T14:34:36.439+0000] {processor.py:830} INFO - Processing file /home/airflow/.local/lib/python3.12/site-packages/airflow/example_dags/example_setup_teardown.py for tasks to queue
[2024-04-21T14:34:36.440+0000] {logging_mixin.py:188} INFO - [2024-04-21T14:34:36.440+0000] {dagbag.py:540} INFO - Filling up the DagBag from /home/airflow/.local/lib/python3.12/site-packages/airflow/example_dags/example_setup_teardown.py
[2024-04-21T14:34:36.446+0000] {processor.py:840} INFO - DAG(s) 'example_setup_teardown' retrieved from /home/airflow/.local/lib/python3.12/site-packages/airflow/example_dags/example_setup_teardown.py
[2024-04-21T14:34:36.463+0000] {logging_mixin.py:188} INFO - [2024-04-21T14:34:36.463+0000] {dag.py:3096} INFO - Sync 1 DAGs
[2024-04-21T14:34:36.477+0000] {logging_mixin.py:188} INFO - [2024-04-21T14:34:36.477+0000] {dag.py:3954} INFO - Setting next_dagrun for example_setup_teardown to 2024-04-20 00:00:00+00:00, run_after=2024-04-21 00:00:00+00:00
[2024-04-21T14:34:36.487+0000] {processor.py:183} INFO - Processing /home/airflow/.local/lib/python3.12/site-packages/airflow/example_dags/example_setup_teardown.py took 0.053 seconds
[2024-04-21T14:36:10.147+0000] {processor.py:161} INFO - Started process (PID=2838) to work on /home/airflow/.local/lib/python3.12/site-packages/airflow/example_dags/example_setup_teardown.py
[2024-04-21T14:36:10.148+0000] {processor.py:830} INFO - Processing file /home/airflow/.local/lib/python3.12/site-packages/airflow/example_dags/example_setup_teardown.py for tasks to queue
[2024-04-21T14:36:10.149+0000] {logging_mixin.py:188} INFO - [2024-04-21T14:36:10.149+0000] {dagbag.py:540} INFO - Filling up the DagBag from /home/airflow/.local/lib/python3.12/site-packages/airflow/example_dags/example_setup_teardown.py
[2024-04-21T14:36:10.154+0000] {processor.py:840} INFO - DAG(s) 'example_setup_teardown' retrieved from /home/airflow/.local/lib/python3.12/site-packages/airflow/example_dags/example_setup_teardown.py
[2024-04-21T14:36:10.167+0000] {logging_mixin.py:188} INFO - [2024-04-21T14:36:10.167+0000] {dag.py:3096} INFO - Sync 1 DAGs
[2024-04-21T14:36:10.177+0000] {logging_mixin.py:188} INFO - [2024-04-21T14:36:10.177+0000] {dag.py:3954} INFO - Setting next_dagrun for example_setup_teardown to 2024-04-20 00:00:00+00:00, run_after=2024-04-21 00:00:00+00:00
[2024-04-21T14:36:10.186+0000] {processor.py:183} INFO - Processing /home/airflow/.local/lib/python3.12/site-packages/airflow/example_dags/example_setup_teardown.py took 0.042 seconds
[2024-04-21T14:36:40.309+0000] {processor.py:161} INFO - Started process (PID=3107) to work on /home/airflow/.local/lib/python3.12/site-packages/airflow/example_dags/example_setup_teardown.py
[2024-04-21T14:36:40.309+0000] {processor.py:830} INFO - Processing file /home/airflow/.local/lib/python3.12/site-packages/airflow/example_dags/example_setup_teardown.py for tasks to queue
[2024-04-21T14:36:40.310+0000] {logging_mixin.py:188} INFO - [2024-04-21T14:36:40.310+0000] {dagbag.py:540} INFO - Filling up the DagBag from /home/airflow/.local/lib/python3.12/site-packages/airflow/example_dags/example_setup_teardown.py
[2024-04-21T14:36:40.314+0000] {processor.py:840} INFO - DAG(s) 'example_setup_teardown' retrieved from /home/airflow/.local/lib/python3.12/site-packages/airflow/example_dags/example_setup_teardown.py
[2024-04-21T14:36:40.325+0000] {logging_mixin.py:188} INFO - [2024-04-21T14:36:40.325+0000] {dag.py:3096} INFO - Sync 1 DAGs
[2024-04-21T14:36:40.334+0000] {logging_mixin.py:188} INFO - [2024-04-21T14:36:40.334+0000] {dag.py:3954} INFO - Setting next_dagrun for example_setup_teardown to 2024-04-20 00:00:00+00:00, run_after=2024-04-21 00:00:00+00:00
[2024-04-21T14:36:40.341+0000] {processor.py:183} INFO - Processing /home/airflow/.local/lib/python3.12/site-packages/airflow/example_dags/example_setup_teardown.py took 0.035 seconds
[2024-04-21T14:37:10.510+0000] {processor.py:161} INFO - Started process (PID=3372) to work on /home/airflow/.local/lib/python3.12/site-packages/airflow/example_dags/example_setup_teardown.py
[2024-04-21T14:37:10.511+0000] {processor.py:830} INFO - Processing file /home/airflow/.local/lib/python3.12/site-packages/airflow/example_dags/example_setup_teardown.py for tasks to queue
[2024-04-21T14:37:10.512+0000] {logging_mixin.py:188} INFO - [2024-04-21T14:37:10.511+0000] {dagbag.py:540} INFO - Filling up the DagBag from /home/airflow/.local/lib/python3.12/site-packages/airflow/example_dags/example_setup_teardown.py
[2024-04-21T14:37:10.515+0000] {processor.py:840} INFO - DAG(s) 'example_setup_teardown' retrieved from /home/airflow/.local/lib/python3.12/site-packages/airflow/example_dags/example_setup_teardown.py
[2024-04-21T14:37:10.527+0000] {logging_mixin.py:188} INFO - [2024-04-21T14:37:10.527+0000] {dag.py:3096} INFO - Sync 1 DAGs
[2024-04-21T14:37:10.537+0000] {logging_mixin.py:188} INFO - [2024-04-21T14:37:10.537+0000] {dag.py:3954} INFO - Setting next_dagrun for example_setup_teardown to 2024-04-20 00:00:00+00:00, run_after=2024-04-21 00:00:00+00:00
[2024-04-21T14:37:10.544+0000] {processor.py:183} INFO - Processing /home/airflow/.local/lib/python3.12/site-packages/airflow/example_dags/example_setup_teardown.py took 0.037 seconds
[2024-04-21T14:37:40.622+0000] {processor.py:161} INFO - Started process (PID=3639) to work on /home/airflow/.local/lib/python3.12/site-packages/airflow/example_dags/example_setup_teardown.py
[2024-04-21T14:37:40.622+0000] {processor.py:830} INFO - Processing file /home/airflow/.local/lib/python3.12/site-packages/airflow/example_dags/example_setup_teardown.py for tasks to queue
[2024-04-21T14:37:40.623+0000] {logging_mixin.py:188} INFO - [2024-04-21T14:37:40.623+0000] {dagbag.py:540} INFO - Filling up the DagBag from /home/airflow/.local/lib/python3.12/site-packages/airflow/example_dags/example_setup_teardown.py
[2024-04-21T14:37:40.626+0000] {processor.py:840} INFO - DAG(s) 'example_setup_teardown' retrieved from /home/airflow/.local/lib/python3.12/site-packages/airflow/example_dags/example_setup_teardown.py
[2024-04-21T14:37:40.638+0000] {logging_mixin.py:188} INFO - [2024-04-21T14:37:40.638+0000] {dag.py:3096} INFO - Sync 1 DAGs
[2024-04-21T14:37:40.647+0000] {logging_mixin.py:188} INFO - [2024-04-21T14:37:40.647+0000] {dag.py:3954} INFO - Setting next_dagrun for example_setup_teardown to 2024-04-20 00:00:00+00:00, run_after=2024-04-21 00:00:00+00:00
[2024-04-21T14:37:40.654+0000] {processor.py:183} INFO - Processing /home/airflow/.local/lib/python3.12/site-packages/airflow/example_dags/example_setup_teardown.py took 0.035 seconds
[2024-04-21T14:53:47.404+0000] {processor.py:161} INFO - Started process (PID=3908) to work on /home/airflow/.local/lib/python3.12/site-packages/airflow/example_dags/example_setup_teardown.py
[2024-04-21T14:53:47.405+0000] {processor.py:830} INFO - Processing file /home/airflow/.local/lib/python3.12/site-packages/airflow/example_dags/example_setup_teardown.py for tasks to queue
[2024-04-21T14:53:47.406+0000] {logging_mixin.py:188} INFO - [2024-04-21T14:53:47.406+0000] {dagbag.py:540} INFO - Filling up the DagBag from /home/airflow/.local/lib/python3.12/site-packages/airflow/example_dags/example_setup_teardown.py
[2024-04-21T14:53:47.410+0000] {processor.py:840} INFO - DAG(s) 'example_setup_teardown' retrieved from /home/airflow/.local/lib/python3.12/site-packages/airflow/example_dags/example_setup_teardown.py
[2024-04-21T14:53:47.422+0000] {logging_mixin.py:188} INFO - [2024-04-21T14:53:47.422+0000] {dag.py:3096} INFO - Sync 1 DAGs
[2024-04-21T14:53:47.431+0000] {logging_mixin.py:188} INFO - [2024-04-21T14:53:47.431+0000] {dag.py:3954} INFO - Setting next_dagrun for example_setup_teardown to 2024-04-20 00:00:00+00:00, run_after=2024-04-21 00:00:00+00:00
[2024-04-21T14:53:47.438+0000] {processor.py:183} INFO - Processing /home/airflow/.local/lib/python3.12/site-packages/airflow/example_dags/example_setup_teardown.py took 0.037 seconds
[2024-04-21T14:54:18.139+0000] {processor.py:161} INFO - Started process (PID=4175) to work on /home/airflow/.local/lib/python3.12/site-packages/airflow/example_dags/example_setup_teardown.py
[2024-04-21T14:54:18.140+0000] {processor.py:830} INFO - Processing file /home/airflow/.local/lib/python3.12/site-packages/airflow/example_dags/example_setup_teardown.py for tasks to queue
[2024-04-21T14:54:18.141+0000] {logging_mixin.py:188} INFO - [2024-04-21T14:54:18.140+0000] {dagbag.py:540} INFO - Filling up the DagBag from /home/airflow/.local/lib/python3.12/site-packages/airflow/example_dags/example_setup_teardown.py
[2024-04-21T14:54:18.144+0000] {processor.py:840} INFO - DAG(s) 'example_setup_teardown' retrieved from /home/airflow/.local/lib/python3.12/site-packages/airflow/example_dags/example_setup_teardown.py
[2024-04-21T14:54:18.156+0000] {logging_mixin.py:188} INFO - [2024-04-21T14:54:18.155+0000] {dag.py:3096} INFO - Sync 1 DAGs
[2024-04-21T14:54:18.165+0000] {logging_mixin.py:188} INFO - [2024-04-21T14:54:18.165+0000] {dag.py:3954} INFO - Setting next_dagrun for example_setup_teardown to 2024-04-20 00:00:00+00:00, run_after=2024-04-21 00:00:00+00:00
[2024-04-21T14:54:18.172+0000] {processor.py:183} INFO - Processing /home/airflow/.local/lib/python3.12/site-packages/airflow/example_dags/example_setup_teardown.py took 0.036 seconds
[2024-04-21T14:54:48.272+0000] {processor.py:161} INFO - Started process (PID=4442) to work on /home/airflow/.local/lib/python3.12/site-packages/airflow/example_dags/example_setup_teardown.py
[2024-04-21T14:54:48.272+0000] {processor.py:830} INFO - Processing file /home/airflow/.local/lib/python3.12/site-packages/airflow/example_dags/example_setup_teardown.py for tasks to queue
[2024-04-21T14:54:48.273+0000] {logging_mixin.py:188} INFO - [2024-04-21T14:54:48.273+0000] {dagbag.py:540} INFO - Filling up the DagBag from /home/airflow/.local/lib/python3.12/site-packages/airflow/example_dags/example_setup_teardown.py
[2024-04-21T14:54:48.276+0000] {processor.py:840} INFO - DAG(s) 'example_setup_teardown' retrieved from /home/airflow/.local/lib/python3.12/site-packages/airflow/example_dags/example_setup_teardown.py
[2024-04-21T14:54:48.289+0000] {logging_mixin.py:188} INFO - [2024-04-21T14:54:48.289+0000] {dag.py:3096} INFO - Sync 1 DAGs
[2024-04-21T14:54:48.299+0000] {logging_mixin.py:188} INFO - [2024-04-21T14:54:48.299+0000] {dag.py:3954} INFO - Setting next_dagrun for example_setup_teardown to 2024-04-20 00:00:00+00:00, run_after=2024-04-21 00:00:00+00:00
[2024-04-21T14:54:48.307+0000] {processor.py:183} INFO - Processing /home/airflow/.local/lib/python3.12/site-packages/airflow/example_dags/example_setup_teardown.py took 0.039 seconds
[2024-04-21T14:55:19.271+0000] {processor.py:161} INFO - Started process (PID=4709) to work on /home/airflow/.local/lib/python3.12/site-packages/airflow/example_dags/example_setup_teardown.py
[2024-04-21T14:55:19.272+0000] {processor.py:830} INFO - Processing file /home/airflow/.local/lib/python3.12/site-packages/airflow/example_dags/example_setup_teardown.py for tasks to queue
[2024-04-21T14:55:19.273+0000] {logging_mixin.py:188} INFO - [2024-04-21T14:55:19.273+0000] {dagbag.py:540} INFO - Filling up the DagBag from /home/airflow/.local/lib/python3.12/site-packages/airflow/example_dags/example_setup_teardown.py
[2024-04-21T14:55:19.276+0000] {processor.py:840} INFO - DAG(s) 'example_setup_teardown' retrieved from /home/airflow/.local/lib/python3.12/site-packages/airflow/example_dags/example_setup_teardown.py
[2024-04-21T14:55:19.288+0000] {logging_mixin.py:188} INFO - [2024-04-21T14:55:19.288+0000] {dag.py:3096} INFO - Sync 1 DAGs
[2024-04-21T14:55:19.297+0000] {logging_mixin.py:188} INFO - [2024-04-21T14:55:19.297+0000] {dag.py:3954} INFO - Setting next_dagrun for example_setup_teardown to 2024-04-20 00:00:00+00:00, run_after=2024-04-21 00:00:00+00:00
[2024-04-21T14:55:19.305+0000] {processor.py:183} INFO - Processing /home/airflow/.local/lib/python3.12/site-packages/airflow/example_dags/example_setup_teardown.py took 0.037 seconds
[2024-04-21T14:55:50.117+0000] {processor.py:161} INFO - Started process (PID=4976) to work on /home/airflow/.local/lib/python3.12/site-packages/airflow/example_dags/example_setup_teardown.py
[2024-04-21T14:55:50.118+0000] {processor.py:830} INFO - Processing file /home/airflow/.local/lib/python3.12/site-packages/airflow/example_dags/example_setup_teardown.py for tasks to queue
[2024-04-21T14:55:50.119+0000] {logging_mixin.py:188} INFO - [2024-04-21T14:55:50.118+0000] {dagbag.py:540} INFO - Filling up the DagBag from /home/airflow/.local/lib/python3.12/site-packages/airflow/example_dags/example_setup_teardown.py
[2024-04-21T14:55:50.122+0000] {processor.py:840} INFO - DAG(s) 'example_setup_teardown' retrieved from /home/airflow/.local/lib/python3.12/site-packages/airflow/example_dags/example_setup_teardown.py
[2024-04-21T14:55:50.134+0000] {logging_mixin.py:188} INFO - [2024-04-21T14:55:50.134+0000] {dag.py:3096} INFO - Sync 1 DAGs
[2024-04-21T14:55:50.144+0000] {logging_mixin.py:188} INFO - [2024-04-21T14:55:50.144+0000] {dag.py:3954} INFO - Setting next_dagrun for example_setup_teardown to 2024-04-20 00:00:00+00:00, run_after=2024-04-21 00:00:00+00:00
[2024-04-21T14:55:50.151+0000] {processor.py:183} INFO - Processing /home/airflow/.local/lib/python3.12/site-packages/airflow/example_dags/example_setup_teardown.py took 0.037 seconds
[2024-04-21T14:56:20.931+0000] {processor.py:161} INFO - Started process (PID=5243) to work on /home/airflow/.local/lib/python3.12/site-packages/airflow/example_dags/example_setup_teardown.py
[2024-04-21T14:56:20.931+0000] {processor.py:830} INFO - Processing file /home/airflow/.local/lib/python3.12/site-packages/airflow/example_dags/example_setup_teardown.py for tasks to queue
[2024-04-21T14:56:20.932+0000] {logging_mixin.py:188} INFO - [2024-04-21T14:56:20.932+0000] {dagbag.py:540} INFO - Filling up the DagBag from /home/airflow/.local/lib/python3.12/site-packages/airflow/example_dags/example_setup_teardown.py
[2024-04-21T14:56:20.936+0000] {processor.py:840} INFO - DAG(s) 'example_setup_teardown' retrieved from /home/airflow/.local/lib/python3.12/site-packages/airflow/example_dags/example_setup_teardown.py
[2024-04-21T14:56:20.948+0000] {logging_mixin.py:188} INFO - [2024-04-21T14:56:20.948+0000] {dag.py:3096} INFO - Sync 1 DAGs
[2024-04-21T14:56:20.958+0000] {logging_mixin.py:188} INFO - [2024-04-21T14:56:20.958+0000] {dag.py:3954} INFO - Setting next_dagrun for example_setup_teardown to 2024-04-20 00:00:00+00:00, run_after=2024-04-21 00:00:00+00:00
[2024-04-21T14:56:20.966+0000] {processor.py:183} INFO - Processing /home/airflow/.local/lib/python3.12/site-packages/airflow/example_dags/example_setup_teardown.py took 0.038 seconds
[2024-04-21T14:56:51.800+0000] {processor.py:161} INFO - Started process (PID=5510) to work on /home/airflow/.local/lib/python3.12/site-packages/airflow/example_dags/example_setup_teardown.py
[2024-04-21T14:56:51.801+0000] {processor.py:830} INFO - Processing file /home/airflow/.local/lib/python3.12/site-packages/airflow/example_dags/example_setup_teardown.py for tasks to queue
[2024-04-21T14:56:51.802+0000] {logging_mixin.py:188} INFO - [2024-04-21T14:56:51.802+0000] {dagbag.py:540} INFO - Filling up the DagBag from /home/airflow/.local/lib/python3.12/site-packages/airflow/example_dags/example_setup_teardown.py
[2024-04-21T14:56:51.805+0000] {processor.py:840} INFO - DAG(s) 'example_setup_teardown' retrieved from /home/airflow/.local/lib/python3.12/site-packages/airflow/example_dags/example_setup_teardown.py
[2024-04-21T14:56:51.819+0000] {logging_mixin.py:188} INFO - [2024-04-21T14:56:51.819+0000] {dag.py:3096} INFO - Sync 1 DAGs
[2024-04-21T14:56:51.830+0000] {logging_mixin.py:188} INFO - [2024-04-21T14:56:51.830+0000] {dag.py:3954} INFO - Setting next_dagrun for example_setup_teardown to 2024-04-20 00:00:00+00:00, run_after=2024-04-21 00:00:00+00:00
[2024-04-21T14:56:51.838+0000] {processor.py:183} INFO - Processing /home/airflow/.local/lib/python3.12/site-packages/airflow/example_dags/example_setup_teardown.py took 0.042 seconds
[2024-04-21T14:57:21.869+0000] {processor.py:161} INFO - Started process (PID=5777) to work on /home/airflow/.local/lib/python3.12/site-packages/airflow/example_dags/example_setup_teardown.py
[2024-04-21T14:57:21.869+0000] {processor.py:830} INFO - Processing file /home/airflow/.local/lib/python3.12/site-packages/airflow/example_dags/example_setup_teardown.py for tasks to queue
[2024-04-21T14:57:21.870+0000] {logging_mixin.py:188} INFO - [2024-04-21T14:57:21.870+0000] {dagbag.py:540} INFO - Filling up the DagBag from /home/airflow/.local/lib/python3.12/site-packages/airflow/example_dags/example_setup_teardown.py
[2024-04-21T14:57:21.874+0000] {processor.py:840} INFO - DAG(s) 'example_setup_teardown' retrieved from /home/airflow/.local/lib/python3.12/site-packages/airflow/example_dags/example_setup_teardown.py
[2024-04-21T14:57:21.885+0000] {logging_mixin.py:188} INFO - [2024-04-21T14:57:21.885+0000] {dag.py:3096} INFO - Sync 1 DAGs
[2024-04-21T14:57:21.895+0000] {logging_mixin.py:188} INFO - [2024-04-21T14:57:21.895+0000] {dag.py:3954} INFO - Setting next_dagrun for example_setup_teardown to 2024-04-20 00:00:00+00:00, run_after=2024-04-21 00:00:00+00:00
[2024-04-21T14:57:21.903+0000] {processor.py:183} INFO - Processing /home/airflow/.local/lib/python3.12/site-packages/airflow/example_dags/example_setup_teardown.py took 0.037 seconds
[2024-04-21T14:57:52.129+0000] {processor.py:161} INFO - Started process (PID=6053) to work on /home/airflow/.local/lib/python3.12/site-packages/airflow/example_dags/example_setup_teardown.py
[2024-04-21T14:57:52.130+0000] {processor.py:830} INFO - Processing file /home/airflow/.local/lib/python3.12/site-packages/airflow/example_dags/example_setup_teardown.py for tasks to queue
[2024-04-21T14:57:52.131+0000] {logging_mixin.py:188} INFO - [2024-04-21T14:57:52.131+0000] {dagbag.py:540} INFO - Filling up the DagBag from /home/airflow/.local/lib/python3.12/site-packages/airflow/example_dags/example_setup_teardown.py
[2024-04-21T14:57:52.135+0000] {processor.py:840} INFO - DAG(s) 'example_setup_teardown' retrieved from /home/airflow/.local/lib/python3.12/site-packages/airflow/example_dags/example_setup_teardown.py
[2024-04-21T14:57:52.149+0000] {logging_mixin.py:188} INFO - [2024-04-21T14:57:52.149+0000] {dag.py:3096} INFO - Sync 1 DAGs
[2024-04-21T14:57:52.160+0000] {logging_mixin.py:188} INFO - [2024-04-21T14:57:52.160+0000] {dag.py:3954} INFO - Setting next_dagrun for example_setup_teardown to 2024-04-20 00:00:00+00:00, run_after=2024-04-21 00:00:00+00:00
[2024-04-21T14:57:52.169+0000] {processor.py:183} INFO - Processing /home/airflow/.local/lib/python3.12/site-packages/airflow/example_dags/example_setup_teardown.py took 0.043 seconds
[2024-04-21T14:58:23.191+0000] {processor.py:161} INFO - Started process (PID=6319) to work on /home/airflow/.local/lib/python3.12/site-packages/airflow/example_dags/example_setup_teardown.py
[2024-04-21T14:58:23.192+0000] {processor.py:830} INFO - Processing file /home/airflow/.local/lib/python3.12/site-packages/airflow/example_dags/example_setup_teardown.py for tasks to queue
[2024-04-21T14:58:23.193+0000] {logging_mixin.py:188} INFO - [2024-04-21T14:58:23.193+0000] {dagbag.py:540} INFO - Filling up the DagBag from /home/airflow/.local/lib/python3.12/site-packages/airflow/example_dags/example_setup_teardown.py
[2024-04-21T14:58:23.196+0000] {processor.py:840} INFO - DAG(s) 'example_setup_teardown' retrieved from /home/airflow/.local/lib/python3.12/site-packages/airflow/example_dags/example_setup_teardown.py
[2024-04-21T14:58:23.208+0000] {logging_mixin.py:188} INFO - [2024-04-21T14:58:23.208+0000] {dag.py:3096} INFO - Sync 1 DAGs
[2024-04-21T14:58:23.218+0000] {logging_mixin.py:188} INFO - [2024-04-21T14:58:23.218+0000] {dag.py:3954} INFO - Setting next_dagrun for example_setup_teardown to 2024-04-20 00:00:00+00:00, run_after=2024-04-21 00:00:00+00:00
[2024-04-21T14:58:23.226+0000] {processor.py:183} INFO - Processing /home/airflow/.local/lib/python3.12/site-packages/airflow/example_dags/example_setup_teardown.py took 0.038 seconds
[2024-04-21T14:58:53.789+0000] {processor.py:161} INFO - Started process (PID=6592) to work on /home/airflow/.local/lib/python3.12/site-packages/airflow/example_dags/example_setup_teardown.py
[2024-04-21T14:58:53.790+0000] {processor.py:830} INFO - Processing file /home/airflow/.local/lib/python3.12/site-packages/airflow/example_dags/example_setup_teardown.py for tasks to queue
[2024-04-21T14:58:53.791+0000] {logging_mixin.py:188} INFO - [2024-04-21T14:58:53.790+0000] {dagbag.py:540} INFO - Filling up the DagBag from /home/airflow/.local/lib/python3.12/site-packages/airflow/example_dags/example_setup_teardown.py
[2024-04-21T14:58:53.794+0000] {processor.py:840} INFO - DAG(s) 'example_setup_teardown' retrieved from /home/airflow/.local/lib/python3.12/site-packages/airflow/example_dags/example_setup_teardown.py
[2024-04-21T14:58:53.807+0000] {logging_mixin.py:188} INFO - [2024-04-21T14:58:53.807+0000] {dag.py:3096} INFO - Sync 1 DAGs
[2024-04-21T14:58:53.816+0000] {logging_mixin.py:188} INFO - [2024-04-21T14:58:53.816+0000] {dag.py:3954} INFO - Setting next_dagrun for example_setup_teardown to 2024-04-20 00:00:00+00:00, run_after=2024-04-21 00:00:00+00:00
[2024-04-21T14:58:53.824+0000] {processor.py:183} INFO - Processing /home/airflow/.local/lib/python3.12/site-packages/airflow/example_dags/example_setup_teardown.py took 0.038 seconds
[2024-04-21T14:59:24.301+0000] {processor.py:161} INFO - Started process (PID=6865) to work on /home/airflow/.local/lib/python3.12/site-packages/airflow/example_dags/example_setup_teardown.py
[2024-04-21T14:59:24.301+0000] {processor.py:830} INFO - Processing file /home/airflow/.local/lib/python3.12/site-packages/airflow/example_dags/example_setup_teardown.py for tasks to queue
[2024-04-21T14:59:24.302+0000] {logging_mixin.py:188} INFO - [2024-04-21T14:59:24.302+0000] {dagbag.py:540} INFO - Filling up the DagBag from /home/airflow/.local/lib/python3.12/site-packages/airflow/example_dags/example_setup_teardown.py
[2024-04-21T14:59:24.392+0000] {processor.py:840} INFO - DAG(s) 'example_setup_teardown' retrieved from /home/airflow/.local/lib/python3.12/site-packages/airflow/example_dags/example_setup_teardown.py
[2024-04-21T14:59:24.401+0000] {logging_mixin.py:188} INFO - [2024-04-21T14:59:24.401+0000] {dag.py:3096} INFO - Sync 1 DAGs
[2024-04-21T14:59:24.409+0000] {logging_mixin.py:188} INFO - [2024-04-21T14:59:24.409+0000] {dag.py:3954} INFO - Setting next_dagrun for example_setup_teardown to 2024-04-20 00:00:00+00:00, run_after=2024-04-21 00:00:00+00:00
[2024-04-21T14:59:24.415+0000] {processor.py:183} INFO - Processing /home/airflow/.local/lib/python3.12/site-packages/airflow/example_dags/example_setup_teardown.py took 0.118 seconds
[2024-04-21T14:59:55.201+0000] {processor.py:161} INFO - Started process (PID=7130) to work on /home/airflow/.local/lib/python3.12/site-packages/airflow/example_dags/example_setup_teardown.py
[2024-04-21T14:59:55.201+0000] {processor.py:830} INFO - Processing file /home/airflow/.local/lib/python3.12/site-packages/airflow/example_dags/example_setup_teardown.py for tasks to queue
[2024-04-21T14:59:55.202+0000] {logging_mixin.py:188} INFO - [2024-04-21T14:59:55.202+0000] {dagbag.py:540} INFO - Filling up the DagBag from /home/airflow/.local/lib/python3.12/site-packages/airflow/example_dags/example_setup_teardown.py
[2024-04-21T14:59:55.206+0000] {processor.py:840} INFO - DAG(s) 'example_setup_teardown' retrieved from /home/airflow/.local/lib/python3.12/site-packages/airflow/example_dags/example_setup_teardown.py
[2024-04-21T14:59:55.217+0000] {logging_mixin.py:188} INFO - [2024-04-21T14:59:55.217+0000] {dag.py:3096} INFO - Sync 1 DAGs
[2024-04-21T14:59:55.227+0000] {logging_mixin.py:188} INFO - [2024-04-21T14:59:55.226+0000] {dag.py:3954} INFO - Setting next_dagrun for example_setup_teardown to 2024-04-20 00:00:00+00:00, run_after=2024-04-21 00:00:00+00:00
[2024-04-21T14:59:55.234+0000] {processor.py:183} INFO - Processing /home/airflow/.local/lib/python3.12/site-packages/airflow/example_dags/example_setup_teardown.py took 0.036 seconds
[2024-04-21T15:00:26.097+0000] {processor.py:161} INFO - Started process (PID=7422) to work on /home/airflow/.local/lib/python3.12/site-packages/airflow/example_dags/example_setup_teardown.py
[2024-04-21T15:00:26.098+0000] {processor.py:830} INFO - Processing file /home/airflow/.local/lib/python3.12/site-packages/airflow/example_dags/example_setup_teardown.py for tasks to queue
[2024-04-21T15:00:26.099+0000] {logging_mixin.py:188} INFO - [2024-04-21T15:00:26.099+0000] {dagbag.py:540} INFO - Filling up the DagBag from /home/airflow/.local/lib/python3.12/site-packages/airflow/example_dags/example_setup_teardown.py
[2024-04-21T15:00:26.102+0000] {processor.py:840} INFO - DAG(s) 'example_setup_teardown' retrieved from /home/airflow/.local/lib/python3.12/site-packages/airflow/example_dags/example_setup_teardown.py
[2024-04-21T15:00:26.115+0000] {logging_mixin.py:188} INFO - [2024-04-21T15:00:26.115+0000] {dag.py:3096} INFO - Sync 1 DAGs
[2024-04-21T15:00:26.125+0000] {logging_mixin.py:188} INFO - [2024-04-21T15:00:26.125+0000] {dag.py:3954} INFO - Setting next_dagrun for example_setup_teardown to 2024-04-20 00:00:00+00:00, run_after=2024-04-21 00:00:00+00:00
[2024-04-21T15:00:26.133+0000] {processor.py:183} INFO - Processing /home/airflow/.local/lib/python3.12/site-packages/airflow/example_dags/example_setup_teardown.py took 0.039 seconds
[2024-04-21T15:00:57.073+0000] {processor.py:161} INFO - Started process (PID=7689) to work on /home/airflow/.local/lib/python3.12/site-packages/airflow/example_dags/example_setup_teardown.py
[2024-04-21T15:00:57.073+0000] {processor.py:830} INFO - Processing file /home/airflow/.local/lib/python3.12/site-packages/airflow/example_dags/example_setup_teardown.py for tasks to queue
[2024-04-21T15:00:57.075+0000] {logging_mixin.py:188} INFO - [2024-04-21T15:00:57.074+0000] {dagbag.py:540} INFO - Filling up the DagBag from /home/airflow/.local/lib/python3.12/site-packages/airflow/example_dags/example_setup_teardown.py
[2024-04-21T15:00:57.078+0000] {processor.py:840} INFO - DAG(s) 'example_setup_teardown' retrieved from /home/airflow/.local/lib/python3.12/site-packages/airflow/example_dags/example_setup_teardown.py
[2024-04-21T15:00:57.089+0000] {logging_mixin.py:188} INFO - [2024-04-21T15:00:57.089+0000] {dag.py:3096} INFO - Sync 1 DAGs
[2024-04-21T15:00:57.099+0000] {logging_mixin.py:188} INFO - [2024-04-21T15:00:57.099+0000] {dag.py:3954} INFO - Setting next_dagrun for example_setup_teardown to 2024-04-20 00:00:00+00:00, run_after=2024-04-21 00:00:00+00:00
[2024-04-21T15:00:57.108+0000] {processor.py:183} INFO - Processing /home/airflow/.local/lib/python3.12/site-packages/airflow/example_dags/example_setup_teardown.py took 0.038 seconds
[2024-04-21T15:01:27.194+0000] {processor.py:161} INFO - Started process (PID=7956) to work on /home/airflow/.local/lib/python3.12/site-packages/airflow/example_dags/example_setup_teardown.py
[2024-04-21T15:01:27.195+0000] {processor.py:830} INFO - Processing file /home/airflow/.local/lib/python3.12/site-packages/airflow/example_dags/example_setup_teardown.py for tasks to queue
[2024-04-21T15:01:27.196+0000] {logging_mixin.py:188} INFO - [2024-04-21T15:01:27.196+0000] {dagbag.py:540} INFO - Filling up the DagBag from /home/airflow/.local/lib/python3.12/site-packages/airflow/example_dags/example_setup_teardown.py
[2024-04-21T15:01:27.200+0000] {processor.py:840} INFO - DAG(s) 'example_setup_teardown' retrieved from /home/airflow/.local/lib/python3.12/site-packages/airflow/example_dags/example_setup_teardown.py
[2024-04-21T15:01:27.211+0000] {logging_mixin.py:188} INFO - [2024-04-21T15:01:27.211+0000] {dag.py:3096} INFO - Sync 1 DAGs
[2024-04-21T15:01:27.220+0000] {logging_mixin.py:188} INFO - [2024-04-21T15:01:27.220+0000] {dag.py:3954} INFO - Setting next_dagrun for example_setup_teardown to 2024-04-20 00:00:00+00:00, run_after=2024-04-21 00:00:00+00:00
[2024-04-21T15:01:27.227+0000] {processor.py:183} INFO - Processing /home/airflow/.local/lib/python3.12/site-packages/airflow/example_dags/example_setup_teardown.py took 0.036 seconds
[2024-04-21T15:01:57.403+0000] {processor.py:161} INFO - Started process (PID=8238) to work on /home/airflow/.local/lib/python3.12/site-packages/airflow/example_dags/example_setup_teardown.py
[2024-04-21T15:01:57.403+0000] {processor.py:830} INFO - Processing file /home/airflow/.local/lib/python3.12/site-packages/airflow/example_dags/example_setup_teardown.py for tasks to queue
[2024-04-21T15:01:57.404+0000] {logging_mixin.py:188} INFO - [2024-04-21T15:01:57.404+0000] {dagbag.py:540} INFO - Filling up the DagBag from /home/airflow/.local/lib/python3.12/site-packages/airflow/example_dags/example_setup_teardown.py
[2024-04-21T15:01:57.408+0000] {processor.py:840} INFO - DAG(s) 'example_setup_teardown' retrieved from /home/airflow/.local/lib/python3.12/site-packages/airflow/example_dags/example_setup_teardown.py
[2024-04-21T15:01:57.419+0000] {logging_mixin.py:188} INFO - [2024-04-21T15:01:57.419+0000] {dag.py:3096} INFO - Sync 1 DAGs
[2024-04-21T15:01:57.428+0000] {logging_mixin.py:188} INFO - [2024-04-21T15:01:57.428+0000] {dag.py:3954} INFO - Setting next_dagrun for example_setup_teardown to 2024-04-20 00:00:00+00:00, run_after=2024-04-21 00:00:00+00:00
[2024-04-21T15:01:57.435+0000] {processor.py:183} INFO - Processing /home/airflow/.local/lib/python3.12/site-packages/airflow/example_dags/example_setup_teardown.py took 0.035 seconds
[2024-04-21T15:02:28.283+0000] {processor.py:161} INFO - Started process (PID=8514) to work on /home/airflow/.local/lib/python3.12/site-packages/airflow/example_dags/example_setup_teardown.py
[2024-04-21T15:02:28.283+0000] {processor.py:830} INFO - Processing file /home/airflow/.local/lib/python3.12/site-packages/airflow/example_dags/example_setup_teardown.py for tasks to queue
[2024-04-21T15:02:28.284+0000] {logging_mixin.py:188} INFO - [2024-04-21T15:02:28.284+0000] {dagbag.py:540} INFO - Filling up the DagBag from /home/airflow/.local/lib/python3.12/site-packages/airflow/example_dags/example_setup_teardown.py
[2024-04-21T15:02:28.287+0000] {processor.py:840} INFO - DAG(s) 'example_setup_teardown' retrieved from /home/airflow/.local/lib/python3.12/site-packages/airflow/example_dags/example_setup_teardown.py
[2024-04-21T15:02:28.299+0000] {logging_mixin.py:188} INFO - [2024-04-21T15:02:28.299+0000] {dag.py:3096} INFO - Sync 1 DAGs
[2024-04-21T15:02:28.308+0000] {logging_mixin.py:188} INFO - [2024-04-21T15:02:28.308+0000] {dag.py:3954} INFO - Setting next_dagrun for example_setup_teardown to 2024-04-20 00:00:00+00:00, run_after=2024-04-21 00:00:00+00:00
[2024-04-21T15:02:28.315+0000] {processor.py:183} INFO - Processing /home/airflow/.local/lib/python3.12/site-packages/airflow/example_dags/example_setup_teardown.py took 0.035 seconds
[2024-04-21T15:02:59.124+0000] {processor.py:161} INFO - Started process (PID=8788) to work on /home/airflow/.local/lib/python3.12/site-packages/airflow/example_dags/example_setup_teardown.py
[2024-04-21T15:02:59.125+0000] {processor.py:830} INFO - Processing file /home/airflow/.local/lib/python3.12/site-packages/airflow/example_dags/example_setup_teardown.py for tasks to queue
[2024-04-21T15:02:59.126+0000] {logging_mixin.py:188} INFO - [2024-04-21T15:02:59.125+0000] {dagbag.py:540} INFO - Filling up the DagBag from /home/airflow/.local/lib/python3.12/site-packages/airflow/example_dags/example_setup_teardown.py
[2024-04-21T15:02:59.129+0000] {processor.py:840} INFO - DAG(s) 'example_setup_teardown' retrieved from /home/airflow/.local/lib/python3.12/site-packages/airflow/example_dags/example_setup_teardown.py
[2024-04-21T15:02:59.140+0000] {logging_mixin.py:188} INFO - [2024-04-21T15:02:59.140+0000] {dag.py:3096} INFO - Sync 1 DAGs
[2024-04-21T15:02:59.149+0000] {logging_mixin.py:188} INFO - [2024-04-21T15:02:59.149+0000] {dag.py:3954} INFO - Setting next_dagrun for example_setup_teardown to 2024-04-20 00:00:00+00:00, run_after=2024-04-21 00:00:00+00:00
[2024-04-21T15:02:59.157+0000] {processor.py:183} INFO - Processing /home/airflow/.local/lib/python3.12/site-packages/airflow/example_dags/example_setup_teardown.py took 0.035 seconds
[2024-04-21T15:03:30.016+0000] {processor.py:161} INFO - Started process (PID=9055) to work on /home/airflow/.local/lib/python3.12/site-packages/airflow/example_dags/example_setup_teardown.py
[2024-04-21T15:03:30.016+0000] {processor.py:830} INFO - Processing file /home/airflow/.local/lib/python3.12/site-packages/airflow/example_dags/example_setup_teardown.py for tasks to queue
[2024-04-21T15:03:30.017+0000] {logging_mixin.py:188} INFO - [2024-04-21T15:03:30.017+0000] {dagbag.py:540} INFO - Filling up the DagBag from /home/airflow/.local/lib/python3.12/site-packages/airflow/example_dags/example_setup_teardown.py
[2024-04-21T15:03:30.021+0000] {processor.py:840} INFO - DAG(s) 'example_setup_teardown' retrieved from /home/airflow/.local/lib/python3.12/site-packages/airflow/example_dags/example_setup_teardown.py
[2024-04-21T15:03:30.032+0000] {logging_mixin.py:188} INFO - [2024-04-21T15:03:30.032+0000] {dag.py:3096} INFO - Sync 1 DAGs
[2024-04-21T15:03:30.041+0000] {logging_mixin.py:188} INFO - [2024-04-21T15:03:30.041+0000] {dag.py:3954} INFO - Setting next_dagrun for example_setup_teardown to 2024-04-20 00:00:00+00:00, run_after=2024-04-21 00:00:00+00:00
[2024-04-21T15:03:30.048+0000] {processor.py:183} INFO - Processing /home/airflow/.local/lib/python3.12/site-packages/airflow/example_dags/example_setup_teardown.py took 0.036 seconds
[2024-04-21T15:04:01.018+0000] {processor.py:161} INFO - Started process (PID=9322) to work on /home/airflow/.local/lib/python3.12/site-packages/airflow/example_dags/example_setup_teardown.py
[2024-04-21T15:04:01.019+0000] {processor.py:830} INFO - Processing file /home/airflow/.local/lib/python3.12/site-packages/airflow/example_dags/example_setup_teardown.py for tasks to queue
[2024-04-21T15:04:01.020+0000] {logging_mixin.py:188} INFO - [2024-04-21T15:04:01.019+0000] {dagbag.py:540} INFO - Filling up the DagBag from /home/airflow/.local/lib/python3.12/site-packages/airflow/example_dags/example_setup_teardown.py
[2024-04-21T15:04:01.023+0000] {processor.py:840} INFO - DAG(s) 'example_setup_teardown' retrieved from /home/airflow/.local/lib/python3.12/site-packages/airflow/example_dags/example_setup_teardown.py
[2024-04-21T15:04:01.034+0000] {logging_mixin.py:188} INFO - [2024-04-21T15:04:01.034+0000] {dag.py:3096} INFO - Sync 1 DAGs
[2024-04-21T15:04:01.043+0000] {logging_mixin.py:188} INFO - [2024-04-21T15:04:01.043+0000] {dag.py:3954} INFO - Setting next_dagrun for example_setup_teardown to 2024-04-20 00:00:00+00:00, run_after=2024-04-21 00:00:00+00:00
[2024-04-21T15:04:01.050+0000] {processor.py:183} INFO - Processing /home/airflow/.local/lib/python3.12/site-packages/airflow/example_dags/example_setup_teardown.py took 0.035 seconds
[2024-04-21T15:04:31.845+0000] {processor.py:161} INFO - Started process (PID=9591) to work on /home/airflow/.local/lib/python3.12/site-packages/airflow/example_dags/example_setup_teardown.py
[2024-04-21T15:04:31.846+0000] {processor.py:830} INFO - Processing file /home/airflow/.local/lib/python3.12/site-packages/airflow/example_dags/example_setup_teardown.py for tasks to queue
[2024-04-21T15:04:31.847+0000] {logging_mixin.py:188} INFO - [2024-04-21T15:04:31.846+0000] {dagbag.py:540} INFO - Filling up the DagBag from /home/airflow/.local/lib/python3.12/site-packages/airflow/example_dags/example_setup_teardown.py
[2024-04-21T15:04:31.850+0000] {processor.py:840} INFO - DAG(s) 'example_setup_teardown' retrieved from /home/airflow/.local/lib/python3.12/site-packages/airflow/example_dags/example_setup_teardown.py
[2024-04-21T15:04:31.862+0000] {logging_mixin.py:188} INFO - [2024-04-21T15:04:31.862+0000] {dag.py:3096} INFO - Sync 1 DAGs
[2024-04-21T15:04:31.871+0000] {logging_mixin.py:188} INFO - [2024-04-21T15:04:31.871+0000] {dag.py:3954} INFO - Setting next_dagrun for example_setup_teardown to 2024-04-20 00:00:00+00:00, run_after=2024-04-21 00:00:00+00:00
[2024-04-21T15:04:31.878+0000] {processor.py:183} INFO - Processing /home/airflow/.local/lib/python3.12/site-packages/airflow/example_dags/example_setup_teardown.py took 0.036 seconds
[2024-04-21T15:05:02.668+0000] {processor.py:161} INFO - Started process (PID=9855) to work on /home/airflow/.local/lib/python3.12/site-packages/airflow/example_dags/example_setup_teardown.py
[2024-04-21T15:05:02.668+0000] {processor.py:830} INFO - Processing file /home/airflow/.local/lib/python3.12/site-packages/airflow/example_dags/example_setup_teardown.py for tasks to queue
[2024-04-21T15:05:02.669+0000] {logging_mixin.py:188} INFO - [2024-04-21T15:05:02.669+0000] {dagbag.py:540} INFO - Filling up the DagBag from /home/airflow/.local/lib/python3.12/site-packages/airflow/example_dags/example_setup_teardown.py
[2024-04-21T15:05:02.673+0000] {processor.py:840} INFO - DAG(s) 'example_setup_teardown' retrieved from /home/airflow/.local/lib/python3.12/site-packages/airflow/example_dags/example_setup_teardown.py
[2024-04-21T15:05:02.686+0000] {logging_mixin.py:188} INFO - [2024-04-21T15:05:02.686+0000] {dag.py:3096} INFO - Sync 1 DAGs
[2024-04-21T15:05:02.696+0000] {logging_mixin.py:188} INFO - [2024-04-21T15:05:02.696+0000] {dag.py:3954} INFO - Setting next_dagrun for example_setup_teardown to 2024-04-20 00:00:00+00:00, run_after=2024-04-21 00:00:00+00:00
[2024-04-21T15:05:02.704+0000] {processor.py:183} INFO - Processing /home/airflow/.local/lib/python3.12/site-packages/airflow/example_dags/example_setup_teardown.py took 0.039 seconds
[2024-04-21T15:05:33.576+0000] {processor.py:161} INFO - Started process (PID=10124) to work on /home/airflow/.local/lib/python3.12/site-packages/airflow/example_dags/example_setup_teardown.py
[2024-04-21T15:05:33.576+0000] {processor.py:830} INFO - Processing file /home/airflow/.local/lib/python3.12/site-packages/airflow/example_dags/example_setup_teardown.py for tasks to queue
[2024-04-21T15:05:33.577+0000] {logging_mixin.py:188} INFO - [2024-04-21T15:05:33.577+0000] {dagbag.py:540} INFO - Filling up the DagBag from /home/airflow/.local/lib/python3.12/site-packages/airflow/example_dags/example_setup_teardown.py
[2024-04-21T15:05:33.581+0000] {processor.py:840} INFO - DAG(s) 'example_setup_teardown' retrieved from /home/airflow/.local/lib/python3.12/site-packages/airflow/example_dags/example_setup_teardown.py
[2024-04-21T15:05:33.593+0000] {logging_mixin.py:188} INFO - [2024-04-21T15:05:33.593+0000] {dag.py:3096} INFO - Sync 1 DAGs
[2024-04-21T15:05:33.602+0000] {logging_mixin.py:188} INFO - [2024-04-21T15:05:33.602+0000] {dag.py:3954} INFO - Setting next_dagrun for example_setup_teardown to 2024-04-20 00:00:00+00:00, run_after=2024-04-21 00:00:00+00:00
[2024-04-21T15:05:33.609+0000] {processor.py:183} INFO - Processing /home/airflow/.local/lib/python3.12/site-packages/airflow/example_dags/example_setup_teardown.py took 0.037 seconds
[2024-04-21T15:06:04.453+0000] {processor.py:161} INFO - Started process (PID=10391) to work on /home/airflow/.local/lib/python3.12/site-packages/airflow/example_dags/example_setup_teardown.py
[2024-04-21T15:06:04.453+0000] {processor.py:830} INFO - Processing file /home/airflow/.local/lib/python3.12/site-packages/airflow/example_dags/example_setup_teardown.py for tasks to queue
[2024-04-21T15:06:04.454+0000] {logging_mixin.py:188} INFO - [2024-04-21T15:06:04.454+0000] {dagbag.py:540} INFO - Filling up the DagBag from /home/airflow/.local/lib/python3.12/site-packages/airflow/example_dags/example_setup_teardown.py
[2024-04-21T15:06:04.458+0000] {processor.py:840} INFO - DAG(s) 'example_setup_teardown' retrieved from /home/airflow/.local/lib/python3.12/site-packages/airflow/example_dags/example_setup_teardown.py
[2024-04-21T15:06:04.470+0000] {logging_mixin.py:188} INFO - [2024-04-21T15:06:04.470+0000] {dag.py:3096} INFO - Sync 1 DAGs
[2024-04-21T15:06:04.479+0000] {logging_mixin.py:188} INFO - [2024-04-21T15:06:04.479+0000] {dag.py:3954} INFO - Setting next_dagrun for example_setup_teardown to 2024-04-20 00:00:00+00:00, run_after=2024-04-21 00:00:00+00:00
[2024-04-21T15:06:04.486+0000] {processor.py:183} INFO - Processing /home/airflow/.local/lib/python3.12/site-packages/airflow/example_dags/example_setup_teardown.py took 0.036 seconds
[2024-04-21T15:06:35.300+0000] {processor.py:161} INFO - Started process (PID=10658) to work on /home/airflow/.local/lib/python3.12/site-packages/airflow/example_dags/example_setup_teardown.py
[2024-04-21T15:06:35.301+0000] {processor.py:830} INFO - Processing file /home/airflow/.local/lib/python3.12/site-packages/airflow/example_dags/example_setup_teardown.py for tasks to queue
[2024-04-21T15:06:35.301+0000] {logging_mixin.py:188} INFO - [2024-04-21T15:06:35.301+0000] {dagbag.py:540} INFO - Filling up the DagBag from /home/airflow/.local/lib/python3.12/site-packages/airflow/example_dags/example_setup_teardown.py
[2024-04-21T15:06:35.305+0000] {processor.py:840} INFO - DAG(s) 'example_setup_teardown' retrieved from /home/airflow/.local/lib/python3.12/site-packages/airflow/example_dags/example_setup_teardown.py
[2024-04-21T15:06:35.317+0000] {logging_mixin.py:188} INFO - [2024-04-21T15:06:35.317+0000] {dag.py:3096} INFO - Sync 1 DAGs
[2024-04-21T15:06:35.326+0000] {logging_mixin.py:188} INFO - [2024-04-21T15:06:35.325+0000] {dag.py:3954} INFO - Setting next_dagrun for example_setup_teardown to 2024-04-20 00:00:00+00:00, run_after=2024-04-21 00:00:00+00:00
[2024-04-21T15:06:35.333+0000] {processor.py:183} INFO - Processing /home/airflow/.local/lib/python3.12/site-packages/airflow/example_dags/example_setup_teardown.py took 0.036 seconds
[2024-04-21T15:07:05.407+0000] {processor.py:161} INFO - Started process (PID=10923) to work on /home/airflow/.local/lib/python3.12/site-packages/airflow/example_dags/example_setup_teardown.py
[2024-04-21T15:07:05.408+0000] {processor.py:830} INFO - Processing file /home/airflow/.local/lib/python3.12/site-packages/airflow/example_dags/example_setup_teardown.py for tasks to queue
[2024-04-21T15:07:05.409+0000] {logging_mixin.py:188} INFO - [2024-04-21T15:07:05.409+0000] {dagbag.py:540} INFO - Filling up the DagBag from /home/airflow/.local/lib/python3.12/site-packages/airflow/example_dags/example_setup_teardown.py
[2024-04-21T15:07:05.412+0000] {processor.py:840} INFO - DAG(s) 'example_setup_teardown' retrieved from /home/airflow/.local/lib/python3.12/site-packages/airflow/example_dags/example_setup_teardown.py
[2024-04-21T15:07:05.424+0000] {logging_mixin.py:188} INFO - [2024-04-21T15:07:05.424+0000] {dag.py:3096} INFO - Sync 1 DAGs
[2024-04-21T15:07:05.432+0000] {logging_mixin.py:188} INFO - [2024-04-21T15:07:05.432+0000] {dag.py:3954} INFO - Setting next_dagrun for example_setup_teardown to 2024-04-20 00:00:00+00:00, run_after=2024-04-21 00:00:00+00:00
[2024-04-21T15:07:05.439+0000] {processor.py:183} INFO - Processing /home/airflow/.local/lib/python3.12/site-packages/airflow/example_dags/example_setup_teardown.py took 0.035 seconds
[2024-04-21T15:07:35.662+0000] {processor.py:161} INFO - Started process (PID=11209) to work on /home/airflow/.local/lib/python3.12/site-packages/airflow/example_dags/example_setup_teardown.py
[2024-04-21T15:07:35.662+0000] {processor.py:830} INFO - Processing file /home/airflow/.local/lib/python3.12/site-packages/airflow/example_dags/example_setup_teardown.py for tasks to queue
[2024-04-21T15:07:35.664+0000] {logging_mixin.py:188} INFO - [2024-04-21T15:07:35.663+0000] {dagbag.py:540} INFO - Filling up the DagBag from /home/airflow/.local/lib/python3.12/site-packages/airflow/example_dags/example_setup_teardown.py
[2024-04-21T15:07:35.667+0000] {processor.py:840} INFO - DAG(s) 'example_setup_teardown' retrieved from /home/airflow/.local/lib/python3.12/site-packages/airflow/example_dags/example_setup_teardown.py
[2024-04-21T15:07:35.679+0000] {logging_mixin.py:188} INFO - [2024-04-21T15:07:35.679+0000] {dag.py:3096} INFO - Sync 1 DAGs
[2024-04-21T15:07:35.688+0000] {logging_mixin.py:188} INFO - [2024-04-21T15:07:35.688+0000] {dag.py:3954} INFO - Setting next_dagrun for example_setup_teardown to 2024-04-20 00:00:00+00:00, run_after=2024-04-21 00:00:00+00:00
[2024-04-21T15:07:35.696+0000] {processor.py:183} INFO - Processing /home/airflow/.local/lib/python3.12/site-packages/airflow/example_dags/example_setup_teardown.py took 0.037 seconds
[2024-04-21T15:08:05.802+0000] {processor.py:161} INFO - Started process (PID=11490) to work on /home/airflow/.local/lib/python3.12/site-packages/airflow/example_dags/example_setup_teardown.py
[2024-04-21T15:08:05.803+0000] {processor.py:830} INFO - Processing file /home/airflow/.local/lib/python3.12/site-packages/airflow/example_dags/example_setup_teardown.py for tasks to queue
[2024-04-21T15:08:05.804+0000] {logging_mixin.py:188} INFO - [2024-04-21T15:08:05.804+0000] {dagbag.py:540} INFO - Filling up the DagBag from /home/airflow/.local/lib/python3.12/site-packages/airflow/example_dags/example_setup_teardown.py
[2024-04-21T15:08:05.807+0000] {processor.py:840} INFO - DAG(s) 'example_setup_teardown' retrieved from /home/airflow/.local/lib/python3.12/site-packages/airflow/example_dags/example_setup_teardown.py
[2024-04-21T15:08:05.819+0000] {logging_mixin.py:188} INFO - [2024-04-21T15:08:05.819+0000] {dag.py:3096} INFO - Sync 1 DAGs
[2024-04-21T15:08:05.828+0000] {logging_mixin.py:188} INFO - [2024-04-21T15:08:05.828+0000] {dag.py:3954} INFO - Setting next_dagrun for example_setup_teardown to 2024-04-20 00:00:00+00:00, run_after=2024-04-21 00:00:00+00:00
[2024-04-21T15:08:05.835+0000] {processor.py:183} INFO - Processing /home/airflow/.local/lib/python3.12/site-packages/airflow/example_dags/example_setup_teardown.py took 0.036 seconds
[2024-04-21T15:08:36.792+0000] {processor.py:161} INFO - Started process (PID=11771) to work on /home/airflow/.local/lib/python3.12/site-packages/airflow/example_dags/example_setup_teardown.py
[2024-04-21T15:08:36.792+0000] {processor.py:830} INFO - Processing file /home/airflow/.local/lib/python3.12/site-packages/airflow/example_dags/example_setup_teardown.py for tasks to queue
[2024-04-21T15:08:36.793+0000] {logging_mixin.py:188} INFO - [2024-04-21T15:08:36.793+0000] {dagbag.py:540} INFO - Filling up the DagBag from /home/airflow/.local/lib/python3.12/site-packages/airflow/example_dags/example_setup_teardown.py
[2024-04-21T15:08:36.796+0000] {processor.py:840} INFO - DAG(s) 'example_setup_teardown' retrieved from /home/airflow/.local/lib/python3.12/site-packages/airflow/example_dags/example_setup_teardown.py
[2024-04-21T15:08:36.808+0000] {logging_mixin.py:188} INFO - [2024-04-21T15:08:36.808+0000] {dag.py:3096} INFO - Sync 1 DAGs
[2024-04-21T15:08:36.817+0000] {logging_mixin.py:188} INFO - [2024-04-21T15:08:36.817+0000] {dag.py:3954} INFO - Setting next_dagrun for example_setup_teardown to 2024-04-20 00:00:00+00:00, run_after=2024-04-21 00:00:00+00:00
[2024-04-21T15:08:36.824+0000] {processor.py:183} INFO - Processing /home/airflow/.local/lib/python3.12/site-packages/airflow/example_dags/example_setup_teardown.py took 0.035 seconds
[2024-04-21T15:09:07.697+0000] {processor.py:161} INFO - Started process (PID=12039) to work on /home/airflow/.local/lib/python3.12/site-packages/airflow/example_dags/example_setup_teardown.py
[2024-04-21T15:09:07.697+0000] {processor.py:830} INFO - Processing file /home/airflow/.local/lib/python3.12/site-packages/airflow/example_dags/example_setup_teardown.py for tasks to queue
[2024-04-21T15:09:07.698+0000] {logging_mixin.py:188} INFO - [2024-04-21T15:09:07.698+0000] {dagbag.py:540} INFO - Filling up the DagBag from /home/airflow/.local/lib/python3.12/site-packages/airflow/example_dags/example_setup_teardown.py
[2024-04-21T15:09:07.701+0000] {processor.py:840} INFO - DAG(s) 'example_setup_teardown' retrieved from /home/airflow/.local/lib/python3.12/site-packages/airflow/example_dags/example_setup_teardown.py
[2024-04-21T15:09:07.713+0000] {logging_mixin.py:188} INFO - [2024-04-21T15:09:07.712+0000] {dag.py:3096} INFO - Sync 1 DAGs
[2024-04-21T15:09:07.721+0000] {logging_mixin.py:188} INFO - [2024-04-21T15:09:07.721+0000] {dag.py:3954} INFO - Setting next_dagrun for example_setup_teardown to 2024-04-20 00:00:00+00:00, run_after=2024-04-21 00:00:00+00:00
[2024-04-21T15:09:07.728+0000] {processor.py:183} INFO - Processing /home/airflow/.local/lib/python3.12/site-packages/airflow/example_dags/example_setup_teardown.py took 0.034 seconds
[2024-04-21T15:09:38.575+0000] {processor.py:161} INFO - Started process (PID=12308) to work on /home/airflow/.local/lib/python3.12/site-packages/airflow/example_dags/example_setup_teardown.py
[2024-04-21T15:09:38.576+0000] {processor.py:830} INFO - Processing file /home/airflow/.local/lib/python3.12/site-packages/airflow/example_dags/example_setup_teardown.py for tasks to queue
[2024-04-21T15:09:38.577+0000] {logging_mixin.py:188} INFO - [2024-04-21T15:09:38.576+0000] {dagbag.py:540} INFO - Filling up the DagBag from /home/airflow/.local/lib/python3.12/site-packages/airflow/example_dags/example_setup_teardown.py
[2024-04-21T15:09:38.580+0000] {processor.py:840} INFO - DAG(s) 'example_setup_teardown' retrieved from /home/airflow/.local/lib/python3.12/site-packages/airflow/example_dags/example_setup_teardown.py
[2024-04-21T15:09:38.594+0000] {logging_mixin.py:188} INFO - [2024-04-21T15:09:38.594+0000] {dag.py:3096} INFO - Sync 1 DAGs
[2024-04-21T15:09:38.605+0000] {logging_mixin.py:188} INFO - [2024-04-21T15:09:38.605+0000] {dag.py:3954} INFO - Setting next_dagrun for example_setup_teardown to 2024-04-20 00:00:00+00:00, run_after=2024-04-21 00:00:00+00:00
[2024-04-21T15:09:38.613+0000] {processor.py:183} INFO - Processing /home/airflow/.local/lib/python3.12/site-packages/airflow/example_dags/example_setup_teardown.py took 0.042 seconds
[2024-04-21T15:10:09.474+0000] {processor.py:161} INFO - Started process (PID=12573) to work on /home/airflow/.local/lib/python3.12/site-packages/airflow/example_dags/example_setup_teardown.py
[2024-04-21T15:10:09.474+0000] {processor.py:830} INFO - Processing file /home/airflow/.local/lib/python3.12/site-packages/airflow/example_dags/example_setup_teardown.py for tasks to queue
[2024-04-21T15:10:09.475+0000] {logging_mixin.py:188} INFO - [2024-04-21T15:10:09.475+0000] {dagbag.py:540} INFO - Filling up the DagBag from /home/airflow/.local/lib/python3.12/site-packages/airflow/example_dags/example_setup_teardown.py
[2024-04-21T15:10:09.479+0000] {processor.py:840} INFO - DAG(s) 'example_setup_teardown' retrieved from /home/airflow/.local/lib/python3.12/site-packages/airflow/example_dags/example_setup_teardown.py
[2024-04-21T15:10:09.490+0000] {logging_mixin.py:188} INFO - [2024-04-21T15:10:09.490+0000] {dag.py:3096} INFO - Sync 1 DAGs
[2024-04-21T15:10:09.499+0000] {logging_mixin.py:188} INFO - [2024-04-21T15:10:09.499+0000] {dag.py:3954} INFO - Setting next_dagrun for example_setup_teardown to 2024-04-20 00:00:00+00:00, run_after=2024-04-21 00:00:00+00:00
[2024-04-21T15:10:09.507+0000] {processor.py:183} INFO - Processing /home/airflow/.local/lib/python3.12/site-packages/airflow/example_dags/example_setup_teardown.py took 0.036 seconds
[2024-04-21T15:10:39.799+0000] {processor.py:161} INFO - Started process (PID=12844) to work on /home/airflow/.local/lib/python3.12/site-packages/airflow/example_dags/example_setup_teardown.py
[2024-04-21T15:10:39.799+0000] {processor.py:830} INFO - Processing file /home/airflow/.local/lib/python3.12/site-packages/airflow/example_dags/example_setup_teardown.py for tasks to queue
[2024-04-21T15:10:39.801+0000] {logging_mixin.py:188} INFO - [2024-04-21T15:10:39.800+0000] {dagbag.py:540} INFO - Filling up the DagBag from /home/airflow/.local/lib/python3.12/site-packages/airflow/example_dags/example_setup_teardown.py
[2024-04-21T15:10:39.804+0000] {processor.py:840} INFO - DAG(s) 'example_setup_teardown' retrieved from /home/airflow/.local/lib/python3.12/site-packages/airflow/example_dags/example_setup_teardown.py
[2024-04-21T15:10:39.818+0000] {logging_mixin.py:188} INFO - [2024-04-21T15:10:39.818+0000] {dag.py:3096} INFO - Sync 1 DAGs
[2024-04-21T15:10:39.829+0000] {logging_mixin.py:188} INFO - [2024-04-21T15:10:39.829+0000] {dag.py:3954} INFO - Setting next_dagrun for example_setup_teardown to 2024-04-20 00:00:00+00:00, run_after=2024-04-21 00:00:00+00:00
[2024-04-21T15:10:39.838+0000] {processor.py:183} INFO - Processing /home/airflow/.local/lib/python3.12/site-packages/airflow/example_dags/example_setup_teardown.py took 0.043 seconds
[2024-04-21T15:11:09.891+0000] {processor.py:161} INFO - Started process (PID=13122) to work on /home/airflow/.local/lib/python3.12/site-packages/airflow/example_dags/example_setup_teardown.py
[2024-04-21T15:11:09.892+0000] {processor.py:830} INFO - Processing file /home/airflow/.local/lib/python3.12/site-packages/airflow/example_dags/example_setup_teardown.py for tasks to queue
[2024-04-21T15:11:09.893+0000] {logging_mixin.py:188} INFO - [2024-04-21T15:11:09.893+0000] {dagbag.py:540} INFO - Filling up the DagBag from /home/airflow/.local/lib/python3.12/site-packages/airflow/example_dags/example_setup_teardown.py
[2024-04-21T15:11:09.896+0000] {processor.py:840} INFO - DAG(s) 'example_setup_teardown' retrieved from /home/airflow/.local/lib/python3.12/site-packages/airflow/example_dags/example_setup_teardown.py
[2024-04-21T15:11:09.908+0000] {logging_mixin.py:188} INFO - [2024-04-21T15:11:09.908+0000] {dag.py:3096} INFO - Sync 1 DAGs
[2024-04-21T15:11:09.918+0000] {logging_mixin.py:188} INFO - [2024-04-21T15:11:09.918+0000] {dag.py:3954} INFO - Setting next_dagrun for example_setup_teardown to 2024-04-20 00:00:00+00:00, run_after=2024-04-21 00:00:00+00:00
[2024-04-21T15:11:09.925+0000] {processor.py:183} INFO - Processing /home/airflow/.local/lib/python3.12/site-packages/airflow/example_dags/example_setup_teardown.py took 0.037 seconds
[2024-04-21T15:11:40.863+0000] {processor.py:161} INFO - Started process (PID=13398) to work on /home/airflow/.local/lib/python3.12/site-packages/airflow/example_dags/example_setup_teardown.py
[2024-04-21T15:11:40.863+0000] {processor.py:830} INFO - Processing file /home/airflow/.local/lib/python3.12/site-packages/airflow/example_dags/example_setup_teardown.py for tasks to queue
[2024-04-21T15:11:40.864+0000] {logging_mixin.py:188} INFO - [2024-04-21T15:11:40.864+0000] {dagbag.py:540} INFO - Filling up the DagBag from /home/airflow/.local/lib/python3.12/site-packages/airflow/example_dags/example_setup_teardown.py
[2024-04-21T15:11:40.867+0000] {processor.py:840} INFO - DAG(s) 'example_setup_teardown' retrieved from /home/airflow/.local/lib/python3.12/site-packages/airflow/example_dags/example_setup_teardown.py
[2024-04-21T15:11:40.878+0000] {logging_mixin.py:188} INFO - [2024-04-21T15:11:40.878+0000] {dag.py:3096} INFO - Sync 1 DAGs
[2024-04-21T15:11:40.887+0000] {logging_mixin.py:188} INFO - [2024-04-21T15:11:40.887+0000] {dag.py:3954} INFO - Setting next_dagrun for example_setup_teardown to 2024-04-20 00:00:00+00:00, run_after=2024-04-21 00:00:00+00:00
[2024-04-21T15:11:40.895+0000] {processor.py:183} INFO - Processing /home/airflow/.local/lib/python3.12/site-packages/airflow/example_dags/example_setup_teardown.py took 0.036 seconds
[2024-04-21T15:12:10.922+0000] {processor.py:161} INFO - Started process (PID=13680) to work on /home/airflow/.local/lib/python3.12/site-packages/airflow/example_dags/example_setup_teardown.py
[2024-04-21T15:12:10.923+0000] {processor.py:830} INFO - Processing file /home/airflow/.local/lib/python3.12/site-packages/airflow/example_dags/example_setup_teardown.py for tasks to queue
[2024-04-21T15:12:10.924+0000] {logging_mixin.py:188} INFO - [2024-04-21T15:12:10.924+0000] {dagbag.py:540} INFO - Filling up the DagBag from /home/airflow/.local/lib/python3.12/site-packages/airflow/example_dags/example_setup_teardown.py
[2024-04-21T15:12:10.927+0000] {processor.py:840} INFO - DAG(s) 'example_setup_teardown' retrieved from /home/airflow/.local/lib/python3.12/site-packages/airflow/example_dags/example_setup_teardown.py
[2024-04-21T15:12:10.939+0000] {logging_mixin.py:188} INFO - [2024-04-21T15:12:10.939+0000] {dag.py:3096} INFO - Sync 1 DAGs
[2024-04-21T15:12:10.948+0000] {logging_mixin.py:188} INFO - [2024-04-21T15:12:10.948+0000] {dag.py:3954} INFO - Setting next_dagrun for example_setup_teardown to 2024-04-20 00:00:00+00:00, run_after=2024-04-21 00:00:00+00:00
[2024-04-21T15:12:10.956+0000] {processor.py:183} INFO - Processing /home/airflow/.local/lib/python3.12/site-packages/airflow/example_dags/example_setup_teardown.py took 0.036 seconds
[2024-04-21T15:12:41.698+0000] {processor.py:161} INFO - Started process (PID=13956) to work on /home/airflow/.local/lib/python3.12/site-packages/airflow/example_dags/example_setup_teardown.py
[2024-04-21T15:12:41.698+0000] {processor.py:830} INFO - Processing file /home/airflow/.local/lib/python3.12/site-packages/airflow/example_dags/example_setup_teardown.py for tasks to queue
[2024-04-21T15:12:41.700+0000] {logging_mixin.py:188} INFO - [2024-04-21T15:12:41.699+0000] {dagbag.py:540} INFO - Filling up the DagBag from /home/airflow/.local/lib/python3.12/site-packages/airflow/example_dags/example_setup_teardown.py
[2024-04-21T15:12:41.703+0000] {processor.py:840} INFO - DAG(s) 'example_setup_teardown' retrieved from /home/airflow/.local/lib/python3.12/site-packages/airflow/example_dags/example_setup_teardown.py
[2024-04-21T15:12:41.715+0000] {logging_mixin.py:188} INFO - [2024-04-21T15:12:41.715+0000] {dag.py:3096} INFO - Sync 1 DAGs
[2024-04-21T15:12:41.725+0000] {logging_mixin.py:188} INFO - [2024-04-21T15:12:41.724+0000] {dag.py:3954} INFO - Setting next_dagrun for example_setup_teardown to 2024-04-20 00:00:00+00:00, run_after=2024-04-21 00:00:00+00:00
[2024-04-21T15:12:41.732+0000] {processor.py:183} INFO - Processing /home/airflow/.local/lib/python3.12/site-packages/airflow/example_dags/example_setup_teardown.py took 0.038 seconds
[2024-04-21T15:13:12.710+0000] {processor.py:161} INFO - Started process (PID=14244) to work on /home/airflow/.local/lib/python3.12/site-packages/airflow/example_dags/example_setup_teardown.py
[2024-04-21T15:13:12.711+0000] {processor.py:830} INFO - Processing file /home/airflow/.local/lib/python3.12/site-packages/airflow/example_dags/example_setup_teardown.py for tasks to queue
[2024-04-21T15:13:12.712+0000] {logging_mixin.py:188} INFO - [2024-04-21T15:13:12.712+0000] {dagbag.py:540} INFO - Filling up the DagBag from /home/airflow/.local/lib/python3.12/site-packages/airflow/example_dags/example_setup_teardown.py
[2024-04-21T15:13:12.715+0000] {processor.py:840} INFO - DAG(s) 'example_setup_teardown' retrieved from /home/airflow/.local/lib/python3.12/site-packages/airflow/example_dags/example_setup_teardown.py
[2024-04-21T15:13:12.727+0000] {logging_mixin.py:188} INFO - [2024-04-21T15:13:12.727+0000] {dag.py:3096} INFO - Sync 1 DAGs
[2024-04-21T15:13:12.737+0000] {logging_mixin.py:188} INFO - [2024-04-21T15:13:12.737+0000] {dag.py:3954} INFO - Setting next_dagrun for example_setup_teardown to 2024-04-20 00:00:00+00:00, run_after=2024-04-21 00:00:00+00:00
[2024-04-21T15:13:12.744+0000] {processor.py:183} INFO - Processing /home/airflow/.local/lib/python3.12/site-packages/airflow/example_dags/example_setup_teardown.py took 0.037 seconds
[2024-04-21T15:13:43.607+0000] {processor.py:161} INFO - Started process (PID=14508) to work on /home/airflow/.local/lib/python3.12/site-packages/airflow/example_dags/example_setup_teardown.py
[2024-04-21T15:13:43.608+0000] {processor.py:830} INFO - Processing file /home/airflow/.local/lib/python3.12/site-packages/airflow/example_dags/example_setup_teardown.py for tasks to queue
[2024-04-21T15:13:43.609+0000] {logging_mixin.py:188} INFO - [2024-04-21T15:13:43.609+0000] {dagbag.py:540} INFO - Filling up the DagBag from /home/airflow/.local/lib/python3.12/site-packages/airflow/example_dags/example_setup_teardown.py
[2024-04-21T15:13:43.612+0000] {processor.py:840} INFO - DAG(s) 'example_setup_teardown' retrieved from /home/airflow/.local/lib/python3.12/site-packages/airflow/example_dags/example_setup_teardown.py
[2024-04-21T15:13:43.626+0000] {logging_mixin.py:188} INFO - [2024-04-21T15:13:43.625+0000] {dag.py:3096} INFO - Sync 1 DAGs
[2024-04-21T15:13:43.636+0000] {logging_mixin.py:188} INFO - [2024-04-21T15:13:43.636+0000] {dag.py:3954} INFO - Setting next_dagrun for example_setup_teardown to 2024-04-20 00:00:00+00:00, run_after=2024-04-21 00:00:00+00:00
[2024-04-21T15:13:43.643+0000] {processor.py:183} INFO - Processing /home/airflow/.local/lib/python3.12/site-packages/airflow/example_dags/example_setup_teardown.py took 0.040 seconds
[2024-04-21T15:14:13.760+0000] {processor.py:161} INFO - Started process (PID=14775) to work on /home/airflow/.local/lib/python3.12/site-packages/airflow/example_dags/example_setup_teardown.py
[2024-04-21T15:14:13.760+0000] {processor.py:830} INFO - Processing file /home/airflow/.local/lib/python3.12/site-packages/airflow/example_dags/example_setup_teardown.py for tasks to queue
[2024-04-21T15:14:13.761+0000] {logging_mixin.py:188} INFO - [2024-04-21T15:14:13.761+0000] {dagbag.py:540} INFO - Filling up the DagBag from /home/airflow/.local/lib/python3.12/site-packages/airflow/example_dags/example_setup_teardown.py
[2024-04-21T15:14:13.764+0000] {processor.py:840} INFO - DAG(s) 'example_setup_teardown' retrieved from /home/airflow/.local/lib/python3.12/site-packages/airflow/example_dags/example_setup_teardown.py
[2024-04-21T15:14:13.776+0000] {logging_mixin.py:188} INFO - [2024-04-21T15:14:13.776+0000] {dag.py:3096} INFO - Sync 1 DAGs
[2024-04-21T15:14:13.785+0000] {logging_mixin.py:188} INFO - [2024-04-21T15:14:13.785+0000] {dag.py:3954} INFO - Setting next_dagrun for example_setup_teardown to 2024-04-20 00:00:00+00:00, run_after=2024-04-21 00:00:00+00:00
[2024-04-21T15:14:13.792+0000] {processor.py:183} INFO - Processing /home/airflow/.local/lib/python3.12/site-packages/airflow/example_dags/example_setup_teardown.py took 0.035 seconds
[2024-04-21T15:14:43.892+0000] {processor.py:161} INFO - Started process (PID=15041) to work on /home/airflow/.local/lib/python3.12/site-packages/airflow/example_dags/example_setup_teardown.py
[2024-04-21T15:14:43.893+0000] {processor.py:830} INFO - Processing file /home/airflow/.local/lib/python3.12/site-packages/airflow/example_dags/example_setup_teardown.py for tasks to queue
[2024-04-21T15:14:43.894+0000] {logging_mixin.py:188} INFO - [2024-04-21T15:14:43.894+0000] {dagbag.py:540} INFO - Filling up the DagBag from /home/airflow/.local/lib/python3.12/site-packages/airflow/example_dags/example_setup_teardown.py
[2024-04-21T15:14:43.897+0000] {processor.py:840} INFO - DAG(s) 'example_setup_teardown' retrieved from /home/airflow/.local/lib/python3.12/site-packages/airflow/example_dags/example_setup_teardown.py
[2024-04-21T15:14:43.909+0000] {logging_mixin.py:188} INFO - [2024-04-21T15:14:43.909+0000] {dag.py:3096} INFO - Sync 1 DAGs
[2024-04-21T15:14:43.918+0000] {logging_mixin.py:188} INFO - [2024-04-21T15:14:43.918+0000] {dag.py:3954} INFO - Setting next_dagrun for example_setup_teardown to 2024-04-20 00:00:00+00:00, run_after=2024-04-21 00:00:00+00:00
[2024-04-21T15:14:43.926+0000] {processor.py:183} INFO - Processing /home/airflow/.local/lib/python3.12/site-packages/airflow/example_dags/example_setup_teardown.py took 0.037 seconds
[2024-04-21T15:15:14.057+0000] {processor.py:161} INFO - Started process (PID=15310) to work on /home/airflow/.local/lib/python3.12/site-packages/airflow/example_dags/example_setup_teardown.py
[2024-04-21T15:15:14.057+0000] {processor.py:830} INFO - Processing file /home/airflow/.local/lib/python3.12/site-packages/airflow/example_dags/example_setup_teardown.py for tasks to queue
[2024-04-21T15:15:14.059+0000] {logging_mixin.py:188} INFO - [2024-04-21T15:15:14.058+0000] {dagbag.py:540} INFO - Filling up the DagBag from /home/airflow/.local/lib/python3.12/site-packages/airflow/example_dags/example_setup_teardown.py
[2024-04-21T15:15:14.062+0000] {processor.py:840} INFO - DAG(s) 'example_setup_teardown' retrieved from /home/airflow/.local/lib/python3.12/site-packages/airflow/example_dags/example_setup_teardown.py
[2024-04-21T15:15:14.074+0000] {logging_mixin.py:188} INFO - [2024-04-21T15:15:14.074+0000] {dag.py:3096} INFO - Sync 1 DAGs
[2024-04-21T15:15:14.083+0000] {logging_mixin.py:188} INFO - [2024-04-21T15:15:14.083+0000] {dag.py:3954} INFO - Setting next_dagrun for example_setup_teardown to 2024-04-20 00:00:00+00:00, run_after=2024-04-21 00:00:00+00:00
[2024-04-21T15:15:14.090+0000] {processor.py:183} INFO - Processing /home/airflow/.local/lib/python3.12/site-packages/airflow/example_dags/example_setup_teardown.py took 0.036 seconds
[2024-04-21T15:15:44.233+0000] {processor.py:161} INFO - Started process (PID=15577) to work on /home/airflow/.local/lib/python3.12/site-packages/airflow/example_dags/example_setup_teardown.py
[2024-04-21T15:15:44.234+0000] {processor.py:830} INFO - Processing file /home/airflow/.local/lib/python3.12/site-packages/airflow/example_dags/example_setup_teardown.py for tasks to queue
[2024-04-21T15:15:44.235+0000] {logging_mixin.py:188} INFO - [2024-04-21T15:15:44.235+0000] {dagbag.py:540} INFO - Filling up the DagBag from /home/airflow/.local/lib/python3.12/site-packages/airflow/example_dags/example_setup_teardown.py
[2024-04-21T15:15:44.239+0000] {processor.py:840} INFO - DAG(s) 'example_setup_teardown' retrieved from /home/airflow/.local/lib/python3.12/site-packages/airflow/example_dags/example_setup_teardown.py
[2024-04-21T15:15:44.251+0000] {logging_mixin.py:188} INFO - [2024-04-21T15:15:44.251+0000] {dag.py:3096} INFO - Sync 1 DAGs
[2024-04-21T15:15:44.260+0000] {logging_mixin.py:188} INFO - [2024-04-21T15:15:44.260+0000] {dag.py:3954} INFO - Setting next_dagrun for example_setup_teardown to 2024-04-20 00:00:00+00:00, run_after=2024-04-21 00:00:00+00:00
[2024-04-21T15:15:44.266+0000] {processor.py:183} INFO - Processing /home/airflow/.local/lib/python3.12/site-packages/airflow/example_dags/example_setup_teardown.py took 0.036 seconds
[2024-04-21T15:16:14.472+0000] {processor.py:161} INFO - Started process (PID=15842) to work on /home/airflow/.local/lib/python3.12/site-packages/airflow/example_dags/example_setup_teardown.py
[2024-04-21T15:16:14.473+0000] {processor.py:830} INFO - Processing file /home/airflow/.local/lib/python3.12/site-packages/airflow/example_dags/example_setup_teardown.py for tasks to queue
[2024-04-21T15:16:14.474+0000] {logging_mixin.py:188} INFO - [2024-04-21T15:16:14.473+0000] {dagbag.py:540} INFO - Filling up the DagBag from /home/airflow/.local/lib/python3.12/site-packages/airflow/example_dags/example_setup_teardown.py
[2024-04-21T15:16:14.477+0000] {processor.py:840} INFO - DAG(s) 'example_setup_teardown' retrieved from /home/airflow/.local/lib/python3.12/site-packages/airflow/example_dags/example_setup_teardown.py
[2024-04-21T15:16:14.488+0000] {logging_mixin.py:188} INFO - [2024-04-21T15:16:14.488+0000] {dag.py:3096} INFO - Sync 1 DAGs
[2024-04-21T15:16:14.498+0000] {logging_mixin.py:188} INFO - [2024-04-21T15:16:14.498+0000] {dag.py:3954} INFO - Setting next_dagrun for example_setup_teardown to 2024-04-20 00:00:00+00:00, run_after=2024-04-21 00:00:00+00:00
[2024-04-21T15:16:14.505+0000] {processor.py:183} INFO - Processing /home/airflow/.local/lib/python3.12/site-packages/airflow/example_dags/example_setup_teardown.py took 0.036 seconds
[2024-04-21T15:16:44.711+0000] {processor.py:161} INFO - Started process (PID=16110) to work on /home/airflow/.local/lib/python3.12/site-packages/airflow/example_dags/example_setup_teardown.py
[2024-04-21T15:16:44.712+0000] {processor.py:830} INFO - Processing file /home/airflow/.local/lib/python3.12/site-packages/airflow/example_dags/example_setup_teardown.py for tasks to queue
[2024-04-21T15:16:44.713+0000] {logging_mixin.py:188} INFO - [2024-04-21T15:16:44.713+0000] {dagbag.py:540} INFO - Filling up the DagBag from /home/airflow/.local/lib/python3.12/site-packages/airflow/example_dags/example_setup_teardown.py
[2024-04-21T15:16:44.716+0000] {processor.py:840} INFO - DAG(s) 'example_setup_teardown' retrieved from /home/airflow/.local/lib/python3.12/site-packages/airflow/example_dags/example_setup_teardown.py
[2024-04-21T15:16:44.728+0000] {logging_mixin.py:188} INFO - [2024-04-21T15:16:44.728+0000] {dag.py:3096} INFO - Sync 1 DAGs
[2024-04-21T15:16:44.738+0000] {logging_mixin.py:188} INFO - [2024-04-21T15:16:44.737+0000] {dag.py:3954} INFO - Setting next_dagrun for example_setup_teardown to 2024-04-20 00:00:00+00:00, run_after=2024-04-21 00:00:00+00:00
[2024-04-21T15:16:44.744+0000] {processor.py:183} INFO - Processing /home/airflow/.local/lib/python3.12/site-packages/airflow/example_dags/example_setup_teardown.py took 0.037 seconds
[2024-04-21T15:17:14.862+0000] {processor.py:161} INFO - Started process (PID=16379) to work on /home/airflow/.local/lib/python3.12/site-packages/airflow/example_dags/example_setup_teardown.py
[2024-04-21T15:17:14.863+0000] {processor.py:830} INFO - Processing file /home/airflow/.local/lib/python3.12/site-packages/airflow/example_dags/example_setup_teardown.py for tasks to queue
[2024-04-21T15:17:14.864+0000] {logging_mixin.py:188} INFO - [2024-04-21T15:17:14.863+0000] {dagbag.py:540} INFO - Filling up the DagBag from /home/airflow/.local/lib/python3.12/site-packages/airflow/example_dags/example_setup_teardown.py
[2024-04-21T15:17:14.867+0000] {processor.py:840} INFO - DAG(s) 'example_setup_teardown' retrieved from /home/airflow/.local/lib/python3.12/site-packages/airflow/example_dags/example_setup_teardown.py
[2024-04-21T15:17:14.879+0000] {logging_mixin.py:188} INFO - [2024-04-21T15:17:14.879+0000] {dag.py:3096} INFO - Sync 1 DAGs
[2024-04-21T15:17:14.888+0000] {logging_mixin.py:188} INFO - [2024-04-21T15:17:14.888+0000] {dag.py:3954} INFO - Setting next_dagrun for example_setup_teardown to 2024-04-20 00:00:00+00:00, run_after=2024-04-21 00:00:00+00:00
[2024-04-21T15:17:14.894+0000] {processor.py:183} INFO - Processing /home/airflow/.local/lib/python3.12/site-packages/airflow/example_dags/example_setup_teardown.py took 0.035 seconds
[2024-04-21T15:17:45.040+0000] {processor.py:161} INFO - Started process (PID=16646) to work on /home/airflow/.local/lib/python3.12/site-packages/airflow/example_dags/example_setup_teardown.py
[2024-04-21T15:17:45.041+0000] {processor.py:830} INFO - Processing file /home/airflow/.local/lib/python3.12/site-packages/airflow/example_dags/example_setup_teardown.py for tasks to queue
[2024-04-21T15:17:45.042+0000] {logging_mixin.py:188} INFO - [2024-04-21T15:17:45.041+0000] {dagbag.py:540} INFO - Filling up the DagBag from /home/airflow/.local/lib/python3.12/site-packages/airflow/example_dags/example_setup_teardown.py
[2024-04-21T15:17:45.045+0000] {processor.py:840} INFO - DAG(s) 'example_setup_teardown' retrieved from /home/airflow/.local/lib/python3.12/site-packages/airflow/example_dags/example_setup_teardown.py
[2024-04-21T15:17:45.058+0000] {logging_mixin.py:188} INFO - [2024-04-21T15:17:45.058+0000] {dag.py:3096} INFO - Sync 1 DAGs
[2024-04-21T15:17:45.068+0000] {logging_mixin.py:188} INFO - [2024-04-21T15:17:45.068+0000] {dag.py:3954} INFO - Setting next_dagrun for example_setup_teardown to 2024-04-20 00:00:00+00:00, run_after=2024-04-21 00:00:00+00:00
[2024-04-21T15:17:45.075+0000] {processor.py:183} INFO - Processing /home/airflow/.local/lib/python3.12/site-packages/airflow/example_dags/example_setup_teardown.py took 0.038 seconds
[2024-04-21T15:18:15.119+0000] {processor.py:161} INFO - Started process (PID=16911) to work on /home/airflow/.local/lib/python3.12/site-packages/airflow/example_dags/example_setup_teardown.py
[2024-04-21T15:18:15.120+0000] {processor.py:830} INFO - Processing file /home/airflow/.local/lib/python3.12/site-packages/airflow/example_dags/example_setup_teardown.py for tasks to queue
[2024-04-21T15:18:15.121+0000] {logging_mixin.py:188} INFO - [2024-04-21T15:18:15.120+0000] {dagbag.py:540} INFO - Filling up the DagBag from /home/airflow/.local/lib/python3.12/site-packages/airflow/example_dags/example_setup_teardown.py
[2024-04-21T15:18:15.124+0000] {processor.py:840} INFO - DAG(s) 'example_setup_teardown' retrieved from /home/airflow/.local/lib/python3.12/site-packages/airflow/example_dags/example_setup_teardown.py
[2024-04-21T15:18:15.136+0000] {logging_mixin.py:188} INFO - [2024-04-21T15:18:15.136+0000] {dag.py:3096} INFO - Sync 1 DAGs
[2024-04-21T15:18:15.145+0000] {logging_mixin.py:188} INFO - [2024-04-21T15:18:15.145+0000] {dag.py:3954} INFO - Setting next_dagrun for example_setup_teardown to 2024-04-20 00:00:00+00:00, run_after=2024-04-21 00:00:00+00:00
[2024-04-21T15:18:15.152+0000] {processor.py:183} INFO - Processing /home/airflow/.local/lib/python3.12/site-packages/airflow/example_dags/example_setup_teardown.py took 0.036 seconds
[2024-04-21T15:18:45.209+0000] {processor.py:161} INFO - Started process (PID=17177) to work on /home/airflow/.local/lib/python3.12/site-packages/airflow/example_dags/example_setup_teardown.py
[2024-04-21T15:18:45.210+0000] {processor.py:830} INFO - Processing file /home/airflow/.local/lib/python3.12/site-packages/airflow/example_dags/example_setup_teardown.py for tasks to queue
[2024-04-21T15:18:45.211+0000] {logging_mixin.py:188} INFO - [2024-04-21T15:18:45.211+0000] {dagbag.py:540} INFO - Filling up the DagBag from /home/airflow/.local/lib/python3.12/site-packages/airflow/example_dags/example_setup_teardown.py
[2024-04-21T15:18:45.214+0000] {processor.py:840} INFO - DAG(s) 'example_setup_teardown' retrieved from /home/airflow/.local/lib/python3.12/site-packages/airflow/example_dags/example_setup_teardown.py
[2024-04-21T15:18:45.226+0000] {logging_mixin.py:188} INFO - [2024-04-21T15:18:45.226+0000] {dag.py:3096} INFO - Sync 1 DAGs
[2024-04-21T15:18:45.235+0000] {logging_mixin.py:188} INFO - [2024-04-21T15:18:45.235+0000] {dag.py:3954} INFO - Setting next_dagrun for example_setup_teardown to 2024-04-20 00:00:00+00:00, run_after=2024-04-21 00:00:00+00:00
[2024-04-21T15:18:45.242+0000] {processor.py:183} INFO - Processing /home/airflow/.local/lib/python3.12/site-packages/airflow/example_dags/example_setup_teardown.py took 0.036 seconds
[2024-04-21T15:19:16.104+0000] {processor.py:161} INFO - Started process (PID=17444) to work on /home/airflow/.local/lib/python3.12/site-packages/airflow/example_dags/example_setup_teardown.py
[2024-04-21T15:19:16.104+0000] {processor.py:830} INFO - Processing file /home/airflow/.local/lib/python3.12/site-packages/airflow/example_dags/example_setup_teardown.py for tasks to queue
[2024-04-21T15:19:16.105+0000] {logging_mixin.py:188} INFO - [2024-04-21T15:19:16.105+0000] {dagbag.py:540} INFO - Filling up the DagBag from /home/airflow/.local/lib/python3.12/site-packages/airflow/example_dags/example_setup_teardown.py
[2024-04-21T15:19:16.109+0000] {processor.py:840} INFO - DAG(s) 'example_setup_teardown' retrieved from /home/airflow/.local/lib/python3.12/site-packages/airflow/example_dags/example_setup_teardown.py
[2024-04-21T15:19:16.120+0000] {logging_mixin.py:188} INFO - [2024-04-21T15:19:16.120+0000] {dag.py:3096} INFO - Sync 1 DAGs
[2024-04-21T15:19:16.129+0000] {logging_mixin.py:188} INFO - [2024-04-21T15:19:16.129+0000] {dag.py:3954} INFO - Setting next_dagrun for example_setup_teardown to 2024-04-20 00:00:00+00:00, run_after=2024-04-21 00:00:00+00:00
[2024-04-21T15:19:16.137+0000] {processor.py:183} INFO - Processing /home/airflow/.local/lib/python3.12/site-packages/airflow/example_dags/example_setup_teardown.py took 0.036 seconds
[2024-04-21T15:19:46.267+0000] {processor.py:161} INFO - Started process (PID=17711) to work on /home/airflow/.local/lib/python3.12/site-packages/airflow/example_dags/example_setup_teardown.py
[2024-04-21T15:19:46.268+0000] {processor.py:830} INFO - Processing file /home/airflow/.local/lib/python3.12/site-packages/airflow/example_dags/example_setup_teardown.py for tasks to queue
[2024-04-21T15:19:46.269+0000] {logging_mixin.py:188} INFO - [2024-04-21T15:19:46.268+0000] {dagbag.py:540} INFO - Filling up the DagBag from /home/airflow/.local/lib/python3.12/site-packages/airflow/example_dags/example_setup_teardown.py
[2024-04-21T15:19:46.272+0000] {processor.py:840} INFO - DAG(s) 'example_setup_teardown' retrieved from /home/airflow/.local/lib/python3.12/site-packages/airflow/example_dags/example_setup_teardown.py
[2024-04-21T15:19:46.283+0000] {logging_mixin.py:188} INFO - [2024-04-21T15:19:46.283+0000] {dag.py:3096} INFO - Sync 1 DAGs
[2024-04-21T15:19:46.292+0000] {logging_mixin.py:188} INFO - [2024-04-21T15:19:46.292+0000] {dag.py:3954} INFO - Setting next_dagrun for example_setup_teardown to 2024-04-20 00:00:00+00:00, run_after=2024-04-21 00:00:00+00:00
[2024-04-21T15:19:46.300+0000] {processor.py:183} INFO - Processing /home/airflow/.local/lib/python3.12/site-packages/airflow/example_dags/example_setup_teardown.py took 0.036 seconds
[2024-04-21T15:20:16.447+0000] {processor.py:161} INFO - Started process (PID=17978) to work on /home/airflow/.local/lib/python3.12/site-packages/airflow/example_dags/example_setup_teardown.py
[2024-04-21T15:20:16.448+0000] {processor.py:830} INFO - Processing file /home/airflow/.local/lib/python3.12/site-packages/airflow/example_dags/example_setup_teardown.py for tasks to queue
[2024-04-21T15:20:16.449+0000] {logging_mixin.py:188} INFO - [2024-04-21T15:20:16.448+0000] {dagbag.py:540} INFO - Filling up the DagBag from /home/airflow/.local/lib/python3.12/site-packages/airflow/example_dags/example_setup_teardown.py
[2024-04-21T15:20:16.452+0000] {processor.py:840} INFO - DAG(s) 'example_setup_teardown' retrieved from /home/airflow/.local/lib/python3.12/site-packages/airflow/example_dags/example_setup_teardown.py
[2024-04-21T15:20:16.463+0000] {logging_mixin.py:188} INFO - [2024-04-21T15:20:16.463+0000] {dag.py:3096} INFO - Sync 1 DAGs
[2024-04-21T15:20:16.472+0000] {logging_mixin.py:188} INFO - [2024-04-21T15:20:16.472+0000] {dag.py:3954} INFO - Setting next_dagrun for example_setup_teardown to 2024-04-20 00:00:00+00:00, run_after=2024-04-21 00:00:00+00:00
[2024-04-21T15:20:16.479+0000] {processor.py:183} INFO - Processing /home/airflow/.local/lib/python3.12/site-packages/airflow/example_dags/example_setup_teardown.py took 0.035 seconds
