[2024-04-21T14:30:02.861+0000] {processor.py:161} INFO - Started process (PID=311) to work on /home/airflow/.local/lib/python3.12/site-packages/airflow/example_dags/example_branch_python_dop_operator_3.py
[2024-04-21T14:30:02.862+0000] {processor.py:830} INFO - Processing file /home/airflow/.local/lib/python3.12/site-packages/airflow/example_dags/example_branch_python_dop_operator_3.py for tasks to queue
[2024-04-21T14:30:02.863+0000] {logging_mixin.py:188} INFO - [2024-04-21T14:30:02.863+0000] {dagbag.py:540} INFO - Filling up the DagBag from /home/airflow/.local/lib/python3.12/site-packages/airflow/example_dags/example_branch_python_dop_operator_3.py
[2024-04-21T14:30:02.869+0000] {processor.py:840} INFO - DAG(s) 'example_branch_dop_operator_v3' retrieved from /home/airflow/.local/lib/python3.12/site-packages/airflow/example_dags/example_branch_python_dop_operator_3.py
[2024-04-21T14:30:02.880+0000] {logging_mixin.py:188} INFO - [2024-04-21T14:30:02.880+0000] {dag.py:3096} INFO - Sync 1 DAGs
[2024-04-21T14:30:02.897+0000] {logging_mixin.py:188} INFO - [2024-04-21T14:30:02.897+0000] {dag.py:3954} INFO - Setting next_dagrun for example_branch_dop_operator_v3 to 2024-04-21 14:29:00+00:00, run_after=2024-04-21 14:30:00+00:00
[2024-04-21T14:30:02.907+0000] {processor.py:183} INFO - Processing /home/airflow/.local/lib/python3.12/site-packages/airflow/example_dags/example_branch_python_dop_operator_3.py took 0.050 seconds
[2024-04-21T14:30:33.750+0000] {processor.py:161} INFO - Started process (PID=573) to work on /home/airflow/.local/lib/python3.12/site-packages/airflow/example_dags/example_branch_python_dop_operator_3.py
[2024-04-21T14:30:33.750+0000] {processor.py:830} INFO - Processing file /home/airflow/.local/lib/python3.12/site-packages/airflow/example_dags/example_branch_python_dop_operator_3.py for tasks to queue
[2024-04-21T14:30:33.752+0000] {logging_mixin.py:188} INFO - [2024-04-21T14:30:33.751+0000] {dagbag.py:540} INFO - Filling up the DagBag from /home/airflow/.local/lib/python3.12/site-packages/airflow/example_dags/example_branch_python_dop_operator_3.py
[2024-04-21T14:30:33.757+0000] {processor.py:840} INFO - DAG(s) 'example_branch_dop_operator_v3' retrieved from /home/airflow/.local/lib/python3.12/site-packages/airflow/example_dags/example_branch_python_dop_operator_3.py
[2024-04-21T14:30:33.821+0000] {logging_mixin.py:188} INFO - [2024-04-21T14:30:33.820+0000] {dag.py:3096} INFO - Sync 1 DAGs
[2024-04-21T14:30:33.834+0000] {logging_mixin.py:188} INFO - [2024-04-21T14:30:33.833+0000] {dag.py:3954} INFO - Setting next_dagrun for example_branch_dop_operator_v3 to 2024-04-21 14:29:00+00:00, run_after=2024-04-21 14:30:00+00:00
[2024-04-21T14:30:33.845+0000] {processor.py:183} INFO - Processing /home/airflow/.local/lib/python3.12/site-packages/airflow/example_dags/example_branch_python_dop_operator_3.py took 0.100 seconds
[2024-04-21T14:31:04.700+0000] {processor.py:161} INFO - Started process (PID=835) to work on /home/airflow/.local/lib/python3.12/site-packages/airflow/example_dags/example_branch_python_dop_operator_3.py
[2024-04-21T14:31:04.701+0000] {processor.py:830} INFO - Processing file /home/airflow/.local/lib/python3.12/site-packages/airflow/example_dags/example_branch_python_dop_operator_3.py for tasks to queue
[2024-04-21T14:31:04.702+0000] {logging_mixin.py:188} INFO - [2024-04-21T14:31:04.702+0000] {dagbag.py:540} INFO - Filling up the DagBag from /home/airflow/.local/lib/python3.12/site-packages/airflow/example_dags/example_branch_python_dop_operator_3.py
[2024-04-21T14:31:04.707+0000] {processor.py:840} INFO - DAG(s) 'example_branch_dop_operator_v3' retrieved from /home/airflow/.local/lib/python3.12/site-packages/airflow/example_dags/example_branch_python_dop_operator_3.py
[2024-04-21T14:31:04.722+0000] {logging_mixin.py:188} INFO - [2024-04-21T14:31:04.722+0000] {dag.py:3096} INFO - Sync 1 DAGs
[2024-04-21T14:31:04.736+0000] {logging_mixin.py:188} INFO - [2024-04-21T14:31:04.736+0000] {dag.py:3954} INFO - Setting next_dagrun for example_branch_dop_operator_v3 to 2024-04-21 14:30:00+00:00, run_after=2024-04-21 14:31:00+00:00
[2024-04-21T14:31:04.746+0000] {processor.py:183} INFO - Processing /home/airflow/.local/lib/python3.12/site-packages/airflow/example_dags/example_branch_python_dop_operator_3.py took 0.050 seconds
[2024-04-21T14:31:35.200+0000] {processor.py:161} INFO - Started process (PID=1097) to work on /home/airflow/.local/lib/python3.12/site-packages/airflow/example_dags/example_branch_python_dop_operator_3.py
[2024-04-21T14:31:35.200+0000] {processor.py:830} INFO - Processing file /home/airflow/.local/lib/python3.12/site-packages/airflow/example_dags/example_branch_python_dop_operator_3.py for tasks to queue
[2024-04-21T14:31:35.202+0000] {logging_mixin.py:188} INFO - [2024-04-21T14:31:35.201+0000] {dagbag.py:540} INFO - Filling up the DagBag from /home/airflow/.local/lib/python3.12/site-packages/airflow/example_dags/example_branch_python_dop_operator_3.py
[2024-04-21T14:31:35.207+0000] {processor.py:840} INFO - DAG(s) 'example_branch_dop_operator_v3' retrieved from /home/airflow/.local/lib/python3.12/site-packages/airflow/example_dags/example_branch_python_dop_operator_3.py
[2024-04-21T14:31:35.223+0000] {logging_mixin.py:188} INFO - [2024-04-21T14:31:35.223+0000] {dag.py:3096} INFO - Sync 1 DAGs
[2024-04-21T14:31:35.236+0000] {logging_mixin.py:188} INFO - [2024-04-21T14:31:35.236+0000] {dag.py:3954} INFO - Setting next_dagrun for example_branch_dop_operator_v3 to 2024-04-21 14:30:00+00:00, run_after=2024-04-21 14:31:00+00:00
[2024-04-21T14:31:35.247+0000] {processor.py:183} INFO - Processing /home/airflow/.local/lib/python3.12/site-packages/airflow/example_dags/example_branch_python_dop_operator_3.py took 0.051 seconds
[2024-04-21T14:32:05.945+0000] {processor.py:161} INFO - Started process (PID=1358) to work on /home/airflow/.local/lib/python3.12/site-packages/airflow/example_dags/example_branch_python_dop_operator_3.py
[2024-04-21T14:32:05.946+0000] {processor.py:830} INFO - Processing file /home/airflow/.local/lib/python3.12/site-packages/airflow/example_dags/example_branch_python_dop_operator_3.py for tasks to queue
[2024-04-21T14:32:05.947+0000] {logging_mixin.py:188} INFO - [2024-04-21T14:32:05.947+0000] {dagbag.py:540} INFO - Filling up the DagBag from /home/airflow/.local/lib/python3.12/site-packages/airflow/example_dags/example_branch_python_dop_operator_3.py
[2024-04-21T14:32:05.953+0000] {processor.py:840} INFO - DAG(s) 'example_branch_dop_operator_v3' retrieved from /home/airflow/.local/lib/python3.12/site-packages/airflow/example_dags/example_branch_python_dop_operator_3.py
[2024-04-21T14:32:05.971+0000] {logging_mixin.py:188} INFO - [2024-04-21T14:32:05.971+0000] {dag.py:3096} INFO - Sync 1 DAGs
[2024-04-21T14:32:05.985+0000] {logging_mixin.py:188} INFO - [2024-04-21T14:32:05.985+0000] {dag.py:3954} INFO - Setting next_dagrun for example_branch_dop_operator_v3 to 2024-04-21 14:31:00+00:00, run_after=2024-04-21 14:32:00+00:00
[2024-04-21T14:32:05.995+0000] {processor.py:183} INFO - Processing /home/airflow/.local/lib/python3.12/site-packages/airflow/example_dags/example_branch_python_dop_operator_3.py took 0.055 seconds
[2024-04-21T14:32:36.303+0000] {processor.py:161} INFO - Started process (PID=1622) to work on /home/airflow/.local/lib/python3.12/site-packages/airflow/example_dags/example_branch_python_dop_operator_3.py
[2024-04-21T14:32:36.304+0000] {processor.py:830} INFO - Processing file /home/airflow/.local/lib/python3.12/site-packages/airflow/example_dags/example_branch_python_dop_operator_3.py for tasks to queue
[2024-04-21T14:32:36.305+0000] {logging_mixin.py:188} INFO - [2024-04-21T14:32:36.305+0000] {dagbag.py:540} INFO - Filling up the DagBag from /home/airflow/.local/lib/python3.12/site-packages/airflow/example_dags/example_branch_python_dop_operator_3.py
[2024-04-21T14:32:36.311+0000] {processor.py:840} INFO - DAG(s) 'example_branch_dop_operator_v3' retrieved from /home/airflow/.local/lib/python3.12/site-packages/airflow/example_dags/example_branch_python_dop_operator_3.py
[2024-04-21T14:32:36.330+0000] {logging_mixin.py:188} INFO - [2024-04-21T14:32:36.330+0000] {dag.py:3096} INFO - Sync 1 DAGs
[2024-04-21T14:32:36.345+0000] {logging_mixin.py:188} INFO - [2024-04-21T14:32:36.345+0000] {dag.py:3954} INFO - Setting next_dagrun for example_branch_dop_operator_v3 to 2024-04-21 14:31:00+00:00, run_after=2024-04-21 14:32:00+00:00
[2024-04-21T14:32:36.356+0000] {processor.py:183} INFO - Processing /home/airflow/.local/lib/python3.12/site-packages/airflow/example_dags/example_branch_python_dop_operator_3.py took 0.058 seconds
[2024-04-21T14:33:06.767+0000] {processor.py:161} INFO - Started process (PID=1882) to work on /home/airflow/.local/lib/python3.12/site-packages/airflow/example_dags/example_branch_python_dop_operator_3.py
[2024-04-21T14:33:06.768+0000] {processor.py:830} INFO - Processing file /home/airflow/.local/lib/python3.12/site-packages/airflow/example_dags/example_branch_python_dop_operator_3.py for tasks to queue
[2024-04-21T14:33:06.770+0000] {logging_mixin.py:188} INFO - [2024-04-21T14:33:06.769+0000] {dagbag.py:540} INFO - Filling up the DagBag from /home/airflow/.local/lib/python3.12/site-packages/airflow/example_dags/example_branch_python_dop_operator_3.py
[2024-04-21T14:33:06.775+0000] {processor.py:840} INFO - DAG(s) 'example_branch_dop_operator_v3' retrieved from /home/airflow/.local/lib/python3.12/site-packages/airflow/example_dags/example_branch_python_dop_operator_3.py
[2024-04-21T14:33:06.791+0000] {logging_mixin.py:188} INFO - [2024-04-21T14:33:06.791+0000] {dag.py:3096} INFO - Sync 1 DAGs
[2024-04-21T14:33:06.805+0000] {logging_mixin.py:188} INFO - [2024-04-21T14:33:06.804+0000] {dag.py:3954} INFO - Setting next_dagrun for example_branch_dop_operator_v3 to 2024-04-21 14:32:00+00:00, run_after=2024-04-21 14:33:00+00:00
[2024-04-21T14:33:06.814+0000] {processor.py:183} INFO - Processing /home/airflow/.local/lib/python3.12/site-packages/airflow/example_dags/example_branch_python_dop_operator_3.py took 0.051 seconds
[2024-04-21T14:33:37.499+0000] {processor.py:161} INFO - Started process (PID=2147) to work on /home/airflow/.local/lib/python3.12/site-packages/airflow/example_dags/example_branch_python_dop_operator_3.py
[2024-04-21T14:33:37.500+0000] {processor.py:830} INFO - Processing file /home/airflow/.local/lib/python3.12/site-packages/airflow/example_dags/example_branch_python_dop_operator_3.py for tasks to queue
[2024-04-21T14:33:37.501+0000] {logging_mixin.py:188} INFO - [2024-04-21T14:33:37.501+0000] {dagbag.py:540} INFO - Filling up the DagBag from /home/airflow/.local/lib/python3.12/site-packages/airflow/example_dags/example_branch_python_dop_operator_3.py
[2024-04-21T14:33:37.507+0000] {processor.py:840} INFO - DAG(s) 'example_branch_dop_operator_v3' retrieved from /home/airflow/.local/lib/python3.12/site-packages/airflow/example_dags/example_branch_python_dop_operator_3.py
[2024-04-21T14:33:37.523+0000] {logging_mixin.py:188} INFO - [2024-04-21T14:33:37.523+0000] {dag.py:3096} INFO - Sync 1 DAGs
[2024-04-21T14:33:37.537+0000] {logging_mixin.py:188} INFO - [2024-04-21T14:33:37.537+0000] {dag.py:3954} INFO - Setting next_dagrun for example_branch_dop_operator_v3 to 2024-04-21 14:32:00+00:00, run_after=2024-04-21 14:33:00+00:00
[2024-04-21T14:33:37.547+0000] {processor.py:183} INFO - Processing /home/airflow/.local/lib/python3.12/site-packages/airflow/example_dags/example_branch_python_dop_operator_3.py took 0.052 seconds
[2024-04-21T14:34:08.128+0000] {processor.py:161} INFO - Started process (PID=2407) to work on /home/airflow/.local/lib/python3.12/site-packages/airflow/example_dags/example_branch_python_dop_operator_3.py
[2024-04-21T14:34:08.129+0000] {processor.py:830} INFO - Processing file /home/airflow/.local/lib/python3.12/site-packages/airflow/example_dags/example_branch_python_dop_operator_3.py for tasks to queue
[2024-04-21T14:34:08.130+0000] {logging_mixin.py:188} INFO - [2024-04-21T14:34:08.130+0000] {dagbag.py:540} INFO - Filling up the DagBag from /home/airflow/.local/lib/python3.12/site-packages/airflow/example_dags/example_branch_python_dop_operator_3.py
[2024-04-21T14:34:08.137+0000] {processor.py:840} INFO - DAG(s) 'example_branch_dop_operator_v3' retrieved from /home/airflow/.local/lib/python3.12/site-packages/airflow/example_dags/example_branch_python_dop_operator_3.py
[2024-04-21T14:34:08.156+0000] {logging_mixin.py:188} INFO - [2024-04-21T14:34:08.156+0000] {dag.py:3096} INFO - Sync 1 DAGs
[2024-04-21T14:34:08.174+0000] {logging_mixin.py:188} INFO - [2024-04-21T14:34:08.174+0000] {dag.py:3954} INFO - Setting next_dagrun for example_branch_dop_operator_v3 to 2024-04-21 14:33:00+00:00, run_after=2024-04-21 14:34:00+00:00
[2024-04-21T14:34:08.185+0000] {processor.py:183} INFO - Processing /home/airflow/.local/lib/python3.12/site-packages/airflow/example_dags/example_branch_python_dop_operator_3.py took 0.061 seconds
[2024-04-21T14:34:38.260+0000] {processor.py:161} INFO - Started process (PID=2669) to work on /home/airflow/.local/lib/python3.12/site-packages/airflow/example_dags/example_branch_python_dop_operator_3.py
[2024-04-21T14:34:38.261+0000] {processor.py:830} INFO - Processing file /home/airflow/.local/lib/python3.12/site-packages/airflow/example_dags/example_branch_python_dop_operator_3.py for tasks to queue
[2024-04-21T14:34:38.262+0000] {logging_mixin.py:188} INFO - [2024-04-21T14:34:38.262+0000] {dagbag.py:540} INFO - Filling up the DagBag from /home/airflow/.local/lib/python3.12/site-packages/airflow/example_dags/example_branch_python_dop_operator_3.py
[2024-04-21T14:34:38.267+0000] {processor.py:840} INFO - DAG(s) 'example_branch_dop_operator_v3' retrieved from /home/airflow/.local/lib/python3.12/site-packages/airflow/example_dags/example_branch_python_dop_operator_3.py
[2024-04-21T14:34:38.285+0000] {logging_mixin.py:188} INFO - [2024-04-21T14:34:38.285+0000] {dag.py:3096} INFO - Sync 1 DAGs
[2024-04-21T14:34:38.300+0000] {logging_mixin.py:188} INFO - [2024-04-21T14:34:38.300+0000] {dag.py:3954} INFO - Setting next_dagrun for example_branch_dop_operator_v3 to 2024-04-21 14:33:00+00:00, run_after=2024-04-21 14:34:00+00:00
[2024-04-21T14:34:38.311+0000] {processor.py:183} INFO - Processing /home/airflow/.local/lib/python3.12/site-packages/airflow/example_dags/example_branch_python_dop_operator_3.py took 0.055 seconds
[2024-04-21T14:36:10.848+0000] {processor.py:161} INFO - Started process (PID=2938) to work on /home/airflow/.local/lib/python3.12/site-packages/airflow/example_dags/example_branch_python_dop_operator_3.py
[2024-04-21T14:36:10.849+0000] {processor.py:830} INFO - Processing file /home/airflow/.local/lib/python3.12/site-packages/airflow/example_dags/example_branch_python_dop_operator_3.py for tasks to queue
[2024-04-21T14:36:10.850+0000] {logging_mixin.py:188} INFO - [2024-04-21T14:36:10.849+0000] {dagbag.py:540} INFO - Filling up the DagBag from /home/airflow/.local/lib/python3.12/site-packages/airflow/example_dags/example_branch_python_dop_operator_3.py
[2024-04-21T14:36:10.854+0000] {processor.py:840} INFO - DAG(s) 'example_branch_dop_operator_v3' retrieved from /home/airflow/.local/lib/python3.12/site-packages/airflow/example_dags/example_branch_python_dop_operator_3.py
[2024-04-21T14:36:10.866+0000] {logging_mixin.py:188} INFO - [2024-04-21T14:36:10.866+0000] {dag.py:3096} INFO - Sync 1 DAGs
[2024-04-21T14:36:10.877+0000] {logging_mixin.py:188} INFO - [2024-04-21T14:36:10.877+0000] {dag.py:3954} INFO - Setting next_dagrun for example_branch_dop_operator_v3 to 2024-04-21 14:35:00+00:00, run_after=2024-04-21 14:36:00+00:00
[2024-04-21T14:36:10.885+0000] {processor.py:183} INFO - Processing /home/airflow/.local/lib/python3.12/site-packages/airflow/example_dags/example_branch_python_dop_operator_3.py took 0.040 seconds
[2024-04-21T14:36:41.860+0000] {processor.py:161} INFO - Started process (PID=3205) to work on /home/airflow/.local/lib/python3.12/site-packages/airflow/example_dags/example_branch_python_dop_operator_3.py
[2024-04-21T14:36:41.860+0000] {processor.py:830} INFO - Processing file /home/airflow/.local/lib/python3.12/site-packages/airflow/example_dags/example_branch_python_dop_operator_3.py for tasks to queue
[2024-04-21T14:36:41.861+0000] {logging_mixin.py:188} INFO - [2024-04-21T14:36:41.861+0000] {dagbag.py:540} INFO - Filling up the DagBag from /home/airflow/.local/lib/python3.12/site-packages/airflow/example_dags/example_branch_python_dop_operator_3.py
[2024-04-21T14:36:41.865+0000] {processor.py:840} INFO - DAG(s) 'example_branch_dop_operator_v3' retrieved from /home/airflow/.local/lib/python3.12/site-packages/airflow/example_dags/example_branch_python_dop_operator_3.py
[2024-04-21T14:36:41.876+0000] {logging_mixin.py:188} INFO - [2024-04-21T14:36:41.876+0000] {dag.py:3096} INFO - Sync 1 DAGs
[2024-04-21T14:36:41.886+0000] {logging_mixin.py:188} INFO - [2024-04-21T14:36:41.886+0000] {dag.py:3954} INFO - Setting next_dagrun for example_branch_dop_operator_v3 to 2024-04-21 14:35:00+00:00, run_after=2024-04-21 14:36:00+00:00
[2024-04-21T14:36:41.893+0000] {processor.py:183} INFO - Processing /home/airflow/.local/lib/python3.12/site-packages/airflow/example_dags/example_branch_python_dop_operator_3.py took 0.036 seconds
[2024-04-21T14:37:12.141+0000] {processor.py:161} INFO - Started process (PID=3471) to work on /home/airflow/.local/lib/python3.12/site-packages/airflow/example_dags/example_branch_python_dop_operator_3.py
[2024-04-21T14:37:12.141+0000] {processor.py:830} INFO - Processing file /home/airflow/.local/lib/python3.12/site-packages/airflow/example_dags/example_branch_python_dop_operator_3.py for tasks to queue
[2024-04-21T14:37:12.142+0000] {logging_mixin.py:188} INFO - [2024-04-21T14:37:12.142+0000] {dagbag.py:540} INFO - Filling up the DagBag from /home/airflow/.local/lib/python3.12/site-packages/airflow/example_dags/example_branch_python_dop_operator_3.py
[2024-04-21T14:37:12.147+0000] {processor.py:840} INFO - DAG(s) 'example_branch_dop_operator_v3' retrieved from /home/airflow/.local/lib/python3.12/site-packages/airflow/example_dags/example_branch_python_dop_operator_3.py
[2024-04-21T14:37:12.159+0000] {logging_mixin.py:188} INFO - [2024-04-21T14:37:12.159+0000] {dag.py:3096} INFO - Sync 1 DAGs
[2024-04-21T14:37:12.170+0000] {logging_mixin.py:188} INFO - [2024-04-21T14:37:12.170+0000] {dag.py:3954} INFO - Setting next_dagrun for example_branch_dop_operator_v3 to 2024-04-21 14:36:00+00:00, run_after=2024-04-21 14:37:00+00:00
[2024-04-21T14:37:12.177+0000] {processor.py:183} INFO - Processing /home/airflow/.local/lib/python3.12/site-packages/airflow/example_dags/example_branch_python_dop_operator_3.py took 0.039 seconds
[2024-04-21T14:37:42.217+0000] {processor.py:161} INFO - Started process (PID=3739) to work on /home/airflow/.local/lib/python3.12/site-packages/airflow/example_dags/example_branch_python_dop_operator_3.py
[2024-04-21T14:37:42.218+0000] {processor.py:830} INFO - Processing file /home/airflow/.local/lib/python3.12/site-packages/airflow/example_dags/example_branch_python_dop_operator_3.py for tasks to queue
[2024-04-21T14:37:42.218+0000] {logging_mixin.py:188} INFO - [2024-04-21T14:37:42.218+0000] {dagbag.py:540} INFO - Filling up the DagBag from /home/airflow/.local/lib/python3.12/site-packages/airflow/example_dags/example_branch_python_dop_operator_3.py
[2024-04-21T14:37:42.222+0000] {processor.py:840} INFO - DAG(s) 'example_branch_dop_operator_v3' retrieved from /home/airflow/.local/lib/python3.12/site-packages/airflow/example_dags/example_branch_python_dop_operator_3.py
[2024-04-21T14:37:42.234+0000] {logging_mixin.py:188} INFO - [2024-04-21T14:37:42.234+0000] {dag.py:3096} INFO - Sync 1 DAGs
[2024-04-21T14:37:42.244+0000] {logging_mixin.py:188} INFO - [2024-04-21T14:37:42.244+0000] {dag.py:3954} INFO - Setting next_dagrun for example_branch_dop_operator_v3 to 2024-04-21 14:36:00+00:00, run_after=2024-04-21 14:37:00+00:00
[2024-04-21T14:37:42.251+0000] {processor.py:183} INFO - Processing /home/airflow/.local/lib/python3.12/site-packages/airflow/example_dags/example_branch_python_dop_operator_3.py took 0.037 seconds
[2024-04-21T14:53:47.909+0000] {processor.py:161} INFO - Started process (PID=4008) to work on /home/airflow/.local/lib/python3.12/site-packages/airflow/example_dags/example_branch_python_dop_operator_3.py
[2024-04-21T14:53:47.909+0000] {processor.py:830} INFO - Processing file /home/airflow/.local/lib/python3.12/site-packages/airflow/example_dags/example_branch_python_dop_operator_3.py for tasks to queue
[2024-04-21T14:53:47.910+0000] {logging_mixin.py:188} INFO - [2024-04-21T14:53:47.910+0000] {dagbag.py:540} INFO - Filling up the DagBag from /home/airflow/.local/lib/python3.12/site-packages/airflow/example_dags/example_branch_python_dop_operator_3.py
[2024-04-21T14:53:47.914+0000] {processor.py:840} INFO - DAG(s) 'example_branch_dop_operator_v3' retrieved from /home/airflow/.local/lib/python3.12/site-packages/airflow/example_dags/example_branch_python_dop_operator_3.py
[2024-04-21T14:53:47.926+0000] {logging_mixin.py:188} INFO - [2024-04-21T14:53:47.926+0000] {dag.py:3096} INFO - Sync 1 DAGs
[2024-04-21T14:53:47.937+0000] {logging_mixin.py:188} INFO - [2024-04-21T14:53:47.936+0000] {dag.py:3954} INFO - Setting next_dagrun for example_branch_dop_operator_v3 to 2024-04-21 14:52:00+00:00, run_after=2024-04-21 14:53:00+00:00
[2024-04-21T14:53:47.944+0000] {processor.py:183} INFO - Processing /home/airflow/.local/lib/python3.12/site-packages/airflow/example_dags/example_branch_python_dop_operator_3.py took 0.038 seconds
[2024-04-21T14:54:18.727+0000] {processor.py:161} INFO - Started process (PID=4275) to work on /home/airflow/.local/lib/python3.12/site-packages/airflow/example_dags/example_branch_python_dop_operator_3.py
[2024-04-21T14:54:18.728+0000] {processor.py:830} INFO - Processing file /home/airflow/.local/lib/python3.12/site-packages/airflow/example_dags/example_branch_python_dop_operator_3.py for tasks to queue
[2024-04-21T14:54:18.729+0000] {logging_mixin.py:188} INFO - [2024-04-21T14:54:18.729+0000] {dagbag.py:540} INFO - Filling up the DagBag from /home/airflow/.local/lib/python3.12/site-packages/airflow/example_dags/example_branch_python_dop_operator_3.py
[2024-04-21T14:54:18.733+0000] {processor.py:840} INFO - DAG(s) 'example_branch_dop_operator_v3' retrieved from /home/airflow/.local/lib/python3.12/site-packages/airflow/example_dags/example_branch_python_dop_operator_3.py
[2024-04-21T14:54:18.744+0000] {logging_mixin.py:188} INFO - [2024-04-21T14:54:18.743+0000] {dag.py:3096} INFO - Sync 1 DAGs
[2024-04-21T14:54:18.753+0000] {logging_mixin.py:188} INFO - [2024-04-21T14:54:18.753+0000] {dag.py:3954} INFO - Setting next_dagrun for example_branch_dop_operator_v3 to 2024-04-21 14:53:00+00:00, run_after=2024-04-21 14:54:00+00:00
[2024-04-21T14:54:18.760+0000] {processor.py:183} INFO - Processing /home/airflow/.local/lib/python3.12/site-packages/airflow/example_dags/example_branch_python_dop_operator_3.py took 0.036 seconds
[2024-04-21T14:54:48.794+0000] {processor.py:161} INFO - Started process (PID=4542) to work on /home/airflow/.local/lib/python3.12/site-packages/airflow/example_dags/example_branch_python_dop_operator_3.py
[2024-04-21T14:54:48.794+0000] {processor.py:830} INFO - Processing file /home/airflow/.local/lib/python3.12/site-packages/airflow/example_dags/example_branch_python_dop_operator_3.py for tasks to queue
[2024-04-21T14:54:48.795+0000] {logging_mixin.py:188} INFO - [2024-04-21T14:54:48.795+0000] {dagbag.py:540} INFO - Filling up the DagBag from /home/airflow/.local/lib/python3.12/site-packages/airflow/example_dags/example_branch_python_dop_operator_3.py
[2024-04-21T14:54:48.799+0000] {processor.py:840} INFO - DAG(s) 'example_branch_dop_operator_v3' retrieved from /home/airflow/.local/lib/python3.12/site-packages/airflow/example_dags/example_branch_python_dop_operator_3.py
[2024-04-21T14:54:48.811+0000] {logging_mixin.py:188} INFO - [2024-04-21T14:54:48.811+0000] {dag.py:3096} INFO - Sync 1 DAGs
[2024-04-21T14:54:48.820+0000] {logging_mixin.py:188} INFO - [2024-04-21T14:54:48.820+0000] {dag.py:3954} INFO - Setting next_dagrun for example_branch_dop_operator_v3 to 2024-04-21 14:53:00+00:00, run_after=2024-04-21 14:54:00+00:00
[2024-04-21T14:54:48.827+0000] {processor.py:183} INFO - Processing /home/airflow/.local/lib/python3.12/site-packages/airflow/example_dags/example_branch_python_dop_operator_3.py took 0.036 seconds
[2024-04-21T14:55:19.772+0000] {processor.py:161} INFO - Started process (PID=4809) to work on /home/airflow/.local/lib/python3.12/site-packages/airflow/example_dags/example_branch_python_dop_operator_3.py
[2024-04-21T14:55:19.772+0000] {processor.py:830} INFO - Processing file /home/airflow/.local/lib/python3.12/site-packages/airflow/example_dags/example_branch_python_dop_operator_3.py for tasks to queue
[2024-04-21T14:55:19.773+0000] {logging_mixin.py:188} INFO - [2024-04-21T14:55:19.773+0000] {dagbag.py:540} INFO - Filling up the DagBag from /home/airflow/.local/lib/python3.12/site-packages/airflow/example_dags/example_branch_python_dop_operator_3.py
[2024-04-21T14:55:19.777+0000] {processor.py:840} INFO - DAG(s) 'example_branch_dop_operator_v3' retrieved from /home/airflow/.local/lib/python3.12/site-packages/airflow/example_dags/example_branch_python_dop_operator_3.py
[2024-04-21T14:55:19.789+0000] {logging_mixin.py:188} INFO - [2024-04-21T14:55:19.789+0000] {dag.py:3096} INFO - Sync 1 DAGs
[2024-04-21T14:55:19.799+0000] {logging_mixin.py:188} INFO - [2024-04-21T14:55:19.799+0000] {dag.py:3954} INFO - Setting next_dagrun for example_branch_dop_operator_v3 to 2024-04-21 14:54:00+00:00, run_after=2024-04-21 14:55:00+00:00
[2024-04-21T14:55:19.807+0000] {processor.py:183} INFO - Processing /home/airflow/.local/lib/python3.12/site-packages/airflow/example_dags/example_branch_python_dop_operator_3.py took 0.038 seconds
[2024-04-21T14:55:50.618+0000] {processor.py:161} INFO - Started process (PID=5076) to work on /home/airflow/.local/lib/python3.12/site-packages/airflow/example_dags/example_branch_python_dop_operator_3.py
[2024-04-21T14:55:50.618+0000] {processor.py:830} INFO - Processing file /home/airflow/.local/lib/python3.12/site-packages/airflow/example_dags/example_branch_python_dop_operator_3.py for tasks to queue
[2024-04-21T14:55:50.619+0000] {logging_mixin.py:188} INFO - [2024-04-21T14:55:50.619+0000] {dagbag.py:540} INFO - Filling up the DagBag from /home/airflow/.local/lib/python3.12/site-packages/airflow/example_dags/example_branch_python_dop_operator_3.py
[2024-04-21T14:55:50.624+0000] {processor.py:840} INFO - DAG(s) 'example_branch_dop_operator_v3' retrieved from /home/airflow/.local/lib/python3.12/site-packages/airflow/example_dags/example_branch_python_dop_operator_3.py
[2024-04-21T14:55:50.636+0000] {logging_mixin.py:188} INFO - [2024-04-21T14:55:50.636+0000] {dag.py:3096} INFO - Sync 1 DAGs
[2024-04-21T14:55:50.647+0000] {logging_mixin.py:188} INFO - [2024-04-21T14:55:50.647+0000] {dag.py:3954} INFO - Setting next_dagrun for example_branch_dop_operator_v3 to 2024-04-21 14:54:00+00:00, run_after=2024-04-21 14:55:00+00:00
[2024-04-21T14:55:50.655+0000] {processor.py:183} INFO - Processing /home/airflow/.local/lib/python3.12/site-packages/airflow/example_dags/example_branch_python_dop_operator_3.py took 0.040 seconds
[2024-04-21T14:56:21.436+0000] {processor.py:161} INFO - Started process (PID=5343) to work on /home/airflow/.local/lib/python3.12/site-packages/airflow/example_dags/example_branch_python_dop_operator_3.py
[2024-04-21T14:56:21.437+0000] {processor.py:830} INFO - Processing file /home/airflow/.local/lib/python3.12/site-packages/airflow/example_dags/example_branch_python_dop_operator_3.py for tasks to queue
[2024-04-21T14:56:21.438+0000] {logging_mixin.py:188} INFO - [2024-04-21T14:56:21.438+0000] {dagbag.py:540} INFO - Filling up the DagBag from /home/airflow/.local/lib/python3.12/site-packages/airflow/example_dags/example_branch_python_dop_operator_3.py
[2024-04-21T14:56:21.442+0000] {processor.py:840} INFO - DAG(s) 'example_branch_dop_operator_v3' retrieved from /home/airflow/.local/lib/python3.12/site-packages/airflow/example_dags/example_branch_python_dop_operator_3.py
[2024-04-21T14:56:21.454+0000] {logging_mixin.py:188} INFO - [2024-04-21T14:56:21.454+0000] {dag.py:3096} INFO - Sync 1 DAGs
[2024-04-21T14:56:21.465+0000] {logging_mixin.py:188} INFO - [2024-04-21T14:56:21.465+0000] {dag.py:3954} INFO - Setting next_dagrun for example_branch_dop_operator_v3 to 2024-04-21 14:55:00+00:00, run_after=2024-04-21 14:56:00+00:00
[2024-04-21T14:56:21.473+0000] {processor.py:183} INFO - Processing /home/airflow/.local/lib/python3.12/site-packages/airflow/example_dags/example_branch_python_dop_operator_3.py took 0.040 seconds
[2024-04-21T14:56:52.433+0000] {processor.py:161} INFO - Started process (PID=5610) to work on /home/airflow/.local/lib/python3.12/site-packages/airflow/example_dags/example_branch_python_dop_operator_3.py
[2024-04-21T14:56:52.433+0000] {processor.py:830} INFO - Processing file /home/airflow/.local/lib/python3.12/site-packages/airflow/example_dags/example_branch_python_dop_operator_3.py for tasks to queue
[2024-04-21T14:56:52.435+0000] {logging_mixin.py:188} INFO - [2024-04-21T14:56:52.434+0000] {dagbag.py:540} INFO - Filling up the DagBag from /home/airflow/.local/lib/python3.12/site-packages/airflow/example_dags/example_branch_python_dop_operator_3.py
[2024-04-21T14:56:52.439+0000] {processor.py:840} INFO - DAG(s) 'example_branch_dop_operator_v3' retrieved from /home/airflow/.local/lib/python3.12/site-packages/airflow/example_dags/example_branch_python_dop_operator_3.py
[2024-04-21T14:56:52.452+0000] {logging_mixin.py:188} INFO - [2024-04-21T14:56:52.452+0000] {dag.py:3096} INFO - Sync 1 DAGs
[2024-04-21T14:56:52.465+0000] {logging_mixin.py:188} INFO - [2024-04-21T14:56:52.464+0000] {dag.py:3954} INFO - Setting next_dagrun for example_branch_dop_operator_v3 to 2024-04-21 14:55:00+00:00, run_after=2024-04-21 14:56:00+00:00
[2024-04-21T14:56:52.473+0000] {processor.py:183} INFO - Processing /home/airflow/.local/lib/python3.12/site-packages/airflow/example_dags/example_branch_python_dop_operator_3.py took 0.044 seconds
[2024-04-21T14:57:22.526+0000] {processor.py:161} INFO - Started process (PID=5877) to work on /home/airflow/.local/lib/python3.12/site-packages/airflow/example_dags/example_branch_python_dop_operator_3.py
[2024-04-21T14:57:22.527+0000] {processor.py:830} INFO - Processing file /home/airflow/.local/lib/python3.12/site-packages/airflow/example_dags/example_branch_python_dop_operator_3.py for tasks to queue
[2024-04-21T14:57:22.528+0000] {logging_mixin.py:188} INFO - [2024-04-21T14:57:22.528+0000] {dagbag.py:540} INFO - Filling up the DagBag from /home/airflow/.local/lib/python3.12/site-packages/airflow/example_dags/example_branch_python_dop_operator_3.py
[2024-04-21T14:57:22.532+0000] {processor.py:840} INFO - DAG(s) 'example_branch_dop_operator_v3' retrieved from /home/airflow/.local/lib/python3.12/site-packages/airflow/example_dags/example_branch_python_dop_operator_3.py
[2024-04-21T14:57:22.544+0000] {logging_mixin.py:188} INFO - [2024-04-21T14:57:22.543+0000] {dag.py:3096} INFO - Sync 1 DAGs
[2024-04-21T14:57:22.554+0000] {logging_mixin.py:188} INFO - [2024-04-21T14:57:22.554+0000] {dag.py:3954} INFO - Setting next_dagrun for example_branch_dop_operator_v3 to 2024-04-21 14:56:00+00:00, run_after=2024-04-21 14:57:00+00:00
[2024-04-21T14:57:22.562+0000] {processor.py:183} INFO - Processing /home/airflow/.local/lib/python3.12/site-packages/airflow/example_dags/example_branch_python_dop_operator_3.py took 0.039 seconds
[2024-04-21T14:57:52.686+0000] {processor.py:161} INFO - Started process (PID=6153) to work on /home/airflow/.local/lib/python3.12/site-packages/airflow/example_dags/example_branch_python_dop_operator_3.py
[2024-04-21T14:57:52.686+0000] {processor.py:830} INFO - Processing file /home/airflow/.local/lib/python3.12/site-packages/airflow/example_dags/example_branch_python_dop_operator_3.py for tasks to queue
[2024-04-21T14:57:52.687+0000] {logging_mixin.py:188} INFO - [2024-04-21T14:57:52.687+0000] {dagbag.py:540} INFO - Filling up the DagBag from /home/airflow/.local/lib/python3.12/site-packages/airflow/example_dags/example_branch_python_dop_operator_3.py
[2024-04-21T14:57:52.692+0000] {processor.py:840} INFO - DAG(s) 'example_branch_dop_operator_v3' retrieved from /home/airflow/.local/lib/python3.12/site-packages/airflow/example_dags/example_branch_python_dop_operator_3.py
[2024-04-21T14:57:52.706+0000] {logging_mixin.py:188} INFO - [2024-04-21T14:57:52.706+0000] {dag.py:3096} INFO - Sync 1 DAGs
[2024-04-21T14:57:52.719+0000] {logging_mixin.py:188} INFO - [2024-04-21T14:57:52.719+0000] {dag.py:3954} INFO - Setting next_dagrun for example_branch_dop_operator_v3 to 2024-04-21 14:56:00+00:00, run_after=2024-04-21 14:57:00+00:00
[2024-04-21T14:57:52.728+0000] {processor.py:183} INFO - Processing /home/airflow/.local/lib/python3.12/site-packages/airflow/example_dags/example_branch_python_dop_operator_3.py took 0.046 seconds
[2024-04-21T14:58:23.712+0000] {processor.py:161} INFO - Started process (PID=6419) to work on /home/airflow/.local/lib/python3.12/site-packages/airflow/example_dags/example_branch_python_dop_operator_3.py
[2024-04-21T14:58:23.713+0000] {processor.py:830} INFO - Processing file /home/airflow/.local/lib/python3.12/site-packages/airflow/example_dags/example_branch_python_dop_operator_3.py for tasks to queue
[2024-04-21T14:58:23.714+0000] {logging_mixin.py:188} INFO - [2024-04-21T14:58:23.714+0000] {dagbag.py:540} INFO - Filling up the DagBag from /home/airflow/.local/lib/python3.12/site-packages/airflow/example_dags/example_branch_python_dop_operator_3.py
[2024-04-21T14:58:23.719+0000] {processor.py:840} INFO - DAG(s) 'example_branch_dop_operator_v3' retrieved from /home/airflow/.local/lib/python3.12/site-packages/airflow/example_dags/example_branch_python_dop_operator_3.py
[2024-04-21T14:58:23.732+0000] {logging_mixin.py:188} INFO - [2024-04-21T14:58:23.732+0000] {dag.py:3096} INFO - Sync 1 DAGs
[2024-04-21T14:58:23.744+0000] {logging_mixin.py:188} INFO - [2024-04-21T14:58:23.744+0000] {dag.py:3954} INFO - Setting next_dagrun for example_branch_dop_operator_v3 to 2024-04-21 14:57:00+00:00, run_after=2024-04-21 14:58:00+00:00
[2024-04-21T14:58:23.752+0000] {processor.py:183} INFO - Processing /home/airflow/.local/lib/python3.12/site-packages/airflow/example_dags/example_branch_python_dop_operator_3.py took 0.044 seconds
[2024-04-21T14:58:54.295+0000] {processor.py:161} INFO - Started process (PID=6692) to work on /home/airflow/.local/lib/python3.12/site-packages/airflow/example_dags/example_branch_python_dop_operator_3.py
[2024-04-21T14:58:54.295+0000] {processor.py:830} INFO - Processing file /home/airflow/.local/lib/python3.12/site-packages/airflow/example_dags/example_branch_python_dop_operator_3.py for tasks to queue
[2024-04-21T14:58:54.296+0000] {logging_mixin.py:188} INFO - [2024-04-21T14:58:54.296+0000] {dagbag.py:540} INFO - Filling up the DagBag from /home/airflow/.local/lib/python3.12/site-packages/airflow/example_dags/example_branch_python_dop_operator_3.py
[2024-04-21T14:58:54.300+0000] {processor.py:840} INFO - DAG(s) 'example_branch_dop_operator_v3' retrieved from /home/airflow/.local/lib/python3.12/site-packages/airflow/example_dags/example_branch_python_dop_operator_3.py
[2024-04-21T14:58:54.312+0000] {logging_mixin.py:188} INFO - [2024-04-21T14:58:54.312+0000] {dag.py:3096} INFO - Sync 1 DAGs
[2024-04-21T14:58:54.323+0000] {logging_mixin.py:188} INFO - [2024-04-21T14:58:54.322+0000] {dag.py:3954} INFO - Setting next_dagrun for example_branch_dop_operator_v3 to 2024-04-21 14:57:00+00:00, run_after=2024-04-21 14:58:00+00:00
[2024-04-21T14:58:54.330+0000] {processor.py:183} INFO - Processing /home/airflow/.local/lib/python3.12/site-packages/airflow/example_dags/example_branch_python_dop_operator_3.py took 0.038 seconds
[2024-04-21T14:59:24.983+0000] {processor.py:161} INFO - Started process (PID=6963) to work on /home/airflow/.local/lib/python3.12/site-packages/airflow/example_dags/example_branch_python_dop_operator_3.py
[2024-04-21T14:59:24.984+0000] {processor.py:830} INFO - Processing file /home/airflow/.local/lib/python3.12/site-packages/airflow/example_dags/example_branch_python_dop_operator_3.py for tasks to queue
[2024-04-21T14:59:24.985+0000] {logging_mixin.py:188} INFO - [2024-04-21T14:59:24.984+0000] {dagbag.py:540} INFO - Filling up the DagBag from /home/airflow/.local/lib/python3.12/site-packages/airflow/example_dags/example_branch_python_dop_operator_3.py
[2024-04-21T14:59:24.989+0000] {processor.py:840} INFO - DAG(s) 'example_branch_dop_operator_v3' retrieved from /home/airflow/.local/lib/python3.12/site-packages/airflow/example_dags/example_branch_python_dop_operator_3.py
[2024-04-21T14:59:25.000+0000] {logging_mixin.py:188} INFO - [2024-04-21T14:59:25.000+0000] {dag.py:3096} INFO - Sync 1 DAGs
[2024-04-21T14:59:25.010+0000] {logging_mixin.py:188} INFO - [2024-04-21T14:59:25.010+0000] {dag.py:3954} INFO - Setting next_dagrun for example_branch_dop_operator_v3 to 2024-04-21 14:58:00+00:00, run_after=2024-04-21 14:59:00+00:00
[2024-04-21T14:59:25.018+0000] {processor.py:183} INFO - Processing /home/airflow/.local/lib/python3.12/site-packages/airflow/example_dags/example_branch_python_dop_operator_3.py took 0.038 seconds
[2024-04-21T14:59:55.782+0000] {processor.py:161} INFO - Started process (PID=7230) to work on /home/airflow/.local/lib/python3.12/site-packages/airflow/example_dags/example_branch_python_dop_operator_3.py
[2024-04-21T14:59:55.782+0000] {processor.py:830} INFO - Processing file /home/airflow/.local/lib/python3.12/site-packages/airflow/example_dags/example_branch_python_dop_operator_3.py for tasks to queue
[2024-04-21T14:59:55.783+0000] {logging_mixin.py:188} INFO - [2024-04-21T14:59:55.783+0000] {dagbag.py:540} INFO - Filling up the DagBag from /home/airflow/.local/lib/python3.12/site-packages/airflow/example_dags/example_branch_python_dop_operator_3.py
[2024-04-21T14:59:55.787+0000] {processor.py:840} INFO - DAG(s) 'example_branch_dop_operator_v3' retrieved from /home/airflow/.local/lib/python3.12/site-packages/airflow/example_dags/example_branch_python_dop_operator_3.py
[2024-04-21T14:59:55.799+0000] {logging_mixin.py:188} INFO - [2024-04-21T14:59:55.798+0000] {dag.py:3096} INFO - Sync 1 DAGs
[2024-04-21T14:59:55.809+0000] {logging_mixin.py:188} INFO - [2024-04-21T14:59:55.809+0000] {dag.py:3954} INFO - Setting next_dagrun for example_branch_dop_operator_v3 to 2024-04-21 14:58:00+00:00, run_after=2024-04-21 14:59:00+00:00
[2024-04-21T14:59:55.817+0000] {processor.py:183} INFO - Processing /home/airflow/.local/lib/python3.12/site-packages/airflow/example_dags/example_branch_python_dop_operator_3.py took 0.038 seconds
[2024-04-21T15:00:26.687+0000] {processor.py:161} INFO - Started process (PID=7524) to work on /home/airflow/.local/lib/python3.12/site-packages/airflow/example_dags/example_branch_python_dop_operator_3.py
[2024-04-21T15:00:26.687+0000] {processor.py:830} INFO - Processing file /home/airflow/.local/lib/python3.12/site-packages/airflow/example_dags/example_branch_python_dop_operator_3.py for tasks to queue
[2024-04-21T15:00:26.688+0000] {logging_mixin.py:188} INFO - [2024-04-21T15:00:26.688+0000] {dagbag.py:540} INFO - Filling up the DagBag from /home/airflow/.local/lib/python3.12/site-packages/airflow/example_dags/example_branch_python_dop_operator_3.py
[2024-04-21T15:00:26.692+0000] {processor.py:840} INFO - DAG(s) 'example_branch_dop_operator_v3' retrieved from /home/airflow/.local/lib/python3.12/site-packages/airflow/example_dags/example_branch_python_dop_operator_3.py
[2024-04-21T15:00:26.705+0000] {logging_mixin.py:188} INFO - [2024-04-21T15:00:26.705+0000] {dag.py:3096} INFO - Sync 1 DAGs
[2024-04-21T15:00:26.716+0000] {logging_mixin.py:188} INFO - [2024-04-21T15:00:26.715+0000] {dag.py:3954} INFO - Setting next_dagrun for example_branch_dop_operator_v3 to 2024-04-21 14:59:00+00:00, run_after=2024-04-21 15:00:00+00:00
[2024-04-21T15:00:26.723+0000] {processor.py:183} INFO - Processing /home/airflow/.local/lib/python3.12/site-packages/airflow/example_dags/example_branch_python_dop_operator_3.py took 0.039 seconds
[2024-04-21T15:00:57.745+0000] {processor.py:161} INFO - Started process (PID=7789) to work on /home/airflow/.local/lib/python3.12/site-packages/airflow/example_dags/example_branch_python_dop_operator_3.py
[2024-04-21T15:00:57.745+0000] {processor.py:830} INFO - Processing file /home/airflow/.local/lib/python3.12/site-packages/airflow/example_dags/example_branch_python_dop_operator_3.py for tasks to queue
[2024-04-21T15:00:57.746+0000] {logging_mixin.py:188} INFO - [2024-04-21T15:00:57.746+0000] {dagbag.py:540} INFO - Filling up the DagBag from /home/airflow/.local/lib/python3.12/site-packages/airflow/example_dags/example_branch_python_dop_operator_3.py
[2024-04-21T15:00:57.751+0000] {processor.py:840} INFO - DAG(s) 'example_branch_dop_operator_v3' retrieved from /home/airflow/.local/lib/python3.12/site-packages/airflow/example_dags/example_branch_python_dop_operator_3.py
[2024-04-21T15:00:57.763+0000] {logging_mixin.py:188} INFO - [2024-04-21T15:00:57.763+0000] {dag.py:3096} INFO - Sync 1 DAGs
[2024-04-21T15:00:57.774+0000] {logging_mixin.py:188} INFO - [2024-04-21T15:00:57.774+0000] {dag.py:3954} INFO - Setting next_dagrun for example_branch_dop_operator_v3 to 2024-04-21 14:59:00+00:00, run_after=2024-04-21 15:00:00+00:00
[2024-04-21T15:00:57.782+0000] {processor.py:183} INFO - Processing /home/airflow/.local/lib/python3.12/site-packages/airflow/example_dags/example_branch_python_dop_operator_3.py took 0.040 seconds
[2024-04-21T15:01:27.899+0000] {processor.py:161} INFO - Started process (PID=8056) to work on /home/airflow/.local/lib/python3.12/site-packages/airflow/example_dags/example_branch_python_dop_operator_3.py
[2024-04-21T15:01:27.899+0000] {processor.py:830} INFO - Processing file /home/airflow/.local/lib/python3.12/site-packages/airflow/example_dags/example_branch_python_dop_operator_3.py for tasks to queue
[2024-04-21T15:01:27.900+0000] {logging_mixin.py:188} INFO - [2024-04-21T15:01:27.900+0000] {dagbag.py:540} INFO - Filling up the DagBag from /home/airflow/.local/lib/python3.12/site-packages/airflow/example_dags/example_branch_python_dop_operator_3.py
[2024-04-21T15:01:27.904+0000] {processor.py:840} INFO - DAG(s) 'example_branch_dop_operator_v3' retrieved from /home/airflow/.local/lib/python3.12/site-packages/airflow/example_dags/example_branch_python_dop_operator_3.py
[2024-04-21T15:01:27.916+0000] {logging_mixin.py:188} INFO - [2024-04-21T15:01:27.916+0000] {dag.py:3096} INFO - Sync 1 DAGs
[2024-04-21T15:01:27.926+0000] {logging_mixin.py:188} INFO - [2024-04-21T15:01:27.926+0000] {dag.py:3954} INFO - Setting next_dagrun for example_branch_dop_operator_v3 to 2024-04-21 15:00:00+00:00, run_after=2024-04-21 15:01:00+00:00
[2024-04-21T15:01:27.934+0000] {processor.py:183} INFO - Processing /home/airflow/.local/lib/python3.12/site-packages/airflow/example_dags/example_branch_python_dop_operator_3.py took 0.038 seconds
[2024-04-21T15:01:58.051+0000] {processor.py:161} INFO - Started process (PID=8338) to work on /home/airflow/.local/lib/python3.12/site-packages/airflow/example_dags/example_branch_python_dop_operator_3.py
[2024-04-21T15:01:58.052+0000] {processor.py:830} INFO - Processing file /home/airflow/.local/lib/python3.12/site-packages/airflow/example_dags/example_branch_python_dop_operator_3.py for tasks to queue
[2024-04-21T15:01:58.053+0000] {logging_mixin.py:188} INFO - [2024-04-21T15:01:58.052+0000] {dagbag.py:540} INFO - Filling up the DagBag from /home/airflow/.local/lib/python3.12/site-packages/airflow/example_dags/example_branch_python_dop_operator_3.py
[2024-04-21T15:01:58.057+0000] {processor.py:840} INFO - DAG(s) 'example_branch_dop_operator_v3' retrieved from /home/airflow/.local/lib/python3.12/site-packages/airflow/example_dags/example_branch_python_dop_operator_3.py
[2024-04-21T15:01:58.069+0000] {logging_mixin.py:188} INFO - [2024-04-21T15:01:58.069+0000] {dag.py:3096} INFO - Sync 1 DAGs
[2024-04-21T15:01:58.080+0000] {logging_mixin.py:188} INFO - [2024-04-21T15:01:58.079+0000] {dag.py:3954} INFO - Setting next_dagrun for example_branch_dop_operator_v3 to 2024-04-21 15:00:00+00:00, run_after=2024-04-21 15:01:00+00:00
[2024-04-21T15:01:58.087+0000] {processor.py:183} INFO - Processing /home/airflow/.local/lib/python3.12/site-packages/airflow/example_dags/example_branch_python_dop_operator_3.py took 0.039 seconds
[2024-04-21T15:02:28.905+0000] {processor.py:161} INFO - Started process (PID=8612) to work on /home/airflow/.local/lib/python3.12/site-packages/airflow/example_dags/example_branch_python_dop_operator_3.py
[2024-04-21T15:02:28.906+0000] {processor.py:830} INFO - Processing file /home/airflow/.local/lib/python3.12/site-packages/airflow/example_dags/example_branch_python_dop_operator_3.py for tasks to queue
[2024-04-21T15:02:28.907+0000] {logging_mixin.py:188} INFO - [2024-04-21T15:02:28.907+0000] {dagbag.py:540} INFO - Filling up the DagBag from /home/airflow/.local/lib/python3.12/site-packages/airflow/example_dags/example_branch_python_dop_operator_3.py
[2024-04-21T15:02:28.911+0000] {processor.py:840} INFO - DAG(s) 'example_branch_dop_operator_v3' retrieved from /home/airflow/.local/lib/python3.12/site-packages/airflow/example_dags/example_branch_python_dop_operator_3.py
[2024-04-21T15:02:28.923+0000] {logging_mixin.py:188} INFO - [2024-04-21T15:02:28.923+0000] {dag.py:3096} INFO - Sync 1 DAGs
[2024-04-21T15:02:28.933+0000] {logging_mixin.py:188} INFO - [2024-04-21T15:02:28.933+0000] {dag.py:3954} INFO - Setting next_dagrun for example_branch_dop_operator_v3 to 2024-04-21 15:01:00+00:00, run_after=2024-04-21 15:02:00+00:00
[2024-04-21T15:02:28.941+0000] {processor.py:183} INFO - Processing /home/airflow/.local/lib/python3.12/site-packages/airflow/example_dags/example_branch_python_dop_operator_3.py took 0.039 seconds
[2024-04-21T15:02:59.780+0000] {processor.py:161} INFO - Started process (PID=8888) to work on /home/airflow/.local/lib/python3.12/site-packages/airflow/example_dags/example_branch_python_dop_operator_3.py
[2024-04-21T15:02:59.781+0000] {processor.py:830} INFO - Processing file /home/airflow/.local/lib/python3.12/site-packages/airflow/example_dags/example_branch_python_dop_operator_3.py for tasks to queue
[2024-04-21T15:02:59.782+0000] {logging_mixin.py:188} INFO - [2024-04-21T15:02:59.782+0000] {dagbag.py:540} INFO - Filling up the DagBag from /home/airflow/.local/lib/python3.12/site-packages/airflow/example_dags/example_branch_python_dop_operator_3.py
[2024-04-21T15:02:59.786+0000] {processor.py:840} INFO - DAG(s) 'example_branch_dop_operator_v3' retrieved from /home/airflow/.local/lib/python3.12/site-packages/airflow/example_dags/example_branch_python_dop_operator_3.py
[2024-04-21T15:02:59.797+0000] {logging_mixin.py:188} INFO - [2024-04-21T15:02:59.797+0000] {dag.py:3096} INFO - Sync 1 DAGs
[2024-04-21T15:02:59.808+0000] {logging_mixin.py:188} INFO - [2024-04-21T15:02:59.808+0000] {dag.py:3954} INFO - Setting next_dagrun for example_branch_dop_operator_v3 to 2024-04-21 15:01:00+00:00, run_after=2024-04-21 15:02:00+00:00
[2024-04-21T15:02:59.816+0000] {processor.py:183} INFO - Processing /home/airflow/.local/lib/python3.12/site-packages/airflow/example_dags/example_branch_python_dop_operator_3.py took 0.039 seconds
[2024-04-21T15:03:30.677+0000] {processor.py:161} INFO - Started process (PID=9155) to work on /home/airflow/.local/lib/python3.12/site-packages/airflow/example_dags/example_branch_python_dop_operator_3.py
[2024-04-21T15:03:30.678+0000] {processor.py:830} INFO - Processing file /home/airflow/.local/lib/python3.12/site-packages/airflow/example_dags/example_branch_python_dop_operator_3.py for tasks to queue
[2024-04-21T15:03:30.679+0000] {logging_mixin.py:188} INFO - [2024-04-21T15:03:30.679+0000] {dagbag.py:540} INFO - Filling up the DagBag from /home/airflow/.local/lib/python3.12/site-packages/airflow/example_dags/example_branch_python_dop_operator_3.py
[2024-04-21T15:03:30.683+0000] {processor.py:840} INFO - DAG(s) 'example_branch_dop_operator_v3' retrieved from /home/airflow/.local/lib/python3.12/site-packages/airflow/example_dags/example_branch_python_dop_operator_3.py
[2024-04-21T15:03:30.695+0000] {logging_mixin.py:188} INFO - [2024-04-21T15:03:30.695+0000] {dag.py:3096} INFO - Sync 1 DAGs
[2024-04-21T15:03:30.705+0000] {logging_mixin.py:188} INFO - [2024-04-21T15:03:30.705+0000] {dag.py:3954} INFO - Setting next_dagrun for example_branch_dop_operator_v3 to 2024-04-21 15:02:00+00:00, run_after=2024-04-21 15:03:00+00:00
[2024-04-21T15:03:30.712+0000] {processor.py:183} INFO - Processing /home/airflow/.local/lib/python3.12/site-packages/airflow/example_dags/example_branch_python_dop_operator_3.py took 0.038 seconds
[2024-04-21T15:04:01.615+0000] {processor.py:161} INFO - Started process (PID=9422) to work on /home/airflow/.local/lib/python3.12/site-packages/airflow/example_dags/example_branch_python_dop_operator_3.py
[2024-04-21T15:04:01.615+0000] {processor.py:830} INFO - Processing file /home/airflow/.local/lib/python3.12/site-packages/airflow/example_dags/example_branch_python_dop_operator_3.py for tasks to queue
[2024-04-21T15:04:01.616+0000] {logging_mixin.py:188} INFO - [2024-04-21T15:04:01.616+0000] {dagbag.py:540} INFO - Filling up the DagBag from /home/airflow/.local/lib/python3.12/site-packages/airflow/example_dags/example_branch_python_dop_operator_3.py
[2024-04-21T15:04:01.620+0000] {processor.py:840} INFO - DAG(s) 'example_branch_dop_operator_v3' retrieved from /home/airflow/.local/lib/python3.12/site-packages/airflow/example_dags/example_branch_python_dop_operator_3.py
[2024-04-21T15:04:01.632+0000] {logging_mixin.py:188} INFO - [2024-04-21T15:04:01.632+0000] {dag.py:3096} INFO - Sync 1 DAGs
[2024-04-21T15:04:01.643+0000] {logging_mixin.py:188} INFO - [2024-04-21T15:04:01.643+0000] {dag.py:3954} INFO - Setting next_dagrun for example_branch_dop_operator_v3 to 2024-04-21 15:03:00+00:00, run_after=2024-04-21 15:04:00+00:00
[2024-04-21T15:04:01.650+0000] {processor.py:183} INFO - Processing /home/airflow/.local/lib/python3.12/site-packages/airflow/example_dags/example_branch_python_dop_operator_3.py took 0.039 seconds
[2024-04-21T15:04:32.448+0000] {processor.py:161} INFO - Started process (PID=9689) to work on /home/airflow/.local/lib/python3.12/site-packages/airflow/example_dags/example_branch_python_dop_operator_3.py
[2024-04-21T15:04:32.449+0000] {processor.py:830} INFO - Processing file /home/airflow/.local/lib/python3.12/site-packages/airflow/example_dags/example_branch_python_dop_operator_3.py for tasks to queue
[2024-04-21T15:04:32.450+0000] {logging_mixin.py:188} INFO - [2024-04-21T15:04:32.450+0000] {dagbag.py:540} INFO - Filling up the DagBag from /home/airflow/.local/lib/python3.12/site-packages/airflow/example_dags/example_branch_python_dop_operator_3.py
[2024-04-21T15:04:32.454+0000] {processor.py:840} INFO - DAG(s) 'example_branch_dop_operator_v3' retrieved from /home/airflow/.local/lib/python3.12/site-packages/airflow/example_dags/example_branch_python_dop_operator_3.py
[2024-04-21T15:04:32.471+0000] {logging_mixin.py:188} INFO - [2024-04-21T15:04:32.471+0000] {dag.py:3096} INFO - Sync 1 DAGs
[2024-04-21T15:04:32.482+0000] {logging_mixin.py:188} INFO - [2024-04-21T15:04:32.482+0000] {dag.py:3954} INFO - Setting next_dagrun for example_branch_dop_operator_v3 to 2024-04-21 15:03:00+00:00, run_after=2024-04-21 15:04:00+00:00
[2024-04-21T15:04:32.490+0000] {processor.py:183} INFO - Processing /home/airflow/.local/lib/python3.12/site-packages/airflow/example_dags/example_branch_python_dop_operator_3.py took 0.046 seconds
[2024-04-21T15:05:03.306+0000] {processor.py:161} INFO - Started process (PID=9955) to work on /home/airflow/.local/lib/python3.12/site-packages/airflow/example_dags/example_branch_python_dop_operator_3.py
[2024-04-21T15:05:03.307+0000] {processor.py:830} INFO - Processing file /home/airflow/.local/lib/python3.12/site-packages/airflow/example_dags/example_branch_python_dop_operator_3.py for tasks to queue
[2024-04-21T15:05:03.308+0000] {logging_mixin.py:188} INFO - [2024-04-21T15:05:03.307+0000] {dagbag.py:540} INFO - Filling up the DagBag from /home/airflow/.local/lib/python3.12/site-packages/airflow/example_dags/example_branch_python_dop_operator_3.py
[2024-04-21T15:05:03.312+0000] {processor.py:840} INFO - DAG(s) 'example_branch_dop_operator_v3' retrieved from /home/airflow/.local/lib/python3.12/site-packages/airflow/example_dags/example_branch_python_dop_operator_3.py
[2024-04-21T15:05:03.326+0000] {logging_mixin.py:188} INFO - [2024-04-21T15:05:03.325+0000] {dag.py:3096} INFO - Sync 1 DAGs
[2024-04-21T15:05:03.341+0000] {logging_mixin.py:188} INFO - [2024-04-21T15:05:03.341+0000] {dag.py:3954} INFO - Setting next_dagrun for example_branch_dop_operator_v3 to 2024-04-21 15:04:00+00:00, run_after=2024-04-21 15:05:00+00:00
[2024-04-21T15:05:03.350+0000] {processor.py:183} INFO - Processing /home/airflow/.local/lib/python3.12/site-packages/airflow/example_dags/example_branch_python_dop_operator_3.py took 0.048 seconds
[2024-04-21T15:05:34.174+0000] {processor.py:161} INFO - Started process (PID=10222) to work on /home/airflow/.local/lib/python3.12/site-packages/airflow/example_dags/example_branch_python_dop_operator_3.py
[2024-04-21T15:05:34.174+0000] {processor.py:830} INFO - Processing file /home/airflow/.local/lib/python3.12/site-packages/airflow/example_dags/example_branch_python_dop_operator_3.py for tasks to queue
[2024-04-21T15:05:34.175+0000] {logging_mixin.py:188} INFO - [2024-04-21T15:05:34.175+0000] {dagbag.py:540} INFO - Filling up the DagBag from /home/airflow/.local/lib/python3.12/site-packages/airflow/example_dags/example_branch_python_dop_operator_3.py
[2024-04-21T15:05:34.179+0000] {processor.py:840} INFO - DAG(s) 'example_branch_dop_operator_v3' retrieved from /home/airflow/.local/lib/python3.12/site-packages/airflow/example_dags/example_branch_python_dop_operator_3.py
[2024-04-21T15:05:34.191+0000] {logging_mixin.py:188} INFO - [2024-04-21T15:05:34.191+0000] {dag.py:3096} INFO - Sync 1 DAGs
[2024-04-21T15:05:34.201+0000] {logging_mixin.py:188} INFO - [2024-04-21T15:05:34.201+0000] {dag.py:3954} INFO - Setting next_dagrun for example_branch_dop_operator_v3 to 2024-04-21 15:04:00+00:00, run_after=2024-04-21 15:05:00+00:00
[2024-04-21T15:05:34.209+0000] {processor.py:183} INFO - Processing /home/airflow/.local/lib/python3.12/site-packages/airflow/example_dags/example_branch_python_dop_operator_3.py took 0.038 seconds
[2024-04-21T15:06:05.013+0000] {processor.py:161} INFO - Started process (PID=10489) to work on /home/airflow/.local/lib/python3.12/site-packages/airflow/example_dags/example_branch_python_dop_operator_3.py
[2024-04-21T15:06:05.014+0000] {processor.py:830} INFO - Processing file /home/airflow/.local/lib/python3.12/site-packages/airflow/example_dags/example_branch_python_dop_operator_3.py for tasks to queue
[2024-04-21T15:06:05.014+0000] {logging_mixin.py:188} INFO - [2024-04-21T15:06:05.014+0000] {dagbag.py:540} INFO - Filling up the DagBag from /home/airflow/.local/lib/python3.12/site-packages/airflow/example_dags/example_branch_python_dop_operator_3.py
[2024-04-21T15:06:05.018+0000] {processor.py:840} INFO - DAG(s) 'example_branch_dop_operator_v3' retrieved from /home/airflow/.local/lib/python3.12/site-packages/airflow/example_dags/example_branch_python_dop_operator_3.py
[2024-04-21T15:06:05.030+0000] {logging_mixin.py:188} INFO - [2024-04-21T15:06:05.030+0000] {dag.py:3096} INFO - Sync 1 DAGs
[2024-04-21T15:06:05.040+0000] {logging_mixin.py:188} INFO - [2024-04-21T15:06:05.040+0000] {dag.py:3954} INFO - Setting next_dagrun for example_branch_dop_operator_v3 to 2024-04-21 15:05:00+00:00, run_after=2024-04-21 15:06:00+00:00
[2024-04-21T15:06:05.047+0000] {processor.py:183} INFO - Processing /home/airflow/.local/lib/python3.12/site-packages/airflow/example_dags/example_branch_python_dop_operator_3.py took 0.037 seconds
[2024-04-21T15:06:35.910+0000] {processor.py:161} INFO - Started process (PID=10756) to work on /home/airflow/.local/lib/python3.12/site-packages/airflow/example_dags/example_branch_python_dop_operator_3.py
[2024-04-21T15:06:35.911+0000] {processor.py:830} INFO - Processing file /home/airflow/.local/lib/python3.12/site-packages/airflow/example_dags/example_branch_python_dop_operator_3.py for tasks to queue
[2024-04-21T15:06:35.912+0000] {logging_mixin.py:188} INFO - [2024-04-21T15:06:35.912+0000] {dagbag.py:540} INFO - Filling up the DagBag from /home/airflow/.local/lib/python3.12/site-packages/airflow/example_dags/example_branch_python_dop_operator_3.py
[2024-04-21T15:06:35.916+0000] {processor.py:840} INFO - DAG(s) 'example_branch_dop_operator_v3' retrieved from /home/airflow/.local/lib/python3.12/site-packages/airflow/example_dags/example_branch_python_dop_operator_3.py
[2024-04-21T15:06:35.929+0000] {logging_mixin.py:188} INFO - [2024-04-21T15:06:35.928+0000] {dag.py:3096} INFO - Sync 1 DAGs
[2024-04-21T15:06:35.939+0000] {logging_mixin.py:188} INFO - [2024-04-21T15:06:35.939+0000] {dag.py:3954} INFO - Setting next_dagrun for example_branch_dop_operator_v3 to 2024-04-21 15:05:00+00:00, run_after=2024-04-21 15:06:00+00:00
[2024-04-21T15:06:35.946+0000] {processor.py:183} INFO - Processing /home/airflow/.local/lib/python3.12/site-packages/airflow/example_dags/example_branch_python_dop_operator_3.py took 0.039 seconds
[2024-04-21T15:07:06.084+0000] {processor.py:161} INFO - Started process (PID=11023) to work on /home/airflow/.local/lib/python3.12/site-packages/airflow/example_dags/example_branch_python_dop_operator_3.py
[2024-04-21T15:07:06.084+0000] {processor.py:830} INFO - Processing file /home/airflow/.local/lib/python3.12/site-packages/airflow/example_dags/example_branch_python_dop_operator_3.py for tasks to queue
[2024-04-21T15:07:06.085+0000] {logging_mixin.py:188} INFO - [2024-04-21T15:07:06.085+0000] {dagbag.py:540} INFO - Filling up the DagBag from /home/airflow/.local/lib/python3.12/site-packages/airflow/example_dags/example_branch_python_dop_operator_3.py
[2024-04-21T15:07:06.089+0000] {processor.py:840} INFO - DAG(s) 'example_branch_dop_operator_v3' retrieved from /home/airflow/.local/lib/python3.12/site-packages/airflow/example_dags/example_branch_python_dop_operator_3.py
[2024-04-21T15:07:06.101+0000] {logging_mixin.py:188} INFO - [2024-04-21T15:07:06.101+0000] {dag.py:3096} INFO - Sync 1 DAGs
[2024-04-21T15:07:06.112+0000] {logging_mixin.py:188} INFO - [2024-04-21T15:07:06.112+0000] {dag.py:3954} INFO - Setting next_dagrun for example_branch_dop_operator_v3 to 2024-04-21 15:06:00+00:00, run_after=2024-04-21 15:07:00+00:00
[2024-04-21T15:07:06.119+0000] {processor.py:183} INFO - Processing /home/airflow/.local/lib/python3.12/site-packages/airflow/example_dags/example_branch_python_dop_operator_3.py took 0.039 seconds
[2024-04-21T15:07:36.366+0000] {processor.py:161} INFO - Started process (PID=11309) to work on /home/airflow/.local/lib/python3.12/site-packages/airflow/example_dags/example_branch_python_dop_operator_3.py
[2024-04-21T15:07:36.368+0000] {processor.py:830} INFO - Processing file /home/airflow/.local/lib/python3.12/site-packages/airflow/example_dags/example_branch_python_dop_operator_3.py for tasks to queue
[2024-04-21T15:07:36.369+0000] {logging_mixin.py:188} INFO - [2024-04-21T15:07:36.369+0000] {dagbag.py:540} INFO - Filling up the DagBag from /home/airflow/.local/lib/python3.12/site-packages/airflow/example_dags/example_branch_python_dop_operator_3.py
[2024-04-21T15:07:36.374+0000] {processor.py:840} INFO - DAG(s) 'example_branch_dop_operator_v3' retrieved from /home/airflow/.local/lib/python3.12/site-packages/airflow/example_dags/example_branch_python_dop_operator_3.py
[2024-04-21T15:07:36.385+0000] {logging_mixin.py:188} INFO - [2024-04-21T15:07:36.385+0000] {dag.py:3096} INFO - Sync 1 DAGs
[2024-04-21T15:07:36.396+0000] {logging_mixin.py:188} INFO - [2024-04-21T15:07:36.396+0000] {dag.py:3954} INFO - Setting next_dagrun for example_branch_dop_operator_v3 to 2024-04-21 15:06:00+00:00, run_after=2024-04-21 15:07:00+00:00
[2024-04-21T15:07:36.403+0000] {processor.py:183} INFO - Processing /home/airflow/.local/lib/python3.12/site-packages/airflow/example_dags/example_branch_python_dop_operator_3.py took 0.041 seconds
[2024-04-21T15:08:06.459+0000] {processor.py:161} INFO - Started process (PID=11590) to work on /home/airflow/.local/lib/python3.12/site-packages/airflow/example_dags/example_branch_python_dop_operator_3.py
[2024-04-21T15:08:06.460+0000] {processor.py:830} INFO - Processing file /home/airflow/.local/lib/python3.12/site-packages/airflow/example_dags/example_branch_python_dop_operator_3.py for tasks to queue
[2024-04-21T15:08:06.461+0000] {logging_mixin.py:188} INFO - [2024-04-21T15:08:06.460+0000] {dagbag.py:540} INFO - Filling up the DagBag from /home/airflow/.local/lib/python3.12/site-packages/airflow/example_dags/example_branch_python_dop_operator_3.py
[2024-04-21T15:08:06.464+0000] {processor.py:840} INFO - DAG(s) 'example_branch_dop_operator_v3' retrieved from /home/airflow/.local/lib/python3.12/site-packages/airflow/example_dags/example_branch_python_dop_operator_3.py
[2024-04-21T15:08:06.477+0000] {logging_mixin.py:188} INFO - [2024-04-21T15:08:06.477+0000] {dag.py:3096} INFO - Sync 1 DAGs
[2024-04-21T15:08:06.488+0000] {logging_mixin.py:188} INFO - [2024-04-21T15:08:06.488+0000] {dag.py:3954} INFO - Setting next_dagrun for example_branch_dop_operator_v3 to 2024-04-21 15:07:00+00:00, run_after=2024-04-21 15:08:00+00:00
[2024-04-21T15:08:06.495+0000] {processor.py:183} INFO - Processing /home/airflow/.local/lib/python3.12/site-packages/airflow/example_dags/example_branch_python_dop_operator_3.py took 0.039 seconds
[2024-04-21T15:08:37.459+0000] {processor.py:161} INFO - Started process (PID=11871) to work on /home/airflow/.local/lib/python3.12/site-packages/airflow/example_dags/example_branch_python_dop_operator_3.py
[2024-04-21T15:08:37.459+0000] {processor.py:830} INFO - Processing file /home/airflow/.local/lib/python3.12/site-packages/airflow/example_dags/example_branch_python_dop_operator_3.py for tasks to queue
[2024-04-21T15:08:37.460+0000] {logging_mixin.py:188} INFO - [2024-04-21T15:08:37.460+0000] {dagbag.py:540} INFO - Filling up the DagBag from /home/airflow/.local/lib/python3.12/site-packages/airflow/example_dags/example_branch_python_dop_operator_3.py
[2024-04-21T15:08:37.465+0000] {processor.py:840} INFO - DAG(s) 'example_branch_dop_operator_v3' retrieved from /home/airflow/.local/lib/python3.12/site-packages/airflow/example_dags/example_branch_python_dop_operator_3.py
[2024-04-21T15:08:37.476+0000] {logging_mixin.py:188} INFO - [2024-04-21T15:08:37.476+0000] {dag.py:3096} INFO - Sync 1 DAGs
[2024-04-21T15:08:37.487+0000] {logging_mixin.py:188} INFO - [2024-04-21T15:08:37.487+0000] {dag.py:3954} INFO - Setting next_dagrun for example_branch_dop_operator_v3 to 2024-04-21 15:07:00+00:00, run_after=2024-04-21 15:08:00+00:00
[2024-04-21T15:08:37.494+0000] {processor.py:183} INFO - Processing /home/airflow/.local/lib/python3.12/site-packages/airflow/example_dags/example_branch_python_dop_operator_3.py took 0.039 seconds
[2024-04-21T15:09:08.407+0000] {processor.py:161} INFO - Started process (PID=12139) to work on /home/airflow/.local/lib/python3.12/site-packages/airflow/example_dags/example_branch_python_dop_operator_3.py
[2024-04-21T15:09:08.407+0000] {processor.py:830} INFO - Processing file /home/airflow/.local/lib/python3.12/site-packages/airflow/example_dags/example_branch_python_dop_operator_3.py for tasks to queue
[2024-04-21T15:09:08.408+0000] {logging_mixin.py:188} INFO - [2024-04-21T15:09:08.408+0000] {dagbag.py:540} INFO - Filling up the DagBag from /home/airflow/.local/lib/python3.12/site-packages/airflow/example_dags/example_branch_python_dop_operator_3.py
[2024-04-21T15:09:08.413+0000] {processor.py:840} INFO - DAG(s) 'example_branch_dop_operator_v3' retrieved from /home/airflow/.local/lib/python3.12/site-packages/airflow/example_dags/example_branch_python_dop_operator_3.py
[2024-04-21T15:09:08.425+0000] {logging_mixin.py:188} INFO - [2024-04-21T15:09:08.425+0000] {dag.py:3096} INFO - Sync 1 DAGs
[2024-04-21T15:09:08.436+0000] {logging_mixin.py:188} INFO - [2024-04-21T15:09:08.436+0000] {dag.py:3954} INFO - Setting next_dagrun for example_branch_dop_operator_v3 to 2024-04-21 15:08:00+00:00, run_after=2024-04-21 15:09:00+00:00
[2024-04-21T15:09:08.444+0000] {processor.py:183} INFO - Processing /home/airflow/.local/lib/python3.12/site-packages/airflow/example_dags/example_branch_python_dop_operator_3.py took 0.041 seconds
[2024-04-21T15:09:39.169+0000] {processor.py:161} INFO - Started process (PID=12406) to work on /home/airflow/.local/lib/python3.12/site-packages/airflow/example_dags/example_branch_python_dop_operator_3.py
[2024-04-21T15:09:39.170+0000] {processor.py:830} INFO - Processing file /home/airflow/.local/lib/python3.12/site-packages/airflow/example_dags/example_branch_python_dop_operator_3.py for tasks to queue
[2024-04-21T15:09:39.171+0000] {logging_mixin.py:188} INFO - [2024-04-21T15:09:39.171+0000] {dagbag.py:540} INFO - Filling up the DagBag from /home/airflow/.local/lib/python3.12/site-packages/airflow/example_dags/example_branch_python_dop_operator_3.py
[2024-04-21T15:09:39.176+0000] {processor.py:840} INFO - DAG(s) 'example_branch_dop_operator_v3' retrieved from /home/airflow/.local/lib/python3.12/site-packages/airflow/example_dags/example_branch_python_dop_operator_3.py
[2024-04-21T15:09:39.189+0000] {logging_mixin.py:188} INFO - [2024-04-21T15:09:39.189+0000] {dag.py:3096} INFO - Sync 1 DAGs
[2024-04-21T15:09:39.201+0000] {logging_mixin.py:188} INFO - [2024-04-21T15:09:39.201+0000] {dag.py:3954} INFO - Setting next_dagrun for example_branch_dop_operator_v3 to 2024-04-21 15:08:00+00:00, run_after=2024-04-21 15:09:00+00:00
[2024-04-21T15:09:39.209+0000] {processor.py:183} INFO - Processing /home/airflow/.local/lib/python3.12/site-packages/airflow/example_dags/example_branch_python_dop_operator_3.py took 0.043 seconds
[2024-04-21T15:10:10.184+0000] {processor.py:161} INFO - Started process (PID=12673) to work on /home/airflow/.local/lib/python3.12/site-packages/airflow/example_dags/example_branch_python_dop_operator_3.py
[2024-04-21T15:10:10.185+0000] {processor.py:830} INFO - Processing file /home/airflow/.local/lib/python3.12/site-packages/airflow/example_dags/example_branch_python_dop_operator_3.py for tasks to queue
[2024-04-21T15:10:10.186+0000] {logging_mixin.py:188} INFO - [2024-04-21T15:10:10.185+0000] {dagbag.py:540} INFO - Filling up the DagBag from /home/airflow/.local/lib/python3.12/site-packages/airflow/example_dags/example_branch_python_dop_operator_3.py
[2024-04-21T15:10:10.189+0000] {processor.py:840} INFO - DAG(s) 'example_branch_dop_operator_v3' retrieved from /home/airflow/.local/lib/python3.12/site-packages/airflow/example_dags/example_branch_python_dop_operator_3.py
[2024-04-21T15:10:10.202+0000] {logging_mixin.py:188} INFO - [2024-04-21T15:10:10.202+0000] {dag.py:3096} INFO - Sync 1 DAGs
[2024-04-21T15:10:10.213+0000] {logging_mixin.py:188} INFO - [2024-04-21T15:10:10.213+0000] {dag.py:3954} INFO - Setting next_dagrun for example_branch_dop_operator_v3 to 2024-04-21 15:09:00+00:00, run_after=2024-04-21 15:10:00+00:00
[2024-04-21T15:10:10.220+0000] {processor.py:183} INFO - Processing /home/airflow/.local/lib/python3.12/site-packages/airflow/example_dags/example_branch_python_dop_operator_3.py took 0.039 seconds
[2024-04-21T15:10:40.518+0000] {processor.py:161} INFO - Started process (PID=12945) to work on /home/airflow/.local/lib/python3.12/site-packages/airflow/example_dags/example_branch_python_dop_operator_3.py
[2024-04-21T15:10:40.518+0000] {processor.py:830} INFO - Processing file /home/airflow/.local/lib/python3.12/site-packages/airflow/example_dags/example_branch_python_dop_operator_3.py for tasks to queue
[2024-04-21T15:10:40.519+0000] {logging_mixin.py:188} INFO - [2024-04-21T15:10:40.519+0000] {dagbag.py:540} INFO - Filling up the DagBag from /home/airflow/.local/lib/python3.12/site-packages/airflow/example_dags/example_branch_python_dop_operator_3.py
[2024-04-21T15:10:40.524+0000] {processor.py:840} INFO - DAG(s) 'example_branch_dop_operator_v3' retrieved from /home/airflow/.local/lib/python3.12/site-packages/airflow/example_dags/example_branch_python_dop_operator_3.py
[2024-04-21T15:10:40.539+0000] {logging_mixin.py:188} INFO - [2024-04-21T15:10:40.539+0000] {dag.py:3096} INFO - Sync 1 DAGs
[2024-04-21T15:10:40.555+0000] {logging_mixin.py:188} INFO - [2024-04-21T15:10:40.555+0000] {dag.py:3954} INFO - Setting next_dagrun for example_branch_dop_operator_v3 to 2024-04-21 15:09:00+00:00, run_after=2024-04-21 15:10:00+00:00
[2024-04-21T15:10:40.566+0000] {processor.py:183} INFO - Processing /home/airflow/.local/lib/python3.12/site-packages/airflow/example_dags/example_branch_python_dop_operator_3.py took 0.052 seconds
[2024-04-21T15:11:11.526+0000] {processor.py:161} INFO - Started process (PID=13225) to work on /home/airflow/.local/lib/python3.12/site-packages/airflow/example_dags/example_branch_python_dop_operator_3.py
[2024-04-21T15:11:11.527+0000] {processor.py:830} INFO - Processing file /home/airflow/.local/lib/python3.12/site-packages/airflow/example_dags/example_branch_python_dop_operator_3.py for tasks to queue
[2024-04-21T15:11:11.528+0000] {logging_mixin.py:188} INFO - [2024-04-21T15:11:11.528+0000] {dagbag.py:540} INFO - Filling up the DagBag from /home/airflow/.local/lib/python3.12/site-packages/airflow/example_dags/example_branch_python_dop_operator_3.py
[2024-04-21T15:11:11.533+0000] {processor.py:840} INFO - DAG(s) 'example_branch_dop_operator_v3' retrieved from /home/airflow/.local/lib/python3.12/site-packages/airflow/example_dags/example_branch_python_dop_operator_3.py
[2024-04-21T15:11:11.547+0000] {logging_mixin.py:188} INFO - [2024-04-21T15:11:11.546+0000] {dag.py:3096} INFO - Sync 1 DAGs
[2024-04-21T15:11:11.557+0000] {logging_mixin.py:188} INFO - [2024-04-21T15:11:11.557+0000] {dag.py:3954} INFO - Setting next_dagrun for example_branch_dop_operator_v3 to 2024-04-21 15:10:00+00:00, run_after=2024-04-21 15:11:00+00:00
[2024-04-21T15:11:11.565+0000] {processor.py:183} INFO - Processing /home/airflow/.local/lib/python3.12/site-packages/airflow/example_dags/example_branch_python_dop_operator_3.py took 0.042 seconds
[2024-04-21T15:11:42.530+0000] {processor.py:161} INFO - Started process (PID=13498) to work on /home/airflow/.local/lib/python3.12/site-packages/airflow/example_dags/example_branch_python_dop_operator_3.py
[2024-04-21T15:11:42.530+0000] {processor.py:830} INFO - Processing file /home/airflow/.local/lib/python3.12/site-packages/airflow/example_dags/example_branch_python_dop_operator_3.py for tasks to queue
[2024-04-21T15:11:42.531+0000] {logging_mixin.py:188} INFO - [2024-04-21T15:11:42.531+0000] {dagbag.py:540} INFO - Filling up the DagBag from /home/airflow/.local/lib/python3.12/site-packages/airflow/example_dags/example_branch_python_dop_operator_3.py
[2024-04-21T15:11:42.536+0000] {processor.py:840} INFO - DAG(s) 'example_branch_dop_operator_v3' retrieved from /home/airflow/.local/lib/python3.12/site-packages/airflow/example_dags/example_branch_python_dop_operator_3.py
[2024-04-21T15:11:42.547+0000] {logging_mixin.py:188} INFO - [2024-04-21T15:11:42.547+0000] {dag.py:3096} INFO - Sync 1 DAGs
[2024-04-21T15:11:42.558+0000] {logging_mixin.py:188} INFO - [2024-04-21T15:11:42.558+0000] {dag.py:3954} INFO - Setting next_dagrun for example_branch_dop_operator_v3 to 2024-04-21 15:10:00+00:00, run_after=2024-04-21 15:11:00+00:00
[2024-04-21T15:11:42.566+0000] {processor.py:183} INFO - Processing /home/airflow/.local/lib/python3.12/site-packages/airflow/example_dags/example_branch_python_dop_operator_3.py took 0.039 seconds
[2024-04-21T15:12:13.605+0000] {processor.py:161} INFO - Started process (PID=13780) to work on /home/airflow/.local/lib/python3.12/site-packages/airflow/example_dags/example_branch_python_dop_operator_3.py
[2024-04-21T15:12:13.606+0000] {processor.py:830} INFO - Processing file /home/airflow/.local/lib/python3.12/site-packages/airflow/example_dags/example_branch_python_dop_operator_3.py for tasks to queue
[2024-04-21T15:12:13.607+0000] {logging_mixin.py:188} INFO - [2024-04-21T15:12:13.606+0000] {dagbag.py:540} INFO - Filling up the DagBag from /home/airflow/.local/lib/python3.12/site-packages/airflow/example_dags/example_branch_python_dop_operator_3.py
[2024-04-21T15:12:13.611+0000] {processor.py:840} INFO - DAG(s) 'example_branch_dop_operator_v3' retrieved from /home/airflow/.local/lib/python3.12/site-packages/airflow/example_dags/example_branch_python_dop_operator_3.py
[2024-04-21T15:12:13.623+0000] {logging_mixin.py:188} INFO - [2024-04-21T15:12:13.623+0000] {dag.py:3096} INFO - Sync 1 DAGs
[2024-04-21T15:12:13.633+0000] {logging_mixin.py:188} INFO - [2024-04-21T15:12:13.633+0000] {dag.py:3954} INFO - Setting next_dagrun for example_branch_dop_operator_v3 to 2024-04-21 15:11:00+00:00, run_after=2024-04-21 15:12:00+00:00
[2024-04-21T15:12:13.641+0000] {processor.py:183} INFO - Processing /home/airflow/.local/lib/python3.12/site-packages/airflow/example_dags/example_branch_python_dop_operator_3.py took 0.039 seconds
[2024-04-21T15:12:44.330+0000] {processor.py:161} INFO - Started process (PID=14056) to work on /home/airflow/.local/lib/python3.12/site-packages/airflow/example_dags/example_branch_python_dop_operator_3.py
[2024-04-21T15:12:44.331+0000] {processor.py:830} INFO - Processing file /home/airflow/.local/lib/python3.12/site-packages/airflow/example_dags/example_branch_python_dop_operator_3.py for tasks to queue
[2024-04-21T15:12:44.332+0000] {logging_mixin.py:188} INFO - [2024-04-21T15:12:44.332+0000] {dagbag.py:540} INFO - Filling up the DagBag from /home/airflow/.local/lib/python3.12/site-packages/airflow/example_dags/example_branch_python_dop_operator_3.py
[2024-04-21T15:12:44.336+0000] {processor.py:840} INFO - DAG(s) 'example_branch_dop_operator_v3' retrieved from /home/airflow/.local/lib/python3.12/site-packages/airflow/example_dags/example_branch_python_dop_operator_3.py
[2024-04-21T15:12:44.348+0000] {logging_mixin.py:188} INFO - [2024-04-21T15:12:44.348+0000] {dag.py:3096} INFO - Sync 1 DAGs
[2024-04-21T15:12:44.359+0000] {logging_mixin.py:188} INFO - [2024-04-21T15:12:44.359+0000] {dag.py:3954} INFO - Setting next_dagrun for example_branch_dop_operator_v3 to 2024-04-21 15:11:00+00:00, run_after=2024-04-21 15:12:00+00:00
[2024-04-21T15:12:44.366+0000] {processor.py:183} INFO - Processing /home/airflow/.local/lib/python3.12/site-packages/airflow/example_dags/example_branch_python_dop_operator_3.py took 0.039 seconds
[2024-04-21T15:13:15.372+0000] {processor.py:161} INFO - Started process (PID=14342) to work on /home/airflow/.local/lib/python3.12/site-packages/airflow/example_dags/example_branch_python_dop_operator_3.py
[2024-04-21T15:13:15.373+0000] {processor.py:830} INFO - Processing file /home/airflow/.local/lib/python3.12/site-packages/airflow/example_dags/example_branch_python_dop_operator_3.py for tasks to queue
[2024-04-21T15:13:15.374+0000] {logging_mixin.py:188} INFO - [2024-04-21T15:13:15.373+0000] {dagbag.py:540} INFO - Filling up the DagBag from /home/airflow/.local/lib/python3.12/site-packages/airflow/example_dags/example_branch_python_dop_operator_3.py
[2024-04-21T15:13:15.378+0000] {processor.py:840} INFO - DAG(s) 'example_branch_dop_operator_v3' retrieved from /home/airflow/.local/lib/python3.12/site-packages/airflow/example_dags/example_branch_python_dop_operator_3.py
[2024-04-21T15:13:15.390+0000] {logging_mixin.py:188} INFO - [2024-04-21T15:13:15.390+0000] {dag.py:3096} INFO - Sync 1 DAGs
[2024-04-21T15:13:15.401+0000] {logging_mixin.py:188} INFO - [2024-04-21T15:13:15.400+0000] {dag.py:3954} INFO - Setting next_dagrun for example_branch_dop_operator_v3 to 2024-04-21 15:12:00+00:00, run_after=2024-04-21 15:13:00+00:00
[2024-04-21T15:13:15.408+0000] {processor.py:183} INFO - Processing /home/airflow/.local/lib/python3.12/site-packages/airflow/example_dags/example_branch_python_dop_operator_3.py took 0.039 seconds
[2024-04-21T15:13:46.378+0000] {processor.py:161} INFO - Started process (PID=14608) to work on /home/airflow/.local/lib/python3.12/site-packages/airflow/example_dags/example_branch_python_dop_operator_3.py
[2024-04-21T15:13:46.379+0000] {processor.py:830} INFO - Processing file /home/airflow/.local/lib/python3.12/site-packages/airflow/example_dags/example_branch_python_dop_operator_3.py for tasks to queue
[2024-04-21T15:13:46.380+0000] {logging_mixin.py:188} INFO - [2024-04-21T15:13:46.380+0000] {dagbag.py:540} INFO - Filling up the DagBag from /home/airflow/.local/lib/python3.12/site-packages/airflow/example_dags/example_branch_python_dop_operator_3.py
[2024-04-21T15:13:46.384+0000] {processor.py:840} INFO - DAG(s) 'example_branch_dop_operator_v3' retrieved from /home/airflow/.local/lib/python3.12/site-packages/airflow/example_dags/example_branch_python_dop_operator_3.py
[2024-04-21T15:13:46.397+0000] {logging_mixin.py:188} INFO - [2024-04-21T15:13:46.397+0000] {dag.py:3096} INFO - Sync 1 DAGs
[2024-04-21T15:13:46.409+0000] {logging_mixin.py:188} INFO - [2024-04-21T15:13:46.409+0000] {dag.py:3954} INFO - Setting next_dagrun for example_branch_dop_operator_v3 to 2024-04-21 15:12:00+00:00, run_after=2024-04-21 15:13:00+00:00
[2024-04-21T15:13:46.416+0000] {processor.py:183} INFO - Processing /home/airflow/.local/lib/python3.12/site-packages/airflow/example_dags/example_branch_python_dop_operator_3.py took 0.042 seconds
[2024-04-21T15:14:17.460+0000] {processor.py:161} INFO - Started process (PID=14875) to work on /home/airflow/.local/lib/python3.12/site-packages/airflow/example_dags/example_branch_python_dop_operator_3.py
[2024-04-21T15:14:17.461+0000] {processor.py:830} INFO - Processing file /home/airflow/.local/lib/python3.12/site-packages/airflow/example_dags/example_branch_python_dop_operator_3.py for tasks to queue
[2024-04-21T15:14:17.463+0000] {logging_mixin.py:188} INFO - [2024-04-21T15:14:17.462+0000] {dagbag.py:540} INFO - Filling up the DagBag from /home/airflow/.local/lib/python3.12/site-packages/airflow/example_dags/example_branch_python_dop_operator_3.py
[2024-04-21T15:14:17.470+0000] {processor.py:840} INFO - DAG(s) 'example_branch_dop_operator_v3' retrieved from /home/airflow/.local/lib/python3.12/site-packages/airflow/example_dags/example_branch_python_dop_operator_3.py
[2024-04-21T15:14:17.488+0000] {logging_mixin.py:188} INFO - [2024-04-21T15:14:17.488+0000] {dag.py:3096} INFO - Sync 1 DAGs
[2024-04-21T15:14:17.502+0000] {logging_mixin.py:188} INFO - [2024-04-21T15:14:17.502+0000] {dag.py:3954} INFO - Setting next_dagrun for example_branch_dop_operator_v3 to 2024-04-21 15:13:00+00:00, run_after=2024-04-21 15:14:00+00:00
[2024-04-21T15:14:17.511+0000] {processor.py:183} INFO - Processing /home/airflow/.local/lib/python3.12/site-packages/airflow/example_dags/example_branch_python_dop_operator_3.py took 0.058 seconds
[2024-04-21T15:14:47.608+0000] {processor.py:161} INFO - Started process (PID=15141) to work on /home/airflow/.local/lib/python3.12/site-packages/airflow/example_dags/example_branch_python_dop_operator_3.py
[2024-04-21T15:14:47.609+0000] {processor.py:830} INFO - Processing file /home/airflow/.local/lib/python3.12/site-packages/airflow/example_dags/example_branch_python_dop_operator_3.py for tasks to queue
[2024-04-21T15:14:47.610+0000] {logging_mixin.py:188} INFO - [2024-04-21T15:14:47.610+0000] {dagbag.py:540} INFO - Filling up the DagBag from /home/airflow/.local/lib/python3.12/site-packages/airflow/example_dags/example_branch_python_dop_operator_3.py
[2024-04-21T15:14:47.616+0000] {processor.py:840} INFO - DAG(s) 'example_branch_dop_operator_v3' retrieved from /home/airflow/.local/lib/python3.12/site-packages/airflow/example_dags/example_branch_python_dop_operator_3.py
[2024-04-21T15:14:47.633+0000] {logging_mixin.py:188} INFO - [2024-04-21T15:14:47.632+0000] {dag.py:3096} INFO - Sync 1 DAGs
[2024-04-21T15:14:47.645+0000] {logging_mixin.py:188} INFO - [2024-04-21T15:14:47.645+0000] {dag.py:3954} INFO - Setting next_dagrun for example_branch_dop_operator_v3 to 2024-04-21 15:13:00+00:00, run_after=2024-04-21 15:14:00+00:00
[2024-04-21T15:14:47.653+0000] {processor.py:183} INFO - Processing /home/airflow/.local/lib/python3.12/site-packages/airflow/example_dags/example_branch_python_dop_operator_3.py took 0.050 seconds
[2024-04-21T15:15:17.706+0000] {processor.py:161} INFO - Started process (PID=15408) to work on /home/airflow/.local/lib/python3.12/site-packages/airflow/example_dags/example_branch_python_dop_operator_3.py
[2024-04-21T15:15:17.707+0000] {processor.py:830} INFO - Processing file /home/airflow/.local/lib/python3.12/site-packages/airflow/example_dags/example_branch_python_dop_operator_3.py for tasks to queue
[2024-04-21T15:15:17.708+0000] {logging_mixin.py:188} INFO - [2024-04-21T15:15:17.707+0000] {dagbag.py:540} INFO - Filling up the DagBag from /home/airflow/.local/lib/python3.12/site-packages/airflow/example_dags/example_branch_python_dop_operator_3.py
[2024-04-21T15:15:17.712+0000] {processor.py:840} INFO - DAG(s) 'example_branch_dop_operator_v3' retrieved from /home/airflow/.local/lib/python3.12/site-packages/airflow/example_dags/example_branch_python_dop_operator_3.py
[2024-04-21T15:15:17.726+0000] {logging_mixin.py:188} INFO - [2024-04-21T15:15:17.726+0000] {dag.py:3096} INFO - Sync 1 DAGs
[2024-04-21T15:15:17.736+0000] {logging_mixin.py:188} INFO - [2024-04-21T15:15:17.736+0000] {dag.py:3954} INFO - Setting next_dagrun for example_branch_dop_operator_v3 to 2024-04-21 15:14:00+00:00, run_after=2024-04-21 15:15:00+00:00
[2024-04-21T15:15:17.744+0000] {processor.py:183} INFO - Processing /home/airflow/.local/lib/python3.12/site-packages/airflow/example_dags/example_branch_python_dop_operator_3.py took 0.042 seconds
[2024-04-21T15:15:47.889+0000] {processor.py:161} INFO - Started process (PID=15675) to work on /home/airflow/.local/lib/python3.12/site-packages/airflow/example_dags/example_branch_python_dop_operator_3.py
[2024-04-21T15:15:47.889+0000] {processor.py:830} INFO - Processing file /home/airflow/.local/lib/python3.12/site-packages/airflow/example_dags/example_branch_python_dop_operator_3.py for tasks to queue
[2024-04-21T15:15:47.891+0000] {logging_mixin.py:188} INFO - [2024-04-21T15:15:47.890+0000] {dagbag.py:540} INFO - Filling up the DagBag from /home/airflow/.local/lib/python3.12/site-packages/airflow/example_dags/example_branch_python_dop_operator_3.py
[2024-04-21T15:15:47.895+0000] {processor.py:840} INFO - DAG(s) 'example_branch_dop_operator_v3' retrieved from /home/airflow/.local/lib/python3.12/site-packages/airflow/example_dags/example_branch_python_dop_operator_3.py
[2024-04-21T15:15:47.908+0000] {logging_mixin.py:188} INFO - [2024-04-21T15:15:47.908+0000] {dag.py:3096} INFO - Sync 1 DAGs
[2024-04-21T15:15:47.919+0000] {logging_mixin.py:188} INFO - [2024-04-21T15:15:47.919+0000] {dag.py:3954} INFO - Setting next_dagrun for example_branch_dop_operator_v3 to 2024-04-21 15:14:00+00:00, run_after=2024-04-21 15:15:00+00:00
[2024-04-21T15:15:47.927+0000] {processor.py:183} INFO - Processing /home/airflow/.local/lib/python3.12/site-packages/airflow/example_dags/example_branch_python_dop_operator_3.py took 0.042 seconds
[2024-04-21T15:16:18.148+0000] {processor.py:161} INFO - Started process (PID=15941) to work on /home/airflow/.local/lib/python3.12/site-packages/airflow/example_dags/example_branch_python_dop_operator_3.py
[2024-04-21T15:16:18.149+0000] {processor.py:830} INFO - Processing file /home/airflow/.local/lib/python3.12/site-packages/airflow/example_dags/example_branch_python_dop_operator_3.py for tasks to queue
[2024-04-21T15:16:18.151+0000] {logging_mixin.py:188} INFO - [2024-04-21T15:16:18.151+0000] {dagbag.py:540} INFO - Filling up the DagBag from /home/airflow/.local/lib/python3.12/site-packages/airflow/example_dags/example_branch_python_dop_operator_3.py
[2024-04-21T15:16:18.156+0000] {processor.py:840} INFO - DAG(s) 'example_branch_dop_operator_v3' retrieved from /home/airflow/.local/lib/python3.12/site-packages/airflow/example_dags/example_branch_python_dop_operator_3.py
[2024-04-21T15:16:18.169+0000] {logging_mixin.py:188} INFO - [2024-04-21T15:16:18.168+0000] {dag.py:3096} INFO - Sync 1 DAGs
[2024-04-21T15:16:18.179+0000] {logging_mixin.py:188} INFO - [2024-04-21T15:16:18.179+0000] {dag.py:3954} INFO - Setting next_dagrun for example_branch_dop_operator_v3 to 2024-04-21 15:15:00+00:00, run_after=2024-04-21 15:16:00+00:00
[2024-04-21T15:16:18.187+0000] {processor.py:183} INFO - Processing /home/airflow/.local/lib/python3.12/site-packages/airflow/example_dags/example_branch_python_dop_operator_3.py took 0.043 seconds
[2024-04-21T15:16:48.437+0000] {processor.py:161} INFO - Started process (PID=16210) to work on /home/airflow/.local/lib/python3.12/site-packages/airflow/example_dags/example_branch_python_dop_operator_3.py
[2024-04-21T15:16:48.438+0000] {processor.py:830} INFO - Processing file /home/airflow/.local/lib/python3.12/site-packages/airflow/example_dags/example_branch_python_dop_operator_3.py for tasks to queue
[2024-04-21T15:16:48.439+0000] {logging_mixin.py:188} INFO - [2024-04-21T15:16:48.439+0000] {dagbag.py:540} INFO - Filling up the DagBag from /home/airflow/.local/lib/python3.12/site-packages/airflow/example_dags/example_branch_python_dop_operator_3.py
[2024-04-21T15:16:48.445+0000] {processor.py:840} INFO - DAG(s) 'example_branch_dop_operator_v3' retrieved from /home/airflow/.local/lib/python3.12/site-packages/airflow/example_dags/example_branch_python_dop_operator_3.py
[2024-04-21T15:16:48.460+0000] {logging_mixin.py:188} INFO - [2024-04-21T15:16:48.460+0000] {dag.py:3096} INFO - Sync 1 DAGs
[2024-04-21T15:16:48.473+0000] {logging_mixin.py:188} INFO - [2024-04-21T15:16:48.473+0000] {dag.py:3954} INFO - Setting next_dagrun for example_branch_dop_operator_v3 to 2024-04-21 15:15:00+00:00, run_after=2024-04-21 15:16:00+00:00
[2024-04-21T15:16:48.483+0000] {processor.py:183} INFO - Processing /home/airflow/.local/lib/python3.12/site-packages/airflow/example_dags/example_branch_python_dop_operator_3.py took 0.050 seconds
[2024-04-21T15:17:18.579+0000] {processor.py:161} INFO - Started process (PID=16477) to work on /home/airflow/.local/lib/python3.12/site-packages/airflow/example_dags/example_branch_python_dop_operator_3.py
[2024-04-21T15:17:18.580+0000] {processor.py:830} INFO - Processing file /home/airflow/.local/lib/python3.12/site-packages/airflow/example_dags/example_branch_python_dop_operator_3.py for tasks to queue
[2024-04-21T15:17:18.583+0000] {logging_mixin.py:188} INFO - [2024-04-21T15:17:18.582+0000] {dagbag.py:540} INFO - Filling up the DagBag from /home/airflow/.local/lib/python3.12/site-packages/airflow/example_dags/example_branch_python_dop_operator_3.py
[2024-04-21T15:17:18.590+0000] {processor.py:840} INFO - DAG(s) 'example_branch_dop_operator_v3' retrieved from /home/airflow/.local/lib/python3.12/site-packages/airflow/example_dags/example_branch_python_dop_operator_3.py
[2024-04-21T15:17:18.609+0000] {logging_mixin.py:188} INFO - [2024-04-21T15:17:18.609+0000] {dag.py:3096} INFO - Sync 1 DAGs
[2024-04-21T15:17:18.623+0000] {logging_mixin.py:188} INFO - [2024-04-21T15:17:18.623+0000] {dag.py:3954} INFO - Setting next_dagrun for example_branch_dop_operator_v3 to 2024-04-21 15:16:00+00:00, run_after=2024-04-21 15:17:00+00:00
[2024-04-21T15:17:18.631+0000] {processor.py:183} INFO - Processing /home/airflow/.local/lib/python3.12/site-packages/airflow/example_dags/example_branch_python_dop_operator_3.py took 0.059 seconds
[2024-04-21T15:17:48.701+0000] {processor.py:161} INFO - Started process (PID=16744) to work on /home/airflow/.local/lib/python3.12/site-packages/airflow/example_dags/example_branch_python_dop_operator_3.py
[2024-04-21T15:17:48.702+0000] {processor.py:830} INFO - Processing file /home/airflow/.local/lib/python3.12/site-packages/airflow/example_dags/example_branch_python_dop_operator_3.py for tasks to queue
[2024-04-21T15:17:48.704+0000] {logging_mixin.py:188} INFO - [2024-04-21T15:17:48.703+0000] {dagbag.py:540} INFO - Filling up the DagBag from /home/airflow/.local/lib/python3.12/site-packages/airflow/example_dags/example_branch_python_dop_operator_3.py
[2024-04-21T15:17:48.710+0000] {processor.py:840} INFO - DAG(s) 'example_branch_dop_operator_v3' retrieved from /home/airflow/.local/lib/python3.12/site-packages/airflow/example_dags/example_branch_python_dop_operator_3.py
[2024-04-21T15:17:48.727+0000] {logging_mixin.py:188} INFO - [2024-04-21T15:17:48.726+0000] {dag.py:3096} INFO - Sync 1 DAGs
[2024-04-21T15:17:48.740+0000] {logging_mixin.py:188} INFO - [2024-04-21T15:17:48.740+0000] {dag.py:3954} INFO - Setting next_dagrun for example_branch_dop_operator_v3 to 2024-04-21 15:16:00+00:00, run_after=2024-04-21 15:17:00+00:00
[2024-04-21T15:17:48.748+0000] {processor.py:183} INFO - Processing /home/airflow/.local/lib/python3.12/site-packages/airflow/example_dags/example_branch_python_dop_operator_3.py took 0.053 seconds
[2024-04-21T15:18:18.874+0000] {processor.py:161} INFO - Started process (PID=17011) to work on /home/airflow/.local/lib/python3.12/site-packages/airflow/example_dags/example_branch_python_dop_operator_3.py
[2024-04-21T15:18:18.875+0000] {processor.py:830} INFO - Processing file /home/airflow/.local/lib/python3.12/site-packages/airflow/example_dags/example_branch_python_dop_operator_3.py for tasks to queue
[2024-04-21T15:18:18.877+0000] {logging_mixin.py:188} INFO - [2024-04-21T15:18:18.876+0000] {dagbag.py:540} INFO - Filling up the DagBag from /home/airflow/.local/lib/python3.12/site-packages/airflow/example_dags/example_branch_python_dop_operator_3.py
[2024-04-21T15:18:18.883+0000] {processor.py:840} INFO - DAG(s) 'example_branch_dop_operator_v3' retrieved from /home/airflow/.local/lib/python3.12/site-packages/airflow/example_dags/example_branch_python_dop_operator_3.py
[2024-04-21T15:18:18.900+0000] {logging_mixin.py:188} INFO - [2024-04-21T15:18:18.900+0000] {dag.py:3096} INFO - Sync 1 DAGs
[2024-04-21T15:18:18.913+0000] {logging_mixin.py:188} INFO - [2024-04-21T15:18:18.913+0000] {dag.py:3954} INFO - Setting next_dagrun for example_branch_dop_operator_v3 to 2024-04-21 15:17:00+00:00, run_after=2024-04-21 15:18:00+00:00
[2024-04-21T15:18:18.921+0000] {processor.py:183} INFO - Processing /home/airflow/.local/lib/python3.12/site-packages/airflow/example_dags/example_branch_python_dop_operator_3.py took 0.050 seconds
[2024-04-21T15:18:49.887+0000] {processor.py:161} INFO - Started process (PID=17277) to work on /home/airflow/.local/lib/python3.12/site-packages/airflow/example_dags/example_branch_python_dop_operator_3.py
[2024-04-21T15:18:49.887+0000] {processor.py:830} INFO - Processing file /home/airflow/.local/lib/python3.12/site-packages/airflow/example_dags/example_branch_python_dop_operator_3.py for tasks to queue
[2024-04-21T15:18:49.889+0000] {logging_mixin.py:188} INFO - [2024-04-21T15:18:49.888+0000] {dagbag.py:540} INFO - Filling up the DagBag from /home/airflow/.local/lib/python3.12/site-packages/airflow/example_dags/example_branch_python_dop_operator_3.py
[2024-04-21T15:18:49.894+0000] {processor.py:840} INFO - DAG(s) 'example_branch_dop_operator_v3' retrieved from /home/airflow/.local/lib/python3.12/site-packages/airflow/example_dags/example_branch_python_dop_operator_3.py
[2024-04-21T15:18:49.909+0000] {logging_mixin.py:188} INFO - [2024-04-21T15:18:49.908+0000] {dag.py:3096} INFO - Sync 1 DAGs
[2024-04-21T15:18:49.920+0000] {logging_mixin.py:188} INFO - [2024-04-21T15:18:49.920+0000] {dag.py:3954} INFO - Setting next_dagrun for example_branch_dop_operator_v3 to 2024-04-21 15:17:00+00:00, run_after=2024-04-21 15:18:00+00:00
[2024-04-21T15:18:49.928+0000] {processor.py:183} INFO - Processing /home/airflow/.local/lib/python3.12/site-packages/airflow/example_dags/example_branch_python_dop_operator_3.py took 0.046 seconds
[2024-04-21T15:19:20.801+0000] {processor.py:161} INFO - Started process (PID=17550) to work on /home/airflow/.local/lib/python3.12/site-packages/airflow/example_dags/example_branch_python_dop_operator_3.py
[2024-04-21T15:19:20.802+0000] {processor.py:830} INFO - Processing file /home/airflow/.local/lib/python3.12/site-packages/airflow/example_dags/example_branch_python_dop_operator_3.py for tasks to queue
[2024-04-21T15:19:20.804+0000] {logging_mixin.py:188} INFO - [2024-04-21T15:19:20.804+0000] {dagbag.py:540} INFO - Filling up the DagBag from /home/airflow/.local/lib/python3.12/site-packages/airflow/example_dags/example_branch_python_dop_operator_3.py
[2024-04-21T15:19:20.812+0000] {processor.py:840} INFO - DAG(s) 'example_branch_dop_operator_v3' retrieved from /home/airflow/.local/lib/python3.12/site-packages/airflow/example_dags/example_branch_python_dop_operator_3.py
[2024-04-21T15:19:20.830+0000] {logging_mixin.py:188} INFO - [2024-04-21T15:19:20.830+0000] {dag.py:3096} INFO - Sync 1 DAGs
[2024-04-21T15:19:20.843+0000] {logging_mixin.py:188} INFO - [2024-04-21T15:19:20.843+0000] {dag.py:3954} INFO - Setting next_dagrun for example_branch_dop_operator_v3 to 2024-04-21 15:18:00+00:00, run_after=2024-04-21 15:19:00+00:00
[2024-04-21T15:19:20.852+0000] {processor.py:183} INFO - Processing /home/airflow/.local/lib/python3.12/site-packages/airflow/example_dags/example_branch_python_dop_operator_3.py took 0.057 seconds
[2024-04-21T15:19:51.001+0000] {processor.py:161} INFO - Started process (PID=17817) to work on /home/airflow/.local/lib/python3.12/site-packages/airflow/example_dags/example_branch_python_dop_operator_3.py
[2024-04-21T15:19:51.001+0000] {processor.py:830} INFO - Processing file /home/airflow/.local/lib/python3.12/site-packages/airflow/example_dags/example_branch_python_dop_operator_3.py for tasks to queue
[2024-04-21T15:19:51.002+0000] {logging_mixin.py:188} INFO - [2024-04-21T15:19:51.002+0000] {dagbag.py:540} INFO - Filling up the DagBag from /home/airflow/.local/lib/python3.12/site-packages/airflow/example_dags/example_branch_python_dop_operator_3.py
[2024-04-21T15:19:51.006+0000] {processor.py:840} INFO - DAG(s) 'example_branch_dop_operator_v3' retrieved from /home/airflow/.local/lib/python3.12/site-packages/airflow/example_dags/example_branch_python_dop_operator_3.py
[2024-04-21T15:19:51.022+0000] {logging_mixin.py:188} INFO - [2024-04-21T15:19:51.022+0000] {dag.py:3096} INFO - Sync 1 DAGs
[2024-04-21T15:19:51.035+0000] {logging_mixin.py:188} INFO - [2024-04-21T15:19:51.035+0000] {dag.py:3954} INFO - Setting next_dagrun for example_branch_dop_operator_v3 to 2024-04-21 15:18:00+00:00, run_after=2024-04-21 15:19:00+00:00
[2024-04-21T15:19:51.044+0000] {processor.py:183} INFO - Processing /home/airflow/.local/lib/python3.12/site-packages/airflow/example_dags/example_branch_python_dop_operator_3.py took 0.047 seconds
[2024-04-21T15:20:21.117+0000] {processor.py:161} INFO - Started process (PID=18085) to work on /home/airflow/.local/lib/python3.12/site-packages/airflow/example_dags/example_branch_python_dop_operator_3.py
[2024-04-21T15:20:21.118+0000] {processor.py:830} INFO - Processing file /home/airflow/.local/lib/python3.12/site-packages/airflow/example_dags/example_branch_python_dop_operator_3.py for tasks to queue
[2024-04-21T15:20:21.120+0000] {logging_mixin.py:188} INFO - [2024-04-21T15:20:21.119+0000] {dagbag.py:540} INFO - Filling up the DagBag from /home/airflow/.local/lib/python3.12/site-packages/airflow/example_dags/example_branch_python_dop_operator_3.py
[2024-04-21T15:20:21.126+0000] {processor.py:840} INFO - DAG(s) 'example_branch_dop_operator_v3' retrieved from /home/airflow/.local/lib/python3.12/site-packages/airflow/example_dags/example_branch_python_dop_operator_3.py
[2024-04-21T15:20:21.143+0000] {logging_mixin.py:188} INFO - [2024-04-21T15:20:21.143+0000] {dag.py:3096} INFO - Sync 1 DAGs
[2024-04-21T15:20:21.155+0000] {logging_mixin.py:188} INFO - [2024-04-21T15:20:21.155+0000] {dag.py:3954} INFO - Setting next_dagrun for example_branch_dop_operator_v3 to 2024-04-21 15:19:00+00:00, run_after=2024-04-21 15:20:00+00:00
[2024-04-21T15:20:21.164+0000] {processor.py:183} INFO - Processing /home/airflow/.local/lib/python3.12/site-packages/airflow/example_dags/example_branch_python_dop_operator_3.py took 0.053 seconds
