[2024-04-21T14:30:03.133+0000] {processor.py:161} INFO - Started process (PID=338) to work on /home/airflow/.local/lib/python3.12/site-packages/airflow/example_dags/tutorial_dag.py
[2024-04-21T14:30:03.134+0000] {processor.py:830} INFO - Processing file /home/airflow/.local/lib/python3.12/site-packages/airflow/example_dags/tutorial_dag.py for tasks to queue
[2024-04-21T14:30:03.135+0000] {logging_mixin.py:188} INFO - [2024-04-21T14:30:03.135+0000] {dagbag.py:540} INFO - Filling up the DagBag from /home/airflow/.local/lib/python3.12/site-packages/airflow/example_dags/tutorial_dag.py
[2024-04-21T14:30:03.140+0000] {processor.py:840} INFO - DAG(s) 'tutorial_dag' retrieved from /home/airflow/.local/lib/python3.12/site-packages/airflow/example_dags/tutorial_dag.py
[2024-04-21T14:30:03.151+0000] {logging_mixin.py:188} INFO - [2024-04-21T14:30:03.151+0000] {dag.py:3096} INFO - Sync 1 DAGs
[2024-04-21T14:30:03.160+0000] {logging_mixin.py:188} INFO - [2024-04-21T14:30:03.159+0000] {dag.py:3954} INFO - Setting next_dagrun for tutorial_dag to None, run_after=None
[2024-04-21T14:30:03.170+0000] {processor.py:183} INFO - Processing /home/airflow/.local/lib/python3.12/site-packages/airflow/example_dags/tutorial_dag.py took 0.041 seconds
[2024-04-21T14:30:34.056+0000] {processor.py:161} INFO - Started process (PID=598) to work on /home/airflow/.local/lib/python3.12/site-packages/airflow/example_dags/tutorial_dag.py
[2024-04-21T14:30:34.057+0000] {processor.py:830} INFO - Processing file /home/airflow/.local/lib/python3.12/site-packages/airflow/example_dags/tutorial_dag.py for tasks to queue
[2024-04-21T14:30:34.058+0000] {logging_mixin.py:188} INFO - [2024-04-21T14:30:34.058+0000] {dagbag.py:540} INFO - Filling up the DagBag from /home/airflow/.local/lib/python3.12/site-packages/airflow/example_dags/tutorial_dag.py
[2024-04-21T14:30:34.062+0000] {processor.py:840} INFO - DAG(s) 'tutorial_dag' retrieved from /home/airflow/.local/lib/python3.12/site-packages/airflow/example_dags/tutorial_dag.py
[2024-04-21T14:30:34.127+0000] {logging_mixin.py:188} INFO - [2024-04-21T14:30:34.127+0000] {dag.py:3096} INFO - Sync 1 DAGs
[2024-04-21T14:30:34.133+0000] {logging_mixin.py:188} INFO - [2024-04-21T14:30:34.133+0000] {dag.py:3954} INFO - Setting next_dagrun for tutorial_dag to None, run_after=None
[2024-04-21T14:30:34.143+0000] {processor.py:183} INFO - Processing /home/airflow/.local/lib/python3.12/site-packages/airflow/example_dags/tutorial_dag.py took 0.092 seconds
[2024-04-21T14:31:04.993+0000] {processor.py:161} INFO - Started process (PID=862) to work on /home/airflow/.local/lib/python3.12/site-packages/airflow/example_dags/tutorial_dag.py
[2024-04-21T14:31:04.994+0000] {processor.py:830} INFO - Processing file /home/airflow/.local/lib/python3.12/site-packages/airflow/example_dags/tutorial_dag.py for tasks to queue
[2024-04-21T14:31:04.995+0000] {logging_mixin.py:188} INFO - [2024-04-21T14:31:04.995+0000] {dagbag.py:540} INFO - Filling up the DagBag from /home/airflow/.local/lib/python3.12/site-packages/airflow/example_dags/tutorial_dag.py
[2024-04-21T14:31:04.999+0000] {processor.py:840} INFO - DAG(s) 'tutorial_dag' retrieved from /home/airflow/.local/lib/python3.12/site-packages/airflow/example_dags/tutorial_dag.py
[2024-04-21T14:31:05.017+0000] {logging_mixin.py:188} INFO - [2024-04-21T14:31:05.017+0000] {dag.py:3096} INFO - Sync 1 DAGs
[2024-04-21T14:31:05.025+0000] {logging_mixin.py:188} INFO - [2024-04-21T14:31:05.025+0000] {dag.py:3954} INFO - Setting next_dagrun for tutorial_dag to None, run_after=None
[2024-04-21T14:31:05.035+0000] {processor.py:183} INFO - Processing /home/airflow/.local/lib/python3.12/site-packages/airflow/example_dags/tutorial_dag.py took 0.047 seconds
[2024-04-21T14:31:35.496+0000] {processor.py:161} INFO - Started process (PID=1124) to work on /home/airflow/.local/lib/python3.12/site-packages/airflow/example_dags/tutorial_dag.py
[2024-04-21T14:31:35.496+0000] {processor.py:830} INFO - Processing file /home/airflow/.local/lib/python3.12/site-packages/airflow/example_dags/tutorial_dag.py for tasks to queue
[2024-04-21T14:31:35.498+0000] {logging_mixin.py:188} INFO - [2024-04-21T14:31:35.498+0000] {dagbag.py:540} INFO - Filling up the DagBag from /home/airflow/.local/lib/python3.12/site-packages/airflow/example_dags/tutorial_dag.py
[2024-04-21T14:31:35.502+0000] {processor.py:840} INFO - DAG(s) 'tutorial_dag' retrieved from /home/airflow/.local/lib/python3.12/site-packages/airflow/example_dags/tutorial_dag.py
[2024-04-21T14:31:35.520+0000] {logging_mixin.py:188} INFO - [2024-04-21T14:31:35.520+0000] {dag.py:3096} INFO - Sync 1 DAGs
[2024-04-21T14:31:35.528+0000] {logging_mixin.py:188} INFO - [2024-04-21T14:31:35.528+0000] {dag.py:3954} INFO - Setting next_dagrun for tutorial_dag to None, run_after=None
[2024-04-21T14:31:35.539+0000] {processor.py:183} INFO - Processing /home/airflow/.local/lib/python3.12/site-packages/airflow/example_dags/tutorial_dag.py took 0.048 seconds
[2024-04-21T14:32:06.139+0000] {processor.py:161} INFO - Started process (PID=1383) to work on /home/airflow/.local/lib/python3.12/site-packages/airflow/example_dags/tutorial_dag.py
[2024-04-21T14:32:06.140+0000] {processor.py:830} INFO - Processing file /home/airflow/.local/lib/python3.12/site-packages/airflow/example_dags/tutorial_dag.py for tasks to queue
[2024-04-21T14:32:06.141+0000] {logging_mixin.py:188} INFO - [2024-04-21T14:32:06.141+0000] {dagbag.py:540} INFO - Filling up the DagBag from /home/airflow/.local/lib/python3.12/site-packages/airflow/example_dags/tutorial_dag.py
[2024-04-21T14:32:06.144+0000] {processor.py:840} INFO - DAG(s) 'tutorial_dag' retrieved from /home/airflow/.local/lib/python3.12/site-packages/airflow/example_dags/tutorial_dag.py
[2024-04-21T14:32:06.160+0000] {logging_mixin.py:188} INFO - [2024-04-21T14:32:06.160+0000] {dag.py:3096} INFO - Sync 1 DAGs
[2024-04-21T14:32:06.168+0000] {logging_mixin.py:188} INFO - [2024-04-21T14:32:06.168+0000] {dag.py:3954} INFO - Setting next_dagrun for tutorial_dag to None, run_after=None
[2024-04-21T14:32:06.178+0000] {processor.py:183} INFO - Processing /home/airflow/.local/lib/python3.12/site-packages/airflow/example_dags/tutorial_dag.py took 0.043 seconds
[2024-04-21T14:32:36.521+0000] {processor.py:161} INFO - Started process (PID=1645) to work on /home/airflow/.local/lib/python3.12/site-packages/airflow/example_dags/tutorial_dag.py
[2024-04-21T14:32:36.521+0000] {processor.py:830} INFO - Processing file /home/airflow/.local/lib/python3.12/site-packages/airflow/example_dags/tutorial_dag.py for tasks to queue
[2024-04-21T14:32:36.523+0000] {logging_mixin.py:188} INFO - [2024-04-21T14:32:36.522+0000] {dagbag.py:540} INFO - Filling up the DagBag from /home/airflow/.local/lib/python3.12/site-packages/airflow/example_dags/tutorial_dag.py
[2024-04-21T14:32:36.526+0000] {processor.py:840} INFO - DAG(s) 'tutorial_dag' retrieved from /home/airflow/.local/lib/python3.12/site-packages/airflow/example_dags/tutorial_dag.py
[2024-04-21T14:32:36.544+0000] {logging_mixin.py:188} INFO - [2024-04-21T14:32:36.544+0000] {dag.py:3096} INFO - Sync 1 DAGs
[2024-04-21T14:32:36.552+0000] {logging_mixin.py:188} INFO - [2024-04-21T14:32:36.552+0000] {dag.py:3954} INFO - Setting next_dagrun for tutorial_dag to None, run_after=None
[2024-04-21T14:32:36.563+0000] {processor.py:183} INFO - Processing /home/airflow/.local/lib/python3.12/site-packages/airflow/example_dags/tutorial_dag.py took 0.046 seconds
[2024-04-21T14:33:07.055+0000] {processor.py:161} INFO - Started process (PID=1909) to work on /home/airflow/.local/lib/python3.12/site-packages/airflow/example_dags/tutorial_dag.py
[2024-04-21T14:33:07.056+0000] {processor.py:830} INFO - Processing file /home/airflow/.local/lib/python3.12/site-packages/airflow/example_dags/tutorial_dag.py for tasks to queue
[2024-04-21T14:33:07.057+0000] {logging_mixin.py:188} INFO - [2024-04-21T14:33:07.057+0000] {dagbag.py:540} INFO - Filling up the DagBag from /home/airflow/.local/lib/python3.12/site-packages/airflow/example_dags/tutorial_dag.py
[2024-04-21T14:33:07.062+0000] {processor.py:840} INFO - DAG(s) 'tutorial_dag' retrieved from /home/airflow/.local/lib/python3.12/site-packages/airflow/example_dags/tutorial_dag.py
[2024-04-21T14:33:07.081+0000] {logging_mixin.py:188} INFO - [2024-04-21T14:33:07.081+0000] {dag.py:3096} INFO - Sync 1 DAGs
[2024-04-21T14:33:07.090+0000] {logging_mixin.py:188} INFO - [2024-04-21T14:33:07.090+0000] {dag.py:3954} INFO - Setting next_dagrun for tutorial_dag to None, run_after=None
[2024-04-21T14:33:07.102+0000] {processor.py:183} INFO - Processing /home/airflow/.local/lib/python3.12/site-packages/airflow/example_dags/tutorial_dag.py took 0.052 seconds
[2024-04-21T14:33:37.649+0000] {processor.py:161} INFO - Started process (PID=2170) to work on /home/airflow/.local/lib/python3.12/site-packages/airflow/example_dags/tutorial_dag.py
[2024-04-21T14:33:37.650+0000] {processor.py:830} INFO - Processing file /home/airflow/.local/lib/python3.12/site-packages/airflow/example_dags/tutorial_dag.py for tasks to queue
[2024-04-21T14:33:37.651+0000] {logging_mixin.py:188} INFO - [2024-04-21T14:33:37.651+0000] {dagbag.py:540} INFO - Filling up the DagBag from /home/airflow/.local/lib/python3.12/site-packages/airflow/example_dags/tutorial_dag.py
[2024-04-21T14:33:37.655+0000] {processor.py:840} INFO - DAG(s) 'tutorial_dag' retrieved from /home/airflow/.local/lib/python3.12/site-packages/airflow/example_dags/tutorial_dag.py
[2024-04-21T14:33:37.672+0000] {logging_mixin.py:188} INFO - [2024-04-21T14:33:37.672+0000] {dag.py:3096} INFO - Sync 1 DAGs
[2024-04-21T14:33:37.679+0000] {logging_mixin.py:188} INFO - [2024-04-21T14:33:37.679+0000] {dag.py:3954} INFO - Setting next_dagrun for tutorial_dag to None, run_after=None
[2024-04-21T14:33:37.690+0000] {processor.py:183} INFO - Processing /home/airflow/.local/lib/python3.12/site-packages/airflow/example_dags/tutorial_dag.py took 0.045 seconds
[2024-04-21T14:34:08.346+0000] {processor.py:161} INFO - Started process (PID=2432) to work on /home/airflow/.local/lib/python3.12/site-packages/airflow/example_dags/tutorial_dag.py
[2024-04-21T14:34:08.347+0000] {processor.py:830} INFO - Processing file /home/airflow/.local/lib/python3.12/site-packages/airflow/example_dags/tutorial_dag.py for tasks to queue
[2024-04-21T14:34:08.348+0000] {logging_mixin.py:188} INFO - [2024-04-21T14:34:08.348+0000] {dagbag.py:540} INFO - Filling up the DagBag from /home/airflow/.local/lib/python3.12/site-packages/airflow/example_dags/tutorial_dag.py
[2024-04-21T14:34:08.352+0000] {processor.py:840} INFO - DAG(s) 'tutorial_dag' retrieved from /home/airflow/.local/lib/python3.12/site-packages/airflow/example_dags/tutorial_dag.py
[2024-04-21T14:34:08.372+0000] {logging_mixin.py:188} INFO - [2024-04-21T14:34:08.372+0000] {dag.py:3096} INFO - Sync 1 DAGs
[2024-04-21T14:34:08.382+0000] {logging_mixin.py:188} INFO - [2024-04-21T14:34:08.382+0000] {dag.py:3954} INFO - Setting next_dagrun for tutorial_dag to None, run_after=None
[2024-04-21T14:34:08.410+0000] {processor.py:183} INFO - Processing /home/airflow/.local/lib/python3.12/site-packages/airflow/example_dags/tutorial_dag.py took 0.068 seconds
[2024-04-21T14:34:38.557+0000] {processor.py:161} INFO - Started process (PID=2694) to work on /home/airflow/.local/lib/python3.12/site-packages/airflow/example_dags/tutorial_dag.py
[2024-04-21T14:34:38.557+0000] {processor.py:830} INFO - Processing file /home/airflow/.local/lib/python3.12/site-packages/airflow/example_dags/tutorial_dag.py for tasks to queue
[2024-04-21T14:34:38.558+0000] {logging_mixin.py:188} INFO - [2024-04-21T14:34:38.558+0000] {dagbag.py:540} INFO - Filling up the DagBag from /home/airflow/.local/lib/python3.12/site-packages/airflow/example_dags/tutorial_dag.py
[2024-04-21T14:34:38.562+0000] {processor.py:840} INFO - DAG(s) 'tutorial_dag' retrieved from /home/airflow/.local/lib/python3.12/site-packages/airflow/example_dags/tutorial_dag.py
[2024-04-21T14:34:38.581+0000] {logging_mixin.py:188} INFO - [2024-04-21T14:34:38.581+0000] {dag.py:3096} INFO - Sync 1 DAGs
[2024-04-21T14:34:38.589+0000] {logging_mixin.py:188} INFO - [2024-04-21T14:34:38.589+0000] {dag.py:3954} INFO - Setting next_dagrun for tutorial_dag to None, run_after=None
[2024-04-21T14:34:38.600+0000] {processor.py:183} INFO - Processing /home/airflow/.local/lib/python3.12/site-packages/airflow/example_dags/tutorial_dag.py took 0.048 seconds
[2024-04-21T14:36:11.077+0000] {processor.py:161} INFO - Started process (PID=2965) to work on /home/airflow/.local/lib/python3.12/site-packages/airflow/example_dags/tutorial_dag.py
[2024-04-21T14:36:11.078+0000] {processor.py:830} INFO - Processing file /home/airflow/.local/lib/python3.12/site-packages/airflow/example_dags/tutorial_dag.py for tasks to queue
[2024-04-21T14:36:11.080+0000] {logging_mixin.py:188} INFO - [2024-04-21T14:36:11.079+0000] {dagbag.py:540} INFO - Filling up the DagBag from /home/airflow/.local/lib/python3.12/site-packages/airflow/example_dags/tutorial_dag.py
[2024-04-21T14:36:11.083+0000] {processor.py:840} INFO - DAG(s) 'tutorial_dag' retrieved from /home/airflow/.local/lib/python3.12/site-packages/airflow/example_dags/tutorial_dag.py
[2024-04-21T14:36:11.095+0000] {logging_mixin.py:188} INFO - [2024-04-21T14:36:11.095+0000] {dag.py:3096} INFO - Sync 1 DAGs
[2024-04-21T14:36:11.102+0000] {logging_mixin.py:188} INFO - [2024-04-21T14:36:11.102+0000] {dag.py:3954} INFO - Setting next_dagrun for tutorial_dag to None, run_after=None
[2024-04-21T14:36:11.109+0000] {processor.py:183} INFO - Processing /home/airflow/.local/lib/python3.12/site-packages/airflow/example_dags/tutorial_dag.py took 0.035 seconds
[2024-04-21T14:36:42.060+0000] {processor.py:161} INFO - Started process (PID=3232) to work on /home/airflow/.local/lib/python3.12/site-packages/airflow/example_dags/tutorial_dag.py
[2024-04-21T14:36:42.061+0000] {processor.py:830} INFO - Processing file /home/airflow/.local/lib/python3.12/site-packages/airflow/example_dags/tutorial_dag.py for tasks to queue
[2024-04-21T14:36:42.062+0000] {logging_mixin.py:188} INFO - [2024-04-21T14:36:42.061+0000] {dagbag.py:540} INFO - Filling up the DagBag from /home/airflow/.local/lib/python3.12/site-packages/airflow/example_dags/tutorial_dag.py
[2024-04-21T14:36:42.065+0000] {processor.py:840} INFO - DAG(s) 'tutorial_dag' retrieved from /home/airflow/.local/lib/python3.12/site-packages/airflow/example_dags/tutorial_dag.py
[2024-04-21T14:36:42.077+0000] {logging_mixin.py:188} INFO - [2024-04-21T14:36:42.077+0000] {dag.py:3096} INFO - Sync 1 DAGs
[2024-04-21T14:36:42.082+0000] {logging_mixin.py:188} INFO - [2024-04-21T14:36:42.082+0000] {dag.py:3954} INFO - Setting next_dagrun for tutorial_dag to None, run_after=None
[2024-04-21T14:36:42.090+0000] {processor.py:183} INFO - Processing /home/airflow/.local/lib/python3.12/site-packages/airflow/example_dags/tutorial_dag.py took 0.033 seconds
[2024-04-21T14:37:12.304+0000] {processor.py:161} INFO - Started process (PID=3497) to work on /home/airflow/.local/lib/python3.12/site-packages/airflow/example_dags/tutorial_dag.py
[2024-04-21T14:37:12.305+0000] {processor.py:830} INFO - Processing file /home/airflow/.local/lib/python3.12/site-packages/airflow/example_dags/tutorial_dag.py for tasks to queue
[2024-04-21T14:37:12.306+0000] {logging_mixin.py:188} INFO - [2024-04-21T14:37:12.306+0000] {dagbag.py:540} INFO - Filling up the DagBag from /home/airflow/.local/lib/python3.12/site-packages/airflow/example_dags/tutorial_dag.py
[2024-04-21T14:37:12.309+0000] {processor.py:840} INFO - DAG(s) 'tutorial_dag' retrieved from /home/airflow/.local/lib/python3.12/site-packages/airflow/example_dags/tutorial_dag.py
[2024-04-21T14:37:12.322+0000] {logging_mixin.py:188} INFO - [2024-04-21T14:37:12.322+0000] {dag.py:3096} INFO - Sync 1 DAGs
[2024-04-21T14:37:12.328+0000] {logging_mixin.py:188} INFO - [2024-04-21T14:37:12.328+0000] {dag.py:3954} INFO - Setting next_dagrun for tutorial_dag to None, run_after=None
[2024-04-21T14:37:12.336+0000] {processor.py:183} INFO - Processing /home/airflow/.local/lib/python3.12/site-packages/airflow/example_dags/tutorial_dag.py took 0.036 seconds
[2024-04-21T14:37:42.409+0000] {processor.py:161} INFO - Started process (PID=3764) to work on /home/airflow/.local/lib/python3.12/site-packages/airflow/example_dags/tutorial_dag.py
[2024-04-21T14:37:42.410+0000] {processor.py:830} INFO - Processing file /home/airflow/.local/lib/python3.12/site-packages/airflow/example_dags/tutorial_dag.py for tasks to queue
[2024-04-21T14:37:42.411+0000] {logging_mixin.py:188} INFO - [2024-04-21T14:37:42.411+0000] {dagbag.py:540} INFO - Filling up the DagBag from /home/airflow/.local/lib/python3.12/site-packages/airflow/example_dags/tutorial_dag.py
[2024-04-21T14:37:42.414+0000] {processor.py:840} INFO - DAG(s) 'tutorial_dag' retrieved from /home/airflow/.local/lib/python3.12/site-packages/airflow/example_dags/tutorial_dag.py
[2024-04-21T14:37:42.425+0000] {logging_mixin.py:188} INFO - [2024-04-21T14:37:42.425+0000] {dag.py:3096} INFO - Sync 1 DAGs
[2024-04-21T14:37:42.431+0000] {logging_mixin.py:188} INFO - [2024-04-21T14:37:42.431+0000] {dag.py:3954} INFO - Setting next_dagrun for tutorial_dag to None, run_after=None
[2024-04-21T14:37:42.438+0000] {processor.py:183} INFO - Processing /home/airflow/.local/lib/python3.12/site-packages/airflow/example_dags/tutorial_dag.py took 0.032 seconds
[2024-04-21T14:53:48.047+0000] {processor.py:161} INFO - Started process (PID=4033) to work on /home/airflow/.local/lib/python3.12/site-packages/airflow/example_dags/tutorial_dag.py
[2024-04-21T14:53:48.048+0000] {processor.py:830} INFO - Processing file /home/airflow/.local/lib/python3.12/site-packages/airflow/example_dags/tutorial_dag.py for tasks to queue
[2024-04-21T14:53:48.049+0000] {logging_mixin.py:188} INFO - [2024-04-21T14:53:48.049+0000] {dagbag.py:540} INFO - Filling up the DagBag from /home/airflow/.local/lib/python3.12/site-packages/airflow/example_dags/tutorial_dag.py
[2024-04-21T14:53:48.052+0000] {processor.py:840} INFO - DAG(s) 'tutorial_dag' retrieved from /home/airflow/.local/lib/python3.12/site-packages/airflow/example_dags/tutorial_dag.py
[2024-04-21T14:53:48.063+0000] {logging_mixin.py:188} INFO - [2024-04-21T14:53:48.063+0000] {dag.py:3096} INFO - Sync 1 DAGs
[2024-04-21T14:53:48.069+0000] {logging_mixin.py:188} INFO - [2024-04-21T14:53:48.069+0000] {dag.py:3954} INFO - Setting next_dagrun for tutorial_dag to None, run_after=None
[2024-04-21T14:53:48.076+0000] {processor.py:183} INFO - Processing /home/airflow/.local/lib/python3.12/site-packages/airflow/example_dags/tutorial_dag.py took 0.032 seconds
[2024-04-21T14:54:18.923+0000] {processor.py:161} INFO - Started process (PID=4302) to work on /home/airflow/.local/lib/python3.12/site-packages/airflow/example_dags/tutorial_dag.py
[2024-04-21T14:54:18.923+0000] {processor.py:830} INFO - Processing file /home/airflow/.local/lib/python3.12/site-packages/airflow/example_dags/tutorial_dag.py for tasks to queue
[2024-04-21T14:54:18.924+0000] {logging_mixin.py:188} INFO - [2024-04-21T14:54:18.924+0000] {dagbag.py:540} INFO - Filling up the DagBag from /home/airflow/.local/lib/python3.12/site-packages/airflow/example_dags/tutorial_dag.py
[2024-04-21T14:54:18.927+0000] {processor.py:840} INFO - DAG(s) 'tutorial_dag' retrieved from /home/airflow/.local/lib/python3.12/site-packages/airflow/example_dags/tutorial_dag.py
[2024-04-21T14:54:18.939+0000] {logging_mixin.py:188} INFO - [2024-04-21T14:54:18.939+0000] {dag.py:3096} INFO - Sync 1 DAGs
[2024-04-21T14:54:18.945+0000] {logging_mixin.py:188} INFO - [2024-04-21T14:54:18.945+0000] {dag.py:3954} INFO - Setting next_dagrun for tutorial_dag to None, run_after=None
[2024-04-21T14:54:18.952+0000] {processor.py:183} INFO - Processing /home/airflow/.local/lib/python3.12/site-packages/airflow/example_dags/tutorial_dag.py took 0.033 seconds
[2024-04-21T14:54:48.998+0000] {processor.py:161} INFO - Started process (PID=4569) to work on /home/airflow/.local/lib/python3.12/site-packages/airflow/example_dags/tutorial_dag.py
[2024-04-21T14:54:48.999+0000] {processor.py:830} INFO - Processing file /home/airflow/.local/lib/python3.12/site-packages/airflow/example_dags/tutorial_dag.py for tasks to queue
[2024-04-21T14:54:49.000+0000] {logging_mixin.py:188} INFO - [2024-04-21T14:54:49.000+0000] {dagbag.py:540} INFO - Filling up the DagBag from /home/airflow/.local/lib/python3.12/site-packages/airflow/example_dags/tutorial_dag.py
[2024-04-21T14:54:49.003+0000] {processor.py:840} INFO - DAG(s) 'tutorial_dag' retrieved from /home/airflow/.local/lib/python3.12/site-packages/airflow/example_dags/tutorial_dag.py
[2024-04-21T14:54:49.016+0000] {logging_mixin.py:188} INFO - [2024-04-21T14:54:49.016+0000] {dag.py:3096} INFO - Sync 1 DAGs
[2024-04-21T14:54:49.021+0000] {logging_mixin.py:188} INFO - [2024-04-21T14:54:49.021+0000] {dag.py:3954} INFO - Setting next_dagrun for tutorial_dag to None, run_after=None
[2024-04-21T14:54:49.028+0000] {processor.py:183} INFO - Processing /home/airflow/.local/lib/python3.12/site-packages/airflow/example_dags/tutorial_dag.py took 0.033 seconds
[2024-04-21T14:55:19.898+0000] {processor.py:161} INFO - Started process (PID=4834) to work on /home/airflow/.local/lib/python3.12/site-packages/airflow/example_dags/tutorial_dag.py
[2024-04-21T14:55:19.898+0000] {processor.py:830} INFO - Processing file /home/airflow/.local/lib/python3.12/site-packages/airflow/example_dags/tutorial_dag.py for tasks to queue
[2024-04-21T14:55:19.899+0000] {logging_mixin.py:188} INFO - [2024-04-21T14:55:19.899+0000] {dagbag.py:540} INFO - Filling up the DagBag from /home/airflow/.local/lib/python3.12/site-packages/airflow/example_dags/tutorial_dag.py
[2024-04-21T14:55:19.902+0000] {processor.py:840} INFO - DAG(s) 'tutorial_dag' retrieved from /home/airflow/.local/lib/python3.12/site-packages/airflow/example_dags/tutorial_dag.py
[2024-04-21T14:55:19.914+0000] {logging_mixin.py:188} INFO - [2024-04-21T14:55:19.914+0000] {dag.py:3096} INFO - Sync 1 DAGs
[2024-04-21T14:55:19.919+0000] {logging_mixin.py:188} INFO - [2024-04-21T14:55:19.919+0000] {dag.py:3954} INFO - Setting next_dagrun for tutorial_dag to None, run_after=None
[2024-04-21T14:55:19.926+0000] {processor.py:183} INFO - Processing /home/airflow/.local/lib/python3.12/site-packages/airflow/example_dags/tutorial_dag.py took 0.031 seconds
[2024-04-21T14:55:50.748+0000] {processor.py:161} INFO - Started process (PID=5101) to work on /home/airflow/.local/lib/python3.12/site-packages/airflow/example_dags/tutorial_dag.py
[2024-04-21T14:55:50.749+0000] {processor.py:830} INFO - Processing file /home/airflow/.local/lib/python3.12/site-packages/airflow/example_dags/tutorial_dag.py for tasks to queue
[2024-04-21T14:55:50.750+0000] {logging_mixin.py:188} INFO - [2024-04-21T14:55:50.750+0000] {dagbag.py:540} INFO - Filling up the DagBag from /home/airflow/.local/lib/python3.12/site-packages/airflow/example_dags/tutorial_dag.py
[2024-04-21T14:55:50.753+0000] {processor.py:840} INFO - DAG(s) 'tutorial_dag' retrieved from /home/airflow/.local/lib/python3.12/site-packages/airflow/example_dags/tutorial_dag.py
[2024-04-21T14:55:50.766+0000] {logging_mixin.py:188} INFO - [2024-04-21T14:55:50.766+0000] {dag.py:3096} INFO - Sync 1 DAGs
[2024-04-21T14:55:50.771+0000] {logging_mixin.py:188} INFO - [2024-04-21T14:55:50.771+0000] {dag.py:3954} INFO - Setting next_dagrun for tutorial_dag to None, run_after=None
[2024-04-21T14:55:50.779+0000] {processor.py:183} INFO - Processing /home/airflow/.local/lib/python3.12/site-packages/airflow/example_dags/tutorial_dag.py took 0.033 seconds
[2024-04-21T14:56:21.562+0000] {processor.py:161} INFO - Started process (PID=5368) to work on /home/airflow/.local/lib/python3.12/site-packages/airflow/example_dags/tutorial_dag.py
[2024-04-21T14:56:21.562+0000] {processor.py:830} INFO - Processing file /home/airflow/.local/lib/python3.12/site-packages/airflow/example_dags/tutorial_dag.py for tasks to queue
[2024-04-21T14:56:21.563+0000] {logging_mixin.py:188} INFO - [2024-04-21T14:56:21.563+0000] {dagbag.py:540} INFO - Filling up the DagBag from /home/airflow/.local/lib/python3.12/site-packages/airflow/example_dags/tutorial_dag.py
[2024-04-21T14:56:21.566+0000] {processor.py:840} INFO - DAG(s) 'tutorial_dag' retrieved from /home/airflow/.local/lib/python3.12/site-packages/airflow/example_dags/tutorial_dag.py
[2024-04-21T14:56:21.578+0000] {logging_mixin.py:188} INFO - [2024-04-21T14:56:21.578+0000] {dag.py:3096} INFO - Sync 1 DAGs
[2024-04-21T14:56:21.584+0000] {logging_mixin.py:188} INFO - [2024-04-21T14:56:21.584+0000] {dag.py:3954} INFO - Setting next_dagrun for tutorial_dag to None, run_after=None
[2024-04-21T14:56:21.591+0000] {processor.py:183} INFO - Processing /home/airflow/.local/lib/python3.12/site-packages/airflow/example_dags/tutorial_dag.py took 0.033 seconds
[2024-04-21T14:56:52.581+0000] {processor.py:161} INFO - Started process (PID=5635) to work on /home/airflow/.local/lib/python3.12/site-packages/airflow/example_dags/tutorial_dag.py
[2024-04-21T14:56:52.582+0000] {processor.py:830} INFO - Processing file /home/airflow/.local/lib/python3.12/site-packages/airflow/example_dags/tutorial_dag.py for tasks to queue
[2024-04-21T14:56:52.583+0000] {logging_mixin.py:188} INFO - [2024-04-21T14:56:52.582+0000] {dagbag.py:540} INFO - Filling up the DagBag from /home/airflow/.local/lib/python3.12/site-packages/airflow/example_dags/tutorial_dag.py
[2024-04-21T14:56:52.586+0000] {processor.py:840} INFO - DAG(s) 'tutorial_dag' retrieved from /home/airflow/.local/lib/python3.12/site-packages/airflow/example_dags/tutorial_dag.py
[2024-04-21T14:56:52.599+0000] {logging_mixin.py:188} INFO - [2024-04-21T14:56:52.598+0000] {dag.py:3096} INFO - Sync 1 DAGs
[2024-04-21T14:56:52.604+0000] {logging_mixin.py:188} INFO - [2024-04-21T14:56:52.604+0000] {dag.py:3954} INFO - Setting next_dagrun for tutorial_dag to None, run_after=None
[2024-04-21T14:56:52.613+0000] {processor.py:183} INFO - Processing /home/airflow/.local/lib/python3.12/site-packages/airflow/example_dags/tutorial_dag.py took 0.035 seconds
[2024-04-21T14:57:22.641+0000] {processor.py:161} INFO - Started process (PID=5902) to work on /home/airflow/.local/lib/python3.12/site-packages/airflow/example_dags/tutorial_dag.py
[2024-04-21T14:57:22.642+0000] {processor.py:830} INFO - Processing file /home/airflow/.local/lib/python3.12/site-packages/airflow/example_dags/tutorial_dag.py for tasks to queue
[2024-04-21T14:57:22.642+0000] {logging_mixin.py:188} INFO - [2024-04-21T14:57:22.642+0000] {dagbag.py:540} INFO - Filling up the DagBag from /home/airflow/.local/lib/python3.12/site-packages/airflow/example_dags/tutorial_dag.py
[2024-04-21T14:57:22.645+0000] {processor.py:840} INFO - DAG(s) 'tutorial_dag' retrieved from /home/airflow/.local/lib/python3.12/site-packages/airflow/example_dags/tutorial_dag.py
[2024-04-21T14:57:22.657+0000] {logging_mixin.py:188} INFO - [2024-04-21T14:57:22.657+0000] {dag.py:3096} INFO - Sync 1 DAGs
[2024-04-21T14:57:22.662+0000] {logging_mixin.py:188} INFO - [2024-04-21T14:57:22.662+0000] {dag.py:3954} INFO - Setting next_dagrun for tutorial_dag to None, run_after=None
[2024-04-21T14:57:22.669+0000] {processor.py:183} INFO - Processing /home/airflow/.local/lib/python3.12/site-packages/airflow/example_dags/tutorial_dag.py took 0.031 seconds
[2024-04-21T14:57:52.825+0000] {processor.py:161} INFO - Started process (PID=6178) to work on /home/airflow/.local/lib/python3.12/site-packages/airflow/example_dags/tutorial_dag.py
[2024-04-21T14:57:52.826+0000] {processor.py:830} INFO - Processing file /home/airflow/.local/lib/python3.12/site-packages/airflow/example_dags/tutorial_dag.py for tasks to queue
[2024-04-21T14:57:52.827+0000] {logging_mixin.py:188} INFO - [2024-04-21T14:57:52.827+0000] {dagbag.py:540} INFO - Filling up the DagBag from /home/airflow/.local/lib/python3.12/site-packages/airflow/example_dags/tutorial_dag.py
[2024-04-21T14:57:52.830+0000] {processor.py:840} INFO - DAG(s) 'tutorial_dag' retrieved from /home/airflow/.local/lib/python3.12/site-packages/airflow/example_dags/tutorial_dag.py
[2024-04-21T14:57:52.842+0000] {logging_mixin.py:188} INFO - [2024-04-21T14:57:52.842+0000] {dag.py:3096} INFO - Sync 1 DAGs
[2024-04-21T14:57:52.848+0000] {logging_mixin.py:188} INFO - [2024-04-21T14:57:52.847+0000] {dag.py:3954} INFO - Setting next_dagrun for tutorial_dag to None, run_after=None
[2024-04-21T14:57:52.855+0000] {processor.py:183} INFO - Processing /home/airflow/.local/lib/python3.12/site-packages/airflow/example_dags/tutorial_dag.py took 0.033 seconds
[2024-04-21T14:58:23.861+0000] {processor.py:161} INFO - Started process (PID=6444) to work on /home/airflow/.local/lib/python3.12/site-packages/airflow/example_dags/tutorial_dag.py
[2024-04-21T14:58:23.862+0000] {processor.py:830} INFO - Processing file /home/airflow/.local/lib/python3.12/site-packages/airflow/example_dags/tutorial_dag.py for tasks to queue
[2024-04-21T14:58:23.863+0000] {logging_mixin.py:188} INFO - [2024-04-21T14:58:23.863+0000] {dagbag.py:540} INFO - Filling up the DagBag from /home/airflow/.local/lib/python3.12/site-packages/airflow/example_dags/tutorial_dag.py
[2024-04-21T14:58:23.866+0000] {processor.py:840} INFO - DAG(s) 'tutorial_dag' retrieved from /home/airflow/.local/lib/python3.12/site-packages/airflow/example_dags/tutorial_dag.py
[2024-04-21T14:58:23.880+0000] {logging_mixin.py:188} INFO - [2024-04-21T14:58:23.880+0000] {dag.py:3096} INFO - Sync 1 DAGs
[2024-04-21T14:58:23.886+0000] {logging_mixin.py:188} INFO - [2024-04-21T14:58:23.886+0000] {dag.py:3954} INFO - Setting next_dagrun for tutorial_dag to None, run_after=None
[2024-04-21T14:58:23.896+0000] {processor.py:183} INFO - Processing /home/airflow/.local/lib/python3.12/site-packages/airflow/example_dags/tutorial_dag.py took 0.038 seconds
[2024-04-21T14:58:54.417+0000] {processor.py:161} INFO - Started process (PID=6717) to work on /home/airflow/.local/lib/python3.12/site-packages/airflow/example_dags/tutorial_dag.py
[2024-04-21T14:58:54.417+0000] {processor.py:830} INFO - Processing file /home/airflow/.local/lib/python3.12/site-packages/airflow/example_dags/tutorial_dag.py for tasks to queue
[2024-04-21T14:58:54.418+0000] {logging_mixin.py:188} INFO - [2024-04-21T14:58:54.418+0000] {dagbag.py:540} INFO - Filling up the DagBag from /home/airflow/.local/lib/python3.12/site-packages/airflow/example_dags/tutorial_dag.py
[2024-04-21T14:58:54.421+0000] {processor.py:840} INFO - DAG(s) 'tutorial_dag' retrieved from /home/airflow/.local/lib/python3.12/site-packages/airflow/example_dags/tutorial_dag.py
[2024-04-21T14:58:54.433+0000] {logging_mixin.py:188} INFO - [2024-04-21T14:58:54.433+0000] {dag.py:3096} INFO - Sync 1 DAGs
[2024-04-21T14:58:54.439+0000] {logging_mixin.py:188} INFO - [2024-04-21T14:58:54.439+0000] {dag.py:3954} INFO - Setting next_dagrun for tutorial_dag to None, run_after=None
[2024-04-21T14:58:54.445+0000] {processor.py:183} INFO - Processing /home/airflow/.local/lib/python3.12/site-packages/airflow/example_dags/tutorial_dag.py took 0.032 seconds
[2024-04-21T14:59:25.193+0000] {processor.py:161} INFO - Started process (PID=6990) to work on /home/airflow/.local/lib/python3.12/site-packages/airflow/example_dags/tutorial_dag.py
[2024-04-21T14:59:25.193+0000] {processor.py:830} INFO - Processing file /home/airflow/.local/lib/python3.12/site-packages/airflow/example_dags/tutorial_dag.py for tasks to queue
[2024-04-21T14:59:25.194+0000] {logging_mixin.py:188} INFO - [2024-04-21T14:59:25.194+0000] {dagbag.py:540} INFO - Filling up the DagBag from /home/airflow/.local/lib/python3.12/site-packages/airflow/example_dags/tutorial_dag.py
[2024-04-21T14:59:25.197+0000] {processor.py:840} INFO - DAG(s) 'tutorial_dag' retrieved from /home/airflow/.local/lib/python3.12/site-packages/airflow/example_dags/tutorial_dag.py
[2024-04-21T14:59:25.210+0000] {logging_mixin.py:188} INFO - [2024-04-21T14:59:25.210+0000] {dag.py:3096} INFO - Sync 1 DAGs
[2024-04-21T14:59:25.216+0000] {logging_mixin.py:188} INFO - [2024-04-21T14:59:25.216+0000] {dag.py:3954} INFO - Setting next_dagrun for tutorial_dag to None, run_after=None
[2024-04-21T14:59:25.224+0000] {processor.py:183} INFO - Processing /home/airflow/.local/lib/python3.12/site-packages/airflow/example_dags/tutorial_dag.py took 0.034 seconds
[2024-04-21T14:59:55.991+0000] {processor.py:161} INFO - Started process (PID=7257) to work on /home/airflow/.local/lib/python3.12/site-packages/airflow/example_dags/tutorial_dag.py
[2024-04-21T14:59:55.991+0000] {processor.py:830} INFO - Processing file /home/airflow/.local/lib/python3.12/site-packages/airflow/example_dags/tutorial_dag.py for tasks to queue
[2024-04-21T14:59:55.992+0000] {logging_mixin.py:188} INFO - [2024-04-21T14:59:55.992+0000] {dagbag.py:540} INFO - Filling up the DagBag from /home/airflow/.local/lib/python3.12/site-packages/airflow/example_dags/tutorial_dag.py
[2024-04-21T14:59:55.995+0000] {processor.py:840} INFO - DAG(s) 'tutorial_dag' retrieved from /home/airflow/.local/lib/python3.12/site-packages/airflow/example_dags/tutorial_dag.py
[2024-04-21T14:59:56.008+0000] {logging_mixin.py:188} INFO - [2024-04-21T14:59:56.008+0000] {dag.py:3096} INFO - Sync 1 DAGs
[2024-04-21T14:59:56.013+0000] {logging_mixin.py:188} INFO - [2024-04-21T14:59:56.013+0000] {dag.py:3954} INFO - Setting next_dagrun for tutorial_dag to None, run_after=None
[2024-04-21T14:59:56.021+0000] {processor.py:183} INFO - Processing /home/airflow/.local/lib/python3.12/site-packages/airflow/example_dags/tutorial_dag.py took 0.034 seconds
[2024-04-21T15:00:26.840+0000] {processor.py:161} INFO - Started process (PID=7547) to work on /home/airflow/.local/lib/python3.12/site-packages/airflow/example_dags/tutorial_dag.py
[2024-04-21T15:00:26.840+0000] {processor.py:830} INFO - Processing file /home/airflow/.local/lib/python3.12/site-packages/airflow/example_dags/tutorial_dag.py for tasks to queue
[2024-04-21T15:00:26.841+0000] {logging_mixin.py:188} INFO - [2024-04-21T15:00:26.841+0000] {dagbag.py:540} INFO - Filling up the DagBag from /home/airflow/.local/lib/python3.12/site-packages/airflow/example_dags/tutorial_dag.py
[2024-04-21T15:00:26.844+0000] {processor.py:840} INFO - DAG(s) 'tutorial_dag' retrieved from /home/airflow/.local/lib/python3.12/site-packages/airflow/example_dags/tutorial_dag.py
[2024-04-21T15:00:26.857+0000] {logging_mixin.py:188} INFO - [2024-04-21T15:00:26.856+0000] {dag.py:3096} INFO - Sync 1 DAGs
[2024-04-21T15:00:26.862+0000] {logging_mixin.py:188} INFO - [2024-04-21T15:00:26.862+0000] {dag.py:3954} INFO - Setting next_dagrun for tutorial_dag to None, run_after=None
[2024-04-21T15:00:26.870+0000] {processor.py:183} INFO - Processing /home/airflow/.local/lib/python3.12/site-packages/airflow/example_dags/tutorial_dag.py took 0.034 seconds
[2024-04-21T15:00:57.850+0000] {processor.py:161} INFO - Started process (PID=7809) to work on /home/airflow/.local/lib/python3.12/site-packages/airflow/example_dags/tutorial_dag.py
[2024-04-21T15:00:57.851+0000] {processor.py:830} INFO - Processing file /home/airflow/.local/lib/python3.12/site-packages/airflow/example_dags/tutorial_dag.py for tasks to queue
[2024-04-21T15:00:57.852+0000] {logging_mixin.py:188} INFO - [2024-04-21T15:00:57.852+0000] {dagbag.py:540} INFO - Filling up the DagBag from /home/airflow/.local/lib/python3.12/site-packages/airflow/example_dags/tutorial_dag.py
[2024-04-21T15:00:57.855+0000] {processor.py:840} INFO - DAG(s) 'tutorial_dag' retrieved from /home/airflow/.local/lib/python3.12/site-packages/airflow/example_dags/tutorial_dag.py
[2024-04-21T15:00:57.867+0000] {logging_mixin.py:188} INFO - [2024-04-21T15:00:57.867+0000] {dag.py:3096} INFO - Sync 1 DAGs
[2024-04-21T15:00:57.873+0000] {logging_mixin.py:188} INFO - [2024-04-21T15:00:57.873+0000] {dag.py:3954} INFO - Setting next_dagrun for tutorial_dag to None, run_after=None
[2024-04-21T15:00:57.881+0000] {processor.py:183} INFO - Processing /home/airflow/.local/lib/python3.12/site-packages/airflow/example_dags/tutorial_dag.py took 0.034 seconds
[2024-04-21T15:01:28.066+0000] {processor.py:161} INFO - Started process (PID=8078) to work on /home/airflow/.local/lib/python3.12/site-packages/airflow/example_dags/tutorial_dag.py
[2024-04-21T15:01:28.066+0000] {processor.py:830} INFO - Processing file /home/airflow/.local/lib/python3.12/site-packages/airflow/example_dags/tutorial_dag.py for tasks to queue
[2024-04-21T15:01:28.067+0000] {logging_mixin.py:188} INFO - [2024-04-21T15:01:28.067+0000] {dagbag.py:540} INFO - Filling up the DagBag from /home/airflow/.local/lib/python3.12/site-packages/airflow/example_dags/tutorial_dag.py
[2024-04-21T15:01:28.070+0000] {processor.py:840} INFO - DAG(s) 'tutorial_dag' retrieved from /home/airflow/.local/lib/python3.12/site-packages/airflow/example_dags/tutorial_dag.py
[2024-04-21T15:01:28.083+0000] {logging_mixin.py:188} INFO - [2024-04-21T15:01:28.082+0000] {dag.py:3096} INFO - Sync 1 DAGs
[2024-04-21T15:01:28.088+0000] {logging_mixin.py:188} INFO - [2024-04-21T15:01:28.088+0000] {dag.py:3954} INFO - Setting next_dagrun for tutorial_dag to None, run_after=None
[2024-04-21T15:01:28.095+0000] {processor.py:183} INFO - Processing /home/airflow/.local/lib/python3.12/site-packages/airflow/example_dags/tutorial_dag.py took 0.033 seconds
[2024-04-21T15:01:58.153+0000] {processor.py:161} INFO - Started process (PID=8358) to work on /home/airflow/.local/lib/python3.12/site-packages/airflow/example_dags/tutorial_dag.py
[2024-04-21T15:01:58.154+0000] {processor.py:830} INFO - Processing file /home/airflow/.local/lib/python3.12/site-packages/airflow/example_dags/tutorial_dag.py for tasks to queue
[2024-04-21T15:01:58.155+0000] {logging_mixin.py:188} INFO - [2024-04-21T15:01:58.155+0000] {dagbag.py:540} INFO - Filling up the DagBag from /home/airflow/.local/lib/python3.12/site-packages/airflow/example_dags/tutorial_dag.py
[2024-04-21T15:01:58.158+0000] {processor.py:840} INFO - DAG(s) 'tutorial_dag' retrieved from /home/airflow/.local/lib/python3.12/site-packages/airflow/example_dags/tutorial_dag.py
[2024-04-21T15:01:58.171+0000] {logging_mixin.py:188} INFO - [2024-04-21T15:01:58.170+0000] {dag.py:3096} INFO - Sync 1 DAGs
[2024-04-21T15:01:58.176+0000] {logging_mixin.py:188} INFO - [2024-04-21T15:01:58.176+0000] {dag.py:3954} INFO - Setting next_dagrun for tutorial_dag to None, run_after=None
[2024-04-21T15:01:58.184+0000] {processor.py:183} INFO - Processing /home/airflow/.local/lib/python3.12/site-packages/airflow/example_dags/tutorial_dag.py took 0.034 seconds
[2024-04-21T15:02:29.023+0000] {processor.py:161} INFO - Started process (PID=8637) to work on /home/airflow/.local/lib/python3.12/site-packages/airflow/example_dags/tutorial_dag.py
[2024-04-21T15:02:29.023+0000] {processor.py:830} INFO - Processing file /home/airflow/.local/lib/python3.12/site-packages/airflow/example_dags/tutorial_dag.py for tasks to queue
[2024-04-21T15:02:29.024+0000] {logging_mixin.py:188} INFO - [2024-04-21T15:02:29.024+0000] {dagbag.py:540} INFO - Filling up the DagBag from /home/airflow/.local/lib/python3.12/site-packages/airflow/example_dags/tutorial_dag.py
[2024-04-21T15:02:29.027+0000] {processor.py:840} INFO - DAG(s) 'tutorial_dag' retrieved from /home/airflow/.local/lib/python3.12/site-packages/airflow/example_dags/tutorial_dag.py
[2024-04-21T15:02:29.039+0000] {logging_mixin.py:188} INFO - [2024-04-21T15:02:29.039+0000] {dag.py:3096} INFO - Sync 1 DAGs
[2024-04-21T15:02:29.044+0000] {logging_mixin.py:188} INFO - [2024-04-21T15:02:29.044+0000] {dag.py:3954} INFO - Setting next_dagrun for tutorial_dag to None, run_after=None
[2024-04-21T15:02:29.052+0000] {processor.py:183} INFO - Processing /home/airflow/.local/lib/python3.12/site-packages/airflow/example_dags/tutorial_dag.py took 0.032 seconds
[2024-04-21T15:02:59.903+0000] {processor.py:161} INFO - Started process (PID=8913) to work on /home/airflow/.local/lib/python3.12/site-packages/airflow/example_dags/tutorial_dag.py
[2024-04-21T15:02:59.904+0000] {processor.py:830} INFO - Processing file /home/airflow/.local/lib/python3.12/site-packages/airflow/example_dags/tutorial_dag.py for tasks to queue
[2024-04-21T15:02:59.905+0000] {logging_mixin.py:188} INFO - [2024-04-21T15:02:59.904+0000] {dagbag.py:540} INFO - Filling up the DagBag from /home/airflow/.local/lib/python3.12/site-packages/airflow/example_dags/tutorial_dag.py
[2024-04-21T15:02:59.907+0000] {processor.py:840} INFO - DAG(s) 'tutorial_dag' retrieved from /home/airflow/.local/lib/python3.12/site-packages/airflow/example_dags/tutorial_dag.py
[2024-04-21T15:02:59.920+0000] {logging_mixin.py:188} INFO - [2024-04-21T15:02:59.920+0000] {dag.py:3096} INFO - Sync 1 DAGs
[2024-04-21T15:02:59.925+0000] {logging_mixin.py:188} INFO - [2024-04-21T15:02:59.925+0000] {dag.py:3954} INFO - Setting next_dagrun for tutorial_dag to None, run_after=None
[2024-04-21T15:02:59.932+0000] {processor.py:183} INFO - Processing /home/airflow/.local/lib/python3.12/site-packages/airflow/example_dags/tutorial_dag.py took 0.033 seconds
[2024-04-21T15:03:30.791+0000] {processor.py:161} INFO - Started process (PID=9180) to work on /home/airflow/.local/lib/python3.12/site-packages/airflow/example_dags/tutorial_dag.py
[2024-04-21T15:03:30.792+0000] {processor.py:830} INFO - Processing file /home/airflow/.local/lib/python3.12/site-packages/airflow/example_dags/tutorial_dag.py for tasks to queue
[2024-04-21T15:03:30.793+0000] {logging_mixin.py:188} INFO - [2024-04-21T15:03:30.792+0000] {dagbag.py:540} INFO - Filling up the DagBag from /home/airflow/.local/lib/python3.12/site-packages/airflow/example_dags/tutorial_dag.py
[2024-04-21T15:03:30.795+0000] {processor.py:840} INFO - DAG(s) 'tutorial_dag' retrieved from /home/airflow/.local/lib/python3.12/site-packages/airflow/example_dags/tutorial_dag.py
[2024-04-21T15:03:30.807+0000] {logging_mixin.py:188} INFO - [2024-04-21T15:03:30.807+0000] {dag.py:3096} INFO - Sync 1 DAGs
[2024-04-21T15:03:30.813+0000] {logging_mixin.py:188} INFO - [2024-04-21T15:03:30.812+0000] {dag.py:3954} INFO - Setting next_dagrun for tutorial_dag to None, run_after=None
[2024-04-21T15:03:30.820+0000] {processor.py:183} INFO - Processing /home/airflow/.local/lib/python3.12/site-packages/airflow/example_dags/tutorial_dag.py took 0.032 seconds
[2024-04-21T15:04:01.732+0000] {processor.py:161} INFO - Started process (PID=9447) to work on /home/airflow/.local/lib/python3.12/site-packages/airflow/example_dags/tutorial_dag.py
[2024-04-21T15:04:01.733+0000] {processor.py:830} INFO - Processing file /home/airflow/.local/lib/python3.12/site-packages/airflow/example_dags/tutorial_dag.py for tasks to queue
[2024-04-21T15:04:01.734+0000] {logging_mixin.py:188} INFO - [2024-04-21T15:04:01.734+0000] {dagbag.py:540} INFO - Filling up the DagBag from /home/airflow/.local/lib/python3.12/site-packages/airflow/example_dags/tutorial_dag.py
[2024-04-21T15:04:01.737+0000] {processor.py:840} INFO - DAG(s) 'tutorial_dag' retrieved from /home/airflow/.local/lib/python3.12/site-packages/airflow/example_dags/tutorial_dag.py
[2024-04-21T15:04:01.749+0000] {logging_mixin.py:188} INFO - [2024-04-21T15:04:01.749+0000] {dag.py:3096} INFO - Sync 1 DAGs
[2024-04-21T15:04:01.754+0000] {logging_mixin.py:188} INFO - [2024-04-21T15:04:01.754+0000] {dag.py:3954} INFO - Setting next_dagrun for tutorial_dag to None, run_after=None
[2024-04-21T15:04:01.762+0000] {processor.py:183} INFO - Processing /home/airflow/.local/lib/python3.12/site-packages/airflow/example_dags/tutorial_dag.py took 0.033 seconds
[2024-04-21T15:04:32.573+0000] {processor.py:161} INFO - Started process (PID=9714) to work on /home/airflow/.local/lib/python3.12/site-packages/airflow/example_dags/tutorial_dag.py
[2024-04-21T15:04:32.573+0000] {processor.py:830} INFO - Processing file /home/airflow/.local/lib/python3.12/site-packages/airflow/example_dags/tutorial_dag.py for tasks to queue
[2024-04-21T15:04:32.574+0000] {logging_mixin.py:188} INFO - [2024-04-21T15:04:32.574+0000] {dagbag.py:540} INFO - Filling up the DagBag from /home/airflow/.local/lib/python3.12/site-packages/airflow/example_dags/tutorial_dag.py
[2024-04-21T15:04:32.577+0000] {processor.py:840} INFO - DAG(s) 'tutorial_dag' retrieved from /home/airflow/.local/lib/python3.12/site-packages/airflow/example_dags/tutorial_dag.py
[2024-04-21T15:04:32.589+0000] {logging_mixin.py:188} INFO - [2024-04-21T15:04:32.589+0000] {dag.py:3096} INFO - Sync 1 DAGs
[2024-04-21T15:04:32.594+0000] {logging_mixin.py:188} INFO - [2024-04-21T15:04:32.594+0000] {dag.py:3954} INFO - Setting next_dagrun for tutorial_dag to None, run_after=None
[2024-04-21T15:04:32.601+0000] {processor.py:183} INFO - Processing /home/airflow/.local/lib/python3.12/site-packages/airflow/example_dags/tutorial_dag.py took 0.032 seconds
[2024-04-21T15:05:03.449+0000] {processor.py:161} INFO - Started process (PID=9980) to work on /home/airflow/.local/lib/python3.12/site-packages/airflow/example_dags/tutorial_dag.py
[2024-04-21T15:05:03.449+0000] {processor.py:830} INFO - Processing file /home/airflow/.local/lib/python3.12/site-packages/airflow/example_dags/tutorial_dag.py for tasks to queue
[2024-04-21T15:05:03.450+0000] {logging_mixin.py:188} INFO - [2024-04-21T15:05:03.450+0000] {dagbag.py:540} INFO - Filling up the DagBag from /home/airflow/.local/lib/python3.12/site-packages/airflow/example_dags/tutorial_dag.py
[2024-04-21T15:05:03.453+0000] {processor.py:840} INFO - DAG(s) 'tutorial_dag' retrieved from /home/airflow/.local/lib/python3.12/site-packages/airflow/example_dags/tutorial_dag.py
[2024-04-21T15:05:03.466+0000] {logging_mixin.py:188} INFO - [2024-04-21T15:05:03.466+0000] {dag.py:3096} INFO - Sync 1 DAGs
[2024-04-21T15:05:03.472+0000] {logging_mixin.py:188} INFO - [2024-04-21T15:05:03.472+0000] {dag.py:3954} INFO - Setting next_dagrun for tutorial_dag to None, run_after=None
[2024-04-21T15:05:03.480+0000] {processor.py:183} INFO - Processing /home/airflow/.local/lib/python3.12/site-packages/airflow/example_dags/tutorial_dag.py took 0.035 seconds
[2024-04-21T15:05:34.292+0000] {processor.py:161} INFO - Started process (PID=10247) to work on /home/airflow/.local/lib/python3.12/site-packages/airflow/example_dags/tutorial_dag.py
[2024-04-21T15:05:34.293+0000] {processor.py:830} INFO - Processing file /home/airflow/.local/lib/python3.12/site-packages/airflow/example_dags/tutorial_dag.py for tasks to queue
[2024-04-21T15:05:34.294+0000] {logging_mixin.py:188} INFO - [2024-04-21T15:05:34.294+0000] {dagbag.py:540} INFO - Filling up the DagBag from /home/airflow/.local/lib/python3.12/site-packages/airflow/example_dags/tutorial_dag.py
[2024-04-21T15:05:34.297+0000] {processor.py:840} INFO - DAG(s) 'tutorial_dag' retrieved from /home/airflow/.local/lib/python3.12/site-packages/airflow/example_dags/tutorial_dag.py
[2024-04-21T15:05:34.309+0000] {logging_mixin.py:188} INFO - [2024-04-21T15:05:34.309+0000] {dag.py:3096} INFO - Sync 1 DAGs
[2024-04-21T15:05:34.314+0000] {logging_mixin.py:188} INFO - [2024-04-21T15:05:34.314+0000] {dag.py:3954} INFO - Setting next_dagrun for tutorial_dag to None, run_after=None
[2024-04-21T15:05:34.321+0000] {processor.py:183} INFO - Processing /home/airflow/.local/lib/python3.12/site-packages/airflow/example_dags/tutorial_dag.py took 0.032 seconds
[2024-04-21T15:06:05.217+0000] {processor.py:161} INFO - Started process (PID=10516) to work on /home/airflow/.local/lib/python3.12/site-packages/airflow/example_dags/tutorial_dag.py
[2024-04-21T15:06:05.218+0000] {processor.py:830} INFO - Processing file /home/airflow/.local/lib/python3.12/site-packages/airflow/example_dags/tutorial_dag.py for tasks to queue
[2024-04-21T15:06:05.219+0000] {logging_mixin.py:188} INFO - [2024-04-21T15:06:05.219+0000] {dagbag.py:540} INFO - Filling up the DagBag from /home/airflow/.local/lib/python3.12/site-packages/airflow/example_dags/tutorial_dag.py
[2024-04-21T15:06:05.222+0000] {processor.py:840} INFO - DAG(s) 'tutorial_dag' retrieved from /home/airflow/.local/lib/python3.12/site-packages/airflow/example_dags/tutorial_dag.py
[2024-04-21T15:06:05.234+0000] {logging_mixin.py:188} INFO - [2024-04-21T15:06:05.234+0000] {dag.py:3096} INFO - Sync 1 DAGs
[2024-04-21T15:06:05.240+0000] {logging_mixin.py:188} INFO - [2024-04-21T15:06:05.240+0000] {dag.py:3954} INFO - Setting next_dagrun for tutorial_dag to None, run_after=None
[2024-04-21T15:06:05.247+0000] {processor.py:183} INFO - Processing /home/airflow/.local/lib/python3.12/site-packages/airflow/example_dags/tutorial_dag.py took 0.033 seconds
[2024-04-21T15:06:36.119+0000] {processor.py:161} INFO - Started process (PID=10783) to work on /home/airflow/.local/lib/python3.12/site-packages/airflow/example_dags/tutorial_dag.py
[2024-04-21T15:06:36.120+0000] {processor.py:830} INFO - Processing file /home/airflow/.local/lib/python3.12/site-packages/airflow/example_dags/tutorial_dag.py for tasks to queue
[2024-04-21T15:06:36.121+0000] {logging_mixin.py:188} INFO - [2024-04-21T15:06:36.121+0000] {dagbag.py:540} INFO - Filling up the DagBag from /home/airflow/.local/lib/python3.12/site-packages/airflow/example_dags/tutorial_dag.py
[2024-04-21T15:06:36.124+0000] {processor.py:840} INFO - DAG(s) 'tutorial_dag' retrieved from /home/airflow/.local/lib/python3.12/site-packages/airflow/example_dags/tutorial_dag.py
[2024-04-21T15:06:36.137+0000] {logging_mixin.py:188} INFO - [2024-04-21T15:06:36.137+0000] {dag.py:3096} INFO - Sync 1 DAGs
[2024-04-21T15:06:36.142+0000] {logging_mixin.py:188} INFO - [2024-04-21T15:06:36.142+0000] {dag.py:3954} INFO - Setting next_dagrun for tutorial_dag to None, run_after=None
[2024-04-21T15:06:36.150+0000] {processor.py:183} INFO - Processing /home/airflow/.local/lib/python3.12/site-packages/airflow/example_dags/tutorial_dag.py took 0.034 seconds
[2024-04-21T15:07:06.297+0000] {processor.py:161} INFO - Started process (PID=11050) to work on /home/airflow/.local/lib/python3.12/site-packages/airflow/example_dags/tutorial_dag.py
[2024-04-21T15:07:06.297+0000] {processor.py:830} INFO - Processing file /home/airflow/.local/lib/python3.12/site-packages/airflow/example_dags/tutorial_dag.py for tasks to queue
[2024-04-21T15:07:06.298+0000] {logging_mixin.py:188} INFO - [2024-04-21T15:07:06.298+0000] {dagbag.py:540} INFO - Filling up the DagBag from /home/airflow/.local/lib/python3.12/site-packages/airflow/example_dags/tutorial_dag.py
[2024-04-21T15:07:06.301+0000] {processor.py:840} INFO - DAG(s) 'tutorial_dag' retrieved from /home/airflow/.local/lib/python3.12/site-packages/airflow/example_dags/tutorial_dag.py
[2024-04-21T15:07:06.313+0000] {logging_mixin.py:188} INFO - [2024-04-21T15:07:06.313+0000] {dag.py:3096} INFO - Sync 1 DAGs
[2024-04-21T15:07:06.319+0000] {logging_mixin.py:188} INFO - [2024-04-21T15:07:06.319+0000] {dag.py:3954} INFO - Setting next_dagrun for tutorial_dag to None, run_after=None
[2024-04-21T15:07:06.326+0000] {processor.py:183} INFO - Processing /home/airflow/.local/lib/python3.12/site-packages/airflow/example_dags/tutorial_dag.py took 0.033 seconds
[2024-04-21T15:07:36.582+0000] {processor.py:161} INFO - Started process (PID=11339) to work on /home/airflow/.local/lib/python3.12/site-packages/airflow/example_dags/tutorial_dag.py
[2024-04-21T15:07:36.582+0000] {processor.py:830} INFO - Processing file /home/airflow/.local/lib/python3.12/site-packages/airflow/example_dags/tutorial_dag.py for tasks to queue
[2024-04-21T15:07:36.583+0000] {logging_mixin.py:188} INFO - [2024-04-21T15:07:36.583+0000] {dagbag.py:540} INFO - Filling up the DagBag from /home/airflow/.local/lib/python3.12/site-packages/airflow/example_dags/tutorial_dag.py
[2024-04-21T15:07:36.586+0000] {processor.py:840} INFO - DAG(s) 'tutorial_dag' retrieved from /home/airflow/.local/lib/python3.12/site-packages/airflow/example_dags/tutorial_dag.py
[2024-04-21T15:07:36.598+0000] {logging_mixin.py:188} INFO - [2024-04-21T15:07:36.598+0000] {dag.py:3096} INFO - Sync 1 DAGs
[2024-04-21T15:07:36.604+0000] {logging_mixin.py:188} INFO - [2024-04-21T15:07:36.604+0000] {dag.py:3954} INFO - Setting next_dagrun for tutorial_dag to None, run_after=None
[2024-04-21T15:07:36.611+0000] {processor.py:183} INFO - Processing /home/airflow/.local/lib/python3.12/site-packages/airflow/example_dags/tutorial_dag.py took 0.033 seconds
[2024-04-21T15:08:06.672+0000] {processor.py:161} INFO - Started process (PID=11617) to work on /home/airflow/.local/lib/python3.12/site-packages/airflow/example_dags/tutorial_dag.py
[2024-04-21T15:08:06.672+0000] {processor.py:830} INFO - Processing file /home/airflow/.local/lib/python3.12/site-packages/airflow/example_dags/tutorial_dag.py for tasks to queue
[2024-04-21T15:08:06.673+0000] {logging_mixin.py:188} INFO - [2024-04-21T15:08:06.673+0000] {dagbag.py:540} INFO - Filling up the DagBag from /home/airflow/.local/lib/python3.12/site-packages/airflow/example_dags/tutorial_dag.py
[2024-04-21T15:08:06.676+0000] {processor.py:840} INFO - DAG(s) 'tutorial_dag' retrieved from /home/airflow/.local/lib/python3.12/site-packages/airflow/example_dags/tutorial_dag.py
[2024-04-21T15:08:06.689+0000] {logging_mixin.py:188} INFO - [2024-04-21T15:08:06.689+0000] {dag.py:3096} INFO - Sync 1 DAGs
[2024-04-21T15:08:06.694+0000] {logging_mixin.py:188} INFO - [2024-04-21T15:08:06.694+0000] {dag.py:3954} INFO - Setting next_dagrun for tutorial_dag to None, run_after=None
[2024-04-21T15:08:06.701+0000] {processor.py:183} INFO - Processing /home/airflow/.local/lib/python3.12/site-packages/airflow/example_dags/tutorial_dag.py took 0.033 seconds
[2024-04-21T15:08:37.576+0000] {processor.py:161} INFO - Started process (PID=11896) to work on /home/airflow/.local/lib/python3.12/site-packages/airflow/example_dags/tutorial_dag.py
[2024-04-21T15:08:37.577+0000] {processor.py:830} INFO - Processing file /home/airflow/.local/lib/python3.12/site-packages/airflow/example_dags/tutorial_dag.py for tasks to queue
[2024-04-21T15:08:37.578+0000] {logging_mixin.py:188} INFO - [2024-04-21T15:08:37.578+0000] {dagbag.py:540} INFO - Filling up the DagBag from /home/airflow/.local/lib/python3.12/site-packages/airflow/example_dags/tutorial_dag.py
[2024-04-21T15:08:37.581+0000] {processor.py:840} INFO - DAG(s) 'tutorial_dag' retrieved from /home/airflow/.local/lib/python3.12/site-packages/airflow/example_dags/tutorial_dag.py
[2024-04-21T15:08:37.593+0000] {logging_mixin.py:188} INFO - [2024-04-21T15:08:37.592+0000] {dag.py:3096} INFO - Sync 1 DAGs
[2024-04-21T15:08:37.598+0000] {logging_mixin.py:188} INFO - [2024-04-21T15:08:37.598+0000] {dag.py:3954} INFO - Setting next_dagrun for tutorial_dag to None, run_after=None
[2024-04-21T15:08:37.605+0000] {processor.py:183} INFO - Processing /home/airflow/.local/lib/python3.12/site-packages/airflow/example_dags/tutorial_dag.py took 0.032 seconds
[2024-04-21T15:09:08.531+0000] {processor.py:161} INFO - Started process (PID=12164) to work on /home/airflow/.local/lib/python3.12/site-packages/airflow/example_dags/tutorial_dag.py
[2024-04-21T15:09:08.531+0000] {processor.py:830} INFO - Processing file /home/airflow/.local/lib/python3.12/site-packages/airflow/example_dags/tutorial_dag.py for tasks to queue
[2024-04-21T15:09:08.532+0000] {logging_mixin.py:188} INFO - [2024-04-21T15:09:08.532+0000] {dagbag.py:540} INFO - Filling up the DagBag from /home/airflow/.local/lib/python3.12/site-packages/airflow/example_dags/tutorial_dag.py
[2024-04-21T15:09:08.535+0000] {processor.py:840} INFO - DAG(s) 'tutorial_dag' retrieved from /home/airflow/.local/lib/python3.12/site-packages/airflow/example_dags/tutorial_dag.py
[2024-04-21T15:09:08.547+0000] {logging_mixin.py:188} INFO - [2024-04-21T15:09:08.547+0000] {dag.py:3096} INFO - Sync 1 DAGs
[2024-04-21T15:09:08.553+0000] {logging_mixin.py:188} INFO - [2024-04-21T15:09:08.553+0000] {dag.py:3954} INFO - Setting next_dagrun for tutorial_dag to None, run_after=None
[2024-04-21T15:09:08.560+0000] {processor.py:183} INFO - Processing /home/airflow/.local/lib/python3.12/site-packages/airflow/example_dags/tutorial_dag.py took 0.032 seconds
[2024-04-21T15:09:39.309+0000] {processor.py:161} INFO - Started process (PID=12431) to work on /home/airflow/.local/lib/python3.12/site-packages/airflow/example_dags/tutorial_dag.py
[2024-04-21T15:09:39.309+0000] {processor.py:830} INFO - Processing file /home/airflow/.local/lib/python3.12/site-packages/airflow/example_dags/tutorial_dag.py for tasks to queue
[2024-04-21T15:09:39.310+0000] {logging_mixin.py:188} INFO - [2024-04-21T15:09:39.310+0000] {dagbag.py:540} INFO - Filling up the DagBag from /home/airflow/.local/lib/python3.12/site-packages/airflow/example_dags/tutorial_dag.py
[2024-04-21T15:09:39.313+0000] {processor.py:840} INFO - DAG(s) 'tutorial_dag' retrieved from /home/airflow/.local/lib/python3.12/site-packages/airflow/example_dags/tutorial_dag.py
[2024-04-21T15:09:39.327+0000] {logging_mixin.py:188} INFO - [2024-04-21T15:09:39.326+0000] {dag.py:3096} INFO - Sync 1 DAGs
[2024-04-21T15:09:39.333+0000] {logging_mixin.py:188} INFO - [2024-04-21T15:09:39.333+0000] {dag.py:3954} INFO - Setting next_dagrun for tutorial_dag to None, run_after=None
[2024-04-21T15:09:39.342+0000] {processor.py:183} INFO - Processing /home/airflow/.local/lib/python3.12/site-packages/airflow/example_dags/tutorial_dag.py took 0.036 seconds
[2024-04-21T15:10:10.392+0000] {processor.py:161} INFO - Started process (PID=12700) to work on /home/airflow/.local/lib/python3.12/site-packages/airflow/example_dags/tutorial_dag.py
[2024-04-21T15:10:10.393+0000] {processor.py:830} INFO - Processing file /home/airflow/.local/lib/python3.12/site-packages/airflow/example_dags/tutorial_dag.py for tasks to queue
[2024-04-21T15:10:10.394+0000] {logging_mixin.py:188} INFO - [2024-04-21T15:10:10.394+0000] {dagbag.py:540} INFO - Filling up the DagBag from /home/airflow/.local/lib/python3.12/site-packages/airflow/example_dags/tutorial_dag.py
[2024-04-21T15:10:10.397+0000] {processor.py:840} INFO - DAG(s) 'tutorial_dag' retrieved from /home/airflow/.local/lib/python3.12/site-packages/airflow/example_dags/tutorial_dag.py
[2024-04-21T15:10:10.410+0000] {logging_mixin.py:188} INFO - [2024-04-21T15:10:10.410+0000] {dag.py:3096} INFO - Sync 1 DAGs
[2024-04-21T15:10:10.415+0000] {logging_mixin.py:188} INFO - [2024-04-21T15:10:10.415+0000] {dag.py:3954} INFO - Setting next_dagrun for tutorial_dag to None, run_after=None
[2024-04-21T15:10:10.423+0000] {processor.py:183} INFO - Processing /home/airflow/.local/lib/python3.12/site-packages/airflow/example_dags/tutorial_dag.py took 0.034 seconds
[2024-04-21T15:10:40.779+0000] {processor.py:161} INFO - Started process (PID=12972) to work on /home/airflow/.local/lib/python3.12/site-packages/airflow/example_dags/tutorial_dag.py
[2024-04-21T15:10:40.780+0000] {processor.py:830} INFO - Processing file /home/airflow/.local/lib/python3.12/site-packages/airflow/example_dags/tutorial_dag.py for tasks to queue
[2024-04-21T15:10:40.781+0000] {logging_mixin.py:188} INFO - [2024-04-21T15:10:40.781+0000] {dagbag.py:540} INFO - Filling up the DagBag from /home/airflow/.local/lib/python3.12/site-packages/airflow/example_dags/tutorial_dag.py
[2024-04-21T15:10:40.785+0000] {processor.py:840} INFO - DAG(s) 'tutorial_dag' retrieved from /home/airflow/.local/lib/python3.12/site-packages/airflow/example_dags/tutorial_dag.py
[2024-04-21T15:10:40.800+0000] {logging_mixin.py:188} INFO - [2024-04-21T15:10:40.800+0000] {dag.py:3096} INFO - Sync 1 DAGs
[2024-04-21T15:10:40.807+0000] {logging_mixin.py:188} INFO - [2024-04-21T15:10:40.807+0000] {dag.py:3954} INFO - Setting next_dagrun for tutorial_dag to None, run_after=None
[2024-04-21T15:10:40.819+0000] {processor.py:183} INFO - Processing /home/airflow/.local/lib/python3.12/site-packages/airflow/example_dags/tutorial_dag.py took 0.044 seconds
[2024-04-21T15:11:11.707+0000] {processor.py:161} INFO - Started process (PID=13252) to work on /home/airflow/.local/lib/python3.12/site-packages/airflow/example_dags/tutorial_dag.py
[2024-04-21T15:11:11.708+0000] {processor.py:830} INFO - Processing file /home/airflow/.local/lib/python3.12/site-packages/airflow/example_dags/tutorial_dag.py for tasks to queue
[2024-04-21T15:11:11.709+0000] {logging_mixin.py:188} INFO - [2024-04-21T15:11:11.708+0000] {dagbag.py:540} INFO - Filling up the DagBag from /home/airflow/.local/lib/python3.12/site-packages/airflow/example_dags/tutorial_dag.py
[2024-04-21T15:11:11.712+0000] {processor.py:840} INFO - DAG(s) 'tutorial_dag' retrieved from /home/airflow/.local/lib/python3.12/site-packages/airflow/example_dags/tutorial_dag.py
[2024-04-21T15:11:11.725+0000] {logging_mixin.py:188} INFO - [2024-04-21T15:11:11.725+0000] {dag.py:3096} INFO - Sync 1 DAGs
[2024-04-21T15:11:11.731+0000] {logging_mixin.py:188} INFO - [2024-04-21T15:11:11.731+0000] {dag.py:3954} INFO - Setting next_dagrun for tutorial_dag to None, run_after=None
[2024-04-21T15:11:11.739+0000] {processor.py:183} INFO - Processing /home/airflow/.local/lib/python3.12/site-packages/airflow/example_dags/tutorial_dag.py took 0.035 seconds
[2024-04-21T15:11:42.647+0000] {processor.py:161} INFO - Started process (PID=13523) to work on /home/airflow/.local/lib/python3.12/site-packages/airflow/example_dags/tutorial_dag.py
[2024-04-21T15:11:42.647+0000] {processor.py:830} INFO - Processing file /home/airflow/.local/lib/python3.12/site-packages/airflow/example_dags/tutorial_dag.py for tasks to queue
[2024-04-21T15:11:42.648+0000] {logging_mixin.py:188} INFO - [2024-04-21T15:11:42.648+0000] {dagbag.py:540} INFO - Filling up the DagBag from /home/airflow/.local/lib/python3.12/site-packages/airflow/example_dags/tutorial_dag.py
[2024-04-21T15:11:42.651+0000] {processor.py:840} INFO - DAG(s) 'tutorial_dag' retrieved from /home/airflow/.local/lib/python3.12/site-packages/airflow/example_dags/tutorial_dag.py
[2024-04-21T15:11:42.663+0000] {logging_mixin.py:188} INFO - [2024-04-21T15:11:42.663+0000] {dag.py:3096} INFO - Sync 1 DAGs
[2024-04-21T15:11:42.668+0000] {logging_mixin.py:188} INFO - [2024-04-21T15:11:42.668+0000] {dag.py:3954} INFO - Setting next_dagrun for tutorial_dag to None, run_after=None
[2024-04-21T15:11:42.675+0000] {processor.py:183} INFO - Processing /home/airflow/.local/lib/python3.12/site-packages/airflow/example_dags/tutorial_dag.py took 0.032 seconds
[2024-04-21T15:12:13.727+0000] {processor.py:161} INFO - Started process (PID=13805) to work on /home/airflow/.local/lib/python3.12/site-packages/airflow/example_dags/tutorial_dag.py
[2024-04-21T15:12:13.727+0000] {processor.py:830} INFO - Processing file /home/airflow/.local/lib/python3.12/site-packages/airflow/example_dags/tutorial_dag.py for tasks to queue
[2024-04-21T15:12:13.728+0000] {logging_mixin.py:188} INFO - [2024-04-21T15:12:13.728+0000] {dagbag.py:540} INFO - Filling up the DagBag from /home/airflow/.local/lib/python3.12/site-packages/airflow/example_dags/tutorial_dag.py
[2024-04-21T15:12:13.731+0000] {processor.py:840} INFO - DAG(s) 'tutorial_dag' retrieved from /home/airflow/.local/lib/python3.12/site-packages/airflow/example_dags/tutorial_dag.py
[2024-04-21T15:12:13.743+0000] {logging_mixin.py:188} INFO - [2024-04-21T15:12:13.743+0000] {dag.py:3096} INFO - Sync 1 DAGs
[2024-04-21T15:12:13.748+0000] {logging_mixin.py:188} INFO - [2024-04-21T15:12:13.748+0000] {dag.py:3954} INFO - Setting next_dagrun for tutorial_dag to None, run_after=None
[2024-04-21T15:12:13.755+0000] {processor.py:183} INFO - Processing /home/airflow/.local/lib/python3.12/site-packages/airflow/example_dags/tutorial_dag.py took 0.031 seconds
[2024-04-21T15:12:44.451+0000] {processor.py:161} INFO - Started process (PID=14081) to work on /home/airflow/.local/lib/python3.12/site-packages/airflow/example_dags/tutorial_dag.py
[2024-04-21T15:12:44.452+0000] {processor.py:830} INFO - Processing file /home/airflow/.local/lib/python3.12/site-packages/airflow/example_dags/tutorial_dag.py for tasks to queue
[2024-04-21T15:12:44.453+0000] {logging_mixin.py:188} INFO - [2024-04-21T15:12:44.453+0000] {dagbag.py:540} INFO - Filling up the DagBag from /home/airflow/.local/lib/python3.12/site-packages/airflow/example_dags/tutorial_dag.py
[2024-04-21T15:12:44.456+0000] {processor.py:840} INFO - DAG(s) 'tutorial_dag' retrieved from /home/airflow/.local/lib/python3.12/site-packages/airflow/example_dags/tutorial_dag.py
[2024-04-21T15:12:44.468+0000] {logging_mixin.py:188} INFO - [2024-04-21T15:12:44.468+0000] {dag.py:3096} INFO - Sync 1 DAGs
[2024-04-21T15:12:44.473+0000] {logging_mixin.py:188} INFO - [2024-04-21T15:12:44.473+0000] {dag.py:3954} INFO - Setting next_dagrun for tutorial_dag to None, run_after=None
[2024-04-21T15:12:44.481+0000] {processor.py:183} INFO - Processing /home/airflow/.local/lib/python3.12/site-packages/airflow/example_dags/tutorial_dag.py took 0.033 seconds
[2024-04-21T15:13:15.483+0000] {processor.py:161} INFO - Started process (PID=14367) to work on /home/airflow/.local/lib/python3.12/site-packages/airflow/example_dags/tutorial_dag.py
[2024-04-21T15:13:15.483+0000] {processor.py:830} INFO - Processing file /home/airflow/.local/lib/python3.12/site-packages/airflow/example_dags/tutorial_dag.py for tasks to queue
[2024-04-21T15:13:15.484+0000] {logging_mixin.py:188} INFO - [2024-04-21T15:13:15.484+0000] {dagbag.py:540} INFO - Filling up the DagBag from /home/airflow/.local/lib/python3.12/site-packages/airflow/example_dags/tutorial_dag.py
[2024-04-21T15:13:15.487+0000] {processor.py:840} INFO - DAG(s) 'tutorial_dag' retrieved from /home/airflow/.local/lib/python3.12/site-packages/airflow/example_dags/tutorial_dag.py
[2024-04-21T15:13:15.498+0000] {logging_mixin.py:188} INFO - [2024-04-21T15:13:15.498+0000] {dag.py:3096} INFO - Sync 1 DAGs
[2024-04-21T15:13:15.504+0000] {logging_mixin.py:188} INFO - [2024-04-21T15:13:15.504+0000] {dag.py:3954} INFO - Setting next_dagrun for tutorial_dag to None, run_after=None
[2024-04-21T15:13:15.512+0000] {processor.py:183} INFO - Processing /home/airflow/.local/lib/python3.12/site-packages/airflow/example_dags/tutorial_dag.py took 0.032 seconds
[2024-04-21T15:13:46.542+0000] {processor.py:161} INFO - Started process (PID=14633) to work on /home/airflow/.local/lib/python3.12/site-packages/airflow/example_dags/tutorial_dag.py
[2024-04-21T15:13:46.542+0000] {processor.py:830} INFO - Processing file /home/airflow/.local/lib/python3.12/site-packages/airflow/example_dags/tutorial_dag.py for tasks to queue
[2024-04-21T15:13:46.543+0000] {logging_mixin.py:188} INFO - [2024-04-21T15:13:46.543+0000] {dagbag.py:540} INFO - Filling up the DagBag from /home/airflow/.local/lib/python3.12/site-packages/airflow/example_dags/tutorial_dag.py
[2024-04-21T15:13:46.546+0000] {processor.py:840} INFO - DAG(s) 'tutorial_dag' retrieved from /home/airflow/.local/lib/python3.12/site-packages/airflow/example_dags/tutorial_dag.py
[2024-04-21T15:13:46.558+0000] {logging_mixin.py:188} INFO - [2024-04-21T15:13:46.558+0000] {dag.py:3096} INFO - Sync 1 DAGs
[2024-04-21T15:13:46.564+0000] {logging_mixin.py:188} INFO - [2024-04-21T15:13:46.564+0000] {dag.py:3954} INFO - Setting next_dagrun for tutorial_dag to None, run_after=None
[2024-04-21T15:13:46.572+0000] {processor.py:183} INFO - Processing /home/airflow/.local/lib/python3.12/site-packages/airflow/example_dags/tutorial_dag.py took 0.034 seconds
[2024-04-21T15:14:17.642+0000] {processor.py:161} INFO - Started process (PID=14900) to work on /home/airflow/.local/lib/python3.12/site-packages/airflow/example_dags/tutorial_dag.py
[2024-04-21T15:14:17.642+0000] {processor.py:830} INFO - Processing file /home/airflow/.local/lib/python3.12/site-packages/airflow/example_dags/tutorial_dag.py for tasks to queue
[2024-04-21T15:14:17.643+0000] {logging_mixin.py:188} INFO - [2024-04-21T15:14:17.643+0000] {dagbag.py:540} INFO - Filling up the DagBag from /home/airflow/.local/lib/python3.12/site-packages/airflow/example_dags/tutorial_dag.py
[2024-04-21T15:14:17.646+0000] {processor.py:840} INFO - DAG(s) 'tutorial_dag' retrieved from /home/airflow/.local/lib/python3.12/site-packages/airflow/example_dags/tutorial_dag.py
[2024-04-21T15:14:17.659+0000] {logging_mixin.py:188} INFO - [2024-04-21T15:14:17.659+0000] {dag.py:3096} INFO - Sync 1 DAGs
[2024-04-21T15:14:17.665+0000] {logging_mixin.py:188} INFO - [2024-04-21T15:14:17.665+0000] {dag.py:3954} INFO - Setting next_dagrun for tutorial_dag to None, run_after=None
[2024-04-21T15:14:17.673+0000] {processor.py:183} INFO - Processing /home/airflow/.local/lib/python3.12/site-packages/airflow/example_dags/tutorial_dag.py took 0.035 seconds
[2024-04-21T15:14:47.773+0000] {processor.py:161} INFO - Started process (PID=15166) to work on /home/airflow/.local/lib/python3.12/site-packages/airflow/example_dags/tutorial_dag.py
[2024-04-21T15:14:47.774+0000] {processor.py:830} INFO - Processing file /home/airflow/.local/lib/python3.12/site-packages/airflow/example_dags/tutorial_dag.py for tasks to queue
[2024-04-21T15:14:47.775+0000] {logging_mixin.py:188} INFO - [2024-04-21T15:14:47.774+0000] {dagbag.py:540} INFO - Filling up the DagBag from /home/airflow/.local/lib/python3.12/site-packages/airflow/example_dags/tutorial_dag.py
[2024-04-21T15:14:47.777+0000] {processor.py:840} INFO - DAG(s) 'tutorial_dag' retrieved from /home/airflow/.local/lib/python3.12/site-packages/airflow/example_dags/tutorial_dag.py
[2024-04-21T15:14:47.790+0000] {logging_mixin.py:188} INFO - [2024-04-21T15:14:47.790+0000] {dag.py:3096} INFO - Sync 1 DAGs
[2024-04-21T15:14:47.796+0000] {logging_mixin.py:188} INFO - [2024-04-21T15:14:47.796+0000] {dag.py:3954} INFO - Setting next_dagrun for tutorial_dag to None, run_after=None
[2024-04-21T15:14:47.803+0000] {processor.py:183} INFO - Processing /home/airflow/.local/lib/python3.12/site-packages/airflow/example_dags/tutorial_dag.py took 0.033 seconds
[2024-04-21T15:15:17.861+0000] {processor.py:161} INFO - Started process (PID=15433) to work on /home/airflow/.local/lib/python3.12/site-packages/airflow/example_dags/tutorial_dag.py
[2024-04-21T15:15:17.862+0000] {processor.py:830} INFO - Processing file /home/airflow/.local/lib/python3.12/site-packages/airflow/example_dags/tutorial_dag.py for tasks to queue
[2024-04-21T15:15:17.863+0000] {logging_mixin.py:188} INFO - [2024-04-21T15:15:17.863+0000] {dagbag.py:540} INFO - Filling up the DagBag from /home/airflow/.local/lib/python3.12/site-packages/airflow/example_dags/tutorial_dag.py
[2024-04-21T15:15:17.865+0000] {processor.py:840} INFO - DAG(s) 'tutorial_dag' retrieved from /home/airflow/.local/lib/python3.12/site-packages/airflow/example_dags/tutorial_dag.py
[2024-04-21T15:15:17.877+0000] {logging_mixin.py:188} INFO - [2024-04-21T15:15:17.877+0000] {dag.py:3096} INFO - Sync 1 DAGs
[2024-04-21T15:15:17.883+0000] {logging_mixin.py:188} INFO - [2024-04-21T15:15:17.883+0000] {dag.py:3954} INFO - Setting next_dagrun for tutorial_dag to None, run_after=None
[2024-04-21T15:15:17.890+0000] {processor.py:183} INFO - Processing /home/airflow/.local/lib/python3.12/site-packages/airflow/example_dags/tutorial_dag.py took 0.032 seconds
[2024-04-21T15:15:48.103+0000] {processor.py:161} INFO - Started process (PID=15702) to work on /home/airflow/.local/lib/python3.12/site-packages/airflow/example_dags/tutorial_dag.py
[2024-04-21T15:15:48.103+0000] {processor.py:830} INFO - Processing file /home/airflow/.local/lib/python3.12/site-packages/airflow/example_dags/tutorial_dag.py for tasks to queue
[2024-04-21T15:15:48.105+0000] {logging_mixin.py:188} INFO - [2024-04-21T15:15:48.104+0000] {dagbag.py:540} INFO - Filling up the DagBag from /home/airflow/.local/lib/python3.12/site-packages/airflow/example_dags/tutorial_dag.py
[2024-04-21T15:15:48.107+0000] {processor.py:840} INFO - DAG(s) 'tutorial_dag' retrieved from /home/airflow/.local/lib/python3.12/site-packages/airflow/example_dags/tutorial_dag.py
[2024-04-21T15:15:48.121+0000] {logging_mixin.py:188} INFO - [2024-04-21T15:15:48.121+0000] {dag.py:3096} INFO - Sync 1 DAGs
[2024-04-21T15:15:48.127+0000] {logging_mixin.py:188} INFO - [2024-04-21T15:15:48.127+0000] {dag.py:3954} INFO - Setting next_dagrun for tutorial_dag to None, run_after=None
[2024-04-21T15:15:48.135+0000] {processor.py:183} INFO - Processing /home/airflow/.local/lib/python3.12/site-packages/airflow/example_dags/tutorial_dag.py took 0.035 seconds
[2024-04-21T15:16:18.360+0000] {processor.py:161} INFO - Started process (PID=15969) to work on /home/airflow/.local/lib/python3.12/site-packages/airflow/example_dags/tutorial_dag.py
[2024-04-21T15:16:18.361+0000] {processor.py:830} INFO - Processing file /home/airflow/.local/lib/python3.12/site-packages/airflow/example_dags/tutorial_dag.py for tasks to queue
[2024-04-21T15:16:18.362+0000] {logging_mixin.py:188} INFO - [2024-04-21T15:16:18.362+0000] {dagbag.py:540} INFO - Filling up the DagBag from /home/airflow/.local/lib/python3.12/site-packages/airflow/example_dags/tutorial_dag.py
[2024-04-21T15:16:18.365+0000] {processor.py:840} INFO - DAG(s) 'tutorial_dag' retrieved from /home/airflow/.local/lib/python3.12/site-packages/airflow/example_dags/tutorial_dag.py
[2024-04-21T15:16:18.377+0000] {logging_mixin.py:188} INFO - [2024-04-21T15:16:18.377+0000] {dag.py:3096} INFO - Sync 1 DAGs
[2024-04-21T15:16:18.383+0000] {logging_mixin.py:188} INFO - [2024-04-21T15:16:18.383+0000] {dag.py:3954} INFO - Setting next_dagrun for tutorial_dag to None, run_after=None
[2024-04-21T15:16:18.390+0000] {processor.py:183} INFO - Processing /home/airflow/.local/lib/python3.12/site-packages/airflow/example_dags/tutorial_dag.py took 0.033 seconds
[2024-04-21T15:16:48.669+0000] {processor.py:161} INFO - Started process (PID=16237) to work on /home/airflow/.local/lib/python3.12/site-packages/airflow/example_dags/tutorial_dag.py
[2024-04-21T15:16:48.669+0000] {processor.py:830} INFO - Processing file /home/airflow/.local/lib/python3.12/site-packages/airflow/example_dags/tutorial_dag.py for tasks to queue
[2024-04-21T15:16:48.670+0000] {logging_mixin.py:188} INFO - [2024-04-21T15:16:48.670+0000] {dagbag.py:540} INFO - Filling up the DagBag from /home/airflow/.local/lib/python3.12/site-packages/airflow/example_dags/tutorial_dag.py
[2024-04-21T15:16:48.673+0000] {processor.py:840} INFO - DAG(s) 'tutorial_dag' retrieved from /home/airflow/.local/lib/python3.12/site-packages/airflow/example_dags/tutorial_dag.py
[2024-04-21T15:16:48.686+0000] {logging_mixin.py:188} INFO - [2024-04-21T15:16:48.686+0000] {dag.py:3096} INFO - Sync 1 DAGs
[2024-04-21T15:16:48.692+0000] {logging_mixin.py:188} INFO - [2024-04-21T15:16:48.692+0000] {dag.py:3954} INFO - Setting next_dagrun for tutorial_dag to None, run_after=None
[2024-04-21T15:16:48.700+0000] {processor.py:183} INFO - Processing /home/airflow/.local/lib/python3.12/site-packages/airflow/example_dags/tutorial_dag.py took 0.035 seconds
[2024-04-21T15:17:18.884+0000] {processor.py:161} INFO - Started process (PID=16504) to work on /home/airflow/.local/lib/python3.12/site-packages/airflow/example_dags/tutorial_dag.py
[2024-04-21T15:17:18.885+0000] {processor.py:830} INFO - Processing file /home/airflow/.local/lib/python3.12/site-packages/airflow/example_dags/tutorial_dag.py for tasks to queue
[2024-04-21T15:17:18.886+0000] {logging_mixin.py:188} INFO - [2024-04-21T15:17:18.886+0000] {dagbag.py:540} INFO - Filling up the DagBag from /home/airflow/.local/lib/python3.12/site-packages/airflow/example_dags/tutorial_dag.py
[2024-04-21T15:17:18.890+0000] {processor.py:840} INFO - DAG(s) 'tutorial_dag' retrieved from /home/airflow/.local/lib/python3.12/site-packages/airflow/example_dags/tutorial_dag.py
[2024-04-21T15:17:18.904+0000] {logging_mixin.py:188} INFO - [2024-04-21T15:17:18.904+0000] {dag.py:3096} INFO - Sync 1 DAGs
[2024-04-21T15:17:18.910+0000] {logging_mixin.py:188} INFO - [2024-04-21T15:17:18.910+0000] {dag.py:3954} INFO - Setting next_dagrun for tutorial_dag to None, run_after=None
[2024-04-21T15:17:18.919+0000] {processor.py:183} INFO - Processing /home/airflow/.local/lib/python3.12/site-packages/airflow/example_dags/tutorial_dag.py took 0.038 seconds
[2024-04-21T15:17:49.846+0000] {processor.py:161} INFO - Started process (PID=16769) to work on /home/airflow/.local/lib/python3.12/site-packages/airflow/example_dags/tutorial_dag.py
[2024-04-21T15:17:49.847+0000] {processor.py:830} INFO - Processing file /home/airflow/.local/lib/python3.12/site-packages/airflow/example_dags/tutorial_dag.py for tasks to queue
[2024-04-21T15:17:49.848+0000] {logging_mixin.py:188} INFO - [2024-04-21T15:17:49.848+0000] {dagbag.py:540} INFO - Filling up the DagBag from /home/airflow/.local/lib/python3.12/site-packages/airflow/example_dags/tutorial_dag.py
[2024-04-21T15:17:49.851+0000] {processor.py:840} INFO - DAG(s) 'tutorial_dag' retrieved from /home/airflow/.local/lib/python3.12/site-packages/airflow/example_dags/tutorial_dag.py
[2024-04-21T15:17:49.865+0000] {logging_mixin.py:188} INFO - [2024-04-21T15:17:49.865+0000] {dag.py:3096} INFO - Sync 1 DAGs
[2024-04-21T15:17:49.872+0000] {logging_mixin.py:188} INFO - [2024-04-21T15:17:49.871+0000] {dag.py:3954} INFO - Setting next_dagrun for tutorial_dag to None, run_after=None
[2024-04-21T15:17:49.880+0000] {processor.py:183} INFO - Processing /home/airflow/.local/lib/python3.12/site-packages/airflow/example_dags/tutorial_dag.py took 0.038 seconds
[2024-04-21T15:18:20.071+0000] {processor.py:161} INFO - Started process (PID=17036) to work on /home/airflow/.local/lib/python3.12/site-packages/airflow/example_dags/tutorial_dag.py
[2024-04-21T15:18:20.072+0000] {processor.py:830} INFO - Processing file /home/airflow/.local/lib/python3.12/site-packages/airflow/example_dags/tutorial_dag.py for tasks to queue
[2024-04-21T15:18:20.073+0000] {logging_mixin.py:188} INFO - [2024-04-21T15:18:20.073+0000] {dagbag.py:540} INFO - Filling up the DagBag from /home/airflow/.local/lib/python3.12/site-packages/airflow/example_dags/tutorial_dag.py
[2024-04-21T15:18:20.077+0000] {processor.py:840} INFO - DAG(s) 'tutorial_dag' retrieved from /home/airflow/.local/lib/python3.12/site-packages/airflow/example_dags/tutorial_dag.py
[2024-04-21T15:18:20.093+0000] {logging_mixin.py:188} INFO - [2024-04-21T15:18:20.092+0000] {dag.py:3096} INFO - Sync 1 DAGs
[2024-04-21T15:18:20.102+0000] {logging_mixin.py:188} INFO - [2024-04-21T15:18:20.102+0000] {dag.py:3954} INFO - Setting next_dagrun for tutorial_dag to None, run_after=None
[2024-04-21T15:18:20.109+0000] {processor.py:183} INFO - Processing /home/airflow/.local/lib/python3.12/site-packages/airflow/example_dags/tutorial_dag.py took 0.042 seconds
[2024-04-21T15:18:51.090+0000] {processor.py:161} INFO - Started process (PID=17315) to work on /home/airflow/.local/lib/python3.12/site-packages/airflow/example_dags/tutorial_dag.py
[2024-04-21T15:18:51.091+0000] {processor.py:830} INFO - Processing file /home/airflow/.local/lib/python3.12/site-packages/airflow/example_dags/tutorial_dag.py for tasks to queue
[2024-04-21T15:18:51.092+0000] {logging_mixin.py:188} INFO - [2024-04-21T15:18:51.092+0000] {dagbag.py:540} INFO - Filling up the DagBag from /home/airflow/.local/lib/python3.12/site-packages/airflow/example_dags/tutorial_dag.py
[2024-04-21T15:18:51.095+0000] {processor.py:840} INFO - DAG(s) 'tutorial_dag' retrieved from /home/airflow/.local/lib/python3.12/site-packages/airflow/example_dags/tutorial_dag.py
[2024-04-21T15:18:51.107+0000] {logging_mixin.py:188} INFO - [2024-04-21T15:18:51.107+0000] {dag.py:3096} INFO - Sync 1 DAGs
[2024-04-21T15:18:51.112+0000] {logging_mixin.py:188} INFO - [2024-04-21T15:18:51.112+0000] {dag.py:3954} INFO - Setting next_dagrun for tutorial_dag to None, run_after=None
[2024-04-21T15:18:51.120+0000] {processor.py:183} INFO - Processing /home/airflow/.local/lib/python3.12/site-packages/airflow/example_dags/tutorial_dag.py took 0.033 seconds
[2024-04-21T15:19:22.053+0000] {processor.py:161} INFO - Started process (PID=17582) to work on /home/airflow/.local/lib/python3.12/site-packages/airflow/example_dags/tutorial_dag.py
[2024-04-21T15:19:22.053+0000] {processor.py:830} INFO - Processing file /home/airflow/.local/lib/python3.12/site-packages/airflow/example_dags/tutorial_dag.py for tasks to queue
[2024-04-21T15:19:22.055+0000] {logging_mixin.py:188} INFO - [2024-04-21T15:19:22.054+0000] {dagbag.py:540} INFO - Filling up the DagBag from /home/airflow/.local/lib/python3.12/site-packages/airflow/example_dags/tutorial_dag.py
[2024-04-21T15:19:22.058+0000] {processor.py:840} INFO - DAG(s) 'tutorial_dag' retrieved from /home/airflow/.local/lib/python3.12/site-packages/airflow/example_dags/tutorial_dag.py
[2024-04-21T15:19:22.074+0000] {logging_mixin.py:188} INFO - [2024-04-21T15:19:22.074+0000] {dag.py:3096} INFO - Sync 1 DAGs
[2024-04-21T15:19:22.081+0000] {logging_mixin.py:188} INFO - [2024-04-21T15:19:22.081+0000] {dag.py:3954} INFO - Setting next_dagrun for tutorial_dag to None, run_after=None
[2024-04-21T15:19:22.089+0000] {processor.py:183} INFO - Processing /home/airflow/.local/lib/python3.12/site-packages/airflow/example_dags/tutorial_dag.py took 0.041 seconds
[2024-04-21T15:19:52.241+0000] {processor.py:161} INFO - Started process (PID=17849) to work on /home/airflow/.local/lib/python3.12/site-packages/airflow/example_dags/tutorial_dag.py
[2024-04-21T15:19:52.241+0000] {processor.py:830} INFO - Processing file /home/airflow/.local/lib/python3.12/site-packages/airflow/example_dags/tutorial_dag.py for tasks to queue
[2024-04-21T15:19:52.242+0000] {logging_mixin.py:188} INFO - [2024-04-21T15:19:52.242+0000] {dagbag.py:540} INFO - Filling up the DagBag from /home/airflow/.local/lib/python3.12/site-packages/airflow/example_dags/tutorial_dag.py
[2024-04-21T15:19:52.245+0000] {processor.py:840} INFO - DAG(s) 'tutorial_dag' retrieved from /home/airflow/.local/lib/python3.12/site-packages/airflow/example_dags/tutorial_dag.py
[2024-04-21T15:19:52.259+0000] {logging_mixin.py:188} INFO - [2024-04-21T15:19:52.259+0000] {dag.py:3096} INFO - Sync 1 DAGs
[2024-04-21T15:19:52.265+0000] {logging_mixin.py:188} INFO - [2024-04-21T15:19:52.265+0000] {dag.py:3954} INFO - Setting next_dagrun for tutorial_dag to None, run_after=None
[2024-04-21T15:19:52.273+0000] {processor.py:183} INFO - Processing /home/airflow/.local/lib/python3.12/site-packages/airflow/example_dags/tutorial_dag.py took 0.036 seconds
[2024-04-21T15:20:22.390+0000] {processor.py:161} INFO - Started process (PID=18117) to work on /home/airflow/.local/lib/python3.12/site-packages/airflow/example_dags/tutorial_dag.py
[2024-04-21T15:20:22.390+0000] {processor.py:830} INFO - Processing file /home/airflow/.local/lib/python3.12/site-packages/airflow/example_dags/tutorial_dag.py for tasks to queue
[2024-04-21T15:20:22.391+0000] {logging_mixin.py:188} INFO - [2024-04-21T15:20:22.391+0000] {dagbag.py:540} INFO - Filling up the DagBag from /home/airflow/.local/lib/python3.12/site-packages/airflow/example_dags/tutorial_dag.py
[2024-04-21T15:20:22.394+0000] {processor.py:840} INFO - DAG(s) 'tutorial_dag' retrieved from /home/airflow/.local/lib/python3.12/site-packages/airflow/example_dags/tutorial_dag.py
[2024-04-21T15:20:22.407+0000] {logging_mixin.py:188} INFO - [2024-04-21T15:20:22.407+0000] {dag.py:3096} INFO - Sync 1 DAGs
[2024-04-21T15:20:22.413+0000] {logging_mixin.py:188} INFO - [2024-04-21T15:20:22.413+0000] {dag.py:3954} INFO - Setting next_dagrun for tutorial_dag to None, run_after=None
[2024-04-21T15:20:22.420+0000] {processor.py:183} INFO - Processing /home/airflow/.local/lib/python3.12/site-packages/airflow/example_dags/tutorial_dag.py took 0.033 seconds
