[2024-04-21T14:30:01.966+0000] {processor.py:161} INFO - Started process (PID=208) to work on /home/airflow/.local/lib/python3.12/site-packages/airflow/example_dags/tutorial.py
[2024-04-21T14:30:01.967+0000] {processor.py:830} INFO - Processing file /home/airflow/.local/lib/python3.12/site-packages/airflow/example_dags/tutorial.py for tasks to queue
[2024-04-21T14:30:01.968+0000] {logging_mixin.py:188} INFO - [2024-04-21T14:30:01.967+0000] {dagbag.py:540} INFO - Filling up the DagBag from /home/airflow/.local/lib/python3.12/site-packages/airflow/example_dags/tutorial.py
[2024-04-21T14:30:01.974+0000] {processor.py:840} INFO - DAG(s) 'tutorial' retrieved from /home/airflow/.local/lib/python3.12/site-packages/airflow/example_dags/tutorial.py
[2024-04-21T14:30:01.984+0000] {logging_mixin.py:188} INFO - [2024-04-21T14:30:01.984+0000] {dag.py:3096} INFO - Sync 1 DAGs
[2024-04-21T14:30:01.998+0000] {logging_mixin.py:188} INFO - [2024-04-21T14:30:01.998+0000] {dag.py:3954} INFO - Setting next_dagrun for tutorial to 2024-04-20 00:00:00+00:00, run_after=2024-04-21 00:00:00+00:00
[2024-04-21T14:30:02.008+0000] {processor.py:183} INFO - Processing /home/airflow/.local/lib/python3.12/site-packages/airflow/example_dags/tutorial.py took 0.046 seconds
[2024-04-21T14:30:32.456+0000] {processor.py:161} INFO - Started process (PID=468) to work on /home/airflow/.local/lib/python3.12/site-packages/airflow/example_dags/tutorial.py
[2024-04-21T14:30:32.457+0000] {processor.py:830} INFO - Processing file /home/airflow/.local/lib/python3.12/site-packages/airflow/example_dags/tutorial.py for tasks to queue
[2024-04-21T14:30:32.459+0000] {logging_mixin.py:188} INFO - [2024-04-21T14:30:32.458+0000] {dagbag.py:540} INFO - Filling up the DagBag from /home/airflow/.local/lib/python3.12/site-packages/airflow/example_dags/tutorial.py
[2024-04-21T14:30:32.463+0000] {processor.py:840} INFO - DAG(s) 'tutorial' retrieved from /home/airflow/.local/lib/python3.12/site-packages/airflow/example_dags/tutorial.py
[2024-04-21T14:30:32.530+0000] {logging_mixin.py:188} INFO - [2024-04-21T14:30:32.530+0000] {dag.py:3096} INFO - Sync 1 DAGs
[2024-04-21T14:30:32.542+0000] {logging_mixin.py:188} INFO - [2024-04-21T14:30:32.542+0000] {dag.py:3954} INFO - Setting next_dagrun for tutorial to 2024-04-20 00:00:00+00:00, run_after=2024-04-21 00:00:00+00:00
[2024-04-21T14:30:32.552+0000] {processor.py:183} INFO - Processing /home/airflow/.local/lib/python3.12/site-packages/airflow/example_dags/tutorial.py took 0.100 seconds
[2024-04-21T14:31:02.603+0000] {processor.py:161} INFO - Started process (PID=732) to work on /home/airflow/.local/lib/python3.12/site-packages/airflow/example_dags/tutorial.py
[2024-04-21T14:31:02.604+0000] {processor.py:830} INFO - Processing file /home/airflow/.local/lib/python3.12/site-packages/airflow/example_dags/tutorial.py for tasks to queue
[2024-04-21T14:31:02.605+0000] {logging_mixin.py:188} INFO - [2024-04-21T14:31:02.605+0000] {dagbag.py:540} INFO - Filling up the DagBag from /home/airflow/.local/lib/python3.12/site-packages/airflow/example_dags/tutorial.py
[2024-04-21T14:31:02.610+0000] {processor.py:840} INFO - DAG(s) 'tutorial' retrieved from /home/airflow/.local/lib/python3.12/site-packages/airflow/example_dags/tutorial.py
[2024-04-21T14:31:02.629+0000] {logging_mixin.py:188} INFO - [2024-04-21T14:31:02.629+0000] {dag.py:3096} INFO - Sync 1 DAGs
[2024-04-21T14:31:02.643+0000] {logging_mixin.py:188} INFO - [2024-04-21T14:31:02.643+0000] {dag.py:3954} INFO - Setting next_dagrun for tutorial to 2024-04-20 00:00:00+00:00, run_after=2024-04-21 00:00:00+00:00
[2024-04-21T14:31:02.654+0000] {processor.py:183} INFO - Processing /home/airflow/.local/lib/python3.12/site-packages/airflow/example_dags/tutorial.py took 0.056 seconds
[2024-04-21T14:31:33.260+0000] {processor.py:161} INFO - Started process (PID=994) to work on /home/airflow/.local/lib/python3.12/site-packages/airflow/example_dags/tutorial.py
[2024-04-21T14:31:33.261+0000] {processor.py:830} INFO - Processing file /home/airflow/.local/lib/python3.12/site-packages/airflow/example_dags/tutorial.py for tasks to queue
[2024-04-21T14:31:33.263+0000] {logging_mixin.py:188} INFO - [2024-04-21T14:31:33.262+0000] {dagbag.py:540} INFO - Filling up the DagBag from /home/airflow/.local/lib/python3.12/site-packages/airflow/example_dags/tutorial.py
[2024-04-21T14:31:33.268+0000] {processor.py:840} INFO - DAG(s) 'tutorial' retrieved from /home/airflow/.local/lib/python3.12/site-packages/airflow/example_dags/tutorial.py
[2024-04-21T14:31:33.286+0000] {logging_mixin.py:188} INFO - [2024-04-21T14:31:33.286+0000] {dag.py:3096} INFO - Sync 1 DAGs
[2024-04-21T14:31:33.299+0000] {logging_mixin.py:188} INFO - [2024-04-21T14:31:33.299+0000] {dag.py:3954} INFO - Setting next_dagrun for tutorial to 2024-04-20 00:00:00+00:00, run_after=2024-04-21 00:00:00+00:00
[2024-04-21T14:31:33.309+0000] {processor.py:183} INFO - Processing /home/airflow/.local/lib/python3.12/site-packages/airflow/example_dags/tutorial.py took 0.054 seconds
[2024-04-21T14:32:03.997+0000] {processor.py:161} INFO - Started process (PID=1255) to work on /home/airflow/.local/lib/python3.12/site-packages/airflow/example_dags/tutorial.py
[2024-04-21T14:32:03.998+0000] {processor.py:830} INFO - Processing file /home/airflow/.local/lib/python3.12/site-packages/airflow/example_dags/tutorial.py for tasks to queue
[2024-04-21T14:32:04.000+0000] {logging_mixin.py:188} INFO - [2024-04-21T14:32:03.999+0000] {dagbag.py:540} INFO - Filling up the DagBag from /home/airflow/.local/lib/python3.12/site-packages/airflow/example_dags/tutorial.py
[2024-04-21T14:32:04.004+0000] {processor.py:840} INFO - DAG(s) 'tutorial' retrieved from /home/airflow/.local/lib/python3.12/site-packages/airflow/example_dags/tutorial.py
[2024-04-21T14:32:04.023+0000] {logging_mixin.py:188} INFO - [2024-04-21T14:32:04.023+0000] {dag.py:3096} INFO - Sync 1 DAGs
[2024-04-21T14:32:04.038+0000] {logging_mixin.py:188} INFO - [2024-04-21T14:32:04.037+0000] {dag.py:3954} INFO - Setting next_dagrun for tutorial to 2024-04-20 00:00:00+00:00, run_after=2024-04-21 00:00:00+00:00
[2024-04-21T14:32:04.049+0000] {processor.py:183} INFO - Processing /home/airflow/.local/lib/python3.12/site-packages/airflow/example_dags/tutorial.py took 0.056 seconds
[2024-04-21T14:32:34.352+0000] {processor.py:161} INFO - Started process (PID=1517) to work on /home/airflow/.local/lib/python3.12/site-packages/airflow/example_dags/tutorial.py
[2024-04-21T14:32:34.353+0000] {processor.py:830} INFO - Processing file /home/airflow/.local/lib/python3.12/site-packages/airflow/example_dags/tutorial.py for tasks to queue
[2024-04-21T14:32:34.355+0000] {logging_mixin.py:188} INFO - [2024-04-21T14:32:34.354+0000] {dagbag.py:540} INFO - Filling up the DagBag from /home/airflow/.local/lib/python3.12/site-packages/airflow/example_dags/tutorial.py
[2024-04-21T14:32:34.360+0000] {processor.py:840} INFO - DAG(s) 'tutorial' retrieved from /home/airflow/.local/lib/python3.12/site-packages/airflow/example_dags/tutorial.py
[2024-04-21T14:32:34.378+0000] {logging_mixin.py:188} INFO - [2024-04-21T14:32:34.378+0000] {dag.py:3096} INFO - Sync 1 DAGs
[2024-04-21T14:32:34.392+0000] {logging_mixin.py:188} INFO - [2024-04-21T14:32:34.392+0000] {dag.py:3954} INFO - Setting next_dagrun for tutorial to 2024-04-20 00:00:00+00:00, run_after=2024-04-21 00:00:00+00:00
[2024-04-21T14:32:34.402+0000] {processor.py:183} INFO - Processing /home/airflow/.local/lib/python3.12/site-packages/airflow/example_dags/tutorial.py took 0.055 seconds
[2024-04-21T14:33:04.871+0000] {processor.py:161} INFO - Started process (PID=1779) to work on /home/airflow/.local/lib/python3.12/site-packages/airflow/example_dags/tutorial.py
[2024-04-21T14:33:04.871+0000] {processor.py:830} INFO - Processing file /home/airflow/.local/lib/python3.12/site-packages/airflow/example_dags/tutorial.py for tasks to queue
[2024-04-21T14:33:04.873+0000] {logging_mixin.py:188} INFO - [2024-04-21T14:33:04.873+0000] {dagbag.py:540} INFO - Filling up the DagBag from /home/airflow/.local/lib/python3.12/site-packages/airflow/example_dags/tutorial.py
[2024-04-21T14:33:04.878+0000] {processor.py:840} INFO - DAG(s) 'tutorial' retrieved from /home/airflow/.local/lib/python3.12/site-packages/airflow/example_dags/tutorial.py
[2024-04-21T14:33:04.895+0000] {logging_mixin.py:188} INFO - [2024-04-21T14:33:04.895+0000] {dag.py:3096} INFO - Sync 1 DAGs
[2024-04-21T14:33:04.908+0000] {logging_mixin.py:188} INFO - [2024-04-21T14:33:04.908+0000] {dag.py:3954} INFO - Setting next_dagrun for tutorial to 2024-04-20 00:00:00+00:00, run_after=2024-04-21 00:00:00+00:00
[2024-04-21T14:33:04.918+0000] {processor.py:183} INFO - Processing /home/airflow/.local/lib/python3.12/site-packages/airflow/example_dags/tutorial.py took 0.052 seconds
[2024-04-21T14:33:35.423+0000] {processor.py:161} INFO - Started process (PID=2042) to work on /home/airflow/.local/lib/python3.12/site-packages/airflow/example_dags/tutorial.py
[2024-04-21T14:33:35.424+0000] {processor.py:830} INFO - Processing file /home/airflow/.local/lib/python3.12/site-packages/airflow/example_dags/tutorial.py for tasks to queue
[2024-04-21T14:33:35.425+0000] {logging_mixin.py:188} INFO - [2024-04-21T14:33:35.425+0000] {dagbag.py:540} INFO - Filling up the DagBag from /home/airflow/.local/lib/python3.12/site-packages/airflow/example_dags/tutorial.py
[2024-04-21T14:33:35.429+0000] {processor.py:840} INFO - DAG(s) 'tutorial' retrieved from /home/airflow/.local/lib/python3.12/site-packages/airflow/example_dags/tutorial.py
[2024-04-21T14:33:35.446+0000] {logging_mixin.py:188} INFO - [2024-04-21T14:33:35.446+0000] {dag.py:3096} INFO - Sync 1 DAGs
[2024-04-21T14:33:35.460+0000] {logging_mixin.py:188} INFO - [2024-04-21T14:33:35.460+0000] {dag.py:3954} INFO - Setting next_dagrun for tutorial to 2024-04-20 00:00:00+00:00, run_after=2024-04-21 00:00:00+00:00
[2024-04-21T14:33:35.471+0000] {processor.py:183} INFO - Processing /home/airflow/.local/lib/python3.12/site-packages/airflow/example_dags/tutorial.py took 0.052 seconds
[2024-04-21T14:34:06.019+0000] {processor.py:161} INFO - Started process (PID=2304) to work on /home/airflow/.local/lib/python3.12/site-packages/airflow/example_dags/tutorial.py
[2024-04-21T14:34:06.019+0000] {processor.py:830} INFO - Processing file /home/airflow/.local/lib/python3.12/site-packages/airflow/example_dags/tutorial.py for tasks to queue
[2024-04-21T14:34:06.021+0000] {logging_mixin.py:188} INFO - [2024-04-21T14:34:06.021+0000] {dagbag.py:540} INFO - Filling up the DagBag from /home/airflow/.local/lib/python3.12/site-packages/airflow/example_dags/tutorial.py
[2024-04-21T14:34:06.026+0000] {processor.py:840} INFO - DAG(s) 'tutorial' retrieved from /home/airflow/.local/lib/python3.12/site-packages/airflow/example_dags/tutorial.py
[2024-04-21T14:34:06.045+0000] {logging_mixin.py:188} INFO - [2024-04-21T14:34:06.045+0000] {dag.py:3096} INFO - Sync 1 DAGs
[2024-04-21T14:34:06.062+0000] {logging_mixin.py:188} INFO - [2024-04-21T14:34:06.061+0000] {dag.py:3954} INFO - Setting next_dagrun for tutorial to 2024-04-20 00:00:00+00:00, run_after=2024-04-21 00:00:00+00:00
[2024-04-21T14:34:06.074+0000] {processor.py:183} INFO - Processing /home/airflow/.local/lib/python3.12/site-packages/airflow/example_dags/tutorial.py took 0.060 seconds
[2024-04-21T14:34:36.362+0000] {processor.py:161} INFO - Started process (PID=2564) to work on /home/airflow/.local/lib/python3.12/site-packages/airflow/example_dags/tutorial.py
[2024-04-21T14:34:36.363+0000] {processor.py:830} INFO - Processing file /home/airflow/.local/lib/python3.12/site-packages/airflow/example_dags/tutorial.py for tasks to queue
[2024-04-21T14:34:36.365+0000] {logging_mixin.py:188} INFO - [2024-04-21T14:34:36.365+0000] {dagbag.py:540} INFO - Filling up the DagBag from /home/airflow/.local/lib/python3.12/site-packages/airflow/example_dags/tutorial.py
[2024-04-21T14:34:36.370+0000] {processor.py:840} INFO - DAG(s) 'tutorial' retrieved from /home/airflow/.local/lib/python3.12/site-packages/airflow/example_dags/tutorial.py
[2024-04-21T14:34:36.390+0000] {logging_mixin.py:188} INFO - [2024-04-21T14:34:36.390+0000] {dag.py:3096} INFO - Sync 1 DAGs
[2024-04-21T14:34:36.403+0000] {logging_mixin.py:188} INFO - [2024-04-21T14:34:36.403+0000] {dag.py:3954} INFO - Setting next_dagrun for tutorial to 2024-04-20 00:00:00+00:00, run_after=2024-04-21 00:00:00+00:00
[2024-04-21T14:34:36.415+0000] {processor.py:183} INFO - Processing /home/airflow/.local/lib/python3.12/site-packages/airflow/example_dags/tutorial.py took 0.058 seconds
[2024-04-21T14:36:10.145+0000] {processor.py:161} INFO - Started process (PID=2835) to work on /home/airflow/.local/lib/python3.12/site-packages/airflow/example_dags/tutorial.py
[2024-04-21T14:36:10.146+0000] {processor.py:830} INFO - Processing file /home/airflow/.local/lib/python3.12/site-packages/airflow/example_dags/tutorial.py for tasks to queue
[2024-04-21T14:36:10.147+0000] {logging_mixin.py:188} INFO - [2024-04-21T14:36:10.147+0000] {dagbag.py:540} INFO - Filling up the DagBag from /home/airflow/.local/lib/python3.12/site-packages/airflow/example_dags/tutorial.py
[2024-04-21T14:36:10.151+0000] {processor.py:840} INFO - DAG(s) 'tutorial' retrieved from /home/airflow/.local/lib/python3.12/site-packages/airflow/example_dags/tutorial.py
[2024-04-21T14:36:10.167+0000] {logging_mixin.py:188} INFO - [2024-04-21T14:36:10.167+0000] {dag.py:3096} INFO - Sync 1 DAGs
[2024-04-21T14:36:10.177+0000] {logging_mixin.py:188} INFO - [2024-04-21T14:36:10.177+0000] {dag.py:3954} INFO - Setting next_dagrun for tutorial to 2024-04-20 00:00:00+00:00, run_after=2024-04-21 00:00:00+00:00
[2024-04-21T14:36:10.186+0000] {processor.py:183} INFO - Processing /home/airflow/.local/lib/python3.12/site-packages/airflow/example_dags/tutorial.py took 0.044 seconds
[2024-04-21T14:36:40.261+0000] {processor.py:161} INFO - Started process (PID=3100) to work on /home/airflow/.local/lib/python3.12/site-packages/airflow/example_dags/tutorial.py
[2024-04-21T14:36:40.261+0000] {processor.py:830} INFO - Processing file /home/airflow/.local/lib/python3.12/site-packages/airflow/example_dags/tutorial.py for tasks to queue
[2024-04-21T14:36:40.262+0000] {logging_mixin.py:188} INFO - [2024-04-21T14:36:40.262+0000] {dagbag.py:540} INFO - Filling up the DagBag from /home/airflow/.local/lib/python3.12/site-packages/airflow/example_dags/tutorial.py
[2024-04-21T14:36:40.265+0000] {processor.py:840} INFO - DAG(s) 'tutorial' retrieved from /home/airflow/.local/lib/python3.12/site-packages/airflow/example_dags/tutorial.py
[2024-04-21T14:36:40.277+0000] {logging_mixin.py:188} INFO - [2024-04-21T14:36:40.277+0000] {dag.py:3096} INFO - Sync 1 DAGs
[2024-04-21T14:36:40.286+0000] {logging_mixin.py:188} INFO - [2024-04-21T14:36:40.286+0000] {dag.py:3954} INFO - Setting next_dagrun for tutorial to 2024-04-20 00:00:00+00:00, run_after=2024-04-21 00:00:00+00:00
[2024-04-21T14:36:40.293+0000] {processor.py:183} INFO - Processing /home/airflow/.local/lib/python3.12/site-packages/airflow/example_dags/tutorial.py took 0.035 seconds
[2024-04-21T14:37:10.473+0000] {processor.py:161} INFO - Started process (PID=3367) to work on /home/airflow/.local/lib/python3.12/site-packages/airflow/example_dags/tutorial.py
[2024-04-21T14:37:10.474+0000] {processor.py:830} INFO - Processing file /home/airflow/.local/lib/python3.12/site-packages/airflow/example_dags/tutorial.py for tasks to queue
[2024-04-21T14:37:10.475+0000] {logging_mixin.py:188} INFO - [2024-04-21T14:37:10.475+0000] {dagbag.py:540} INFO - Filling up the DagBag from /home/airflow/.local/lib/python3.12/site-packages/airflow/example_dags/tutorial.py
[2024-04-21T14:37:10.478+0000] {processor.py:840} INFO - DAG(s) 'tutorial' retrieved from /home/airflow/.local/lib/python3.12/site-packages/airflow/example_dags/tutorial.py
[2024-04-21T14:37:10.490+0000] {logging_mixin.py:188} INFO - [2024-04-21T14:37:10.490+0000] {dag.py:3096} INFO - Sync 1 DAGs
[2024-04-21T14:37:10.500+0000] {logging_mixin.py:188} INFO - [2024-04-21T14:37:10.500+0000] {dag.py:3954} INFO - Setting next_dagrun for tutorial to 2024-04-20 00:00:00+00:00, run_after=2024-04-21 00:00:00+00:00
[2024-04-21T14:37:10.507+0000] {processor.py:183} INFO - Processing /home/airflow/.local/lib/python3.12/site-packages/airflow/example_dags/tutorial.py took 0.037 seconds
[2024-04-21T14:37:40.589+0000] {processor.py:161} INFO - Started process (PID=3634) to work on /home/airflow/.local/lib/python3.12/site-packages/airflow/example_dags/tutorial.py
[2024-04-21T14:37:40.590+0000] {processor.py:830} INFO - Processing file /home/airflow/.local/lib/python3.12/site-packages/airflow/example_dags/tutorial.py for tasks to queue
[2024-04-21T14:37:40.591+0000] {logging_mixin.py:188} INFO - [2024-04-21T14:37:40.590+0000] {dagbag.py:540} INFO - Filling up the DagBag from /home/airflow/.local/lib/python3.12/site-packages/airflow/example_dags/tutorial.py
[2024-04-21T14:37:40.594+0000] {processor.py:840} INFO - DAG(s) 'tutorial' retrieved from /home/airflow/.local/lib/python3.12/site-packages/airflow/example_dags/tutorial.py
[2024-04-21T14:37:40.605+0000] {logging_mixin.py:188} INFO - [2024-04-21T14:37:40.605+0000] {dag.py:3096} INFO - Sync 1 DAGs
[2024-04-21T14:37:40.615+0000] {logging_mixin.py:188} INFO - [2024-04-21T14:37:40.615+0000] {dag.py:3954} INFO - Setting next_dagrun for tutorial to 2024-04-20 00:00:00+00:00, run_after=2024-04-21 00:00:00+00:00
[2024-04-21T14:37:40.622+0000] {processor.py:183} INFO - Processing /home/airflow/.local/lib/python3.12/site-packages/airflow/example_dags/tutorial.py took 0.036 seconds
[2024-04-21T14:53:47.370+0000] {processor.py:161} INFO - Started process (PID=3903) to work on /home/airflow/.local/lib/python3.12/site-packages/airflow/example_dags/tutorial.py
[2024-04-21T14:53:47.370+0000] {processor.py:830} INFO - Processing file /home/airflow/.local/lib/python3.12/site-packages/airflow/example_dags/tutorial.py for tasks to queue
[2024-04-21T14:53:47.372+0000] {logging_mixin.py:188} INFO - [2024-04-21T14:53:47.371+0000] {dagbag.py:540} INFO - Filling up the DagBag from /home/airflow/.local/lib/python3.12/site-packages/airflow/example_dags/tutorial.py
[2024-04-21T14:53:47.375+0000] {processor.py:840} INFO - DAG(s) 'tutorial' retrieved from /home/airflow/.local/lib/python3.12/site-packages/airflow/example_dags/tutorial.py
[2024-04-21T14:53:47.388+0000] {logging_mixin.py:188} INFO - [2024-04-21T14:53:47.388+0000] {dag.py:3096} INFO - Sync 1 DAGs
[2024-04-21T14:53:47.397+0000] {logging_mixin.py:188} INFO - [2024-04-21T14:53:47.397+0000] {dag.py:3954} INFO - Setting next_dagrun for tutorial to 2024-04-20 00:00:00+00:00, run_after=2024-04-21 00:00:00+00:00
[2024-04-21T14:53:47.406+0000] {processor.py:183} INFO - Processing /home/airflow/.local/lib/python3.12/site-packages/airflow/example_dags/tutorial.py took 0.039 seconds
[2024-04-21T14:54:18.102+0000] {processor.py:161} INFO - Started process (PID=4170) to work on /home/airflow/.local/lib/python3.12/site-packages/airflow/example_dags/tutorial.py
[2024-04-21T14:54:18.103+0000] {processor.py:830} INFO - Processing file /home/airflow/.local/lib/python3.12/site-packages/airflow/example_dags/tutorial.py for tasks to queue
[2024-04-21T14:54:18.104+0000] {logging_mixin.py:188} INFO - [2024-04-21T14:54:18.104+0000] {dagbag.py:540} INFO - Filling up the DagBag from /home/airflow/.local/lib/python3.12/site-packages/airflow/example_dags/tutorial.py
[2024-04-21T14:54:18.107+0000] {processor.py:840} INFO - DAG(s) 'tutorial' retrieved from /home/airflow/.local/lib/python3.12/site-packages/airflow/example_dags/tutorial.py
[2024-04-21T14:54:18.118+0000] {logging_mixin.py:188} INFO - [2024-04-21T14:54:18.118+0000] {dag.py:3096} INFO - Sync 1 DAGs
[2024-04-21T14:54:18.127+0000] {logging_mixin.py:188} INFO - [2024-04-21T14:54:18.127+0000] {dag.py:3954} INFO - Setting next_dagrun for tutorial to 2024-04-20 00:00:00+00:00, run_after=2024-04-21 00:00:00+00:00
[2024-04-21T14:54:18.134+0000] {processor.py:183} INFO - Processing /home/airflow/.local/lib/python3.12/site-packages/airflow/example_dags/tutorial.py took 0.035 seconds
[2024-04-21T14:54:48.233+0000] {processor.py:161} INFO - Started process (PID=4437) to work on /home/airflow/.local/lib/python3.12/site-packages/airflow/example_dags/tutorial.py
[2024-04-21T14:54:48.233+0000] {processor.py:830} INFO - Processing file /home/airflow/.local/lib/python3.12/site-packages/airflow/example_dags/tutorial.py for tasks to queue
[2024-04-21T14:54:48.234+0000] {logging_mixin.py:188} INFO - [2024-04-21T14:54:48.234+0000] {dagbag.py:540} INFO - Filling up the DagBag from /home/airflow/.local/lib/python3.12/site-packages/airflow/example_dags/tutorial.py
[2024-04-21T14:54:48.237+0000] {processor.py:840} INFO - DAG(s) 'tutorial' retrieved from /home/airflow/.local/lib/python3.12/site-packages/airflow/example_dags/tutorial.py
[2024-04-21T14:54:48.249+0000] {logging_mixin.py:188} INFO - [2024-04-21T14:54:48.249+0000] {dag.py:3096} INFO - Sync 1 DAGs
[2024-04-21T14:54:48.259+0000] {logging_mixin.py:188} INFO - [2024-04-21T14:54:48.259+0000] {dag.py:3954} INFO - Setting next_dagrun for tutorial to 2024-04-20 00:00:00+00:00, run_after=2024-04-21 00:00:00+00:00
[2024-04-21T14:54:48.266+0000] {processor.py:183} INFO - Processing /home/airflow/.local/lib/python3.12/site-packages/airflow/example_dags/tutorial.py took 0.036 seconds
[2024-04-21T14:55:19.236+0000] {processor.py:161} INFO - Started process (PID=4704) to work on /home/airflow/.local/lib/python3.12/site-packages/airflow/example_dags/tutorial.py
[2024-04-21T14:55:19.236+0000] {processor.py:830} INFO - Processing file /home/airflow/.local/lib/python3.12/site-packages/airflow/example_dags/tutorial.py for tasks to queue
[2024-04-21T14:55:19.237+0000] {logging_mixin.py:188} INFO - [2024-04-21T14:55:19.237+0000] {dagbag.py:540} INFO - Filling up the DagBag from /home/airflow/.local/lib/python3.12/site-packages/airflow/example_dags/tutorial.py
[2024-04-21T14:55:19.241+0000] {processor.py:840} INFO - DAG(s) 'tutorial' retrieved from /home/airflow/.local/lib/python3.12/site-packages/airflow/example_dags/tutorial.py
[2024-04-21T14:55:19.253+0000] {logging_mixin.py:188} INFO - [2024-04-21T14:55:19.252+0000] {dag.py:3096} INFO - Sync 1 DAGs
[2024-04-21T14:55:19.262+0000] {logging_mixin.py:188} INFO - [2024-04-21T14:55:19.261+0000] {dag.py:3954} INFO - Setting next_dagrun for tutorial to 2024-04-20 00:00:00+00:00, run_after=2024-04-21 00:00:00+00:00
[2024-04-21T14:55:19.269+0000] {processor.py:183} INFO - Processing /home/airflow/.local/lib/python3.12/site-packages/airflow/example_dags/tutorial.py took 0.036 seconds
[2024-04-21T14:55:50.082+0000] {processor.py:161} INFO - Started process (PID=4971) to work on /home/airflow/.local/lib/python3.12/site-packages/airflow/example_dags/tutorial.py
[2024-04-21T14:55:50.082+0000] {processor.py:830} INFO - Processing file /home/airflow/.local/lib/python3.12/site-packages/airflow/example_dags/tutorial.py for tasks to queue
[2024-04-21T14:55:50.083+0000] {logging_mixin.py:188} INFO - [2024-04-21T14:55:50.083+0000] {dagbag.py:540} INFO - Filling up the DagBag from /home/airflow/.local/lib/python3.12/site-packages/airflow/example_dags/tutorial.py
[2024-04-21T14:55:50.086+0000] {processor.py:840} INFO - DAG(s) 'tutorial' retrieved from /home/airflow/.local/lib/python3.12/site-packages/airflow/example_dags/tutorial.py
[2024-04-21T14:55:50.098+0000] {logging_mixin.py:188} INFO - [2024-04-21T14:55:50.098+0000] {dag.py:3096} INFO - Sync 1 DAGs
[2024-04-21T14:55:50.107+0000] {logging_mixin.py:188} INFO - [2024-04-21T14:55:50.107+0000] {dag.py:3954} INFO - Setting next_dagrun for tutorial to 2024-04-20 00:00:00+00:00, run_after=2024-04-21 00:00:00+00:00
[2024-04-21T14:55:50.114+0000] {processor.py:183} INFO - Processing /home/airflow/.local/lib/python3.12/site-packages/airflow/example_dags/tutorial.py took 0.035 seconds
[2024-04-21T14:56:20.891+0000] {processor.py:161} INFO - Started process (PID=5238) to work on /home/airflow/.local/lib/python3.12/site-packages/airflow/example_dags/tutorial.py
[2024-04-21T14:56:20.892+0000] {processor.py:830} INFO - Processing file /home/airflow/.local/lib/python3.12/site-packages/airflow/example_dags/tutorial.py for tasks to queue
[2024-04-21T14:56:20.893+0000] {logging_mixin.py:188} INFO - [2024-04-21T14:56:20.892+0000] {dagbag.py:540} INFO - Filling up the DagBag from /home/airflow/.local/lib/python3.12/site-packages/airflow/example_dags/tutorial.py
[2024-04-21T14:56:20.896+0000] {processor.py:840} INFO - DAG(s) 'tutorial' retrieved from /home/airflow/.local/lib/python3.12/site-packages/airflow/example_dags/tutorial.py
[2024-04-21T14:56:20.908+0000] {logging_mixin.py:188} INFO - [2024-04-21T14:56:20.908+0000] {dag.py:3096} INFO - Sync 1 DAGs
[2024-04-21T14:56:20.918+0000] {logging_mixin.py:188} INFO - [2024-04-21T14:56:20.917+0000] {dag.py:3954} INFO - Setting next_dagrun for tutorial to 2024-04-20 00:00:00+00:00, run_after=2024-04-21 00:00:00+00:00
[2024-04-21T14:56:20.925+0000] {processor.py:183} INFO - Processing /home/airflow/.local/lib/python3.12/site-packages/airflow/example_dags/tutorial.py took 0.037 seconds
[2024-04-21T14:56:51.766+0000] {processor.py:161} INFO - Started process (PID=5505) to work on /home/airflow/.local/lib/python3.12/site-packages/airflow/example_dags/tutorial.py
[2024-04-21T14:56:51.767+0000] {processor.py:830} INFO - Processing file /home/airflow/.local/lib/python3.12/site-packages/airflow/example_dags/tutorial.py for tasks to queue
[2024-04-21T14:56:51.768+0000] {logging_mixin.py:188} INFO - [2024-04-21T14:56:51.768+0000] {dagbag.py:540} INFO - Filling up the DagBag from /home/airflow/.local/lib/python3.12/site-packages/airflow/example_dags/tutorial.py
[2024-04-21T14:56:51.772+0000] {processor.py:840} INFO - DAG(s) 'tutorial' retrieved from /home/airflow/.local/lib/python3.12/site-packages/airflow/example_dags/tutorial.py
[2024-04-21T14:56:51.785+0000] {logging_mixin.py:188} INFO - [2024-04-21T14:56:51.785+0000] {dag.py:3096} INFO - Sync 1 DAGs
[2024-04-21T14:56:51.796+0000] {logging_mixin.py:188} INFO - [2024-04-21T14:56:51.796+0000] {dag.py:3954} INFO - Setting next_dagrun for tutorial to 2024-04-20 00:00:00+00:00, run_after=2024-04-21 00:00:00+00:00
[2024-04-21T14:56:51.805+0000] {processor.py:183} INFO - Processing /home/airflow/.local/lib/python3.12/site-packages/airflow/example_dags/tutorial.py took 0.043 seconds
[2024-04-21T14:57:21.834+0000] {processor.py:161} INFO - Started process (PID=5772) to work on /home/airflow/.local/lib/python3.12/site-packages/airflow/example_dags/tutorial.py
[2024-04-21T14:57:21.835+0000] {processor.py:830} INFO - Processing file /home/airflow/.local/lib/python3.12/site-packages/airflow/example_dags/tutorial.py for tasks to queue
[2024-04-21T14:57:21.836+0000] {logging_mixin.py:188} INFO - [2024-04-21T14:57:21.835+0000] {dagbag.py:540} INFO - Filling up the DagBag from /home/airflow/.local/lib/python3.12/site-packages/airflow/example_dags/tutorial.py
[2024-04-21T14:57:21.838+0000] {processor.py:840} INFO - DAG(s) 'tutorial' retrieved from /home/airflow/.local/lib/python3.12/site-packages/airflow/example_dags/tutorial.py
[2024-04-21T14:57:21.850+0000] {logging_mixin.py:188} INFO - [2024-04-21T14:57:21.850+0000] {dag.py:3096} INFO - Sync 1 DAGs
[2024-04-21T14:57:21.859+0000] {logging_mixin.py:188} INFO - [2024-04-21T14:57:21.859+0000] {dag.py:3954} INFO - Setting next_dagrun for tutorial to 2024-04-20 00:00:00+00:00, run_after=2024-04-21 00:00:00+00:00
[2024-04-21T14:57:21.866+0000] {processor.py:183} INFO - Processing /home/airflow/.local/lib/python3.12/site-packages/airflow/example_dags/tutorial.py took 0.035 seconds
[2024-04-21T14:57:52.095+0000] {processor.py:161} INFO - Started process (PID=6048) to work on /home/airflow/.local/lib/python3.12/site-packages/airflow/example_dags/tutorial.py
[2024-04-21T14:57:52.096+0000] {processor.py:830} INFO - Processing file /home/airflow/.local/lib/python3.12/site-packages/airflow/example_dags/tutorial.py for tasks to queue
[2024-04-21T14:57:52.097+0000] {logging_mixin.py:188} INFO - [2024-04-21T14:57:52.097+0000] {dagbag.py:540} INFO - Filling up the DagBag from /home/airflow/.local/lib/python3.12/site-packages/airflow/example_dags/tutorial.py
[2024-04-21T14:57:52.101+0000] {processor.py:840} INFO - DAG(s) 'tutorial' retrieved from /home/airflow/.local/lib/python3.12/site-packages/airflow/example_dags/tutorial.py
[2024-04-21T14:57:52.115+0000] {logging_mixin.py:188} INFO - [2024-04-21T14:57:52.115+0000] {dag.py:3096} INFO - Sync 1 DAGs
[2024-04-21T14:57:52.126+0000] {logging_mixin.py:188} INFO - [2024-04-21T14:57:52.125+0000] {dag.py:3954} INFO - Setting next_dagrun for tutorial to 2024-04-20 00:00:00+00:00, run_after=2024-04-21 00:00:00+00:00
[2024-04-21T14:57:52.135+0000] {processor.py:183} INFO - Processing /home/airflow/.local/lib/python3.12/site-packages/airflow/example_dags/tutorial.py took 0.043 seconds
[2024-04-21T14:58:23.158+0000] {processor.py:161} INFO - Started process (PID=6314) to work on /home/airflow/.local/lib/python3.12/site-packages/airflow/example_dags/tutorial.py
[2024-04-21T14:58:23.158+0000] {processor.py:830} INFO - Processing file /home/airflow/.local/lib/python3.12/site-packages/airflow/example_dags/tutorial.py for tasks to queue
[2024-04-21T14:58:23.160+0000] {logging_mixin.py:188} INFO - [2024-04-21T14:58:23.159+0000] {dagbag.py:540} INFO - Filling up the DagBag from /home/airflow/.local/lib/python3.12/site-packages/airflow/example_dags/tutorial.py
[2024-04-21T14:58:23.163+0000] {processor.py:840} INFO - DAG(s) 'tutorial' retrieved from /home/airflow/.local/lib/python3.12/site-packages/airflow/example_dags/tutorial.py
[2024-04-21T14:58:23.176+0000] {logging_mixin.py:188} INFO - [2024-04-21T14:58:23.176+0000] {dag.py:3096} INFO - Sync 1 DAGs
[2024-04-21T14:58:23.186+0000] {logging_mixin.py:188} INFO - [2024-04-21T14:58:23.186+0000] {dag.py:3954} INFO - Setting next_dagrun for tutorial to 2024-04-20 00:00:00+00:00, run_after=2024-04-21 00:00:00+00:00
[2024-04-21T14:58:23.194+0000] {processor.py:183} INFO - Processing /home/airflow/.local/lib/python3.12/site-packages/airflow/example_dags/tutorial.py took 0.040 seconds
[2024-04-21T14:58:53.755+0000] {processor.py:161} INFO - Started process (PID=6587) to work on /home/airflow/.local/lib/python3.12/site-packages/airflow/example_dags/tutorial.py
[2024-04-21T14:58:53.756+0000] {processor.py:830} INFO - Processing file /home/airflow/.local/lib/python3.12/site-packages/airflow/example_dags/tutorial.py for tasks to queue
[2024-04-21T14:58:53.757+0000] {logging_mixin.py:188} INFO - [2024-04-21T14:58:53.756+0000] {dagbag.py:540} INFO - Filling up the DagBag from /home/airflow/.local/lib/python3.12/site-packages/airflow/example_dags/tutorial.py
[2024-04-21T14:58:53.760+0000] {processor.py:840} INFO - DAG(s) 'tutorial' retrieved from /home/airflow/.local/lib/python3.12/site-packages/airflow/example_dags/tutorial.py
[2024-04-21T14:58:53.772+0000] {logging_mixin.py:188} INFO - [2024-04-21T14:58:53.772+0000] {dag.py:3096} INFO - Sync 1 DAGs
[2024-04-21T14:58:53.782+0000] {logging_mixin.py:188} INFO - [2024-04-21T14:58:53.781+0000] {dag.py:3954} INFO - Setting next_dagrun for tutorial to 2024-04-20 00:00:00+00:00, run_after=2024-04-21 00:00:00+00:00
[2024-04-21T14:58:53.789+0000] {processor.py:183} INFO - Processing /home/airflow/.local/lib/python3.12/site-packages/airflow/example_dags/tutorial.py took 0.037 seconds
[2024-04-21T14:59:24.170+0000] {processor.py:161} INFO - Started process (PID=6858) to work on /home/airflow/.local/lib/python3.12/site-packages/airflow/example_dags/tutorial.py
[2024-04-21T14:59:24.171+0000] {processor.py:830} INFO - Processing file /home/airflow/.local/lib/python3.12/site-packages/airflow/example_dags/tutorial.py for tasks to queue
[2024-04-21T14:59:24.172+0000] {logging_mixin.py:188} INFO - [2024-04-21T14:59:24.171+0000] {dagbag.py:540} INFO - Filling up the DagBag from /home/airflow/.local/lib/python3.12/site-packages/airflow/example_dags/tutorial.py
[2024-04-21T14:59:24.259+0000] {processor.py:840} INFO - DAG(s) 'tutorial' retrieved from /home/airflow/.local/lib/python3.12/site-packages/airflow/example_dags/tutorial.py
[2024-04-21T14:59:24.268+0000] {logging_mixin.py:188} INFO - [2024-04-21T14:59:24.268+0000] {dag.py:3096} INFO - Sync 1 DAGs
[2024-04-21T14:59:24.276+0000] {logging_mixin.py:188} INFO - [2024-04-21T14:59:24.276+0000] {dag.py:3954} INFO - Setting next_dagrun for tutorial to 2024-04-20 00:00:00+00:00, run_after=2024-04-21 00:00:00+00:00
[2024-04-21T14:59:24.282+0000] {processor.py:183} INFO - Processing /home/airflow/.local/lib/python3.12/site-packages/airflow/example_dags/tutorial.py took 0.116 seconds
[2024-04-21T14:59:55.199+0000] {processor.py:161} INFO - Started process (PID=7127) to work on /home/airflow/.local/lib/python3.12/site-packages/airflow/example_dags/tutorial.py
[2024-04-21T14:59:55.200+0000] {processor.py:830} INFO - Processing file /home/airflow/.local/lib/python3.12/site-packages/airflow/example_dags/tutorial.py for tasks to queue
[2024-04-21T14:59:55.201+0000] {logging_mixin.py:188} INFO - [2024-04-21T14:59:55.201+0000] {dagbag.py:540} INFO - Filling up the DagBag from /home/airflow/.local/lib/python3.12/site-packages/airflow/example_dags/tutorial.py
[2024-04-21T14:59:55.204+0000] {processor.py:840} INFO - DAG(s) 'tutorial' retrieved from /home/airflow/.local/lib/python3.12/site-packages/airflow/example_dags/tutorial.py
[2024-04-21T14:59:55.216+0000] {logging_mixin.py:188} INFO - [2024-04-21T14:59:55.216+0000] {dag.py:3096} INFO - Sync 1 DAGs
[2024-04-21T14:59:55.226+0000] {logging_mixin.py:188} INFO - [2024-04-21T14:59:55.226+0000] {dag.py:3954} INFO - Setting next_dagrun for tutorial to 2024-04-20 00:00:00+00:00, run_after=2024-04-21 00:00:00+00:00
[2024-04-21T14:59:55.234+0000] {processor.py:183} INFO - Processing /home/airflow/.local/lib/python3.12/site-packages/airflow/example_dags/tutorial.py took 0.038 seconds
[2024-04-21T15:00:26.080+0000] {processor.py:161} INFO - Started process (PID=7417) to work on /home/airflow/.local/lib/python3.12/site-packages/airflow/example_dags/tutorial.py
[2024-04-21T15:00:26.080+0000] {processor.py:830} INFO - Processing file /home/airflow/.local/lib/python3.12/site-packages/airflow/example_dags/tutorial.py for tasks to queue
[2024-04-21T15:00:26.081+0000] {logging_mixin.py:188} INFO - [2024-04-21T15:00:26.081+0000] {dagbag.py:540} INFO - Filling up the DagBag from /home/airflow/.local/lib/python3.12/site-packages/airflow/example_dags/tutorial.py
[2024-04-21T15:00:26.085+0000] {processor.py:840} INFO - DAG(s) 'tutorial' retrieved from /home/airflow/.local/lib/python3.12/site-packages/airflow/example_dags/tutorial.py
[2024-04-21T15:00:26.098+0000] {logging_mixin.py:188} INFO - [2024-04-21T15:00:26.097+0000] {dag.py:3096} INFO - Sync 1 DAGs
[2024-04-21T15:00:26.109+0000] {logging_mixin.py:188} INFO - [2024-04-21T15:00:26.108+0000] {dag.py:3954} INFO - Setting next_dagrun for tutorial to 2024-04-20 00:00:00+00:00, run_after=2024-04-21 00:00:00+00:00
[2024-04-21T15:00:26.116+0000] {processor.py:183} INFO - Processing /home/airflow/.local/lib/python3.12/site-packages/airflow/example_dags/tutorial.py took 0.040 seconds
[2024-04-21T15:00:57.070+0000] {processor.py:161} INFO - Started process (PID=7686) to work on /home/airflow/.local/lib/python3.12/site-packages/airflow/example_dags/tutorial.py
[2024-04-21T15:00:57.071+0000] {processor.py:830} INFO - Processing file /home/airflow/.local/lib/python3.12/site-packages/airflow/example_dags/tutorial.py for tasks to queue
[2024-04-21T15:00:57.072+0000] {logging_mixin.py:188} INFO - [2024-04-21T15:00:57.072+0000] {dagbag.py:540} INFO - Filling up the DagBag from /home/airflow/.local/lib/python3.12/site-packages/airflow/example_dags/tutorial.py
[2024-04-21T15:00:57.076+0000] {processor.py:840} INFO - DAG(s) 'tutorial' retrieved from /home/airflow/.local/lib/python3.12/site-packages/airflow/example_dags/tutorial.py
[2024-04-21T15:00:57.089+0000] {logging_mixin.py:188} INFO - [2024-04-21T15:00:57.089+0000] {dag.py:3096} INFO - Sync 1 DAGs
[2024-04-21T15:00:57.099+0000] {logging_mixin.py:188} INFO - [2024-04-21T15:00:57.099+0000] {dag.py:3954} INFO - Setting next_dagrun for tutorial to 2024-04-20 00:00:00+00:00, run_after=2024-04-21 00:00:00+00:00
[2024-04-21T15:00:57.107+0000] {processor.py:183} INFO - Processing /home/airflow/.local/lib/python3.12/site-packages/airflow/example_dags/tutorial.py took 0.041 seconds
[2024-04-21T15:01:27.190+0000] {processor.py:161} INFO - Started process (PID=7953) to work on /home/airflow/.local/lib/python3.12/site-packages/airflow/example_dags/tutorial.py
[2024-04-21T15:01:27.191+0000] {processor.py:830} INFO - Processing file /home/airflow/.local/lib/python3.12/site-packages/airflow/example_dags/tutorial.py for tasks to queue
[2024-04-21T15:01:27.192+0000] {logging_mixin.py:188} INFO - [2024-04-21T15:01:27.192+0000] {dagbag.py:540} INFO - Filling up the DagBag from /home/airflow/.local/lib/python3.12/site-packages/airflow/example_dags/tutorial.py
[2024-04-21T15:01:27.195+0000] {processor.py:840} INFO - DAG(s) 'tutorial' retrieved from /home/airflow/.local/lib/python3.12/site-packages/airflow/example_dags/tutorial.py
[2024-04-21T15:01:27.208+0000] {logging_mixin.py:188} INFO - [2024-04-21T15:01:27.208+0000] {dag.py:3096} INFO - Sync 1 DAGs
[2024-04-21T15:01:27.218+0000] {logging_mixin.py:188} INFO - [2024-04-21T15:01:27.218+0000] {dag.py:3954} INFO - Setting next_dagrun for tutorial to 2024-04-20 00:00:00+00:00, run_after=2024-04-21 00:00:00+00:00
[2024-04-21T15:01:27.226+0000] {processor.py:183} INFO - Processing /home/airflow/.local/lib/python3.12/site-packages/airflow/example_dags/tutorial.py took 0.039 seconds
[2024-04-21T15:01:57.401+0000] {processor.py:161} INFO - Started process (PID=8235) to work on /home/airflow/.local/lib/python3.12/site-packages/airflow/example_dags/tutorial.py
[2024-04-21T15:01:57.401+0000] {processor.py:830} INFO - Processing file /home/airflow/.local/lib/python3.12/site-packages/airflow/example_dags/tutorial.py for tasks to queue
[2024-04-21T15:01:57.403+0000] {logging_mixin.py:188} INFO - [2024-04-21T15:01:57.402+0000] {dagbag.py:540} INFO - Filling up the DagBag from /home/airflow/.local/lib/python3.12/site-packages/airflow/example_dags/tutorial.py
[2024-04-21T15:01:57.406+0000] {processor.py:840} INFO - DAG(s) 'tutorial' retrieved from /home/airflow/.local/lib/python3.12/site-packages/airflow/example_dags/tutorial.py
[2024-04-21T15:01:57.418+0000] {logging_mixin.py:188} INFO - [2024-04-21T15:01:57.418+0000] {dag.py:3096} INFO - Sync 1 DAGs
[2024-04-21T15:01:57.428+0000] {logging_mixin.py:188} INFO - [2024-04-21T15:01:57.428+0000] {dag.py:3954} INFO - Setting next_dagrun for tutorial to 2024-04-20 00:00:00+00:00, run_after=2024-04-21 00:00:00+00:00
[2024-04-21T15:01:57.435+0000] {processor.py:183} INFO - Processing /home/airflow/.local/lib/python3.12/site-packages/airflow/example_dags/tutorial.py took 0.037 seconds
[2024-04-21T15:02:28.234+0000] {processor.py:161} INFO - Started process (PID=8507) to work on /home/airflow/.local/lib/python3.12/site-packages/airflow/example_dags/tutorial.py
[2024-04-21T15:02:28.234+0000] {processor.py:830} INFO - Processing file /home/airflow/.local/lib/python3.12/site-packages/airflow/example_dags/tutorial.py for tasks to queue
[2024-04-21T15:02:28.235+0000] {logging_mixin.py:188} INFO - [2024-04-21T15:02:28.235+0000] {dagbag.py:540} INFO - Filling up the DagBag from /home/airflow/.local/lib/python3.12/site-packages/airflow/example_dags/tutorial.py
[2024-04-21T15:02:28.238+0000] {processor.py:840} INFO - DAG(s) 'tutorial' retrieved from /home/airflow/.local/lib/python3.12/site-packages/airflow/example_dags/tutorial.py
[2024-04-21T15:02:28.251+0000] {logging_mixin.py:188} INFO - [2024-04-21T15:02:28.251+0000] {dag.py:3096} INFO - Sync 1 DAGs
[2024-04-21T15:02:28.260+0000] {logging_mixin.py:188} INFO - [2024-04-21T15:02:28.260+0000] {dag.py:3954} INFO - Setting next_dagrun for tutorial to 2024-04-20 00:00:00+00:00, run_after=2024-04-21 00:00:00+00:00
[2024-04-21T15:02:28.267+0000] {processor.py:183} INFO - Processing /home/airflow/.local/lib/python3.12/site-packages/airflow/example_dags/tutorial.py took 0.037 seconds
[2024-04-21T15:02:59.122+0000] {processor.py:161} INFO - Started process (PID=8785) to work on /home/airflow/.local/lib/python3.12/site-packages/airflow/example_dags/tutorial.py
[2024-04-21T15:02:59.122+0000] {processor.py:830} INFO - Processing file /home/airflow/.local/lib/python3.12/site-packages/airflow/example_dags/tutorial.py for tasks to queue
[2024-04-21T15:02:59.123+0000] {logging_mixin.py:188} INFO - [2024-04-21T15:02:59.123+0000] {dagbag.py:540} INFO - Filling up the DagBag from /home/airflow/.local/lib/python3.12/site-packages/airflow/example_dags/tutorial.py
[2024-04-21T15:02:59.127+0000] {processor.py:840} INFO - DAG(s) 'tutorial' retrieved from /home/airflow/.local/lib/python3.12/site-packages/airflow/example_dags/tutorial.py
[2024-04-21T15:02:59.139+0000] {logging_mixin.py:188} INFO - [2024-04-21T15:02:59.139+0000] {dag.py:3096} INFO - Sync 1 DAGs
[2024-04-21T15:02:59.149+0000] {logging_mixin.py:188} INFO - [2024-04-21T15:02:59.149+0000] {dag.py:3954} INFO - Setting next_dagrun for tutorial to 2024-04-20 00:00:00+00:00, run_after=2024-04-21 00:00:00+00:00
[2024-04-21T15:02:59.156+0000] {processor.py:183} INFO - Processing /home/airflow/.local/lib/python3.12/site-packages/airflow/example_dags/tutorial.py took 0.038 seconds
[2024-04-21T15:03:30.013+0000] {processor.py:161} INFO - Started process (PID=9052) to work on /home/airflow/.local/lib/python3.12/site-packages/airflow/example_dags/tutorial.py
[2024-04-21T15:03:30.014+0000] {processor.py:830} INFO - Processing file /home/airflow/.local/lib/python3.12/site-packages/airflow/example_dags/tutorial.py for tasks to queue
[2024-04-21T15:03:30.015+0000] {logging_mixin.py:188} INFO - [2024-04-21T15:03:30.015+0000] {dagbag.py:540} INFO - Filling up the DagBag from /home/airflow/.local/lib/python3.12/site-packages/airflow/example_dags/tutorial.py
[2024-04-21T15:03:30.018+0000] {processor.py:840} INFO - DAG(s) 'tutorial' retrieved from /home/airflow/.local/lib/python3.12/site-packages/airflow/example_dags/tutorial.py
[2024-04-21T15:03:30.031+0000] {logging_mixin.py:188} INFO - [2024-04-21T15:03:30.031+0000] {dag.py:3096} INFO - Sync 1 DAGs
[2024-04-21T15:03:30.041+0000] {logging_mixin.py:188} INFO - [2024-04-21T15:03:30.041+0000] {dag.py:3954} INFO - Setting next_dagrun for tutorial to 2024-04-20 00:00:00+00:00, run_after=2024-04-21 00:00:00+00:00
[2024-04-21T15:03:30.048+0000] {processor.py:183} INFO - Processing /home/airflow/.local/lib/python3.12/site-packages/airflow/example_dags/tutorial.py took 0.038 seconds
[2024-04-21T15:04:01.016+0000] {processor.py:161} INFO - Started process (PID=9319) to work on /home/airflow/.local/lib/python3.12/site-packages/airflow/example_dags/tutorial.py
[2024-04-21T15:04:01.016+0000] {processor.py:830} INFO - Processing file /home/airflow/.local/lib/python3.12/site-packages/airflow/example_dags/tutorial.py for tasks to queue
[2024-04-21T15:04:01.017+0000] {logging_mixin.py:188} INFO - [2024-04-21T15:04:01.017+0000] {dagbag.py:540} INFO - Filling up the DagBag from /home/airflow/.local/lib/python3.12/site-packages/airflow/example_dags/tutorial.py
[2024-04-21T15:04:01.021+0000] {processor.py:840} INFO - DAG(s) 'tutorial' retrieved from /home/airflow/.local/lib/python3.12/site-packages/airflow/example_dags/tutorial.py
[2024-04-21T15:04:01.033+0000] {logging_mixin.py:188} INFO - [2024-04-21T15:04:01.033+0000] {dag.py:3096} INFO - Sync 1 DAGs
[2024-04-21T15:04:01.043+0000] {logging_mixin.py:188} INFO - [2024-04-21T15:04:01.043+0000] {dag.py:3954} INFO - Setting next_dagrun for tutorial to 2024-04-20 00:00:00+00:00, run_after=2024-04-21 00:00:00+00:00
[2024-04-21T15:04:01.050+0000] {processor.py:183} INFO - Processing /home/airflow/.local/lib/python3.12/site-packages/airflow/example_dags/tutorial.py took 0.038 seconds
[2024-04-21T15:04:31.794+0000] {processor.py:161} INFO - Started process (PID=9584) to work on /home/airflow/.local/lib/python3.12/site-packages/airflow/example_dags/tutorial.py
[2024-04-21T15:04:31.794+0000] {processor.py:830} INFO - Processing file /home/airflow/.local/lib/python3.12/site-packages/airflow/example_dags/tutorial.py for tasks to queue
[2024-04-21T15:04:31.795+0000] {logging_mixin.py:188} INFO - [2024-04-21T15:04:31.795+0000] {dagbag.py:540} INFO - Filling up the DagBag from /home/airflow/.local/lib/python3.12/site-packages/airflow/example_dags/tutorial.py
[2024-04-21T15:04:31.798+0000] {processor.py:840} INFO - DAG(s) 'tutorial' retrieved from /home/airflow/.local/lib/python3.12/site-packages/airflow/example_dags/tutorial.py
[2024-04-21T15:04:31.811+0000] {logging_mixin.py:188} INFO - [2024-04-21T15:04:31.810+0000] {dag.py:3096} INFO - Sync 1 DAGs
[2024-04-21T15:04:31.820+0000] {logging_mixin.py:188} INFO - [2024-04-21T15:04:31.820+0000] {dag.py:3954} INFO - Setting next_dagrun for tutorial to 2024-04-20 00:00:00+00:00, run_after=2024-04-21 00:00:00+00:00
[2024-04-21T15:04:31.828+0000] {processor.py:183} INFO - Processing /home/airflow/.local/lib/python3.12/site-packages/airflow/example_dags/tutorial.py took 0.037 seconds
[2024-04-21T15:05:02.666+0000] {processor.py:161} INFO - Started process (PID=9852) to work on /home/airflow/.local/lib/python3.12/site-packages/airflow/example_dags/tutorial.py
[2024-04-21T15:05:02.666+0000] {processor.py:830} INFO - Processing file /home/airflow/.local/lib/python3.12/site-packages/airflow/example_dags/tutorial.py for tasks to queue
[2024-04-21T15:05:02.667+0000] {logging_mixin.py:188} INFO - [2024-04-21T15:05:02.667+0000] {dagbag.py:540} INFO - Filling up the DagBag from /home/airflow/.local/lib/python3.12/site-packages/airflow/example_dags/tutorial.py
[2024-04-21T15:05:02.671+0000] {processor.py:840} INFO - DAG(s) 'tutorial' retrieved from /home/airflow/.local/lib/python3.12/site-packages/airflow/example_dags/tutorial.py
[2024-04-21T15:05:02.685+0000] {logging_mixin.py:188} INFO - [2024-04-21T15:05:02.685+0000] {dag.py:3096} INFO - Sync 1 DAGs
[2024-04-21T15:05:02.695+0000] {logging_mixin.py:188} INFO - [2024-04-21T15:05:02.695+0000] {dag.py:3954} INFO - Setting next_dagrun for tutorial to 2024-04-20 00:00:00+00:00, run_after=2024-04-21 00:00:00+00:00
[2024-04-21T15:05:02.704+0000] {processor.py:183} INFO - Processing /home/airflow/.local/lib/python3.12/site-packages/airflow/example_dags/tutorial.py took 0.042 seconds
[2024-04-21T15:05:33.524+0000] {processor.py:161} INFO - Started process (PID=10117) to work on /home/airflow/.local/lib/python3.12/site-packages/airflow/example_dags/tutorial.py
[2024-04-21T15:05:33.524+0000] {processor.py:830} INFO - Processing file /home/airflow/.local/lib/python3.12/site-packages/airflow/example_dags/tutorial.py for tasks to queue
[2024-04-21T15:05:33.525+0000] {logging_mixin.py:188} INFO - [2024-04-21T15:05:33.525+0000] {dagbag.py:540} INFO - Filling up the DagBag from /home/airflow/.local/lib/python3.12/site-packages/airflow/example_dags/tutorial.py
[2024-04-21T15:05:33.528+0000] {processor.py:840} INFO - DAG(s) 'tutorial' retrieved from /home/airflow/.local/lib/python3.12/site-packages/airflow/example_dags/tutorial.py
[2024-04-21T15:05:33.541+0000] {logging_mixin.py:188} INFO - [2024-04-21T15:05:33.541+0000] {dag.py:3096} INFO - Sync 1 DAGs
[2024-04-21T15:05:33.551+0000] {logging_mixin.py:188} INFO - [2024-04-21T15:05:33.551+0000] {dag.py:3954} INFO - Setting next_dagrun for tutorial to 2024-04-20 00:00:00+00:00, run_after=2024-04-21 00:00:00+00:00
[2024-04-21T15:05:33.558+0000] {processor.py:183} INFO - Processing /home/airflow/.local/lib/python3.12/site-packages/airflow/example_dags/tutorial.py took 0.038 seconds
[2024-04-21T15:06:04.403+0000] {processor.py:161} INFO - Started process (PID=10384) to work on /home/airflow/.local/lib/python3.12/site-packages/airflow/example_dags/tutorial.py
[2024-04-21T15:06:04.403+0000] {processor.py:830} INFO - Processing file /home/airflow/.local/lib/python3.12/site-packages/airflow/example_dags/tutorial.py for tasks to queue
[2024-04-21T15:06:04.404+0000] {logging_mixin.py:188} INFO - [2024-04-21T15:06:04.404+0000] {dagbag.py:540} INFO - Filling up the DagBag from /home/airflow/.local/lib/python3.12/site-packages/airflow/example_dags/tutorial.py
[2024-04-21T15:06:04.407+0000] {processor.py:840} INFO - DAG(s) 'tutorial' retrieved from /home/airflow/.local/lib/python3.12/site-packages/airflow/example_dags/tutorial.py
[2024-04-21T15:06:04.420+0000] {logging_mixin.py:188} INFO - [2024-04-21T15:06:04.419+0000] {dag.py:3096} INFO - Sync 1 DAGs
[2024-04-21T15:06:04.429+0000] {logging_mixin.py:188} INFO - [2024-04-21T15:06:04.429+0000] {dag.py:3954} INFO - Setting next_dagrun for tutorial to 2024-04-20 00:00:00+00:00, run_after=2024-04-21 00:00:00+00:00
[2024-04-21T15:06:04.438+0000] {processor.py:183} INFO - Processing /home/airflow/.local/lib/python3.12/site-packages/airflow/example_dags/tutorial.py took 0.039 seconds
[2024-04-21T15:06:35.251+0000] {processor.py:161} INFO - Started process (PID=10651) to work on /home/airflow/.local/lib/python3.12/site-packages/airflow/example_dags/tutorial.py
[2024-04-21T15:06:35.251+0000] {processor.py:830} INFO - Processing file /home/airflow/.local/lib/python3.12/site-packages/airflow/example_dags/tutorial.py for tasks to queue
[2024-04-21T15:06:35.252+0000] {logging_mixin.py:188} INFO - [2024-04-21T15:06:35.252+0000] {dagbag.py:540} INFO - Filling up the DagBag from /home/airflow/.local/lib/python3.12/site-packages/airflow/example_dags/tutorial.py
[2024-04-21T15:06:35.255+0000] {processor.py:840} INFO - DAG(s) 'tutorial' retrieved from /home/airflow/.local/lib/python3.12/site-packages/airflow/example_dags/tutorial.py
[2024-04-21T15:06:35.268+0000] {logging_mixin.py:188} INFO - [2024-04-21T15:06:35.268+0000] {dag.py:3096} INFO - Sync 1 DAGs
[2024-04-21T15:06:35.278+0000] {logging_mixin.py:188} INFO - [2024-04-21T15:06:35.277+0000] {dag.py:3954} INFO - Setting next_dagrun for tutorial to 2024-04-20 00:00:00+00:00, run_after=2024-04-21 00:00:00+00:00
[2024-04-21T15:06:35.285+0000] {processor.py:183} INFO - Processing /home/airflow/.local/lib/python3.12/site-packages/airflow/example_dags/tutorial.py took 0.038 seconds
[2024-04-21T15:07:05.405+0000] {processor.py:161} INFO - Started process (PID=10920) to work on /home/airflow/.local/lib/python3.12/site-packages/airflow/example_dags/tutorial.py
[2024-04-21T15:07:05.406+0000] {processor.py:830} INFO - Processing file /home/airflow/.local/lib/python3.12/site-packages/airflow/example_dags/tutorial.py for tasks to queue
[2024-04-21T15:07:05.407+0000] {logging_mixin.py:188} INFO - [2024-04-21T15:07:05.407+0000] {dagbag.py:540} INFO - Filling up the DagBag from /home/airflow/.local/lib/python3.12/site-packages/airflow/example_dags/tutorial.py
[2024-04-21T15:07:05.410+0000] {processor.py:840} INFO - DAG(s) 'tutorial' retrieved from /home/airflow/.local/lib/python3.12/site-packages/airflow/example_dags/tutorial.py
[2024-04-21T15:07:05.422+0000] {logging_mixin.py:188} INFO - [2024-04-21T15:07:05.422+0000] {dag.py:3096} INFO - Sync 1 DAGs
[2024-04-21T15:07:05.432+0000] {logging_mixin.py:188} INFO - [2024-04-21T15:07:05.432+0000] {dag.py:3954} INFO - Setting next_dagrun for tutorial to 2024-04-20 00:00:00+00:00, run_after=2024-04-21 00:00:00+00:00
[2024-04-21T15:07:05.439+0000] {processor.py:183} INFO - Processing /home/airflow/.local/lib/python3.12/site-packages/airflow/example_dags/tutorial.py took 0.037 seconds
[2024-04-21T15:07:35.659+0000] {processor.py:161} INFO - Started process (PID=11206) to work on /home/airflow/.local/lib/python3.12/site-packages/airflow/example_dags/tutorial.py
[2024-04-21T15:07:35.660+0000] {processor.py:830} INFO - Processing file /home/airflow/.local/lib/python3.12/site-packages/airflow/example_dags/tutorial.py for tasks to queue
[2024-04-21T15:07:35.661+0000] {logging_mixin.py:188} INFO - [2024-04-21T15:07:35.660+0000] {dagbag.py:540} INFO - Filling up the DagBag from /home/airflow/.local/lib/python3.12/site-packages/airflow/example_dags/tutorial.py
[2024-04-21T15:07:35.664+0000] {processor.py:840} INFO - DAG(s) 'tutorial' retrieved from /home/airflow/.local/lib/python3.12/site-packages/airflow/example_dags/tutorial.py
[2024-04-21T15:07:35.677+0000] {logging_mixin.py:188} INFO - [2024-04-21T15:07:35.677+0000] {dag.py:3096} INFO - Sync 1 DAGs
[2024-04-21T15:07:35.687+0000] {logging_mixin.py:188} INFO - [2024-04-21T15:07:35.687+0000] {dag.py:3954} INFO - Setting next_dagrun for tutorial to 2024-04-20 00:00:00+00:00, run_after=2024-04-21 00:00:00+00:00
[2024-04-21T15:07:35.695+0000] {processor.py:183} INFO - Processing /home/airflow/.local/lib/python3.12/site-packages/airflow/example_dags/tutorial.py took 0.040 seconds
[2024-04-21T15:08:05.787+0000] {processor.py:161} INFO - Started process (PID=11485) to work on /home/airflow/.local/lib/python3.12/site-packages/airflow/example_dags/tutorial.py
[2024-04-21T15:08:05.788+0000] {processor.py:830} INFO - Processing file /home/airflow/.local/lib/python3.12/site-packages/airflow/example_dags/tutorial.py for tasks to queue
[2024-04-21T15:08:05.789+0000] {logging_mixin.py:188} INFO - [2024-04-21T15:08:05.789+0000] {dagbag.py:540} INFO - Filling up the DagBag from /home/airflow/.local/lib/python3.12/site-packages/airflow/example_dags/tutorial.py
[2024-04-21T15:08:05.792+0000] {processor.py:840} INFO - DAG(s) 'tutorial' retrieved from /home/airflow/.local/lib/python3.12/site-packages/airflow/example_dags/tutorial.py
[2024-04-21T15:08:05.804+0000] {logging_mixin.py:188} INFO - [2024-04-21T15:08:05.803+0000] {dag.py:3096} INFO - Sync 1 DAGs
[2024-04-21T15:08:05.813+0000] {logging_mixin.py:188} INFO - [2024-04-21T15:08:05.813+0000] {dag.py:3954} INFO - Setting next_dagrun for tutorial to 2024-04-20 00:00:00+00:00, run_after=2024-04-21 00:00:00+00:00
[2024-04-21T15:08:05.821+0000] {processor.py:183} INFO - Processing /home/airflow/.local/lib/python3.12/site-packages/airflow/example_dags/tutorial.py took 0.037 seconds
[2024-04-21T15:08:36.789+0000] {processor.py:161} INFO - Started process (PID=11768) to work on /home/airflow/.local/lib/python3.12/site-packages/airflow/example_dags/tutorial.py
[2024-04-21T15:08:36.790+0000] {processor.py:830} INFO - Processing file /home/airflow/.local/lib/python3.12/site-packages/airflow/example_dags/tutorial.py for tasks to queue
[2024-04-21T15:08:36.791+0000] {logging_mixin.py:188} INFO - [2024-04-21T15:08:36.791+0000] {dagbag.py:540} INFO - Filling up the DagBag from /home/airflow/.local/lib/python3.12/site-packages/airflow/example_dags/tutorial.py
[2024-04-21T15:08:36.794+0000] {processor.py:840} INFO - DAG(s) 'tutorial' retrieved from /home/airflow/.local/lib/python3.12/site-packages/airflow/example_dags/tutorial.py
[2024-04-21T15:08:36.807+0000] {logging_mixin.py:188} INFO - [2024-04-21T15:08:36.807+0000] {dag.py:3096} INFO - Sync 1 DAGs
[2024-04-21T15:08:36.816+0000] {logging_mixin.py:188} INFO - [2024-04-21T15:08:36.816+0000] {dag.py:3954} INFO - Setting next_dagrun for tutorial to 2024-04-20 00:00:00+00:00, run_after=2024-04-21 00:00:00+00:00
[2024-04-21T15:08:36.824+0000] {processor.py:183} INFO - Processing /home/airflow/.local/lib/python3.12/site-packages/airflow/example_dags/tutorial.py took 0.037 seconds
[2024-04-21T15:09:07.695+0000] {processor.py:161} INFO - Started process (PID=12036) to work on /home/airflow/.local/lib/python3.12/site-packages/airflow/example_dags/tutorial.py
[2024-04-21T15:09:07.695+0000] {processor.py:830} INFO - Processing file /home/airflow/.local/lib/python3.12/site-packages/airflow/example_dags/tutorial.py for tasks to queue
[2024-04-21T15:09:07.696+0000] {logging_mixin.py:188} INFO - [2024-04-21T15:09:07.696+0000] {dagbag.py:540} INFO - Filling up the DagBag from /home/airflow/.local/lib/python3.12/site-packages/airflow/example_dags/tutorial.py
[2024-04-21T15:09:07.699+0000] {processor.py:840} INFO - DAG(s) 'tutorial' retrieved from /home/airflow/.local/lib/python3.12/site-packages/airflow/example_dags/tutorial.py
[2024-04-21T15:09:07.712+0000] {logging_mixin.py:188} INFO - [2024-04-21T15:09:07.711+0000] {dag.py:3096} INFO - Sync 1 DAGs
[2024-04-21T15:09:07.721+0000] {logging_mixin.py:188} INFO - [2024-04-21T15:09:07.721+0000] {dag.py:3954} INFO - Setting next_dagrun for tutorial to 2024-04-20 00:00:00+00:00, run_after=2024-04-21 00:00:00+00:00
[2024-04-21T15:09:07.728+0000] {processor.py:183} INFO - Processing /home/airflow/.local/lib/python3.12/site-packages/airflow/example_dags/tutorial.py took 0.037 seconds
[2024-04-21T15:09:38.517+0000] {processor.py:161} INFO - Started process (PID=12301) to work on /home/airflow/.local/lib/python3.12/site-packages/airflow/example_dags/tutorial.py
[2024-04-21T15:09:38.518+0000] {processor.py:830} INFO - Processing file /home/airflow/.local/lib/python3.12/site-packages/airflow/example_dags/tutorial.py for tasks to queue
[2024-04-21T15:09:38.519+0000] {logging_mixin.py:188} INFO - [2024-04-21T15:09:38.519+0000] {dagbag.py:540} INFO - Filling up the DagBag from /home/airflow/.local/lib/python3.12/site-packages/airflow/example_dags/tutorial.py
[2024-04-21T15:09:38.525+0000] {processor.py:840} INFO - DAG(s) 'tutorial' retrieved from /home/airflow/.local/lib/python3.12/site-packages/airflow/example_dags/tutorial.py
[2024-04-21T15:09:38.538+0000] {logging_mixin.py:188} INFO - [2024-04-21T15:09:38.538+0000] {dag.py:3096} INFO - Sync 1 DAGs
[2024-04-21T15:09:38.548+0000] {logging_mixin.py:188} INFO - [2024-04-21T15:09:38.548+0000] {dag.py:3954} INFO - Setting next_dagrun for tutorial to 2024-04-20 00:00:00+00:00, run_after=2024-04-21 00:00:00+00:00
[2024-04-21T15:09:38.555+0000] {processor.py:183} INFO - Processing /home/airflow/.local/lib/python3.12/site-packages/airflow/example_dags/tutorial.py took 0.043 seconds
[2024-04-21T15:10:09.471+0000] {processor.py:161} INFO - Started process (PID=12570) to work on /home/airflow/.local/lib/python3.12/site-packages/airflow/example_dags/tutorial.py
[2024-04-21T15:10:09.472+0000] {processor.py:830} INFO - Processing file /home/airflow/.local/lib/python3.12/site-packages/airflow/example_dags/tutorial.py for tasks to queue
[2024-04-21T15:10:09.473+0000] {logging_mixin.py:188} INFO - [2024-04-21T15:10:09.473+0000] {dagbag.py:540} INFO - Filling up the DagBag from /home/airflow/.local/lib/python3.12/site-packages/airflow/example_dags/tutorial.py
[2024-04-21T15:10:09.476+0000] {processor.py:840} INFO - DAG(s) 'tutorial' retrieved from /home/airflow/.local/lib/python3.12/site-packages/airflow/example_dags/tutorial.py
[2024-04-21T15:10:09.489+0000] {logging_mixin.py:188} INFO - [2024-04-21T15:10:09.489+0000] {dag.py:3096} INFO - Sync 1 DAGs
[2024-04-21T15:10:09.498+0000] {logging_mixin.py:188} INFO - [2024-04-21T15:10:09.498+0000] {dag.py:3954} INFO - Setting next_dagrun for tutorial to 2024-04-20 00:00:00+00:00, run_after=2024-04-21 00:00:00+00:00
[2024-04-21T15:10:09.506+0000] {processor.py:183} INFO - Processing /home/airflow/.local/lib/python3.12/site-packages/airflow/example_dags/tutorial.py took 0.039 seconds
[2024-04-21T15:10:39.796+0000] {processor.py:161} INFO - Started process (PID=12842) to work on /home/airflow/.local/lib/python3.12/site-packages/airflow/example_dags/tutorial.py
[2024-04-21T15:10:39.796+0000] {processor.py:830} INFO - Processing file /home/airflow/.local/lib/python3.12/site-packages/airflow/example_dags/tutorial.py for tasks to queue
[2024-04-21T15:10:39.798+0000] {logging_mixin.py:188} INFO - [2024-04-21T15:10:39.798+0000] {dagbag.py:540} INFO - Filling up the DagBag from /home/airflow/.local/lib/python3.12/site-packages/airflow/example_dags/tutorial.py
[2024-04-21T15:10:39.802+0000] {processor.py:840} INFO - DAG(s) 'tutorial' retrieved from /home/airflow/.local/lib/python3.12/site-packages/airflow/example_dags/tutorial.py
[2024-04-21T15:10:39.816+0000] {logging_mixin.py:188} INFO - [2024-04-21T15:10:39.816+0000] {dag.py:3096} INFO - Sync 1 DAGs
[2024-04-21T15:10:39.827+0000] {logging_mixin.py:188} INFO - [2024-04-21T15:10:39.827+0000] {dag.py:3954} INFO - Setting next_dagrun for tutorial to 2024-04-20 00:00:00+00:00, run_after=2024-04-21 00:00:00+00:00
[2024-04-21T15:10:39.837+0000] {processor.py:183} INFO - Processing /home/airflow/.local/lib/python3.12/site-packages/airflow/example_dags/tutorial.py took 0.044 seconds
[2024-04-21T15:11:09.889+0000] {processor.py:161} INFO - Started process (PID=13119) to work on /home/airflow/.local/lib/python3.12/site-packages/airflow/example_dags/tutorial.py
[2024-04-21T15:11:09.889+0000] {processor.py:830} INFO - Processing file /home/airflow/.local/lib/python3.12/site-packages/airflow/example_dags/tutorial.py for tasks to queue
[2024-04-21T15:11:09.891+0000] {logging_mixin.py:188} INFO - [2024-04-21T15:11:09.890+0000] {dagbag.py:540} INFO - Filling up the DagBag from /home/airflow/.local/lib/python3.12/site-packages/airflow/example_dags/tutorial.py
[2024-04-21T15:11:09.894+0000] {processor.py:840} INFO - DAG(s) 'tutorial' retrieved from /home/airflow/.local/lib/python3.12/site-packages/airflow/example_dags/tutorial.py
[2024-04-21T15:11:09.906+0000] {logging_mixin.py:188} INFO - [2024-04-21T15:11:09.906+0000] {dag.py:3096} INFO - Sync 1 DAGs
[2024-04-21T15:11:09.916+0000] {logging_mixin.py:188} INFO - [2024-04-21T15:11:09.916+0000] {dag.py:3954} INFO - Setting next_dagrun for tutorial to 2024-04-20 00:00:00+00:00, run_after=2024-04-21 00:00:00+00:00
[2024-04-21T15:11:09.924+0000] {processor.py:183} INFO - Processing /home/airflow/.local/lib/python3.12/site-packages/airflow/example_dags/tutorial.py took 0.039 seconds
[2024-04-21T15:11:40.860+0000] {processor.py:161} INFO - Started process (PID=13395) to work on /home/airflow/.local/lib/python3.12/site-packages/airflow/example_dags/tutorial.py
[2024-04-21T15:11:40.861+0000] {processor.py:830} INFO - Processing file /home/airflow/.local/lib/python3.12/site-packages/airflow/example_dags/tutorial.py for tasks to queue
[2024-04-21T15:11:40.862+0000] {logging_mixin.py:188} INFO - [2024-04-21T15:11:40.862+0000] {dagbag.py:540} INFO - Filling up the DagBag from /home/airflow/.local/lib/python3.12/site-packages/airflow/example_dags/tutorial.py
[2024-04-21T15:11:40.865+0000] {processor.py:840} INFO - DAG(s) 'tutorial' retrieved from /home/airflow/.local/lib/python3.12/site-packages/airflow/example_dags/tutorial.py
[2024-04-21T15:11:40.877+0000] {logging_mixin.py:188} INFO - [2024-04-21T15:11:40.877+0000] {dag.py:3096} INFO - Sync 1 DAGs
[2024-04-21T15:11:40.887+0000] {logging_mixin.py:188} INFO - [2024-04-21T15:11:40.887+0000] {dag.py:3954} INFO - Setting next_dagrun for tutorial to 2024-04-20 00:00:00+00:00, run_after=2024-04-21 00:00:00+00:00
[2024-04-21T15:11:40.895+0000] {processor.py:183} INFO - Processing /home/airflow/.local/lib/python3.12/site-packages/airflow/example_dags/tutorial.py took 0.038 seconds
[2024-04-21T15:12:10.920+0000] {processor.py:161} INFO - Started process (PID=13677) to work on /home/airflow/.local/lib/python3.12/site-packages/airflow/example_dags/tutorial.py
[2024-04-21T15:12:10.921+0000] {processor.py:830} INFO - Processing file /home/airflow/.local/lib/python3.12/site-packages/airflow/example_dags/tutorial.py for tasks to queue
[2024-04-21T15:12:10.922+0000] {logging_mixin.py:188} INFO - [2024-04-21T15:12:10.921+0000] {dagbag.py:540} INFO - Filling up the DagBag from /home/airflow/.local/lib/python3.12/site-packages/airflow/example_dags/tutorial.py
[2024-04-21T15:12:10.925+0000] {processor.py:840} INFO - DAG(s) 'tutorial' retrieved from /home/airflow/.local/lib/python3.12/site-packages/airflow/example_dags/tutorial.py
[2024-04-21T15:12:10.937+0000] {logging_mixin.py:188} INFO - [2024-04-21T15:12:10.937+0000] {dag.py:3096} INFO - Sync 1 DAGs
[2024-04-21T15:12:10.947+0000] {logging_mixin.py:188} INFO - [2024-04-21T15:12:10.947+0000] {dag.py:3954} INFO - Setting next_dagrun for tutorial to 2024-04-20 00:00:00+00:00, run_after=2024-04-21 00:00:00+00:00
[2024-04-21T15:12:10.956+0000] {processor.py:183} INFO - Processing /home/airflow/.local/lib/python3.12/site-packages/airflow/example_dags/tutorial.py took 0.039 seconds
[2024-04-21T15:12:41.663+0000] {processor.py:161} INFO - Started process (PID=13951) to work on /home/airflow/.local/lib/python3.12/site-packages/airflow/example_dags/tutorial.py
[2024-04-21T15:12:41.663+0000] {processor.py:830} INFO - Processing file /home/airflow/.local/lib/python3.12/site-packages/airflow/example_dags/tutorial.py for tasks to queue
[2024-04-21T15:12:41.664+0000] {logging_mixin.py:188} INFO - [2024-04-21T15:12:41.664+0000] {dagbag.py:540} INFO - Filling up the DagBag from /home/airflow/.local/lib/python3.12/site-packages/airflow/example_dags/tutorial.py
[2024-04-21T15:12:41.667+0000] {processor.py:840} INFO - DAG(s) 'tutorial' retrieved from /home/airflow/.local/lib/python3.12/site-packages/airflow/example_dags/tutorial.py
[2024-04-21T15:12:41.678+0000] {logging_mixin.py:188} INFO - [2024-04-21T15:12:41.678+0000] {dag.py:3096} INFO - Sync 1 DAGs
[2024-04-21T15:12:41.688+0000] {logging_mixin.py:188} INFO - [2024-04-21T15:12:41.688+0000] {dag.py:3954} INFO - Setting next_dagrun for tutorial to 2024-04-20 00:00:00+00:00, run_after=2024-04-21 00:00:00+00:00
[2024-04-21T15:12:41.695+0000] {processor.py:183} INFO - Processing /home/airflow/.local/lib/python3.12/site-packages/airflow/example_dags/tutorial.py took 0.036 seconds
[2024-04-21T15:13:12.659+0000] {processor.py:161} INFO - Started process (PID=14237) to work on /home/airflow/.local/lib/python3.12/site-packages/airflow/example_dags/tutorial.py
[2024-04-21T15:13:12.659+0000] {processor.py:830} INFO - Processing file /home/airflow/.local/lib/python3.12/site-packages/airflow/example_dags/tutorial.py for tasks to queue
[2024-04-21T15:13:12.660+0000] {logging_mixin.py:188} INFO - [2024-04-21T15:13:12.660+0000] {dagbag.py:540} INFO - Filling up the DagBag from /home/airflow/.local/lib/python3.12/site-packages/airflow/example_dags/tutorial.py
[2024-04-21T15:13:12.663+0000] {processor.py:840} INFO - DAG(s) 'tutorial' retrieved from /home/airflow/.local/lib/python3.12/site-packages/airflow/example_dags/tutorial.py
[2024-04-21T15:13:12.676+0000] {logging_mixin.py:188} INFO - [2024-04-21T15:13:12.676+0000] {dag.py:3096} INFO - Sync 1 DAGs
[2024-04-21T15:13:12.686+0000] {logging_mixin.py:188} INFO - [2024-04-21T15:13:12.686+0000] {dag.py:3954} INFO - Setting next_dagrun for tutorial to 2024-04-20 00:00:00+00:00, run_after=2024-04-21 00:00:00+00:00
[2024-04-21T15:13:12.693+0000] {processor.py:183} INFO - Processing /home/airflow/.local/lib/python3.12/site-packages/airflow/example_dags/tutorial.py took 0.038 seconds
[2024-04-21T15:13:43.590+0000] {processor.py:161} INFO - Started process (PID=14503) to work on /home/airflow/.local/lib/python3.12/site-packages/airflow/example_dags/tutorial.py
[2024-04-21T15:13:43.591+0000] {processor.py:830} INFO - Processing file /home/airflow/.local/lib/python3.12/site-packages/airflow/example_dags/tutorial.py for tasks to queue
[2024-04-21T15:13:43.592+0000] {logging_mixin.py:188} INFO - [2024-04-21T15:13:43.592+0000] {dagbag.py:540} INFO - Filling up the DagBag from /home/airflow/.local/lib/python3.12/site-packages/airflow/example_dags/tutorial.py
[2024-04-21T15:13:43.596+0000] {processor.py:840} INFO - DAG(s) 'tutorial' retrieved from /home/airflow/.local/lib/python3.12/site-packages/airflow/example_dags/tutorial.py
[2024-04-21T15:13:43.608+0000] {logging_mixin.py:188} INFO - [2024-04-21T15:13:43.608+0000] {dag.py:3096} INFO - Sync 1 DAGs
[2024-04-21T15:13:43.619+0000] {logging_mixin.py:188} INFO - [2024-04-21T15:13:43.619+0000] {dag.py:3954} INFO - Setting next_dagrun for tutorial to 2024-04-20 00:00:00+00:00, run_after=2024-04-21 00:00:00+00:00
[2024-04-21T15:13:43.627+0000] {processor.py:183} INFO - Processing /home/airflow/.local/lib/python3.12/site-packages/airflow/example_dags/tutorial.py took 0.040 seconds
[2024-04-21T15:14:13.748+0000] {processor.py:161} INFO - Started process (PID=14770) to work on /home/airflow/.local/lib/python3.12/site-packages/airflow/example_dags/tutorial.py
[2024-04-21T15:14:13.748+0000] {processor.py:830} INFO - Processing file /home/airflow/.local/lib/python3.12/site-packages/airflow/example_dags/tutorial.py for tasks to queue
[2024-04-21T15:14:13.749+0000] {logging_mixin.py:188} INFO - [2024-04-21T15:14:13.749+0000] {dagbag.py:540} INFO - Filling up the DagBag from /home/airflow/.local/lib/python3.12/site-packages/airflow/example_dags/tutorial.py
[2024-04-21T15:14:13.752+0000] {processor.py:840} INFO - DAG(s) 'tutorial' retrieved from /home/airflow/.local/lib/python3.12/site-packages/airflow/example_dags/tutorial.py
[2024-04-21T15:14:13.764+0000] {logging_mixin.py:188} INFO - [2024-04-21T15:14:13.764+0000] {dag.py:3096} INFO - Sync 1 DAGs
[2024-04-21T15:14:13.774+0000] {logging_mixin.py:188} INFO - [2024-04-21T15:14:13.773+0000] {dag.py:3954} INFO - Setting next_dagrun for tutorial to 2024-04-20 00:00:00+00:00, run_after=2024-04-21 00:00:00+00:00
[2024-04-21T15:14:13.781+0000] {processor.py:183} INFO - Processing /home/airflow/.local/lib/python3.12/site-packages/airflow/example_dags/tutorial.py took 0.036 seconds
[2024-04-21T15:14:43.890+0000] {processor.py:161} INFO - Started process (PID=15038) to work on /home/airflow/.local/lib/python3.12/site-packages/airflow/example_dags/tutorial.py
[2024-04-21T15:14:43.891+0000] {processor.py:830} INFO - Processing file /home/airflow/.local/lib/python3.12/site-packages/airflow/example_dags/tutorial.py for tasks to queue
[2024-04-21T15:14:43.892+0000] {logging_mixin.py:188} INFO - [2024-04-21T15:14:43.892+0000] {dagbag.py:540} INFO - Filling up the DagBag from /home/airflow/.local/lib/python3.12/site-packages/airflow/example_dags/tutorial.py
[2024-04-21T15:14:43.895+0000] {processor.py:840} INFO - DAG(s) 'tutorial' retrieved from /home/airflow/.local/lib/python3.12/site-packages/airflow/example_dags/tutorial.py
[2024-04-21T15:14:43.908+0000] {logging_mixin.py:188} INFO - [2024-04-21T15:14:43.908+0000] {dag.py:3096} INFO - Sync 1 DAGs
[2024-04-21T15:14:43.918+0000] {logging_mixin.py:188} INFO - [2024-04-21T15:14:43.918+0000] {dag.py:3954} INFO - Setting next_dagrun for tutorial to 2024-04-20 00:00:00+00:00, run_after=2024-04-21 00:00:00+00:00
[2024-04-21T15:14:43.926+0000] {processor.py:183} INFO - Processing /home/airflow/.local/lib/python3.12/site-packages/airflow/example_dags/tutorial.py took 0.039 seconds
[2024-04-21T15:15:14.007+0000] {processor.py:161} INFO - Started process (PID=15303) to work on /home/airflow/.local/lib/python3.12/site-packages/airflow/example_dags/tutorial.py
[2024-04-21T15:15:14.007+0000] {processor.py:830} INFO - Processing file /home/airflow/.local/lib/python3.12/site-packages/airflow/example_dags/tutorial.py for tasks to queue
[2024-04-21T15:15:14.008+0000] {logging_mixin.py:188} INFO - [2024-04-21T15:15:14.008+0000] {dagbag.py:540} INFO - Filling up the DagBag from /home/airflow/.local/lib/python3.12/site-packages/airflow/example_dags/tutorial.py
[2024-04-21T15:15:14.012+0000] {processor.py:840} INFO - DAG(s) 'tutorial' retrieved from /home/airflow/.local/lib/python3.12/site-packages/airflow/example_dags/tutorial.py
[2024-04-21T15:15:14.024+0000] {logging_mixin.py:188} INFO - [2024-04-21T15:15:14.024+0000] {dag.py:3096} INFO - Sync 1 DAGs
[2024-04-21T15:15:14.033+0000] {logging_mixin.py:188} INFO - [2024-04-21T15:15:14.033+0000] {dag.py:3954} INFO - Setting next_dagrun for tutorial to 2024-04-20 00:00:00+00:00, run_after=2024-04-21 00:00:00+00:00
[2024-04-21T15:15:14.040+0000] {processor.py:183} INFO - Processing /home/airflow/.local/lib/python3.12/site-packages/airflow/example_dags/tutorial.py took 0.037 seconds
[2024-04-21T15:15:44.185+0000] {processor.py:161} INFO - Started process (PID=15570) to work on /home/airflow/.local/lib/python3.12/site-packages/airflow/example_dags/tutorial.py
[2024-04-21T15:15:44.185+0000] {processor.py:830} INFO - Processing file /home/airflow/.local/lib/python3.12/site-packages/airflow/example_dags/tutorial.py for tasks to queue
[2024-04-21T15:15:44.186+0000] {logging_mixin.py:188} INFO - [2024-04-21T15:15:44.186+0000] {dagbag.py:540} INFO - Filling up the DagBag from /home/airflow/.local/lib/python3.12/site-packages/airflow/example_dags/tutorial.py
[2024-04-21T15:15:44.189+0000] {processor.py:840} INFO - DAG(s) 'tutorial' retrieved from /home/airflow/.local/lib/python3.12/site-packages/airflow/example_dags/tutorial.py
[2024-04-21T15:15:44.202+0000] {logging_mixin.py:188} INFO - [2024-04-21T15:15:44.201+0000] {dag.py:3096} INFO - Sync 1 DAGs
[2024-04-21T15:15:44.211+0000] {logging_mixin.py:188} INFO - [2024-04-21T15:15:44.211+0000] {dag.py:3954} INFO - Setting next_dagrun for tutorial to 2024-04-20 00:00:00+00:00, run_after=2024-04-21 00:00:00+00:00
[2024-04-21T15:15:44.218+0000] {processor.py:183} INFO - Processing /home/airflow/.local/lib/python3.12/site-packages/airflow/example_dags/tutorial.py took 0.037 seconds
[2024-04-21T15:16:14.470+0000] {processor.py:161} INFO - Started process (PID=15839) to work on /home/airflow/.local/lib/python3.12/site-packages/airflow/example_dags/tutorial.py
[2024-04-21T15:16:14.471+0000] {processor.py:830} INFO - Processing file /home/airflow/.local/lib/python3.12/site-packages/airflow/example_dags/tutorial.py for tasks to queue
[2024-04-21T15:16:14.472+0000] {logging_mixin.py:188} INFO - [2024-04-21T15:16:14.472+0000] {dagbag.py:540} INFO - Filling up the DagBag from /home/airflow/.local/lib/python3.12/site-packages/airflow/example_dags/tutorial.py
[2024-04-21T15:16:14.475+0000] {processor.py:840} INFO - DAG(s) 'tutorial' retrieved from /home/airflow/.local/lib/python3.12/site-packages/airflow/example_dags/tutorial.py
[2024-04-21T15:16:14.488+0000] {logging_mixin.py:188} INFO - [2024-04-21T15:16:14.488+0000] {dag.py:3096} INFO - Sync 1 DAGs
[2024-04-21T15:16:14.498+0000] {logging_mixin.py:188} INFO - [2024-04-21T15:16:14.498+0000] {dag.py:3954} INFO - Setting next_dagrun for tutorial to 2024-04-20 00:00:00+00:00, run_after=2024-04-21 00:00:00+00:00
[2024-04-21T15:16:14.505+0000] {processor.py:183} INFO - Processing /home/airflow/.local/lib/python3.12/site-packages/airflow/example_dags/tutorial.py took 0.038 seconds
[2024-04-21T15:16:44.707+0000] {processor.py:161} INFO - Started process (PID=16107) to work on /home/airflow/.local/lib/python3.12/site-packages/airflow/example_dags/tutorial.py
[2024-04-21T15:16:44.707+0000] {processor.py:830} INFO - Processing file /home/airflow/.local/lib/python3.12/site-packages/airflow/example_dags/tutorial.py for tasks to queue
[2024-04-21T15:16:44.709+0000] {logging_mixin.py:188} INFO - [2024-04-21T15:16:44.708+0000] {dagbag.py:540} INFO - Filling up the DagBag from /home/airflow/.local/lib/python3.12/site-packages/airflow/example_dags/tutorial.py
[2024-04-21T15:16:44.712+0000] {processor.py:840} INFO - DAG(s) 'tutorial' retrieved from /home/airflow/.local/lib/python3.12/site-packages/airflow/example_dags/tutorial.py
[2024-04-21T15:16:44.725+0000] {logging_mixin.py:188} INFO - [2024-04-21T15:16:44.725+0000] {dag.py:3096} INFO - Sync 1 DAGs
[2024-04-21T15:16:44.736+0000] {logging_mixin.py:188} INFO - [2024-04-21T15:16:44.735+0000] {dag.py:3954} INFO - Setting next_dagrun for tutorial to 2024-04-20 00:00:00+00:00, run_after=2024-04-21 00:00:00+00:00
[2024-04-21T15:16:44.743+0000] {processor.py:183} INFO - Processing /home/airflow/.local/lib/python3.12/site-packages/airflow/example_dags/tutorial.py took 0.039 seconds
[2024-04-21T15:17:14.812+0000] {processor.py:161} INFO - Started process (PID=16372) to work on /home/airflow/.local/lib/python3.12/site-packages/airflow/example_dags/tutorial.py
[2024-04-21T15:17:14.812+0000] {processor.py:830} INFO - Processing file /home/airflow/.local/lib/python3.12/site-packages/airflow/example_dags/tutorial.py for tasks to queue
[2024-04-21T15:17:14.813+0000] {logging_mixin.py:188} INFO - [2024-04-21T15:17:14.813+0000] {dagbag.py:540} INFO - Filling up the DagBag from /home/airflow/.local/lib/python3.12/site-packages/airflow/example_dags/tutorial.py
[2024-04-21T15:17:14.816+0000] {processor.py:840} INFO - DAG(s) 'tutorial' retrieved from /home/airflow/.local/lib/python3.12/site-packages/airflow/example_dags/tutorial.py
[2024-04-21T15:17:14.829+0000] {logging_mixin.py:188} INFO - [2024-04-21T15:17:14.829+0000] {dag.py:3096} INFO - Sync 1 DAGs
[2024-04-21T15:17:14.838+0000] {logging_mixin.py:188} INFO - [2024-04-21T15:17:14.838+0000] {dag.py:3954} INFO - Setting next_dagrun for tutorial to 2024-04-20 00:00:00+00:00, run_after=2024-04-21 00:00:00+00:00
[2024-04-21T15:17:14.846+0000] {processor.py:183} INFO - Processing /home/airflow/.local/lib/python3.12/site-packages/airflow/example_dags/tutorial.py took 0.037 seconds
[2024-04-21T15:17:44.989+0000] {processor.py:161} INFO - Started process (PID=16639) to work on /home/airflow/.local/lib/python3.12/site-packages/airflow/example_dags/tutorial.py
[2024-04-21T15:17:44.990+0000] {processor.py:830} INFO - Processing file /home/airflow/.local/lib/python3.12/site-packages/airflow/example_dags/tutorial.py for tasks to queue
[2024-04-21T15:17:44.990+0000] {logging_mixin.py:188} INFO - [2024-04-21T15:17:44.990+0000] {dagbag.py:540} INFO - Filling up the DagBag from /home/airflow/.local/lib/python3.12/site-packages/airflow/example_dags/tutorial.py
[2024-04-21T15:17:44.994+0000] {processor.py:840} INFO - DAG(s) 'tutorial' retrieved from /home/airflow/.local/lib/python3.12/site-packages/airflow/example_dags/tutorial.py
[2024-04-21T15:17:45.006+0000] {logging_mixin.py:188} INFO - [2024-04-21T15:17:45.006+0000] {dag.py:3096} INFO - Sync 1 DAGs
[2024-04-21T15:17:45.015+0000] {logging_mixin.py:188} INFO - [2024-04-21T15:17:45.015+0000] {dag.py:3954} INFO - Setting next_dagrun for tutorial to 2024-04-20 00:00:00+00:00, run_after=2024-04-21 00:00:00+00:00
[2024-04-21T15:17:45.023+0000] {processor.py:183} INFO - Processing /home/airflow/.local/lib/python3.12/site-packages/airflow/example_dags/tutorial.py took 0.037 seconds
[2024-04-21T15:18:15.108+0000] {processor.py:161} INFO - Started process (PID=16906) to work on /home/airflow/.local/lib/python3.12/site-packages/airflow/example_dags/tutorial.py
[2024-04-21T15:18:15.108+0000] {processor.py:830} INFO - Processing file /home/airflow/.local/lib/python3.12/site-packages/airflow/example_dags/tutorial.py for tasks to queue
[2024-04-21T15:18:15.109+0000] {logging_mixin.py:188} INFO - [2024-04-21T15:18:15.109+0000] {dagbag.py:540} INFO - Filling up the DagBag from /home/airflow/.local/lib/python3.12/site-packages/airflow/example_dags/tutorial.py
[2024-04-21T15:18:15.112+0000] {processor.py:840} INFO - DAG(s) 'tutorial' retrieved from /home/airflow/.local/lib/python3.12/site-packages/airflow/example_dags/tutorial.py
[2024-04-21T15:18:15.125+0000] {logging_mixin.py:188} INFO - [2024-04-21T15:18:15.125+0000] {dag.py:3096} INFO - Sync 1 DAGs
[2024-04-21T15:18:15.134+0000] {logging_mixin.py:188} INFO - [2024-04-21T15:18:15.134+0000] {dag.py:3954} INFO - Setting next_dagrun for tutorial to 2024-04-20 00:00:00+00:00, run_after=2024-04-21 00:00:00+00:00
[2024-04-21T15:18:15.142+0000] {processor.py:183} INFO - Processing /home/airflow/.local/lib/python3.12/site-packages/airflow/example_dags/tutorial.py took 0.037 seconds
[2024-04-21T15:18:45.195+0000] {processor.py:161} INFO - Started process (PID=17172) to work on /home/airflow/.local/lib/python3.12/site-packages/airflow/example_dags/tutorial.py
[2024-04-21T15:18:45.195+0000] {processor.py:830} INFO - Processing file /home/airflow/.local/lib/python3.12/site-packages/airflow/example_dags/tutorial.py for tasks to queue
[2024-04-21T15:18:45.196+0000] {logging_mixin.py:188} INFO - [2024-04-21T15:18:45.196+0000] {dagbag.py:540} INFO - Filling up the DagBag from /home/airflow/.local/lib/python3.12/site-packages/airflow/example_dags/tutorial.py
[2024-04-21T15:18:45.199+0000] {processor.py:840} INFO - DAG(s) 'tutorial' retrieved from /home/airflow/.local/lib/python3.12/site-packages/airflow/example_dags/tutorial.py
[2024-04-21T15:18:45.211+0000] {logging_mixin.py:188} INFO - [2024-04-21T15:18:45.211+0000] {dag.py:3096} INFO - Sync 1 DAGs
[2024-04-21T15:18:45.221+0000] {logging_mixin.py:188} INFO - [2024-04-21T15:18:45.220+0000] {dag.py:3954} INFO - Setting next_dagrun for tutorial to 2024-04-20 00:00:00+00:00, run_after=2024-04-21 00:00:00+00:00
[2024-04-21T15:18:45.228+0000] {processor.py:183} INFO - Processing /home/airflow/.local/lib/python3.12/site-packages/airflow/example_dags/tutorial.py took 0.036 seconds
[2024-04-21T15:19:16.102+0000] {processor.py:161} INFO - Started process (PID=17441) to work on /home/airflow/.local/lib/python3.12/site-packages/airflow/example_dags/tutorial.py
[2024-04-21T15:19:16.102+0000] {processor.py:830} INFO - Processing file /home/airflow/.local/lib/python3.12/site-packages/airflow/example_dags/tutorial.py for tasks to queue
[2024-04-21T15:19:16.103+0000] {logging_mixin.py:188} INFO - [2024-04-21T15:19:16.103+0000] {dagbag.py:540} INFO - Filling up the DagBag from /home/airflow/.local/lib/python3.12/site-packages/airflow/example_dags/tutorial.py
[2024-04-21T15:19:16.107+0000] {processor.py:840} INFO - DAG(s) 'tutorial' retrieved from /home/airflow/.local/lib/python3.12/site-packages/airflow/example_dags/tutorial.py
[2024-04-21T15:19:16.120+0000] {logging_mixin.py:188} INFO - [2024-04-21T15:19:16.120+0000] {dag.py:3096} INFO - Sync 1 DAGs
[2024-04-21T15:19:16.129+0000] {logging_mixin.py:188} INFO - [2024-04-21T15:19:16.129+0000] {dag.py:3954} INFO - Setting next_dagrun for tutorial to 2024-04-20 00:00:00+00:00, run_after=2024-04-21 00:00:00+00:00
[2024-04-21T15:19:16.137+0000] {processor.py:183} INFO - Processing /home/airflow/.local/lib/python3.12/site-packages/airflow/example_dags/tutorial.py took 0.039 seconds
[2024-04-21T15:19:46.265+0000] {processor.py:161} INFO - Started process (PID=17708) to work on /home/airflow/.local/lib/python3.12/site-packages/airflow/example_dags/tutorial.py
[2024-04-21T15:19:46.266+0000] {processor.py:830} INFO - Processing file /home/airflow/.local/lib/python3.12/site-packages/airflow/example_dags/tutorial.py for tasks to queue
[2024-04-21T15:19:46.267+0000] {logging_mixin.py:188} INFO - [2024-04-21T15:19:46.267+0000] {dagbag.py:540} INFO - Filling up the DagBag from /home/airflow/.local/lib/python3.12/site-packages/airflow/example_dags/tutorial.py
[2024-04-21T15:19:46.270+0000] {processor.py:840} INFO - DAG(s) 'tutorial' retrieved from /home/airflow/.local/lib/python3.12/site-packages/airflow/example_dags/tutorial.py
[2024-04-21T15:19:46.283+0000] {logging_mixin.py:188} INFO - [2024-04-21T15:19:46.283+0000] {dag.py:3096} INFO - Sync 1 DAGs
[2024-04-21T15:19:46.292+0000] {logging_mixin.py:188} INFO - [2024-04-21T15:19:46.292+0000] {dag.py:3954} INFO - Setting next_dagrun for tutorial to 2024-04-20 00:00:00+00:00, run_after=2024-04-21 00:00:00+00:00
[2024-04-21T15:19:46.300+0000] {processor.py:183} INFO - Processing /home/airflow/.local/lib/python3.12/site-packages/airflow/example_dags/tutorial.py took 0.038 seconds
[2024-04-21T15:20:16.445+0000] {processor.py:161} INFO - Started process (PID=17975) to work on /home/airflow/.local/lib/python3.12/site-packages/airflow/example_dags/tutorial.py
[2024-04-21T15:20:16.446+0000] {processor.py:830} INFO - Processing file /home/airflow/.local/lib/python3.12/site-packages/airflow/example_dags/tutorial.py for tasks to queue
[2024-04-21T15:20:16.447+0000] {logging_mixin.py:188} INFO - [2024-04-21T15:20:16.446+0000] {dagbag.py:540} INFO - Filling up the DagBag from /home/airflow/.local/lib/python3.12/site-packages/airflow/example_dags/tutorial.py
[2024-04-21T15:20:16.450+0000] {processor.py:840} INFO - DAG(s) 'tutorial' retrieved from /home/airflow/.local/lib/python3.12/site-packages/airflow/example_dags/tutorial.py
[2024-04-21T15:20:16.463+0000] {logging_mixin.py:188} INFO - [2024-04-21T15:20:16.463+0000] {dag.py:3096} INFO - Sync 1 DAGs
[2024-04-21T15:20:16.472+0000] {logging_mixin.py:188} INFO - [2024-04-21T15:20:16.472+0000] {dag.py:3954} INFO - Setting next_dagrun for tutorial to 2024-04-20 00:00:00+00:00, run_after=2024-04-21 00:00:00+00:00
[2024-04-21T15:20:16.479+0000] {processor.py:183} INFO - Processing /home/airflow/.local/lib/python3.12/site-packages/airflow/example_dags/tutorial.py took 0.037 seconds
