[2024-04-21T15:07:28.366+0000] {local_task_job_runner.py:120} INFO - ::group::Pre task execution logs
[2024-04-21T15:07:28.374+0000] {taskinstance.py:2073} INFO - Dependencies all met for dep_context=non-requeueable deps ti=<TaskInstance: api_dag.is_api_active manual__2024-04-21T15:07:27.234705+00:00 [queued]>
[2024-04-21T15:07:28.377+0000] {taskinstance.py:2073} INFO - Dependencies all met for dep_context=requeueable deps ti=<TaskInstance: api_dag.is_api_active manual__2024-04-21T15:07:27.234705+00:00 [queued]>
[2024-04-21T15:07:28.377+0000] {taskinstance.py:2303} INFO - Starting attempt 1 of 1
[2024-04-21T15:07:28.381+0000] {taskinstance.py:2327} INFO - Executing <Task(HttpSensor): is_api_active> on 2024-04-21 15:07:27.234705+00:00
[2024-04-21T15:07:28.387+0000] {logging_mixin.py:188} WARNING - /home/***/.local/lib/python3.12/site-packages/***/task/task_runner/standard_task_runner.py:61 DeprecationWarning: This process (pid=11152) is multi-threaded, use of fork() may lead to deadlocks in the child.
[2024-04-21T15:07:28.388+0000] {standard_task_runner.py:63} INFO - Started process 11154 to run task
[2024-04-21T15:07:28.387+0000] {standard_task_runner.py:90} INFO - Running: ['***', 'tasks', 'run', 'api_dag', 'is_api_active', 'manual__2024-04-21T15:07:27.234705+00:00', '--job-id', '15', '--raw', '--subdir', 'DAGS_FOLDER/api_dag.py', '--cfg-path', '/tmp/tmpac4frrey']
[2024-04-21T15:07:28.388+0000] {standard_task_runner.py:91} INFO - Job 15: Subtask is_api_active
[2024-04-21T15:07:28.412+0000] {task_command.py:426} INFO - Running <TaskInstance: api_dag.is_api_active manual__2024-04-21T15:07:27.234705+00:00 [running]> on host ab82a25ab903
[2024-04-21T15:07:28.451+0000] {taskinstance.py:2644} INFO - Exporting env vars: AIRFLOW_CTX_DAG_OWNER='***' AIRFLOW_CTX_DAG_ID='api_dag' AIRFLOW_CTX_TASK_ID='is_api_active' AIRFLOW_CTX_EXECUTION_DATE='2024-04-21T15:07:27.234705+00:00' AIRFLOW_CTX_TRY_NUMBER='1' AIRFLOW_CTX_DAG_RUN_ID='manual__2024-04-21T15:07:27.234705+00:00'
[2024-04-21T15:07:28.452+0000] {taskinstance.py:430} INFO - ::endgroup::
[2024-04-21T15:07:28.452+0000] {baseoperator.py:399} WARNING - HttpSensor.execute cannot be called outside TaskInstance!
[2024-04-21T15:07:28.452+0000] {http.py:137} INFO - Poking: posts/
[2024-04-21T15:07:28.457+0000] {base.py:84} INFO - Using connection ID 'api_posts' for task execution.
[2024-04-21T15:07:29.143+0000] {base.py:294} INFO - Success criteria met. Exiting.
[2024-04-21T15:07:29.145+0000] {taskinstance.py:441} INFO - ::group::Post task execution logs
[2024-04-21T15:07:29.166+0000] {taskinstance.py:1205} INFO - Marking task as SUCCESS. dag_id=api_dag, task_id=is_api_active, execution_date=20240421T150727, start_date=20240421T150728, end_date=20240421T150729
[2024-04-21T15:07:29.206+0000] {local_task_job_runner.py:240} INFO - Task exited with return code 0
[2024-04-21T15:07:29.221+0000] {logging_mixin.py:188} WARNING - /home/***/.local/lib/python3.12/site-packages/***/models/baseoperator.py:1296 AirflowProviderDeprecationWarning: Call to deprecated class SimpleHttpOperator. (Class `SimpleHttpOperator` is deprecated and will be removed in a future release. Please use `HttpOperator` instead.)
[2024-04-21T15:07:29.234+0000] {taskinstance.py:3482} INFO - 1 downstream tasks scheduled from follow-on schedule check
[2024-04-21T15:07:29.235+0000] {local_task_job_runner.py:222} INFO - ::endgroup::
